cache_lines,MRC
256,0.0840708
512,0.07636852984865503
768,0.06712916452020055
1024,0.06073978609756944
1280,0.05642617892750032
1536,0.05614445511874848
1792,0.05610624816405933
2048,0.05563139029863708
2304,0.05553188427378732
2560,0.05545169165460461
2816,0.05530348225894232
3072,0.05515905157308444
3328,0.05513092117787376
3584,0.052986713292187265
3840,0.05289056612049699
4096,0.05285025988258316
4352,0.0528141522111187
4608,0.05274025744161002
4864,0.052689034930927865
5120,0.052636972706955845
5376,0.05258994876272305
5632,0.0525328482590118
5888,0.05245895348950312
6144,0.05242074653481397
6400,0.05235440918491414
6656,0.05224860531039034
6912,0.05220703950254171
7168,0.05215119856876526
7424,0.052056730823654744
7680,0.052006767882907395
7936,0.05195428580229043
8192,0.051873253469817845
8448,0.05180901540314269
8704,0.05173931920008337
8960,0.05168893640269109
9216,0.05162217919614632
9472,0.051534429157354754
9728,0.05149538248937575
9984,0.051442900408758784
10240,0.05135263123009761
10496,0.051312324992183786
10752,0.05126572090459593
11008,0.05119224599173218
11264,0.05114228305098484
11520,0.05108266340740397
11776,0.051046555735939504
12032,0.05101548634421427
12288,0.050978538959459925
12544,0.05097014182656121
12800,0.05095754612721314
13056,0.050603187118887435
13312,0.048357373925126505
13568,0.048277181305943793
13824,0.048270043742979885
14080,0.04826584517653052
14336,0.048250310480667906
14592,0.04824653177086348
14848,0.04823813463796477
15104,0.04822343965539202
15360,0.048211263812688886
15616,0.04818733198392756
15872,0.04818187384754339
16128,0.04817767528109403
16384,0.048163400155166215
16640,0.04816172072858648
16896,0.04814954488588335
17152,0.04814114775298463
17408,0.04813820875647008
17664,0.048121414490672657
17920,0.048118475494158104
18176,0.04811049821790432
18432,0.048098742231846126
18688,0.04809664294862145
18944,0.0480832075359835
19200,0.048079008969534154
19456,0.0480748104030848
19712,0.04805969556386711
19968,0.04805759628064243
20224,0.04804626015122916
20480,0.04803870273162032
20736,0.04803534387846083
20992,0.04801561061614886
21248,0.048007633339895085
21504,0.047997136923771694
21760,0.047985800794358435
22016,0.04798412136777869
22272,0.04797068595514074
22528,0.04796648738869139
22784,0.047961029252307226
23040,0.04794759383966928
23296,0.04794591441308954
23552,0.047934158427031345
23808,0.047927020864067436
24064,0.047924081867552884
24320,0.04790854717169026
24576,0.04790476846188584
24832,0.04788923376602322
25088,0.047857744517653046
25344,0.04785018709804421
25600,0.04783507225882653
25856,0.047830873692377165
26112,0.04782499569934806
26368,0.0478124
26624,0.04781076130849898
26880,0.04779765177649084
27136,0.04779109701048677
27392,0.04778700028173423
27648,0.047771842385349816
27904,0.04776938434809829
28160,0.04775914252621693
28416,0.04775053939583659
28672,0.04774726201283455
28928,0.047732104116450146
29184,0.04772882673344811
29440,0.04772227196744404
29696,0.04770957210831116
29952,0.04770752374393488
30208,0.047693594866176234
30464,0.047688678791673184
30720,0.04768376271717013
30976,0.04766942416653623
31232,0.047666966129284706
31488,0.04765426627015182
31744,0.0476473018312725
32000,0.04764402444827046
32256,0.047630095570511816
32512,0.047627227860385035
32768,0.04761739571137893
33024,0.04760797323524808
33280,0.04735438572546564
33536,0.04715200732509
33792,0.04714627190483644
34048,0.047136439755830324
34304,0.04712373989669745
34560,0.04711923349506964
34816,0.047102436907184214
35072,0.047096291814055405
35328,0.04708686933792455
35584,0.04707253078729065
35840,0.04706802438566285
36096,0.04705286648927844
36352,0.04704549237752386
36608,0.04703770859289404
36864,0.04702214102363437
37120,0.04701763462200657
37376,0.04700329607137267
37632,0.04699469294099232
37888,0.046987728502113
38144,0.0469733899514791
38400,0.04696929322272656
38656,0.046529304554703395
38912,0.046423608952887774
39168,0.046200337235874155
39424,0.04587218926279543
39680,0.045863586132415084
39936,0.04584719921740491
40192,0.045834089685396776
40448,0.04582384786351541
40704,0.045801315855376425
40960,0.04578779665049303
41216,0.04576772267960557
41472,0.04575584216622319
41728,0.04574560034434184
41984,0.04572716506495539
42240,0.0457189716074503
42496,0.04570176534668962
42752,0.04569111385193301
43008,0.0456804623571764
43264,0.04566202707778995
43520,0.04565383362028486
43776,0.04563539834089842
44032,0.04562515651901706
44288,0.04561327600563468
44544,0.04559688909062451
44800,0.04558992465174519
45056,0.04557067002660823
45312,0.04556165722335263
45568,0.0455485476913445
45824,0.045533389794960084
46080,0.04552478666457974
46336,0.04550676105806856
46592,0.045498157927688215
46848,0.04548340970417906
47104,0.045469071153545156
47360,0.045459648677414304
47616,0.045440803725152606
47872,0.04543301994052277
48128,0.0454166330255126
48384,0.0454022944748787
48640,0.04539287199874784
48896,0.0453744367193614
49152,0.04536665293473157
49408,0.0453502660197214
49664,0.04533838550633902
49920,0.0453269146658319
50176,0.045308889059320706
50432,0.045301514947566124
50688,0.04528348934105494
50944,0.045274066864924085
51200,0.04526177667866645
51456,0.045245799436531536
51712,0.045238015651901706
51968,0.04521876102676475
52224,0.0452093385506339
52480,0.045195
52736,0.04518223151718357
52992,0.04517410611902766
53248,0.04515553378038558
53504,0.04514779530595139
53760,0.045132318357082986
54016,0.04512071064543168
54272,0.04511181139983235
54528,0.0450940129086337
54784,0.04508666135792121
55040,0.045070023637887674
55296,0.04505996362112322
55552,0.04504951668063705
55808,0.04503171818943839
56064,0.04502359279128248
56320,0.04500540737636211
56576,0.044995734283319364
56832,0.0449818050293378
57088,0.04496671500419111
57344,0.04495897652975692
57600,0.044942338809723384
57856,0.04493460033528918
58112,0.044919897233864206
58368,0.04490635490360436
58624,0.04489706873428331
58880,0.044880431014249794
59136,0.04487269253981559
59392,0.044854120201173506
59648,0.04483864325230511
59904,0.04482316630343671
60160,0.04480691550712489
60416,0.0447991770326907
60672,0.044781765465213744
60928,0.04477325314333613
61184,0.044760871584241406
61440,0.044746942330259845
61696,0.04473765616093881
61952,0.04471985766974015
62208,0.04471250611902766
62464,0.04469973763621123
62720,0.04468735607711651
62976,0.04467613528918692
63232,0.04466220603520536
63488,0.04465291986588432
63744,0.044633186756077116
64000,0.04462351366303437
64256,0.044611132103939646
64512,0.04459642900251467
64768,0.044586368985750205
65024,0.04457011818943839
65280,0.04456005817267393
65536,0.04454535507124895
65792,0.04453219966471081
66048,0.04452175272422464
66304,0.044507436546521374
66560,0.04449737652975692
66816,0.044480351886001676
67072,0.04447029186923722
67328,0.04445829723386421
67584,0.04444204643755239
67840,0.0444308256496228
68096,0.04441573562447611
68352,0.04440567560771165
68608,0.044389037887678125
68864,0.04437588248113999
69120,0.044363887845766975
69376,0.04434725012573344
69632,0.044337190108968985
69888,0.04432055238893546
70144,0.04430933160100587
70400,0.044296563118189435
70656,0.04428147309304275
70912,0.04427063922883487
71168,0.04425516227996647
71424,0.044244328415758594
71680,0.04422807761944677
71936,0.04421646990779547
72192,0.04420524911986588
72448,0.04418861139983235
72704,0.04417739061190276
72960,0.044160752891869236
73216,0.04415030595138307
73472,0.044135602849958086
73728,0.04411548281642917
73984,0.04410232740989103
74240,0.044084915842414085
74496,0.044074081978206205
74752,0.044053575020955575
75008,0.04403848499580888
75264,0.0440233949706622
75520,0.04400598340318525
75776,0.04399360184409053
76032,0.043976964124057
76288,0.04396458256496228
76544,0.043946397150041915
76800,0.04393130712489522
77056,0.04391699094719195
77312,0.043898031684828163
77568,0.04388603704945516
77824,0.04386514316848282
78080,0.04384773160100587
78336,0.04382722464375524
78592,0.0438102
78848,0.043795717097814754
79104,0.043777510020781875
79360,0.04376509610462309
79616,0.04374399244715316
79872,0.04372950954496792
80128,0.0437133714539615
80384,0.0436964057685445
80640,0.04368275046076984
80896,0.04366330199212108
81152,0.04365171567037288
81408,0.043634336187750596
81664,0.04362068087997593
81920,0.04360619797779068
82176,0.04358923229237368
82432,0.043578059767830774
82688,0.043559025096387316
82944,0.04354785257184441
83200,0.043532128278043286
83456,0.04351805917306333
83712,0.043506472851315134
83968,0.04349074855751402
84224,0.043479989830176397
84480,0.043465093130785865
84736,0.043453093011832374
84992,0.04343943770405771
85248,0.04342660999069364
85504,0.043416265060561315
85760,0.043398471780733736
86016,0.043384816472959074
86272,0.04330743639556933
86528,0.04273308587462302
86784,0.04224604656399348
87040,0.04222287392049708
87296,0.042188528752457786
87552,0.04216411471734552
87808,0.041658868329683095
88064,0.04102381375872034
88320,0.041008792920168215
88576,0.04099323414524921
88832,0.04098094436825201
89088,0.040970682197560754
89344,0.04095963381217944
89600,0.04094908198344448
89856,0.040937950838622096
90112,0.040927523149048725
90368,0.0409154816503747
90624,0.040904433264993385
90880,0.04089495730899219
91136,0.04088527445438833
91392,0.040875136422858664
91648,0.04086619840322434
91904,0.04085697072554631
92160,0.040846625795413996
92416,0.040831480817700286
92672,0.04075724559907076
92928,0.0402724407933498
93184,0.03903353196070337
93440,0.03852377518350325
93696,0.038492905911988416
93952,0.03848173338744551
94208,0.0384702712048589
94464,0.038459098680315995
94720,0.03844490543617446
94976,0.038430546673150795
95232,0.03841573273320132
95488,0.03840050499604655
95744,0.03838639451134607
96000,0.03837195298888135
96256,0.038357428706975574
96512,0.03834158027401287
96768,0.03832664219490179
97024,0.03831273860880396
97280,0.038299083301029296
97536,0.038284393500241404
97792,0.038270448534423046
98048,0.03825675184692785
98304,0.038242144805581024
98560,0.03822757914395472
98816,0.03821293072288735
99072,0.03819848920042264
99328,0.038183758019914214
99584,0.038168613042200504
99840,0.03815413014001526
100096,0.03814026793363795
100352,0.03812479191816
100608,0.038109977978210516
100864,0.038094833000496806
101120,0.038080350098311566
101376,0.038066280993331605
101632,0.03805163257226425
101888,0.03803868071973858
102144,0.03802568748749239
102400,0.03801335633077467
102656,0.03800032171880795
102912,0.03798790780264917
103168,0.03797462491235927
103424,0.037961797198995194
103680,0.03794776947373577
103936,0.037934900380651164
104192,0.03792198990784604
104448,0.0379097828902899
104704,0.0378965
104960,0.037882721774814054
105216,0.0378681526545268
105472,0.037853833290587335
105728,0.037838639779430625
105984,0.03782219748653501
106240,0.037807003975378305
106496,0.037791976968453454
106752,0.037776367196717106
107008,0.03775988327776353
107264,0.037744773018722755
107520,0.03772899674275455
107776,0.03771272095409079
108032,0.037696528417542965
108288,0.037680877019748656
108544,0.03766443472685305
108800,0.037649241215696336
109056,0.03763238266222108
109312,0.037616356629905104
109568,0.03759974783277764
109824,0.03758347204411388
110080,0.03756665511669659
110336,0.037551336727366
110592,0.037534436547832783
110848,0.03751716173377789
111104,0.037500677814824315
111360,0.037485567555783535
111616,0.03746987453193126
111872,0.0374532657348038
112128,0.03743719807642985
112384,0.0374209222877661
112640,0.0374042302385227
112896,0.037387454937163375
113152,0.03737117914849961
113408,0.03735423734290844
113664,0.03733841944088228
113920,0.03732185226981277
114176,0.03730503534239549
114432,0.03728809353680431
114688,0.0372715263657348
114944,0.03725479269043345
115200,0.03723726812003078
115456,0.03721999330597589
115712,0.037203051500384714
115968,0.037186650833547066
116224,0.03717166545268017
116480,0.03715647194152347
116736,0.037140862169787126
116992,0.03712708394460118
117248,0.03711442962298025
117504,0.037102774326750444
117760,0.037092034803795845
118016,0.03708179479353681
118272,0.03707192941779944
118528,0.03706252192869967
118784,0.03705232354449859
119040,0.03704191703000769
119296,0.03703155214157476
119552,0.037021520261605545
119808,0.03701136350346242
120064,0.03700099861502949
120320,0.036990675352654524
120576,0.03698080997691716
120832,0.03697123598358554
121088,0.0369614538599641
121344,0.03695167173634265
121600,0.036941931238779174
121856,0.03693231561938959
122112,0.03692140959220313
122368,0.03691054519107463
122624,0.03690030518081559
122880,0.03689039817902026
123136,0.03688061605539882
123392,0.036870917183893306
123648,0.03686038579122852
123904,0.03684977114644781
124160,0.03683936463195692
124416,0.036830415029494745
124672,0.036821049166452936
124928,0.03681130866888946
125184,0.03680102703257245
125440,0.03679066214413952
125696,0.03677746668376507
125952,0.036760400000000006
126208,0.036742750551423446
126464,0.03672585037189023
126720,0.036709324826878685
126976,0.036691633752244164
127232,0.03667415080789946
127488,0.03665704249807643
127744,0.036640849961528596
128000,0.03662340864324186
128256,0.036605467812259554
128512,0.03658715234675558
128768,0.03657037704539626
129024,0.036553684996152865
129280,0.03653703457296743
129536,0.036520384149781995
129792,0.03650331746601693
130048,0.036486125904077966
130304,0.03646918409848679
130560,0.03645261692741729
130816,0.0364358
131072,0.036419679810380454
131328,0.036403714622584175
131584,0.03638774943478789
131840,0.03637170674607998
132096,0.03635500529962319
132352,0.03633907886228273
132608,0.03632326867630971
132864,0.036307148486690165
133120,0.03629005953567522
133376,0.036273978096511485
133632,0.036258865418743166
133888,0.036242241473198
134144,0.03622523002309468
134400,0.036208257323447186
134656,0.036192137133827636
134912,0.03617539693691504
135168,0.03615900549410478
135424,0.03614319530813176
135680,0.036126881366233134
135936,0.03611010241886471
136192,0.036093284721040474
136448,0.036077319533244195
136704,0.03606077308861067
136960,0.0360443428953446
137216,0.03602826145618087
137472,0.036011366257445
137728,0.03599454855962076
137984,0.03597796336453142
138240,0.035962385681293306
138496,0.03594576173574815
138752,0.035928789036100646
139008,0.03591173883554151
139264,0.03589557989546615
139520,0.035879149702200075
139776,0.03586252575665492
140032,0.03584590181110976
140288,0.03582997537376929
140544,0.03581358393095904
140800,0.03579618497629756
141056,0.03577882477209189
141312,0.0357621233256351
141568,0.035745731882824844
141824,0.03572875918317734
142080,0.035712135237632184
142336,0.03569555004254285
142592,0.035678926096997694
142848,0.035661488391880394
143104,0.035644786945423605
143360,0.035627039236659774
143616,0.0356051064786678
143872,0.035581584951987356
144128,0.035557520918925486
144384,0.03553306938130546
144640,0.035508540342773794
144896,0.03548486381427009
145152,0.03546110978485474
145408,0.03543669699769053
145664,0.03540573538349337
145920,0.03537465751792877
146176,0.03534357965236417
146432,0.03531149427494834
146688,0.03528006765528139
146944,0.03524860228515862
147200,0.03521686566184514
147456,0.03518532279081074
147712,0.035153508666585634
147968,0.03512157829099307
148224,0.035089764166767956
148480,0.0350573687857056
148736,0.035025593411936305
148992,0.03499408929135773
149248,0.03496188766257445
149504,0.034930964798833106
149760,0.03490368447793849
150016,0.034879465443053356
150272,0.03485451014950772
150528,0.03483029111462258
150784,0.03480638208338398
151040,0.034782356800777924
151296,0.03475627774401361
151552,0.03473178745593777
151808,0.034707529670596815
152064,0.034682729378874434
152320,0.034658084088975326
152576,0.034633400048620394
152832,0.03460929726510271
153088,0.03458620199343625
153344,0.03456167295490458
153600,0.03453780267412179
153856,0.03451420364652972
154112,0.03449064336939346
154368,0.03446692809043393
154624,0.034442902807827885
154880,0.034418838774766015
155136,0.0343951622462623
155392,0.03437156321867023
155648,0.034347189181961835
155904,0.03431952135650906
156160,0.03428487844900936
156416,0.03425600935942628
156672,0.03422931029536891
156928,0.0342042
157184,0.03417494970929631
157440,0.034146633932672615
157696,0.034116729482112924
157952,0.03408654467732925
158208,0.03405776164366556
158464,0.03402883843288986
158720,0.03399972831929817
158976,0.033970431302890486
159232,0.0339409006579628
159488,0.033911603641555106
159744,0.03388272715648342
160000,0.03385417775133972
160256,0.03382595542612402
160512,0.033797873278020314
160768,0.03377025838695661
161024,0.03374180243322091
161280,0.03371199143406923
161536,0.03368250751484554
161792,0.03365391138399785
162048,0.033625689058782146
162304,0.03359727983075045
162560,0.033567422105894765
162816,0.03353784473526308
163072,0.03350854771885539
163328,0.0334792974281517
163584,0.03344957988040802
163840,0.03342070339533633
164096,0.033392481070120626
164352,0.03336393166497693
164608,0.033334354294345246
164864,0.033305290906457556
165120,0.03327515282737787
165376,0.03324291209161821
165632,0.03320754073369059
165888,0.033166281937059026
166144,0.03312955553371542
166400,0.03309694099232376
166656,0.03306712999317209
166912,0.03303787970246839
167168,0.033008302331836714
167424,0.032977930624237026
167680,0.032947231836709355
167936,0.03291695358051768
168192,0.03288887143241397
168448,0.03285934078748629
168704,0.0328302773995986
168960,0.0328015410916389
169216,0.032772290800935217
169472,0.032743227413047526
169728,0.03271481818501583
169984,0.0326892124992241
170240,0.03266706451552834
170496,0.03264664538288055
170752,0.03262716076431276
171008,0.03260828357989696
171264,0.03258949984688916
171520,0.032570248856841365
171776,0.03255109131820157
172032,0.03252642014648983
172288,0.03250389835716207
172544,0.03248474081852227
172800,0.03246665797107446
173056,0.03244908910637065
173312,0.03243306218989882
173568,0.03241722217624299
173824,0.03240086817984316
174080,0.03238418710351534
174336,0.032368253638451513
174592,0.032351666013531684
174848,0.03233465785727587
175104,0.032317602975316044
175360,0.03230082844758023
175616,0.032284427725476406
175872,0.032268400809004574
176128,0.03225270097246074
176384,0.0322370945873249
176640,0.032220039705365085
176896,0.03220340535474126
177152,0.032187238261157436
177408,0.03217088426475761
177664,0.032153642479981794
177920,0.03213803609484596
178176,0.03212191572696613
178432,0.0321055617305663
178688,0.03208911428275848
178944,0.03207247993213465
179200,0.03206168629451076
179456,0.032053696199126853
179712,0.032046687343526926
179968,0.032039491585111005
180224,0.03203206219817509
180480,0.03202505334257516
180736,0.032017577229935236
180992,0.03200963386025532
181248,0.032001597039167405
181504,0.03199440128075148
181760,0.03198645791107157
182016,0.031978561267095654
182272,0.03197047772030374
182528,0.031962020367879825
182784,0.03195356301545592
183040,0.0319459
183296,0.03193912127241092
183552,0.03193217307663212
183808,0.03192518251380588
184064,0.03191886982373856
184320,0.031911879260912324
184576,0.031904931065133514
184832,0.03189815233754444
185088,0.03189145834405023
185344,0.03188387464255995
185600,0.03187696881382858
185856,0.03187044428852409
186112,0.03186375029502988
186368,0.031856632631061345
186624,0.03184968443528254
186880,0.03184163469627052
187136,0.03183430519706483
187392,0.031827568836523185
187648,0.03182095957712384
187904,0.03181379954610787
188160,0.03180697845147137
188416,0.031800411559119446
188672,0.03179329389515092
188928,0.03178562545956578
189184,0.03177829596036008
189440,0.03177062752477494
189696,0.03176300145623723
189952,0.0317558837922687
190208,0.03174897796353733
190464,0.03174126716090476
190720,0.031733302155987596
190976,0.03172593028973447
191232,0.03171898209395567
191488,0.031712245733414024
191744,0.03170576357515697
192000,0.031700086390801116
192256,0.03169322292911718
192512,0.03168618999924351
192768,0.031679326537559574
193024,0.0316724207088282
193280,0.03166581144942885
193536,0.031659329291171795
193792,0.031652423462440425
194048,0.03164522106437703
194304,0.031638188134503364
194560,0.03163128230577199
194816,0.031623952806566304
195072,0.0316127255389969
195328,0.03159870204629699
195584,0.03158387357969589
195840,0.0315693416824268
196096,0.03155540292382177
196352,0.03154167600045389
196608,0.03152790671003858
196864,0.03151392558438611
197120,0.03149985972463878
197376,0.031485243093274835
197632,0.0314658389855511
197888,0.03144355391860201
198144,0.031420633345941446
198400,0.03139915325289356
198656,0.03137835103260458
198912,0.0313575488123156
199168,0.03133683132612149
199424,0.03131624094106967
199680,0.03129598949239731
199936,0.031275483841440355
200192,0.03125510529162569
200448,0.031234175970194417
200704,0.03121333138285801
200960,0.03119282573190105
201216,0.031171854043422344
201472,0.03115088235494364
201728,0.031129953033512365
201984,0.031109023712081095
202240,0.031088009656554956
202496,0.03106678376579166
202752,0.031045557875028367
203008,0.031028229752628794
203264,0.031011410034798396
203520,0.030996708669339585
203776,0.03098471879491641
204032,0.030972644186398366
204288,0.030959637502836822
204544,0.030946588452227853
204800,0.030933666502761175
205056,0.030920829287389363
205312,0.030908161540207278
205568,0.03089651060216355
205824,0.030884859664119826
206080,0.030878716442242226
206336,0.030874564471593917
206592,0.03087041250094561
206848,0.0308662605302973
207104,0.030862108559648986
207360,0.030857787120810953
207616,0.030853423314925486
207872,0.030848974774945158
208128,0.03084444150086996
208384,0.030839865859747333
208640,0.030835332585672136
208896,0.03083079931159694
209152,0.0308258
209408,0.03082047941633569
209664,0.030815158832671385
209920,0.03081009778967363
210176,0.03080499348989812
210432,0.030800191987566918
210688,0.030795476998791226
210944,0.030790718753237783
211200,0.03078591725090658
211456,0.030781072491797616
211712,0.030776097962355378
211968,0.03077112343291314
212224,0.030765846106026593
212480,0.030760309238473494
212736,0.030754685857364877
212992,0.030748543394923156
213248,0.030742400932481435
213504,0.030737296632705923
213760,0.030732581643930234
214016,0.03072795316871007
214272,0.030723497720600932
214528,0.030718999015714035
214784,0.030714500310827144
215040,0.030709958349162493
215296,0.030705416387497842
215552,0.030700831169055427
215808,0.030696245950613016
216064,0.030691444448281813
216320,0.03068664294595061
216576,0.030681927957174924
216832,0.030677256225176995
217088,0.03067262774995683
217344,0.030667999274736662
217600,0.03066341405629425
217856,0.030658872094629593
218112,0.030654373389742702
218368,0.03064983142807805
218624,0.030645246209635643
218880,0.030640660991193232
219136,0.030635599948195476
219392,0.030630538905197718
219648,0.030625131807977896
219904,0.03061942191331376
220160,0.030613841788982903
220416,0.030608650975651873
220672,0.0306035034190986
220928,0.03059857214643412
221184,0.030593770644102916
221440,0.030589185425660505
221696,0.03058498951821792
221952,0.030580793610775335
222208,0.030576251649110688
222464,0.030571666430668276
222720,0.030567167725781386
222976,0.030562669020894488
223232,0.030558127059229837
223488,0.03055349858400967
223744,0.030548826852011744
224000,0.030544111863236054
224256,0.03053931036090485
224512,0.03053468188568468
224768,0.03053018318079779
225024,0.03052568447591089
225280,0.030521185771024
225536,0.03051668706613711
225792,0.030512274874805734
226048,0.030507862683474357
226304,0.03050345049214298
226560,0.03049890853047833
226816,0.03049436656881367
227072,0.03048934878259368
227328,0.030484201226040404
227584,0.030479226696598166
227840,0.030474338680711446
228096,0.03046953717838024
228352,0.030465298014159904
228608,0.03046105884993956
228864,0.030456819685719217
229120,0.03045258052149888
229376,0.03044821158694526
229632,0.03044358311172509
229888,0.03043895463650492
230144,0.030433850336729403
230400,0.030428659523398374
230656,0.030423425453289583
230912,0.03041810486962528
231168,0.03041274102918321
231424,0.030407247418407873
231680,0.03040175380763253
231936,0.03039647648074598
232192,0.03039128566741495
232448,0.030386008340528407
232704,0.030380687756864096
232960,0.030375323916422035
233216,0.03036991681920221
233472,0.030364466465204628
233728,0.030359102624762557
233984,0.030353825297876013
234240,0.03034841820065619
234496,0.030342318994992228
234752,0.030336219789328267
235008,0.030330423381108616
235264,0.0303248
235520,0.0303196217112045
235776,0.030314647292046623
236032,0.030309713646816266
236288,0.030305228514788674
236544,0.030300743382761078
236800,0.030296258250733486
237056,0.030291773118705893
237312,0.03028720643882325
237568,0.03028247666323051
237824,0.03027770611371025
238080,0.030272650146697326
238336,0.030267594179684398
238592,0.030262701308381566
238848,0.030258012306716355
239104,0.030253323305051143
239360,0.030248471207675837
239616,0.03024361911030053
239872,0.030238563143287604
240128,0.030233466402347156
240384,0.03022865507889937
240640,0.030224373816509394
240896,0.030220092554119417
241152,0.030215077361034015
241408,0.03021010294187614
241664,0.0302046800095155
241920,0.030199053207517246
242176,0.03019342640551899
242432,0.030187840377448257
242688,0.030182254349377526
242944,0.030177320704147168
243200,0.030172468606771863
243456,0.03016777960510665
243712,0.03016321292522401
243968,0.030158646245341366
244224,0.030153671826183486
244480,0.030148738180953132
244736,0.030143967631432875
244992,0.030139278629767664
245248,0.030134671175957497
245504,0.030130308365712472
245760,0.030125864007612402
246016,0.03012109345809214
246272,0.030116282134644352
246528,0.030111470811196573
246784,0.030106659487748787
247040,0.03010188893822853
247296,0.030097159162635796
247552,0.030092429387043058
247808,0.030088148124653078
248064,0.030083866862263102
248320,0.03007925940845294
248576,0.030074407311077626
248832,0.03006931057013718
249088,0.03006347989850131
249344,0.03005764922686543
249600,0.03005198165093965
249856,0.030046314075013875
250112,0.030040972690508285
250368,0.030035957497422886
250624,0.03003094230433748
250880,0.030026008659107126
251136,0.030021075013876772
251392,0.030016100594718896
251648,0.030011126175561016
251904,0.03000623330425819
252160,0.030001462754737925
252416,0.029996692205217664
252672,0.029991921655697404
252928,0.02998711033224962
253184,0.029982013591309174
253440,0.02997679452858615
253696,0.02997161623979066
253952,0.029966437950995163
254208,0.029961218888272138
254464,0.029956162921259216
254720,0.02995110695424629
254976,0.029945969439378318
255232,0.029940791150582822
255488,0.02993544976607723
255744,0.029929741416223926
256000,0.02992407384029815
256256,0.02991767233367695
256512,0.029911230053128218
256768,0.029904910094362067
257024,0.02989859013559591
257280,0.029892555594322412
257536,0.029887377305526923
257792,0.029882199016731423
258048,0.02987661298866069
258304,0.029870986186662438
258560,0.0298655632543018
258816,0.029860344191578778
259072,0.029855125128855763
259328,0.029849865292205215
259584,0.029844605455554674
259840,0.029839794132106887
260096,0.02983502358258663
260352,0.02983017148521132
260608,0.029825237839980964
260864,0.029820344968678136
261120,0.029815452097375305
