cache_lines,MRC
256,0.1071946
512,0.09435159999999998
768,0.0794676
1024,0.06890160000000001
1280,0.0617797
1536,0.0613603
1792,0.0613217
2048,0.0609187
2304,0.06041
2560,0.06031860000000001
2816,0.060045900000000006
3072,0.0598516
3328,0.059823900000000006
3584,0.059627900000000005
3840,0.056118900000000006
4096,0.056079899999999995
4352,0.05600600000000001
4608,0.055871399999999995
4864,0.0558295
5120,0.0557663
5376,0.055627699999999995
5632,0.055562099999999996
5888,0.055496899999999995
6144,0.0553523
6400,0.0552509
6656,0.0551526
6912,0.055036999999999996
7168,0.0549256
7424,0.0548046
7680,0.054728500000000006
7936,0.0546101
8192,0.0544724
8448,0.05440420000000001
8704,0.054298000000000006
8960,0.0541376
9216,0.054069299999999994
9472,0.0539792
9728,0.0538147
9984,0.0537249
10240,0.053653
10496,0.0535421
10752,0.0534567
11008,0.053354599999999995
11264,0.0532906
11520,0.053197600000000005
11776,0.0530754
12032,0.0530434
12288,0.0529948
12544,0.0529295
12800,0.052921600000000006
13056,0.0528924
13312,0.0520845
13568,0.0485244
13824,0.0484837
14080,0.0484741
14336,0.048466199999999994
14592,0.048443499999999994
14848,0.0484383
15104,0.0484258
15360,0.048401400000000004
15616,0.048384
15872,0.0483444
16128,0.048333499999999995
16384,0.0483293
16640,0.0483053
16896,0.0483018
17152,0.048289500000000006
17408,0.048272
17664,0.0482695
17920,0.0482448
18176,0.048236900000000006
18432,0.048230100000000005
18688,0.048206900000000004
18944,0.048204000000000004
19200,0.048188299999999996
19456,0.048173600000000004
19712,0.0481705
19968,0.048145299999999995
20224,0.0481386
20480,0.048130700000000005
20736,0.0481084
20992,0.048105600000000005
21248,0.0480818
21504,0.048060799999999994
21760,0.048049299999999996
22016,0.048025000000000005
22272,0.0480201
22528,0.048010199999999996
22784,0.047991299999999994
23040,0.0479887
23296,0.047966600000000005
23552,0.04795700000000001
23808,0.047951200000000006
24064,0.047926500000000004
24320,0.047922200000000005
24576,0.0479089
24832,0.0478901
25088,0.047884699999999995
25344,0.0478568
25600,0.047845900000000004
25856,0.0478394
26112,0.0478159
26368,0.0478124
26624,0.0477956
26880,0.047782
27136,0.047777999999999994
27392,0.047753899999999995
27648,0.0477479
27904,0.047737400000000006
28160,0.0477155
28416,0.047712
28672,0.0476914
28928,0.0476806
29184,0.047675
29440,0.047651900000000004
29696,0.0476474
29952,0.0476345
30208,0.0476156
30464,0.047611400000000005
30720,0.0475886
30976,0.0475808
31232,0.0475731
31488,0.047548299999999995
31744,0.0475447
32000,0.047526599999999995
32256,0.0475127
32512,0.047507799999999996
32768,0.0474824
33024,0.047477700000000005
33280,0.0474665
33536,0.047446800000000004
33792,0.0472357
34048,0.046678500000000005
34304,0.0466678
34560,0.046657800000000006
34816,0.0466321
35072,0.046625999999999994
35328,0.046603399999999996
35584,0.046586999999999996
35840,0.0465793
36096,0.0465519
36352,0.0465432
36608,0.046527599999999995
36864,0.0465041
37120,0.0464973
37376,0.046471599999999995
37632,0.0464588
37888,0.046447300000000004
38144,0.046421300000000006
38400,0.04641460000000001
38656,0.0463921
38912,0.046379
39168,0.046315699999999994
39424,0.045441
39680,0.045431099999999995
39936,0.044534899999999995
40192,0.0445003
40448,0.044487000000000006
40704,0.044453
40960,0.0444391
41216,0.0444139
41472,0.0443825
41728,0.044360100000000006
41984,0.044324800000000004
42240,0.044311800000000005
42496,0.04429
42752,0.0442658
43008,0.04425250000000001
43264,0.0442209
43520,0.0442059
43776,0.044182599999999995
44032,0.044157999999999996
44288,0.044141999999999994
44544,0.0441118
44800,0.0440977
45056,0.044076800000000006
45312,0.0440511
45568,0.0440366
45824,0.0440065
46080,0.043993700000000004
46336,0.043970600000000006
46592,0.0439454
46848,0.0439314
47104,0.043900100000000004
47360,0.043886100000000004
47616,0.043862599999999995
47872,0.0438397
48128,0.0438261
48384,0.0437943
48640,0.043778599999999994
48896,0.043756899999999994
49152,0.0437305
49408,0.043715300000000006
49664,0.0436846
49920,0.043669900000000005
50176,0.0436461
50432,0.0436205
50688,0.043605200000000004
50944,0.0435742
51200,0.043558900000000005
51456,0.043533999999999996
51712,0.043513
51968,0.0434993
52224,0.04346730000000001
52480,0.04615339999999999
52736,0.0461295
52992,0.0461059
53248,0.0460895
53504,0.0460586
53760,0.04604529999999999
54016,0.04601979999999999
54272,0.045996699999999995
54528,0.045981799999999996
54784,0.04595069999999999
55040,0.04593679999999999
55296,0.045909399999999996
55552,0.0458892
55808,0.045872500000000004
56064,0.0458425
56320,0.045829299999999996
56576,0.04579969999999999
56832,0.0457767
57088,0.0457586
57344,0.0457309
57600,0.0457179
57856,0.0456881
58112,0.04567089999999999
58368,0.0456538
58624,0.0456263
58880,0.04561189999999999
59136,0.045581699999999996
59392,0.0455649
59648,0.04554439999999999
59904,0.0455197
60160,0.045507399999999996
60416,0.0454722
60672,0.045447499999999995
60928,0.045418099999999996
61184,0.045393399999999993
61440,0.0453782
61696,0.045346599999999994
61952,0.04533439999999999
62208,0.04531029999999999
62464,0.045288
62720,0.045273799999999996
62976,0.0452422
63232,0.0452281
63488,0.0452016
63744,0.04518339999999999
64000,0.0451673
64256,0.045137699999999996
64512,0.04512499999999999
64768,0.04509699999999999
65024,0.045077299999999994
65280,0.0450563
65536,0.0450278
65792,0.0450143
66048,0.04498209999999999
66304,0.0449645
66560,0.0449423
66816,0.04491549999999999
67072,0.044901699999999996
67328,0.0448695
67584,0.0448525
67840,0.0448255
68096,0.0448028
68352,0.044786
68608,0.0447555
68864,0.0447397
69120,0.04471279999999999
69376,0.04469109999999999
69632,0.0446726
69888,0.044642999999999995
70144,0.044628499999999995
70400,0.0445958
70656,0.04457769999999999
70912,0.044556099999999994
71168,0.044528599999999995
71424,0.0445134
71680,0.0444819
71936,0.044465899999999996
72192,0.0444404
72448,0.04441699999999999
72704,0.044399299999999996
72960,0.04436779999999999
73216,0.044353
73472,0.0443247
73728,0.0443004
73984,0.04427899999999999
74240,0.04424859999999999
74496,0.044234
74752,0.04420269999999999
75008,0.0441822
75264,0.0441568
75520,0.0441277
75776,0.044111599999999994
76032,0.0440766
76288,0.044055199999999996
76544,0.0440235
76800,0.04399759999999999
77056,0.04397639999999999
77312,0.0439424
77568,0.04392479999999999
77824,0.043891599999999996
78080,0.04386879999999999
78336,0.04384369999999999
78592,0.0438102
78848,0.0437923
79104,0.043756399999999994
79360,0.0437287
79616,0.0436885
79872,0.0436602
80128,0.0436399
80384,0.0436055
80640,0.0435891
80896,0.0435563
81152,0.04353139999999999
81408,0.043507
81664,0.04347779999999999
81920,0.043453399999999996
82176,0.043426299999999994
82432,0.0434014
82688,0.0433788
82944,0.04334999999999999
83200,0.04333359999999999
83456,0.0433025
83712,0.043284399999999994
83968,0.0432567
84224,0.04323409999999999
84480,0.0432122
84736,0.043183400000000004
84992,0.043166699999999995
85248,0.043141099999999995
85504,0.0431258
85760,0.0431008
86016,0.0430809
86272,0.0430603
86528,0.043038799999999995
86784,0.04302029999999999
87040,0.0429941
87296,0.042967399999999996
87552,0.0429405
87808,0.0422794
88064,0.04143159999999999
88320,0.0410201
88576,0.04098609999999999
88832,0.04094699999999999
89088,0.0406033
89344,0.0391318
89600,0.039009499999999996
89856,0.038987799999999996
90112,0.0389628
90368,0.0389451
90624,0.0389271
90880,0.03891139999999999
91136,0.0388925
91392,0.03887369999999999
91648,0.038854999999999994
91904,0.03883519999999999
92160,0.03881829999999999
92416,0.03880329999999999
92672,0.038787300000000004
92928,0.0387713
93184,0.0387563
93440,0.0387409
93696,0.0387239
93952,0.03869039999999999
94208,0.0384445
94464,0.03724729999999999
94720,0.035543399999999996
94976,0.0348268
95232,0.034801099999999995
95488,0.03478269999999999
95744,0.0347631
96000,0.0347419
96256,0.03471939999999999
96512,0.034696
96768,0.034672
97024,0.034648099999999994
97280,0.0346247
97536,0.03460169999999999
97792,0.0345788
98048,0.034553099999999996
98304,0.03452779999999999
98560,0.0345049
98816,0.0344813
99072,0.0344568
99328,0.0344325
99584,0.034410199999999995
99840,0.0343873
100096,0.0343636
100352,0.0343389
100608,0.0343144
100864,0.034289999999999994
101120,0.0342665
101376,0.03424309999999999
101632,0.0342198
101888,0.034196399999999995
102144,0.0341725
102400,0.0341484
102656,0.0341246
102912,0.034101
103168,0.034076
103424,0.034052099999999995
103680,0.03403169999999999
103936,0.03401139999999999
104192,0.033989799999999994
104448,0.0339678
104704,0.038762399999999995
104960,0.038741199999999996
105216,0.038720399999999995
105472,0.0386986
105728,0.0386779
105984,0.0386569
106240,0.0386356
106496,0.0386129
106752,0.0385903
107008,0.0385671
107264,0.038542799999999995
107520,0.038516999999999996
107776,0.038492099999999994
108032,0.038469199999999995
108288,0.0384454
108544,0.0384199
108800,0.038394199999999996
109056,0.0383685
109312,0.038341799999999995
109568,0.0383147
109824,0.0382881
110080,0.038263
110336,0.038237
110592,0.038210799999999996
110848,0.038184499999999996
111104,0.038158899999999996
111360,0.038132099999999995
111616,0.0381049
111872,0.0380784
112128,0.038052199999999994
112384,0.0380251
112640,0.037998699999999996
112896,0.0379725
113152,0.0379457
113408,0.0379194
113664,0.037892999999999996
113920,0.037867399999999996
114176,0.037840399999999996
114432,0.0378139
114688,0.0377864
114944,0.0377596
115200,0.037732299999999996
115456,0.0377056
115712,0.037678199999999995
115968,0.0376521
116224,0.037624399999999995
116480,0.0375968
116736,0.037568399999999995
116992,0.037540199999999996
117248,0.037512899999999995
117504,0.0374863
117760,0.0374606
118016,0.0374342
118272,0.0374103
118528,0.0373859
118784,0.0373623
119040,0.0373413
119296,0.037323999999999996
119552,0.037307799999999995
119808,0.0372908
120064,0.0372735
120320,0.037256199999999996
120576,0.0372391
120832,0.037221199999999996
121088,0.037204499999999995
121344,0.037189099999999996
121600,0.0371737
121856,0.0371571
122112,0.0371407
122368,0.037125399999999996
122624,0.0371103
122880,0.0370943
123136,0.037079499999999994
123392,0.037064299999999994
123648,0.0370476
123904,0.0370306
124160,0.037014399999999996
124416,0.036998199999999995
124672,0.0369819
124928,0.0369641
125184,0.0369482
125440,0.0369324
125696,0.036916
125952,0.036898099999999996
126208,0.036882399999999996
126464,0.036866199999999995
126720,0.0368516
126976,0.0368352
127232,0.0368195
127488,0.0368019
127744,0.036776199999999995
128000,0.0367438
128256,0.036715
128512,0.0366859
128768,0.0366571
129024,0.036628799999999996
129280,0.036602499999999996
129536,0.0365751
129792,0.036548899999999995
130048,0.0365194
130304,0.036492199999999995
130560,0.036463999999999996
130816,0.0364358
131072,0.0364062
131328,0.036378299999999995
131584,0.0363512
131840,0.0363242
132096,0.0362967
132352,0.0362688
132608,0.0362407
132864,0.0362117
133120,0.036182
133376,0.0361548
133632,0.0361256
133888,0.0360973
134144,0.0360664
134400,0.0360391
134656,0.0360087
134912,0.035979399999999995
135168,0.0359492
135424,0.0359226
135680,0.0358944
135936,0.0358657
136192,0.0358365
136448,0.035808599999999996
136704,0.035780099999999995
136960,0.0357515
137216,0.035724
137472,0.035696399999999996
137728,0.035668099999999994
137984,0.035639199999999996
138240,0.0356115
138496,0.0355823
138752,0.0355537
139008,0.035523
139264,0.0354959
139520,0.0354682
139776,0.035440799999999995
140032,0.035411
140288,0.0353836
140544,0.0353536
140800,0.035326199999999995
141056,0.0352981
141312,0.0352697
141568,0.0352397
141824,0.0352096
142080,0.0351798
142336,0.0351502
142592,0.0351202
142848,0.0350908
143104,0.03506
143360,0.035031
143616,0.035000899999999995
143872,0.0349706
144128,0.0349415
144384,0.0349142
144640,0.0348848
144896,0.034852799999999996
145152,0.034822599999999995
145408,0.034792199999999995
145664,0.0347574
145920,0.0347149
146176,0.0346705
146432,0.0346271
146688,0.0345845
146944,0.0345413
147200,0.034498299999999996
147456,0.0344554
147712,0.0344012
147968,0.0343464
148224,0.0342914
148480,0.034236199999999994
148736,0.0341809
148992,0.0341258
149248,0.034071199999999996
149504,0.034015399999999994
149760,0.0339588
150016,0.0339036
150272,0.0338491
150528,0.033792499999999996
150784,0.0337354
151040,0.0336792
151296,0.033623
151552,0.0335675
151808,0.033515899999999994
152064,0.033471999999999995
152320,0.0334284
152576,0.033385
152832,0.0333433
153088,0.033302399999999996
153344,0.0332588
153600,0.033214799999999996
153856,0.0331707
154112,0.0331268
154368,0.033083499999999995
154624,0.0330409
154880,0.032999299999999995
155136,0.0329574
155392,0.032915299999999995
155648,0.032872399999999996
155904,0.032829399999999995
156160,0.0327866
156416,0.0327439
156672,0.0327016
156928,0.0355356
157184,0.0354926
157440,0.035450499999999996
157696,0.035409199999999995
157952,0.0353657
158208,0.035321399999999996
158464,0.0352764
158720,0.0352317
158976,0.0351897
159232,0.0351476
159488,0.0351051
159744,0.0350628
160000,0.035020699999999995
160256,0.0349779
160512,0.034934799999999995
160768,0.034892599999999996
161024,0.0348502
161280,0.034807399999999995
161536,0.0347643
161792,0.0347209
162048,0.034678299999999995
162304,0.034636299999999995
162560,0.0345944
162816,0.0345525
163072,0.034511599999999996
163328,0.0344701
163584,0.034427099999999995
163840,0.0343841
164096,0.034340999999999997
164352,0.0342972
164608,0.034253099999999995
164864,0.034208999999999996
165120,0.0341654
165376,0.034123099999999996
165632,0.034080799999999994
165888,0.034038399999999996
166144,0.0339955
166400,0.0339524
166656,0.033909299999999996
166912,0.033866299999999995
167168,0.033823599999999995
167424,0.033780399999999995
167680,0.033736499999999996
167936,0.0336917
168192,0.0336464
168448,0.033602599999999996
168704,0.0335588
168960,0.0335153
169216,0.0334714
169472,0.0334272
169728,0.033383499999999997
169984,0.0333401
170240,0.033296599999999996
170496,0.033253399999999995
170752,0.0332111
171008,0.0331676
171264,0.033123299999999994
171520,0.0330807
171776,0.033038399999999996
172032,0.0329953
172288,0.0329552
172544,0.0329201
172800,0.0328884
173056,0.032858399999999996
173312,0.0328308
173568,0.032803099999999995
173824,0.032774199999999996
174080,0.032744499999999996
174336,0.032714099999999996
174592,0.0326806
174848,0.0326469
175104,0.032620899999999994
175360,0.0325952
175616,0.0325702
175872,0.032546399999999996
176128,0.0325231
176384,0.0324992
176640,0.0324756
176896,0.0324529
177152,0.032427899999999996
177408,0.032400899999999996
177664,0.0323756
177920,0.032350699999999996
178176,0.0323259
178432,0.0323018
178688,0.032278799999999996
178944,0.032254899999999996
179200,0.0322306
179456,0.0322065
179712,0.0321828
179968,0.0321599
180224,0.032136899999999996
180480,0.0321139
180736,0.0320897
180992,0.0320653
181248,0.032040799999999994
181504,0.032019599999999995
181760,0.0320012
182016,0.031989199999999995
182272,0.0319783
182528,0.0319673
182784,0.0319565
183040,0.0319459
183296,0.031934399999999995
183552,0.031922599999999995
183808,0.0319112
184064,0.0319001
184320,0.0318892
184576,0.0318786
184832,0.031868099999999996
185088,0.0318554
185344,0.031842999999999996
185600,0.0318311
185856,0.031819299999999995
186112,0.0318076
186368,0.031797
186624,0.0317864
186880,0.031775399999999995
187136,0.0317645
187392,0.0317538
187648,0.0317429
187904,0.0317321
188160,0.0317213
188416,0.031710699999999994
188672,0.0317002
188928,0.0316891
189184,0.0316778
189440,0.0316664
189696,0.0316547
189952,0.0316426
190208,0.0316307
190464,0.0316189
190720,0.031606999999999996
190976,0.0315953
191232,0.0315839
191488,0.031571999999999996
191744,0.03156
192000,0.0315482
192256,0.0315364
192512,0.0315244
192768,0.0315118
193024,0.031499099999999995
193280,0.0314864
193536,0.0314744
193792,0.0314633
194048,0.0314529
194304,0.0314427
194560,0.0314333
194816,0.0314232
195072,0.0314121
195328,0.0314008
195584,0.0313894
195840,0.031377499999999996
196096,0.0313662
196352,0.0313556
196608,0.0313448
196864,0.031333799999999995
197120,0.0313229
197376,0.031310899999999996
197632,0.0312972
197888,0.0312761
198144,0.0312517
198400,0.031227699999999997
198656,0.031204199999999994
198912,0.0311817
199168,0.031159
199424,0.0311363
199680,0.0311141
199936,0.031090899999999998
200192,0.031066199999999995
200448,0.031032199999999996
200704,0.030994499999999994
200960,0.030958899999999998
201216,0.0309242
201472,0.030891099999999998
201728,0.030858199999999995
201984,0.0308255
202240,0.030791899999999997
202496,0.030758399999999998
202752,0.0307249
203008,0.030691199999999995
203264,0.0306576
203520,0.030624099999999994
203776,0.0305898
204032,0.030554399999999995
204288,0.030518999999999998
204544,0.030483899999999994
204800,0.030449899999999995
205056,0.030416
205312,0.030382199999999998
205568,0.0303494
205824,0.0303188
206080,0.0302947
206336,0.030273599999999998
206592,0.030254499999999997
206848,0.0302339
207104,0.0302133
207360,0.030192699999999996
207616,0.030172399999999995
207872,0.0301521
208128,0.0301303
208384,0.030110599999999994
208640,0.030093599999999998
208896,0.030084799999999995
209152,0.031071499999999995
209408,0.0310651
209664,0.031058699999999995
209920,0.0310524
210176,0.0310456
210432,0.0310389
210688,0.0310328
210944,0.0310256
211200,0.0310179
211456,0.031009799999999997
211712,0.0310019
211968,0.030994099999999997
212224,0.030986599999999996
212480,0.030979
212736,0.030970899999999996
212992,0.030963399999999995
213248,0.030956199999999996
213504,0.030948499999999997
213760,0.030940799999999997
214016,0.0309332
214272,0.030925599999999998
214528,0.030918
214784,0.030909399999999997
215040,0.030900699999999996
215296,0.0308919
215552,0.030882899999999998
215808,0.030873899999999996
216064,0.0308651
216320,0.0308569
216576,0.030848999999999994
216832,0.030842799999999997
217088,0.030836299999999997
217344,0.0308287
217600,0.030821599999999998
217856,0.030814599999999998
218112,0.0308072
218368,0.030799799999999995
218624,0.0307922
218880,0.030784
219136,0.0307758
219392,0.030768499999999997
219648,0.0307611
219904,0.030753699999999995
220160,0.030746499999999996
220416,0.0307392
220672,0.030731799999999997
220928,0.030725299999999997
221184,0.030718999999999996
221440,0.030711499999999996
221696,0.0307042
221952,0.030696999999999995
222208,0.030689499999999995
222464,0.030681799999999995
222720,0.030673899999999997
222976,0.0306646
223232,0.0306545
223488,0.0306472
223744,0.030639799999999995
224000,0.0306322
224256,0.0306257
224512,0.030619299999999995
224768,0.0306117
225024,0.030604799999999995
225280,0.0305985
225536,0.030591599999999997
225792,0.030584799999999995
226048,0.0305782
226304,0.0305712
226560,0.030564099999999997
226816,0.0305574
227072,0.0305509
227328,0.0305444
227584,0.0305381
227840,0.030531799999999998
228096,0.0305249
228352,0.030518499999999997
228608,0.0305123
228864,0.0305058
229120,0.030499599999999995
229376,0.030493599999999996
229632,0.030486899999999997
229888,0.030479799999999994
230144,0.030471899999999996
230400,0.030463899999999995
230656,0.030455799999999998
230912,0.030448299999999998
231168,0.030440799999999997
231424,0.030433499999999995
231680,0.0304271
231936,0.0304209
232192,0.030413699999999995
232448,0.0304074
232704,0.030401899999999996
232960,0.030395399999999996
233216,0.030388699999999998
233472,0.030381899999999996
233728,0.0303745
233984,0.030366699999999996
234240,0.0303584
234496,0.0303499
234752,0.0303412
235008,0.030333
235264,0.0303248
235520,0.030316499999999996
235776,0.030308099999999998
236032,0.030299799999999995
236288,0.030292099999999995
236544,0.0302845
236800,0.0302771
237056,0.0302686
237312,0.030259799999999996
237568,0.030250399999999997
237824,0.030240799999999998
238080,0.030231099999999997
238336,0.030221899999999996
238592,0.0302126
238848,0.030203
239104,0.030194199999999997
239360,0.030185899999999995
239616,0.0301786
239872,0.0301706
240128,0.030162099999999997
240384,0.0301542
240640,0.030146199999999998
240896,0.030137999999999998
241152,0.030129699999999995
241408,0.0301214
241664,0.030113099999999997
241920,0.0301057
242176,0.0300987
242432,0.030090399999999996
242688,0.030082499999999998
242944,0.0300751
243200,0.030067199999999995
243456,0.0300594
243712,0.0300522
243968,0.030044799999999997
244224,0.0300372
244480,0.0300292
244736,0.030019999999999998
244992,0.030009299999999996
245248,0.0300003
245504,0.029991399999999994
245760,0.029982299999999996
246016,0.029974099999999997
246272,0.029966399999999997
246528,0.029958099999999994
246784,0.029950699999999997
247040,0.0299443
247296,0.0299366
247552,0.029928899999999994
247808,0.029921299999999998
248064,0.029913499999999996
248320,0.029905799999999996
248576,0.029898299999999996
248832,0.02989
249088,0.029880999999999998
249344,0.029873899999999995
249600,0.0298663
249856,0.0298574
250112,0.029849599999999997
250368,0.029841899999999998
250624,0.029832899999999996
250880,0.029824899999999994
251136,0.029817499999999997
251392,0.0298099
251648,0.029801799999999996
251904,0.029792899999999997
252160,0.0297833
252416,0.029773599999999997
252672,0.0297645
252928,0.0297554
253184,0.029746499999999995
253440,0.029738399999999998
253696,0.029729899999999997
253952,0.029720899999999995
254208,0.0297129
254464,0.029704799999999996
254720,0.029695899999999997
254976,0.029688
255232,0.0296803
255488,0.029671299999999998
255744,0.0296627
256000,0.0296545
256256,0.0296463
256512,0.029638199999999996
256768,0.029629999999999997
257024,0.0296219
257280,0.029613599999999997
257536,0.0296045
257792,0.0295954
258048,0.029586299999999996
258304,0.0295777
258560,0.029568999999999998
258816,0.0295604
259072,0.0295507
259328,0.0295408
259584,0.0295309
259840,0.0295208
260096,0.029510499999999995
260352,0.029500199999999997
260608,0.0294906
260864,0.0294815
261120,0.029472399999999996
