cache_lines,MRC
256,0.0340608
512,0.0301911
768,0.0281248
1024,0.0253184
1280,0.0218982
1536,0.0195873
1792,0.0174083
2048,0.0166103
2304,0.0151992
2560,0.0147553
2816,0.0145024
3072,0.014293
3328,0.0140232
3584,0.0128447
3840,0.0124861
4096,0.0120411
4352,0.0118513
4608,0.0112929
4864,0.0110395
5120,0.0109421
5376,0.0108533
5632,0.0104417
5888,0.0103045
6144,0.010186
6400,0.010095
6656,0.00989114
6912,0.00965411
7168,0.00955309
7424,0.00928418
7680,0.00914975
7936,0.00902578
8192,0.00894324
8448,0.00885423
8704,0.00877519
8960,0.00868848
9216,0.0085649
9472,0.00846463
9728,0.00785666
9984,0.00766769
10240,0.00755716
10496,0.00740519
10752,0.00726537
11008,0.0068817
11264,0.00675305
11520,0.00663052
11776,0.00654067
12032,0.00645133
12288,0.00630109
12544,0.0061788
12800,0.00612451
13056,0.00600052
13312,0.00583505
13568,0.00567887
13824,0.00556806
14080,0.00541883
14336,0.00531396
14592,0.00518598
14848,0.00506232
15104,0.00482662
15360,0.00453766
15616,0.00446724
15872,0.00436555
16128,0.00428554
16384,0.00423199
16640,0.00417537
16896,0.00411589
17152,0.00404018
17408,0.00398474
17664,0.0038743
17920,0.00368419
18176,0.0036121
18432,0.0035413
18688,0.00348759
18944,0.00342725
19200,0.00336412
19456,0.00330207
19712,0.00325034
19968,0.00319425
20224,0.00314244
20480,0.00310144
20736,0.00303416
20992,0.00298649
21248,0.00295111
21504,0.002859
21760,0.00277959
22016,0.00273167
22272,0.00268583
22528,0.00265078
22784,0.0026053
23040,0.00255781
23296,0.0025142
23552,0.0024601
23808,0.00242316
24064,0.00237223
24320,0.00232665
24576,0.00228975
24832,0.00225227
25088,0.00221576
25344,0.00216336
25600,0.00212132
25856,0.00207834
26112,0.00204029
26368,0.00198949
26624,0.00194711
26880,0.00185099
27136,0.00181336
27392,0.00176782
27648,0.00171507
27904,0.00166691
28160,0.00160917
28416,0.00156802
28672,0.00152979
28928,0.00149852
29184,0.00146456
29440,0.0014277
29696,0.00139376
29952,0.00135602
30208,0.00132205
30464,0.00128697
30720,0.00125455
30976,0.00122716
31232,0.00119774
31488,0.00115659
31744,0.00112337
32000,0.0010938
32256,0.00106476
32512,0.0010389
32768,0.00101292
33024,0.000994764
33280,0.000975748
33536,0.000960825
33792,0.000944484
34048,0.000926925
34304,0.000910372
34560,0.000896291
34816,0.000881702
35072,0.000864525
35328,0.000847099
35584,0.000833085
35840,0.00081578
36096,0.000800057
36352,0.000789885
36608,0.000777373
36864,0.000765785
37120,0.000753815
37376,0.000742497
37632,0.00072949
37888,0.0007216
38144,0.000714724
38400,0.000708023
38656,0.000700539
38912,0.00069245
39168,0.000684122
39424,0.000675692
39680,0.000669734
39936,0.000662683
40192,0.000656625
40448,0.000648399
40704,0.000641469
40960,0.00063462
41216,0.00062713
41472,0.000617229
41728,0.000609267
41984,0.000602238
42240,0.000596792
42496,0.00059117
42752,0.000585641
43008,0.000580058
43264,0.00057528
43520,0.000570042
43776,0.000564237
44032,0.00055772
44288,0.000552455
44544,0.000546135
44800,0.000541055
45056,0.00053627
45312,0.000531795
45568,0.000527383
45824,0.000522822
46080,0.000518378
46336,0.000514686
46592,0.000510902
46848,0.000507067
47104,0.000502904
47360,0.000498695
47616,0.000493175
47872,0.000488604
48128,0.000483961
48384,0.000479949
48640,0.000475776
48896,0.000471729
49152,0.000467991
49408,0.000463889
49664,0.000460033
49920,0.000456995
50176,0.000454208
50432,0.000450765
50688,0.000443657
50944,0.000437455
51200,0.00042903
51456,0.000421613
51712,0.000415048
51968,0.000409737
52224,0.000404932
52480,0.000401214
52736,0.000397557
52992,0.000393255
53248,0.000388331
53504,0.000383579
53760,0.000377991
54016,0.000372615
54272,0.000367744
54528,0.000363552
54784,0.000359056
55040,0.000355211
55296,0.000350863
55552,0.000346024
55808,0.000341352
56064,0.000335201
56320,0.000328511
56576,0.000323165
56832,0.00031869
57088,0.000315002
57344,0.000309531
57600,0.000306021
57856,0.000302917
58112,0.000300007
58368,0.000297412
58624,0.000294245
58880,0.000291013
59136,0.00028725
59392,0.000283453
59648,0.000280797
59904,0.000276119
60160,0.000271256
60416,0.00026659
60672,0.000263078
60928,0.000257641
61184,0.000251792
61440,0.000246749
61696,0.000242124
61952,0.000236904
62208,0.000232845
62464,0.000227871
62720,0.000223419
62976,0.000218958
63232,0.000213853
63488,0.00020995
63744,0.00020801
64000,0.000206362
64256,0.000204593
64512,0.000203559
64768,0.000202636
65024,0.000200839
65280,0.00019866
65536,0.000195132
65792,0.000191346
66048,0.000187368
66304,0.000183598
66560,0.00018192
66816,0.000179157
67072,0.00017296
67328,0.000166202
67584,0.000161474
67840,0.000157764
68096,0.000151934
68352,0.000147185
68608,0.00014337
68864,0.000140692
69120,0.000139316
69376,0.00013779
69632,0.000136483
69888,0.000134988
70144,0.000133157
70400,0.00013156
70656,0.000130111
70912,0.000128345
71168,0.000124136
71424,0.000120124
71680,0.000115545
71936,0.000109504
72192,0.000105481
72448,0.00010317
72704,9.89789e-05
72960,9.66098e-05
73216,9.31194e-05
73472,9.19244e-05
73728,9.08703e-05
73984,9.04032e-05
74240,8.7932e-05
74496,8.5341e-05
74752,8.24553e-05
75008,8.03344e-05
75264,7.82552e-05
75520,7.67042e-05
75776,7.56924e-05
76032,7.4091e-05
76288,7.31796e-05
76544,7.11411e-05
76800,6.74783e-05
77056,6.39304e-05
77312,6.13444e-05
77568,6.00482e-05
77824,5.87168e-05
78080,5.85337e-05
78336,5.83695e-05
78592,5.81552e-05
78848,5.79327e-05
79104,5.67672e-05
79360,5.60886e-05
79616,5.50149e-05
79872,5.38876e-05
80128,5.17169e-05
80384,4.91189e-05
80640,4.79589e-05
80896,4.67837e-05
81152,4.56082e-05
81408,4.5573e-05
81664,4.54816e-05
81920,4.53411e-05
82176,4.5076e-05
82432,4.42851e-05
82688,4.41798e-05
82944,4.39883e-05
83200,4.38763e-05
83456,4.32172e-05
83712,4.15355e-05
83968,4.08105e-05
84224,4.06067e-05
84480,4.04967e-05
84736,4.04622e-05
84992,4.03381e-05
85248,4.03009e-05
85504,4.0214e-05
85760,4.01892e-05
86016,4.00651e-05
86272,3.99966e-05
86528,3.99285e-05
86784,3.98356e-05
87040,3.96898e-05
87296,3.9159e-05
87552,3.86917e-05
87808,3.82281e-05
88064,3.81738e-05
88320,3.81103e-05
88576,3.80586e-05
88832,3.79551e-05
89088,3.79178e-05
89344,3.78314e-05
89600,3.78185e-05
89856,3.78185e-05
90112,3.77233e-05
90368,3.76719e-05
90624,3.76448e-05
90880,3.762e-05
91136,3.75951e-05
91392,3.75951e-05
91648,3.75703e-05
91904,3.75469e-05
92160,3.75189e-05
92416,3.75082e-05
92672,3.74307e-05
92928,3.73976e-05
93184,3.739e-05
93440,3.73373e-05
93696,3.7198e-05
93952,3.7173e-05
94208,3.71447e-05
94464,3.70877e-05
94720,3.70165e-05
94976,3.68569e-05
95232,3.63837e-05
95488,3.63167e-05
95744,3.63138e-05
96000,3.62895e-05
96256,3.62671e-05
96512,3.61802e-05
96768,3.61414e-05
97024,3.60539e-05
97280,3.59508e-05
97536,3.58217e-05
97792,3.56961e-05
98048,3.56713e-05
98304,3.56589e-05
98560,3.56341e-05
98816,3.56341e-05
99072,3.56217e-05
99328,3.56007e-05
99584,3.5572e-05
99840,3.5572e-05
100096,3.5572e-05
100352,3.5565e-05
100608,3.551e-05
100864,3.55045e-05
101120,3.54975e-05
101376,3.54851e-05
101632,3.54633e-05
101888,3.53756e-05
102144,3.53114e-05
102400,3.5299e-05
102656,3.49747e-05
102912,3.48397e-05
103168,3.48273e-05
103424,3.48137e-05
103680,3.48025e-05
103936,3.47777e-05
104192,3.47777e-05
104448,3.44856e-05
104704,3.39228e-05
104960,3.38264e-05
105216,3.37847e-05
105472,3.37847e-05
105728,3.37351e-05
105984,3.37351e-05
106240,3.32782e-05
106496,3.27723e-05
106752,3.2661e-05
107008,3.25556e-05
107264,3.24687e-05
107520,3.2439e-05
107776,3.23946e-05
108032,3.23494e-05
108288,3.23077e-05
108544,3.23077e-05
108800,3.22581e-05
109056,3.22581e-05
109312,3.22389e-05
109568,3.22001e-05
109824,3.21836e-05
110080,3.21836e-05
110336,3.21836e-05
110592,3.20302e-05
110848,3.16618e-05
111104,3.16003e-05
111360,3.16003e-05
111616,3.16003e-05
111872,3.16003e-05
112128,3.15775e-05
112384,3.15754e-05
112640,3.15754e-05
112896,3.15271e-05
113152,3.15063e-05
113408,3.14884e-05
113664,3.14761e-05
113920,3.14476e-05
114176,3.13148e-05
114432,3.13148e-05
114688,3.09074e-05
114944,3.06321e-05
115200,3.06321e-05
115456,3.06171e-05
115712,3.05526e-05
115968,3.04903e-05
116224,3.04087e-05
116480,2.9811e-05
116736,2.97633e-05
116992,2.97633e-05
117248,2.97633e-05
117504,2.97401e-05
117760,2.97261e-05
118016,2.96888e-05
118272,2.95599e-05
118528,2.94903e-05
118784,2.94687e-05
119040,2.94654e-05
119296,2.94034e-05
119552,2.9391e-05
119808,2.93776e-05
120064,2.93465e-05
120320,2.92917e-05
120576,2.92846e-05
120832,2.92283e-05
121088,2.91055e-05
121344,2.90583e-05
121600,2.90186e-05
121856,2.90186e-05
122112,2.8997e-05
122368,2.8932e-05
122624,2.89193e-05
122880,2.88698e-05
123136,2.87664e-05
123392,2.8758e-05
123648,2.8751e-05
123904,2.86959e-05
124160,2.86148e-05
124416,2.84984e-05
124672,2.84725e-05
124928,2.84725e-05
125184,2.84629e-05
125440,2.84477e-05
125696,2.84477e-05
125952,2.84375e-05
126208,2.79231e-05
126464,2.74152e-05
126720,2.74051e-05
126976,2.73723e-05
127232,2.73073e-05
127488,2.73044e-05
127744,2.71114e-05
128000,2.6614e-05
128256,2.65372e-05
128512,2.65363e-05
128768,2.64789e-05
129024,2.64039e-05
129280,2.62756e-05
129536,2.62697e-05
129792,2.60392e-05
130048,2.57295e-05
130304,2.56762e-05
130560,2.5593e-05
130816,2.55681e-05
131072,2.55424e-05
131328,2.54674e-05
131584,2.51155e-05
131840,2.49234e-05
132096,2.46922e-05
132352,2.43146e-05
132608,2.43146e-05
132864,2.43021e-05
133120,2.43021e-05
133376,2.43021e-05
133632,2.43021e-05
133888,2.43021e-05
134144,2.42962e-05
134400,2.41906e-05
134656,2.4178e-05
134912,2.41634e-05
135168,2.40787e-05
135424,2.40291e-05
135680,2.40167e-05
135936,2.40167e-05
136192,2.40167e-05
136448,2.40098e-05
136704,2.39919e-05
136960,2.39546e-05
137216,2.39546e-05
137472,2.36319e-05
137728,2.35823e-05
137984,2.35823e-05
138240,2.35544e-05
138496,2.3545e-05
138752,2.35078e-05
139008,2.34063e-05
139264,2.3326e-05
139520,2.31288e-05
139776,2.30993e-05
140032,2.29989e-05
140288,2.29989e-05
140544,2.29827e-05
140800,2.29427e-05
141056,2.28951e-05
141312,2.26142e-05
141568,2.26044e-05
141824,2.24942e-05
142080,2.17516e-05
142336,2.0643e-05
142592,2.05662e-05
142848,2.05662e-05
143104,2.05662e-05
143360,2.05662e-05
143616,2.05662e-05
143872,2.05236e-05
144128,2.05042e-05
144384,2.00428e-05
144640,1.96841e-05
144896,1.94944e-05
145152,1.9474e-05
145408,1.94418e-05
145664,1.91271e-05
145920,1.90892e-05
146176,1.90892e-05
146432,1.90835e-05
146688,1.90768e-05
146944,1.90768e-05
147200,1.90644e-05
147456,1.90538e-05
147712,1.9052e-05
147968,1.9052e-05
148224,1.9052e-05
148480,1.90421e-05
148736,1.9004e-05
148992,1.89899e-05
149248,1.89735e-05
149504,1.86338e-05
149760,1.85555e-05
150016,1.80182e-05
150272,1.7575e-05
150528,1.7575e-05
150784,1.75495e-05
151040,1.7213e-05
151296,1.69233e-05
151552,1.69103e-05
151808,1.68195e-05
152064,1.6456e-05
152320,1.59787e-05
152576,1.53715e-05
152832,1.46816e-05
153088,1.4408e-05
153344,1.43231e-05
153600,1.42346e-05
153856,1.40801e-05
154112,1.40376e-05
154368,1.40261e-05
154624,1.40252e-05
154880,1.40128e-05
155136,1.40004e-05
155392,1.3988e-05
155648,1.3988e-05
155904,1.3988e-05
156160,1.3988e-05
156416,1.3988e-05
156672,1.3988e-05
156928,1.39756e-05
157184,1.39756e-05
157440,1.39756e-05
157696,1.39756e-05
157952,1.39632e-05
158208,1.39632e-05
158464,1.39403e-05
158720,1.39011e-05
158976,1.38887e-05
159232,1.38887e-05
159488,1.38686e-05
159744,1.38515e-05
160000,1.38515e-05
160256,1.38515e-05
160512,1.37552e-05
160768,1.37273e-05
161024,1.37163e-05
161280,1.37149e-05
161536,1.36235e-05
161792,1.32369e-05
162048,1.31573e-05
162304,1.22693e-05
162560,1.19897e-05
162816,1.1724e-05
163072,1.15904e-05
163328,1.1267e-05
163584,1.10109e-05
163840,1.03017e-05
164096,1.03017e-05
164352,1.03017e-05
164608,1.03017e-05
164864,1.03017e-05
165120,1.02893e-05
165376,1.02881e-05
165632,1.02645e-05
165888,1.02521e-05
166144,1.02521e-05
166400,1.02397e-05
166656,1.02276e-05
166912,1.02148e-05
167168,1.02148e-05
167424,1.02148e-05
167680,1.02148e-05
167936,1.02024e-05
168192,1.02024e-05
168448,1.02024e-05
168704,1.02024e-05
168960,1.02024e-05
169216,1.02024e-05
169472,1.02024e-05
169728,1.00818e-05
169984,9.14741e-06
170240,9.14741e-06
170496,9.14741e-06
170752,9.14741e-06
171008,9.14512e-06
171264,9.135e-06
171520,9.135e-06
171776,9.135e-06
172032,9.135e-06
172288,9.135e-06
172544,9.13244e-06
172800,9.12259e-06
173056,9.12259e-06
173312,9.12259e-06
173568,9.12259e-06
173824,9.10137e-06
174080,7.99312e-06
174336,7.99312e-06
174592,7.99312e-06
174848,7.99312e-06
175104,7.99312e-06
175360,7.99312e-06
175616,7.99312e-06
175872,7.99312e-06
176128,7.99312e-06
176384,7.99312e-06
176640,7.99312e-06
176896,7.99312e-06
177152,7.99312e-06
177408,7.99312e-06
177664,7.99312e-06
177920,7.99312e-06
178176,7.14519e-06
178432,7.11188e-06
178688,7.11188e-06
178944,7.11188e-06
179200,7.11188e-06
179456,7.09463e-06
179712,6.04447e-06
179968,6.04447e-06
180224,6.04447e-06
180480,6.04447e-06
180736,6.04447e-06
180992,6.04447e-06
181248,6.04224e-06
181504,6.03206e-06
181760,6.03206e-06
182016,6.03206e-06
182272,6.03206e-06
182528,6.03206e-06
182784,5.95759e-06
183040,5.94605e-06
183296,5.94518e-06
183552,5.94518e-06
183808,5.94518e-06
184064,5.94518e-06
184320,5.94518e-06
184576,5.94518e-06
184832,5.94518e-06
185088,5.94518e-06
185344,5.93277e-06
185600,5.93277e-06
185856,5.93061e-06
186112,5.92036e-06
186368,5.92036e-06
186624,5.92036e-06
186880,5.39563e-06
187136,4.64195e-06
187392,4.64195e-06
187648,4.64195e-06
187904,4.64195e-06
188160,4.64195e-06
188416,4.64195e-06
188672,4.64195e-06
188928,4.64195e-06
189184,4.64195e-06
189440,4.64195e-06
189696,4.64195e-06
189952,4.64195e-06
190208,4.64195e-06
190464,4.64195e-06
190720,4.64195e-06
190976,4.62953e-06
191232,4.62953e-06
191488,4.62953e-06
191744,4.62953e-06
192000,4.62953e-06
192256,4.62953e-06
192512,4.62953e-06
192768,4.61712e-06
193024,4.61712e-06
193280,4.61712e-06
193536,4.61712e-06
193792,4.60471e-06
194048,4.60471e-06
194304,4.60471e-06
194560,4.60471e-06
194816,4.60471e-06
195072,4.60471e-06
195328,4.60471e-06
195584,4.60471e-06
195840,4.60471e-06
196096,4.60471e-06
196352,4.60471e-06
196608,4.60471e-06
196864,4.60471e-06
197120,4.60471e-06
197376,4.60471e-06
197632,4.60471e-06
197888,4.60471e-06
198144,4.60471e-06
198400,4.60471e-06
198656,4.60471e-06
198912,4.60471e-06
199168,4.60471e-06
199424,4.60471e-06
199680,4.59518e-06
199936,4.5923e-06
200192,4.5923e-06
200448,4.5923e-06
200704,4.5923e-06
200960,4.5923e-06
201216,4.5923e-06
201472,4.5923e-06
201728,4.5923e-06
201984,4.5923e-06
202240,4.5923e-06
202496,4.57989e-06
202752,4.57989e-06
203008,4.57989e-06
203264,4.57989e-06
203520,4.57989e-06
203776,4.57989e-06
204032,4.57989e-06
204288,4.57989e-06
204544,4.57989e-06
204800,4.57989e-06
205056,4.57989e-06
205312,4.57989e-06
205568,4.57989e-06
205824,4.57989e-06
206080,4.57989e-06
206336,4.57989e-06
206592,4.57989e-06
206848,4.57989e-06
207104,4.57989e-06
207360,4.57989e-06
207616,4.57989e-06
207872,4.57989e-06
208128,4.57989e-06
208384,4.57989e-06
208640,4.57989e-06
208896,4.57989e-06
209152,4.57989e-06
209408,4.57989e-06
209664,4.57134e-06
209920,4.56748e-06
210176,4.56748e-06
210432,4.56748e-06
210688,4.56748e-06
210944,4.56698e-06
211200,4.55506e-06
211456,4.55506e-06
211712,4.55506e-06
211968,4.55506e-06
212224,4.54265e-06
212480,4.54265e-06
212736,4.54265e-06
212992,4.54265e-06
213248,4.54265e-06
213504,4.54265e-06
213760,4.54265e-06
214016,4.54265e-06
214272,4.54265e-06
214528,4.54265e-06
214784,4.54265e-06
215040,4.54265e-06
215296,4.54265e-06
215552,4.54265e-06
215808,4.54265e-06
216064,4.54265e-06
216320,4.54265e-06
216576,4.54265e-06
216832,4.54265e-06
217088,4.54265e-06
217344,4.54265e-06
217600,4.54265e-06
217856,4.54265e-06
218112,4.54265e-06
218368,4.54265e-06
218624,4.54265e-06
218880,4.54265e-06
219136,4.54265e-06
219392,4.54265e-06
219648,4.54265e-06
219904,4.54265e-06
220160,4.54265e-06
220416,4.54265e-06
220672,4.54265e-06
220928,4.54265e-06
221184,4.54265e-06
221440,4.54265e-06
221696,4.54265e-06
221952,4.54265e-06
222208,4.54265e-06
222464,4.54265e-06
222720,4.54265e-06
222976,4.54265e-06
223232,4.54265e-06
223488,4.54265e-06
223744,4.54265e-06
224000,4.52591e-06
224256,4.51783e-06
224512,4.51783e-06
224768,4.49942e-06
225024,4.493e-06
225280,4.493e-06
225536,4.493e-06
225792,4.493e-06
226048,4.49013e-06
226304,4.48059e-06
226560,4.48059e-06
226816,4.48059e-06
227072,4.45577e-06
227328,4.45577e-06
227584,4.44336e-06
227840,4.44336e-06
228096,4.44336e-06
228352,4.42316e-06
228608,4.41853e-06
228864,4.41853e-06
229120,4.41853e-06
229376,4.41853e-06
229632,4.41853e-06
229888,4.41853e-06
230144,4.41853e-06
230400,4.41853e-06
230656,4.41853e-06
230912,4.41853e-06
231168,4.41853e-06
231424,4.41853e-06
231680,4.41853e-06
231936,4.41853e-06
232192,4.41853e-06
232448,4.41853e-06
232704,4.41853e-06
232960,4.41853e-06
233216,4.41853e-06
233472,4.41853e-06
233728,4.41853e-06
233984,4.41853e-06
234240,4.41853e-06
234496,4.41853e-06
234752,4.41853e-06
235008,4.41853e-06
235264,4.41853e-06
235520,4.41853e-06
235776,4.41853e-06
236032,4.41853e-06
236288,4.41853e-06
236544,4.41853e-06
236800,4.41853e-06
237056,4.41853e-06
237312,4.41853e-06
237568,4.41853e-06
237824,4.41853e-06
238080,4.41853e-06
238336,4.41853e-06
238592,4.41422e-06
238848,4.40612e-06
239104,4.40612e-06
239360,4.40612e-06
239616,4.40612e-06
239872,4.40612e-06
240128,4.40612e-06
240384,4.40612e-06
240640,4.40612e-06
240896,4.40612e-06
241152,4.40612e-06
241408,4.40612e-06
241664,4.40612e-06
241920,4.40612e-06
242176,4.40612e-06
242432,4.40612e-06
242688,4.40612e-06
242944,4.40532e-06
243200,4.39456e-06
243456,4.39371e-06
243712,4.39371e-06
243968,4.39371e-06
244224,4.39371e-06
244480,4.39371e-06
244736,4.39371e-06
244992,4.39371e-06
245248,4.39371e-06
245504,4.39371e-06
245760,4.39371e-06
246016,4.39371e-06
246272,4.39371e-06
246528,4.39371e-06
246784,4.39371e-06
247040,4.39371e-06
247296,4.39371e-06
247552,4.39371e-06
247808,4.39371e-06
248064,4.39371e-06
248320,4.39371e-06
248576,4.39371e-06
248832,4.39371e-06
249088,4.39371e-06
249344,4.39371e-06
249600,4.39371e-06
249856,4.39371e-06
250112,4.39371e-06
250368,4.39371e-06
250624,4.39371e-06
250880,4.39371e-06
251136,4.39371e-06
251392,4.39371e-06
251648,4.39371e-06
251904,4.39371e-06
252160,4.39371e-06
252416,4.39371e-06
252672,4.39371e-06
252928,4.39371e-06
253184,4.39371e-06
253440,4.39371e-06
253696,4.39371e-06
253952,4.38878e-06
254208,4.3813e-06
254464,4.3813e-06
254720,4.3813e-06
254976,4.3813e-06
255232,4.3813e-06
255488,4.3813e-06
255744,4.3813e-06
256000,4.3813e-06
256256,4.3813e-06
256512,4.37359e-06
256768,4.30814e-06
257024,4.30683e-06
257280,4.30683e-06
257536,4.30683e-06
257792,4.30683e-06
258048,4.30683e-06
258304,4.30683e-06
258560,4.30683e-06
258816,4.30683e-06
259072,4.30683e-06
259328,4.30683e-06
259584,4.30683e-06
259840,4.30683e-06
260096,4.30683e-06
260352,4.30683e-06
260608,4.30683e-06
260864,4.30683e-06
261120,4.30683e-06
261376,4.30683e-06
261632,4.30683e-06
261888,4.30683e-06
262144,4.30683e-06
262400,4.30683e-06
262656,4.30243e-06
262912,4.29141e-06
263168,4.28201e-06
263424,4.28201e-06
263680,4.28201e-06
263936,4.28201e-06
264192,4.28201e-06
264448,4.28201e-06
264704,4.28201e-06
264960,4.28201e-06
265216,4.28201e-06
265472,4.28201e-06
265728,4.28201e-06
265984,4.28201e-06
266240,4.28201e-06
266496,4.28201e-06
266752,4.28201e-06
267008,4.28201e-06
267264,4.28201e-06
267520,4.28201e-06
267776,4.28201e-06
268032,4.28201e-06
268288,4.28201e-06
268544,4.28201e-06
268800,4.28201e-06
269056,4.28201e-06
269312,4.28201e-06
269568,4.28201e-06
269824,4.28201e-06
270080,4.28201e-06
270336,4.28201e-06
270592,4.28201e-06
270848,4.28201e-06
271104,4.28201e-06
271360,4.28201e-06
271616,4.28201e-06
271872,4.28201e-06
272128,4.28201e-06
272384,4.25669e-06
272640,4.15789e-06
272896,4.15789e-06
273152,4.15789e-06
273408,4.15789e-06
273664,4.15789e-06
273920,4.1492e-06
274176,4.14548e-06
274432,4.14548e-06
274688,4.14548e-06
274944,4.14548e-06
275200,4.14174e-06
275456,4.13306e-06
275712,4.13306e-06
275968,4.13306e-06
276224,4.13306e-06
276480,4.13306e-06
276736,4.13306e-06
276992,4.13306e-06
277248,4.13306e-06
277504,4.13306e-06
277760,4.13306e-06
278016,4.13306e-06
278272,4.12839e-06
278528,4.12065e-06
278784,4.12065e-06
279040,4.12065e-06
279296,4.12065e-06
279552,4.12065e-06
279808,4.12065e-06
280064,4.12065e-06
280320,4.12065e-06
280576,4.12065e-06
280832,4.12065e-06
281088,4.12065e-06
281344,4.12065e-06
281600,4.12065e-06
281856,4.12065e-06
282112,4.12065e-06
282368,4.12065e-06
282624,4.12065e-06
282880,4.12065e-06
283136,4.12065e-06
283392,4.12065e-06
283648,4.12065e-06
283904,4.12065e-06
284160,4.12065e-06
284416,4.12065e-06
284672,4.12065e-06
284928,4.12065e-06
285184,4.12065e-06
285440,4.12065e-06
285696,4.12065e-06
285952,4.12065e-06
286208,4.12065e-06
286464,4.12065e-06
286720,4.12065e-06
286976,4.12065e-06
287232,4.12065e-06
287488,4.12065e-06
287744,4.12065e-06
288000,4.12065e-06
288256,4.12065e-06
288512,4.12065e-06
288768,4.12065e-06
289024,4.12065e-06
289280,4.12065e-06
289536,4.12065e-06
289792,4.12065e-06
290048,4.12065e-06
290304,4.12065e-06
290560,4.12065e-06
290816,4.12065e-06
291072,4.12065e-06
291328,4.12065e-06
291584,4.12065e-06
291840,4.12065e-06
292096,4.12065e-06
292352,4.12065e-06
292608,4.12065e-06
292864,4.12065e-06
293120,4.12065e-06
293376,4.12065e-06
293632,4.12065e-06
293888,4.12065e-06
294144,4.12065e-06
294400,4.12065e-06
294656,4.12065e-06
294912,4.12065e-06
295168,4.12065e-06
295424,4.12065e-06
295680,4.12065e-06
295936,4.12065e-06
296192,4.12065e-06
296448,4.12065e-06
296704,4.12065e-06
296960,4.12065e-06
297216,4.12065e-06
297472,4.12065e-06
297728,4.12065e-06
297984,4.12065e-06
298240,4.12065e-06
298496,4.12065e-06
298752,4.12065e-06
299008,4.12065e-06
299264,4.12065e-06
299520,4.12065e-06
299776,4.12065e-06
300032,4.12065e-06
300288,4.12065e-06
300544,4.12065e-06
300800,4.12065e-06
301056,4.12065e-06
301312,4.12065e-06
301568,4.12065e-06
301824,4.12065e-06
302080,4.12065e-06
302336,4.12065e-06
302592,4.12065e-06
302848,4.12065e-06
303104,4.12065e-06
303360,4.12065e-06
303616,4.12065e-06
303872,4.12065e-06
304128,4.12065e-06
304384,4.12065e-06
304640,4.12065e-06
304896,4.12065e-06
305152,4.12065e-06
305408,4.12065e-06
305664,4.12065e-06
305920,4.12065e-06
306176,4.12065e-06
306432,4.12065e-06
306688,4.12065e-06
306944,4.12065e-06
307200,4.12065e-06
307456,4.12065e-06
307712,4.12065e-06
307968,4.12065e-06
308224,4.12065e-06
308480,4.12065e-06
308736,4.12065e-06
308992,4.12065e-06
309248,4.12065e-06
309504,4.12065e-06
309760,4.12065e-06
310016,4.12065e-06
310272,4.12065e-06
310528,4.12065e-06
310784,4.12065e-06
311040,4.12065e-06
311296,4.12065e-06
311552,4.12065e-06
311808,4.12065e-06
312064,4.12065e-06
312320,4.12065e-06
312576,4.12065e-06
312832,4.12065e-06
313088,4.12065e-06
313344,4.12065e-06
313600,4.12065e-06
313856,4.12065e-06
314112,4.12065e-06
314368,4.12065e-06
314624,4.12065e-06
314880,4.12065e-06
315136,4.12065e-06
315392,4.12065e-06
315648,4.12065e-06
315904,4.12065e-06
316160,4.12065e-06
316416,4.12065e-06
316672,4.12065e-06
316928,4.12065e-06
317184,4.12065e-06
317440,4.12065e-06
317696,4.12065e-06
317952,4.12065e-06
318208,4.12065e-06
318464,4.12065e-06
318720,4.12065e-06
318976,4.12065e-06
319232,4.12065e-06
319488,4.12065e-06
319744,4.12065e-06
320000,4.12065e-06
320256,4.12065e-06
320512,4.12065e-06
320768,4.12065e-06
321024,4.12065e-06
321280,4.12065e-06
321536,4.12065e-06
321792,4.12065e-06
322048,4.12065e-06
322304,4.12065e-06
322560,4.12065e-06
322816,4.12065e-06
323072,4.12065e-06
323328,4.12065e-06
323584,4.12065e-06
323840,4.12065e-06
324096,4.12065e-06
324352,4.12065e-06
324608,4.12065e-06
324864,4.12065e-06
325120,4.12065e-06
325376,4.12065e-06
325632,4.12065e-06
325888,4.12065e-06
326144,4.12065e-06
326400,4.12065e-06
326656,4.12065e-06
326912,4.12065e-06
327168,4.12065e-06
327424,4.12065e-06
327680,4.12065e-06
327936,4.12065e-06
328192,4.12065e-06
328448,4.12065e-06
328704,4.12065e-06
328960,4.12065e-06
329216,4.12065e-06
329472,4.12065e-06
329728,4.12065e-06
329984,4.12065e-06
330240,4.12065e-06
330496,4.12065e-06
330752,4.12065e-06
331008,4.12065e-06
331264,4.12065e-06
331520,4.12065e-06
331776,4.12065e-06
332032,4.12065e-06
332288,4.12065e-06
332544,4.12065e-06
332800,4.12065e-06
333056,4.12065e-06
333312,4.12065e-06
333568,4.12065e-06
333824,4.12065e-06
334080,4.12065e-06
334336,4.12065e-06
334592,4.12065e-06
334848,4.12065e-06
335104,4.12065e-06
335360,4.12065e-06
335616,4.12065e-06
335872,4.12065e-06
336128,4.12065e-06
336384,4.12065e-06
336640,4.12065e-06
336896,4.12065e-06
337152,4.12065e-06
337408,4.12065e-06
337664,4.12065e-06
337920,4.12065e-06
338176,4.12065e-06
338432,4.12065e-06
338688,4.12065e-06
338944,4.12065e-06
339200,4.12065e-06
339456,4.12065e-06
339712,4.12065e-06
339968,4.12065e-06
340224,4.12065e-06
340480,4.12065e-06
340736,4.12065e-06
340992,4.12065e-06
341248,4.12065e-06
341504,4.12065e-06
341760,4.12065e-06
342016,4.12065e-06
342272,4.12065e-06
342528,4.12065e-06
342784,4.12065e-06
343040,4.12065e-06
343296,4.12065e-06
343552,4.12065e-06
343808,4.12065e-06
344064,4.12065e-06
344320,4.12065e-06
344576,4.12065e-06
344832,4.12065e-06
345088,4.12065e-06
345344,4.12065e-06
345600,4.12065e-06
345856,4.12065e-06
346112,4.12065e-06
346368,4.12065e-06
346624,4.12065e-06
346880,4.12065e-06
347136,4.12065e-06
347392,4.12065e-06
347648,4.12065e-06
347904,4.12065e-06
348160,4.12065e-06
348416,4.12065e-06
348672,4.12065e-06
348928,4.12065e-06
349184,4.12065e-06
349440,4.12065e-06
349696,4.12065e-06
349952,4.12065e-06
350208,4.12065e-06
350464,4.12065e-06
350720,4.12065e-06
350976,4.12065e-06
351232,4.12065e-06
351488,4.12065e-06
351744,4.12065e-06
352000,4.12065e-06
352256,4.12065e-06
352512,4.12065e-06
352768,4.12065e-06
353024,4.12065e-06
353280,4.12065e-06
353536,4.12065e-06
353792,4.12065e-06
354048,4.12065e-06
354304,4.12065e-06
354560,4.12065e-06
354816,4.12065e-06
355072,4.12065e-06
355328,4.12065e-06
355584,4.12065e-06
355840,4.12065e-06
356096,4.12065e-06
356352,4.12065e-06
356608,4.12065e-06
356864,4.12065e-06
357120,4.12065e-06
357376,4.12065e-06
357632,4.12065e-06
357888,4.12065e-06
358144,4.12065e-06
358400,4.12065e-06
358656,4.12065e-06
358912,4.12065e-06
359168,4.12065e-06
359424,4.12065e-06
359680,4.12065e-06
359936,4.12065e-06
360192,4.12065e-06
360448,4.12065e-06
360704,4.12065e-06
360960,4.12065e-06
361216,4.12065e-06
361472,4.12065e-06
361728,4.12065e-06
361984,4.12065e-06
362240,4.12065e-06
362496,4.12065e-06
362752,4.12065e-06
363008,4.12065e-06
363264,4.12065e-06
363520,4.12065e-06
363776,4.12065e-06
364032,4.12065e-06
364288,4.12065e-06
364544,4.12065e-06
364800,4.12065e-06
365056,4.12065e-06
365312,4.12065e-06
365568,4.12065e-06
365824,4.12065e-06
366080,4.12065e-06
366336,4.12065e-06
366592,4.12065e-06
366848,4.12065e-06
367104,4.12065e-06
367360,4.12065e-06
367616,4.12065e-06
367872,4.12065e-06
368128,4.12065e-06
368384,4.12065e-06
368640,4.12065e-06
368896,4.12065e-06
369152,4.12065e-06
369408,4.12065e-06
369664,4.12065e-06
369920,4.12065e-06
370176,4.12065e-06
370432,4.12065e-06
370688,4.12065e-06
370944,4.12065e-06
371200,4.12065e-06
371456,4.12065e-06
371712,4.12065e-06
371968,4.12065e-06
372224,4.12065e-06
372480,4.12065e-06
372736,4.12065e-06
372992,4.12065e-06
373248,4.12065e-06
373504,4.12065e-06
373760,4.12065e-06
374016,4.12065e-06
374272,4.12065e-06
374528,4.12065e-06
374784,4.12065e-06
375040,4.12065e-06
375296,4.12065e-06
375552,4.12065e-06
375808,4.12065e-06
376064,4.12065e-06
376320,4.12065e-06
376576,4.12065e-06
376832,4.12065e-06
377088,4.12065e-06
377344,4.12065e-06
377600,4.12065e-06
377856,4.12065e-06
378112,4.12065e-06
378368,4.12065e-06
378624,4.12065e-06
378880,4.12065e-06
379136,4.12065e-06
379392,4.12065e-06
379648,4.12065e-06
379904,4.12065e-06
380160,4.12065e-06
380416,4.12065e-06
380672,4.12065e-06
380928,4.12065e-06
381184,4.12065e-06
381440,4.12065e-06
381696,4.12065e-06
381952,4.12065e-06
382208,4.12065e-06
382464,4.12065e-06
382720,4.12065e-06
382976,4.12065e-06
383232,4.12065e-06
383488,4.12065e-06
383744,4.12065e-06
384000,4.12065e-06
384256,4.12065e-06
384512,4.12065e-06
384768,4.12065e-06
385024,4.12065e-06
385280,4.12065e-06
385536,4.12065e-06
385792,4.12065e-06
386048,4.12065e-06
386304,4.12065e-06
386560,4.12065e-06
386816,4.12065e-06
387072,4.12065e-06
387328,4.12065e-06
387584,4.12065e-06
387840,4.12065e-06
388096,4.12065e-06
388352,4.12065e-06
388608,4.12065e-06
388864,4.12065e-06
389120,4.12065e-06
389376,4.12065e-06
389632,4.12065e-06
389888,4.12065e-06
390144,4.12065e-06
390400,4.12065e-06
390656,4.12065e-06
390912,4.12065e-06
391168,4.12065e-06
391424,4.12065e-06
391680,4.12065e-06
391936,4.12065e-06
392192,4.12065e-06
392448,4.12065e-06
392704,4.12065e-06
392960,4.12065e-06
393216,4.12065e-06
393472,4.12065e-06
393728,4.12065e-06
393984,4.12065e-06
394240,4.12065e-06
394496,4.12065e-06
394752,4.12065e-06
395008,4.12065e-06
395264,4.12065e-06
395520,4.12065e-06
395776,4.11331e-06
396032,4.09023e-06
396288,4.07101e-06
396544,4.07101e-06
396800,4.07014e-06
397056,4.0468e-06
397312,4.02334e-06
397568,3.82231e-06
397824,3.59243e-06
398080,3.57454e-06
398336,3.57386e-06
398592,3.56059e-06
398848,3.48564e-06
399104,3.1125e-06
399360,2.4528e-06
399616,1.52076e-06
399872,1.36525e-06
400128,1.36525e-06
400384,1.36525e-06
400640,1.36525e-06
400896,1.36525e-06
401152,1.36525e-06
401408,1.36525e-06
401664,1.36525e-06
401920,1.36525e-06
402176,1.36525e-06
402432,1.36525e-06
402688,1.36525e-06
402944,1.36525e-06
403200,1.36525e-06
403456,1.36525e-06
403712,1.36525e-06
403968,1.36525e-06
404224,1.36525e-06
404480,1.36525e-06
404736,1.36525e-06
404992,1.36525e-06
405248,1.36525e-06
405504,1.36525e-06
405760,1.36525e-06
406016,1.36525e-06
406272,1.36525e-06
406528,1.36525e-06
406784,1.36525e-06
407040,1.36525e-06
407296,1.36525e-06
407552,1.36525e-06
407808,1.36525e-06
408064,1.36525e-06
408320,1.36525e-06
408576,1.36525e-06
408832,1.36525e-06
409088,1.36525e-06
409344,1.36525e-06
409600,1.36525e-06
409856,1.36525e-06
410112,1.36525e-06
410368,1.36525e-06
410624,1.36525e-06
410880,1.36525e-06
411136,1.36525e-06
411392,1.36525e-06
411648,1.36525e-06
411904,1.36525e-06
412160,1.36525e-06
412416,1.36525e-06
412672,1.36525e-06
412928,1.36525e-06
413184,1.36525e-06
413440,1.36525e-06
413696,1.36525e-06
413952,1.36525e-06
414208,1.36525e-06
414464,1.36525e-06
414720,1.36525e-06
414976,1.36525e-06
415232,1.36525e-06
415488,1.36525e-06
415744,1.36525e-06
416000,1.36525e-06
416256,1.36525e-06
416512,1.36525e-06
416768,1.36525e-06
417024,1.36525e-06
417280,1.36525e-06
417536,1.36525e-06
417792,1.36525e-06
418048,1.36525e-06
418304,1.36525e-06
418560,1.36525e-06
418816,1.36525e-06
419072,1.36525e-06
419328,1.36525e-06
419584,1.36525e-06
419840,1.36525e-06
420096,1.36525e-06
420352,1.36525e-06
420608,1.36525e-06
420864,1.26512e-06
421120,1.2163e-06
421376,1.2163e-06
421632,1.2163e-06
421888,1.2163e-06
422144,1.2163e-06
422400,1.2163e-06
422656,1.2163e-06
422912,1.2163e-06
423168,1.2163e-06
423424,1.2163e-06
423680,1.2163e-06
423936,1.2163e-06
424192,1.2163e-06
424448,1.2163e-06
424704,1.2163e-06
424960,1.2163e-06
425216,1.2163e-06
425472,1.2163e-06
425728,1.2163e-06
425984,1.2163e-06
426240,1.2163e-06
426496,1.2163e-06
426752,1.2163e-06
427008,1.2163e-06
427264,1.2163e-06
427520,1.2163e-06
427776,1.2163e-06
428032,1.2163e-06
428288,1.2163e-06
428544,1.2163e-06
428800,1.2163e-06
429056,1.2163e-06
429312,1.2163e-06
429568,1.2163e-06
429824,1.2163e-06
430080,1.2163e-06
430336,1.2163e-06
430592,1.2163e-06
430848,1.2163e-06
431104,1.2163e-06
431360,1.2163e-06
431616,1.2163e-06
431872,1.2163e-06
432128,1.2163e-06
432384,1.2163e-06
432640,1.2163e-06
432896,1.2163e-06
433152,1.2163e-06
433408,1.2163e-06
433664,1.2163e-06
433920,1.2163e-06
434176,1.2163e-06
434432,1.2163e-06
434688,1.2163e-06
434944,1.2163e-06
435200,1.2163e-06
435456,1.2163e-06
435712,1.2163e-06
435968,1.2163e-06
436224,1.2163e-06
436480,1.2163e-06
436736,1.2163e-06
436992,1.2163e-06
437248,1.2163e-06
437504,1.2163e-06
437760,1.2163e-06
438016,1.2163e-06
438272,1.2163e-06
438528,1.2163e-06
438784,1.2163e-06
439040,1.2163e-06
439296,1.2163e-06
439552,1.2163e-06
439808,1.2163e-06
440064,1.2163e-06
440320,1.2163e-06
440576,1.2163e-06
440832,1.2163e-06
441088,1.2163e-06
441344,1.2163e-06
441600,1.2163e-06
441856,1.2163e-06
442112,1.2163e-06
442368,1.2163e-06
442624,1.2163e-06
442880,1.2163e-06
443136,1.2163e-06
443392,1.2163e-06
443648,1.2163e-06
443904,1.2163e-06
444160,1.2163e-06
444416,1.2163e-06
444672,1.2163e-06
444928,1.2163e-06
445184,1.2163e-06
445440,1.2163e-06
445696,1.2163e-06
445952,1.2163e-06
446208,1.2163e-06
446464,1.2163e-06
446720,1.2163e-06
446976,1.2163e-06
447232,1.2163e-06
447488,1.2163e-06
447744,1.2163e-06
448000,1.2163e-06
448256,1.2163e-06
448512,1.2163e-06
448768,1.2163e-06
449024,1.2163e-06
449280,1.2163e-06
449536,1.2163e-06
449792,1.2163e-06
450048,1.2163e-06
450304,1.2163e-06
450560,1.2163e-06
450816,1.17582e-06
451072,1.07977e-06
451328,9.68069e-07
451584,9.68069e-07
451840,9.68069e-07
452096,9.68069e-07
452352,9.68069e-07
452608,9.68069e-07
452864,9.68069e-07
453120,9.68069e-07
453376,9.68069e-07
453632,9.68069e-07
453888,9.68069e-07
454144,9.68069e-07
454400,9.68069e-07
454656,9.68069e-07
454912,9.68069e-07
455168,9.68069e-07
455424,9.68069e-07
455680,9.68069e-07
455936,9.68069e-07
456192,9.68069e-07
456448,9.68069e-07
456704,9.68069e-07
456960,9.68069e-07
457216,9.68069e-07
457472,9.68069e-07
457728,9.68069e-07
457984,9.68069e-07
458240,9.68069e-07
458496,9.68069e-07
458752,9.68069e-07
459008,9.68069e-07
459264,9.68069e-07
459520,9.68069e-07
459776,9.68069e-07
460032,9.68069e-07
460288,9.68069e-07
460544,9.68069e-07
460800,9.68069e-07
461056,9.68069e-07
461312,9.68069e-07
461568,9.68069e-07
461824,9.68069e-07
462080,9.68069e-07
462336,9.68069e-07
462592,9.68069e-07
462848,9.68069e-07
463104,9.68069e-07
463360,9.68069e-07
463616,9.68069e-07
463872,9.68069e-07
464128,9.68069e-07
464384,9.68069e-07
464640,9.68069e-07
464896,9.68069e-07
465152,9.68069e-07
465408,9.68069e-07
465664,9.68069e-07
465920,9.68069e-07
466176,9.68069e-07
466432,9.68069e-07
466688,9.68069e-07
466944,9.68069e-07
467200,9.68069e-07
467456,9.68069e-07
467712,9.68069e-07
467968,9.68069e-07
468224,9.68069e-07
468480,9.68069e-07
468736,9.68069e-07
468992,9.68069e-07
469248,9.68069e-07
469504,9.68069e-07
469760,9.68069e-07
470016,9.68069e-07
470272,9.68069e-07
470528,9.68069e-07
470784,9.68069e-07
471040,9.68069e-07
471296,9.68069e-07
471552,9.68069e-07
471808,9.68069e-07
472064,9.68069e-07
472320,9.68069e-07
472576,9.68069e-07
472832,9.68069e-07
473088,9.68069e-07
473344,9.68069e-07
473600,9.68069e-07
473856,9.68069e-07
474112,9.68069e-07
474368,9.68069e-07
474624,9.68069e-07
474880,9.68069e-07
475136,9.68069e-07
475392,9.68069e-07
475648,9.68069e-07
475904,9.68069e-07
476160,9.68069e-07
476416,9.68069e-07
476672,9.68069e-07
476928,9.68069e-07
477184,9.68069e-07
477440,9.68069e-07
477696,9.68069e-07
477952,9.68069e-07
478208,9.68069e-07
478464,9.68069e-07
478720,9.68069e-07
478976,9.68069e-07
479232,9.68069e-07
479488,9.68069e-07
479744,9.68069e-07
480000,9.68069e-07
480256,9.68069e-07
480512,9.68069e-07
480768,9.68069e-07
481024,9.68069e-07
481280,9.68069e-07
481536,9.68069e-07
481792,9.68069e-07
482048,9.68069e-07
482304,9.68069e-07
482560,9.68069e-07
482816,9.68069e-07
483072,9.68069e-07
483328,9.68069e-07
483584,9.68069e-07
483840,9.68069e-07
484096,9.68069e-07
484352,9.68069e-07
484608,9.68069e-07
484864,9.68069e-07
485120,9.68069e-07
485376,9.68069e-07
485632,9.68069e-07
485888,9.68069e-07
486144,9.68069e-07
486400,9.68069e-07
486656,9.68069e-07
486912,9.68069e-07
487168,9.68069e-07
487424,9.68069e-07
487680,9.68069e-07
487936,9.68069e-07
488192,9.68069e-07
488448,9.68069e-07
488704,9.68069e-07
488960,9.68069e-07
489216,9.68069e-07
489472,9.68069e-07
489728,9.68069e-07
489984,9.68069e-07
490240,9.68069e-07
490496,9.68069e-07
490752,9.68069e-07
491008,9.68069e-07
491264,9.68069e-07
491520,9.68069e-07
491776,9.68069e-07
492032,9.68069e-07
492288,9.68069e-07
492544,9.68069e-07
492800,9.68069e-07
493056,9.68069e-07
493312,9.68069e-07
493568,9.68069e-07
493824,9.68069e-07
494080,9.68069e-07
494336,9.68069e-07
494592,9.68069e-07
494848,9.68069e-07
495104,9.68069e-07
495360,9.68069e-07
495616,9.68069e-07
495872,9.68069e-07
496128,9.68069e-07
496384,9.68069e-07
496640,9.68069e-07
496896,9.68069e-07
497152,9.68069e-07
497408,9.68069e-07
497664,9.68069e-07
497920,9.68069e-07
498176,9.68069e-07
498432,9.68069e-07
498688,9.68069e-07
498944,9.68069e-07
499200,9.68069e-07
499456,9.68069e-07
499712,9.68069e-07
499968,9.68069e-07
500224,9.68069e-07
500480,9.68069e-07
500736,9.68069e-07
500992,9.68069e-07
501248,9.68069e-07
501504,9.68069e-07
501760,9.68069e-07
502016,9.68069e-07
502272,9.68069e-07
502528,9.68069e-07
502784,9.68069e-07
503040,9.68069e-07
503296,9.68069e-07
503552,9.68069e-07
503808,9.68069e-07
504064,9.68069e-07
504320,9.68069e-07
504576,9.68069e-07
504832,9.68069e-07
505088,9.68069e-07
505344,9.68069e-07
505600,9.68069e-07
505856,9.68069e-07
506112,9.68069e-07
506368,9.68069e-07
506624,9.68069e-07
506880,9.68069e-07
507136,9.68069e-07
507392,9.68069e-07
507648,9.68069e-07
507904,9.68069e-07
508160,9.68069e-07
508416,9.68069e-07
508672,9.68069e-07
508928,9.68069e-07
509184,9.68069e-07
509440,9.68069e-07
509696,9.68069e-07
509952,9.68069e-07
510208,9.68069e-07
510464,9.68069e-07
510720,9.68069e-07
510976,9.68069e-07
511232,9.68069e-07
511488,9.68069e-07
511744,9.68069e-07
512000,9.68069e-07
512256,9.68069e-07
512512,9.68069e-07
512768,9.68069e-07
513024,9.68069e-07
513280,9.68069e-07
513536,9.68069e-07
513792,9.68069e-07
514048,9.68069e-07
514304,9.68069e-07
514560,9.68069e-07
514816,9.68069e-07
515072,9.68069e-07
515328,9.68069e-07
515584,9.68069e-07
515840,9.68069e-07
516096,9.68069e-07
516352,9.68069e-07
516608,9.68069e-07
516864,9.68069e-07
517120,9.68069e-07
517376,9.68069e-07
517632,9.68069e-07
517888,9.68069e-07
518144,9.68069e-07
518400,9.68069e-07
518656,9.68069e-07
518912,9.68069e-07
519168,9.68069e-07
519424,9.68069e-07
519680,9.68069e-07
519936,9.68069e-07
520192,9.68069e-07
520448,9.68069e-07
520704,9.68069e-07
520960,9.68069e-07
521216,9.68069e-07
521472,9.68069e-07
521728,9.68069e-07
521984,9.68069e-07
522240,9.68069e-07
522496,9.68069e-07
522752,9.68069e-07
523008,9.68069e-07
523264,9.68069e-07
523520,9.68069e-07
523776,9.68069e-07
524032,9.68069e-07
524288,9.68069e-07
524544,9.68069e-07
524800,9.68069e-07
525056,9.68069e-07
525312,9.68069e-07
525568,9.68069e-07
525824,9.68069e-07
526080,9.68069e-07
526336,9.68069e-07
526592,9.68069e-07
526848,9.68069e-07
527104,9.68069e-07
527360,9.68069e-07
527616,9.68069e-07
527872,9.68069e-07
528128,9.68069e-07
528384,9.68069e-07
528640,9.68069e-07
528896,9.68069e-07
529152,9.68069e-07
529408,9.68069e-07
529664,9.68069e-07
529920,9.68069e-07
530176,9.68069e-07
530432,9.68069e-07
530688,9.68069e-07
530944,9.68069e-07
531200,9.68069e-07
531456,9.68069e-07
531712,9.68069e-07
531968,9.68069e-07
532224,9.68069e-07
532480,9.68069e-07
532736,9.68069e-07
532992,9.68069e-07
533248,9.68069e-07
533504,9.68069e-07
533760,9.68069e-07
534016,9.68069e-07
534272,9.68069e-07
534528,9.68069e-07
534784,9.68069e-07
535040,9.68069e-07
535296,9.68069e-07
535552,9.68069e-07
535808,9.68069e-07
536064,9.68069e-07
536320,9.68069e-07
536576,9.68069e-07
536832,9.68069e-07
537088,9.68069e-07
537344,9.68069e-07
537600,9.68069e-07
537856,9.68069e-07
538112,9.68069e-07
538368,9.68069e-07
538624,9.68069e-07
538880,9.68069e-07
539136,9.68069e-07
539392,9.68069e-07
539648,9.68069e-07
539904,9.68069e-07
540160,9.68069e-07
540416,9.68069e-07
540672,9.68069e-07
540928,9.68069e-07
541184,9.68069e-07
541440,9.68069e-07
541696,9.68069e-07
541952,9.68069e-07
542208,9.68069e-07
542464,9.68069e-07
542720,9.68069e-07
542976,9.68069e-07
543232,9.68069e-07
543488,9.68069e-07
543744,9.68069e-07
544000,9.68069e-07
544256,9.68069e-07
544512,9.68069e-07
544768,9.68069e-07
545024,9.68069e-07
545280,9.68069e-07
545536,9.68069e-07
545792,9.68069e-07
546048,9.68069e-07
546304,9.68069e-07
546560,9.68069e-07
546816,9.68069e-07
547072,9.68069e-07
547328,9.68069e-07
547584,9.68069e-07
547840,9.68069e-07
548096,9.68069e-07
548352,9.68069e-07
548608,9.68069e-07
548864,9.68069e-07
549120,9.68069e-07
549376,9.68069e-07
549632,9.68069e-07
549888,9.68069e-07
550144,9.68069e-07
550400,9.68069e-07
550656,9.68069e-07
550912,9.68069e-07
551168,9.68069e-07
551424,9.68069e-07
551680,9.68069e-07
551936,9.68069e-07
552192,9.68069e-07
552448,9.68069e-07
552704,9.68069e-07
552960,9.68069e-07
553216,9.68069e-07
553472,9.68069e-07
553728,9.68069e-07
553984,9.68069e-07
554240,9.68069e-07
554496,9.68069e-07
554752,9.68069e-07
555008,9.68069e-07
555264,9.68069e-07
555520,9.68069e-07
555776,9.68069e-07
556032,9.68069e-07
556288,9.68069e-07
556544,9.68069e-07
556800,9.68069e-07
557056,9.68069e-07
557312,9.68069e-07
557568,9.68069e-07
557824,9.68069e-07
558080,9.68069e-07
558336,9.68069e-07
558592,9.68069e-07
558848,9.68069e-07
559104,9.68069e-07
559360,9.68069e-07
559616,9.68069e-07
559872,9.68069e-07
560128,9.68069e-07
560384,9.68069e-07
560640,9.68069e-07
560896,9.68069e-07
561152,9.68069e-07
561408,9.68069e-07
561664,9.68069e-07
561920,9.68069e-07
562176,9.68069e-07
562432,9.68069e-07
562688,9.68069e-07
562944,9.68069e-07
563200,9.68069e-07
563456,9.68069e-07
563712,9.68069e-07
563968,9.68069e-07
564224,9.68069e-07
564480,9.68069e-07
564736,9.68069e-07
564992,9.68069e-07
565248,9.68069e-07
565504,9.68069e-07
565760,9.68069e-07
566016,9.68069e-07
566272,9.68069e-07
566528,9.68069e-07
566784,9.68069e-07
567040,9.68069e-07
567296,9.68069e-07
567552,9.68069e-07
567808,9.68069e-07
568064,9.68069e-07
568320,9.68069e-07
568576,9.68069e-07
568832,9.68069e-07
569088,9.68069e-07
569344,9.68069e-07
569600,9.68069e-07
569856,9.68069e-07
570112,9.68069e-07
570368,9.68069e-07
570624,9.68069e-07
570880,9.68069e-07
571136,9.68069e-07
571392,9.68069e-07
571648,9.68069e-07
571904,9.68069e-07
572160,9.68069e-07
572416,9.68069e-07
572672,9.68069e-07
572928,9.68069e-07
573184,9.68069e-07
573440,9.68069e-07
573696,9.68069e-07
573952,9.68069e-07
574208,9.68069e-07
574464,9.68069e-07
574720,9.68069e-07
574976,9.68069e-07
575232,9.68069e-07
575488,9.68069e-07
575744,9.68069e-07
576000,9.68069e-07
576256,9.68069e-07
576512,9.68069e-07
576768,9.68069e-07
577024,9.68069e-07
577280,9.68069e-07
577536,9.68069e-07
577792,9.68069e-07
578048,9.68069e-07
578304,9.68069e-07
578560,9.68069e-07
578816,9.68069e-07
579072,9.68069e-07
579328,9.68069e-07
579584,9.68069e-07
579840,9.68069e-07
580096,9.68069e-07
580352,9.68069e-07
580608,9.68069e-07
580864,9.68069e-07
581120,9.68069e-07
581376,9.68069e-07
581632,9.68069e-07
581888,9.68069e-07
582144,9.68069e-07
582400,9.68069e-07
582656,9.68069e-07
582912,9.68069e-07
583168,9.68069e-07
583424,9.68069e-07
583680,9.68069e-07
583936,9.68069e-07
584192,9.68069e-07
584448,9.68069e-07
584704,9.68069e-07
584960,9.68069e-07
585216,9.68069e-07
585472,9.68069e-07
585728,9.68069e-07
585984,9.68069e-07
586240,9.68069e-07
586496,9.68069e-07
586752,9.68069e-07
587008,9.68069e-07
587264,9.68069e-07
587520,9.68069e-07
587776,9.68069e-07
588032,9.68069e-07
588288,9.68069e-07
588544,9.68069e-07
588800,9.68069e-07
589056,9.68069e-07
589312,9.68069e-07
589568,9.68069e-07
589824,9.68069e-07
590080,9.68069e-07
590336,9.68069e-07
590592,9.68069e-07
590848,9.68069e-07
591104,9.68069e-07
591360,9.68069e-07
591616,9.68069e-07
591872,9.68069e-07
592128,9.68069e-07
592384,9.68069e-07
592640,9.68069e-07
592896,9.68069e-07
593152,9.68069e-07
593408,9.68069e-07
593664,9.68069e-07
593920,9.68069e-07
594176,9.68069e-07
594432,9.68069e-07
594688,9.68069e-07
594944,9.68069e-07
595200,9.68069e-07
595456,9.68069e-07
595712,9.68069e-07
595968,9.68069e-07
596224,9.68069e-07
596480,9.68069e-07
596736,9.68069e-07
596992,9.68069e-07
597248,9.68069e-07
597504,9.68069e-07
597760,9.68069e-07
598016,9.68069e-07
598272,9.68069e-07
598528,9.68069e-07
598784,9.68069e-07
599040,9.68069e-07
599296,9.68069e-07
599552,9.68069e-07
599808,9.68069e-07
600064,9.68069e-07
600320,9.68069e-07
600576,9.68069e-07
600832,9.68069e-07
601088,9.68069e-07
601344,9.68069e-07
601600,9.68069e-07
601856,9.68069e-07
602112,9.68069e-07
602368,9.68069e-07
602624,9.68069e-07
602880,9.68069e-07
603136,9.68069e-07
603392,9.68069e-07
603648,9.68069e-07
603904,9.68069e-07
604160,9.68069e-07
604416,9.68069e-07
604672,9.68069e-07
604928,9.68069e-07
605184,9.68069e-07
605440,9.68069e-07
605696,9.68069e-07
605952,9.68069e-07
606208,9.68069e-07
606464,9.68069e-07
606720,9.68069e-07
606976,9.68069e-07
607232,9.68069e-07
607488,9.68069e-07
607744,9.68069e-07
608000,9.68069e-07
608256,9.68069e-07
608512,9.68069e-07
608768,9.68069e-07
609024,9.68069e-07
609280,9.68069e-07
609536,9.68069e-07
609792,9.68069e-07
610048,9.68069e-07
610304,9.68069e-07
610560,9.68069e-07
610816,9.68069e-07
611072,9.68069e-07
611328,9.68069e-07
611584,9.68069e-07
611840,9.68069e-07
612096,9.68069e-07
612352,9.68069e-07
612608,9.68069e-07
612864,9.68069e-07
613120,9.68069e-07
613376,9.68069e-07
613632,9.68069e-07
613888,9.68069e-07
614144,9.68069e-07
614400,9.68069e-07
614656,9.68069e-07
614912,9.68069e-07
615168,9.68069e-07
615424,9.68069e-07
615680,9.68069e-07
615936,9.68069e-07
616192,9.68069e-07
616448,9.68069e-07
616704,9.68069e-07
616960,9.68069e-07
617216,9.68069e-07
617472,9.68069e-07
617728,9.68069e-07
617984,9.68069e-07
618240,9.68069e-07
618496,9.68069e-07
618752,9.68069e-07
619008,9.68069e-07
619264,9.68069e-07
619520,9.68069e-07
619776,9.68069e-07
620032,9.68069e-07
620288,9.68069e-07
620544,9.68069e-07
620800,9.68069e-07
621056,9.68069e-07
621312,9.68069e-07
621568,9.68069e-07
621824,9.68069e-07
622080,9.68069e-07
622336,9.68069e-07
622592,9.68069e-07
622848,9.68069e-07
623104,9.68069e-07
623360,9.68069e-07
623616,9.68069e-07
623872,9.68069e-07
624128,9.68069e-07
624384,9.68069e-07
624640,9.68069e-07
624896,9.68069e-07
625152,9.68069e-07
625408,9.68069e-07
625664,9.68069e-07
625920,9.68069e-07
626176,9.68069e-07
626432,9.68069e-07
626688,9.68069e-07
626944,9.68069e-07
627200,9.68069e-07
627456,9.68069e-07
627712,9.68069e-07
627968,9.68069e-07
628224,9.68069e-07
628480,9.68069e-07
628736,9.68069e-07
628992,9.68069e-07
629248,9.68069e-07
629504,9.68069e-07
629760,9.68069e-07
630016,9.68069e-07
630272,9.68069e-07
630528,9.68069e-07
630784,9.68069e-07
631040,9.68069e-07
631296,9.68069e-07
631552,9.68069e-07
631808,9.68069e-07
632064,9.68069e-07
632320,9.68069e-07
632576,9.68069e-07
632832,9.68069e-07
633088,9.68069e-07
633344,9.68069e-07
633600,9.68069e-07
633856,9.68069e-07
634112,9.68069e-07
634368,9.68069e-07
634624,9.68069e-07
634880,9.68069e-07
635136,9.68069e-07
635392,9.68069e-07
635648,9.68069e-07
635904,9.68069e-07
636160,9.68069e-07
636416,9.68069e-07
636672,9.68069e-07
636928,9.68069e-07
637184,9.68069e-07
637440,9.68069e-07
637696,9.68069e-07
637952,9.68069e-07
638208,9.68069e-07
638464,9.68069e-07
638720,9.68069e-07
638976,9.68069e-07
639232,9.68069e-07
639488,9.68069e-07
639744,9.68069e-07
640000,9.68069e-07
640256,9.68069e-07
640512,9.68069e-07
640768,9.68069e-07
641024,9.68069e-07
641280,9.68069e-07
641536,9.68069e-07
641792,9.68069e-07
642048,9.68069e-07
642304,9.68069e-07
642560,9.68069e-07
642816,9.68069e-07
643072,9.68069e-07
643328,9.68069e-07
643584,9.68069e-07
643840,9.68069e-07
644096,9.68069e-07
644352,9.68069e-07
644608,9.68069e-07
644864,9.68069e-07
645120,9.68069e-07
645376,9.68069e-07
645632,9.68069e-07
645888,9.68069e-07
646144,9.68069e-07
646400,9.68069e-07
646656,9.68069e-07
646912,9.68069e-07
647168,9.68069e-07
647424,9.68069e-07
647680,9.68069e-07
647936,9.68069e-07
648192,9.68069e-07
648448,9.68069e-07
648704,9.68069e-07
648960,9.68069e-07
649216,9.68069e-07
649472,9.68069e-07
649728,9.68069e-07
649984,9.68069e-07
