cache_lines,MRC
256,0.0526725
512,0.0449699
768,0.0401549
1024,0.0335164
1280,0.0290681
1536,0.0253566
1792,0.0228624
2048,0.0220294
2304,0.0213658
2560,0.0208639
2816,0.0192874
3072,0.0187113
3328,0.0179649
3584,0.0173851
3840,0.0167589
4096,0.0162432
4352,0.0160297
4608,0.015592
4864,0.0151778
5120,0.0149521
5376,0.0145717
5632,0.0142887
5888,0.0139072
6144,0.0135032
6400,0.0132588
6656,0.0130459
6912,0.0128208
7168,0.0125947
7424,0.0122852
7680,0.0112715
7936,0.0109026
8192,0.0106346
8448,0.0102633
8704,0.0096648
8960,0.00936994
9216,0.00918248
9472,0.00888621
9728,0.0086478
9984,0.00850237
10240,0.00821892
10496,0.00794722
10752,0.00774577
11008,0.00751377
11264,0.00725733
11520,0.00696388
11776,0.00638412
12032,0.00620547
12288,0.00604862
12544,0.00591443
12800,0.00580399
13056,0.0056758
13312,0.00556324
13568,0.00530401
13824,0.00506124
14080,0.0049278
14336,0.00481301
14592,0.0047247
14848,0.00459057
15104,0.00450616
15360,0.00441874
15616,0.00432509
15872,0.00422561
16128,0.00401584
16384,0.00395019
16640,0.00386624
16896,0.00377483
17152,0.00371727
17408,0.00363531
17664,0.00357472
17920,0.00349135
18176,0.0034038
18432,0.00331628
18688,0.00324383
18944,0.00317425
19200,0.00309604
19456,0.00302654
19712,0.00295115
19968,0.00287299
20224,0.00278464
20480,0.00263273
20736,0.0025698
20992,0.00249096
21248,0.00240601
21504,0.00233177
21760,0.00224657
22016,0.00218233
22272,0.00212674
22528,0.00206722
22784,0.00200187
23040,0.00193041
23296,0.001869
23552,0.00182672
23808,0.00177141
24064,0.0017109
24320,0.00166066
24576,0.0016058
24832,0.00155978
25088,0.00152396
25344,0.00149327
25600,0.0014621
25856,0.00144118
26112,0.00140949
26368,0.00138156
26624,0.00135664
26880,0.00133342
27136,0.00130221
27392,0.00127409
27648,0.00124925
27904,0.00122723
28160,0.00120234
28416,0.00117698
28672,0.00115525
28928,0.00113302
29184,0.0011182
29440,0.00110532
29696,0.00109082
29952,0.00107715
30208,0.00105999
30464,0.00104561
30720,0.00102575
30976,0.00100694
31232,0.00099127
31488,0.000978635
31744,0.000967346
32000,0.000956616
32256,0.000938702
32512,0.000925703
32768,0.000909388
33024,0.000891961
33280,0.000880404
33536,0.000870383
33792,0.000857471
34048,0.000846408
34304,0.00083445
34560,0.000822676
34816,0.000809906
35072,0.000801316
35328,0.000790753
35584,0.000780545
35840,0.00077044
36096,0.000760768
36352,0.000753274
36608,0.000744941
36864,0.000736181
37120,0.00072712
37376,0.000715259
37632,0.000704656
37888,0.000694613
38144,0.000686587
38400,0.000672173
38656,0.000653263
38912,0.000643582
39168,0.000634908
39424,0.00062694
39680,0.000620122
39936,0.000612334
40192,0.000601631
40448,0.000589822
40704,0.000579884
40960,0.000571228
41216,0.000561946
41472,0.000552672
41728,0.00054131
41984,0.000529364
42240,0.000515152
42496,0.000499362
42752,0.000487105
43008,0.000477166
43264,0.000468219
43520,0.000460915
43776,0.000453949
44032,0.000449457
44288,0.000442351
44544,0.000434751
44800,0.000423165
45056,0.000410045
45312,0.000400811
45568,0.000392043
45824,0.000377237
46080,0.000369664
46336,0.000363432
46592,0.000358092
46848,0.000351583
47104,0.000344943
47360,0.000335599
47616,0.000327692
47872,0.000319786
48128,0.00031342
48384,0.000304479
48640,0.000296928
48896,0.000288381
49152,0.000281898
49408,0.00027668
49664,0.000269666
49920,0.000260932
50176,0.000255361
50432,0.000251068
50688,0.00024577
50944,0.000240008
51200,0.00023635
51456,0.000227702
51712,0.000218172
51968,0.000211327
52224,0.000201837
52480,0.000195804
52736,0.000191573
52992,0.000187732
53248,0.000186228
53504,0.000182347
53760,0.000175616
54016,0.00016928
54272,0.00016288
54528,0.000158055
54784,0.000150959
55040,0.000146996
55296,0.000142624
55552,0.000138315
55808,0.00013325
56064,0.000128604
56320,0.000125609
56576,0.000122896
56832,0.000118915
57088,0.000113277
57344,0.000108244
57600,0.000105936
57856,0.000104529
58112,0.000103464
58368,9.65772e-05
58624,9.23876e-05
58880,8.61543e-05
59136,8.59258e-05
59392,8.55854e-05
59648,8.52617e-05
59904,8.44736e-05
60160,8.09401e-05
60416,7.98755e-05
60672,7.84779e-05
60928,7.6188e-05
61184,7.42827e-05
61440,7.31042e-05
61696,7.18678e-05
61952,7.07222e-05
62208,7.05279e-05
62464,6.99511e-05
62720,6.95636e-05
62976,6.8585e-05
63232,6.78078e-05
63488,6.72249e-05
63744,6.68671e-05
64000,6.49708e-05
64256,6.42448e-05
64512,6.38932e-05
64768,6.36306e-05
65024,6.31448e-05
65280,6.28304e-05
65536,6.2562e-05
65792,6.24623e-05
66048,6.22705e-05
66304,6.22024e-05
66560,6.20762e-05
66816,6.14934e-05
67072,6.13581e-05
67328,6.09105e-05
67584,6.07162e-05
67840,6.06191e-05
68096,6.05219e-05
68352,6.03276e-05
68608,6.03276e-05
68864,6.02305e-05
69120,6.00362e-05
69376,5.98419e-05
69632,5.96476e-05
69888,5.96263e-05
70144,5.95505e-05
70400,5.95505e-05
70656,5.95505e-05
70912,5.94533e-05
71168,5.94533e-05
71424,5.93724e-05
71680,5.9259e-05
71936,5.91619e-05
72192,5.90648e-05
72448,5.89676e-05
72704,5.87733e-05
72960,5.85165e-05
73216,5.84819e-05
73472,5.84819e-05
73728,5.77047e-05
73984,5.77047e-05
74240,5.75104e-05
74496,5.74133e-05
74752,5.73161e-05
75008,5.7219e-05
75264,5.7219e-05
75520,5.71218e-05
75776,5.70247e-05
76032,5.68737e-05
76288,5.68304e-05
76544,5.68304e-05
76800,5.68304e-05
77056,5.68304e-05
77312,5.68304e-05
77568,5.68304e-05
77824,5.66361e-05
78080,5.66361e-05
78336,5.66361e-05
78592,5.62323e-05
78848,5.60533e-05
79104,5.57618e-05
79360,5.56647e-05
79616,5.55675e-05
79872,5.54704e-05
80128,5.54704e-05
80384,5.53732e-05
80640,5.53732e-05
80896,5.53732e-05
81152,5.53732e-05
81408,5.53732e-05
81664,5.47563e-05
81920,5.45961e-05
82176,5.45961e-05
82432,5.45961e-05
82688,5.44989e-05
82944,5.44291e-05
83200,5.32861e-05
83456,5.30418e-05
83712,5.27503e-05
83968,5.27422e-05
84224,5.23617e-05
84480,5.23617e-05
84736,5.23617e-05
84992,5.23617e-05
85248,5.2343e-05
85504,5.22646e-05
85760,5.22646e-05
86016,5.20109e-05
86272,5.17789e-05
86528,5.17789e-05
86784,5.12376e-05
87040,5.10989e-05
87296,5.10805e-05
87552,5.08074e-05
87808,5.08074e-05
88064,5.00021e-05
88320,4.9836e-05
88576,4.93502e-05
88832,4.93502e-05
89088,4.89316e-05
89344,4.87674e-05
89600,4.83788e-05
89856,4.80874e-05
90112,4.76988e-05
90368,4.76988e-05
90624,4.76988e-05
90880,4.76988e-05
91136,4.76016e-05
91392,4.76016e-05
91648,4.74803e-05
91904,4.74073e-05
92160,4.73321e-05
92416,4.73102e-05
92672,4.71282e-05
92928,4.71159e-05
93184,4.69488e-05
93440,4.64359e-05
93696,4.64359e-05
93952,4.59502e-05
94208,4.59502e-05
94464,4.59502e-05
94720,4.59502e-05
94976,4.5853e-05
95232,4.57559e-05
95488,4.55671e-05
95744,4.47844e-05
96000,4.47844e-05
96256,4.47844e-05
96512,4.47844e-05
96768,4.47844e-05
97024,4.44967e-05
97280,4.42016e-05
97536,4.42016e-05
97792,4.39101e-05
98048,4.39101e-05
98304,4.39101e-05
98560,4.39101e-05
98816,4.39101e-05
99072,4.36187e-05
99328,4.30676e-05
99584,4.25501e-05
99840,4.25501e-05
100096,4.25501e-05
100352,4.24718e-05
100608,4.24529e-05
100864,4.24529e-05
101120,4.22846e-05
101376,4.16417e-05
101632,4.15786e-05
101888,4.10256e-05
102144,4.08015e-05
102400,4.08015e-05
102656,4.05668e-05
102912,4.03157e-05
103168,4.03157e-05
103424,4.02879e-05
103680,4.02186e-05
103936,3.94414e-05
104192,3.94414e-05
104448,3.93862e-05
104704,3.9279e-05
104960,3.92472e-05
105216,3.92472e-05
105472,3.90529e-05
105728,3.89429e-05
105984,3.88586e-05
106240,3.88586e-05
106496,3.88586e-05
106752,3.88586e-05
107008,3.86643e-05
107264,3.79843e-05
107520,3.79843e-05
107776,3.79843e-05
108032,3.79198e-05
108288,3.72071e-05
108544,3.72071e-05
108800,3.72071e-05
109056,3.72071e-05
109312,3.72071e-05
109568,3.64034e-05
109824,3.4927e-05
110080,3.48756e-05
110336,3.48756e-05
110592,3.48756e-05
110848,3.48756e-05
111104,3.48756e-05
111360,3.48756e-05
111616,3.47215e-05
111872,3.43007e-05
112128,3.42928e-05
112384,3.42928e-05
112640,3.42677e-05
112896,3.40687e-05
113152,3.29977e-05
113408,3.29327e-05
113664,3.29327e-05
113920,3.29327e-05
114176,3.29327e-05
114432,3.28356e-05
114688,3.28356e-05
114944,3.28356e-05
115200,3.26689e-05
115456,3.26413e-05
115712,3.14851e-05
115968,3.04147e-05
116224,3.03098e-05
116480,3.03098e-05
116736,2.92661e-05
116992,2.85612e-05
117248,2.85612e-05
117504,2.85612e-05
117760,2.8464e-05
118016,2.84438e-05
118272,2.65533e-05
118528,2.60354e-05
118784,2.59383e-05
119040,2.56996e-05
119296,2.44811e-05
119552,2.38011e-05
119808,2.38011e-05
120064,2.38011e-05
120320,2.38011e-05
120576,2.38011e-05
120832,2.38011e-05
121088,2.34618e-05
121344,2.31307e-05
121600,2.30239e-05
121856,2.30239e-05
122112,2.30239e-05
122368,2.30239e-05
122624,2.30239e-05
122880,2.30239e-05
123136,2.30239e-05
123392,2.30239e-05
123648,2.30239e-05
123904,2.30239e-05
124160,2.30239e-05
124416,2.30239e-05
124672,2.19897e-05
124928,2.18844e-05
125184,2.18582e-05
125440,2.18582e-05
125696,2.18582e-05
125952,2.18582e-05
126208,2.18582e-05
126464,2.18582e-05
126720,2.18582e-05
126976,2.18179e-05
127232,2.04054e-05
127488,2.0401e-05
127744,2.0401e-05
128000,2.03039e-05
128256,2.03039e-05
128512,2.03039e-05
128768,2.02086e-05
129024,1.94296e-05
129280,1.93408e-05
129536,1.78752e-05
129792,1.78752e-05
130048,1.77781e-05
130304,1.76068e-05
130560,1.71465e-05
130816,1.70009e-05
131072,1.70009e-05
131328,1.70009e-05
131584,1.70009e-05
131840,1.70009e-05
132096,1.70009e-05
132352,1.70009e-05
132608,1.70009e-05
132864,1.70009e-05
133120,1.70009e-05
133376,1.70009e-05
133632,1.70009e-05
133888,1.70009e-05
134144,1.70009e-05
134400,1.70009e-05
134656,1.70009e-05
134912,1.70009e-05
135168,1.70009e-05
135424,1.70009e-05
135680,1.70009e-05
135936,1.70009e-05
136192,1.60295e-05
136448,1.60295e-05
136704,1.60295e-05
136960,1.60295e-05
137216,1.60295e-05
137472,1.60295e-05
137728,1.60295e-05
137984,1.59323e-05
138240,1.59323e-05
138496,1.59323e-05
138752,1.59323e-05
139008,1.59323e-05
139264,1.59323e-05
139520,1.59323e-05
139776,1.58504e-05
140032,1.47666e-05
140288,1.47666e-05
140544,1.47666e-05
140800,1.47666e-05
141056,1.47666e-05
141312,1.47666e-05
141568,1.47666e-05
141824,1.47666e-05
142080,1.47666e-05
142336,1.47666e-05
142592,1.47666e-05
142848,1.47666e-05
143104,1.47666e-05
143360,1.47666e-05
143616,1.47666e-05
143872,1.4489e-05
144128,1.38923e-05
144384,1.38923e-05
144640,1.38923e-05
144896,1.38923e-05
145152,1.38923e-05
145408,1.38369e-05
145664,1.34066e-05
145920,1.34066e-05
146176,1.34066e-05
146432,1.34066e-05
146688,1.34066e-05
146944,1.34066e-05
147200,1.33094e-05
147456,1.33094e-05
147712,1.33094e-05
147968,1.33094e-05
148224,1.33094e-05
148480,1.33094e-05
148736,1.33094e-05
148992,1.32123e-05
149248,1.32123e-05
149504,1.31151e-05
149760,1.31151e-05
150016,1.31151e-05
150272,1.31151e-05
150528,1.31151e-05
150784,1.31151e-05
151040,1.31151e-05
151296,1.31151e-05
151552,1.3018e-05
151808,1.3018e-05
152064,1.3018e-05
152320,1.3018e-05
152576,1.3018e-05
152832,1.3018e-05
153088,1.3018e-05
153344,1.3018e-05
153600,1.3018e-05
153856,1.3018e-05
154112,1.20253e-05
154368,1.17551e-05
154624,1.17551e-05
154880,1.17551e-05
155136,1.17551e-05
155392,1.17551e-05
155648,1.17551e-05
155904,1.17551e-05
156160,1.17551e-05
156416,1.17551e-05
156672,1.17551e-05
156928,1.17551e-05
157184,1.17551e-05
157440,1.17551e-05
157696,1.17551e-05
157952,1.17551e-05
158208,1.17551e-05
158464,1.17551e-05
158720,1.17551e-05
158976,1.17551e-05
159232,1.17551e-05
159488,1.17551e-05
159744,1.17551e-05
160000,1.17551e-05
160256,1.17551e-05
160512,1.17551e-05
160768,1.17551e-05
161024,1.17551e-05
161280,1.17551e-05
161536,1.17551e-05
161792,1.17551e-05
162048,1.17551e-05
162304,1.17551e-05
162560,1.17551e-05
162816,1.17551e-05
163072,1.17551e-05
163328,1.17551e-05
163584,1.17551e-05
163840,1.17551e-05
164096,1.17551e-05
164352,1.17551e-05
164608,1.17551e-05
164864,1.17551e-05
165120,1.17551e-05
165376,1.17551e-05
165632,1.17551e-05
165888,1.17551e-05
166144,1.17551e-05
166400,1.17551e-05
166656,1.17551e-05
166912,1.17551e-05
167168,1.17551e-05
167424,1.17551e-05
167680,1.17551e-05
167936,1.17551e-05
168192,1.17551e-05
168448,1.17551e-05
168704,1.17551e-05
168960,1.17551e-05
169216,1.17551e-05
169472,1.17551e-05
169728,1.17551e-05
169984,1.17551e-05
170240,1.17551e-05
170496,1.17551e-05
170752,1.17551e-05
171008,1.17551e-05
171264,1.17551e-05
171520,1.17551e-05
171776,1.17551e-05
172032,1.17551e-05
172288,1.17551e-05
172544,1.17551e-05
172800,1.17551e-05
173056,1.17551e-05
173312,1.17551e-05
173568,1.17551e-05
173824,1.17551e-05
174080,1.17551e-05
174336,1.17551e-05
174592,1.17551e-05
174848,1.17551e-05
175104,1.17551e-05
175360,1.17551e-05
175616,1.17551e-05
175872,1.17551e-05
176128,1.17551e-05
176384,1.17551e-05
176640,1.17551e-05
176896,1.17551e-05
177152,1.17551e-05
177408,1.17551e-05
177664,1.17551e-05
177920,1.17551e-05
178176,1.17551e-05
178432,1.17551e-05
178688,1.17551e-05
178944,1.17551e-05
179200,1.17551e-05
179456,1.17551e-05
179712,1.17551e-05
179968,1.17551e-05
180224,1.17551e-05
180480,1.17551e-05
180736,1.17551e-05
180992,1.17551e-05
181248,1.17551e-05
181504,1.17551e-05
181760,1.17551e-05
182016,1.17551e-05
182272,1.17551e-05
182528,1.17551e-05
182784,1.17551e-05
183040,1.17551e-05
183296,1.17551e-05
183552,1.17551e-05
183808,1.17551e-05
184064,1.17551e-05
184320,1.17551e-05
184576,1.17551e-05
184832,1.17551e-05
185088,1.17551e-05
185344,1.17551e-05
185600,1.17551e-05
185856,1.17551e-05
186112,1.17551e-05
186368,1.17551e-05
186624,1.17551e-05
186880,1.17551e-05
187136,1.17551e-05
187392,1.17551e-05
187648,1.17551e-05
187904,1.17551e-05
188160,1.17551e-05
188416,1.17551e-05
188672,1.17551e-05
188928,1.17551e-05
189184,1.17551e-05
189440,1.17551e-05
189696,1.17551e-05
189952,1.17551e-05
190208,1.17551e-05
190464,1.17551e-05
190720,1.17551e-05
190976,1.17551e-05
191232,1.17551e-05
191488,1.17551e-05
191744,1.17551e-05
192000,1.17551e-05
192256,1.17551e-05
192512,1.17551e-05
192768,1.17551e-05
193024,1.17551e-05
193280,1.17551e-05
193536,1.17551e-05
193792,1.17551e-05
194048,1.17551e-05
194304,1.17551e-05
194560,1.17551e-05
194816,1.17551e-05
195072,1.17551e-05
195328,1.17551e-05
195584,1.17551e-05
195840,1.17551e-05
196096,1.17551e-05
196352,1.17551e-05
196608,1.17551e-05
196864,1.17551e-05
197120,1.17551e-05
197376,1.17551e-05
197632,1.17551e-05
197888,1.17551e-05
198144,1.17551e-05
198400,1.17551e-05
198656,1.17551e-05
198912,1.17551e-05
199168,1.17551e-05
199424,1.17551e-05
199680,1.17551e-05
199936,1.17551e-05
200192,1.17551e-05
200448,1.17551e-05
200704,1.17551e-05
200960,1.17551e-05
201216,1.17551e-05
201472,1.17551e-05
201728,1.17551e-05
201984,1.17551e-05
202240,1.17551e-05
202496,1.17551e-05
202752,1.17551e-05
203008,1.17551e-05
203264,1.17551e-05
203520,1.17551e-05
203776,1.17551e-05
204032,1.17551e-05
204288,1.17551e-05
204544,1.17551e-05
204800,1.17551e-05
205056,1.17551e-05
205312,1.17551e-05
205568,1.17551e-05
205824,1.17551e-05
206080,1.17551e-05
206336,1.17551e-05
206592,1.17551e-05
206848,1.17551e-05
207104,1.17551e-05
207360,1.17551e-05
207616,1.17551e-05
207872,1.17551e-05
208128,1.17551e-05
208384,1.17551e-05
208640,1.17551e-05
208896,1.17551e-05
209152,1.17551e-05
209408,1.17551e-05
209664,1.17551e-05
209920,1.17551e-05
210176,1.17551e-05
210432,1.17551e-05
210688,1.17551e-05
210944,1.17551e-05
211200,1.17551e-05
211456,1.17551e-05
211712,1.17551e-05
211968,1.17551e-05
212224,1.17551e-05
212480,1.17551e-05
212736,1.17551e-05
212992,1.17551e-05
213248,1.17551e-05
213504,1.17551e-05
213760,1.17551e-05
214016,1.17551e-05
214272,1.17551e-05
214528,1.17551e-05
214784,1.17551e-05
215040,1.17551e-05
215296,1.17551e-05
215552,1.17551e-05
215808,1.17551e-05
216064,1.17551e-05
216320,1.17551e-05
216576,1.17551e-05
216832,1.17551e-05
217088,1.17551e-05
217344,1.17551e-05
217600,1.17551e-05
217856,1.17551e-05
218112,1.17551e-05
218368,1.17551e-05
218624,1.17551e-05
218880,1.17551e-05
219136,1.17551e-05
219392,1.17551e-05
219648,1.17551e-05
219904,1.17551e-05
220160,1.17551e-05
220416,1.17551e-05
220672,1.17551e-05
220928,1.17551e-05
221184,1.17551e-05
221440,1.17551e-05
221696,1.17551e-05
221952,1.17551e-05
222208,1.17551e-05
222464,1.17551e-05
222720,1.17551e-05
222976,1.17551e-05
223232,1.17551e-05
223488,1.17551e-05
223744,1.17551e-05
224000,1.17551e-05
224256,1.17551e-05
224512,1.17551e-05
224768,1.17551e-05
225024,1.17551e-05
225280,1.17551e-05
225536,1.17551e-05
225792,1.17551e-05
226048,1.17551e-05
226304,1.17551e-05
226560,1.17551e-05
226816,1.17551e-05
227072,1.17551e-05
227328,1.17551e-05
227584,1.17551e-05
227840,1.17551e-05
228096,1.17551e-05
228352,1.17551e-05
228608,1.17551e-05
228864,1.17551e-05
229120,1.17551e-05
229376,1.17551e-05
229632,1.17551e-05
229888,1.17551e-05
230144,1.17551e-05
230400,1.17551e-05
230656,1.17551e-05
230912,1.17551e-05
231168,1.17551e-05
231424,1.17551e-05
231680,1.17551e-05
231936,1.17551e-05
232192,1.17551e-05
232448,1.17551e-05
232704,1.17551e-05
232960,1.17551e-05
233216,1.17551e-05
233472,1.17551e-05
233728,1.17551e-05
233984,1.17551e-05
234240,1.17551e-05
234496,1.17551e-05
234752,1.17551e-05
235008,1.17551e-05
235264,1.17551e-05
235520,1.17551e-05
235776,1.17551e-05
236032,1.17551e-05
236288,1.17551e-05
236544,1.17551e-05
236800,1.17551e-05
237056,1.17551e-05
237312,1.17551e-05
237568,1.17551e-05
237824,1.17551e-05
238080,1.17551e-05
238336,1.17551e-05
238592,1.17551e-05
238848,1.17551e-05
239104,1.17551e-05
239360,1.17551e-05
239616,1.17551e-05
239872,1.17551e-05
240128,1.17551e-05
240384,1.17551e-05
240640,1.17551e-05
240896,1.17551e-05
241152,1.17551e-05
241408,1.17551e-05
241664,1.17551e-05
241920,1.17551e-05
242176,1.17551e-05
242432,1.17551e-05
242688,1.17551e-05
242944,1.17551e-05
243200,1.17551e-05
243456,1.17551e-05
243712,1.17551e-05
243968,1.17551e-05
244224,1.17551e-05
244480,1.17551e-05
244736,1.17551e-05
244992,1.17551e-05
245248,1.17551e-05
245504,1.17551e-05
245760,1.17551e-05
246016,1.17551e-05
246272,1.17551e-05
246528,1.17551e-05
246784,1.17551e-05
247040,1.17551e-05
247296,1.17551e-05
247552,1.17551e-05
247808,1.17551e-05
248064,1.17551e-05
248320,1.17551e-05
248576,1.17551e-05
248832,1.17551e-05
249088,1.17551e-05
249344,1.17551e-05
249600,1.17551e-05
249856,1.17372e-05
250112,1.15462e-05
250368,1.14637e-05
250624,1.14637e-05
250880,1.14637e-05
251136,1.14637e-05
251392,1.14637e-05
251648,1.14637e-05
251904,1.14637e-05
252160,1.14637e-05
252416,1.14637e-05
252672,1.14276e-05
252928,1.13665e-05
253184,1.13665e-05
253440,1.13665e-05
253696,1.13665e-05
253952,1.13665e-05
254208,1.13665e-05
254464,1.13665e-05
254720,1.13665e-05
254976,1.13665e-05
255232,1.13665e-05
255488,1.13665e-05
255744,1.13665e-05
256000,1.13665e-05
256256,1.13665e-05
256512,1.13665e-05
256768,1.13665e-05
257024,1.13665e-05
257280,1.13665e-05
257536,1.13665e-05
257792,1.13665e-05
258048,1.13665e-05
258304,1.13665e-05
258560,1.13665e-05
258816,1.13665e-05
259072,1.13665e-05
259328,1.13665e-05
259584,1.13665e-05
259840,1.13665e-05
260096,1.13665e-05
260352,1.13665e-05
260608,1.13665e-05
260864,1.13665e-05
261120,1.13665e-05
261376,1.13665e-05
261632,1.13665e-05
261888,1.13665e-05
262144,1.13665e-05
262400,1.13665e-05
262656,1.13665e-05
262912,1.13665e-05
263168,1.13665e-05
263424,1.13665e-05
263680,1.13665e-05
263936,1.13665e-05
264192,1.13665e-05
264448,1.13665e-05
264704,1.13665e-05
264960,1.13665e-05
265216,1.13665e-05
265472,1.13665e-05
265728,1.13665e-05
265984,1.13665e-05
266240,1.13665e-05
266496,1.13665e-05
266752,1.13665e-05
267008,1.13665e-05
267264,1.13665e-05
267520,1.13665e-05
267776,1.13665e-05
268032,1.13665e-05
268288,1.13665e-05
268544,1.13665e-05
268800,1.13665e-05
269056,1.13346e-05
269312,1.12694e-05
269568,1.12694e-05
269824,1.12694e-05
270080,1.12694e-05
270336,1.12694e-05
270592,1.12694e-05
270848,1.12694e-05
271104,1.12694e-05
271360,1.12694e-05
271616,1.12694e-05
271872,1.12694e-05
272128,1.12694e-05
272384,1.12694e-05
272640,1.12694e-05
272896,1.12694e-05
273152,1.12694e-05
273408,1.12694e-05
273664,1.12694e-05
273920,1.12694e-05
274176,1.12694e-05
274432,1.12165e-05
274688,1.11722e-05
274944,1.11722e-05
275200,1.11722e-05
275456,1.11722e-05
275712,1.11722e-05
275968,1.11722e-05
276224,1.11722e-05
276480,1.11722e-05
276736,1.11722e-05
276992,1.11722e-05
277248,1.11722e-05
277504,1.11722e-05
277760,1.11722e-05
278016,1.11722e-05
278272,1.11722e-05
278528,1.11722e-05
278784,1.11722e-05
279040,1.11722e-05
279296,1.11722e-05
279552,1.11722e-05
279808,1.11722e-05
280064,1.11722e-05
280320,1.11722e-05
280576,1.11722e-05
280832,1.11722e-05
281088,1.11722e-05
281344,1.11722e-05
281600,1.11722e-05
281856,1.11722e-05
282112,1.11722e-05
282368,1.11722e-05
282624,1.11722e-05
282880,1.11722e-05
283136,1.11722e-05
283392,1.11722e-05
283648,1.11722e-05
283904,1.11722e-05
284160,1.11722e-05
284416,1.11722e-05
284672,1.11722e-05
284928,1.11722e-05
285184,1.11722e-05
285440,1.11722e-05
285696,1.11722e-05
285952,1.11722e-05
286208,1.11722e-05
286464,1.11722e-05
286720,1.11722e-05
286976,1.11722e-05
287232,1.11722e-05
287488,1.11722e-05
287744,1.11722e-05
288000,1.11722e-05
288256,1.11722e-05
288512,1.11722e-05
288768,1.11722e-05
289024,1.11722e-05
289280,1.11722e-05
289536,1.11722e-05
289792,1.11722e-05
290048,1.11722e-05
290304,1.11722e-05
290560,1.11722e-05
290816,1.11722e-05
291072,1.11722e-05
291328,1.11722e-05
291584,1.11722e-05
291840,1.11722e-05
292096,1.11722e-05
292352,1.11722e-05
292608,1.11722e-05
292864,1.11722e-05
293120,1.11722e-05
293376,1.11722e-05
293632,1.11722e-05
293888,1.11722e-05
294144,1.11722e-05
294400,1.11722e-05
294656,1.11722e-05
294912,1.11722e-05
295168,1.11722e-05
295424,1.11722e-05
295680,1.11722e-05
295936,1.11722e-05
296192,1.11722e-05
296448,1.11722e-05
296704,1.11722e-05
296960,1.11722e-05
297216,1.11722e-05
297472,1.11722e-05
297728,1.11722e-05
297984,1.11722e-05
298240,1.11722e-05
298496,1.11722e-05
298752,1.11722e-05
299008,1.11722e-05
299264,1.11722e-05
299520,1.11722e-05
299776,1.11722e-05
300032,1.11722e-05
300288,1.11722e-05
300544,1.11722e-05
300800,1.11722e-05
301056,1.11722e-05
301312,1.11722e-05
301568,1.11722e-05
301824,1.11722e-05
302080,1.11722e-05
302336,1.11722e-05
302592,1.11722e-05
302848,1.11722e-05
303104,1.11722e-05
303360,1.11722e-05
303616,1.11722e-05
303872,1.11722e-05
304128,1.11722e-05
304384,1.11722e-05
304640,1.11722e-05
304896,1.11722e-05
305152,1.11722e-05
305408,1.11722e-05
305664,1.11722e-05
305920,1.11722e-05
306176,1.11722e-05
306432,1.11722e-05
306688,1.11722e-05
306944,1.11722e-05
307200,1.11722e-05
307456,1.11722e-05
307712,1.11722e-05
307968,1.11722e-05
308224,1.11722e-05
308480,1.11722e-05
308736,1.11722e-05
308992,1.11722e-05
309248,1.11722e-05
309504,1.11722e-05
309760,1.11722e-05
310016,1.11722e-05
310272,1.11722e-05
310528,1.11722e-05
310784,1.11722e-05
311040,1.11722e-05
311296,1.11722e-05
311552,1.11722e-05
311808,1.11722e-05
312064,1.11722e-05
312320,1.11722e-05
312576,1.11722e-05
312832,1.11722e-05
313088,1.11722e-05
313344,1.11722e-05
313600,1.11722e-05
313856,1.11722e-05
314112,1.11722e-05
314368,1.11722e-05
314624,1.11722e-05
314880,1.11722e-05
315136,1.11722e-05
315392,1.11722e-05
315648,1.11722e-05
315904,1.11722e-05
316160,1.11722e-05
316416,1.11722e-05
316672,1.11722e-05
316928,1.11722e-05
317184,1.11722e-05
317440,1.11722e-05
317696,1.11722e-05
317952,1.11722e-05
318208,1.11722e-05
318464,1.11722e-05
318720,1.11722e-05
318976,1.11722e-05
319232,1.11722e-05
319488,1.11722e-05
319744,1.11722e-05
320000,1.11722e-05
320256,1.11722e-05
320512,1.11722e-05
320768,1.11651e-05
321024,1.11318e-05
321280,1.10985e-05
321536,1.10751e-05
321792,1.10751e-05
322048,1.10751e-05
322304,1.10751e-05
322560,1.10751e-05
322816,1.10751e-05
323072,1.10751e-05
323328,1.10751e-05
323584,1.10751e-05
323840,1.10751e-05
324096,1.10751e-05
324352,1.10751e-05
324608,1.10751e-05
324864,1.10751e-05
325120,1.10751e-05
325376,1.10751e-05
325632,1.10751e-05
325888,1.10751e-05
326144,1.10751e-05
326400,1.10751e-05
326656,1.10751e-05
326912,1.10751e-05
327168,1.10751e-05
327424,1.10751e-05
327680,1.10751e-05
327936,1.10751e-05
328192,1.10751e-05
328448,1.10751e-05
328704,1.10751e-05
328960,1.10751e-05
329216,1.10751e-05
329472,1.10751e-05
329728,1.10751e-05
329984,1.10751e-05
330240,1.10751e-05
330496,1.10751e-05
330752,1.10751e-05
331008,1.10751e-05
331264,1.10751e-05
331520,1.10751e-05
331776,1.10751e-05
332032,1.10751e-05
332288,1.10751e-05
332544,1.10751e-05
332800,1.10751e-05
333056,1.10751e-05
333312,1.10751e-05
333568,1.10467e-05
333824,1.10131e-05
334080,1.09794e-05
334336,1.09779e-05
334592,1.09779e-05
334848,1.09779e-05
335104,1.09779e-05
335360,1.09779e-05
335616,1.09779e-05
335872,1.09779e-05
336128,1.09779e-05
336384,1.09779e-05
336640,1.09779e-05
336896,1.09779e-05
337152,1.09779e-05
337408,1.09779e-05
337664,1.09779e-05
337920,1.09779e-05
338176,1.09779e-05
338432,1.09779e-05
338688,1.09779e-05
338944,1.09779e-05
339200,1.09779e-05
339456,1.09779e-05
339712,1.09779e-05
339968,1.09779e-05
340224,1.09779e-05
340480,1.09779e-05
340736,1.09779e-05
340992,1.09779e-05
341248,1.09779e-05
341504,1.09779e-05
341760,1.09779e-05
342016,1.09779e-05
342272,1.09779e-05
342528,1.09779e-05
342784,1.09779e-05
343040,1.09779e-05
343296,1.09779e-05
343552,1.09779e-05
343808,1.09779e-05
344064,1.09779e-05
344320,1.09779e-05
344576,1.09779e-05
344832,1.09779e-05
345088,1.09779e-05
345344,1.09779e-05
345600,1.09779e-05
345856,1.09779e-05
346112,1.09779e-05
346368,1.09779e-05
346624,1.09779e-05
346880,1.09779e-05
347136,1.09779e-05
347392,1.09779e-05
347648,1.09779e-05
347904,1.09779e-05
348160,1.09779e-05
348416,1.09779e-05
348672,1.09779e-05
348928,1.09779e-05
349184,1.09779e-05
349440,1.09779e-05
349696,1.09779e-05
349952,1.09779e-05
350208,1.09779e-05
350464,1.09779e-05
350720,1.09779e-05
350976,1.09779e-05
351232,1.09779e-05
351488,1.09779e-05
351744,1.09779e-05
352000,1.09779e-05
352256,1.09779e-05
352512,1.09779e-05
352768,1.09779e-05
353024,1.09779e-05
353280,1.09779e-05
353536,1.09779e-05
353792,1.09779e-05
354048,1.09779e-05
354304,1.09779e-05
354560,1.09779e-05
354816,1.09779e-05
355072,1.09779e-05
355328,1.09779e-05
355584,1.09779e-05
355840,1.09779e-05
356096,1.09779e-05
356352,1.09569e-05
356608,1.0923e-05
356864,1.0889e-05
357120,1.08808e-05
357376,1.08808e-05
357632,1.08808e-05
357888,1.08808e-05
358144,1.08808e-05
358400,1.08808e-05
358656,1.08808e-05
358912,1.08808e-05
359168,1.08808e-05
359424,1.08808e-05
359680,1.08808e-05
359936,1.08808e-05
360192,1.08808e-05
360448,1.08808e-05
360704,1.08808e-05
360960,1.08808e-05
361216,1.08808e-05
361472,1.08808e-05
361728,1.08808e-05
361984,1.08808e-05
362240,1.08808e-05
362496,1.08808e-05
362752,1.08808e-05
363008,1.08808e-05
363264,1.08808e-05
363520,1.08808e-05
363776,1.08808e-05
364032,1.08808e-05
364288,1.08808e-05
364544,1.08808e-05
364800,1.08808e-05
365056,1.08808e-05
365312,1.08808e-05
365568,1.08808e-05
365824,1.08808e-05
366080,1.08808e-05
366336,1.08808e-05
366592,1.08808e-05
366848,1.08808e-05
367104,1.08808e-05
367360,1.08808e-05
367616,1.08808e-05
367872,1.08808e-05
368128,1.08808e-05
368384,1.08808e-05
368640,1.08808e-05
368896,1.08808e-05
369152,1.08808e-05
369408,1.08808e-05
369664,1.08808e-05
369920,1.08808e-05
370176,1.08808e-05
370432,1.08808e-05
370688,1.08808e-05
370944,1.08808e-05
371200,1.08808e-05
371456,1.08808e-05
371712,1.08808e-05
371968,1.08808e-05
372224,1.08808e-05
372480,1.08808e-05
372736,1.08808e-05
372992,1.08808e-05
373248,1.08808e-05
373504,1.08808e-05
373760,1.08808e-05
374016,1.08808e-05
374272,1.08808e-05
374528,1.08808e-05
374784,1.08808e-05
375040,1.08808e-05
375296,1.08808e-05
375552,1.08808e-05
375808,1.08808e-05
376064,1.08808e-05
376320,1.08808e-05
376576,1.08808e-05
376832,1.08808e-05
377088,1.08808e-05
377344,1.08808e-05
377600,1.08808e-05
377856,1.08808e-05
378112,1.08808e-05
378368,1.08808e-05
378624,1.08808e-05
378880,1.08808e-05
379136,1.08808e-05
379392,1.08808e-05
379648,1.08808e-05
379904,1.08808e-05
380160,1.08808e-05
380416,1.08808e-05
380672,1.08808e-05
380928,1.08808e-05
381184,1.08808e-05
381440,1.08808e-05
381696,1.08808e-05
381952,1.08808e-05
382208,1.08808e-05
382464,1.08808e-05
382720,1.08808e-05
382976,1.08808e-05
383232,1.08808e-05
383488,1.08808e-05
383744,1.08808e-05
384000,1.08808e-05
384256,1.08808e-05
384512,1.08808e-05
384768,1.08808e-05
385024,1.08808e-05
385280,1.08808e-05
385536,1.08808e-05
385792,1.08808e-05
386048,1.08808e-05
386304,1.08808e-05
386560,1.08808e-05
386816,1.08808e-05
387072,1.08808e-05
387328,1.08808e-05
387584,1.08808e-05
387840,1.08808e-05
388096,1.08808e-05
388352,1.08808e-05
388608,1.08808e-05
388864,1.08808e-05
389120,1.08808e-05
389376,1.08808e-05
389632,1.08808e-05
389888,1.08671e-05
390144,1.08329e-05
390400,1.07986e-05
390656,1.07836e-05
390912,1.07836e-05
391168,1.07836e-05
391424,1.07836e-05
391680,1.07836e-05
391936,1.07836e-05
392192,1.07836e-05
392448,1.07836e-05
392704,1.07836e-05
392960,1.07836e-05
393216,1.07836e-05
393472,1.07836e-05
393728,1.07836e-05
393984,1.07836e-05
394240,1.07836e-05
394496,1.07836e-05
394752,1.07836e-05
395008,1.07836e-05
395264,1.07836e-05
395520,1.07836e-05
395776,1.07836e-05
396032,1.07836e-05
396288,1.07836e-05
396544,1.07836e-05
396800,1.07836e-05
397056,1.07836e-05
397312,1.07836e-05
397568,1.07836e-05
397824,1.07836e-05
398080,1.07836e-05
398336,1.07836e-05
398592,1.07836e-05
398848,1.07836e-05
399104,1.07836e-05
399360,1.07836e-05
399616,1.07836e-05
399872,1.07836e-05
400128,1.07836e-05
400384,1.07836e-05
400640,1.07836e-05
400896,1.07836e-05
401152,1.07836e-05
401408,1.07836e-05
401664,1.07836e-05
401920,1.07836e-05
402176,1.07836e-05
402432,1.07836e-05
402688,1.07836e-05
402944,1.07836e-05
403200,1.07836e-05
403456,1.07836e-05
403712,1.07836e-05
403968,1.07836e-05
404224,1.07836e-05
404480,1.07836e-05
404736,1.07836e-05
404992,1.07836e-05
405248,1.07836e-05
405504,1.07836e-05
405760,1.07836e-05
406016,1.07836e-05
406272,1.07836e-05
406528,1.07836e-05
406784,1.07836e-05
407040,1.07836e-05
407296,1.07836e-05
407552,1.07836e-05
407808,1.07836e-05
408064,1.07836e-05
408320,1.07836e-05
408576,1.07836e-05
408832,1.07836e-05
409088,1.07836e-05
409344,1.07836e-05
409600,1.07836e-05
409856,1.07836e-05
410112,1.07836e-05
410368,1.07836e-05
410624,1.07836e-05
410880,1.07836e-05
411136,1.07836e-05
411392,1.07836e-05
411648,1.07836e-05
411904,1.07836e-05
412160,1.07836e-05
412416,1.07836e-05
412672,1.07836e-05
412928,1.07836e-05
413184,1.07836e-05
413440,1.07836e-05
413696,1.07836e-05
413952,1.07836e-05
414208,1.07836e-05
414464,1.07836e-05
414720,1.07836e-05
414976,1.07836e-05
415232,1.07836e-05
415488,1.07836e-05
415744,1.07836e-05
416000,1.07836e-05
416256,1.07836e-05
416512,1.07836e-05
416768,1.07836e-05
417024,1.07836e-05
417280,1.07836e-05
417536,1.07836e-05
417792,1.07836e-05
418048,1.07836e-05
418304,1.07836e-05
418560,1.07836e-05
418816,1.07836e-05
419072,1.07836e-05
419328,1.07836e-05
419584,1.07836e-05
419840,1.07836e-05
420096,1.07836e-05
420352,1.07836e-05
420608,1.07836e-05
420864,1.07836e-05
421120,1.07836e-05
421376,1.07836e-05
421632,1.07836e-05
421888,1.07836e-05
422144,1.07836e-05
422400,1.07836e-05
422656,1.07836e-05
422912,1.07836e-05
423168,1.07836e-05
423424,1.07836e-05
423680,1.07836e-05
423936,1.07836e-05
424192,1.07836e-05
424448,1.07836e-05
424704,1.07836e-05
424960,1.07836e-05
425216,1.07836e-05
425472,1.07836e-05
425728,1.07836e-05
425984,1.07836e-05
426240,1.07836e-05
426496,1.07836e-05
426752,1.07836e-05
427008,1.07836e-05
427264,1.07836e-05
427520,1.07836e-05
427776,1.07836e-05
428032,1.07836e-05
428288,1.07836e-05
428544,1.07836e-05
428800,1.07836e-05
429056,1.07836e-05
429312,1.07836e-05
429568,1.07836e-05
429824,1.07836e-05
430080,1.07836e-05
430336,1.07836e-05
430592,1.07836e-05
430848,1.07836e-05
431104,1.07836e-05
431360,1.07836e-05
431616,1.07836e-05
431872,1.07836e-05
432128,1.07836e-05
432384,1.07836e-05
432640,1.07836e-05
432896,1.07836e-05
433152,1.07836e-05
433408,1.07836e-05
433664,1.07836e-05
433920,1.07836e-05
434176,1.07836e-05
434432,1.07836e-05
434688,1.07836e-05
434944,1.07836e-05
435200,1.07836e-05
435456,1.07836e-05
435712,1.07836e-05
435968,1.07836e-05
436224,1.07836e-05
436480,1.07836e-05
436736,1.07836e-05
436992,1.07836e-05
437248,1.07836e-05
437504,1.07836e-05
437760,1.07836e-05
438016,1.07836e-05
438272,1.07836e-05
438528,1.07836e-05
438784,1.07836e-05
439040,1.07836e-05
439296,1.07836e-05
439552,1.07836e-05
439808,1.07836e-05
440064,1.07836e-05
440320,1.07836e-05
440576,1.07836e-05
440832,1.07836e-05
441088,1.07836e-05
441344,1.07836e-05
441600,1.07836e-05
441856,1.07836e-05
442112,1.07836e-05
442368,1.07836e-05
442624,1.07836e-05
442880,1.07836e-05
443136,1.07836e-05
443392,1.07836e-05
443648,1.07836e-05
443904,1.07836e-05
444160,1.07836e-05
444416,1.07836e-05
444672,1.07836e-05
444928,1.07836e-05
445184,1.07836e-05
445440,1.07836e-05
445696,1.07836e-05
445952,1.07836e-05
446208,1.07836e-05
446464,1.07836e-05
446720,1.07836e-05
446976,1.07836e-05
447232,1.07836e-05
447488,1.07836e-05
447744,1.07256e-05
448000,1.0481e-05
448256,1.02305e-05
448512,1.01036e-05
448768,1.01036e-05
449024,1.01036e-05
449280,1.00722e-05
449536,1.00354e-05
449792,9.93345e-06
450048,9.59182e-06
450304,9.23756e-06
450560,8.98701e-06
450816,8.77841e-06
451072,8.58114e-06
451328,8.40663e-06
451584,8.25786e-06
451840,8.25786e-06
452096,8.25786e-06
452352,8.25786e-06
452608,8.25786e-06
452864,8.25786e-06
453120,8.25786e-06
453376,8.25786e-06
453632,8.25786e-06
453888,8.25786e-06
454144,8.25786e-06
454400,8.25786e-06
454656,8.25786e-06
454912,8.25786e-06
455168,8.25786e-06
455424,8.25786e-06
455680,8.25786e-06
455936,8.25786e-06
456192,8.25786e-06
456448,8.25786e-06
456704,8.25786e-06
456960,8.25786e-06
457216,8.25786e-06
457472,8.25786e-06
457728,8.25786e-06
457984,8.25786e-06
458240,8.25786e-06
458496,8.25786e-06
458752,8.25786e-06
459008,8.25786e-06
459264,8.25786e-06
459520,8.25786e-06
459776,8.25786e-06
460032,8.25786e-06
460288,8.25786e-06
460544,8.25786e-06
460800,8.25786e-06
461056,8.25786e-06
461312,8.25786e-06
461568,8.25786e-06
461824,8.25786e-06
462080,8.25786e-06
462336,8.25786e-06
462592,8.25786e-06
462848,8.25786e-06
463104,8.25786e-06
463360,8.25786e-06
463616,8.25786e-06
463872,8.25786e-06
464128,8.25786e-06
464384,8.25786e-06
464640,8.25786e-06
464896,8.25786e-06
465152,8.25786e-06
465408,8.25786e-06
465664,8.25786e-06
465920,8.25786e-06
466176,8.25786e-06
466432,8.25786e-06
466688,8.25786e-06
466944,8.25786e-06
467200,8.25786e-06
467456,8.25786e-06
467712,8.25786e-06
467968,8.25786e-06
468224,8.25786e-06
468480,8.25786e-06
468736,8.25786e-06
468992,8.25786e-06
469248,8.25786e-06
469504,8.25786e-06
469760,8.25786e-06
470016,8.25786e-06
470272,8.25786e-06
470528,8.25786e-06
470784,8.25786e-06
471040,8.25786e-06
471296,8.25786e-06
471552,8.25786e-06
471808,8.25786e-06
472064,8.25786e-06
472320,8.25786e-06
472576,8.25786e-06
472832,8.25786e-06
473088,8.25786e-06
473344,8.25786e-06
473600,8.25786e-06
473856,8.25786e-06
474112,8.25786e-06
474368,8.25786e-06
474624,8.25786e-06
474880,8.25786e-06
475136,8.25786e-06
475392,8.25786e-06
475648,8.25786e-06
475904,8.25786e-06
476160,8.25786e-06
476416,8.25786e-06
476672,8.25786e-06
476928,8.25786e-06
477184,8.25786e-06
477440,8.25786e-06
477696,8.25786e-06
477952,8.25786e-06
478208,8.25786e-06
478464,8.25786e-06
478720,8.25786e-06
478976,8.25786e-06
479232,8.25786e-06
479488,8.25786e-06
479744,8.25786e-06
480000,8.25786e-06
480256,8.25786e-06
480512,8.25786e-06
480768,8.25786e-06
481024,8.25786e-06
481280,8.25786e-06
481536,8.25786e-06
481792,8.25786e-06
482048,8.25786e-06
482304,8.25786e-06
482560,8.25786e-06
482816,8.25786e-06
483072,8.25786e-06
483328,8.25786e-06
483584,8.25786e-06
483840,8.25786e-06
484096,8.25786e-06
484352,8.25786e-06
484608,8.25786e-06
484864,8.25786e-06
485120,8.25786e-06
485376,8.25786e-06
485632,8.25786e-06
485888,8.25786e-06
486144,8.25786e-06
486400,8.25786e-06
486656,8.25786e-06
486912,8.25786e-06
487168,8.25786e-06
487424,8.25786e-06
487680,8.25786e-06
487936,8.25786e-06
488192,8.25786e-06
488448,8.25786e-06
488704,8.25786e-06
488960,8.25786e-06
489216,8.25786e-06
489472,8.25786e-06
489728,8.25786e-06
489984,8.25786e-06
490240,8.25786e-06
490496,8.25786e-06
490752,8.25786e-06
491008,8.25786e-06
491264,8.25786e-06
491520,8.25786e-06
491776,8.25786e-06
492032,8.25786e-06
492288,8.25786e-06
492544,8.25786e-06
492800,8.25786e-06
493056,8.25786e-06
493312,8.25786e-06
493568,8.25786e-06
493824,8.25786e-06
494080,8.25786e-06
494336,8.25786e-06
494592,8.25786e-06
494848,8.25786e-06
495104,8.25786e-06
495360,8.25786e-06
495616,8.25786e-06
495872,8.25786e-06
496128,8.25786e-06
496384,8.25786e-06
496640,8.25786e-06
496896,8.25786e-06
497152,8.25786e-06
497408,8.25786e-06
497664,8.25786e-06
497920,8.25786e-06
498176,8.25786e-06
498432,8.25786e-06
498688,8.25786e-06
498944,8.25786e-06
499200,8.25786e-06
499456,8.25786e-06
499712,8.25786e-06
499968,8.25786e-06
500224,8.25786e-06
500480,8.25786e-06
500736,8.25786e-06
500992,8.25786e-06
501248,8.25786e-06
501504,8.25786e-06
501760,8.25786e-06
502016,8.25786e-06
502272,8.25786e-06
502528,8.25786e-06
502784,8.25786e-06
503040,8.25786e-06
503296,8.25786e-06
503552,8.25786e-06
503808,8.25786e-06
504064,8.25786e-06
504320,8.25786e-06
504576,8.25786e-06
504832,8.25786e-06
505088,8.25786e-06
505344,8.25786e-06
505600,8.25786e-06
505856,8.25786e-06
506112,8.25786e-06
506368,8.25786e-06
506624,8.25786e-06
506880,8.25786e-06
507136,8.25786e-06
507392,8.25786e-06
507648,8.25786e-06
507904,8.25786e-06
508160,8.25786e-06
508416,8.25786e-06
508672,8.25786e-06
508928,8.25786e-06
509184,8.25786e-06
509440,8.25786e-06
509696,8.25786e-06
509952,8.25786e-06
510208,8.25786e-06
510464,8.25786e-06
510720,8.25786e-06
510976,8.25786e-06
511232,8.25786e-06
511488,8.25786e-06
511744,8.25786e-06
512000,8.25786e-06
512256,8.25786e-06
512512,8.25786e-06
512768,8.25786e-06
513024,8.25786e-06
513280,8.25786e-06
513536,8.25786e-06
513792,8.25786e-06
514048,8.25786e-06
514304,8.25786e-06
514560,8.25786e-06
514816,8.25786e-06
515072,8.25786e-06
515328,8.25786e-06
515584,8.25786e-06
515840,8.25786e-06
516096,8.25786e-06
516352,8.25786e-06
516608,8.25786e-06
516864,8.25786e-06
517120,8.25786e-06
517376,8.25786e-06
517632,8.25786e-06
517888,8.25786e-06
518144,8.25786e-06
518400,8.25786e-06
518656,8.25786e-06
518912,8.25786e-06
519168,8.25786e-06
519424,8.25786e-06
519680,8.25786e-06
519936,8.25786e-06
520192,8.25786e-06
520448,8.25786e-06
520704,8.25786e-06
520960,8.25786e-06
521216,8.25786e-06
521472,8.25786e-06
521728,8.25786e-06
521984,8.25786e-06
522240,8.25786e-06
522496,8.25786e-06
522752,8.25786e-06
523008,8.25786e-06
523264,8.25786e-06
523520,8.25786e-06
523776,8.25786e-06
524032,8.25786e-06
524288,8.25786e-06
524544,8.25786e-06
524800,8.25786e-06
525056,8.25786e-06
525312,8.25786e-06
525568,8.25786e-06
525824,8.25786e-06
526080,8.25786e-06
526336,8.25786e-06
526592,8.25786e-06
526848,8.25786e-06
527104,8.25786e-06
527360,8.25786e-06
527616,8.25786e-06
527872,8.25786e-06
528128,8.25786e-06
528384,8.25786e-06
528640,8.25786e-06
528896,8.25786e-06
529152,8.25786e-06
529408,8.25786e-06
529664,8.25786e-06
529920,8.25786e-06
530176,8.25786e-06
530432,8.25786e-06
530688,8.25786e-06
530944,8.25786e-06
531200,8.25786e-06
531456,8.25786e-06
531712,8.25786e-06
531968,8.25786e-06
532224,8.25786e-06
532480,8.25786e-06
532736,8.25786e-06
532992,8.25786e-06
533248,8.25786e-06
533504,8.25786e-06
533760,8.25786e-06
534016,8.25786e-06
534272,8.25786e-06
534528,8.25786e-06
534784,8.25786e-06
535040,8.25786e-06
535296,8.25786e-06
535552,8.25786e-06
535808,8.25786e-06
536064,8.25786e-06
536320,8.25786e-06
536576,8.25786e-06
536832,8.25786e-06
537088,8.25786e-06
537344,8.25786e-06
537600,8.25786e-06
537856,8.25786e-06
538112,8.25786e-06
538368,8.25786e-06
538624,8.25786e-06
538880,8.25786e-06
539136,8.25786e-06
539392,8.25786e-06
539648,8.25786e-06
539904,8.25786e-06
540160,8.25786e-06
540416,8.25786e-06
540672,8.25786e-06
540928,8.25786e-06
541184,8.25786e-06
541440,8.25786e-06
541696,8.25786e-06
541952,8.25786e-06
542208,8.25786e-06
542464,8.25786e-06
542720,8.25786e-06
542976,8.25786e-06
543232,8.25786e-06
543488,8.25786e-06
543744,8.25786e-06
544000,8.25786e-06
544256,8.25786e-06
544512,8.25786e-06
544768,8.25786e-06
545024,8.25786e-06
545280,8.25786e-06
545536,8.25786e-06
545792,8.25786e-06
546048,8.25786e-06
546304,8.25786e-06
546560,8.25786e-06
546816,8.25786e-06
547072,8.25786e-06
547328,8.25786e-06
547584,8.25786e-06
547840,8.25786e-06
548096,8.25786e-06
548352,8.25786e-06
548608,8.25786e-06
548864,8.25786e-06
549120,8.25786e-06
549376,8.25786e-06
549632,8.25786e-06
549888,8.25786e-06
550144,8.25786e-06
550400,8.25786e-06
550656,8.25786e-06
550912,8.25786e-06
551168,8.25786e-06
551424,8.25786e-06
551680,8.25786e-06
551936,8.25786e-06
552192,8.25786e-06
552448,8.25786e-06
552704,8.25786e-06
552960,8.25786e-06
553216,8.25786e-06
553472,8.25786e-06
553728,8.25786e-06
553984,8.25786e-06
554240,8.25786e-06
554496,8.25786e-06
554752,8.25786e-06
555008,8.25786e-06
555264,8.25786e-06
555520,8.25786e-06
555776,8.25786e-06
556032,8.25786e-06
556288,8.25786e-06
556544,8.25786e-06
556800,8.25786e-06
557056,8.25786e-06
557312,8.25786e-06
557568,8.25786e-06
557824,8.25786e-06
558080,8.25786e-06
558336,8.25786e-06
558592,8.25786e-06
558848,8.25786e-06
559104,8.25786e-06
559360,8.25786e-06
559616,8.25786e-06
559872,8.25786e-06
560128,8.25786e-06
560384,8.25786e-06
560640,8.25786e-06
560896,8.25786e-06
561152,8.25786e-06
561408,8.25786e-06
561664,8.25786e-06
561920,8.25786e-06
562176,8.25786e-06
562432,8.25786e-06
562688,8.25786e-06
562944,8.25786e-06
563200,8.25786e-06
563456,8.25786e-06
563712,8.25786e-06
563968,8.25786e-06
564224,8.25786e-06
564480,8.25786e-06
564736,8.25786e-06
564992,8.25786e-06
565248,8.25786e-06
565504,8.25786e-06
565760,8.25786e-06
566016,8.25786e-06
566272,8.25786e-06
566528,8.25786e-06
566784,8.25786e-06
567040,8.25786e-06
567296,8.25786e-06
567552,8.25786e-06
567808,8.25786e-06
568064,8.25786e-06
568320,8.25786e-06
568576,8.25786e-06
568832,8.25786e-06
569088,8.25786e-06
569344,8.25786e-06
569600,8.25786e-06
569856,8.25786e-06
570112,8.25786e-06
570368,8.25786e-06
570624,8.25786e-06
570880,8.25786e-06
571136,8.25786e-06
571392,8.25786e-06
571648,8.25786e-06
571904,8.25786e-06
572160,8.25786e-06
572416,8.25786e-06
572672,8.25786e-06
572928,8.25786e-06
573184,8.25786e-06
573440,8.25786e-06
573696,8.25786e-06
573952,8.25786e-06
574208,8.25786e-06
574464,8.25786e-06
574720,8.25786e-06
574976,8.25786e-06
575232,8.25786e-06
575488,8.25786e-06
575744,8.25786e-06
576000,8.25786e-06
576256,8.25786e-06
576512,8.25786e-06
576768,8.25786e-06
577024,8.25786e-06
577280,8.25786e-06
577536,8.25786e-06
577792,8.25786e-06
578048,8.25786e-06
578304,8.25786e-06
578560,8.25786e-06
578816,8.25786e-06
579072,8.25786e-06
579328,8.25786e-06
579584,8.25786e-06
579840,8.25786e-06
580096,8.25786e-06
580352,8.25786e-06
580608,8.25786e-06
580864,8.25786e-06
581120,8.25786e-06
581376,8.25786e-06
581632,8.25786e-06
581888,8.25786e-06
582144,8.25786e-06
582400,8.25786e-06
582656,8.25786e-06
582912,8.25786e-06
583168,8.25786e-06
583424,8.25786e-06
583680,8.25786e-06
583936,8.25786e-06
584192,8.25786e-06
584448,8.25786e-06
584704,8.25786e-06
584960,8.25786e-06
585216,8.25786e-06
585472,8.25786e-06
585728,8.25786e-06
585984,8.25786e-06
586240,8.25786e-06
586496,8.25786e-06
586752,8.25786e-06
587008,8.25786e-06
587264,8.25786e-06
587520,8.25786e-06
587776,8.25786e-06
588032,8.25786e-06
588288,8.25786e-06
588544,8.25786e-06
588800,8.25786e-06
589056,8.25786e-06
589312,8.25786e-06
589568,8.25786e-06
589824,8.25786e-06
590080,8.25786e-06
590336,8.25786e-06
590592,8.25786e-06
590848,8.25786e-06
591104,8.25786e-06
591360,8.25786e-06
591616,8.25786e-06
591872,8.25786e-06
592128,8.25786e-06
592384,8.25786e-06
592640,8.25786e-06
592896,8.25786e-06
593152,8.25786e-06
593408,8.25786e-06
593664,8.25786e-06
593920,8.25786e-06
594176,8.25786e-06
594432,8.25786e-06
594688,8.25786e-06
594944,8.25786e-06
595200,8.25786e-06
595456,8.25786e-06
595712,8.25786e-06
595968,8.25786e-06
596224,8.25786e-06
596480,8.25786e-06
596736,8.25786e-06
596992,8.25786e-06
597248,8.25786e-06
597504,8.25786e-06
597760,8.25786e-06
598016,8.25786e-06
598272,8.25786e-06
598528,8.25786e-06
598784,8.25786e-06
599040,8.25786e-06
599296,8.25786e-06
599552,8.25786e-06
599808,8.25786e-06
600064,8.25786e-06
600320,8.25786e-06
600576,8.25786e-06
600832,8.25786e-06
601088,8.25786e-06
601344,8.25786e-06
601600,8.25786e-06
601856,8.25786e-06
602112,8.25786e-06
602368,8.25786e-06
602624,8.25786e-06
602880,8.25786e-06
603136,8.25786e-06
603392,8.25786e-06
603648,8.25786e-06
603904,8.25786e-06
604160,8.25786e-06
604416,8.25786e-06
604672,8.25786e-06
604928,8.25786e-06
605184,8.25786e-06
605440,8.25786e-06
605696,8.25786e-06
605952,8.25786e-06
606208,8.25786e-06
606464,8.25786e-06
606720,8.25786e-06
606976,8.25786e-06
607232,8.25786e-06
607488,8.25786e-06
607744,8.25786e-06
608000,8.25786e-06
608256,8.25786e-06
608512,8.25786e-06
608768,8.25786e-06
609024,8.25786e-06
609280,8.25786e-06
609536,8.25786e-06
609792,8.25786e-06
610048,8.25786e-06
610304,8.25786e-06
610560,8.25786e-06
610816,8.25786e-06
611072,8.25786e-06
611328,8.25786e-06
611584,8.25786e-06
611840,8.25786e-06
612096,8.25786e-06
612352,8.25786e-06
612608,8.25786e-06
612864,8.25786e-06
613120,8.25786e-06
613376,8.25786e-06
613632,8.25786e-06
613888,8.25786e-06
614144,8.25786e-06
614400,8.25786e-06
614656,8.25786e-06
614912,8.25786e-06
615168,8.25786e-06
615424,8.25786e-06
615680,8.25786e-06
615936,8.25786e-06
616192,8.25786e-06
616448,8.25786e-06
616704,8.25786e-06
616960,8.25786e-06
617216,8.25786e-06
617472,8.25786e-06
617728,8.25786e-06
617984,8.25786e-06
618240,8.25786e-06
618496,8.25786e-06
618752,8.25786e-06
619008,8.25786e-06
619264,8.25786e-06
619520,8.25786e-06
619776,8.25786e-06
620032,8.25786e-06
620288,8.25786e-06
620544,8.25786e-06
620800,8.25786e-06
621056,8.25786e-06
621312,8.24108e-06
621568,8.21856e-06
621824,8.19599e-06
622080,8.17335e-06
622336,8.16072e-06
622592,8.16072e-06
622848,8.16072e-06
623104,8.16072e-06
623360,8.16072e-06
623616,8.16072e-06
623872,8.16072e-06
624128,8.16072e-06
624384,8.16072e-06
624640,8.16072e-06
624896,8.16072e-06
625152,8.16072e-06
625408,8.16072e-06
625664,8.16072e-06
625920,8.16072e-06
626176,8.16072e-06
626432,8.16072e-06
626688,8.16072e-06
626944,8.16072e-06
627200,8.16072e-06
627456,8.16072e-06
627712,8.16072e-06
627968,8.16072e-06
628224,8.16072e-06
628480,8.16072e-06
628736,8.16072e-06
628992,8.16072e-06
629248,8.16072e-06
629504,8.16072e-06
629760,8.16072e-06
630016,8.16072e-06
630272,8.16072e-06
630528,8.16072e-06
630784,8.16072e-06
631040,8.15584e-06
631296,8.13309e-06
631552,8.11028e-06
631808,8.0874e-06
632064,8.06446e-06
632320,8.06357e-06
632576,8.06357e-06
632832,8.06357e-06
633088,8.06357e-06
633344,8.06357e-06
633600,8.06357e-06
633856,8.06357e-06
634112,8.06357e-06
634368,8.06357e-06
634624,8.06357e-06
634880,8.06357e-06
635136,8.06357e-06
635392,8.06357e-06
635648,8.06357e-06
635904,8.06357e-06
636160,8.06357e-06
636416,8.06357e-06
636672,8.06357e-06
636928,8.06357e-06
637184,8.06357e-06
637440,8.06357e-06
637696,8.06357e-06
637952,8.06357e-06
638208,8.06357e-06
638464,8.06357e-06
638720,8.06357e-06
638976,8.06357e-06
639232,8.06357e-06
639488,8.06357e-06
639744,8.06357e-06
640000,8.06357e-06
640256,8.06357e-06
640512,8.06357e-06
640768,8.06357e-06
641024,8.06357e-06
641280,8.06357e-06
641536,8.06357e-06
641792,8.06357e-06
642048,8.06357e-06
642304,8.06357e-06
642560,8.06357e-06
642816,8.06357e-06
643072,8.06357e-06
643328,8.06357e-06
643584,8.06357e-06
643840,8.06357e-06
644096,8.06357e-06
644352,8.06357e-06
644608,8.06357e-06
644864,8.06357e-06
645120,8.06357e-06
645376,8.06357e-06
645632,8.06357e-06
645888,8.06357e-06
646144,8.06357e-06
646400,8.06357e-06
646656,8.06357e-06
646912,8.06357e-06
647168,8.06357e-06
647424,8.06357e-06
647680,8.06357e-06
647936,8.06357e-06
648192,8.06357e-06
648448,8.06357e-06
648704,8.06357e-06
648960,8.06357e-06
649216,8.06357e-06
649472,8.06357e-06
649728,8.06357e-06
649984,8.06357e-06
650240,8.06357e-06
650496,8.06357e-06
650752,8.06357e-06
651008,8.06357e-06
651264,8.06357e-06
651520,8.06357e-06
651776,8.06357e-06
652032,8.06357e-06
652288,8.06357e-06
652544,8.06357e-06
652800,8.06357e-06
653056,8.06357e-06
653312,8.06357e-06
653568,8.06357e-06
653824,8.06357e-06
654080,8.06357e-06
654336,8.06357e-06
654592,8.06357e-06
654848,8.06357e-06
655104,8.06357e-06
655360,8.06357e-06
655616,8.06357e-06
655872,8.06357e-06
656128,8.06357e-06
656384,8.06357e-06
656640,8.06357e-06
656896,8.06357e-06
657152,8.06357e-06
657408,8.06357e-06
657664,8.06357e-06
657920,8.06357e-06
658176,8.06357e-06
658432,8.06357e-06
658688,8.06357e-06
658944,8.06357e-06
659200,8.06357e-06
659456,8.06357e-06
659712,8.06357e-06
659968,8.06357e-06
660224,8.06357e-06
660480,8.06357e-06
660736,8.06357e-06
660992,8.06357e-06
661248,8.06357e-06
661504,8.06357e-06
661760,8.06357e-06
662016,8.06357e-06
662272,8.06357e-06
662528,8.06357e-06
662784,8.06357e-06
663040,8.06357e-06
663296,8.06357e-06
663552,8.06357e-06
663808,8.06357e-06
664064,8.06357e-06
664320,8.06357e-06
664576,8.06357e-06
664832,8.06357e-06
665088,8.06357e-06
665344,8.06357e-06
665600,8.06357e-06
665856,8.06357e-06
666112,8.06357e-06
666368,8.06357e-06
666624,8.06357e-06
666880,8.06357e-06
667136,8.06357e-06
667392,8.06357e-06
667648,8.06357e-06
667904,8.06357e-06
668160,8.06357e-06
668416,8.06357e-06
668672,8.06357e-06
668928,8.06357e-06
669184,8.06357e-06
669440,8.06357e-06
669696,8.06357e-06
669952,8.06357e-06
670208,8.06357e-06
670464,8.06357e-06
670720,8.06357e-06
670976,8.06357e-06
671232,8.06357e-06
671488,8.06357e-06
671744,8.06357e-06
672000,8.06357e-06
672256,8.06357e-06
672512,8.06357e-06
672768,8.06357e-06
673024,8.06357e-06
673280,8.06357e-06
673536,8.06357e-06
673792,8.06357e-06
674048,8.06357e-06
674304,8.06357e-06
674560,8.06357e-06
674816,8.06357e-06
675072,8.06357e-06
675328,8.06357e-06
675584,8.06357e-06
675840,8.06357e-06
676096,8.06357e-06
676352,8.06357e-06
676608,8.06357e-06
676864,8.06357e-06
677120,8.06357e-06
677376,8.06357e-06
677632,8.06357e-06
677888,8.06357e-06
678144,8.06357e-06
678400,8.06357e-06
678656,8.06357e-06
678912,8.06357e-06
679168,8.06357e-06
679424,8.06357e-06
679680,8.06357e-06
679936,8.06357e-06
680192,8.06357e-06
680448,8.06357e-06
680704,8.06357e-06
680960,8.06357e-06
681216,8.06357e-06
681472,8.06357e-06
681728,8.06357e-06
681984,8.06357e-06
682240,8.06357e-06
682496,8.06357e-06
682752,8.06357e-06
683008,8.06357e-06
683264,8.06357e-06
683520,8.06357e-06
683776,8.06357e-06
684032,8.06357e-06
684288,8.06357e-06
684544,8.06357e-06
684800,8.06357e-06
685056,8.06357e-06
685312,8.06357e-06
685568,8.06357e-06
685824,8.06357e-06
686080,8.06357e-06
686336,8.06357e-06
686592,8.06357e-06
686848,8.06357e-06
687104,8.06357e-06
687360,8.06357e-06
687616,8.06357e-06
687872,8.06357e-06
688128,8.06357e-06
688384,8.06357e-06
688640,8.06357e-06
688896,8.06357e-06
689152,8.06357e-06
689408,8.06357e-06
689664,8.06357e-06
689920,8.06357e-06
690176,8.06357e-06
690432,8.06357e-06
690688,8.06357e-06
690944,8.06357e-06
691200,8.06357e-06
691456,8.06357e-06
691712,8.06357e-06
691968,8.06357e-06
692224,8.06357e-06
692480,8.06357e-06
692736,8.06357e-06
692992,8.06357e-06
693248,8.06357e-06
693504,8.06357e-06
693760,8.06357e-06
694016,8.06357e-06
694272,8.06357e-06
694528,8.06357e-06
694784,8.06357e-06
695040,8.06357e-06
695296,8.06357e-06
695552,8.06357e-06
695808,8.06357e-06
696064,8.06357e-06
696320,8.06357e-06
696576,8.06357e-06
696832,8.06357e-06
697088,8.06357e-06
697344,8.06357e-06
697600,8.06357e-06
697856,8.06357e-06
698112,8.06357e-06
698368,8.06357e-06
698624,8.06357e-06
698880,8.06357e-06
699136,8.06357e-06
699392,8.06357e-06
699648,8.06357e-06
699904,8.06357e-06
700160,8.06357e-06
700416,8.06357e-06
700672,8.06357e-06
700928,8.06357e-06
701184,8.06357e-06
701440,8.06357e-06
701696,8.06357e-06
701952,8.06357e-06
702208,8.06357e-06
702464,8.06357e-06
702720,8.06357e-06
702976,8.06357e-06
703232,8.06357e-06
703488,8.06357e-06
703744,8.06357e-06
704000,8.06357e-06
704256,8.06357e-06
704512,8.06357e-06
704768,8.06357e-06
705024,8.06357e-06
705280,8.06357e-06
705536,8.06357e-06
705792,8.06357e-06
706048,8.06357e-06
706304,8.06357e-06
706560,8.06357e-06
706816,8.06357e-06
707072,8.06357e-06
707328,8.06357e-06
707584,8.06357e-06
707840,8.06357e-06
708096,8.06357e-06
708352,8.06357e-06
708608,8.06357e-06
708864,8.06357e-06
709120,8.06357e-06
709376,8.06357e-06
709632,8.06357e-06
709888,8.06357e-06
710144,8.06357e-06
710400,8.06357e-06
710656,8.06357e-06
710912,8.06357e-06
711168,8.06357e-06
711424,8.06357e-06
711680,8.06357e-06
711936,8.06357e-06
712192,8.06357e-06
712448,8.06357e-06
712704,8.06357e-06
712960,8.06357e-06
713216,8.06357e-06
713472,8.06357e-06
713728,8.06357e-06
713984,8.06357e-06
714240,8.06357e-06
714496,8.06357e-06
714752,8.06357e-06
715008,8.06357e-06
715264,8.06357e-06
715520,8.06357e-06
715776,8.06357e-06
716032,8.06357e-06
716288,8.06357e-06
716544,8.06357e-06
716800,8.06357e-06
717056,8.06357e-06
717312,8.06357e-06
717568,8.06357e-06
717824,8.06357e-06
718080,8.06357e-06
718336,8.06357e-06
718592,8.06357e-06
718848,8.06357e-06
719104,8.06357e-06
719360,8.06357e-06
719616,8.06357e-06
719872,8.06357e-06
720128,8.06357e-06
720384,8.06357e-06
720640,8.06357e-06
720896,8.06357e-06
721152,8.06357e-06
721408,8.06357e-06
721664,8.06357e-06
721920,8.06357e-06
722176,8.06357e-06
722432,8.06357e-06
722688,8.06357e-06
722944,8.06357e-06
723200,8.06357e-06
723456,8.06357e-06
723712,8.06357e-06
723968,8.06357e-06
724224,8.06357e-06
724480,8.06357e-06
724736,8.06357e-06
724992,8.06357e-06
725248,8.06357e-06
725504,8.06357e-06
725760,8.06357e-06
726016,8.06357e-06
726272,8.06357e-06
726528,8.06357e-06
726784,8.06357e-06
727040,8.06357e-06
727296,8.06357e-06
727552,8.06357e-06
727808,8.06357e-06
728064,8.06357e-06
728320,8.06357e-06
728576,8.06357e-06
728832,8.06357e-06
729088,8.06357e-06
729344,8.06357e-06
729600,8.06357e-06
729856,8.06357e-06
730112,8.06357e-06
730368,8.06357e-06
730624,8.06357e-06
730880,8.06357e-06
731136,8.06357e-06
731392,8.06357e-06
731648,8.06357e-06
731904,8.06357e-06
732160,8.06357e-06
732416,8.06357e-06
732672,8.06357e-06
732928,8.06357e-06
733184,8.06357e-06
733440,8.06357e-06
733696,8.06357e-06
733952,8.06357e-06
734208,8.06357e-06
734464,8.06357e-06
734720,8.06357e-06
734976,8.06357e-06
735232,8.06357e-06
735488,8.06357e-06
735744,8.06357e-06
736000,8.06357e-06
736256,8.06357e-06
736512,8.06357e-06
736768,8.06357e-06
737024,8.06357e-06
737280,8.06357e-06
737536,8.06357e-06
737792,8.06357e-06
738048,8.06357e-06
738304,8.06357e-06
738560,8.06357e-06
738816,8.06357e-06
739072,8.06357e-06
739328,8.06357e-06
739584,8.06357e-06
739840,8.06357e-06
740096,8.06357e-06
740352,8.06357e-06
740608,8.06357e-06
740864,8.06357e-06
741120,8.06357e-06
741376,8.06357e-06
741632,8.06357e-06
741888,8.06357e-06
742144,8.06357e-06
742400,8.06357e-06
742656,8.06357e-06
742912,8.06357e-06
743168,8.06357e-06
743424,8.06357e-06
743680,8.06357e-06
743936,8.06357e-06
744192,8.06357e-06
744448,8.06357e-06
744704,8.06357e-06
744960,8.06357e-06
745216,8.06357e-06
745472,8.06357e-06
745728,8.06357e-06
745984,8.06357e-06
746240,8.06357e-06
746496,8.06357e-06
746752,8.06357e-06
747008,8.06357e-06
747264,8.06357e-06
747520,8.06357e-06
747776,8.06357e-06
748032,8.06357e-06
748288,8.06357e-06
748544,8.06357e-06
748800,8.06357e-06
749056,8.06357e-06
749312,8.06357e-06
749568,8.06357e-06
749824,8.06357e-06
750080,8.06357e-06
750336,8.06357e-06
750592,8.06357e-06
750848,8.06357e-06
751104,8.06357e-06
751360,8.06357e-06
751616,8.06357e-06
751872,8.06357e-06
752128,8.06357e-06
752384,8.06357e-06
752640,8.06357e-06
752896,8.06357e-06
753152,8.06357e-06
753408,8.06357e-06
753664,8.06357e-06
753920,8.06357e-06
754176,8.06357e-06
754432,8.06357e-06
754688,8.06357e-06
754944,8.06357e-06
755200,8.06357e-06
755456,8.06357e-06
755712,8.06357e-06
755968,8.06357e-06
756224,8.06357e-06
756480,8.06357e-06
756736,8.06357e-06
756992,8.06357e-06
757248,8.06357e-06
757504,8.06357e-06
757760,8.06357e-06
758016,8.06357e-06
758272,8.06357e-06
758528,8.06357e-06
758784,8.06357e-06
759040,8.06357e-06
759296,8.06357e-06
759552,8.06357e-06
759808,8.06357e-06
760064,8.06357e-06
760320,8.06357e-06
760576,8.06357e-06
760832,8.06357e-06
761088,8.06357e-06
761344,8.06357e-06
761600,8.06357e-06
761856,8.06357e-06
762112,8.06357e-06
762368,8.06357e-06
762624,8.06357e-06
762880,8.06357e-06
763136,8.06357e-06
763392,8.06357e-06
763648,8.06357e-06
763904,8.06357e-06
764160,8.06357e-06
764416,8.06357e-06
764672,8.06357e-06
764928,8.06357e-06
765184,8.06357e-06
765440,8.06357e-06
765696,8.06357e-06
765952,8.06357e-06
766208,8.06357e-06
766464,8.06357e-06
766720,8.06357e-06
766976,8.06357e-06
767232,8.06357e-06
767488,8.06357e-06
767744,8.06357e-06
768000,8.06357e-06
768256,8.06357e-06
768512,8.06357e-06
768768,8.06357e-06
769024,8.06357e-06
769280,8.06357e-06
769536,8.06357e-06
769792,8.06357e-06
770048,8.06357e-06
770304,8.06357e-06
770560,8.06357e-06
770816,8.06357e-06
771072,8.06357e-06
771328,8.06357e-06
771584,8.06357e-06
771840,8.06357e-06
772096,8.06357e-06
772352,8.06357e-06
772608,8.06357e-06
772864,8.06357e-06
773120,8.06357e-06
773376,8.06357e-06
773632,8.06357e-06
773888,8.06357e-06
774144,8.06357e-06
774400,8.06357e-06
774656,8.06357e-06
774912,8.06357e-06
775168,8.06357e-06
775424,8.06357e-06
775680,8.06357e-06
775936,8.06357e-06
776192,8.06357e-06
776448,8.06357e-06
776704,8.06357e-06
776960,8.06357e-06
777216,8.06357e-06
777472,8.06357e-06
777728,8.06357e-06
777984,8.06357e-06
778240,8.06357e-06
778496,8.06357e-06
778752,8.06357e-06
779008,8.06357e-06
779264,8.06357e-06
779520,8.06357e-06
779776,8.06357e-06
780032,8.06357e-06
780288,8.06357e-06
780544,8.06357e-06
780800,8.06357e-06
781056,8.06357e-06
781312,8.06357e-06
781568,8.06357e-06
781824,8.06357e-06
782080,8.06357e-06
782336,8.06357e-06
782592,8.06357e-06
782848,8.06357e-06
783104,8.06357e-06
783360,8.06357e-06
783616,8.06357e-06
783872,8.06357e-06
784128,8.06357e-06
784384,8.06357e-06
784640,8.06357e-06
784896,8.06357e-06
785152,8.06357e-06
785408,8.06357e-06
785664,8.06357e-06
785920,8.06357e-06
786176,8.06357e-06
786432,8.06357e-06
786688,8.06357e-06
786944,8.06357e-06
787200,8.06357e-06
787456,8.06357e-06
787712,8.06357e-06
787968,8.06357e-06
788224,8.06357e-06
788480,8.06357e-06
788736,8.06357e-06
788992,8.06357e-06
789248,8.06357e-06
789504,8.06357e-06
789760,8.06357e-06
790016,8.06357e-06
790272,8.06357e-06
790528,8.06357e-06
790784,8.06357e-06
791040,8.06357e-06
791296,8.06357e-06
791552,8.06357e-06
791808,8.06357e-06
792064,8.06357e-06
792320,8.06357e-06
792576,8.06357e-06
792832,8.06357e-06
793088,8.06357e-06
793344,8.06357e-06
793600,8.06357e-06
793856,8.06357e-06
794112,8.06357e-06
794368,8.06357e-06
794624,8.06357e-06
794880,8.06357e-06
795136,8.06357e-06
795392,8.06357e-06
795648,8.06357e-06
795904,8.06357e-06
796160,8.06357e-06
796416,8.06357e-06
796672,8.06357e-06
796928,8.06357e-06
797184,8.06357e-06
797440,8.06357e-06
797696,8.06357e-06
797952,8.06357e-06
798208,8.06357e-06
798464,8.06357e-06
798720,8.06357e-06
798976,8.06357e-06
799232,8.06357e-06
799488,8.06357e-06
799744,8.06357e-06
800000,8.06357e-06
800256,8.06357e-06
800512,8.06357e-06
800768,8.06357e-06
801024,8.06357e-06
801280,8.06357e-06
801536,8.06357e-06
801792,8.06357e-06
802048,8.06357e-06
802304,8.06357e-06
802560,8.06357e-06
802816,8.06357e-06
803072,8.06357e-06
803328,8.06357e-06
803584,8.06357e-06
803840,8.06357e-06
804096,8.06357e-06
804352,8.06357e-06
804608,8.06357e-06
804864,8.06357e-06
805120,8.06357e-06
805376,8.06357e-06
805632,8.06357e-06
805888,8.06357e-06
806144,8.06357e-06
806400,8.06357e-06
806656,8.06357e-06
806912,8.06357e-06
807168,8.06357e-06
807424,8.06357e-06
807680,8.06357e-06
807936,8.06357e-06
808192,8.06357e-06
808448,8.06357e-06
808704,8.06357e-06
808960,8.06357e-06
809216,8.06357e-06
809472,8.06357e-06
809728,8.06357e-06
809984,8.06357e-06
810240,8.06357e-06
810496,8.06357e-06
810752,8.06357e-06
811008,8.06357e-06
811264,8.06357e-06
811520,8.06357e-06
811776,8.06357e-06
812032,8.06357e-06
812288,8.06357e-06
812544,8.06357e-06
812800,8.06357e-06
813056,8.06357e-06
813312,8.06357e-06
813568,8.06357e-06
813824,8.06357e-06
814080,8.06357e-06
814336,8.06357e-06
814592,8.06357e-06
814848,8.06357e-06
815104,8.06357e-06
815360,8.06357e-06
815616,8.06357e-06
815872,8.06357e-06
816128,8.06357e-06
816384,8.06357e-06
816640,8.06357e-06
816896,8.06357e-06
817152,8.06357e-06
817408,8.06357e-06
817664,8.06357e-06
817920,8.06357e-06
818176,8.06357e-06
818432,8.06357e-06
818688,8.06357e-06
818944,8.06357e-06
819200,8.06357e-06
819456,8.06357e-06
819712,8.06357e-06
819968,8.06357e-06
820224,8.06357e-06
820480,8.06357e-06
820736,8.06357e-06
820992,8.06357e-06
821248,8.06357e-06
821504,8.06357e-06
821760,8.06357e-06
822016,8.06357e-06
822272,8.06357e-06
822528,8.06357e-06
822784,8.06357e-06
823040,8.06357e-06
823296,8.06357e-06
823552,8.06357e-06
823808,8.06357e-06
824064,8.06357e-06
824320,8.06357e-06
824576,8.06357e-06
824832,8.06357e-06
825088,8.06357e-06
825344,8.06357e-06
825600,8.06357e-06
825856,8.06357e-06
826112,8.06357e-06
826368,8.06357e-06
826624,8.06357e-06
826880,8.06357e-06
827136,8.06357e-06
827392,8.06357e-06
827648,8.06357e-06
827904,8.06357e-06
828160,8.06357e-06
828416,8.06357e-06
828672,8.06357e-06
828928,8.06357e-06
829184,8.06357e-06
829440,8.06357e-06
829696,8.06357e-06
829952,8.06357e-06
