cache_lines,MRC
256,0.0245196
512,0.020778
768,0.0186555
1024,0.0155619
1280,0.0134835
1536,0.0117502
1792,0.0110099
2048,0.0100421
2304,0.00970929
2560,0.00945743
2816,0.00922858
3072,0.00851432
3328,0.00820323
3584,0.00797306
3840,0.00759961
4096,0.00740735
4352,0.00726379
4608,0.007089
4864,0.00687248
5120,0.00677031
5376,0.00661639
5632,0.00648721
5888,0.00633132
6144,0.00612137
6400,0.00600912
6656,0.00591541
6912,0.00580229
7168,0.00570728
7424,0.00557192
7680,0.00542989
7936,0.00495964
8192,0.00484783
8448,0.00471175
8704,0.0043959
8960,0.00425288
9216,0.0041631
9472,0.00407049
9728,0.00393878
9984,0.00385236
10240,0.0037565
10496,0.00364014
10752,0.00352388
11008,0.00341369
11264,0.00331784
11520,0.00320203
11776,0.00300886
12032,0.00282931
12288,0.00276584
12544,0.00269636
12800,0.0026372
13056,0.00258573
13312,0.0025321
13568,0.00247899
13824,0.00231258
14080,0.00225217
14336,0.00219163
14592,0.0021461
14848,0.00210087
15104,0.00204887
15360,0.00201369
15616,0.00197182
15872,0.00193368
16128,0.00187521
16384,0.0017962
16640,0.00176641
16896,0.00172877
17152,0.00168845
17408,0.001661
17664,0.00162368
17920,0.00159753
18176,0.00156156
18432,0.00152381
18688,0.00148712
18944,0.00145426
19200,0.0014204
19456,0.00138565
19712,0.00135557
19968,0.00132209
20224,0.0012878
20480,0.00124695
20736,0.00117589
20992,0.00114813
21248,0.00111489
21504,0.00107527
21760,0.00104167
22016,0.00100484
22272,0.000977958
22528,0.000953789
22784,0.000927936
23040,0.000897147
23296,0.000865207
23552,0.000837213
23808,0.00081675
24064,0.000791696
24320,0.000763635
24576,0.000741483
24832,0.000716971
25088,0.000695778
25344,0.00067876
25600,0.000664694
25856,0.000651704
26112,0.000641761
26368,0.000626493
26624,0.00061411
26880,0.000600627
27136,0.000590204
27392,0.000577123
27648,0.000563824
27904,0.000553116
28160,0.000543154
28416,0.00053304
28672,0.000521456
28928,0.000511777
29184,0.000501243
29440,0.00049398
29696,0.000489223
29952,0.000482519
30208,0.000477609
30464,0.000469641
30720,0.000463633
30976,0.000455581
31232,0.000447898
31488,0.000441195
31744,0.00043525
32000,0.000430374
32256,0.000425473
32512,0.000417025
32768,0.000411033
33024,0.000403988
33280,0.000395178
33536,0.000389239
33792,0.000384984
34048,0.000378829
34304,0.000374187
34560,0.000369575
34816,0.000364102
35072,0.000359125
35328,0.000354714
35584,0.000350678
35840,0.000346795
36096,0.000343376
36352,0.000339082
36608,0.000336152
36864,0.000332411
37120,0.000328447
37376,0.000323997
37632,0.000317178
37888,0.000312412
38144,0.000308935
38400,0.00030498
38656,0.000298877
38912,0.000289676
39168,0.00028572
39424,0.000281732
39680,0.000278609
39936,0.000274313
40192,0.000270635
40448,0.000266357
40704,0.000261877
40960,0.000257426
41216,0.000252445
41472,0.00024757
41728,0.000243426
41984,0.000238088
42240,0.000232047
42496,0.000224894
42752,0.000218214
43008,0.00021256
43264,0.000207922
43520,0.000203738
43776,0.000201064
44032,0.000197882
44288,0.000194648
44544,0.000191292
44800,0.000188361
45056,0.000183215
45312,0.000178331
45568,0.000174567
45824,0.000169601
46080,0.00016433
46336,0.00016049
46592,0.000157644
46848,0.000154401
47104,0.000151531
47360,0.00014847
47616,0.000143999
47872,0.000140737
48128,0.000138006
48384,0.00013447
48640,0.000130943
48896,0.000127478
49152,0.000123619
49408,0.000121403
49664,0.000118549
49920,0.000114661
50176,0.000111853
50432,0.000110203
50688,0.000108191
50944,0.000105757
51200,0.000103235
51456,9.88526e-05
51712,9.41753e-05
51968,9.08433e-05
52224,8.73305e-05
52480,8.42781e-05
52736,8.19767e-05
52992,8.02484e-05
53248,7.94515e-05
53504,7.77154e-05
53760,7.46775e-05
54016,7.19463e-05
54272,6.83701e-05
54528,6.56312e-05
54784,6.2731e-05
55040,6.11731e-05
55296,5.89416e-05
55552,5.75687e-05
55808,5.58837e-05
56064,5.40107e-05
56320,5.31951e-05
56576,5.10575e-05
56832,4.82891e-05
57088,4.65921e-05
57344,4.47883e-05
57600,4.44279e-05
57856,4.41616e-05
58112,4.16817e-05
58368,3.91187e-05
58624,3.69957e-05
58880,3.68662e-05
59136,3.67799e-05
59392,3.6305e-05
59648,3.57326e-05
59904,3.4492e-05
60160,3.39987e-05
60416,3.32105e-05
60672,3.23206e-05
60928,3.09128e-05
61184,3.07795e-05
61440,2.96208e-05
61696,2.94797e-05
61952,2.93374e-05
62208,2.91061e-05
62464,2.87075e-05
62720,2.8578e-05
62976,2.84485e-05
63232,2.81977e-05
63488,2.72202e-05
63744,2.67218e-05
64000,2.66365e-05
64256,2.63764e-05
64512,2.62948e-05
64768,2.62037e-05
65024,2.60311e-05
65280,2.59879e-05
65536,2.59447e-05
65792,2.59016e-05
66048,2.58709e-05
66304,2.56426e-05
66560,2.51762e-05
66816,2.51245e-05
67072,2.50382e-05
67328,2.50169e-05
67584,2.49087e-05
67840,2.47792e-05
68096,2.47792e-05
68352,2.4736e-05
68608,2.46891e-05
68864,2.46497e-05
69120,2.46497e-05
69376,2.46497e-05
69632,2.45675e-05
69888,2.44389e-05
70144,2.44339e-05
70400,2.43961e-05
70656,2.43907e-05
70912,2.43525e-05
71168,2.43044e-05
71424,2.43044e-05
71680,2.43044e-05
71936,2.42623e-05
72192,2.42612e-05
72448,2.3959e-05
72704,2.3959e-05
72960,2.3959e-05
73216,2.3959e-05
73472,2.39158e-05
73728,2.38727e-05
73984,2.38727e-05
74240,2.38295e-05
74496,2.37863e-05
74752,2.37863e-05
75008,2.37432e-05
75264,2.37432e-05
75520,2.37432e-05
75776,2.37432e-05
76032,2.37e-05
76288,2.36613e-05
76544,2.35705e-05
76800,2.35273e-05
77056,2.3335e-05
77312,2.32252e-05
77568,2.3182e-05
77824,2.31388e-05
78080,2.30093e-05
78336,2.2923e-05
78592,2.28798e-05
78848,2.28798e-05
79104,2.28798e-05
79360,2.28798e-05
79616,2.28798e-05
79872,2.24996e-05
80128,2.22755e-05
80384,2.22755e-05
80640,2.22755e-05
80896,2.22755e-05
81152,2.22589e-05
81408,2.17704e-05
81664,2.17143e-05
81920,2.15619e-05
82176,2.1526e-05
82432,2.14984e-05
82688,2.14984e-05
82944,2.14553e-05
83200,2.14239e-05
83456,2.13689e-05
83712,2.13689e-05
83968,2.1313e-05
84224,2.12826e-05
84480,2.12826e-05
84736,2.09522e-05
84992,2.07646e-05
85248,2.07214e-05
85504,2.06783e-05
85760,2.04993e-05
86016,2.03899e-05
86272,2.02897e-05
86528,2.02897e-05
86784,1.99889e-05
87040,1.99012e-05
87296,1.97286e-05
87552,1.95158e-05
87808,1.94695e-05
88064,1.94695e-05
88320,1.94695e-05
88576,1.94264e-05
88832,1.94264e-05
89088,1.94264e-05
89344,1.93832e-05
89600,1.93832e-05
89856,1.934e-05
90112,1.92537e-05
90368,1.92537e-05
90624,1.92218e-05
90880,1.92105e-05
91136,1.91674e-05
91392,1.89947e-05
91648,1.89947e-05
91904,1.89947e-05
92160,1.89542e-05
92416,1.89515e-05
92672,1.89515e-05
92928,1.87521e-05
93184,1.87357e-05
93440,1.86925e-05
93696,1.86925e-05
93952,1.86925e-05
94208,1.84407e-05
94464,1.80882e-05
94720,1.80018e-05
94976,1.80018e-05
95232,1.80018e-05
95488,1.80018e-05
95744,1.80018e-05
96000,1.78723e-05
96256,1.78634e-05
96512,1.77428e-05
96768,1.77428e-05
97024,1.77428e-05
97280,1.7628e-05
97536,1.75702e-05
97792,1.75702e-05
98048,1.71696e-05
98304,1.71385e-05
98560,1.71385e-05
98816,1.68799e-05
99072,1.68363e-05
99328,1.67931e-05
99584,1.64079e-05
99840,1.64046e-05
100096,1.63615e-05
100352,1.63615e-05
100608,1.60161e-05
100864,1.60161e-05
101120,1.59729e-05
101376,1.58434e-05
101632,1.58434e-05
101888,1.58434e-05
102144,1.58043e-05
102400,1.57571e-05
102656,1.57571e-05
102912,1.57571e-05
103168,1.57399e-05
103424,1.56708e-05
103680,1.55844e-05
103936,1.55844e-05
104192,1.55844e-05
104448,1.52884e-05
104704,1.52823e-05
104960,1.52823e-05
105216,1.52823e-05
105472,1.52823e-05
105728,1.48081e-05
105984,1.42894e-05
106240,1.42894e-05
106496,1.42894e-05
106752,1.42894e-05
107008,1.42894e-05
107264,1.42894e-05
107520,1.42894e-05
107776,1.39815e-05
108032,1.39009e-05
108288,1.39009e-05
108544,1.39009e-05
108800,1.36801e-05
109056,1.3426e-05
109312,1.3426e-05
109568,1.3426e-05
109824,1.3426e-05
110080,1.33829e-05
110336,1.33829e-05
110592,1.32965e-05
110848,1.32934e-05
111104,1.32534e-05
111360,1.29303e-05
111616,1.26922e-05
111872,1.26922e-05
112128,1.26922e-05
112384,1.20136e-05
112640,1.1872e-05
112896,1.1872e-05
113152,1.18288e-05
113408,1.18288e-05
113664,1.14704e-05
113920,1.10518e-05
114176,1.10518e-05
114432,1.10305e-05
114688,1.07496e-05
114944,1.05211e-05
115200,1.04475e-05
115456,1.04475e-05
115712,1.04475e-05
115968,1.04475e-05
116224,1.04475e-05
116480,1.03894e-05
116736,1.0237e-05
116992,1.01884e-05
117248,1.01884e-05
117504,1.01621e-05
117760,1.01453e-05
118016,1.01453e-05
118272,1.01178e-05
118528,1.01021e-05
118784,1.01021e-05
119040,1.01021e-05
119296,1.01021e-05
119552,1.01021e-05
119808,1.01021e-05
120064,9.61216e-06
120320,9.58317e-06
120576,9.54092e-06
120832,9.54092e-06
121088,9.54092e-06
121344,9.54092e-06
121600,9.54092e-06
121856,9.54092e-06
122112,9.54092e-06
122368,9.43535e-06
122624,9.06608e-06
122880,9.02291e-06
123136,9.02291e-06
123392,9.02291e-06
123648,9.02291e-06
123904,9.02291e-06
124160,8.8934e-06
124416,8.72073e-06
124672,8.68402e-06
124928,8.33222e-06
125184,8.33222e-06
125440,8.33222e-06
125696,8.25314e-06
125952,8.03412e-06
126208,7.94371e-06
126464,7.94371e-06
126720,7.94371e-06
126976,7.94371e-06
127232,7.92725e-06
127488,7.90054e-06
127744,7.90054e-06
128000,7.90054e-06
128256,7.90054e-06
128512,7.90054e-06
128768,7.90054e-06
129024,7.90054e-06
129280,7.90054e-06
129536,7.90054e-06
129792,7.90054e-06
130048,7.90054e-06
130304,7.90054e-06
130560,7.90054e-06
130816,7.90054e-06
131072,7.90054e-06
131328,7.90054e-06
131584,7.80465e-06
131840,7.5552e-06
132096,7.5552e-06
132352,7.5552e-06
132608,7.5552e-06
132864,7.5552e-06
133120,7.5552e-06
133376,7.5552e-06
133632,7.5552e-06
133888,7.5552e-06
134144,7.5552e-06
134400,7.5552e-06
134656,7.5552e-06
134912,7.5552e-06
135168,7.5552e-06
135424,7.5552e-06
135680,7.5337e-06
135936,6.95085e-06
136192,6.95085e-06
136448,6.95085e-06
136704,6.95085e-06
136960,6.95085e-06
137216,6.95085e-06
137472,6.95085e-06
137728,6.95085e-06
137984,6.95085e-06
138240,6.95085e-06
138496,6.95085e-06
138752,6.95085e-06
139008,6.95085e-06
139264,6.95085e-06
139520,6.95085e-06
139776,6.95085e-06
140032,6.88704e-06
140288,6.43283e-06
140544,6.43283e-06
140800,6.43283e-06
141056,6.43283e-06
141312,6.43283e-06
141568,6.43283e-06
141824,5.56947e-06
142080,5.56947e-06
142336,5.56947e-06
142592,5.56947e-06
142848,5.56947e-06
143104,5.56947e-06
143360,5.56947e-06
143616,5.56947e-06
143872,5.56947e-06
144128,5.56947e-06
144384,5.56947e-06
144640,5.56947e-06
144896,5.52631e-06
145152,5.52631e-06
145408,5.52631e-06
145664,5.52631e-06
145920,5.52631e-06
146176,5.52631e-06
146432,5.52631e-06
146688,5.52631e-06
146944,5.52631e-06
147200,5.52631e-06
147456,5.52631e-06
147712,5.52631e-06
147968,5.52631e-06
148224,5.52631e-06
148480,5.52631e-06
148736,5.52631e-06
148992,5.48314e-06
149248,5.48314e-06
149504,5.48314e-06
149760,5.48314e-06
150016,5.09463e-06
150272,5.09463e-06
150528,5.09463e-06
150784,5.09463e-06
151040,5.09463e-06
151296,5.09463e-06
151552,5.09463e-06
151808,5.09463e-06
152064,5.09463e-06
152320,5.09463e-06
152576,5.09463e-06
152832,5.09463e-06
153088,5.09463e-06
153344,5.09463e-06
153600,5.09463e-06
153856,5.09463e-06
154112,5.09463e-06
154368,5.09463e-06
154624,5.09463e-06
154880,5.09463e-06
155136,5.09463e-06
155392,5.09463e-06
155648,5.09463e-06
155904,5.09463e-06
156160,5.09463e-06
156416,5.09463e-06
156672,5.09463e-06
156928,5.09463e-06
157184,5.09463e-06
157440,5.09463e-06
157696,5.09463e-06
157952,5.09463e-06
158208,5.09463e-06
158464,5.09463e-06
158720,5.09463e-06
158976,5.09463e-06
159232,5.09463e-06
159488,5.09463e-06
159744,5.09463e-06
160000,5.09463e-06
160256,5.09463e-06
160512,5.09463e-06
160768,5.09463e-06
161024,5.09463e-06
161280,5.09463e-06
161536,5.09463e-06
161792,5.05905e-06
162048,5.05146e-06
162304,5.05146e-06
162560,5.05146e-06
162816,5.05146e-06
163072,5.05146e-06
163328,5.05146e-06
163584,5.05146e-06
163840,5.05146e-06
164096,5.05146e-06
164352,5.05146e-06
164608,5.05146e-06
164864,5.05146e-06
165120,5.05146e-06
165376,5.05146e-06
165632,5.05146e-06
165888,5.05146e-06
166144,5.05146e-06
166400,5.05146e-06
166656,5.05146e-06
166912,5.05146e-06
167168,5.05146e-06
167424,5.05146e-06
167680,5.05146e-06
167936,5.05146e-06
168192,5.05146e-06
168448,5.05146e-06
168704,5.05146e-06
168960,5.05146e-06
169216,5.05146e-06
169472,5.05146e-06
169728,5.05146e-06
169984,5.05146e-06
170240,5.05146e-06
170496,5.05146e-06
170752,5.05146e-06
171008,5.05146e-06
171264,5.05146e-06
171520,5.05146e-06
171776,5.05146e-06
172032,5.05146e-06
172288,5.05146e-06
172544,5.05146e-06
172800,5.05146e-06
173056,5.05146e-06
173312,5.05146e-06
173568,5.05146e-06
173824,5.05146e-06
174080,5.05146e-06
174336,5.05146e-06
174592,5.05146e-06
174848,5.05146e-06
175104,5.05146e-06
175360,5.05146e-06
175616,5.05146e-06
175872,5.05146e-06
176128,5.05146e-06
176384,5.05146e-06
176640,5.05146e-06
176896,5.05146e-06
177152,5.05146e-06
177408,5.05146e-06
177664,5.05146e-06
177920,5.05146e-06
178176,5.05146e-06
178432,5.05146e-06
178688,5.05146e-06
178944,5.05146e-06
179200,5.05146e-06
179456,5.05146e-06
179712,5.05146e-06
179968,5.05146e-06
180224,5.05146e-06
180480,5.05146e-06
180736,5.05146e-06
180992,5.05146e-06
181248,5.05146e-06
181504,5.05146e-06
181760,5.05146e-06
182016,5.05146e-06
182272,5.05146e-06
182528,5.05146e-06
182784,5.05146e-06
183040,5.05146e-06
183296,5.05146e-06
183552,5.05146e-06
183808,5.05146e-06
184064,5.05146e-06
184320,5.05146e-06
184576,5.05146e-06
184832,5.05146e-06
185088,5.05146e-06
185344,5.05146e-06
185600,5.05146e-06
185856,5.05146e-06
186112,5.05146e-06
186368,5.05146e-06
186624,5.05146e-06
186880,5.05146e-06
187136,5.05146e-06
187392,5.05146e-06
187648,5.05146e-06
187904,5.05146e-06
188160,5.05146e-06
188416,5.05146e-06
188672,5.05146e-06
188928,5.05146e-06
189184,5.05146e-06
189440,5.05146e-06
189696,5.05146e-06
189952,5.05146e-06
190208,5.05146e-06
190464,5.05146e-06
190720,5.05146e-06
190976,5.05146e-06
191232,5.05146e-06
191488,5.05146e-06
191744,5.05146e-06
192000,5.00829e-06
192256,5.00829e-06
192512,5.00829e-06
192768,5.00829e-06
193024,5.00829e-06
193280,5.00829e-06
193536,5.00829e-06
193792,5.00829e-06
194048,5.00829e-06
194304,5.00829e-06
194560,5.00829e-06
194816,5.00829e-06
195072,5.00829e-06
195328,5.00829e-06
195584,5.00829e-06
195840,5.00829e-06
196096,5.00829e-06
196352,5.00829e-06
196608,5.00829e-06
196864,5.00829e-06
197120,5.00829e-06
197376,5.00829e-06
197632,5.00829e-06
197888,5.00829e-06
198144,5.00829e-06
198400,5.00829e-06
198656,5.00829e-06
198912,5.00829e-06
199168,5.00829e-06
199424,5.00829e-06
199680,5.00829e-06
199936,5.00829e-06
200192,5.00829e-06
200448,5.00829e-06
200704,5.00829e-06
200960,5.00829e-06
201216,5.00829e-06
201472,5.00829e-06
201728,5.00829e-06
201984,5.00829e-06
202240,5.00829e-06
202496,5.00829e-06
202752,5.00829e-06
203008,5.00829e-06
203264,5.00829e-06
203520,5.00829e-06
203776,5.00829e-06
204032,5.00829e-06
204288,5.00829e-06
204544,5.00829e-06
204800,5.00829e-06
205056,5.00829e-06
205312,5.00829e-06
205568,5.00829e-06
205824,5.00829e-06
206080,5.00829e-06
206336,5.00829e-06
206592,5.00829e-06
206848,5.00829e-06
207104,5.00829e-06
207360,5.00829e-06
207616,5.00829e-06
207872,5.00829e-06
208128,5.00829e-06
208384,5.00829e-06
208640,5.00829e-06
208896,5.00829e-06
209152,5.00829e-06
209408,5.00829e-06
209664,5.00829e-06
209920,5.00829e-06
210176,5.00829e-06
210432,5.00829e-06
210688,5.00829e-06
210944,5.00829e-06
211200,5.00829e-06
211456,5.00829e-06
211712,5.00829e-06
211968,5.00829e-06
212224,5.00829e-06
212480,5.00829e-06
212736,5.00829e-06
212992,5.00829e-06
213248,5.00829e-06
213504,5.00829e-06
213760,5.00829e-06
214016,5.00829e-06
214272,5.00829e-06
214528,5.00829e-06
214784,5.00829e-06
215040,5.00829e-06
215296,5.00829e-06
215552,5.00829e-06
215808,5.00829e-06
216064,5.00829e-06
216320,5.00829e-06
216576,5.00829e-06
216832,5.00829e-06
217088,5.00829e-06
217344,5.00829e-06
217600,5.00829e-06
217856,5.00829e-06
218112,5.00829e-06
218368,5.00829e-06
218624,5.00829e-06
218880,5.00829e-06
219136,5.00829e-06
219392,5.00829e-06
219648,5.00829e-06
219904,5.00829e-06
220160,5.00829e-06
220416,5.00829e-06
220672,5.00829e-06
220928,5.00829e-06
221184,5.00829e-06
221440,5.00829e-06
221696,5.00829e-06
221952,5.00829e-06
222208,5.00829e-06
222464,5.00829e-06
222720,5.00829e-06
222976,5.00829e-06
223232,5.00829e-06
223488,5.00829e-06
223744,5.00829e-06
224000,5.00829e-06
224256,5.00829e-06
224512,5.00829e-06
224768,5.00829e-06
225024,5.00829e-06
225280,5.00829e-06
225536,5.00829e-06
225792,5.00829e-06
226048,5.00829e-06
226304,5.00829e-06
226560,5.00829e-06
226816,5.00829e-06
227072,5.00829e-06
227328,5.00829e-06
227584,5.00829e-06
227840,5.00829e-06
228096,5.00829e-06
228352,5.00829e-06
228608,5.00829e-06
228864,5.00829e-06
229120,5.00829e-06
229376,5.00829e-06
229632,5.00829e-06
229888,5.00829e-06
230144,5.00829e-06
230400,5.00829e-06
230656,5.00829e-06
230912,5.00829e-06
231168,5.00829e-06
231424,5.00829e-06
231680,5.00829e-06
231936,5.00829e-06
232192,5.00829e-06
232448,5.00829e-06
232704,5.00829e-06
232960,5.00829e-06
233216,5.00829e-06
233472,5.00829e-06
233728,5.00829e-06
233984,5.00829e-06
234240,5.00829e-06
234496,5.00829e-06
234752,5.00829e-06
235008,5.00829e-06
235264,5.00829e-06
235520,5.00829e-06
235776,5.00829e-06
236032,5.00829e-06
236288,5.00829e-06
236544,5.00829e-06
236800,5.00829e-06
237056,5.00829e-06
237312,5.00829e-06
237568,5.00829e-06
237824,5.00829e-06
238080,5.00829e-06
238336,5.00829e-06
238592,5.00829e-06
238848,5.00829e-06
239104,5.00829e-06
239360,5.00829e-06
239616,5.00829e-06
239872,5.00829e-06
240128,5.00829e-06
240384,5.00829e-06
240640,5.00829e-06
240896,5.00829e-06
241152,5.00829e-06
241408,5.00829e-06
241664,5.00829e-06
241920,5.00829e-06
242176,5.00829e-06
242432,4.95842e-06
242688,4.92195e-06
242944,4.92195e-06
243200,4.92195e-06
243456,4.92195e-06
243712,4.92195e-06
243968,4.92195e-06
244224,4.92195e-06
244480,4.92195e-06
244736,4.92195e-06
244992,4.92195e-06
245248,4.92195e-06
245504,4.92195e-06
245760,4.92195e-06
246016,4.92195e-06
246272,4.92195e-06
246528,4.92195e-06
246784,4.92195e-06
247040,4.92195e-06
247296,4.92195e-06
247552,4.92195e-06
247808,4.92195e-06
248064,4.92195e-06
248320,4.92195e-06
248576,4.92195e-06
248832,4.92195e-06
249088,4.92195e-06
249344,4.92195e-06
249600,4.92195e-06
249856,4.92195e-06
250112,4.92195e-06
250368,4.92195e-06
250624,4.92195e-06
250880,4.92195e-06
251136,4.92195e-06
251392,4.92195e-06
251648,4.92195e-06
251904,4.92195e-06
252160,4.92195e-06
252416,4.92195e-06
252672,4.92195e-06
252928,4.92195e-06
253184,4.92195e-06
253440,4.92195e-06
253696,4.92195e-06
253952,4.92195e-06
254208,4.92195e-06
254464,4.92195e-06
254720,4.92195e-06
254976,4.92195e-06
255232,4.92195e-06
255488,4.92195e-06
255744,4.92195e-06
256000,4.92195e-06
256256,4.92195e-06
256512,4.92195e-06
256768,4.92195e-06
257024,4.92195e-06
257280,4.92195e-06
257536,4.92195e-06
257792,4.92195e-06
258048,4.92195e-06
258304,4.92195e-06
258560,4.92195e-06
258816,4.92195e-06
259072,4.92195e-06
259328,4.92195e-06
259584,4.92195e-06
259840,4.92195e-06
260096,4.92195e-06
260352,4.92195e-06
260608,4.92195e-06
260864,4.92195e-06
261120,4.92195e-06
261376,4.92195e-06
261632,4.92195e-06
261888,4.92195e-06
262144,4.92195e-06
262400,4.92195e-06
262656,4.92195e-06
262912,4.92195e-06
263168,4.92195e-06
263424,4.92195e-06
263680,4.92195e-06
263936,4.92195e-06
264192,4.92195e-06
264448,4.92195e-06
264704,4.92195e-06
264960,4.92195e-06
265216,4.87384e-06
265472,4.83562e-06
265728,4.82986e-06
265984,4.79565e-06
266240,4.79245e-06
266496,4.79245e-06
266752,4.79245e-06
267008,4.79245e-06
267264,4.79245e-06
267520,4.79245e-06
267776,4.79245e-06
268032,4.79245e-06
268288,4.79245e-06
268544,4.79245e-06
268800,4.79245e-06
269056,4.79245e-06
269312,4.79245e-06
269568,4.79245e-06
269824,4.79245e-06
270080,4.79245e-06
270336,4.79245e-06
270592,4.79245e-06
270848,4.79245e-06
271104,4.79245e-06
271360,4.79245e-06
271616,4.79245e-06
271872,4.79245e-06
272128,4.79245e-06
272384,4.79245e-06
272640,4.79245e-06
272896,4.79245e-06
273152,4.79245e-06
273408,4.79245e-06
273664,4.79245e-06
273920,4.79245e-06
274176,4.79245e-06
274432,4.79245e-06
274688,4.79245e-06
274944,4.79245e-06
275200,4.79245e-06
275456,4.79245e-06
275712,4.79245e-06
275968,4.79245e-06
276224,4.79245e-06
276480,4.79245e-06
276736,4.79245e-06
276992,4.79245e-06
277248,4.79245e-06
277504,4.79245e-06
277760,4.79245e-06
278016,4.79245e-06
278272,4.79245e-06
278528,4.79245e-06
278784,4.79245e-06
279040,4.79245e-06
279296,4.79245e-06
279552,4.79245e-06
279808,4.79245e-06
280064,4.79245e-06
280320,4.79245e-06
280576,4.79245e-06
280832,4.79245e-06
281088,4.79245e-06
281344,4.79245e-06
281600,4.79245e-06
281856,4.79245e-06
282112,4.79245e-06
282368,4.79245e-06
282624,4.79245e-06
282880,4.79245e-06
283136,4.79245e-06
283392,4.79245e-06
283648,4.79245e-06
283904,4.79245e-06
284160,4.79245e-06
284416,4.79245e-06
284672,4.79245e-06
284928,4.79245e-06
285184,4.79245e-06
285440,4.79245e-06
285696,4.79245e-06
285952,4.79245e-06
286208,4.79245e-06
286464,4.79245e-06
286720,4.79245e-06
286976,4.79245e-06
287232,4.79245e-06
287488,4.79245e-06
287744,4.79245e-06
288000,4.79245e-06
288256,4.79245e-06
288512,4.79245e-06
288768,4.79245e-06
289024,4.79245e-06
289280,4.79245e-06
289536,4.79245e-06
289792,4.79245e-06
290048,4.79245e-06
290304,4.79245e-06
290560,4.79245e-06
290816,4.79245e-06
291072,4.79245e-06
291328,4.79245e-06
291584,4.79245e-06
291840,4.79245e-06
292096,4.79245e-06
292352,4.79245e-06
292608,4.79245e-06
292864,4.79245e-06
293120,4.79245e-06
293376,4.79245e-06
293632,4.79245e-06
293888,4.79245e-06
294144,4.79245e-06
294400,4.79245e-06
294656,4.79245e-06
294912,4.79245e-06
295168,4.79245e-06
295424,4.79245e-06
295680,4.79245e-06
295936,4.79245e-06
296192,4.79245e-06
296448,4.79245e-06
296704,4.79245e-06
296960,4.79245e-06
297216,4.79245e-06
297472,4.79245e-06
297728,4.79245e-06
297984,4.79245e-06
298240,4.79245e-06
298496,4.79245e-06
298752,4.79245e-06
299008,4.79245e-06
299264,4.79245e-06
299520,4.79245e-06
299776,4.79245e-06
300032,4.79245e-06
300288,4.79245e-06
300544,4.79245e-06
300800,4.79245e-06
301056,4.79245e-06
301312,4.79245e-06
301568,4.79245e-06
301824,4.79245e-06
302080,4.79245e-06
302336,4.79245e-06
302592,4.79245e-06
302848,4.79245e-06
303104,4.79245e-06
303360,4.79245e-06
303616,4.79245e-06
303872,4.79245e-06
304128,4.79245e-06
304384,4.79245e-06
304640,4.79245e-06
304896,4.79245e-06
305152,4.79245e-06
305408,4.79245e-06
305664,4.79245e-06
305920,4.79245e-06
306176,4.79245e-06
306432,4.79245e-06
306688,4.79245e-06
306944,4.79245e-06
307200,4.79245e-06
307456,4.79245e-06
307712,4.79245e-06
307968,4.79245e-06
308224,4.79245e-06
308480,4.79245e-06
308736,4.79245e-06
308992,4.79245e-06
309248,4.79245e-06
309504,4.79245e-06
309760,4.79245e-06
310016,4.79245e-06
310272,4.79245e-06
310528,4.79245e-06
310784,4.79245e-06
311040,4.79245e-06
311296,4.79245e-06
311552,4.79245e-06
311808,4.79245e-06
312064,4.79245e-06
312320,4.79245e-06
312576,4.79245e-06
312832,4.79245e-06
313088,4.79245e-06
313344,4.79245e-06
313600,4.79245e-06
313856,4.79245e-06
314112,4.79245e-06
314368,4.79245e-06
314624,4.79245e-06
314880,4.79245e-06
315136,4.79245e-06
315392,4.79245e-06
315648,4.79245e-06
315904,4.79245e-06
316160,4.79245e-06
316416,4.79245e-06
316672,4.79245e-06
316928,4.79245e-06
317184,4.79245e-06
317440,4.79245e-06
317696,4.79245e-06
317952,4.79245e-06
318208,4.79245e-06
318464,4.79245e-06
318720,4.79245e-06
318976,4.79245e-06
319232,4.79245e-06
319488,4.79245e-06
319744,4.79245e-06
320000,4.79245e-06
320256,4.79245e-06
320512,4.79245e-06
320768,4.79245e-06
321024,4.79245e-06
321280,4.79245e-06
321536,4.79245e-06
321792,4.79245e-06
322048,4.79245e-06
322304,4.79245e-06
322560,4.79245e-06
322816,4.79245e-06
323072,4.79245e-06
323328,4.79245e-06
323584,4.79245e-06
323840,4.79245e-06
324096,4.79245e-06
324352,4.79245e-06
324608,4.79245e-06
324864,4.79245e-06
325120,4.79245e-06
325376,4.79245e-06
325632,4.79245e-06
325888,4.79245e-06
326144,4.79245e-06
326400,4.79245e-06
326656,4.79245e-06
326912,4.79245e-06
327168,4.79245e-06
327424,4.79245e-06
327680,4.79245e-06
327936,4.79245e-06
328192,4.79245e-06
328448,4.79245e-06
328704,4.79245e-06
328960,4.79245e-06
329216,4.79245e-06
329472,4.79245e-06
329728,4.79245e-06
329984,4.79245e-06
330240,4.79245e-06
330496,4.79245e-06
330752,4.79245e-06
331008,4.79245e-06
331264,4.79245e-06
331520,4.79245e-06
331776,4.79245e-06
332032,4.79245e-06
332288,4.79245e-06
332544,4.79245e-06
332800,4.79245e-06
333056,4.79245e-06
333312,4.79245e-06
333568,4.79245e-06
333824,4.79245e-06
334080,4.79245e-06
334336,4.79245e-06
334592,4.79245e-06
334848,4.79245e-06
335104,4.79245e-06
335360,4.79245e-06
335616,4.79245e-06
335872,4.79245e-06
336128,4.79245e-06
336384,4.79245e-06
336640,4.79245e-06
336896,4.79245e-06
337152,4.79245e-06
337408,4.79245e-06
337664,4.79245e-06
337920,4.79245e-06
338176,4.79245e-06
338432,4.79245e-06
338688,4.79245e-06
338944,4.79245e-06
339200,4.79245e-06
339456,4.79245e-06
339712,4.79245e-06
339968,4.79245e-06
340224,4.79245e-06
340480,4.79245e-06
340736,4.79245e-06
340992,4.79245e-06
341248,4.79245e-06
341504,4.79245e-06
341760,4.79245e-06
342016,4.79245e-06
342272,4.79245e-06
342528,4.79245e-06
342784,4.79245e-06
343040,4.79245e-06
343296,4.79245e-06
343552,4.79245e-06
343808,4.79245e-06
344064,4.79245e-06
344320,4.79245e-06
344576,4.79245e-06
344832,4.79245e-06
345088,4.79245e-06
345344,4.79245e-06
345600,4.79245e-06
345856,4.79245e-06
346112,4.79245e-06
346368,4.79245e-06
346624,4.79245e-06
346880,4.79245e-06
347136,4.79245e-06
347392,4.79245e-06
347648,4.79245e-06
347904,4.79245e-06
348160,4.79245e-06
348416,4.79245e-06
348672,4.79245e-06
348928,4.79245e-06
349184,4.79245e-06
349440,4.79245e-06
349696,4.79245e-06
349952,4.79245e-06
350208,4.79245e-06
350464,4.79245e-06
350720,4.79245e-06
350976,4.79245e-06
351232,4.79245e-06
351488,4.79245e-06
351744,4.79245e-06
352000,4.79245e-06
352256,4.79245e-06
352512,4.79245e-06
352768,4.79245e-06
353024,4.79245e-06
353280,4.79245e-06
353536,4.79245e-06
353792,4.79245e-06
354048,4.79245e-06
354304,4.79245e-06
354560,4.79245e-06
354816,4.78961e-06
355072,4.77239e-06
355328,4.7551e-06
355584,4.74928e-06
355840,4.74928e-06
356096,4.74928e-06
356352,4.74928e-06
356608,4.74928e-06
356864,4.74928e-06
357120,4.74928e-06
357376,4.74928e-06
357632,4.74928e-06
357888,4.74928e-06
358144,4.74928e-06
358400,4.74928e-06
358656,4.74928e-06
358912,4.74928e-06
359168,4.74928e-06
359424,4.74928e-06
359680,4.74928e-06
359936,4.74928e-06
360192,4.74928e-06
360448,4.74928e-06
360704,4.74928e-06
360960,4.74928e-06
361216,4.74928e-06
361472,4.74928e-06
361728,4.74928e-06
361984,4.74928e-06
362240,4.74928e-06
362496,4.74928e-06
362752,4.74928e-06
363008,4.74928e-06
363264,4.74928e-06
363520,4.74928e-06
363776,4.74928e-06
364032,4.74928e-06
364288,4.74928e-06
364544,4.74928e-06
364800,4.74928e-06
365056,4.74928e-06
365312,4.74928e-06
365568,4.74928e-06
365824,4.74928e-06
366080,4.74928e-06
366336,4.74928e-06
366592,4.74928e-06
366848,4.74928e-06
367104,4.74928e-06
367360,4.74928e-06
367616,4.74928e-06
367872,4.74928e-06
368128,4.74928e-06
368384,4.74928e-06
368640,4.74928e-06
368896,4.74928e-06
369152,4.74928e-06
369408,4.74928e-06
369664,4.74928e-06
369920,4.74928e-06
370176,4.74928e-06
370432,4.74928e-06
370688,4.74928e-06
370944,4.74928e-06
371200,4.74928e-06
371456,4.74928e-06
371712,4.74928e-06
371968,4.74928e-06
372224,4.74928e-06
372480,4.74928e-06
372736,4.74928e-06
372992,4.74928e-06
373248,4.74928e-06
373504,4.74928e-06
373760,4.74928e-06
374016,4.74928e-06
374272,4.74928e-06
374528,4.74928e-06
374784,4.74928e-06
375040,4.74928e-06
375296,4.74928e-06
375552,4.74928e-06
375808,4.74928e-06
376064,4.74928e-06
376320,4.74928e-06
376576,4.74928e-06
376832,4.74928e-06
377088,4.74928e-06
377344,4.74928e-06
377600,4.74928e-06
377856,4.74928e-06
378112,4.74928e-06
378368,4.74928e-06
378624,4.74928e-06
378880,4.74928e-06
379136,4.74928e-06
379392,4.74928e-06
379648,4.74928e-06
379904,4.74928e-06
380160,4.74928e-06
380416,4.74928e-06
380672,4.74928e-06
380928,4.74928e-06
381184,4.74928e-06
381440,4.74928e-06
381696,4.74928e-06
381952,4.74928e-06
382208,4.74928e-06
382464,4.74928e-06
382720,4.74928e-06
382976,4.74928e-06
383232,4.74928e-06
383488,4.74928e-06
383744,4.74928e-06
384000,4.74928e-06
384256,4.74928e-06
384512,4.74928e-06
384768,4.74928e-06
385024,4.74928e-06
385280,4.74928e-06
385536,4.74928e-06
385792,4.74928e-06
386048,4.74928e-06
386304,4.74928e-06
386560,4.74928e-06
386816,4.74928e-06
387072,4.74928e-06
387328,4.74928e-06
387584,4.74928e-06
387840,4.74928e-06
388096,4.74928e-06
388352,4.74928e-06
388608,4.74928e-06
388864,4.74928e-06
389120,4.74928e-06
389376,4.74928e-06
389632,4.74928e-06
389888,4.74928e-06
390144,4.74928e-06
390400,4.74928e-06
390656,4.74928e-06
390912,4.74928e-06
391168,4.74928e-06
391424,4.74928e-06
391680,4.74928e-06
391936,4.74928e-06
392192,4.74928e-06
392448,4.74928e-06
392704,4.74928e-06
392960,4.74928e-06
393216,4.74928e-06
393472,4.74928e-06
393728,4.74928e-06
393984,4.74928e-06
394240,4.74928e-06
394496,4.74928e-06
394752,4.74928e-06
395008,4.74928e-06
395264,4.74928e-06
395520,4.74928e-06
395776,4.74928e-06
396032,4.74928e-06
396288,4.74928e-06
396544,4.74928e-06
396800,4.74928e-06
397056,4.74928e-06
397312,4.74928e-06
397568,4.74928e-06
397824,4.74928e-06
398080,4.74928e-06
398336,4.74928e-06
398592,4.74928e-06
398848,4.74928e-06
399104,4.74928e-06
399360,4.74928e-06
399616,4.74928e-06
399872,4.74928e-06
400128,4.74928e-06
400384,4.74928e-06
400640,4.74928e-06
400896,4.74928e-06
401152,4.74928e-06
401408,4.74928e-06
401664,4.74928e-06
401920,4.74928e-06
402176,4.74928e-06
402432,4.74928e-06
402688,4.74928e-06
402944,4.74928e-06
403200,4.74928e-06
403456,4.74928e-06
403712,4.74928e-06
403968,4.74928e-06
404224,4.74928e-06
404480,4.74928e-06
404736,4.74928e-06
404992,4.74928e-06
405248,4.74928e-06
405504,4.74928e-06
405760,4.74928e-06
406016,4.74928e-06
406272,4.74928e-06
406528,4.74928e-06
406784,4.74928e-06
407040,4.74928e-06
407296,4.74928e-06
407552,4.74928e-06
407808,4.74928e-06
408064,4.74928e-06
408320,4.74928e-06
408576,4.74928e-06
408832,4.74928e-06
409088,4.74928e-06
409344,4.74928e-06
409600,4.74928e-06
409856,4.74928e-06
410112,4.74928e-06
410368,4.74928e-06
410624,4.74928e-06
410880,4.74928e-06
411136,4.74928e-06
411392,4.74928e-06
411648,4.74928e-06
411904,4.74928e-06
412160,4.74928e-06
412416,4.74928e-06
412672,4.74928e-06
412928,4.74928e-06
413184,4.74928e-06
413440,4.74928e-06
413696,4.74928e-06
413952,4.74928e-06
414208,4.74928e-06
414464,4.74928e-06
414720,4.74928e-06
414976,4.74928e-06
415232,4.74928e-06
415488,4.74928e-06
415744,4.74928e-06
416000,4.74928e-06
416256,4.74928e-06
416512,4.74928e-06
416768,4.74928e-06
417024,4.74928e-06
417280,4.74928e-06
417536,4.74928e-06
417792,4.74928e-06
418048,4.74928e-06
418304,4.74928e-06
418560,4.74928e-06
418816,4.74928e-06
419072,4.74928e-06
419328,4.74928e-06
419584,4.74928e-06
419840,4.74928e-06
420096,4.74928e-06
420352,4.74928e-06
420608,4.74928e-06
420864,4.74928e-06
421120,4.74928e-06
421376,4.74928e-06
421632,4.74928e-06
421888,4.74928e-06
422144,4.74928e-06
422400,4.74928e-06
422656,4.74928e-06
422912,4.74928e-06
423168,4.74928e-06
423424,4.74928e-06
423680,4.74928e-06
423936,4.74928e-06
424192,4.74928e-06
424448,4.74928e-06
424704,4.74928e-06
424960,4.74928e-06
425216,4.74928e-06
425472,4.74928e-06
425728,4.74928e-06
425984,4.74928e-06
426240,4.74928e-06
426496,4.74928e-06
426752,4.74928e-06
427008,4.74928e-06
427264,4.74928e-06
427520,4.74928e-06
427776,4.74928e-06
428032,4.74928e-06
428288,4.74928e-06
428544,4.74928e-06
428800,4.74928e-06
429056,4.74928e-06
429312,4.74928e-06
429568,4.74928e-06
429824,4.74928e-06
430080,4.74928e-06
430336,4.74928e-06
430592,4.74928e-06
430848,4.74928e-06
431104,4.74928e-06
431360,4.74928e-06
431616,4.74928e-06
431872,4.74928e-06
432128,4.74928e-06
432384,4.74928e-06
432640,4.74928e-06
432896,4.74928e-06
433152,4.74928e-06
433408,4.74928e-06
433664,4.74928e-06
433920,4.73561e-06
434176,4.70071e-06
434432,4.66554e-06
434688,4.63011e-06
434944,4.59441e-06
435200,4.57661e-06
435456,4.57661e-06
435712,4.57284e-06
435968,4.53668e-06
436224,4.50024e-06
436480,4.49028e-06
436736,4.49028e-06
436992,4.49028e-06
437248,4.49028e-06
437504,4.48992e-06
437760,4.47154e-06
438016,4.45309e-06
438272,4.37129e-06
438528,4.25677e-06
438784,4.13909e-06
439040,4.01796e-06
439296,3.85062e-06
439552,3.56182e-06
439808,3.36791e-06
440064,3.36791e-06
440320,3.36791e-06
440576,3.36791e-06
440832,3.36791e-06
441088,3.36791e-06
441344,3.36791e-06
441600,3.36791e-06
441856,3.36791e-06
442112,3.36791e-06
442368,3.36791e-06
442624,3.36791e-06
442880,3.36791e-06
443136,3.36791e-06
443392,3.36791e-06
443648,3.36791e-06
443904,3.36791e-06
444160,3.36791e-06
444416,3.36791e-06
444672,3.36791e-06
444928,3.36791e-06
445184,3.36791e-06
445440,3.36791e-06
445696,3.36791e-06
445952,3.36791e-06
446208,3.36791e-06
446464,3.36791e-06
446720,3.36791e-06
446976,3.36791e-06
447232,3.36791e-06
447488,3.36791e-06
447744,3.36791e-06
448000,3.36791e-06
448256,3.36791e-06
448512,3.36791e-06
448768,3.36791e-06
449024,3.36791e-06
449280,3.36791e-06
449536,3.36791e-06
449792,3.36791e-06
450048,3.36791e-06
450304,3.36791e-06
450560,3.36791e-06
450816,3.36791e-06
451072,3.36791e-06
451328,3.36791e-06
451584,3.36791e-06
451840,3.36791e-06
452096,3.36791e-06
452352,3.36791e-06
452608,3.36791e-06
452864,3.36791e-06
453120,3.36791e-06
453376,3.36791e-06
453632,3.36791e-06
453888,3.36791e-06
454144,3.36791e-06
454400,3.36791e-06
454656,3.36791e-06
454912,3.36791e-06
455168,3.36791e-06
455424,3.36791e-06
455680,3.36791e-06
455936,3.36791e-06
456192,3.36791e-06
456448,3.36791e-06
456704,3.36791e-06
456960,3.36791e-06
457216,3.36791e-06
457472,3.36791e-06
457728,3.36791e-06
457984,3.36791e-06
458240,3.36791e-06
458496,3.36791e-06
458752,3.36791e-06
459008,3.36791e-06
459264,3.36791e-06
459520,3.36791e-06
459776,3.36791e-06
460032,3.36791e-06
460288,3.36791e-06
460544,3.36791e-06
460800,3.36791e-06
461056,3.36791e-06
461312,3.36791e-06
461568,3.36791e-06
461824,3.36791e-06
462080,3.36791e-06
462336,3.36791e-06
462592,3.36791e-06
462848,3.36791e-06
463104,3.36791e-06
463360,3.36791e-06
463616,3.36791e-06
463872,3.36791e-06
464128,3.36791e-06
464384,3.36791e-06
464640,3.36791e-06
464896,3.36791e-06
465152,3.36791e-06
465408,3.36791e-06
465664,3.36791e-06
465920,3.36791e-06
466176,3.36791e-06
466432,3.36791e-06
466688,3.36791e-06
466944,3.36791e-06
467200,3.36791e-06
467456,3.36791e-06
467712,3.36791e-06
467968,3.36791e-06
468224,3.36791e-06
468480,3.36791e-06
468736,3.36791e-06
468992,3.36791e-06
469248,3.36791e-06
469504,3.36791e-06
469760,3.36791e-06
470016,3.36791e-06
470272,3.36791e-06
470528,3.36791e-06
470784,3.36791e-06
471040,3.36791e-06
471296,3.36791e-06
471552,3.36791e-06
471808,3.36791e-06
472064,3.36791e-06
472320,3.36791e-06
472576,3.36791e-06
472832,3.36791e-06
473088,3.36791e-06
473344,3.36791e-06
473600,3.36791e-06
473856,3.36791e-06
474112,3.36791e-06
474368,3.36791e-06
474624,3.36791e-06
474880,3.36791e-06
475136,3.36791e-06
475392,3.36791e-06
475648,3.36791e-06
475904,3.36791e-06
476160,3.36791e-06
476416,3.36791e-06
476672,3.36791e-06
476928,3.36791e-06
477184,3.36791e-06
477440,3.36791e-06
477696,3.36791e-06
477952,3.36791e-06
478208,3.36791e-06
478464,3.36791e-06
478720,3.36791e-06
478976,3.36791e-06
479232,3.36791e-06
479488,3.36791e-06
479744,3.36791e-06
480000,3.36791e-06
480256,3.36791e-06
480512,3.36791e-06
480768,3.36791e-06
481024,3.36791e-06
481280,3.36791e-06
481536,3.36791e-06
481792,3.36791e-06
482048,3.36791e-06
482304,3.36791e-06
482560,3.36791e-06
482816,3.36791e-06
483072,3.36791e-06
483328,3.36791e-06
483584,3.36791e-06
483840,3.36791e-06
484096,3.36791e-06
484352,3.36791e-06
484608,3.36791e-06
484864,3.36791e-06
485120,3.36791e-06
485376,3.36791e-06
485632,3.36791e-06
485888,3.36791e-06
486144,3.36791e-06
486400,3.36791e-06
486656,3.36791e-06
486912,3.36791e-06
487168,3.36791e-06
487424,3.36791e-06
487680,3.36791e-06
487936,3.36791e-06
488192,3.36791e-06
488448,3.36791e-06
488704,3.36791e-06
488960,3.36791e-06
489216,3.36791e-06
489472,3.36791e-06
489728,3.36791e-06
489984,3.36791e-06
490240,3.36791e-06
490496,3.36791e-06
490752,3.36791e-06
491008,3.36791e-06
491264,3.36791e-06
491520,3.36791e-06
491776,3.36791e-06
492032,3.36791e-06
492288,3.36791e-06
492544,3.36791e-06
492800,3.36791e-06
493056,3.36791e-06
493312,3.36791e-06
493568,3.36791e-06
493824,3.36791e-06
494080,3.36791e-06
494336,3.36791e-06
494592,3.36791e-06
494848,3.36791e-06
495104,3.36791e-06
495360,3.36791e-06
495616,3.36791e-06
495872,3.36791e-06
496128,3.36791e-06
496384,3.36791e-06
496640,3.36791e-06
496896,3.36791e-06
497152,3.36791e-06
497408,3.36791e-06
497664,3.36791e-06
497920,3.36791e-06
498176,3.36791e-06
498432,3.36791e-06
498688,3.36791e-06
498944,3.36791e-06
499200,3.36791e-06
499456,3.36791e-06
499712,3.36791e-06
499968,3.36791e-06
500224,3.36791e-06
500480,3.36791e-06
500736,3.36791e-06
500992,3.36791e-06
501248,3.36791e-06
501504,3.36791e-06
501760,3.36791e-06
502016,3.36791e-06
502272,3.36791e-06
502528,3.36791e-06
502784,3.36791e-06
503040,3.36791e-06
503296,3.36791e-06
503552,3.36791e-06
503808,3.36791e-06
504064,3.36791e-06
504320,3.36791e-06
504576,3.36791e-06
504832,3.36791e-06
505088,3.36791e-06
505344,3.36791e-06
505600,3.36791e-06
505856,3.36791e-06
506112,3.36791e-06
506368,3.36791e-06
506624,3.36791e-06
506880,3.36791e-06
507136,3.36791e-06
507392,3.36791e-06
507648,3.36791e-06
507904,3.36791e-06
508160,3.36791e-06
508416,3.36791e-06
508672,3.36791e-06
508928,3.36791e-06
509184,3.36791e-06
509440,3.36791e-06
509696,3.36791e-06
509952,3.36791e-06
510208,3.36791e-06
510464,3.36791e-06
510720,3.36791e-06
510976,3.36791e-06
511232,3.36791e-06
511488,3.36791e-06
511744,3.36791e-06
512000,3.36791e-06
512256,3.36791e-06
512512,3.36791e-06
512768,3.36791e-06
513024,3.36791e-06
513280,3.36791e-06
513536,3.36791e-06
513792,3.36791e-06
514048,3.36791e-06
514304,3.36791e-06
514560,3.36791e-06
514816,3.36791e-06
515072,3.36791e-06
515328,3.36791e-06
515584,3.36791e-06
515840,3.36791e-06
516096,3.36791e-06
516352,3.36791e-06
516608,3.36791e-06
516864,3.36791e-06
517120,3.36791e-06
517376,3.36791e-06
517632,3.36791e-06
517888,3.36791e-06
518144,3.36791e-06
518400,3.36791e-06
518656,3.36791e-06
518912,3.36791e-06
519168,3.36791e-06
519424,3.36791e-06
519680,3.36791e-06
519936,3.36791e-06
520192,3.36791e-06
520448,3.36791e-06
520704,3.36791e-06
520960,3.36791e-06
521216,3.36791e-06
521472,3.36791e-06
521728,3.36791e-06
521984,3.36791e-06
522240,3.36791e-06
522496,3.36791e-06
522752,3.36791e-06
523008,3.36791e-06
523264,3.36791e-06
523520,3.36791e-06
523776,3.36791e-06
524032,3.36791e-06
524288,3.36791e-06
524544,3.36791e-06
524800,3.36791e-06
525056,3.36791e-06
525312,3.36791e-06
525568,3.36791e-06
525824,3.36791e-06
526080,3.36791e-06
526336,3.36791e-06
526592,3.36791e-06
526848,3.36791e-06
527104,3.36791e-06
527360,3.36791e-06
527616,3.36791e-06
527872,3.36791e-06
528128,3.36791e-06
528384,3.36791e-06
528640,3.36791e-06
528896,3.36791e-06
529152,3.36791e-06
529408,3.36791e-06
529664,3.36791e-06
529920,3.36791e-06
530176,3.36791e-06
530432,3.36791e-06
530688,3.36791e-06
530944,3.36791e-06
531200,3.36791e-06
531456,3.36791e-06
531712,3.36791e-06
531968,3.36791e-06
532224,3.36791e-06
532480,3.36791e-06
532736,3.36791e-06
532992,3.36791e-06
533248,3.36791e-06
533504,3.36791e-06
533760,3.36791e-06
534016,3.36791e-06
534272,3.36791e-06
534528,3.36791e-06
534784,3.36791e-06
535040,3.36791e-06
535296,3.36791e-06
535552,3.36791e-06
535808,3.36791e-06
536064,3.36791e-06
536320,3.36791e-06
536576,3.36791e-06
536832,3.36791e-06
537088,3.36791e-06
537344,3.36791e-06
537600,3.36791e-06
537856,3.36791e-06
538112,3.36791e-06
538368,3.36791e-06
538624,3.36791e-06
538880,3.36791e-06
539136,3.36791e-06
539392,3.36791e-06
539648,3.36791e-06
539904,3.36791e-06
540160,3.36791e-06
540416,3.36791e-06
540672,3.36791e-06
540928,3.36791e-06
541184,3.36791e-06
541440,3.36791e-06
541696,3.36791e-06
541952,3.36791e-06
542208,3.36791e-06
542464,3.36791e-06
542720,3.36791e-06
542976,3.36791e-06
543232,3.36791e-06
543488,3.36791e-06
543744,3.36791e-06
544000,3.36791e-06
544256,3.36791e-06
544512,3.36791e-06
544768,3.36791e-06
545024,3.36791e-06
545280,3.36791e-06
545536,3.36791e-06
545792,3.36791e-06
546048,3.36791e-06
546304,3.36791e-06
546560,3.36791e-06
546816,3.36791e-06
547072,3.36791e-06
547328,3.36791e-06
547584,3.36791e-06
547840,3.36791e-06
548096,3.36791e-06
548352,3.36791e-06
548608,3.36791e-06
548864,3.36791e-06
549120,3.36791e-06
549376,3.36791e-06
549632,3.36791e-06
549888,3.36791e-06
550144,3.36791e-06
550400,3.36791e-06
550656,3.36791e-06
550912,3.36791e-06
551168,3.36791e-06
551424,3.36791e-06
551680,3.36791e-06
551936,3.36791e-06
552192,3.36791e-06
552448,3.36791e-06
552704,3.36791e-06
552960,3.36791e-06
553216,3.36791e-06
553472,3.36791e-06
553728,3.36791e-06
553984,3.36791e-06
554240,3.36791e-06
554496,3.36791e-06
554752,3.36791e-06
555008,3.36791e-06
555264,3.36791e-06
555520,3.36791e-06
555776,3.36791e-06
556032,3.36791e-06
556288,3.36791e-06
556544,3.36791e-06
556800,3.36791e-06
557056,3.36791e-06
557312,3.36791e-06
557568,3.36791e-06
557824,3.36791e-06
558080,3.36791e-06
558336,3.36791e-06
558592,3.36791e-06
558848,3.36791e-06
559104,3.36791e-06
559360,3.36791e-06
559616,3.36791e-06
559872,3.36791e-06
560128,3.36791e-06
560384,3.36791e-06
560640,3.36791e-06
560896,3.36791e-06
561152,3.36791e-06
561408,3.36791e-06
561664,3.36791e-06
561920,3.36791e-06
562176,3.36791e-06
562432,3.36791e-06
562688,3.36791e-06
562944,3.36791e-06
563200,3.36791e-06
563456,3.36791e-06
563712,3.36791e-06
563968,3.36791e-06
564224,3.36791e-06
564480,3.36791e-06
564736,3.36791e-06
564992,3.36791e-06
565248,3.36791e-06
565504,3.36791e-06
565760,3.36791e-06
566016,3.36791e-06
566272,3.36791e-06
566528,3.36791e-06
566784,3.36791e-06
567040,3.36791e-06
567296,3.36791e-06
567552,3.36791e-06
567808,3.36791e-06
568064,3.36791e-06
568320,3.36791e-06
568576,3.36791e-06
568832,3.36791e-06
569088,3.36791e-06
569344,3.36791e-06
569600,3.36791e-06
569856,3.36791e-06
570112,3.36791e-06
570368,3.36791e-06
570624,3.36791e-06
570880,3.36791e-06
571136,3.36791e-06
571392,3.36791e-06
571648,3.36791e-06
571904,3.36791e-06
572160,3.36791e-06
572416,3.36791e-06
572672,3.36791e-06
572928,3.36791e-06
573184,3.36791e-06
573440,3.36791e-06
573696,3.36791e-06
573952,3.36791e-06
574208,3.36791e-06
574464,3.36791e-06
574720,3.36791e-06
574976,3.36791e-06
575232,3.36791e-06
575488,3.36791e-06
575744,3.36791e-06
576000,3.36791e-06
576256,3.36791e-06
576512,3.36791e-06
576768,3.36791e-06
577024,3.36791e-06
577280,3.36791e-06
577536,3.36791e-06
577792,3.36791e-06
578048,3.36791e-06
578304,3.36791e-06
578560,3.36791e-06
578816,3.36791e-06
579072,3.36791e-06
579328,3.36791e-06
579584,3.36791e-06
579840,3.36791e-06
580096,3.36791e-06
580352,3.36791e-06
580608,3.36791e-06
580864,3.36791e-06
581120,3.36791e-06
581376,3.36791e-06
581632,3.36791e-06
581888,3.36791e-06
582144,3.36791e-06
582400,3.36791e-06
582656,3.36791e-06
582912,3.36791e-06
583168,3.36791e-06
583424,3.36791e-06
583680,3.36791e-06
583936,3.36791e-06
584192,3.36791e-06
584448,3.36791e-06
584704,3.36791e-06
584960,3.36791e-06
585216,3.36791e-06
585472,3.36791e-06
585728,3.36791e-06
585984,3.36791e-06
586240,3.36791e-06
586496,3.36791e-06
586752,3.36791e-06
587008,3.36791e-06
587264,3.36791e-06
587520,3.36791e-06
587776,3.36791e-06
588032,3.36791e-06
588288,3.36791e-06
588544,3.36791e-06
588800,3.36791e-06
589056,3.36791e-06
589312,3.36791e-06
589568,3.36791e-06
589824,3.36791e-06
590080,3.36791e-06
590336,3.36791e-06
590592,3.36791e-06
590848,3.36791e-06
591104,3.36791e-06
591360,3.36791e-06
591616,3.36791e-06
591872,3.36791e-06
592128,3.36791e-06
592384,3.36791e-06
592640,3.36791e-06
592896,3.36791e-06
593152,3.36791e-06
593408,3.36791e-06
593664,3.36791e-06
593920,3.36791e-06
594176,3.36791e-06
594432,3.36791e-06
594688,3.36791e-06
594944,3.36791e-06
595200,3.36791e-06
595456,3.36791e-06
595712,3.36791e-06
595968,3.36791e-06
596224,3.36791e-06
596480,3.36791e-06
596736,3.36791e-06
596992,3.36791e-06
597248,3.36791e-06
597504,3.36791e-06
597760,3.36791e-06
598016,3.36791e-06
598272,3.36791e-06
598528,3.36791e-06
598784,3.36791e-06
599040,3.36791e-06
599296,3.36791e-06
599552,3.36791e-06
599808,3.36791e-06
600064,3.36791e-06
600320,3.36791e-06
600576,3.36791e-06
600832,3.36791e-06
601088,3.36791e-06
601344,3.36791e-06
601600,3.36791e-06
601856,3.36791e-06
602112,3.36791e-06
602368,3.36791e-06
602624,3.36791e-06
602880,3.36791e-06
603136,3.36791e-06
603392,3.36791e-06
603648,3.36791e-06
603904,3.36791e-06
604160,3.36791e-06
604416,3.36791e-06
604672,3.36791e-06
604928,3.36791e-06
605184,3.36791e-06
605440,3.36791e-06
605696,3.36791e-06
605952,3.36791e-06
606208,3.36791e-06
606464,3.36791e-06
606720,3.36791e-06
606976,3.36791e-06
607232,3.36791e-06
607488,3.36791e-06
607744,3.36791e-06
608000,3.36791e-06
608256,3.36791e-06
608512,3.36791e-06
608768,3.36791e-06
609024,3.36791e-06
609280,3.36791e-06
609536,3.36791e-06
609792,3.36791e-06
610048,3.36791e-06
610304,3.36791e-06
610560,3.36791e-06
610816,3.36791e-06
611072,3.36791e-06
611328,3.36791e-06
611584,3.36791e-06
611840,3.36791e-06
612096,3.36791e-06
612352,3.36791e-06
612608,3.36791e-06
612864,3.36791e-06
613120,3.36791e-06
613376,3.36791e-06
613632,3.36791e-06
613888,3.36791e-06
614144,3.36791e-06
614400,3.36791e-06
614656,3.36791e-06
614912,3.36791e-06
615168,3.36791e-06
615424,3.36791e-06
615680,3.36791e-06
615936,3.36791e-06
616192,3.36791e-06
616448,3.36791e-06
616704,3.36791e-06
616960,3.36791e-06
617216,3.36791e-06
617472,3.36791e-06
617728,3.36791e-06
617984,3.36791e-06
618240,3.36791e-06
618496,3.36791e-06
618752,3.36791e-06
619008,3.36791e-06
619264,3.36791e-06
619520,3.36791e-06
619776,3.36791e-06
620032,3.36791e-06
620288,3.36791e-06
620544,3.36791e-06
620800,3.36791e-06
621056,3.36791e-06
621312,3.36791e-06
621568,3.36791e-06
621824,3.36791e-06
622080,3.36791e-06
622336,3.36791e-06
622592,3.36791e-06
622848,3.36791e-06
623104,3.36791e-06
623360,3.36791e-06
623616,3.36791e-06
623872,3.36791e-06
624128,3.36791e-06
624384,3.36791e-06
624640,3.36791e-06
624896,3.36791e-06
625152,3.36791e-06
625408,3.36791e-06
625664,3.36791e-06
625920,3.36791e-06
626176,3.36791e-06
626432,3.36791e-06
626688,3.36791e-06
626944,3.36791e-06
627200,3.36791e-06
627456,3.36791e-06
627712,3.36791e-06
627968,3.36791e-06
628224,3.36791e-06
628480,3.36791e-06
628736,3.36791e-06
628992,3.36791e-06
629248,3.36791e-06
629504,3.36791e-06
629760,3.36791e-06
630016,3.36791e-06
630272,3.36791e-06
630528,3.36791e-06
630784,3.36791e-06
631040,3.36791e-06
631296,3.36791e-06
631552,3.36791e-06
631808,3.36791e-06
632064,3.36791e-06
632320,3.36791e-06
632576,3.36791e-06
632832,3.36791e-06
633088,3.36791e-06
633344,3.36791e-06
633600,3.36791e-06
633856,3.36791e-06
634112,3.36791e-06
634368,3.36791e-06
634624,3.36791e-06
634880,3.36791e-06
635136,3.36791e-06
635392,3.36791e-06
635648,3.36791e-06
635904,3.36791e-06
636160,3.36791e-06
636416,3.36791e-06
636672,3.36791e-06
636928,3.36791e-06
637184,3.36791e-06
637440,3.36791e-06
637696,3.36791e-06
637952,3.36791e-06
638208,3.36791e-06
638464,3.36791e-06
638720,3.36791e-06
638976,3.36791e-06
639232,3.36791e-06
639488,3.36791e-06
639744,3.36791e-06
640000,3.36791e-06
640256,3.36791e-06
640512,3.36791e-06
640768,3.36791e-06
641024,3.36791e-06
641280,3.36791e-06
641536,3.36791e-06
641792,3.36791e-06
642048,3.36791e-06
642304,3.36791e-06
642560,3.36791e-06
642816,3.36791e-06
643072,3.36791e-06
643328,3.36791e-06
643584,3.36791e-06
643840,3.36791e-06
644096,3.36791e-06
644352,3.36791e-06
644608,3.36791e-06
644864,3.36791e-06
645120,3.36791e-06
645376,3.36791e-06
645632,3.36791e-06
645888,3.36791e-06
646144,3.36791e-06
646400,3.36791e-06
646656,3.36791e-06
646912,3.36791e-06
647168,3.36791e-06
647424,3.36791e-06
647680,3.36791e-06
647936,3.36791e-06
648192,3.36791e-06
648448,3.36791e-06
648704,3.36791e-06
648960,3.36791e-06
649216,3.36791e-06
649472,3.36791e-06
649728,3.36791e-06
649984,3.36791e-06
650240,3.36791e-06
650496,3.36791e-06
650752,3.36791e-06
651008,3.36791e-06
651264,3.36791e-06
651520,3.36791e-06
651776,3.36791e-06
652032,3.36791e-06
652288,3.36791e-06
652544,3.36791e-06
652800,3.36791e-06
653056,3.36791e-06
653312,3.36791e-06
653568,3.36791e-06
653824,3.36791e-06
654080,3.36791e-06
654336,3.36791e-06
654592,3.36791e-06
654848,3.36791e-06
655104,3.36791e-06
655360,3.36791e-06
655616,3.36791e-06
655872,3.36791e-06
656128,3.36791e-06
656384,3.36791e-06
656640,3.36791e-06
656896,3.36791e-06
657152,3.36791e-06
657408,3.36791e-06
657664,3.36791e-06
657920,3.36791e-06
658176,3.36791e-06
658432,3.36791e-06
658688,3.36791e-06
658944,3.36791e-06
659200,3.36791e-06
659456,3.36791e-06
659712,3.36791e-06
659968,3.36791e-06
660224,3.36791e-06
660480,3.36791e-06
660736,3.36791e-06
660992,3.36791e-06
661248,3.36791e-06
661504,3.36791e-06
661760,3.36791e-06
662016,3.36791e-06
662272,3.36791e-06
662528,3.36791e-06
662784,3.36791e-06
663040,3.36791e-06
663296,3.36791e-06
663552,3.36791e-06
663808,3.36791e-06
664064,3.36791e-06
664320,3.36791e-06
664576,3.36791e-06
664832,3.36791e-06
665088,3.36791e-06
665344,3.36791e-06
665600,3.36791e-06
665856,3.36791e-06
666112,3.36791e-06
666368,3.36791e-06
666624,3.36791e-06
666880,3.36791e-06
667136,3.36791e-06
667392,3.36791e-06
667648,3.36791e-06
667904,3.36791e-06
668160,3.36791e-06
668416,3.36791e-06
668672,3.36791e-06
668928,3.36791e-06
669184,3.36791e-06
669440,3.36791e-06
669696,3.36791e-06
669952,3.36791e-06
670208,3.36791e-06
670464,3.36791e-06
670720,3.36791e-06
670976,3.36791e-06
671232,3.36791e-06
671488,3.36791e-06
671744,3.36791e-06
672000,3.36791e-06
672256,3.36791e-06
672512,3.36791e-06
672768,3.36791e-06
673024,3.36791e-06
673280,3.36791e-06
673536,3.36791e-06
673792,3.36791e-06
674048,3.36791e-06
674304,3.36791e-06
674560,3.36791e-06
674816,3.36791e-06
675072,3.36791e-06
675328,3.36791e-06
675584,3.36791e-06
675840,3.36791e-06
676096,3.36791e-06
676352,3.36791e-06
676608,3.36791e-06
676864,3.36791e-06
677120,3.36791e-06
677376,3.36791e-06
677632,3.36791e-06
677888,3.36791e-06
678144,3.36791e-06
678400,3.36791e-06
678656,3.36791e-06
678912,3.36791e-06
679168,3.36791e-06
679424,3.36791e-06
679680,3.36791e-06
679936,3.36791e-06
680192,3.36791e-06
680448,3.36791e-06
680704,3.36791e-06
680960,3.36791e-06
681216,3.36791e-06
681472,3.36791e-06
681728,3.36791e-06
681984,3.36791e-06
682240,3.36791e-06
682496,3.36791e-06
682752,3.36791e-06
683008,3.36791e-06
683264,3.36791e-06
683520,3.36791e-06
683776,3.36791e-06
684032,3.36791e-06
684288,3.36791e-06
684544,3.36791e-06
684800,3.36791e-06
685056,3.36791e-06
685312,3.36791e-06
685568,3.36791e-06
685824,3.36791e-06
686080,3.36791e-06
686336,3.36791e-06
686592,3.36791e-06
686848,3.36791e-06
687104,3.36791e-06
687360,3.36791e-06
687616,3.36791e-06
687872,3.36791e-06
688128,3.36791e-06
688384,3.36791e-06
688640,3.36791e-06
688896,3.36791e-06
689152,3.36791e-06
689408,3.36791e-06
689664,3.36791e-06
689920,3.36791e-06
690176,3.36791e-06
690432,3.36791e-06
690688,3.36791e-06
690944,3.36791e-06
691200,3.36791e-06
691456,3.36791e-06
691712,3.36791e-06
691968,3.36791e-06
692224,3.36791e-06
692480,3.36791e-06
692736,3.36791e-06
692992,3.36791e-06
693248,3.36791e-06
693504,3.36791e-06
693760,3.36791e-06
694016,3.36791e-06
694272,3.36791e-06
694528,3.36791e-06
694784,3.36791e-06
695040,3.36791e-06
695296,3.36791e-06
695552,3.36791e-06
695808,3.36791e-06
696064,3.36791e-06
696320,3.36791e-06
696576,3.36791e-06
696832,3.36791e-06
697088,3.36791e-06
697344,3.36791e-06
697600,3.36791e-06
697856,3.36791e-06
698112,3.36791e-06
698368,3.36791e-06
698624,3.36791e-06
698880,3.36791e-06
699136,3.36791e-06
699392,3.36791e-06
699648,3.36791e-06
699904,3.36791e-06
700160,3.36791e-06
700416,3.36791e-06
700672,3.36791e-06
700928,3.36791e-06
701184,3.36791e-06
701440,3.36791e-06
701696,3.36791e-06
701952,3.36791e-06
702208,3.36791e-06
702464,3.36791e-06
702720,3.36791e-06
702976,3.36791e-06
703232,3.36791e-06
703488,3.36791e-06
703744,3.36791e-06
704000,3.36791e-06
704256,3.36791e-06
704512,3.36791e-06
704768,3.36791e-06
705024,3.36791e-06
705280,3.36791e-06
705536,3.36791e-06
705792,3.36791e-06
706048,3.36791e-06
706304,3.36791e-06
706560,3.36791e-06
706816,3.36791e-06
707072,3.36791e-06
707328,3.36791e-06
707584,3.36791e-06
707840,3.36791e-06
708096,3.36791e-06
708352,3.36791e-06
708608,3.36791e-06
708864,3.36791e-06
709120,3.36791e-06
709376,3.36791e-06
709632,3.36791e-06
709888,3.36791e-06
710144,3.36791e-06
710400,3.36791e-06
710656,3.36791e-06
710912,3.36791e-06
711168,3.36791e-06
711424,3.36791e-06
711680,3.36791e-06
711936,3.36791e-06
712192,3.36791e-06
712448,3.36791e-06
712704,3.36791e-06
712960,3.36791e-06
713216,3.36791e-06
713472,3.36791e-06
713728,3.36791e-06
713984,3.36791e-06
714240,3.36791e-06
714496,3.36791e-06
714752,3.36791e-06
715008,3.36791e-06
715264,3.36791e-06
715520,3.36791e-06
715776,3.36791e-06
716032,3.36791e-06
716288,3.36791e-06
716544,3.36791e-06
716800,3.36791e-06
717056,3.36791e-06
717312,3.36791e-06
717568,3.36791e-06
717824,3.36791e-06
718080,3.36791e-06
718336,3.36791e-06
718592,3.36791e-06
718848,3.36791e-06
719104,3.36791e-06
719360,3.36791e-06
719616,3.36791e-06
719872,3.36791e-06
720128,3.36791e-06
720384,3.36791e-06
720640,3.36791e-06
720896,3.36791e-06
721152,3.36791e-06
721408,3.36791e-06
721664,3.36791e-06
721920,3.36791e-06
722176,3.36791e-06
722432,3.36791e-06
722688,3.36791e-06
722944,3.36791e-06
723200,3.36791e-06
723456,3.36791e-06
723712,3.36791e-06
723968,3.36791e-06
724224,3.36791e-06
724480,3.36791e-06
724736,3.36791e-06
724992,3.36791e-06
725248,3.36791e-06
725504,3.36791e-06
725760,3.36791e-06
726016,3.36791e-06
726272,3.36791e-06
726528,3.36791e-06
726784,3.36791e-06
727040,3.36791e-06
727296,3.36791e-06
727552,3.36791e-06
727808,3.36791e-06
728064,3.36791e-06
728320,3.36791e-06
728576,3.36791e-06
728832,3.36791e-06
729088,3.36791e-06
729344,3.36791e-06
729600,3.36791e-06
729856,3.36791e-06
730112,3.36791e-06
730368,3.36791e-06
730624,3.36791e-06
730880,3.36791e-06
731136,3.36791e-06
731392,3.36791e-06
731648,3.36791e-06
731904,3.36791e-06
732160,3.36791e-06
732416,3.36791e-06
732672,3.36791e-06
732928,3.36791e-06
733184,3.36791e-06
733440,3.36791e-06
733696,3.36791e-06
733952,3.36791e-06
734208,3.36791e-06
734464,3.36791e-06
734720,3.36791e-06
734976,3.36791e-06
735232,3.36791e-06
735488,3.36791e-06
735744,3.36791e-06
736000,3.36791e-06
736256,3.36791e-06
736512,3.36791e-06
736768,3.36791e-06
737024,3.36791e-06
737280,3.36791e-06
737536,3.36791e-06
737792,3.36791e-06
738048,3.36791e-06
738304,3.36791e-06
738560,3.36791e-06
738816,3.36791e-06
739072,3.36791e-06
739328,3.36791e-06
739584,3.36791e-06
739840,3.36791e-06
740096,3.36791e-06
740352,3.36791e-06
740608,3.36791e-06
740864,3.36791e-06
741120,3.36791e-06
741376,3.36791e-06
741632,3.36791e-06
741888,3.36791e-06
742144,3.36791e-06
742400,3.36791e-06
742656,3.36791e-06
742912,3.36791e-06
743168,3.36791e-06
743424,3.36791e-06
743680,3.36791e-06
743936,3.36791e-06
744192,3.36791e-06
744448,3.36791e-06
744704,3.36791e-06
744960,3.36791e-06
745216,3.36791e-06
745472,3.36791e-06
745728,3.36791e-06
745984,3.36791e-06
746240,3.36791e-06
746496,3.36791e-06
746752,3.36791e-06
747008,3.36791e-06
747264,3.36791e-06
747520,3.36791e-06
747776,3.36791e-06
748032,3.36791e-06
748288,3.36791e-06
748544,3.36791e-06
748800,3.36791e-06
749056,3.36791e-06
749312,3.36791e-06
749568,3.36791e-06
749824,3.36791e-06
750080,3.36791e-06
750336,3.36791e-06
750592,3.36791e-06
750848,3.36791e-06
751104,3.36791e-06
751360,3.36791e-06
751616,3.36791e-06
751872,3.36791e-06
752128,3.36791e-06
752384,3.36791e-06
752640,3.36791e-06
752896,3.36791e-06
753152,3.36791e-06
753408,3.36791e-06
753664,3.36791e-06
753920,3.36791e-06
754176,3.36791e-06
754432,3.36791e-06
754688,3.36791e-06
754944,3.36791e-06
755200,3.36791e-06
755456,3.36791e-06
755712,3.36791e-06
755968,3.36791e-06
756224,3.36791e-06
756480,3.36791e-06
756736,3.36791e-06
756992,3.36791e-06
757248,3.36791e-06
757504,3.36791e-06
757760,3.36791e-06
758016,3.36791e-06
758272,3.36791e-06
758528,3.36791e-06
758784,3.36791e-06
759040,3.36791e-06
759296,3.36791e-06
759552,3.36791e-06
759808,3.36791e-06
760064,3.36791e-06
760320,3.36791e-06
760576,3.36791e-06
760832,3.36791e-06
761088,3.36791e-06
761344,3.36791e-06
761600,3.36791e-06
761856,3.36791e-06
762112,3.36791e-06
762368,3.36791e-06
762624,3.36791e-06
762880,3.36791e-06
763136,3.36791e-06
763392,3.36791e-06
763648,3.36791e-06
763904,3.36791e-06
764160,3.36791e-06
764416,3.36791e-06
764672,3.36791e-06
764928,3.36791e-06
765184,3.36791e-06
765440,3.36791e-06
765696,3.36791e-06
765952,3.36791e-06
766208,3.36791e-06
766464,3.36791e-06
766720,3.36791e-06
766976,3.36791e-06
767232,3.36791e-06
767488,3.36791e-06
767744,3.36791e-06
768000,3.36791e-06
768256,3.36791e-06
768512,3.36791e-06
768768,3.36791e-06
769024,3.36791e-06
769280,3.36791e-06
769536,3.36791e-06
769792,3.36791e-06
770048,3.36791e-06
770304,3.36791e-06
770560,3.36791e-06
770816,3.36791e-06
771072,3.36791e-06
771328,3.36791e-06
771584,3.36791e-06
771840,3.36791e-06
772096,3.36791e-06
772352,3.36791e-06
772608,3.36791e-06
772864,3.36791e-06
773120,3.36791e-06
773376,3.36791e-06
773632,3.36791e-06
773888,3.36791e-06
774144,3.36791e-06
774400,3.36791e-06
774656,3.36791e-06
774912,3.36791e-06
775168,3.36791e-06
775424,3.36791e-06
775680,3.36791e-06
775936,3.36791e-06
776192,3.36791e-06
776448,3.36791e-06
776704,3.36791e-06
776960,3.36791e-06
777216,3.36791e-06
777472,3.36791e-06
777728,3.36791e-06
777984,3.36791e-06
778240,3.36791e-06
778496,3.36791e-06
778752,3.36791e-06
779008,3.36791e-06
779264,3.36791e-06
779520,3.36791e-06
779776,3.36791e-06
