cache_lines,MRC
256,0.0686889
512,0.0586246
768,0.0518487
1024,0.0432661
1280,0.037546
1536,0.0336067
1792,0.0302446
2048,0.0291054
2304,0.0283999
2560,0.0276085
2816,0.0251683
3072,0.0242504
3328,0.0236997
3584,0.0224249
3840,0.0220698
4096,0.0217597
4352,0.0209588
4608,0.020584
4864,0.0202914
5120,0.0198058
5376,0.0193216
5632,0.0189539
5888,0.0183656
6144,0.0180576
6400,0.0178131
6656,0.0175947
6912,0.0173052
7168,0.0170187
7424,0.0158912
7680,0.0154455
7936,0.0151543
8192,0.0147698
8448,0.0139488
8704,0.0134973
8960,0.0132689
9216,0.0130208
9472,0.0126346
9728,0.0124443
9984,0.0121886
10240,0.0117947
10496,0.0113949
10752,0.0110472
11008,0.0107414
11264,0.0103919
11520,0.00990232
11776,0.00915545
12032,0.00890007
12288,0.00862448
12544,0.00846274
12800,0.00830108
13056,0.00811973
13312,0.00793611
13568,0.00757317
13824,0.00722408
14080,0.00702547
14336,0.00687439
14592,0.00669697
14848,0.00652496
15104,0.00636788
15360,0.00620764
15616,0.00608002
15872,0.00590763
16128,0.00579118
16384,0.00561541
16640,0.00538848
16896,0.00525405
17152,0.00515697
17408,0.00503306
17664,0.0049199
17920,0.00479368
18176,0.00468612
18432,0.00456558
18688,0.00446963
18944,0.00437386
19200,0.00425974
19456,0.00415122
19712,0.0040476
19968,0.00394016
20224,0.00382898
20480,0.00362009
20736,0.00352536
20992,0.00340606
21248,0.00328832
21504,0.00317329
21760,0.00307851
22016,0.00300353
22272,0.00292329
22528,0.00283304
22784,0.00274528
23040,0.00266528
23296,0.00258579
23552,0.00251413
23808,0.00244326
24064,0.00235594
24320,0.0022824
24576,0.0022094
24832,0.00214629
25088,0.00208736
25344,0.00204663
25600,0.00200802
25856,0.00197165
26112,0.00193004
26368,0.00188852
26624,0.00185362
26880,0.001816
27136,0.00177931
27392,0.00174175
27648,0.00170799
27904,0.00167833
28160,0.00164731
28416,0.00161752
28672,0.00158867
28928,0.00155337
29184,0.00153145
29440,0.00151228
29696,0.00149255
29952,0.00147254
30208,0.00145356
30464,0.00143163
30720,0.00141318
30976,0.00139404
31232,0.00137641
31488,0.00135821
31744,0.00133841
32000,0.00131248
32256,0.00129266
32512,0.00127279
32768,0.00125658
33024,0.00124005
33280,0.001226
33536,0.00120969
33792,0.00119516
34048,0.00117449
34304,0.00115853
34560,0.00114027
34816,0.00112492
35072,0.00111109
35328,0.00110018
35584,0.00108739
35840,0.00107388
36096,0.00106221
36352,0.00105179
36608,0.0010388
36864,0.00102373
37120,0.00101011
37376,0.000999025
37632,0.000987191
37888,0.000976247
38144,0.000966765
38400,0.000956573
38656,0.000948148
38912,0.00093984
39168,0.000929823
39424,0.00091138
39680,0.000891638
39936,0.00086896
40192,0.000854194
40448,0.000837645
40704,0.000824761
40960,0.000814111
41216,0.000804185
41472,0.000791726
41728,0.000778715
41984,0.000764939
42240,0.000753078
42496,0.000741106
42752,0.000729804
43008,0.000718809
43264,0.00070525
43520,0.000684785
43776,0.000664332
44032,0.000649777
44288,0.000638044
44544,0.000619935
44800,0.000612466
45056,0.00060357
45312,0.000596505
45568,0.000588567
45824,0.000581383
46080,0.000571869
46336,0.000564102
46592,0.000550887
46848,0.000536325
47104,0.000526382
47360,0.000508688
47616,0.00049776
47872,0.000485855
48128,0.000472791
48384,0.000461616
48640,0.000447844
48896,0.000435577
49152,0.000426799
49408,0.000420363
49664,0.000416697
49920,0.000412257
50176,0.000409751
50432,0.000405182
50688,0.000396403
50944,0.000383804
51200,0.000372285
51456,0.000361869
51712,0.000353434
51968,0.000343255
52224,0.000328952
52480,0.000321247
52736,0.000310337
52992,0.000296229
53248,0.000287926
53504,0.000283396
53760,0.000279271
54016,0.0002769
54272,0.000273158
54528,0.000265593
54784,0.000261219
55040,0.000251776
55296,0.000241268
55552,0.000226615
55808,0.000213077
56064,0.000202148
56320,0.000192393
56576,0.000185481
56832,0.000180802
57088,0.000177118
57344,0.000174719
57600,0.000169929
57856,0.00016493
58112,0.000161252
58368,0.000159031
58624,0.000155427
58880,0.000150495
59136,0.00014788
59392,0.000141414
59648,0.000135488
59904,0.000130407
60160,0.000126234
60416,0.00012522
60672,0.000124285
60928,0.000124203
61184,0.000122612
61440,0.000120245
61696,0.000117472
61952,0.000114998
62208,0.00011052
62464,0.000106803
62720,0.000105578
62976,0.000102769
63232,0.000102368
63488,0.000102101
63744,0.000101967
64000,0.000100809
64256,0.000100497
64512,9.99305e-05
64768,9.87598e-05
65024,9.69264e-05
65280,9.44834e-05
65536,9.29957e-05
65792,9.22115e-05
66048,9.14473e-05
66304,9.14097e-05
66560,9.10088e-05
66816,9.06078e-05
67072,9.01162e-05
67328,8.94339e-05
67584,8.88705e-05
67840,8.86033e-05
68096,8.85271e-05
68352,8.79588e-05
68608,8.71607e-05
68864,8.68621e-05
69120,8.60641e-05
69376,8.57969e-05
69632,8.56632e-05
69888,8.55296e-05
70144,8.55296e-05
70400,8.53723e-05
70656,8.52623e-05
70912,8.51287e-05
71168,8.51287e-05
71424,8.49798e-05
71680,8.48614e-05
71936,8.47278e-05
72192,8.41932e-05
72448,8.41666e-05
72704,8.40596e-05
72960,8.38165e-05
73216,8.37923e-05
73472,8.3729e-05
73728,8.3525e-05
73984,8.33914e-05
74240,8.33881e-05
74496,8.31389e-05
74752,8.31241e-05
75008,8.29905e-05
75264,8.27232e-05
75520,8.25895e-05
75776,8.23223e-05
76032,8.23223e-05
76288,8.21886e-05
76544,8.19213e-05
76800,8.15204e-05
77056,8.13868e-05
77312,8.08286e-05
77568,8.06884e-05
77824,8.04513e-05
78080,8.04513e-05
78336,8.04513e-05
78592,8.04179e-05
78848,8.03177e-05
79104,8.02737e-05
79360,8.0184e-05
79616,8.00504e-05
79872,7.98533e-05
80128,7.96401e-05
80384,7.95159e-05
80640,7.94255e-05
80896,7.92817e-05
81152,7.92486e-05
81408,7.89923e-05
81664,7.85804e-05
81920,7.79122e-05
82176,7.79122e-05
82432,7.79122e-05
82688,7.76449e-05
82944,7.76449e-05
83200,7.73776e-05
83456,7.71119e-05
83712,7.71104e-05
83968,7.71104e-05
84224,7.69767e-05
84480,7.69767e-05
84736,7.61749e-05
84992,7.58982e-05
85248,7.5774e-05
85504,7.57053e-05
85760,7.53078e-05
86016,7.52394e-05
86272,7.51058e-05
86528,7.51058e-05
86784,7.51058e-05
87040,7.51058e-05
87296,7.49397e-05
87552,7.48385e-05
87808,7.48385e-05
88064,7.48385e-05
88320,7.47607e-05
88576,7.37486e-05
88832,7.35163e-05
89088,7.35021e-05
89344,7.35021e-05
89600,7.32723e-05
89856,7.32348e-05
90112,7.32348e-05
90368,7.31197e-05
90624,7.2433e-05
90880,7.23532e-05
91136,7.22994e-05
91392,7.22525e-05
91648,7.21657e-05
91904,7.20002e-05
92160,7.06957e-05
92416,7.06957e-05
92672,7.06957e-05
92928,7.05621e-05
93184,6.99937e-05
93440,6.92257e-05
93696,6.77557e-05
93952,6.77557e-05
94208,6.74382e-05
94464,6.72211e-05
94720,6.72211e-05
94976,6.72211e-05
95232,6.72211e-05
95488,6.72211e-05
95744,6.72211e-05
96000,6.70727e-05
96256,6.69538e-05
96512,6.69538e-05
96768,6.69538e-05
97024,6.69538e-05
97280,6.69538e-05
97536,6.65529e-05
97792,6.64193e-05
98048,6.64193e-05
98304,6.60184e-05
98560,6.59028e-05
98816,6.52165e-05
99072,6.50829e-05
99328,6.50829e-05
99584,6.50829e-05
99840,6.50829e-05
100096,6.50829e-05
100352,6.41579e-05
100608,6.41474e-05
100864,6.41474e-05
101120,6.41474e-05
101376,6.41474e-05
101632,6.41474e-05
101888,6.40387e-05
102144,6.28151e-05
102400,6.21619e-05
102656,6.12706e-05
102912,6.10388e-05
103168,6.09401e-05
103424,6.01857e-05
103680,5.94701e-05
103936,5.93365e-05
104192,5.90692e-05
104448,5.89355e-05
104704,5.86683e-05
104960,5.85797e-05
105216,5.80655e-05
105472,5.80001e-05
105728,5.78664e-05
105984,5.78664e-05
106240,5.78415e-05
106496,5.6931e-05
106752,5.67361e-05
107008,5.62004e-05
107264,5.49264e-05
107520,5.49205e-05
107776,5.46591e-05
108032,5.45255e-05
108288,5.45255e-05
108544,5.45255e-05
108800,5.45255e-05
109056,5.44015e-05
109312,5.39909e-05
109568,5.35967e-05
109824,5.30789e-05
110080,5.26545e-05
110336,5.26545e-05
110592,5.26545e-05
110848,5.25819e-05
111104,5.25209e-05
111360,5.25209e-05
111616,5.25209e-05
111872,5.25209e-05
112128,5.25209e-05
112384,5.25209e-05
112640,5.2144e-05
112896,5.19244e-05
113152,5.07836e-05
113408,5.07836e-05
113664,5.07836e-05
113920,5.07836e-05
114176,5.07383e-05
114432,5.01154e-05
114688,5.01154e-05
114944,5.01154e-05
115200,5.01154e-05
115456,4.91213e-05
115712,4.66408e-05
115968,4.66408e-05
116224,4.66408e-05
116480,4.66408e-05
116736,4.66408e-05
116992,4.65072e-05
117248,4.65072e-05
117504,4.51453e-05
117760,4.42322e-05
118016,4.38344e-05
118272,4.38344e-05
118528,4.34335e-05
118784,4.34335e-05
119040,4.34335e-05
119296,4.34335e-05
119552,4.34335e-05
119808,4.34335e-05
120064,4.32998e-05
120320,4.32998e-05
120576,4.32998e-05
120832,4.32998e-05
121088,4.31662e-05
121344,4.31662e-05
121600,4.31426e-05
121856,4.15326e-05
122112,4.1028e-05
122368,4.03562e-05
122624,3.99589e-05
122880,3.99589e-05
123136,3.87881e-05
123392,3.74198e-05
123648,3.74198e-05
123904,3.72861e-05
124160,3.72861e-05
124416,3.65461e-05
124672,3.46258e-05
124928,3.46134e-05
125184,3.46134e-05
125440,3.3669e-05
125696,3.3277e-05
125952,3.3277e-05
126208,3.3277e-05
126464,3.3277e-05
126720,3.3277e-05
126976,3.31717e-05
127232,3.31433e-05
127488,3.31433e-05
127744,3.31433e-05
128000,3.31433e-05
128256,3.31433e-05
128512,3.31433e-05
128768,3.31433e-05
129024,3.31433e-05
129280,3.31433e-05
129536,3.31433e-05
129792,3.31433e-05
130048,3.31433e-05
130304,3.30459e-05
130560,3.30097e-05
130816,3.30097e-05
131072,3.30097e-05
131328,3.30097e-05
131584,3.2617e-05
131840,3.11388e-05
132096,3.11388e-05
132352,3.11388e-05
132608,3.05464e-05
132864,2.97843e-05
133120,2.96687e-05
133376,2.85996e-05
133632,2.85996e-05
133888,2.85996e-05
134144,2.78694e-05
134400,2.6996e-05
134656,2.56911e-05
134912,2.56596e-05
135168,2.56596e-05
135424,2.56596e-05
135680,2.56596e-05
135936,2.56596e-05
136192,2.56285e-05
136448,2.55259e-05
136704,2.55259e-05
136960,2.55259e-05
137216,2.55259e-05
137472,2.55259e-05
137728,2.53923e-05
137984,2.53923e-05
138240,2.53923e-05
138496,2.53923e-05
138752,2.53923e-05
139008,2.53923e-05
139264,2.53923e-05
139520,2.53923e-05
139776,2.53923e-05
140032,2.53923e-05
140288,2.5226e-05
140544,2.43232e-05
140800,2.43232e-05
141056,2.43232e-05
141312,2.43232e-05
141568,2.43232e-05
141824,2.43232e-05
142080,2.41896e-05
142336,2.41896e-05
142592,2.41896e-05
142848,2.41896e-05
143104,2.41896e-05
143360,2.41896e-05
143616,2.41896e-05
143872,2.41896e-05
144128,2.41896e-05
144384,2.41896e-05
144640,2.25354e-05
144896,2.23186e-05
145152,2.23186e-05
145408,2.23186e-05
145664,2.23186e-05
145920,2.23186e-05
146176,2.23186e-05
146432,2.23186e-05
146688,2.23186e-05
146944,2.23186e-05
147200,2.23186e-05
147456,2.23186e-05
147712,2.23186e-05
147968,2.23186e-05
148224,2.23186e-05
148480,2.23186e-05
148736,2.22334e-05
148992,2.11128e-05
149248,2.09822e-05
149504,2.09822e-05
149760,2.09822e-05
150016,2.09822e-05
150272,2.09822e-05
150528,2.07844e-05
150784,1.96458e-05
151040,1.96458e-05
151296,1.96458e-05
151552,1.96458e-05
151808,1.96458e-05
152064,1.96458e-05
152320,1.96458e-05
152576,1.96458e-05
152832,1.96458e-05
153088,1.9613e-05
153344,1.95122e-05
153600,1.95122e-05
153856,1.95122e-05
154112,1.95122e-05
154368,1.94951e-05
154624,1.92449e-05
154880,1.92449e-05
155136,1.92449e-05
155392,1.92449e-05
155648,1.92449e-05
155904,1.92449e-05
156160,1.92449e-05
156416,1.92449e-05
156672,1.92449e-05
156928,1.92449e-05
157184,1.92449e-05
157440,1.92449e-05
157696,1.92449e-05
157952,1.92449e-05
158208,1.92449e-05
158464,1.92449e-05
158720,1.92449e-05
158976,1.92449e-05
159232,1.92449e-05
159488,1.92449e-05
159744,1.67103e-05
160000,1.65722e-05
160256,1.65722e-05
160512,1.65722e-05
160768,1.65722e-05
161024,1.65722e-05
161280,1.65722e-05
161536,1.65722e-05
161792,1.65722e-05
162048,1.65722e-05
162304,1.65722e-05
162560,1.65722e-05
162816,1.65722e-05
163072,1.64385e-05
163328,1.64385e-05
163584,1.64385e-05
163840,1.64385e-05
164096,1.64385e-05
164352,1.64385e-05
164608,1.64385e-05
164864,1.64385e-05
165120,1.64385e-05
165376,1.64385e-05
165632,1.64385e-05
165888,1.64385e-05
166144,1.64385e-05
166400,1.64385e-05
166656,1.64385e-05
166912,1.64385e-05
167168,1.64385e-05
167424,1.64385e-05
167680,1.64385e-05
167936,1.64385e-05
168192,1.64385e-05
168448,1.64385e-05
168704,1.64385e-05
168960,1.64385e-05
169216,1.64385e-05
169472,1.64385e-05
169728,1.64385e-05
169984,1.64385e-05
170240,1.64385e-05
170496,1.64385e-05
170752,1.64385e-05
171008,1.64385e-05
171264,1.64385e-05
171520,1.64385e-05
171776,1.64385e-05
172032,1.64385e-05
172288,1.64036e-05
172544,1.63049e-05
172800,1.63049e-05
173056,1.63049e-05
173312,1.63049e-05
173568,1.63049e-05
173824,1.63049e-05
174080,1.63049e-05
174336,1.63049e-05
174592,1.63049e-05
174848,1.63049e-05
175104,1.63049e-05
175360,1.61713e-05
175616,1.61713e-05
175872,1.60376e-05
176128,1.60376e-05
176384,1.60376e-05
176640,1.60376e-05
176896,1.60376e-05
177152,1.60376e-05
177408,1.60376e-05
177664,1.60376e-05
177920,1.60376e-05
178176,1.60376e-05
178432,1.60376e-05
178688,1.60376e-05
178944,1.60376e-05
179200,1.60376e-05
179456,1.60376e-05
179712,1.60376e-05
179968,1.60376e-05
180224,1.60376e-05
180480,1.60376e-05
180736,1.60376e-05
180992,1.60376e-05
181248,1.60376e-05
181504,1.60376e-05
181760,1.60376e-05
182016,1.60376e-05
182272,1.60376e-05
182528,1.60376e-05
182784,1.60376e-05
183040,1.60376e-05
183296,1.60376e-05
183552,1.60376e-05
183808,1.60376e-05
184064,1.60376e-05
184320,1.60376e-05
184576,1.60376e-05
184832,1.60376e-05
185088,1.60376e-05
185344,1.60376e-05
185600,1.60376e-05
185856,1.60376e-05
186112,1.60376e-05
186368,1.60376e-05
186624,1.60376e-05
186880,1.60376e-05
187136,1.60376e-05
187392,1.60376e-05
187648,1.60376e-05
187904,1.60376e-05
188160,1.60376e-05
188416,1.60376e-05
188672,1.60376e-05
188928,1.60376e-05
189184,1.60376e-05
189440,1.60376e-05
189696,1.60376e-05
189952,1.60376e-05
190208,1.60376e-05
190464,1.60376e-05
190720,1.60376e-05
190976,1.60376e-05
191232,1.60376e-05
191488,1.60376e-05
191744,1.60376e-05
192000,1.60376e-05
192256,1.60376e-05
192512,1.60376e-05
192768,1.60376e-05
193024,1.60376e-05
193280,1.60376e-05
193536,1.60376e-05
193792,1.60376e-05
194048,1.60376e-05
194304,1.60376e-05
194560,1.60376e-05
194816,1.60376e-05
195072,1.60376e-05
195328,1.60376e-05
195584,1.60376e-05
195840,1.60376e-05
196096,1.60376e-05
196352,1.60376e-05
196608,1.60376e-05
196864,1.60376e-05
197120,1.60376e-05
197376,1.60376e-05
197632,1.60376e-05
197888,1.60376e-05
198144,1.60376e-05
198400,1.60376e-05
198656,1.60376e-05
198912,1.60376e-05
199168,1.60376e-05
199424,1.60376e-05
199680,1.60376e-05
199936,1.60376e-05
200192,1.60376e-05
200448,1.60376e-05
200704,1.60376e-05
200960,1.60376e-05
201216,1.60376e-05
201472,1.60376e-05
201728,1.60376e-05
201984,1.60376e-05
202240,1.60376e-05
202496,1.60376e-05
202752,1.60376e-05
203008,1.60376e-05
203264,1.60376e-05
203520,1.60376e-05
203776,1.60376e-05
204032,1.60376e-05
204288,1.60376e-05
204544,1.60376e-05
204800,1.60376e-05
205056,1.60376e-05
205312,1.60376e-05
205568,1.60376e-05
205824,1.60376e-05
206080,1.60376e-05
206336,1.60376e-05
206592,1.60376e-05
206848,1.60376e-05
207104,1.60376e-05
207360,1.60376e-05
207616,1.60376e-05
207872,1.60376e-05
208128,1.60376e-05
208384,1.60376e-05
208640,1.60376e-05
208896,1.60376e-05
209152,1.60376e-05
209408,1.60376e-05
209664,1.581e-05
209920,1.57703e-05
210176,1.57703e-05
210432,1.57703e-05
210688,1.57703e-05
210944,1.57703e-05
211200,1.57703e-05
211456,1.57703e-05
211712,1.57703e-05
211968,1.57703e-05
212224,1.57703e-05
212480,1.57703e-05
212736,1.57703e-05
212992,1.57703e-05
213248,1.57703e-05
213504,1.57703e-05
213760,1.57703e-05
214016,1.57703e-05
214272,1.57703e-05
214528,1.57703e-05
214784,1.57703e-05
215040,1.57703e-05
215296,1.57703e-05
215552,1.57703e-05
215808,1.57703e-05
216064,1.57703e-05
216320,1.57703e-05
216576,1.57703e-05
216832,1.57703e-05
217088,1.57703e-05
217344,1.57703e-05
217600,1.57703e-05
217856,1.57703e-05
218112,1.57703e-05
218368,1.57703e-05
218624,1.57703e-05
218880,1.57703e-05
219136,1.57703e-05
219392,1.57703e-05
219648,1.57703e-05
219904,1.57703e-05
220160,1.57703e-05
220416,1.57703e-05
220672,1.57703e-05
220928,1.57703e-05
221184,1.57703e-05
221440,1.57703e-05
221696,1.57703e-05
221952,1.57703e-05
222208,1.57703e-05
222464,1.57703e-05
222720,1.57703e-05
222976,1.57703e-05
223232,1.57703e-05
223488,1.57703e-05
223744,1.57703e-05
224000,1.57703e-05
224256,1.57703e-05
224512,1.57703e-05
224768,1.57703e-05
225024,1.57703e-05
225280,1.57703e-05
225536,1.57703e-05
225792,1.57703e-05
226048,1.57703e-05
226304,1.57703e-05
226560,1.57703e-05
226816,1.57703e-05
227072,1.57703e-05
227328,1.57703e-05
227584,1.57703e-05
227840,1.57703e-05
228096,1.57703e-05
228352,1.57703e-05
228608,1.57703e-05
228864,1.57703e-05
229120,1.57703e-05
229376,1.57703e-05
229632,1.57703e-05
229888,1.57703e-05
230144,1.57703e-05
230400,1.57703e-05
230656,1.57703e-05
230912,1.57703e-05
231168,1.57703e-05
231424,1.57703e-05
231680,1.57703e-05
231936,1.57703e-05
232192,1.57703e-05
232448,1.57703e-05
232704,1.57703e-05
232960,1.57703e-05
233216,1.57703e-05
233472,1.57703e-05
233728,1.57703e-05
233984,1.57703e-05
234240,1.57703e-05
234496,1.57703e-05
234752,1.57703e-05
235008,1.57703e-05
235264,1.57703e-05
235520,1.57703e-05
235776,1.57703e-05
236032,1.57703e-05
236288,1.57703e-05
236544,1.57703e-05
236800,1.57703e-05
237056,1.57703e-05
237312,1.57703e-05
237568,1.57703e-05
237824,1.57703e-05
238080,1.57703e-05
238336,1.57703e-05
238592,1.57703e-05
238848,1.57703e-05
239104,1.57703e-05
239360,1.57703e-05
239616,1.57703e-05
239872,1.57703e-05
240128,1.57703e-05
240384,1.57703e-05
240640,1.57703e-05
240896,1.57703e-05
241152,1.57703e-05
241408,1.57703e-05
241664,1.57703e-05
241920,1.57703e-05
242176,1.57703e-05
242432,1.57703e-05
242688,1.57703e-05
242944,1.57703e-05
243200,1.57703e-05
243456,1.57703e-05
243712,1.57703e-05
243968,1.57703e-05
244224,1.57703e-05
244480,1.57703e-05
244736,1.57703e-05
244992,1.57703e-05
245248,1.57703e-05
245504,1.57703e-05
245760,1.57703e-05
246016,1.57703e-05
246272,1.57703e-05
246528,1.57703e-05
246784,1.57703e-05
247040,1.57703e-05
247296,1.57703e-05
247552,1.57703e-05
247808,1.57703e-05
248064,1.57703e-05
248320,1.57703e-05
248576,1.57703e-05
248832,1.57703e-05
249088,1.57703e-05
249344,1.57703e-05
249600,1.57703e-05
249856,1.57703e-05
250112,1.57703e-05
250368,1.57703e-05
250624,1.57703e-05
250880,1.57703e-05
251136,1.57703e-05
251392,1.57703e-05
251648,1.57703e-05
251904,1.57703e-05
252160,1.57703e-05
252416,1.57703e-05
252672,1.57703e-05
252928,1.57703e-05
253184,1.57703e-05
253440,1.57703e-05
253696,1.57703e-05
253952,1.57703e-05
254208,1.57426e-05
254464,1.56367e-05
254720,1.56367e-05
254976,1.56367e-05
255232,1.56367e-05
255488,1.56367e-05
255744,1.56367e-05
256000,1.56367e-05
256256,1.56367e-05
256512,1.56367e-05
256768,1.56367e-05
257024,1.56367e-05
257280,1.56367e-05
257536,1.56367e-05
257792,1.56367e-05
258048,1.56367e-05
258304,1.56367e-05
258560,1.56367e-05
258816,1.56367e-05
259072,1.56367e-05
259328,1.56367e-05
259584,1.56367e-05
259840,1.56367e-05
260096,1.56367e-05
260352,1.56367e-05
260608,1.56367e-05
260864,1.56367e-05
261120,1.56367e-05
261376,1.56367e-05
261632,1.56367e-05
261888,1.56367e-05
262144,1.56367e-05
262400,1.56367e-05
262656,1.56367e-05
262912,1.56367e-05
263168,1.56367e-05
263424,1.56367e-05
263680,1.56367e-05
263936,1.56367e-05
264192,1.56367e-05
264448,1.56367e-05
264704,1.56367e-05
264960,1.56367e-05
265216,1.56367e-05
265472,1.56367e-05
265728,1.56367e-05
265984,1.56367e-05
266240,1.56367e-05
266496,1.56367e-05
266752,1.56367e-05
267008,1.56367e-05
267264,1.56367e-05
267520,1.56367e-05
267776,1.56367e-05
268032,1.56367e-05
268288,1.56367e-05
268544,1.56367e-05
268800,1.56367e-05
269056,1.56367e-05
269312,1.56367e-05
269568,1.56367e-05
269824,1.56367e-05
270080,1.56367e-05
270336,1.56367e-05
270592,1.56367e-05
270848,1.56367e-05
271104,1.56367e-05
271360,1.56367e-05
271616,1.56367e-05
271872,1.56367e-05
272128,1.56367e-05
272384,1.56367e-05
272640,1.56367e-05
272896,1.56367e-05
273152,1.56367e-05
273408,1.56367e-05
273664,1.56367e-05
273920,1.56367e-05
274176,1.56367e-05
274432,1.56367e-05
274688,1.56367e-05
274944,1.56367e-05
275200,1.56367e-05
275456,1.56234e-05
275712,1.5558e-05
275968,1.55031e-05
276224,1.55031e-05
276480,1.55031e-05
276736,1.55031e-05
276992,1.55031e-05
277248,1.55031e-05
277504,1.55031e-05
277760,1.55031e-05
278016,1.55031e-05
278272,1.55031e-05
278528,1.55031e-05
278784,1.55031e-05
279040,1.55031e-05
279296,1.55031e-05
279552,1.55031e-05
279808,1.55031e-05
280064,1.55031e-05
280320,1.55031e-05
280576,1.55031e-05
280832,1.55031e-05
281088,1.55031e-05
281344,1.55031e-05
281600,1.55031e-05
281856,1.55031e-05
282112,1.55031e-05
282368,1.55031e-05
282624,1.55031e-05
282880,1.55031e-05
283136,1.55031e-05
283392,1.55031e-05
283648,1.55031e-05
283904,1.55031e-05
284160,1.55031e-05
284416,1.55031e-05
284672,1.55031e-05
284928,1.55031e-05
285184,1.55031e-05
285440,1.55031e-05
285696,1.55031e-05
285952,1.55031e-05
286208,1.55031e-05
286464,1.55031e-05
286720,1.55031e-05
286976,1.55031e-05
287232,1.55031e-05
287488,1.55031e-05
287744,1.55031e-05
288000,1.55031e-05
288256,1.55031e-05
288512,1.55031e-05
288768,1.55031e-05
289024,1.55031e-05
289280,1.55031e-05
289536,1.55031e-05
289792,1.55031e-05
290048,1.55031e-05
290304,1.55031e-05
290560,1.55031e-05
290816,1.55031e-05
291072,1.55031e-05
291328,1.55031e-05
291584,1.55031e-05
291840,1.55031e-05
292096,1.55031e-05
292352,1.55031e-05
292608,1.55031e-05
292864,1.55031e-05
293120,1.55031e-05
293376,1.55031e-05
293632,1.55031e-05
293888,1.55031e-05
294144,1.55031e-05
294400,1.55031e-05
294656,1.55031e-05
294912,1.55031e-05
295168,1.55031e-05
295424,1.55031e-05
295680,1.55031e-05
295936,1.55031e-05
296192,1.55031e-05
296448,1.55031e-05
296704,1.55031e-05
296960,1.55031e-05
297216,1.55031e-05
297472,1.55031e-05
297728,1.55031e-05
297984,1.55031e-05
298240,1.55031e-05
298496,1.55031e-05
298752,1.55031e-05
299008,1.55031e-05
299264,1.55031e-05
299520,1.55031e-05
299776,1.55031e-05
300032,1.55031e-05
300288,1.55031e-05
300544,1.55031e-05
300800,1.55031e-05
301056,1.55031e-05
301312,1.55031e-05
301568,1.55031e-05
301824,1.55031e-05
302080,1.55031e-05
302336,1.55031e-05
302592,1.55031e-05
302848,1.55031e-05
303104,1.55031e-05
303360,1.55031e-05
303616,1.55031e-05
303872,1.55031e-05
304128,1.55031e-05
304384,1.55031e-05
304640,1.55031e-05
304896,1.55031e-05
305152,1.55031e-05
305408,1.55031e-05
305664,1.55031e-05
305920,1.55031e-05
306176,1.55031e-05
306432,1.55031e-05
306688,1.55031e-05
306944,1.55031e-05
307200,1.55031e-05
307456,1.55031e-05
307712,1.55031e-05
307968,1.55031e-05
308224,1.55031e-05
308480,1.55031e-05
308736,1.55031e-05
308992,1.55031e-05
309248,1.55031e-05
309504,1.55031e-05
309760,1.55031e-05
310016,1.55031e-05
310272,1.55031e-05
310528,1.55031e-05
310784,1.55031e-05
311040,1.55031e-05
311296,1.55031e-05
311552,1.55031e-05
311808,1.55031e-05
312064,1.55031e-05
312320,1.55031e-05
312576,1.55031e-05
312832,1.55031e-05
313088,1.55031e-05
313344,1.55031e-05
313600,1.55031e-05
313856,1.55031e-05
314112,1.55031e-05
314368,1.55031e-05
314624,1.55031e-05
314880,1.55031e-05
315136,1.55031e-05
315392,1.55031e-05
315648,1.55031e-05
315904,1.55031e-05
316160,1.55031e-05
316416,1.55031e-05
316672,1.55031e-05
316928,1.55031e-05
317184,1.55031e-05
317440,1.55031e-05
317696,1.55031e-05
317952,1.55031e-05
318208,1.55031e-05
318464,1.55031e-05
318720,1.55031e-05
318976,1.55031e-05
319232,1.55031e-05
319488,1.55031e-05
319744,1.55031e-05
320000,1.55031e-05
320256,1.55031e-05
320512,1.55031e-05
320768,1.55031e-05
321024,1.55031e-05
321280,1.55031e-05
321536,1.55031e-05
321792,1.55031e-05
322048,1.55031e-05
322304,1.55031e-05
322560,1.55031e-05
322816,1.55031e-05
323072,1.55031e-05
323328,1.55031e-05
323584,1.55031e-05
323840,1.55031e-05
324096,1.55031e-05
324352,1.55031e-05
324608,1.55031e-05
324864,1.55031e-05
325120,1.55031e-05
325376,1.55031e-05
325632,1.55031e-05
325888,1.55031e-05
326144,1.55031e-05
326400,1.55031e-05
326656,1.55031e-05
326912,1.55031e-05
327168,1.55031e-05
327424,1.55031e-05
327680,1.55031e-05
327936,1.55031e-05
328192,1.55031e-05
328448,1.55031e-05
328704,1.55031e-05
328960,1.55031e-05
329216,1.55031e-05
329472,1.55031e-05
329728,1.55031e-05
329984,1.55031e-05
330240,1.55031e-05
330496,1.55031e-05
330752,1.55031e-05
331008,1.55031e-05
331264,1.55031e-05
331520,1.55031e-05
331776,1.55031e-05
332032,1.55031e-05
332288,1.55031e-05
332544,1.55031e-05
332800,1.55031e-05
333056,1.55031e-05
333312,1.55031e-05
333568,1.55031e-05
333824,1.55031e-05
334080,1.55031e-05
334336,1.55031e-05
334592,1.55031e-05
334848,1.55031e-05
335104,1.55031e-05
335360,1.55031e-05
335616,1.55031e-05
335872,1.55031e-05
336128,1.55031e-05
336384,1.55031e-05
336640,1.55031e-05
336896,1.55031e-05
337152,1.55031e-05
337408,1.55031e-05
337664,1.55031e-05
337920,1.55031e-05
338176,1.55031e-05
338432,1.55031e-05
338688,1.55031e-05
338944,1.55031e-05
339200,1.55031e-05
339456,1.55031e-05
339712,1.55031e-05
339968,1.55031e-05
340224,1.55031e-05
340480,1.55031e-05
340736,1.55031e-05
340992,1.55031e-05
341248,1.55031e-05
341504,1.55031e-05
341760,1.55031e-05
342016,1.55031e-05
342272,1.55031e-05
342528,1.55031e-05
342784,1.55031e-05
343040,1.55031e-05
343296,1.55031e-05
343552,1.55031e-05
343808,1.55031e-05
344064,1.55031e-05
344320,1.55031e-05
344576,1.55031e-05
344832,1.55031e-05
345088,1.55031e-05
345344,1.55031e-05
345600,1.55031e-05
345856,1.55031e-05
346112,1.55031e-05
346368,1.55031e-05
346624,1.55031e-05
346880,1.55031e-05
347136,1.55031e-05
347392,1.55031e-05
347648,1.55031e-05
347904,1.5454e-05
348160,1.53879e-05
348416,1.53694e-05
348672,1.53694e-05
348928,1.53694e-05
349184,1.53694e-05
349440,1.53694e-05
349696,1.53694e-05
349952,1.53694e-05
350208,1.53694e-05
350464,1.53694e-05
350720,1.53694e-05
350976,1.53694e-05
351232,1.53694e-05
351488,1.53694e-05
351744,1.53694e-05
352000,1.53694e-05
352256,1.53694e-05
352512,1.53694e-05
352768,1.53694e-05
353024,1.53694e-05
353280,1.53694e-05
353536,1.53694e-05
353792,1.53694e-05
354048,1.53694e-05
354304,1.53694e-05
354560,1.53694e-05
354816,1.53694e-05
355072,1.53694e-05
355328,1.53694e-05
355584,1.53694e-05
355840,1.53694e-05
356096,1.53694e-05
356352,1.53694e-05
356608,1.53694e-05
356864,1.53694e-05
357120,1.53694e-05
357376,1.53694e-05
357632,1.53694e-05
357888,1.53694e-05
358144,1.53694e-05
358400,1.53694e-05
358656,1.53694e-05
358912,1.53694e-05
359168,1.53694e-05
359424,1.53694e-05
359680,1.53694e-05
359936,1.53694e-05
360192,1.53694e-05
360448,1.53694e-05
360704,1.53446e-05
360960,1.5278e-05
361216,1.52358e-05
361472,1.52358e-05
361728,1.52358e-05
361984,1.52358e-05
362240,1.52358e-05
362496,1.52358e-05
362752,1.52358e-05
363008,1.52358e-05
363264,1.52358e-05
363520,1.52358e-05
363776,1.52358e-05
364032,1.52358e-05
364288,1.52358e-05
364544,1.52358e-05
364800,1.52358e-05
365056,1.52358e-05
365312,1.52358e-05
365568,1.52358e-05
365824,1.52358e-05
366080,1.52358e-05
366336,1.52358e-05
366592,1.52358e-05
366848,1.52358e-05
367104,1.52358e-05
367360,1.52358e-05
367616,1.52358e-05
367872,1.52358e-05
368128,1.52358e-05
368384,1.52358e-05
368640,1.52358e-05
368896,1.52358e-05
369152,1.52358e-05
369408,1.52358e-05
369664,1.52358e-05
369920,1.52358e-05
370176,1.52358e-05
370432,1.52358e-05
370688,1.52358e-05
370944,1.52358e-05
371200,1.52358e-05
371456,1.52358e-05
371712,1.52358e-05
371968,1.52358e-05
372224,1.52358e-05
372480,1.52358e-05
372736,1.52358e-05
372992,1.52358e-05
373248,1.52358e-05
373504,1.52358e-05
373760,1.52358e-05
374016,1.52358e-05
374272,1.52358e-05
374528,1.52358e-05
374784,1.52358e-05
375040,1.52358e-05
375296,1.52358e-05
375552,1.52358e-05
375808,1.52358e-05
376064,1.52358e-05
376320,1.52358e-05
376576,1.52358e-05
376832,1.52358e-05
377088,1.52358e-05
377344,1.52358e-05
377600,1.52358e-05
377856,1.52358e-05
378112,1.52358e-05
378368,1.52358e-05
378624,1.52358e-05
378880,1.52358e-05
379136,1.52358e-05
379392,1.52358e-05
379648,1.52358e-05
379904,1.52358e-05
380160,1.52358e-05
380416,1.52358e-05
380672,1.52358e-05
380928,1.52358e-05
381184,1.52358e-05
381440,1.52358e-05
381696,1.52358e-05
381952,1.52358e-05
382208,1.52358e-05
382464,1.52358e-05
382720,1.52358e-05
382976,1.52358e-05
383232,1.52358e-05
383488,1.52358e-05
383744,1.52358e-05
384000,1.52358e-05
384256,1.52358e-05
384512,1.52358e-05
384768,1.52358e-05
385024,1.52358e-05
385280,1.52358e-05
385536,1.52358e-05
385792,1.52358e-05
386048,1.52358e-05
386304,1.52358e-05
386560,1.52358e-05
386816,1.52358e-05
387072,1.52358e-05
387328,1.52358e-05
387584,1.52358e-05
387840,1.52358e-05
388096,1.52358e-05
388352,1.52358e-05
388608,1.52358e-05
388864,1.52358e-05
389120,1.52358e-05
389376,1.52358e-05
389632,1.52358e-05
389888,1.52358e-05
390144,1.52358e-05
390400,1.52358e-05
390656,1.52358e-05
390912,1.52358e-05
391168,1.52358e-05
391424,1.52358e-05
391680,1.52358e-05
391936,1.52358e-05
392192,1.52358e-05
392448,1.52358e-05
392704,1.52358e-05
392960,1.52358e-05
393216,1.52358e-05
393472,1.52358e-05
393728,1.52358e-05
393984,1.52358e-05
394240,1.52358e-05
394496,1.52358e-05
394752,1.52358e-05
395008,1.52358e-05
395264,1.52358e-05
395520,1.52358e-05
395776,1.52358e-05
396032,1.52358e-05
396288,1.52358e-05
396544,1.52358e-05
396800,1.52358e-05
397056,1.52358e-05
397312,1.52358e-05
397568,1.52358e-05
397824,1.52358e-05
398080,1.52358e-05
398336,1.52358e-05
398592,1.52358e-05
398848,1.52358e-05
399104,1.52358e-05
399360,1.52358e-05
399616,1.52358e-05
399872,1.52358e-05
400128,1.52358e-05
400384,1.52358e-05
400640,1.52358e-05
400896,1.52358e-05
401152,1.52358e-05
401408,1.52358e-05
401664,1.52358e-05
401920,1.52358e-05
402176,1.52358e-05
402432,1.52358e-05
402688,1.52358e-05
402944,1.52358e-05
403200,1.52358e-05
403456,1.52358e-05
403712,1.52358e-05
403968,1.52358e-05
404224,1.52358e-05
404480,1.52358e-05
404736,1.52358e-05
404992,1.52358e-05
405248,1.52358e-05
405504,1.52358e-05
405760,1.52358e-05
406016,1.52358e-05
406272,1.52358e-05
406528,1.52358e-05
406784,1.52358e-05
407040,1.52358e-05
407296,1.52358e-05
407552,1.52358e-05
407808,1.52358e-05
408064,1.52358e-05
408320,1.52358e-05
408576,1.52358e-05
408832,1.52358e-05
409088,1.52358e-05
409344,1.52358e-05
409600,1.52358e-05
409856,1.52358e-05
410112,1.52358e-05
410368,1.52358e-05
410624,1.52358e-05
410880,1.52358e-05
411136,1.52358e-05
411392,1.52358e-05
411648,1.52358e-05
411904,1.52358e-05
412160,1.52358e-05
412416,1.52358e-05
412672,1.52358e-05
412928,1.52358e-05
413184,1.52358e-05
413440,1.52358e-05
413696,1.52358e-05
413952,1.52358e-05
414208,1.52358e-05
414464,1.52358e-05
414720,1.52358e-05
414976,1.52358e-05
415232,1.52358e-05
415488,1.52358e-05
415744,1.52358e-05
416000,1.52358e-05
416256,1.52358e-05
416512,1.52358e-05
416768,1.52358e-05
417024,1.52358e-05
417280,1.52358e-05
417536,1.52358e-05
417792,1.52358e-05
418048,1.52358e-05
418304,1.52358e-05
418560,1.52358e-05
418816,1.52358e-05
419072,1.52358e-05
419328,1.52358e-05
419584,1.52358e-05
419840,1.52358e-05
420096,1.52358e-05
420352,1.52358e-05
420608,1.52358e-05
420864,1.52358e-05
421120,1.52358e-05
421376,1.52358e-05
421632,1.52358e-05
421888,1.52358e-05
422144,1.52358e-05
422400,1.52358e-05
422656,1.52358e-05
422912,1.52358e-05
423168,1.52358e-05
423424,1.52358e-05
423680,1.52358e-05
423936,1.52358e-05
424192,1.52358e-05
424448,1.52358e-05
424704,1.52358e-05
424960,1.52358e-05
425216,1.52358e-05
425472,1.52358e-05
425728,1.52358e-05
425984,1.52358e-05
426240,1.52358e-05
426496,1.52358e-05
426752,1.52358e-05
427008,1.52358e-05
427264,1.52358e-05
427520,1.52358e-05
427776,1.52358e-05
428032,1.52358e-05
428288,1.52358e-05
428544,1.52358e-05
428800,1.52358e-05
429056,1.52358e-05
429312,1.52358e-05
429568,1.52358e-05
429824,1.52358e-05
430080,1.52358e-05
430336,1.52358e-05
430592,1.52358e-05
430848,1.52358e-05
431104,1.52358e-05
431360,1.52358e-05
431616,1.52358e-05
431872,1.52358e-05
432128,1.52358e-05
432384,1.52358e-05
432640,1.52358e-05
432896,1.52358e-05
433152,1.52358e-05
433408,1.52358e-05
433664,1.52358e-05
433920,1.52358e-05
434176,1.52358e-05
434432,1.52358e-05
434688,1.52358e-05
434944,1.52358e-05
435200,1.52358e-05
435456,1.52358e-05
435712,1.52358e-05
435968,1.52358e-05
436224,1.52358e-05
436480,1.52358e-05
436736,1.52358e-05
436992,1.52358e-05
437248,1.52358e-05
437504,1.52358e-05
437760,1.52358e-05
438016,1.52358e-05
438272,1.52358e-05
438528,1.52358e-05
438784,1.52358e-05
439040,1.52358e-05
439296,1.52358e-05
439552,1.52358e-05
439808,1.52358e-05
440064,1.52358e-05
440320,1.52358e-05
440576,1.52358e-05
440832,1.52358e-05
441088,1.52358e-05
441344,1.52358e-05
441600,1.52358e-05
441856,1.52358e-05
442112,1.52358e-05
442368,1.52358e-05
442624,1.52358e-05
442880,1.52358e-05
443136,1.52358e-05
443392,1.52358e-05
443648,1.52358e-05
443904,1.52358e-05
444160,1.52358e-05
444416,1.52358e-05
444672,1.52358e-05
444928,1.52358e-05
445184,1.52358e-05
445440,1.52358e-05
445696,1.52358e-05
445952,1.52358e-05
446208,1.52358e-05
446464,1.52358e-05
446720,1.52358e-05
446976,1.52358e-05
447232,1.52358e-05
447488,1.52358e-05
447744,1.52358e-05
448000,1.52358e-05
448256,1.52358e-05
448512,1.52358e-05
448768,1.52358e-05
449024,1.52358e-05
449280,1.52358e-05
449536,1.52358e-05
449792,1.52358e-05
450048,1.52358e-05
450304,1.52358e-05
450560,1.52358e-05
450816,1.52358e-05
451072,1.52358e-05
451328,1.52358e-05
451584,1.52358e-05
451840,1.52056e-05
452096,1.5172e-05
452352,1.51384e-05
452608,1.51046e-05
452864,1.50081e-05
453120,1.49058e-05
453376,1.48029e-05
453632,1.47006e-05
453888,1.46658e-05
454144,1.4631e-05
454400,1.45961e-05
454656,1.45227e-05
454912,1.42748e-05
455168,1.40226e-05
455424,1.37658e-05
455680,1.35408e-05
455936,1.33512e-05
456192,1.31589e-05
456448,1.29632e-05
456704,1.21932e-05
456960,1.13711e-05
457216,1.04847e-05
457472,1.04248e-05
457728,1.04248e-05
457984,1.04248e-05
458240,1.04248e-05
458496,1.04248e-05
458752,1.04248e-05
459008,1.04248e-05
459264,1.04248e-05
459520,1.04248e-05
459776,1.04248e-05
460032,1.04248e-05
460288,1.04248e-05
460544,1.04248e-05
460800,1.04248e-05
461056,1.04248e-05
461312,1.04248e-05
461568,1.04248e-05
461824,1.04248e-05
462080,1.04248e-05
462336,1.04248e-05
462592,1.04248e-05
462848,1.04248e-05
463104,1.04248e-05
463360,1.04248e-05
463616,1.04248e-05
463872,1.04248e-05
464128,1.04248e-05
464384,1.04248e-05
464640,1.04248e-05
464896,1.04248e-05
465152,1.04248e-05
465408,1.04248e-05
465664,1.04248e-05
465920,1.04248e-05
466176,1.04248e-05
466432,1.04248e-05
466688,1.04248e-05
466944,1.04248e-05
467200,1.04248e-05
467456,1.04248e-05
467712,1.04248e-05
467968,1.04248e-05
468224,1.04248e-05
468480,1.04248e-05
468736,1.04248e-05
468992,1.04248e-05
469248,1.04248e-05
469504,1.04248e-05
469760,1.04248e-05
470016,1.04248e-05
470272,1.04248e-05
470528,1.04248e-05
470784,1.04248e-05
471040,1.04248e-05
471296,1.04248e-05
471552,1.04248e-05
471808,1.04248e-05
472064,1.04248e-05
472320,1.04248e-05
472576,1.04248e-05
472832,1.04248e-05
473088,1.04248e-05
473344,1.04248e-05
473600,1.04248e-05
473856,1.04248e-05
474112,1.04248e-05
474368,1.04248e-05
474624,1.04248e-05
474880,1.04248e-05
475136,1.04248e-05
475392,1.04248e-05
475648,1.04248e-05
475904,1.04248e-05
476160,1.04248e-05
476416,1.04248e-05
476672,1.04248e-05
476928,1.04248e-05
477184,1.04248e-05
477440,1.04248e-05
477696,1.04248e-05
477952,1.04248e-05
478208,1.04248e-05
478464,1.04248e-05
478720,1.04248e-05
478976,1.04248e-05
479232,1.04248e-05
479488,1.04248e-05
479744,1.04248e-05
480000,1.04248e-05
480256,1.04248e-05
480512,1.04248e-05
480768,1.04248e-05
481024,1.04248e-05
481280,1.04248e-05
481536,1.04248e-05
481792,1.04248e-05
482048,1.04248e-05
482304,1.04248e-05
482560,1.04248e-05
482816,1.04248e-05
483072,1.04248e-05
483328,1.04248e-05
483584,1.04248e-05
483840,1.04248e-05
484096,1.04248e-05
484352,1.04248e-05
484608,1.04248e-05
484864,1.04248e-05
485120,1.04248e-05
485376,1.04248e-05
485632,1.04248e-05
485888,1.04248e-05
486144,1.04248e-05
486400,1.04248e-05
486656,1.04248e-05
486912,1.04248e-05
487168,1.04248e-05
487424,1.04248e-05
487680,1.04248e-05
487936,1.04248e-05
488192,1.04248e-05
488448,1.04248e-05
488704,1.04248e-05
488960,1.04248e-05
489216,1.04248e-05
489472,1.04248e-05
489728,1.04248e-05
489984,1.04248e-05
490240,1.04248e-05
490496,1.04248e-05
490752,1.04248e-05
491008,1.04248e-05
491264,1.04248e-05
491520,1.04248e-05
491776,1.04248e-05
492032,1.04248e-05
492288,1.04248e-05
492544,1.04248e-05
492800,1.04248e-05
493056,1.04248e-05
493312,1.04248e-05
493568,1.04248e-05
493824,1.04248e-05
494080,1.04248e-05
494336,1.04248e-05
494592,1.04248e-05
494848,1.04248e-05
495104,1.04248e-05
495360,1.04248e-05
495616,1.04248e-05
495872,1.04248e-05
496128,1.04248e-05
496384,1.04248e-05
496640,1.04248e-05
496896,1.04248e-05
497152,1.04248e-05
497408,1.04248e-05
497664,1.04248e-05
497920,1.04248e-05
498176,1.04248e-05
498432,1.04248e-05
498688,1.04248e-05
498944,1.04248e-05
499200,1.04248e-05
499456,1.04248e-05
499712,1.04248e-05
499968,1.04248e-05
500224,1.04248e-05
500480,1.04248e-05
500736,1.04248e-05
500992,1.04248e-05
501248,1.04248e-05
501504,1.04248e-05
501760,1.04248e-05
502016,1.04248e-05
502272,1.04248e-05
502528,1.04248e-05
502784,1.04248e-05
503040,1.04248e-05
503296,1.04248e-05
503552,1.04248e-05
503808,1.04248e-05
504064,1.04248e-05
504320,1.04248e-05
504576,1.04248e-05
504832,1.04248e-05
505088,1.04248e-05
505344,1.04248e-05
505600,1.04248e-05
505856,1.04248e-05
506112,1.04248e-05
506368,1.04248e-05
506624,1.04248e-05
506880,1.04248e-05
507136,1.04248e-05
507392,1.04248e-05
507648,1.04248e-05
507904,1.04248e-05
508160,1.04248e-05
508416,1.04248e-05
508672,1.04248e-05
508928,1.04248e-05
509184,1.04248e-05
509440,1.04248e-05
509696,1.04248e-05
509952,1.04248e-05
510208,1.04248e-05
510464,1.04248e-05
510720,1.04248e-05
510976,1.04248e-05
511232,1.04248e-05
511488,1.04248e-05
511744,1.04248e-05
512000,1.04248e-05
512256,1.04248e-05
512512,1.04248e-05
512768,1.04248e-05
513024,1.04248e-05
513280,1.04248e-05
513536,1.04248e-05
513792,1.04248e-05
514048,1.04248e-05
514304,1.04248e-05
514560,1.04248e-05
514816,1.04248e-05
515072,1.04248e-05
515328,1.04248e-05
515584,1.04248e-05
515840,1.04248e-05
516096,1.04248e-05
516352,1.04248e-05
516608,1.04248e-05
516864,1.04248e-05
517120,1.04248e-05
517376,1.04248e-05
517632,1.04248e-05
517888,1.04248e-05
518144,1.04248e-05
518400,1.04248e-05
518656,1.04248e-05
518912,1.04248e-05
519168,1.04248e-05
519424,1.04248e-05
519680,1.04248e-05
519936,1.04248e-05
520192,1.04248e-05
520448,1.04248e-05
520704,1.04248e-05
520960,1.04248e-05
521216,1.04248e-05
521472,1.04248e-05
521728,1.04248e-05
521984,1.04248e-05
522240,1.04248e-05
522496,1.04248e-05
522752,1.04248e-05
523008,1.04248e-05
523264,1.04248e-05
523520,1.04248e-05
523776,1.04248e-05
524032,1.04248e-05
524288,1.04248e-05
524544,1.04248e-05
524800,1.04248e-05
525056,1.04248e-05
525312,1.04248e-05
525568,1.04248e-05
525824,1.04248e-05
526080,1.04248e-05
526336,1.04248e-05
526592,1.04248e-05
526848,1.04248e-05
527104,1.04248e-05
527360,1.04248e-05
527616,1.04248e-05
527872,1.04248e-05
528128,1.04248e-05
528384,1.04248e-05
528640,1.04248e-05
528896,1.04248e-05
529152,1.04248e-05
529408,1.04248e-05
529664,1.04248e-05
529920,1.04248e-05
530176,1.04248e-05
530432,1.04248e-05
530688,1.04248e-05
530944,1.04248e-05
531200,1.04248e-05
531456,1.04248e-05
531712,1.04248e-05
531968,1.04248e-05
532224,1.04248e-05
532480,1.04248e-05
532736,1.04248e-05
532992,1.04248e-05
533248,1.04248e-05
533504,1.04248e-05
533760,1.04248e-05
534016,1.04248e-05
534272,1.04248e-05
534528,1.04248e-05
534784,1.04248e-05
535040,1.04248e-05
535296,1.04248e-05
535552,1.04248e-05
535808,1.04248e-05
536064,1.04248e-05
536320,1.04248e-05
536576,1.04248e-05
536832,1.04248e-05
537088,1.04248e-05
537344,1.04248e-05
537600,1.04248e-05
537856,1.04248e-05
538112,1.04248e-05
538368,1.04248e-05
538624,1.04248e-05
538880,1.04248e-05
539136,1.04248e-05
539392,1.04248e-05
539648,1.04248e-05
539904,1.04248e-05
540160,1.04248e-05
540416,1.04248e-05
540672,1.04248e-05
540928,1.04248e-05
541184,1.04248e-05
541440,1.04248e-05
541696,1.04248e-05
541952,1.04248e-05
542208,1.04248e-05
542464,1.04248e-05
542720,1.04248e-05
542976,1.04248e-05
543232,1.04248e-05
543488,1.04248e-05
543744,1.04248e-05
544000,1.04248e-05
544256,1.04248e-05
544512,1.04248e-05
544768,1.04248e-05
545024,1.04248e-05
545280,1.04248e-05
545536,1.04248e-05
545792,1.04248e-05
546048,1.04248e-05
546304,1.04248e-05
546560,1.04248e-05
546816,1.04248e-05
547072,1.04248e-05
547328,1.04248e-05
547584,1.04248e-05
547840,1.04248e-05
548096,1.04248e-05
548352,1.04248e-05
548608,1.04248e-05
548864,1.04248e-05
549120,1.04248e-05
549376,1.04248e-05
549632,1.04248e-05
549888,1.04248e-05
550144,1.04248e-05
550400,1.04248e-05
550656,1.04248e-05
550912,1.04248e-05
551168,1.04248e-05
551424,1.04248e-05
551680,1.04248e-05
551936,1.04248e-05
552192,1.04248e-05
552448,1.04248e-05
552704,1.04248e-05
552960,1.04248e-05
553216,1.04248e-05
553472,1.04248e-05
553728,1.04248e-05
553984,1.04248e-05
554240,1.04248e-05
554496,1.04248e-05
554752,1.04248e-05
555008,1.04248e-05
555264,1.04248e-05
555520,1.04248e-05
555776,1.04248e-05
556032,1.04248e-05
556288,1.04248e-05
556544,1.04248e-05
556800,1.04248e-05
557056,1.04248e-05
557312,1.04248e-05
557568,1.04248e-05
557824,1.04248e-05
558080,1.04248e-05
558336,1.04248e-05
558592,1.04248e-05
558848,1.04248e-05
559104,1.04248e-05
559360,1.04248e-05
559616,1.04248e-05
559872,1.04248e-05
560128,1.04248e-05
560384,1.04248e-05
560640,1.04248e-05
560896,1.04248e-05
561152,1.04248e-05
561408,1.04248e-05
561664,1.04248e-05
561920,1.04248e-05
562176,1.04248e-05
562432,1.04248e-05
562688,1.04248e-05
562944,1.04248e-05
563200,1.04248e-05
563456,1.04248e-05
563712,1.04248e-05
563968,1.04248e-05
564224,1.04248e-05
564480,1.04248e-05
564736,1.04248e-05
564992,1.04248e-05
565248,1.04248e-05
565504,1.04248e-05
565760,1.04248e-05
566016,1.04248e-05
566272,1.04248e-05
566528,1.04248e-05
566784,1.04248e-05
567040,1.04248e-05
567296,1.04248e-05
567552,1.04248e-05
567808,1.04248e-05
568064,1.04248e-05
568320,1.04248e-05
568576,1.04248e-05
568832,1.04248e-05
569088,1.04248e-05
569344,1.04248e-05
569600,1.04248e-05
569856,1.04248e-05
570112,1.04248e-05
570368,1.04248e-05
570624,1.04248e-05
570880,1.04248e-05
571136,1.04248e-05
571392,1.04248e-05
571648,1.04248e-05
571904,1.04248e-05
572160,1.04248e-05
572416,1.04248e-05
572672,1.04248e-05
572928,1.04248e-05
573184,1.04248e-05
573440,1.04248e-05
573696,1.04248e-05
573952,1.04248e-05
574208,1.04248e-05
574464,1.04248e-05
574720,1.04248e-05
574976,1.04248e-05
575232,1.04248e-05
575488,1.04248e-05
575744,1.04248e-05
576000,1.04248e-05
576256,1.04248e-05
576512,1.04248e-05
576768,1.04248e-05
577024,1.04248e-05
577280,1.04248e-05
577536,1.04248e-05
577792,1.04248e-05
578048,1.04248e-05
578304,1.04248e-05
578560,1.04248e-05
578816,1.04248e-05
579072,1.04248e-05
579328,1.04248e-05
579584,1.04248e-05
579840,1.04248e-05
580096,1.04248e-05
580352,1.04248e-05
580608,1.04248e-05
580864,1.04248e-05
581120,1.04248e-05
581376,1.04248e-05
581632,1.04248e-05
581888,1.04248e-05
582144,1.04248e-05
582400,1.04248e-05
582656,1.04248e-05
582912,1.04248e-05
583168,1.04248e-05
583424,1.04248e-05
583680,1.04248e-05
583936,1.04248e-05
584192,1.04248e-05
584448,1.04248e-05
584704,1.04248e-05
584960,1.04248e-05
585216,1.04248e-05
585472,1.04248e-05
585728,1.04248e-05
585984,1.04248e-05
586240,1.04248e-05
586496,1.04248e-05
586752,1.04248e-05
587008,1.04248e-05
587264,1.04248e-05
587520,1.04248e-05
587776,1.04248e-05
588032,1.04248e-05
588288,1.04248e-05
588544,1.04248e-05
588800,1.04248e-05
589056,1.04248e-05
589312,1.04248e-05
589568,1.04248e-05
589824,1.04248e-05
590080,1.04248e-05
590336,1.04248e-05
590592,1.04248e-05
590848,1.04248e-05
591104,1.04248e-05
591360,1.04248e-05
591616,1.04248e-05
591872,1.04248e-05
592128,1.04248e-05
592384,1.04248e-05
592640,1.04248e-05
592896,1.04248e-05
593152,1.04248e-05
593408,1.04248e-05
593664,1.04248e-05
593920,1.04248e-05
594176,1.04248e-05
594432,1.04248e-05
594688,1.04248e-05
594944,1.04248e-05
595200,1.04248e-05
595456,1.04248e-05
595712,1.04248e-05
595968,1.04248e-05
596224,1.04248e-05
596480,1.04248e-05
596736,1.04248e-05
596992,1.04248e-05
597248,1.04248e-05
597504,1.04248e-05
597760,1.04248e-05
598016,1.04248e-05
598272,1.04248e-05
598528,1.04248e-05
598784,1.04248e-05
599040,1.04248e-05
599296,1.04248e-05
599552,1.04248e-05
599808,1.04248e-05
600064,1.04248e-05
600320,1.04248e-05
600576,1.04248e-05
600832,1.04248e-05
601088,1.04248e-05
601344,1.04248e-05
601600,1.04248e-05
601856,1.04248e-05
602112,1.04248e-05
602368,1.04248e-05
602624,1.04248e-05
602880,1.04248e-05
603136,1.04248e-05
603392,1.04248e-05
603648,1.04248e-05
603904,1.04248e-05
604160,1.04248e-05
604416,1.04248e-05
604672,1.04248e-05
604928,1.04248e-05
605184,1.04248e-05
605440,1.04248e-05
605696,1.04248e-05
605952,1.04248e-05
606208,1.04248e-05
606464,1.04248e-05
606720,1.04248e-05
606976,1.04248e-05
607232,1.04248e-05
607488,1.04248e-05
607744,1.04248e-05
608000,1.04248e-05
608256,1.04248e-05
608512,1.04248e-05
608768,1.04248e-05
609024,1.04248e-05
609280,1.04248e-05
609536,1.04248e-05
609792,1.04248e-05
610048,1.04248e-05
610304,1.04248e-05
610560,1.04248e-05
610816,1.04248e-05
611072,1.04248e-05
611328,1.04248e-05
611584,1.04248e-05
611840,1.04248e-05
612096,1.04248e-05
612352,1.04248e-05
612608,1.04248e-05
612864,1.04248e-05
613120,1.04248e-05
613376,1.04248e-05
613632,1.04248e-05
613888,1.04248e-05
614144,1.04248e-05
614400,1.04248e-05
614656,1.04248e-05
614912,1.04248e-05
615168,1.04248e-05
615424,1.04248e-05
615680,1.04248e-05
615936,1.04248e-05
616192,1.04248e-05
616448,1.04248e-05
616704,1.04248e-05
616960,1.04248e-05
617216,1.04248e-05
617472,1.04248e-05
617728,1.04248e-05
617984,1.04248e-05
618240,1.04248e-05
618496,1.04248e-05
618752,1.04248e-05
619008,1.04248e-05
619264,1.04248e-05
619520,1.04248e-05
619776,1.04248e-05
620032,1.04248e-05
620288,1.04248e-05
620544,1.04248e-05
620800,1.04248e-05
621056,1.04248e-05
621312,1.04248e-05
621568,1.04248e-05
621824,1.04248e-05
622080,1.04248e-05
622336,1.04248e-05
622592,1.04248e-05
622848,1.04248e-05
623104,1.04248e-05
623360,1.04248e-05
623616,1.04248e-05
623872,1.04248e-05
624128,1.04248e-05
624384,1.04248e-05
624640,1.04248e-05
624896,1.04248e-05
625152,1.04248e-05
625408,1.04248e-05
625664,1.04248e-05
625920,1.04248e-05
626176,1.04248e-05
626432,1.04248e-05
626688,1.04248e-05
626944,1.04248e-05
627200,1.04248e-05
627456,1.04248e-05
627712,1.04248e-05
627968,1.04248e-05
628224,1.04248e-05
628480,1.04248e-05
628736,1.04248e-05
628992,1.04248e-05
629248,1.04248e-05
629504,1.04248e-05
629760,1.04248e-05
630016,1.04248e-05
630272,1.04248e-05
630528,1.04248e-05
630784,1.04248e-05
631040,1.04248e-05
631296,1.04248e-05
631552,1.04248e-05
631808,1.04248e-05
632064,1.04248e-05
632320,1.04248e-05
632576,1.04248e-05
632832,1.04248e-05
633088,1.04248e-05
633344,1.04248e-05
633600,1.04248e-05
633856,1.04248e-05
634112,1.04248e-05
634368,1.04248e-05
634624,1.04248e-05
634880,1.04248e-05
635136,1.04248e-05
635392,1.04248e-05
635648,1.04248e-05
635904,1.04248e-05
636160,1.04248e-05
636416,1.04248e-05
636672,1.04248e-05
636928,1.04248e-05
637184,1.04248e-05
637440,1.04248e-05
637696,1.04248e-05
637952,1.04248e-05
638208,1.04248e-05
638464,1.04248e-05
638720,1.04248e-05
638976,1.04248e-05
639232,1.04248e-05
639488,1.04248e-05
639744,1.04248e-05
640000,1.04248e-05
640256,1.04248e-05
640512,1.04248e-05
640768,1.04248e-05
641024,1.04248e-05
641280,1.04248e-05
641536,1.04248e-05
641792,1.04248e-05
642048,1.04248e-05
642304,1.04248e-05
642560,1.04248e-05
642816,1.04248e-05
643072,1.04248e-05
643328,1.04248e-05
643584,1.04248e-05
643840,1.04248e-05
644096,1.04248e-05
644352,1.04248e-05
644608,1.04248e-05
644864,1.04248e-05
645120,1.04248e-05
645376,1.04248e-05
645632,1.04248e-05
645888,1.04248e-05
646144,1.04248e-05
646400,1.04248e-05
646656,1.04248e-05
646912,1.04248e-05
647168,1.04248e-05
647424,1.04248e-05
647680,1.04248e-05
647936,1.04248e-05
648192,1.04248e-05
648448,1.04248e-05
648704,1.04248e-05
648960,1.04248e-05
649216,1.04248e-05
649472,1.04248e-05
649728,1.04248e-05
649984,1.04248e-05
650240,1.04248e-05
650496,1.04248e-05
650752,1.04248e-05
651008,1.04248e-05
651264,1.04248e-05
651520,1.04248e-05
651776,1.04248e-05
652032,1.04248e-05
652288,1.04248e-05
652544,1.04248e-05
652800,1.04248e-05
653056,1.04248e-05
653312,1.04248e-05
653568,1.04248e-05
653824,1.04248e-05
654080,1.04248e-05
654336,1.04248e-05
654592,1.04248e-05
654848,1.04248e-05
655104,1.04248e-05
655360,1.04248e-05
655616,1.04248e-05
655872,1.04248e-05
656128,1.04248e-05
656384,1.04248e-05
656640,1.04248e-05
656896,1.04248e-05
657152,1.04248e-05
657408,1.04248e-05
657664,1.04248e-05
657920,1.04248e-05
658176,1.04248e-05
658432,1.04248e-05
658688,1.04248e-05
658944,1.04248e-05
659200,1.04248e-05
659456,1.04248e-05
659712,1.04248e-05
659968,1.04248e-05
660224,1.04248e-05
660480,1.04248e-05
660736,1.04248e-05
660992,1.04248e-05
661248,1.04248e-05
661504,1.04248e-05
661760,1.04248e-05
662016,1.04248e-05
662272,1.04248e-05
662528,1.04248e-05
662784,1.04248e-05
663040,1.04248e-05
663296,1.04248e-05
663552,1.04248e-05
663808,1.04248e-05
664064,1.04248e-05
664320,1.04248e-05
664576,1.04248e-05
664832,1.04248e-05
665088,1.04248e-05
665344,1.04248e-05
665600,1.04248e-05
665856,1.04248e-05
666112,1.04248e-05
666368,1.04248e-05
666624,1.04248e-05
666880,1.04248e-05
667136,1.04248e-05
667392,1.04248e-05
667648,1.04248e-05
667904,1.04248e-05
668160,1.04248e-05
668416,1.04248e-05
668672,1.04248e-05
668928,1.04248e-05
669184,1.04248e-05
669440,1.04248e-05
669696,1.04248e-05
669952,1.04248e-05
670208,1.04248e-05
670464,1.04248e-05
670720,1.04248e-05
670976,1.04248e-05
671232,1.04248e-05
671488,1.04248e-05
671744,1.04248e-05
672000,1.04248e-05
672256,1.04248e-05
672512,1.04248e-05
672768,1.04248e-05
673024,1.04248e-05
673280,1.04248e-05
673536,1.04248e-05
673792,1.04248e-05
674048,1.04248e-05
674304,1.04248e-05
674560,1.04248e-05
674816,1.04248e-05
675072,1.04248e-05
675328,1.04248e-05
675584,1.04248e-05
675840,1.04248e-05
676096,1.04248e-05
676352,1.04248e-05
676608,1.04248e-05
676864,1.04248e-05
677120,1.04248e-05
677376,1.04248e-05
677632,1.04248e-05
677888,1.04248e-05
678144,1.04248e-05
678400,1.04248e-05
678656,1.04248e-05
678912,1.04248e-05
679168,1.04248e-05
679424,1.04248e-05
679680,1.04248e-05
679936,1.04248e-05
680192,1.04248e-05
680448,1.04248e-05
680704,1.04248e-05
680960,1.04248e-05
681216,1.04248e-05
681472,1.04248e-05
681728,1.04248e-05
681984,1.04248e-05
682240,1.04248e-05
682496,1.04248e-05
682752,1.04248e-05
683008,1.04248e-05
683264,1.04248e-05
683520,1.04248e-05
683776,1.04248e-05
684032,1.04248e-05
684288,1.04248e-05
684544,1.04248e-05
684800,1.04248e-05
685056,1.04248e-05
685312,1.04248e-05
685568,1.04248e-05
685824,1.04248e-05
686080,1.04248e-05
686336,1.04248e-05
686592,1.04248e-05
686848,1.04248e-05
687104,1.04248e-05
687360,1.04248e-05
687616,1.04248e-05
687872,1.04248e-05
688128,1.04248e-05
688384,1.04248e-05
688640,1.04248e-05
688896,1.04248e-05
689152,1.04248e-05
689408,1.04248e-05
689664,1.04248e-05
689920,1.04248e-05
690176,1.04248e-05
690432,1.04248e-05
690688,1.04248e-05
690944,1.04248e-05
691200,1.04248e-05
691456,1.04248e-05
691712,1.04248e-05
691968,1.04248e-05
692224,1.04248e-05
692480,1.04248e-05
692736,1.04248e-05
692992,1.04248e-05
693248,1.04248e-05
693504,1.04248e-05
693760,1.04248e-05
694016,1.04248e-05
694272,1.04248e-05
694528,1.04248e-05
694784,1.04248e-05
695040,1.04248e-05
695296,1.04248e-05
695552,1.04248e-05
695808,1.04248e-05
696064,1.04248e-05
696320,1.04248e-05
696576,1.04248e-05
696832,1.04248e-05
697088,1.04248e-05
697344,1.04248e-05
697600,1.04248e-05
697856,1.04248e-05
698112,1.04248e-05
698368,1.04248e-05
698624,1.04248e-05
698880,1.04248e-05
699136,1.04248e-05
699392,1.04248e-05
699648,1.04248e-05
699904,1.04248e-05
700160,1.04248e-05
700416,1.04248e-05
700672,1.04248e-05
700928,1.04248e-05
701184,1.04248e-05
701440,1.04248e-05
701696,1.04248e-05
701952,1.04248e-05
702208,1.04248e-05
702464,1.04248e-05
702720,1.04248e-05
702976,1.04248e-05
703232,1.04248e-05
703488,1.04248e-05
703744,1.04248e-05
704000,1.04248e-05
704256,1.04248e-05
704512,1.04248e-05
704768,1.04248e-05
705024,1.04248e-05
705280,1.04248e-05
705536,1.04248e-05
705792,1.04248e-05
706048,1.04248e-05
706304,1.04248e-05
706560,1.04248e-05
706816,1.04248e-05
707072,1.04248e-05
707328,1.04248e-05
707584,1.04248e-05
707840,1.04248e-05
708096,1.04248e-05
708352,1.04248e-05
708608,1.04248e-05
708864,1.04248e-05
709120,1.04248e-05
709376,1.04248e-05
709632,1.04248e-05
709888,1.04248e-05
710144,1.04248e-05
710400,1.04248e-05
710656,1.04248e-05
710912,1.04248e-05
711168,1.04248e-05
711424,1.04248e-05
711680,1.04248e-05
711936,1.04248e-05
712192,1.04248e-05
712448,1.04248e-05
712704,1.04248e-05
712960,1.04248e-05
713216,1.04248e-05
713472,1.04248e-05
713728,1.04248e-05
713984,1.04248e-05
714240,1.04248e-05
714496,1.04248e-05
714752,1.04248e-05
715008,1.04248e-05
715264,1.04248e-05
715520,1.04248e-05
715776,1.04248e-05
716032,1.04248e-05
716288,1.04248e-05
716544,1.04248e-05
716800,1.04248e-05
717056,1.04248e-05
717312,1.04248e-05
717568,1.04248e-05
717824,1.04248e-05
718080,1.04248e-05
718336,1.04248e-05
718592,1.04248e-05
718848,1.04248e-05
719104,1.04248e-05
719360,1.04248e-05
719616,1.04248e-05
719872,1.04248e-05
720128,1.04248e-05
720384,1.04248e-05
720640,1.04248e-05
720896,1.04248e-05
721152,1.04248e-05
721408,1.04248e-05
721664,1.04248e-05
721920,1.04248e-05
722176,1.04248e-05
722432,1.04248e-05
722688,1.04248e-05
722944,1.04248e-05
723200,1.04248e-05
723456,1.04248e-05
723712,1.04248e-05
723968,1.04248e-05
724224,1.04248e-05
724480,1.04248e-05
724736,1.04248e-05
724992,1.04248e-05
725248,1.04248e-05
725504,1.04248e-05
725760,1.04248e-05
726016,1.04248e-05
726272,1.04248e-05
726528,1.04248e-05
726784,1.04248e-05
727040,1.04248e-05
727296,1.04248e-05
727552,1.04248e-05
727808,1.04248e-05
728064,1.04248e-05
728320,1.04248e-05
728576,1.04248e-05
728832,1.04248e-05
729088,1.04248e-05
729344,1.04248e-05
729600,1.04248e-05
729856,1.04248e-05
730112,1.04248e-05
730368,1.04248e-05
730624,1.04248e-05
730880,1.04248e-05
731136,1.04248e-05
731392,1.04248e-05
731648,1.04248e-05
731904,1.04248e-05
732160,1.04248e-05
732416,1.04248e-05
732672,1.04248e-05
732928,1.04248e-05
733184,1.04248e-05
733440,1.04248e-05
733696,1.04248e-05
733952,1.04248e-05
734208,1.04248e-05
734464,1.04248e-05
734720,1.04248e-05
734976,1.04248e-05
735232,1.04248e-05
735488,1.04248e-05
735744,1.04248e-05
736000,1.04248e-05
736256,1.04248e-05
736512,1.04248e-05
736768,1.04248e-05
737024,1.04248e-05
737280,1.04248e-05
737536,1.04248e-05
737792,1.04248e-05
738048,1.04248e-05
738304,1.04248e-05
738560,1.04248e-05
738816,1.04248e-05
739072,1.04248e-05
739328,1.04248e-05
739584,1.04248e-05
739840,1.04248e-05
740096,1.04248e-05
740352,1.04248e-05
740608,1.04248e-05
740864,1.04248e-05
741120,1.04248e-05
741376,1.04248e-05
741632,1.04248e-05
741888,1.04248e-05
742144,1.04248e-05
742400,1.04248e-05
742656,1.04248e-05
742912,1.04248e-05
743168,1.04248e-05
743424,1.04248e-05
743680,1.04248e-05
743936,1.04248e-05
744192,1.04248e-05
744448,1.04248e-05
744704,1.04248e-05
744960,1.04248e-05
745216,1.04248e-05
745472,1.04248e-05
745728,1.04248e-05
745984,1.04248e-05
746240,1.04248e-05
746496,1.04248e-05
746752,1.04248e-05
747008,1.04248e-05
747264,1.04248e-05
747520,1.04248e-05
747776,1.04248e-05
748032,1.04248e-05
748288,1.04248e-05
748544,1.04248e-05
748800,1.04248e-05
749056,1.04248e-05
749312,1.04248e-05
749568,1.04248e-05
749824,1.04248e-05
750080,1.04248e-05
750336,1.04248e-05
750592,1.04248e-05
750848,1.04248e-05
751104,1.04248e-05
751360,1.04248e-05
751616,1.04248e-05
751872,1.04248e-05
752128,1.04248e-05
752384,1.04248e-05
752640,1.04248e-05
752896,1.04248e-05
753152,1.04248e-05
753408,1.04248e-05
753664,1.04248e-05
753920,1.04248e-05
754176,1.04248e-05
754432,1.04248e-05
754688,1.04248e-05
754944,1.04248e-05
755200,1.04248e-05
755456,1.04248e-05
755712,1.04248e-05
755968,1.04248e-05
756224,1.04248e-05
756480,1.04248e-05
756736,1.04248e-05
756992,1.04248e-05
757248,1.04248e-05
757504,1.04248e-05
757760,1.04248e-05
758016,1.04248e-05
758272,1.04248e-05
758528,1.04248e-05
758784,1.04248e-05
759040,1.04248e-05
759296,1.04248e-05
759552,1.04248e-05
759808,1.04248e-05
760064,1.04248e-05
760320,1.04248e-05
760576,1.04248e-05
760832,1.04248e-05
761088,1.04248e-05
761344,1.04248e-05
761600,1.04248e-05
761856,1.04248e-05
762112,1.04248e-05
762368,1.04248e-05
762624,1.04248e-05
762880,1.04248e-05
763136,1.04248e-05
763392,1.04248e-05
763648,1.04248e-05
763904,1.04248e-05
764160,1.04248e-05
764416,1.04248e-05
764672,1.04248e-05
764928,1.04248e-05
765184,1.04248e-05
765440,1.04248e-05
765696,1.04248e-05
765952,1.04248e-05
766208,1.04248e-05
766464,1.04248e-05
766720,1.04248e-05
766976,1.04248e-05
767232,1.04248e-05
767488,1.04248e-05
767744,1.04248e-05
768000,1.04248e-05
768256,1.04248e-05
768512,1.04248e-05
768768,1.04248e-05
769024,1.04248e-05
769280,1.04248e-05
769536,1.04248e-05
769792,1.04248e-05
770048,1.04248e-05
770304,1.04248e-05
770560,1.04248e-05
770816,1.04248e-05
771072,1.04248e-05
771328,1.04248e-05
771584,1.04248e-05
771840,1.04248e-05
772096,1.04248e-05
772352,1.04248e-05
772608,1.04248e-05
772864,1.04248e-05
773120,1.04248e-05
773376,1.04248e-05
773632,1.04248e-05
773888,1.04248e-05
774144,1.04248e-05
774400,1.04248e-05
774656,1.04248e-05
774912,1.04248e-05
775168,1.04248e-05
775424,1.04248e-05
775680,1.04248e-05
775936,1.04248e-05
776192,1.04248e-05
776448,1.04248e-05
776704,1.04248e-05
776960,1.04248e-05
777216,1.04248e-05
777472,1.04248e-05
777728,1.04248e-05
777984,1.04248e-05
778240,1.04248e-05
778496,1.04248e-05
778752,1.04248e-05
779008,1.04248e-05
779264,1.04248e-05
779520,1.04248e-05
779776,1.04248e-05
