cache_lines,MRC
256,0.09578485376344087
512,-0.026202592473118264
768,-0.05339603870967741
1024,-0.057964484946236544
1280,-0.059759931182795684
1536,-0.05957137741935481
1792,-0.05923782365591396
2048,-0.059183269892473106
2304,-0.05900171612903224
2560,-0.05897816236559139
2816,-0.05856360860215051
3072,-0.05847805483870966
3328,-0.05803750107526881
3584,-0.057802947311827946
3840,-0.05735839354838709
4096,-0.05690983978494621
4352,-0.05646728602150536
4608,-0.05602773225806451
4864,-0.05568517849462365
5120,-0.05534762473118279
5376,-0.0554750709677419
5632,-0.055045517204301064
5888,-0.05461096344086022
6144,-0.054178409677419354
6400,-0.05374785591397849
6656,-0.0533233021505376
6912,-0.05290374838709677
7168,-0.052474194623655906
7424,-0.05205564086021505
7680,-0.05163708709677417
7936,-0.051218533333333316
8192,-0.050811979569892474
8448,-0.0505144258064516
8704,-0.05032187204301075
8960,-0.050121318279569865
9216,-0.049832764516129
9472,-0.04971121075268817
9728,-0.0498926569892473
9984,-0.04974310322580644
10240,-0.049406549462365584
10496,-0.049055995698924715
10752,-0.048706441935483874
11008,-0.048355888172043004
11264,-0.04799833440860213
11520,-0.04765078064516126
11776,-0.047294226881720414
12032,-0.04694167311827957
12288,-0.04662611935483871
12544,-0.046365565591397845
12800,-0.04622501182795698
13056,-0.046051458064516104
13312,-0.045827904301075265
13568,-0.0455213505376344
13824,-0.04520379677419353
14080,-0.04489524301075268
14336,-0.04519568924731181
14592,-0.04488313548387096
14848,-0.0445415817204301
15104,-0.04424802795698923
15360,-0.04393247419354837
15616,-0.04358792043010751
15872,-0.04324236666666667
16128,-0.0428878129032258
16384,-0.04254825913978494
16640,-0.04220970537634407
16896,-0.0419021516129032
17152,-0.041559597849462365
17408,-0.0411870440860215
17664,-0.04085149032258063
17920,-0.040484936559139775
18176,-0.0401423827956989
18432,-0.03980082903225807
18688,-0.0394542752688172
18944,-0.03951172150537634
19200,-0.040364167741935464
19456,-0.040357613978494605
19712,-0.03996306021505376
19968,-0.0395635064516129
20224,-0.03916195268817203
20480,-0.03876039892473117
20736,-0.0383538451612903
20992,-0.03794629139784947
21248,-0.0375387376344086
21504,-0.03713118387096773
21760,-0.036717630107526864
22016,-0.036307076344086
22272,-0.035890522580645165
22528,-0.0354769688172043
22784,-0.03505641505376343
23040,-0.03463686129032256
23296,-0.034218307526881694
23552,-0.033799753763440854
23808,-0.0333822
24064,-0.03295864623655913
24320,-0.03254009247311826
24576,-0.03213553870967739
24832,-0.03175098494623656
25088,-0.03144643118279569
25344,-0.03141187741935483
25600,-0.031213323655913963
25856,-0.030834769892473093
26112,-0.030514216129032254
26368,-0.030115662365591392
26624,-0.029721108602150534
26880,-0.029369554838709663
27136,-0.0289570010752688
27392,-0.028549447311827958
27648,-0.028197893548387087
27904,-0.027769339784946223
28160,-0.027329786021505362
28416,-0.026884232258064494
28672,-0.026437678494623654
28928,-0.025989124731182797
29184,-0.02554257096774193
29440,-0.02509501720430106
29696,-0.024638463440860195
29952,-0.024181909677419358
30208,-0.02373535591397849
30464,-0.023284802150537617
30720,-0.022832248387096785
30976,-0.022379694623655896
31232,-0.02192314086021506
31488,-0.02147658709677419
31744,-0.02102603333333332
32000,-0.02056447956989249
32256,-0.020105925806451597
32512,-0.019646372043010757
32768,-0.01920181827956989
33024,-0.018764264516129017
33280,-0.018314710752688187
33536,-0.017863156989247286
33792,-0.017414603225806458
34048,-0.016965049462365586
34304,-0.016513495698924727
34560,-0.016063941935483883
34816,-0.015612388172042996
35072,-0.015156834408602146
35328,-0.014701280645161283
35584,-0.014247726881720421
35840,-0.01380017311827958
36096,-0.013353619354838683
36352,-0.012906065591397856
36608,-0.01245151182795698
36864,-0.011996958064516117
37120,-0.011545404301075271
37376,-0.0110958505376344
37632,-0.01064029677419355
37888,-0.010189743010752678
38144,-0.00973618924731183
38400,-0.009281635483870967
38656,-0.008831081720430095
38912,-0.00837952795698925
39168,-0.007918974193548381
39424,-0.007463420430107531
39680,-0.007005866666666666
39936,-0.006550312903225802
40192,-0.006098759139784943
40448,-0.005637205376344087
40704,-0.0051726516129032285
40960,-0.004702097849462364
41216,-0.004233544086021501
41472,-0.0037619903225806495
41728,-0.003289436559139783
41984,-0.00281688279569893
42240,-0.0023433290322580624
42496,-0.0018697752688171948
42752,-0.001394221505376339
43008,-9.176677419354823E-4
43264,-4.411139784946255E-4
43520,3.543978494624511E-5
43776,5.119935483871019E-4
44032,9.875473118279576E-4
44288,0.0014631010752688273
44544,0.0019376548387096681
44800,0.00241520860215054
45056,0.0028907623655913955
45312,0.0033663161290322513
45568,0.003843869892473123
45824,0.004321423655913981
46080,0.0047979774193548375
46336,0.005277531182795697
46592,0.005757084946236557
46848,0.00623563870967743
47104,0.0067151924731182755
47360,0.007192746236559147
47616,0.0076653
47872,0.008112853763440855
48128,0.008526407526881719
48384,0.008926961290322583
48640,0.009324515053763444
48896,0.0097590688172043
49152,0.010228622580645164
49408,0.010706176344086021
49664,0.011182730107526878
49920,0.011654283870967744
50176,0.012124837634408595
50432,0.012601391397849465
50688,0.013079945161290324
50944,0.01355649892473118
51200,0.014033052688172051
51456,0.014510606451612895
51712,0.014986160215053765
51968,0.015463713978494623
52224,0.01593926774193548
52480,0.016236025122189635
52736,0.01623165024437928
52992,0.016231275366568904
53248,0.016229900488758553
53504,0.016227525610948187
53760,0.016226150733137837
54016,0.01622477585532746
54272,0.016223400977517108
54528,0.016222026099706743
54784,0.016220651221896393
55040,0.016219276344086014
55296,0.016219901466275666
55552,0.0162185265884653
55808,0.016216151710654936
56064,0.01621377683284457
56320,0.01621340195503422
56576,0.016213027077223857
56832,0.016213652199413495
57088,0.01621227732160313
57344,0.01621090244379278
57600,0.0162085275659824
57856,0.01620615268817205
58112,0.016205777810361685
58368,0.01620440293255132
58624,0.016204028054740957
58880,0.016203653176930594
59136,0.01620227829912023
59392,0.016200903421309865
59648,0.016198528543499513
59904,0.01619915366568915
60160,0.016199778787878788
60416,0.016198403910068424
60672,0.016198029032258074
60928,0.016198654154447698
61184,0.016198279276637348
61440,0.01619790439882697
61696,0.01619652952101662
61952,0.016197154643206257
62208,0.016197779765395895
62464,0.01619740488758553
62720,0.016197030009775182
62976,0.016198655131964806
63232,0.01620028025415446
63488,0.01619890537634408
63744,0.016201530498533734
64000,0.016200155620723355
64256,0.016187780742913008
64512,0.016173405865102644
64768,0.016163030987292284
65024,0.016149656109481922
65280,0.01613928123167155
65536,0.016127906353861188
65792,0.016117531476050828
66048,0.01611015659824047
66304,0.0161017817204301
66560,0.01609240684261974
66816,0.016083031964809383
67072,0.016073657086999024
67328,0.01606328220918865
67584,0.016054907331378307
67840,0.016047532453567936
68096,0.01604115757575758
68352,0.01603278269794721
68608,0.01602440782013685
68864,0.016014032942326492
69120,0.016003658064516132
69376,0.01599528318670576
69632,0.015987908308895404
69888,0.015980533431085048
70144,0.015968158553274686
70400,0.015948783675464318
70656,0.01593640879765397
70912,0.01592003391984359
71168,0.01590465904203324
71424,0.01589328416422288
71680,0.015881909286412504
71936,0.01587653440860215
72192,0.01586915953079178
72448,0.015857784652981433
72704,0.015845409775171057
72960,0.0158360348973607
73216,0.015829660019550343
73472,0.015821285141739985
73728,0.015814910263929616
73984,0.015805535386119257
74240,0.015798160508308887
74496,0.015788785630498542
74752,0.01578141075268817
75008,0.01577803587487782
75264,0.01577266099706745
75520,0.015764286119257093
75776,0.015758911241446724
76032,0.015749536363636366
76288,0.015736161485826003
76544,0.015727786608015645
76800,0.015721411730205276
77056,0.015717036852394922
77312,0.015711661974584554
77568,0.0157062870967742
77824,0.01569991221896383
78080,0.01569453734115346
78336,0.015690162463343107
78592,0.015683787585532738
78848,0.015677412707722382
79104,0.015672037829912014
79360,0.015664662952101657
79616,0.01565928807429129
79872,0.015655913196480936
80128,0.01565153831867057
80384,0.015647163440860215
80640,0.015641788563049847
80896,0.015637413685239493
81152,0.015632038807429124
81408,0.015623663929618767
81664,0.0156192890518084
81920,0.015614914173998046
82176,0.015609539296187677
82432,0.01560216441837732
82688,0.015596789540566952
82944,0.015592414662756598
83200,0.015588039784946231
83456,0.015583664907135877
83712,0.01557929002932551
83968,0.015572915151515154
84224,0.015565540273704784
84480,0.015561165395894416
84736,0.015557790518084064
84992,0.015555415640273698
85248,0.015553040762463347
85504,0.015555665884652972
85760,0.015559291006842613
86016,0.015562916129032253
86272,0.015567541251221895
86528,0.015573166373411523
86784,0.01557879149560118
87040,0.015584416617790808
87296,0.01559004173998045
87552,0.01559566686217008
87808,0.015600291984359721
88064,0.015603917106549361
88320,0.015609542228739004
88576,0.015614167350928632
88832,0.015618792473118287
89088,0.015623417595307915
89344,0.015629042717497557
89600,0.015634667839687186
89856,0.015641292961876843
90112,0.015646918084066472
90368,0.015652543206256114
90624,0.015658168328445743
90880,0.01566379345063537
91136,0.015669418572825028
91392,0.015673043695014655
91648,0.015678668817204297
91904,0.015683293939393925
92160,0.01568791906158358
92416,0.015691544183773207
92672,0.01569416930596286
92928,0.01569979442815249
93184,0.015702419550342128
93440,0.015705044672531768
93696,0.015708669794721408
93952,0.015712294916911035
94208,0.01571592003910069
94464,0.01572254516129032
94720,0.01572717028347996
94976,0.01573279540566959
95232,0.015737420527859244
95488,0.01574004565004887
95744,0.01574367077223851
96000,0.015748295894428152
96256,0.015752921016617794
96512,0.01575754613880742
96768,0.015761171260997076
97024,0.015765796383186703
97280,0.015771421505376332
97536,0.015776046627565973
97792,0.015781671749755616
98048,0.015786296871945257
98304,0.015789921994134884
98560,0.01579454711632454
98816,0.015800172238514168
99072,0.01580579736070381
99328,0.015810422482893438
99584,0.015814047605083092
99840,0.01581767272727272
100096,0.01582229784946236
100352,0.015827922971652003
100608,0.015832548093841645
100864,0.015839173216031274
101120,0.015844798338220917
101376,0.015848423460410557
101632,0.0158540485826002
101888,0.015858673704789827
102144,0.01586429882697947
102400,0.0158699239491691
102656,0.015874549071358754
102912,0.015880174193548383
103168,0.015886799315738026
103424,0.015891424437927654
103680,0.015896049560117295
103936,0.015900674682306937
104192,0.015905299804496564
104448,0.01590892492668622
104704,0.015925040469208215
104960,0.015935280938416424
105216,0.015944521407624646
105472,0.015954761876832854
105728,0.015965002346041063
105984,0.01597424281524927
106240,0.015983483284457492
106496,0.0159927237536657
106752,0.016001964222873907
107008,0.016011204692082115
107264,0.016019445161290335
107520,0.01602668563049854
107776,0.01603492609970676
108032,0.016042166568914967
108288,0.016048407038123158
108544,0.01605764750733138
108800,0.016063887976539584
109056,0.016072128445747805
109312,0.016081368914956012
109568,0.016088609384164218
109824,0.01609684985337244
110080,0.016104090322580644
110336,0.016110330791788863
110592,0.01611857126099707
110848,0.016124811730205288
111104,0.016132052199413494
111360,0.0161402926686217
111616,0.01614853313782992
111872,0.016156773607038127
112128,0.016165014076246334
112384,0.016172254545454554
112640,0.016178495014662758
112896,0.016185735483870978
113152,0.016191975953079182
113408,0.016199216422287402
113664,0.016206456891495608
113920,0.016213697360703827
114176,0.016220937829912033
114432,0.016227178299120237
114688,0.016231418768328454
114944,0.016237659237536672
115200,0.016242899706744876
115456,0.01624914017595308
115712,0.016255380645161285
115968,0.016261621114369504
116224,0.01626786158357771
116480,0.01627710205278593
116736,0.016286342521994138
116992,0.016295582991202345
117248,0.016304823460410553
117504,0.016314063929618774
117760,0.01632230439882698
118016,0.016330544868035188
118272,0.016337785337243407
118528,0.016344025806451612
118784,0.01635126627565983
119040,0.01636050674486804
119296,0.016369747214076247
119552,0.016377987683284467
119808,0.016385228152492673
120064,0.01639146862170089
120320,0.016399709090909098
120576,0.016407949560117305
120832,0.016417190029325526
121088,0.016426430498533734
121344,0.016436670967741943
121600,0.016444911436950163
121856,0.01645315190615837
122112,0.016461392375366576
122368,0.016468632844574796
122624,0.016475873313783
122880,0.016482113782991206
123136,0.016489354252199412
123392,0.01649759472140762
123648,0.01650683519061584
123904,0.016515075659824047
124160,0.016522316129032252
124416,0.01652855659824047
124672,0.01653779706744868
124928,0.0165470375366569
125184,0.016556278005865108
125440,0.016564518475073314
125696,0.016572758944281535
125952,0.01658099941348974
126208,0.01659023988269795
126464,0.01659848035190617
126720,0.016607720821114377
126976,0.016616961290322585
127232,0.016626201759530793
127488,0.016634442228739013
127744,0.01664368269794722
128000,0.01665392316715543
128256,0.01666216363636365
128512,0.016671404105571858
128768,0.016679644574780064
129024,0.016689885043988287
129280,0.016699125513196494
129536,0.016708365982404702
129792,0.01671560645161292
130048,0.016724846920821115
130304,0.016733087390029322
130560,0.016741327859237543
130816,0.01674956832844575
131072,0.016757808797653956
131328,0.016766049266862176
131584,0.016773289736070382
131840,0.01678153020527859
132096,0.016788770674486808
132352,0.016798011143695016
132608,0.016805251612903235
132864,0.01681249208211144
133120,0.016820732551319648
133376,0.016827973020527867
133632,0.016835213489736073
133888,0.016843453958944293
134144,0.0168516944281525
134400,0.016860934897360708
134656,0.01687017536656893
134912,0.016878415835777136
135168,0.016886656304985342
135424,0.016894896774193563
135680,0.01690313724340177
135936,0.016911377712609976
136192,0.016919618181818197
136448,0.016926858651026402
136704,0.016934099120234622
136960,0.01694233958944283
137216,0.01695058005865102
137472,0.016958820527859242
137728,0.01696706099706745
137984,0.016975301466275655
138240,0.016982541935483875
138496,0.016991782404692082
138752,0.01700002287390029
139008,0.01700826334310851
139264,0.017017503812316717
139520,0.017025744281524924
139776,0.017033984750733144
140032,0.01704222521994135
140288,0.01705046568914957
140544,0.017058706158357778
140800,0.017066946627565985
141056,0.017076187096774206
141312,0.017085427565982414
141568,0.01709466803519062
141824,0.01710390850439883
142080,0.017109148973607047
142336,0.01711538944281525
142592,0.01712062991202347
142848,0.017125870381231686
143104,0.017133110850439892
143360,0.0171303513196481
143616,0.017124591788856322
143872,0.01708383225806452
144128,0.01698007272727274
144384,0.016681313196480946
144640,0.016398553665689153
144896,0.01613079413489736
145152,0.015848034604105568
145408,0.015567275073313791
145664,0.015396515542521999
145920,0.0152887560117302
146176,0.015298996480938423
146432,0.01530723695014663
146688,0.015315477419354837
146944,0.015325717888563059
147200,0.015335958357771268
147456,0.015346198826979476
147712,0.015355439296187684
147968,0.015364679765395906
148224,0.015373920234604113
148480,0.01538316070381232
148736,0.015391401173020541
148992,0.015400641642228749
149248,0.015410882111436958
149504,0.015421122580645166
149760,0.015431363049853389
150016,0.015441603519061597
150272,0.015450843988269805
150528,0.015460084457478013
150784,0.015468324926686233
151040,0.01547656539589444
151296,0.015484805865102647
151552,0.015493046334310867
151808,0.015500286803519073
152064,0.015507527272727278
152320,0.015514767741935484
152576,0.015524008211143692
152832,0.015532248680351912
153088,0.015540489149560119
153344,0.015548729618768325
153600,0.015557970087976547
153856,0.015566210557184754
154112,0.01557445102639296
154368,0.01558169149560118
154624,0.015588931964809385
154880,0.015596172434017605
155136,0.01560341290322581
155392,0.01560965337243403
155648,0.015617893841642236
155904,0.01562513431085044
156160,0.01563237478005866
156416,0.015638615249266866
156672,0.015643855718475083
156928,0.015657859433040072
157184,0.015658818866080157
157440,0.015655778299120238
157696,0.015654737732160307
157952,0.01565469716520039
158208,0.015656656598240476
158464,0.01565961603128055
158720,0.015660575464320634
158976,0.015661534897360704
159232,0.015661494330400788
159488,0.015661453763440858
159744,0.015663413196480944
160000,0.015665372629521016
160256,0.01566833206256109
160512,0.015669291495601173
160768,0.015670250928641258
161024,0.01567021036168134
161280,0.015672169794721413
161536,0.015674129227761485
161792,0.01567408866080157
162048,0.01567504809384164
162304,0.015677007526881725
162560,0.015678966959921797
162816,0.01568092639296187
163072,0.015682885826001955
163328,0.015684845259042027
163584,0.01568580469208211
163840,0.015686764125122196
164096,0.015688723558162268
164352,0.015689682991202353
164608,0.015691642424242425
164864,0.015694601857282497
165120,0.015697561290322584
165376,0.015699520723362656
165632,0.01570248015640273
165888,0.015704439589442815
166144,0.0157063990224829
166400,0.015709358455522973
166656,0.015710317888563058
166912,0.01571227732160313
167168,0.0157132367546432
167424,0.015714196187683285
167680,0.015714155620723355
167936,0.01571611505376344
168192,0.015718074486803513
168448,0.015721033919843586
168704,0.015723993352883672
168960,0.015725952785923758
169216,0.015729912218963832
169472,0.015733871652003906
169728,0.015737831085043993
169984,0.015741790518084067
170240,0.01574374995112414
170496,0.015746709384164226
170752,0.015748668817204298
171008,0.01575262825024437
171264,0.015756587683284445
171520,0.015759547116324532
171776,0.01576250654936462
172032,0.01576546598240469
172288,0.015767425415444777
172544,0.01577038484848485
172800,0.015773344281524923
173056,0.015777303714564997
173312,0.015781263147605085
173568,0.015783222580645156
173824,0.015781182013685238
174080,0.015771141446725312
174336,0.015754100879765406
174592,0.015734060312805484
174848,0.015714019745845548
175104,0.015690979178885636
175360,0.015660938611925704
175616,0.015629898044965784
175872,0.015598857478005865
176128,0.015566816911045944
176384,0.015533776344086009
176640,0.015500735777126087
176896,0.015464695210166163
177152,0.015427654643206265
177408,0.015401614076246337
177664,0.015379573509286412
177920,0.015369532942326486
178176,0.015357492375366572
178432,0.015343451808406641
178688,0.015335411241446717
178944,0.015330370674486796
179200,0.015328330107526877
179456,0.015327289540566946
179712,0.015326248973607043
179968,0.015325208406647126
180224,0.015325167839687195
180480,0.01532512727272728
180736,0.015325086705767349
180992,0.015325046138807433
181248,0.015325005571847503
181504,0.015324965004887586
181760,0.015322924437927654
182016,0.015321883870967737
182272,0.015321843304007807
182528,0.015321802737047904
182784,0.015322762170087975
183040,0.015321721603128058
183296,0.015321681036168128
183552,0.01532064046920821
183808,0.01531959990224828
184064,0.015319559335288363
184320,0.015320518768328434
184576,0.015321478201368519
184832,0.015321437634408588
185088,0.015321397067448686
185344,0.015318356500488767
185600,0.015318315933528837
185856,0.015319275366568907
186112,0.01531823479960899
186368,0.015318194232649074
186624,0.015317153665689143
186880,0.015316113098729225
187136,0.015315072531769294
187392,0.015315031964809378
187648,0.015313991397849447
187904,0.015311950830889542
188160,0.015310910263929625
188416,0.015310869696969695
188672,0.015308829130009777
188928,0.015307788563049846
189184,0.015306747996089928
189440,0.015305707429129997
189696,0.015306666862170082
189952,0.015306626295210152
190208,0.015306585728250235
190464,0.015304545161290331
190720,0.015304504594330401
190976,0.015303464027370484
191232,0.015304423460410554
191488,0.015304382893450638
191744,0.015303342326490707
192000,0.01530230175953079
192256,0.01530326119257086
192512,0.015303220625610944
192768,0.015303180058651014
193024,0.015302139491691097
193280,0.01530209892473118
193536,0.015302058357771264
193792,0.015301017790811333
194048,0.015299977223851416
194304,0.015299936656891486
194560,0.015298896089931568
194816,0.015297855522971651
195072,0.015297814956011721
195328,0.015298774389051806
195584,0.015297733822091875
195840,0.015296693255131971
196096,0.015296652688172041
196352,0.015296612121212125
196608,0.015295571554252194
196864,0.015294530987292276
197120,0.015294490420332346
197376,0.015295449853372431
197632,0.015296409286412502
197888,0.015296368719452585
198144,0.015296328152492655
198400,0.015295287585532738
198656,0.015295247018572822
198912,0.015295206451612905
199168,0.015295165884652975
199424,0.01529612531769306
199680,0.01529608475073313
199936,0.015295044183773213
200192,0.015295003616813282
200448,0.015295963049853367
200704,0.015299922482893441
200960,0.015303881915933515
201216,0.015307841348973603
201472,0.015312800782013691
201728,0.015316760215053765
201984,0.01532171964809384
202240,0.015325679081133914
202496,0.015330638514173989
202752,0.015334597947214063
203008,0.01533755738025415
203264,0.015341516813294223
203520,0.015346476246334298
203776,0.015350435679374372
204032,0.015354395112414473
204288,0.015359354545454548
204544,0.015363313978494622
204800,0.015366273411534695
205056,0.015369232844574768
205312,0.015373192277614856
205568,0.01537715171065493
205824,0.015381111143695003
206080,0.015385070576735077
206336,0.015390030009775152
206592,0.015394989442815254
206848,0.015398948875855328
207104,0.015402908308895402
207360,0.015406867741935476
207616,0.015411827174975551
207872,0.015415786608015639
208128,0.015418746041055711
208384,0.015422705474095785
208640,0.01542666490713586
208896,0.015430624340175947
209152,0.015429199217986314
209408,0.015428298435972626
209664,0.015426397653958937
209920,0.015425496871945249
210176,0.015422596089931573
210432,0.015420695307917884
210688,0.015418794525904195
210944,0.015416893743890506
211200,0.01541499296187683
211456,0.015413092179863155
211712,0.015410191397849465
211968,0.015407290615835775
212224,0.015400389833822095
212480,0.0153924890518084
212736,0.015381588269794716
212992,0.01536968748778103
213248,0.015353786705767342
213504,0.015343885923753658
213760,0.015339985141739981
214016,0.01533608435972629
214272,0.0153321835777126
214528,0.015327282795698921
214784,0.01532338201368523
215040,0.01532048123167154
215296,0.015316580449657863
215552,0.015313679667644173
215808,0.015310778885630497
216064,0.01530687810361682
216320,0.015301977321603127
216576,0.015299076539589437
216832,0.01529517575757576
217088,0.01529127497556207
217344,0.015288374193548379
217600,0.015285473411534703
217856,0.015282572629521013
218112,0.015278671847507322
218368,0.015274771065493645
218624,0.015271870283479955
218880,0.015268969501466265
219136,0.015266068719452588
219392,0.015263167937438898
219648,0.01526126715542521
219904,0.01525836637341152
220160,0.015255465591397857
220416,0.015253564809384168
220672,0.015251664027370479
220928,0.01524976324535679
221184,0.015247862463343115
221440,0.015246961681329427
221696,0.015245060899315738
221952,0.01524416011730205
222208,0.015243259335288362
222464,0.015242358553274674
222720,0.015240457771260998
222976,0.015237556989247308
223232,0.01523565620723362
223488,0.01523275542521993
223744,0.015230854643206254
224000,0.015228953861192565
224256,0.015228053079178877
224512,0.015226152297165202
224768,0.015225251515151514
225024,0.015223350733137825
225280,0.01522144995112415
225536,0.015220549169110462
225792,0.015219648387096774
226048,0.015217747605083085
226304,0.015216846823069397
226560,0.015214946041055721
226816,0.015213045259042032
227072,0.015212144477028344
227328,0.015210243695014655
227584,0.015207342913000965
227840,0.015200442130987285
228096,0.015194541348973606
228352,0.015190640566959915
228608,0.015186739784946224
228864,0.015181839002932546
229120,0.015177938220918868
229376,0.015175037438905178
229632,0.015171136656891501
229888,0.01516723587487781
230144,0.01516433509286412
230400,0.015163434310850432
230656,0.015161533528836757
230912,0.015159632746823068
231168,0.015156731964809378
231424,0.015154831182795689
231680,0.015152930400782014
231936,0.015151029618768325
232192,0.015149128836754636
232448,0.015147228054740947
232704,0.015146327272727259
232960,0.015145426490713584
233216,0.015143525708699895
233472,0.01514162492668622
233728,0.015139724144672531
233984,0.015137823362658842
234240,0.015136922580645168
234496,0.015135021798631479
234752,0.01513412101661779
235008,0.015133220234604103
235264,0.015132319452590415
235520,0.015132418670576728
235776,0.015130517888563039
236032,0.015128617106549364
236288,0.015127716324535675
236544,0.015125815542521986
236800,0.015123914760508297
237056,0.01512301397849461
237312,0.015121113196480934
237568,0.015119212414467245
237824,0.01511731163245357
238080,0.015115410850439881
238336,0.015113510068426206
238592,0.015112609286412518
238848,0.015110708504398829
239104,0.01510880772238514
239360,0.015107906940371452
239616,0.015107006158357764
239872,0.015105105376344088
240128,0.0151042045943304
240384,0.015102303812316711
240640,0.015100403030303022
240896,0.015099502248289334
241152,0.015097601466275659
241408,0.01509570068426197
241664,0.015093799902248281
241920,0.015091899120234592
242176,0.015089998338220903
242432,0.015089097556207243
242688,0.015087196774193554
242944,0.015086295992179866
243200,0.015085395210166178
243456,0.01508449442815249
243712,0.0150825936461388
243968,0.015081692864125126
244224,0.015080792082111438
244480,0.01507889130009775
244736,0.01507699051808406
244992,0.015076089736070372
245248,0.015074188954056683
245504,0.015072288172043008
245760,0.015070387390029319
246016,0.01506848660801563
246272,0.01506658582600194
246528,0.015065685043988253
246784,0.015063784261974592
247040,0.015061883479960902
247296,0.015059982697947213
247552,0.015058081915933524
247808,0.015057181133919836
248064,0.015056280351906162
248320,0.015055379569892474
248576,0.015053478787878785
248832,0.015052578005865097
249088,0.015051677223851409
249344,0.015050776441837721
249600,0.015048875659824046
249856,0.015046974877810357
250112,0.015045074095796668
250368,0.015043173313782979
250624,0.015041272531769304
250880,0.015039371749755615
251136,0.01503747096774194
251392,0.01503557018572825
251648,0.015033669403714561
251904,0.015031768621700886
252160,0.015029867839687197
252416,0.015027967057673508
252672,0.015026066275659819
252928,0.015025165493646131
253184,0.015024264711632457
253440,0.015023363929618769
253696,0.01502146314760508
253952,0.015020562365591392
254208,0.015018661583577703
254464,0.015016760801564014
254720,0.01501586001955034
254976,0.01501395923753665
255232,0.015012058455522961
255488,0.015010157673509272
255744,0.015009256891495598
256000,0.015007356109481923
256256,0.015005455327468234
256512,0.015003554545454545
256768,0.015001653763440856
257024,0.014999752981427167
257280,0.014997852199413492
257536,0.014995951417399803
257792,0.014994050635386114
258048,0.014992149853372425
258304,0.014991249071358737
258560,0.014989348289345061
258816,0.014987447507331372
259072,0.014986546725317684
259328,0.014985645943303996
259584,0.014984745161290308
259840,0.014982844379276633
260096,0.014980943597262958
260352,0.014979042815249269
260608,0.01497814203323558
260864,0.014976241251221892
261120,0.014975340469208218
