cache_lines,MRC
256,0.1134065
512,0.07110559999999999
768,0.030653399999999997
1024,0.0246073
1280,0.022173399999999996
1536,0.021777399999999995
1792,0.0213324
2048,0.0212868
2304,0.021275499999999996
2560,0.021264899999999996
2816,0.0212554
3072,0.0211193
3328,0.0209955
3584,0.0209774
3840,0.020905599999999996
4096,0.020817799999999997
4352,0.020808299999999995
4608,0.0206634
4864,0.0206538
5120,0.0206441
5376,0.0206311
5632,0.020505299999999997
5888,0.0204955
6144,0.0204851
6400,0.020473199999999997
6656,0.0204605
6912,0.0204484
7168,0.0204048
7424,0.020333499999999997
7680,0.0202863
7936,0.0202682
8192,0.0200264
8448,0.0200049
8704,0.0199866
8960,0.0199702
9216,0.019954
9472,0.019936299999999997
9728,0.0199195
9984,0.0199017
10240,0.019882699999999996
10496,0.0198631
10752,0.019840699999999996
11008,0.019821399999999996
11264,0.0198025
11520,0.019782799999999996
11776,0.019760399999999997
12032,0.0197385
12288,0.0197159
12544,0.0196476
12800,0.019523199999999998
13056,0.0193973
13312,0.0193269
13568,0.01928
13824,0.019240099999999996
14080,0.019181499999999997
14336,0.0191328
14592,0.0189529
14848,0.0187805
15104,0.0186403
15360,0.018597399999999997
15616,0.018556299999999998
15872,0.018516099999999997
16128,0.018476999999999997
16384,0.018438499999999997
16640,0.0183971
16896,0.018354899999999997
17152,0.018312699999999998
17408,0.018270799999999997
17664,0.0182296
17920,0.0181905
18176,0.018146699999999998
18432,0.018084299999999998
18688,0.0179784
18944,0.017892799999999997
19200,0.0177931
19456,0.0177258
19712,0.0176715
19968,0.0176226
20224,0.017572099999999997
20480,0.0175256
20736,0.017477399999999997
20992,0.0174268
21248,0.0173796
21504,0.0171348
21760,0.017088199999999998
22016,0.0170401
22272,0.0169952
22528,0.016944499999999998
22784,0.016897299999999997
23040,0.0168431
23296,0.016797999999999997
23552,0.0167522
23808,0.0167099
24064,0.0166663
24320,0.016623399999999997
24576,0.0165791
24832,0.0165294
25088,0.016481799999999998
25344,0.016439699999999998
25600,0.0164027
25856,0.0163664
26112,0.016331799999999997
26368,0.018063799999999998
26624,0.018028199999999998
26880,0.0179959
27136,0.017962899999999997
27392,0.017927399999999996
27648,0.017897099999999996
27904,0.0178692
28160,0.0178394
28416,0.017558799999999996
28672,0.017238699999999996
28928,0.017194099999999997
29184,0.017170399999999995
29440,0.0171471
29696,0.0171237
29952,0.017101699999999997
30208,0.017078799999999998
30464,0.017057599999999996
30720,0.017035299999999996
30976,0.017015199999999998
31232,0.016994999999999996
31488,0.016975699999999996
31744,0.016957399999999997
32000,0.016938999999999996
32256,0.016920499999999998
32512,0.016902599999999997
32768,0.016886899999999996
33024,0.016870999999999997
33280,0.016855299999999997
33536,0.016839699999999996
33792,0.016825699999999996
34048,0.016812699999999996
34304,0.016798199999999996
34560,0.016784099999999996
34816,0.016771299999999996
35072,0.016758399999999996
35328,0.016743799999999996
35584,0.016731999999999997
35840,0.016718999999999998
36096,0.016707999999999997
36352,0.016695799999999997
36608,0.016685199999999997
36864,0.016675499999999996
37120,0.016663599999999997
37376,0.0166324
37632,0.016598099999999998
37888,0.016584599999999998
38144,0.016575499999999996
38400,0.016520599999999996
38656,0.0164858
38912,0.016467499999999996
39168,0.016457899999999998
39424,0.0164151
39680,0.016384199999999998
39936,0.016364699999999996
40192,0.016355899999999996
40448,0.016333399999999998
40704,0.016299599999999997
40960,0.016292499999999998
41216,0.016286999999999996
41472,0.016281599999999997
41728,0.016276399999999996
41984,0.0162714
42240,0.0162667
42496,0.016261899999999996
42752,0.016257099999999997
43008,0.016251799999999997
43264,0.016247599999999997
43520,0.0162439
43776,0.016238999999999996
44032,0.016234499999999995
44288,0.016230099999999997
44544,0.016225699999999996
44800,0.016221499999999996
45056,0.016216899999999996
45312,0.016212699999999997
45568,0.016208399999999998
45824,0.016205099999999997
46080,0.016200599999999996
46336,0.016194199999999995
46592,0.016190799999999998
46848,0.016187699999999996
47104,0.0161843
47360,0.0161808
47616,0.016176999999999997
47872,0.016170799999999996
48128,0.016165099999999998
48384,0.0161551
48640,0.016149699999999996
48896,0.016144199999999997
49152,0.016139399999999998
49408,0.016134599999999995
49664,0.016128499999999997
49920,0.016123999999999996
50176,0.016118499999999997
50432,0.016112399999999995
50688,0.016106199999999998
50944,0.0161002
51200,0.016094299999999995
51456,0.016088699999999997
51712,0.0160833
51968,0.016078099999999998
52224,0.016072899999999998
52480,0.016303699999999997
52736,0.0162987
52992,0.0162941
53248,0.016288699999999996
53504,0.016283399999999996
53760,0.016278099999999997
54016,0.016273399999999997
54272,0.0162684
54528,0.016263499999999997
54784,0.016258699999999997
55040,0.0162537
55296,0.016248899999999997
55552,0.016243999999999998
55808,0.0162397
56064,0.0162351
56320,0.016229699999999996
56576,0.016224699999999998
56832,0.016220199999999997
57088,0.016215599999999997
57344,0.016210799999999997
57600,0.016205699999999996
57856,0.016200899999999997
58112,0.016196399999999996
58368,0.016191399999999998
58624,0.016186899999999997
58880,0.0161831
59136,0.0161796
59392,0.016176
59648,0.016173899999999998
59904,0.016172299999999997
60160,0.0161709
60416,0.016169399999999997
60672,0.016167699999999997
60928,0.016165999999999996
61184,0.0161644
61440,0.016162799999999998
61696,0.016161
61952,0.0161592
62208,0.016157499999999998
62464,0.0161557
62720,0.016154099999999998
62976,0.016152399999999997
63232,0.016151
63488,0.016149399999999998
63744,0.0161475
64000,0.016146099999999997
64256,0.0161446
64512,0.016143199999999996
64768,0.016141499999999996
65024,0.016140099999999998
65280,0.016138499999999997
65536,0.0161369
65792,0.016134999999999997
66048,0.016132999999999998
66304,0.016131299999999998
66560,0.01613
66816,0.016128399999999998
67072,0.016127
67328,0.016125399999999998
67584,0.016123899999999997
67840,0.0161223
68096,0.016120699999999998
68352,0.016119299999999996
68608,0.0161176
68864,0.016115699999999997
69120,0.0161141
69376,0.0161125
69632,0.016110499999999996
69888,0.0161083
70144,0.0161059
70400,0.0161037
70656,0.016100899999999998
70912,0.016099
71168,0.016097099999999996
71424,0.0160954
71680,0.016093399999999997
71936,0.016091199999999996
72192,0.016088899999999996
72448,0.0160856
72704,0.016080999999999998
72960,0.016078199999999997
73216,0.016076399999999998
73472,0.0160744
73728,0.016072299999999998
73984,0.0160703
74240,0.016067799999999997
74496,0.0160656
74752,0.016063199999999996
75008,0.016060799999999997
75264,0.0160587
75520,0.0160563
75776,0.016054399999999996
76032,0.016052099999999996
76288,0.016049599999999997
76544,0.016047199999999998
76800,0.016044799999999998
77056,0.0160423
77312,0.01604
77568,0.016037799999999998
77824,0.016035499999999998
78080,0.016033099999999998
78336,0.0160301
78592,0.0161083
78848,0.0161058
79104,0.0161033
79360,0.0161007
79616,0.0160981
79872,0.0160959
80128,0.0160941
80384,0.0160918
80640,0.0160896
80896,0.0160875
81152,0.0160853
81408,0.0160832
81664,0.0160813
81920,0.0160793
82176,0.0160771
82432,0.016075100000000002
82688,0.0160729
82944,0.0160706
83200,0.0160685
83456,0.0160665
83712,0.0160648
83968,0.0160628
84224,0.016061
84480,0.0160591
84736,0.016057000000000002
84992,0.0160553
85248,0.016053500000000002
85504,0.0160515
85760,0.0160497
86016,0.0160479
86272,0.0160463
86528,0.0160444
86784,0.0160426
87040,0.0160407
87296,0.0160386
87552,0.0160365
87808,0.0160343
88064,0.016032
88320,0.0160302
88576,0.0160283
88832,0.016026
89088,0.0160238
89344,0.0160219
89600,0.0160203
89856,0.0160187
90112,0.016016700000000002
90368,0.0160148
90624,0.0160131
90880,0.0160115
91136,0.0160103
91392,0.016009100000000002
91648,0.0160071
91904,0.016006
92160,0.0160043
92416,0.0160026
92672,0.016
92928,0.0159964
93184,0.0159917
93440,0.0159859
93696,0.0159814
93952,0.0159771
94208,0.0159734
94464,0.0159689
94720,0.0159656
94976,0.0159617
95232,0.0159579
95488,0.0159538
95744,0.0159498
96000,0.0159462
96256,0.015942500000000002
96512,0.0159381
96768,0.015934
97024,0.0159303
97280,0.0159265
97536,0.0159229
97792,0.0159193
98048,0.0159156
98304,0.0159121
98560,0.015908
98816,0.0159043
99072,0.0159006
99328,0.0158968
99584,0.0158929
99840,0.0158892
100096,0.0158852
100352,0.0158812
100608,0.0158775
100864,0.0158736
101120,0.0158697
101376,0.0158664
101632,0.0158623
101888,0.0158585
102144,0.0158549
102400,0.0158511
102656,0.0158477
102912,0.0158437
103168,0.0158396
103424,0.0158354
103680,0.0158317
103936,0.015828000000000002
104192,0.0158238
104448,0.0158205
104704,0.015971999999999997
104960,0.015967899999999997
105216,0.015964199999999998
105472,0.015960299999999997
105728,0.0159565
105984,0.015952799999999996
106240,0.015948999999999998
106496,0.015945199999999996
106752,0.015942199999999997
107008,0.015938699999999997
107264,0.0159354
107520,0.0159319
107776,0.0159284
108032,0.015925199999999997
108288,0.015921599999999998
108544,0.015918299999999996
108800,0.015915
109056,0.015911799999999997
109312,0.015908
109568,0.015904699999999997
109824,0.015901299999999997
110080,0.015896599999999997
110336,0.0158909
110592,0.015887899999999996
110848,0.015883799999999997
111104,0.015879699999999997
111360,0.015876199999999997
111616,0.015872699999999997
111872,0.0158699
112128,0.015866799999999997
112384,0.0158635
112640,0.015859799999999997
112896,0.015855599999999997
113152,0.015852099999999997
113408,0.015848799999999996
113664,0.0158454
113920,0.015842199999999997
114176,0.015838599999999998
114432,0.0158349
114688,0.015831599999999998
114944,0.0158285
115200,0.015824799999999997
115456,0.0158215
115712,0.015818199999999998
115968,0.015814799999999997
116224,0.015811299999999997
116480,0.0158086
116736,0.0158057
116992,0.015802599999999997
117248,0.015798999999999997
117504,0.015795599999999996
117760,0.0157923
118016,0.015789099999999997
118272,0.0157858
118528,0.0157824
118784,0.015779099999999997
119040,0.015775799999999996
119296,0.015772799999999997
119552,0.015769599999999998
119808,0.015766
120064,0.015762599999999998
120320,0.015759299999999997
120576,0.015756499999999996
120832,0.015753499999999997
121088,0.0157501
121344,0.0157467
121600,0.015743399999999998
121856,0.0157403
122112,0.015737199999999996
122368,0.015734299999999996
122624,0.015731799999999997
122880,0.015729599999999996
123136,0.015727599999999998
123392,0.015725799999999998
123648,0.0157245
123904,0.0157234
124160,0.015722399999999997
124416,0.015721399999999996
124672,0.0157204
124928,0.015719399999999998
125184,0.015718399999999997
125440,0.0157175
125696,0.015716699999999997
125952,0.0157157
126208,0.0157145
126464,0.0157133
126720,0.0157122
126976,0.015711199999999998
127232,0.015710199999999997
127488,0.0157093
127744,0.015708499999999997
128000,0.015707799999999997
128256,0.015706799999999996
128512,0.015705699999999996
128768,0.015704799999999998
129024,0.015703599999999998
129280,0.0157023
129536,0.015701299999999998
129792,0.015700299999999997
130048,0.0156994
130304,0.015698499999999997
130560,0.015697499999999996
130816,0.015744
131072,0.0157429
131328,0.0157419
131584,0.015741
131840,0.0157401
132096,0.0157393
132352,0.0157384
132608,0.0157374
132864,0.0157364
133120,0.0157354
133376,0.0157344
133632,0.0157334
133888,0.0157325
134144,0.015731600000000002
134400,0.0157308
134656,0.0157297
134912,0.0157287
135168,0.0157278
135424,0.015727
135680,0.0157261
135936,0.0157251
136192,0.0157242
136448,0.0157233
136704,0.0157223
136960,0.0157213
137216,0.0157202
137472,0.0157191
137728,0.0157181
137984,0.0157172
138240,0.0157162
138496,0.0157154
138752,0.0157144
139008,0.0157134
139264,0.0157122
139520,0.0157108
139776,0.0157096
140032,0.0157084
140288,0.0157074
140544,0.0157063
140800,0.015705
141056,0.0157036
141312,0.0157023
141568,0.0157012
141824,0.0156998
142080,0.0156982
142336,0.0156969
142592,0.0156956
142848,0.0156944
143104,0.0156931
143360,0.0156919
143616,0.0156905
143872,0.0156892
144128,0.0156881
144384,0.0156868
144640,0.0156852
144896,0.015684
145152,0.0156829
145408,0.0156817
145664,0.0156805
145920,0.0156793
146176,0.0156781
146432,0.015677
146688,0.015676
146944,0.015675
147200,0.0156741
147456,0.0156732
147712,0.0156722
147968,0.0156712
148224,0.0156702
148480,0.015669100000000002
148736,0.0156681
148992,0.015667
149248,0.015665600000000002
149504,0.0156644
149760,0.0156633
150016,0.0156621
150272,0.015660900000000002
150528,0.01566
150784,0.0156586
151040,0.0156571
151296,0.0156556
151552,0.0156542
151808,0.0156528
152064,0.0156513
152320,0.01565
152576,0.0156486
152832,0.0156473
153088,0.0156461
153344,0.015645
153600,0.0156438
153856,0.0156426
154112,0.0156414
154368,0.0156404
154624,0.0156391
154880,0.0156376
155136,0.0156362
155392,0.0156346
155648,0.0156327
155904,0.015631
156160,0.0156294
156416,0.0156278
156672,0.0156263
156928,0.015690700000000002
157184,0.015689
157440,0.0156873
157696,0.0156858
157952,0.0156843
158208,0.0156827
158464,0.0156811
158720,0.0156794
158976,0.0156778
159232,0.0156762
159488,0.0156744
159744,0.0156728
160000,0.0156713
160256,0.0156697
160512,0.0156681
160768,0.0156664
161024,0.0156648
161280,0.0156632
161536,0.0156616
161792,0.01566
162048,0.0156584
162304,0.0156567
162560,0.0156549
162816,0.0156531
163072,0.0156515
163328,0.0156502
163584,0.0156485
163840,0.0156467
164096,0.0156448
164352,0.015643
164608,0.015641
164864,0.015639
165120,0.0156369
165376,0.0156348
165632,0.0156327
165888,0.0156305
166144,0.0156286
166400,0.0156268
166656,0.0156252
166912,0.015623600000000001
167168,0.015622
167424,0.0156208
167680,0.0156197
167936,0.0156185
168192,0.015617200000000001
168448,0.015616000000000001
168704,0.015614800000000002
168960,0.015613499999999999
169216,0.015612299999999999
169472,0.0156111
169728,0.0156099
169984,0.0156085
170240,0.015607099999999999
170496,0.0156057
170752,0.015604
171008,0.0156021
171264,0.015600699999999999
171520,0.0155992
171776,0.0155976
172032,0.015596200000000001
172288,0.015594900000000002
172544,0.0155935
172800,0.0155922
173056,0.015591
173312,0.015589700000000001
173568,0.0155882
173824,0.015586700000000002
174080,0.0155854
174336,0.015584400000000002
174592,0.015583300000000001
174848,0.015582100000000002
175104,0.015580900000000002
175360,0.015579599999999999
175616,0.0155783
175872,0.015577
176128,0.0155754
176384,0.0155713
176640,0.0155684
176896,0.015567000000000001
177152,0.015565599999999999
177408,0.0155641
177664,0.0155624
177920,0.015560899999999999
178176,0.0155595
178432,0.015558100000000002
178688,0.0155566
178944,0.015555200000000002
179200,0.015553899999999999
179456,0.0155526
179712,0.015551599999999999
179968,0.0155507
180224,0.0155497
180480,0.0155486
180736,0.0155474
180992,0.015546
181248,0.0155445
181504,0.015543000000000001
181760,0.015541699999999999
182016,0.015540700000000001
182272,0.0155396
182528,0.0155385
182784,0.0155375
183040,0.0155946
183296,0.015593500000000003
183552,0.015592600000000002
183808,0.0155917
184064,0.015590600000000003
184320,0.015589600000000002
184576,0.0155887
184832,0.0155876
185088,0.015586600000000003
185344,0.015585900000000003
185600,0.015584900000000002
185856,0.015583800000000002
186112,0.015582700000000001
186368,0.0155817
186624,0.0155806
186880,0.015579600000000002
187136,0.015578500000000002
187392,0.015577300000000002
187648,0.015576000000000003
187904,0.015574400000000002
188160,0.015572800000000001
188416,0.0155712
188672,0.015569700000000002
188928,0.015568100000000001
189184,0.0155666
189440,0.015565200000000001
189696,0.015563800000000003
189952,0.015562200000000002
190208,0.0155607
190464,0.015559100000000003
190720,0.015557600000000001
190976,0.015556200000000003
191232,0.015555000000000003
191488,0.015553400000000002
191744,0.015551800000000001
192000,0.015550900000000003
192256,0.0155501
192512,0.015549200000000003
192768,0.015548200000000002
193024,0.0155473
193280,0.0155461
193536,0.0155449
193792,0.0155437
194048,0.015542300000000002
194304,0.0155408
194560,0.015539400000000002
194816,0.0155379
195072,0.0155362
195328,0.015535
195584,0.015533900000000003
195840,0.0155327
196096,0.0155314
196352,0.015529900000000003
196608,0.0155285
196864,0.015527200000000001
197120,0.015525800000000003
197376,0.0155245
197632,0.015523100000000001
197888,0.015521800000000002
198144,0.015520600000000002
198400,0.015519500000000002
198656,0.0155186
198912,0.015517600000000003
199168,0.015516400000000003
199424,0.015515200000000003
199680,0.015514100000000003
199936,0.015513000000000002
200192,0.015512000000000001
200448,0.0155105
200704,0.0155092
200960,0.015507900000000002
201216,0.015506600000000002
201472,0.015505300000000003
201728,0.015504400000000002
201984,0.015503300000000001
202240,0.015502100000000001
202496,0.015500700000000003
202752,0.0154994
203008,0.015498500000000002
203264,0.015497400000000001
203520,0.015496100000000002
203776,0.015494800000000003
204032,0.015493200000000002
204288,0.015491000000000001
204544,0.015489100000000002
204800,0.015487500000000001
205056,0.015485800000000001
205312,0.015484000000000001
205568,0.015481600000000002
205824,0.0154795
206080,0.015477500000000002
206336,0.0154643
206592,0.015452500000000001
206848,0.0154433
207104,0.0153983
207360,0.015341
207616,0.015292400000000001
207872,0.015244800000000003
208128,0.015198300000000001
208384,0.015161400000000002
208640,0.015119500000000001
208896,0.015051700000000001
209152,0.015243300000000003
209408,0.015242200000000003
209664,0.0152414
209920,0.015240600000000002
210176,0.015239800000000003
210432,0.015238900000000001
210688,0.015238000000000003
210944,0.015237400000000003
211200,0.015236600000000001
211456,0.015235800000000002
211712,0.015234900000000001
211968,0.015233900000000003
212224,0.015232900000000002
212480,0.015231900000000001
212736,0.015230800000000001
212992,0.015229600000000001
213248,0.0152285
213504,0.015227500000000003
213760,0.015226700000000001
214016,0.015225800000000003
214272,0.015224900000000001
214528,0.015223700000000001
214784,0.015222500000000002
215040,0.0152215
215296,0.015220500000000003
215552,0.015219400000000003
215808,0.015218400000000002
216064,0.015217300000000001
216320,0.015216000000000002
216576,0.015214900000000002
216832,0.015214000000000004
217088,0.0152128
217344,0.015211500000000001
217600,0.0152104
217856,0.0152092
218112,0.015207900000000002
218368,0.015206500000000003
218624,0.015205300000000003
218880,0.015204100000000003
219136,0.015202700000000001
219392,0.0152011
219648,0.015199600000000002
219904,0.015198300000000003
220160,0.015197200000000003
220416,0.015195500000000002
220672,0.0151941
220928,0.015193000000000003
221184,0.015191600000000001
221440,0.015190200000000003
221696,0.015188600000000002
221952,0.015187200000000003
222208,0.0151859
222464,0.015184500000000002
222720,0.015183100000000003
222976,0.015181600000000002
223232,0.015180300000000002
223488,0.015179200000000002
223744,0.015177800000000003
224000,0.015176100000000003
224256,0.015174400000000003
224512,0.015173
224768,0.015171700000000002
225024,0.015170400000000002
225280,0.0151684
225536,0.015166
225792,0.0151637
226048,0.0151619
226304,0.015160600000000002
226560,0.015159200000000003
226816,0.0151579
227072,0.0151567
227328,0.015155400000000001
227584,0.015154100000000002
227840,0.015153100000000001
228096,0.015152
228352,0.015151000000000003
228608,0.0151497
228864,0.015148400000000001
229120,0.015147000000000002
229376,0.015145700000000003
229632,0.015144300000000001
229888,0.015143000000000002
230144,0.015141600000000003
230400,0.015140000000000002
230656,0.015138500000000001
230912,0.015137000000000003
231168,0.0151356
231424,0.015134300000000002
231680,0.015132900000000003
231936,0.0151316
232192,0.015130300000000001
232448,0.015129000000000002
232704,0.015127600000000003
232960,0.0151263
233216,0.015124900000000002
233472,0.015123600000000003
233728,0.015122400000000003
233984,0.015121200000000003
234240,0.0151199
234496,0.015118400000000002
234752,0.015117
235008,0.015115600000000002
235264,0.015155299999999998
235520,0.015154099999999998
235776,0.015152899999999999
236032,0.015151799999999998
236288,0.015150699999999998
236544,0.015149499999999998
236800,0.015148299999999998
237056,0.015146999999999999
237312,0.0151457
237568,0.015144399999999997
237824,0.015143099999999998
238080,0.015141799999999999
238336,0.0151405
238592,0.015139199999999997
238848,0.015137899999999998
239104,0.015136599999999998
239360,0.015135299999999999
239616,0.0151341
239872,0.0151328
240128,0.015131499999999997
240384,0.015130199999999998
240640,0.015128899999999999
240896,0.0151277
241152,0.0151265
241408,0.0151253
241664,0.0151241
241920,0.015122799999999997
242176,0.015121599999999997
242432,0.015120399999999997
242688,0.015119299999999997
242944,0.0151183
243200,0.015117299999999998
243456,0.015116299999999997
243712,0.0151153
243968,0.015114299999999999
244224,0.015113299999999998
244480,0.015112299999999997
244736,0.0151113
244992,0.015110299999999998
245248,0.015109299999999997
245504,0.0151083
245760,0.015107299999999999
246016,0.015106299999999998
246272,0.0151054
246528,0.015104399999999999
246784,0.015103499999999997
247040,0.015102599999999999
247296,0.015101699999999997
247552,0.0151008
247808,0.015099799999999998
248064,0.015098799999999997
248320,0.0150978
248576,0.0150967
248832,0.015095599999999999
249088,0.015092
249344,0.015086499999999997
249600,0.015080999999999999
249856,0.015074699999999998
250112,0.015067099999999998
250368,0.015059399999999999
250624,0.015051799999999999
250880,0.015044299999999998
251136,0.015036799999999998
251392,0.015029299999999997
251648,0.0150224
251904,0.0150155
252160,0.0150085
252416,0.0150009
252672,0.014993099999999997
252928,0.014985299999999998
253184,0.014977199999999998
253440,0.014968899999999999
253696,0.0149606
253952,0.014953899999999997
254208,0.014950299999999998
254464,0.014946599999999999
254720,0.014943199999999998
254976,0.014941099999999997
255232,0.014939
255488,0.014936899999999998
255744,0.0149349
256000,0.014932799999999998
256256,0.0149308
256512,0.014928699999999998
256768,0.0149266
257024,0.014924399999999999
257280,0.014922199999999998
257536,0.014919999999999998
257792,0.014917699999999997
258048,0.014915699999999999
258304,0.0149138
258560,0.014912
258816,0.014910099999999997
259072,0.0149079
259328,0.014905799999999999
259584,0.014903699999999997
259840,0.014901899999999997
260096,0.014899999999999998
260352,0.014898199999999999
260608,0.0148962
260864,0.014894099999999999
