cache_lines,MRC
256,0.10539509999999999
512,0.0671843
768,0.027548800000000002
1024,0.0231833
1280,0.0214564
1536,0.0212966
1792,0.020957
2048,0.020917500000000002
2304,0.020907600000000002
2560,0.0208973
2816,0.020888
3072,0.0207736
3328,0.0207651
3584,0.0206577
3840,0.0206092
4096,0.0205274
4352,0.02051
4608,0.0204038
4864,0.020395800000000002
5120,0.020388200000000002
5376,0.0203785
5632,0.0202789
5888,0.0202701
6144,0.0202613
6400,0.0202523
6656,0.020242
6912,0.020231700000000002
7168,0.0201928
7424,0.0201443
7680,0.0200951
7936,0.0200793
8192,0.0199147
8448,0.019868900000000002
8704,0.019855
8960,0.0198419
9216,0.0198278
9472,0.0198139
9728,0.0197998
9984,0.019784
10240,0.0197695
10496,0.019754
10752,0.0197378
11008,0.0197179
11264,0.0197011
11520,0.0196853
11776,0.0196682
12032,0.0196503
12288,0.0196321
12544,0.019611800000000002
12800,0.0195071
13056,0.0193836
13312,0.0193269
13568,0.0192761
13824,0.0192424
14080,0.019201
14336,0.0190727
14592,0.0189282
14848,0.018827800000000002
15104,0.0187841
15360,0.0187489
15616,0.0187141
15872,0.0186731
16128,0.0186326
16384,0.018589
16640,0.0185537
16896,0.0185181
17152,0.0184832
17408,0.0184503
17664,0.018416000000000002
17920,0.01838
18176,0.018343
18432,0.0182903
18688,0.0182311
18944,0.0181616
19200,0.0180797
19456,0.0180124
19712,0.0179553
19968,0.0179045
20224,0.0178606
20480,0.0178173
20736,0.0177775
20992,0.0177333
21248,0.017692100000000002
21504,0.0176533
21760,0.0176146
22016,0.0174131
22272,0.0173757
22528,0.0173385
22784,0.0173011
23040,0.017255
23296,0.0172087
23552,0.0171705
23808,0.0171347
24064,0.0171006
24320,0.0170563
24576,0.017023200000000002
24832,0.0169901
25088,0.016954
25344,0.0169207
25600,0.0168895
25856,0.0168576
26112,0.0168304
26368,0.017743199999999997
26624,0.0177202
26880,0.0176973
27136,0.0176758
27392,0.0176524
27648,0.017628699999999997
27904,0.017608399999999996
28160,0.0175876
28416,0.017567199999999998
28672,0.0174502
28928,0.017222099999999997
29184,0.0170454
29440,0.017025199999999997
29696,0.017005899999999997
29952,0.0169888
30208,0.016971299999999998
30464,0.016955699999999997
30720,0.016938699999999998
30976,0.0169222
31232,0.016906599999999997
31488,0.016891299999999998
31744,0.016876099999999998
32000,0.016862899999999997
32256,0.016848299999999997
32512,0.016834
32768,0.016820899999999996
33024,0.016807199999999998
33280,0.016794899999999998
33536,0.016782699999999998
33792,0.0167707
34048,0.016758999999999996
34304,0.016746499999999997
34560,0.016735399999999998
34816,0.016722499999999998
35072,0.0167119
35328,0.016701999999999998
35584,0.016693499999999997
35840,0.0166837
36096,0.0166745
36352,0.0166663
36608,0.016659499999999997
36864,0.016652399999999998
37120,0.016628499999999997
37376,0.016612099999999998
37632,0.0165926
37888,0.0165856
38144,0.0165308
38400,0.016511699999999997
38656,0.0164944
38912,0.016482599999999997
39168,0.0164319
39424,0.0164151
39680,0.016407699999999997
39936,0.016401999999999996
40192,0.016365799999999996
40448,0.016359799999999997
40704,0.016355099999999997
40960,0.016350599999999996
41216,0.016346299999999998
41472,0.016342199999999998
41728,0.016338
41984,0.016333699999999996
42240,0.016330099999999997
42496,0.016326599999999997
42752,0.016322499999999997
43008,0.016318
43264,0.016314399999999996
43520,0.016310899999999996
43776,0.016307299999999997
44032,0.016304499999999996
44288,0.0163016
44544,0.016298499999999997
44800,0.016295399999999998
45056,0.016292699999999997
45312,0.016289799999999997
45568,0.016286899999999997
45824,0.016283999999999996
46080,0.016281099999999996
46336,0.016278699999999997
46592,0.016275699999999997
46848,0.016269399999999996
47104,0.016266899999999997
47360,0.016264499999999998
47616,0.016259299999999997
47872,0.0162538
48128,0.016248699999999998
48384,0.016243999999999998
48640,0.016238999999999996
48896,0.016230299999999996
49152,0.016224899999999997
49408,0.0162194
49664,0.016214199999999998
49920,0.0162093
50176,0.016204999999999997
50432,0.0162007
50688,0.016196299999999997
50944,0.016191699999999996
51200,0.016186899999999997
51456,0.0161825
51712,0.016178099999999997
51968,0.0161731
52224,0.016168899999999996
52480,0.0162573
52736,0.016253
52992,0.0162483
53248,0.0162443
53504,0.016239800000000002
53760,0.0162356
54016,0.0162312
54272,0.016227000000000002
54528,0.016223
54784,0.0162192
55040,0.0162152
55296,0.0162114
55552,0.0162069
55808,0.016202400000000002
56064,0.0161981
56320,0.016194300000000002
56576,0.0161903
56832,0.016186100000000002
57088,0.0161815
57344,0.0161792
57600,0.0161776
57856,0.0161759
58112,0.0161742
58368,0.016172600000000002
58624,0.0161713
58880,0.0161702
59136,0.0161686
59392,0.0161673
59648,0.016166
59904,0.0161647
60160,0.0161637
60416,0.0161626
60672,0.0161611
60928,0.0161599
61184,0.0161584
61440,0.016157
61696,0.0161558
61952,0.0161546
62208,0.0161533
62464,0.0161521
62720,0.016151000000000002
62976,0.0161496
63232,0.0161483
63488,0.0161472
63744,0.016146
64000,0.0161447
64256,0.0161435
64512,0.0161422
64768,0.0161409
65024,0.0161396
65280,0.016138200000000002
65536,0.0161369
65792,0.0161357
66048,0.0161342
66304,0.0161331
66560,0.0161319
66816,0.016130600000000002
67072,0.0161291
67328,0.0161279
67584,0.0161263
67840,0.0161248
68096,0.0161233
68352,0.0161214
68608,0.0161199
68864,0.0161188
69120,0.0161175
69376,0.016116000000000002
69632,0.0161149
69888,0.0161133
70144,0.016111900000000002
70400,0.016110100000000002
70656,0.0161085
70912,0.0161068
71168,0.0161052
71424,0.0161036
71680,0.016102
71936,0.0161004
72192,0.0160988
72448,0.016096
72704,0.0160928
72960,0.0160904
73216,0.016088500000000002
73472,0.0160869
73728,0.0160854
73984,0.016084
74240,0.0160824
74496,0.0160807
74752,0.016078600000000002
75008,0.0160767
75264,0.016075
75520,0.016073300000000002
75776,0.0160711
76032,0.016069200000000002
76288,0.0160672
76544,0.0160654
76800,0.0160638
77056,0.0160619
77312,0.0160598
77568,0.0160579
77824,0.0160563
78080,0.0160543
78336,0.0160524
78592,0.0160942
78848,0.0160919
79104,0.0160902
79360,0.0160881
79616,0.0160861
79872,0.0160841
80128,0.016082
80384,0.01608
80640,0.0160782
80896,0.0160764
81152,0.0160745
81408,0.016072799999999998
81664,0.016071
81920,0.0160691
82176,0.0160678
82432,0.0160661
82688,0.0160644
82944,0.016062899999999998
83200,0.0160608
83456,0.016059
83712,0.0160569
83968,0.0160549
84224,0.0160534
84480,0.0160517
84736,0.0160504
84992,0.0160486
85248,0.0160473
85504,0.016045399999999998
85760,0.016043599999999998
86016,0.0160422
86272,0.0160406
86528,0.0160388
86784,0.0160371
87040,0.0160353
87296,0.0160338
87552,0.0160322
87808,0.0160305
88064,0.0160289
88320,0.016027
88576,0.0160253
88832,0.0160237
89088,0.0160223
89344,0.0160203
89600,0.016019
89856,0.016017299999999998
90112,0.0160157
90368,0.016014399999999998
90624,0.0160129
90880,0.0160114
91136,0.0160098
91392,0.0160084
91648,0.0160071
91904,0.0160059
92160,0.0160043
92416,0.0160029
92672,0.0160018
92928,0.0160007
93184,0.0159995
93440,0.0159984
93696,0.0159972
93952,0.0159962
94208,0.0159952
94464,0.0159937
94720,0.0159923
94976,0.0159907
95232,0.0159889
95488,0.0159871
95744,0.0159857
96000,0.0159841
96256,0.015982299999999998
96512,0.0159803
96768,0.0159781
97024,0.0159758
97280,0.015973499999999998
97536,0.0159713
97792,0.0159687
98048,0.0159658
98304,0.0159631
98560,0.0159596
98816,0.0159559
99072,0.0159521
99328,0.0159482
99584,0.0159447
99840,0.0159413
100096,0.015937899999999998
100352,0.0159349
100608,0.0159316
100864,0.0159283
101120,0.0159252
101376,0.0159217
101632,0.0159184
101888,0.0159152
102144,0.0159121
102400,0.0159089
102656,0.0159057
102912,0.0159026
103168,0.0158992
103424,0.015895799999999998
103680,0.0158924
103936,0.015888799999999998
104192,0.015885299999999998
104448,0.0158819
104704,0.0159534
104960,0.01595
105216,0.0159466
105472,0.015943699999999998
105728,0.015940799999999998
105984,0.0159377
106240,0.015934399999999998
106496,0.0159313
106752,0.015928199999999997
107008,0.015925199999999997
107264,0.015922299999999997
107520,0.015919299999999997
107776,0.0159162
108032,0.0159131
108288,0.015909999999999997
108544,0.0159068
108800,0.015903599999999997
109056,0.015899899999999998
109312,0.0158968
109568,0.015893699999999997
109824,0.0158905
110080,0.015887599999999998
110336,0.015883099999999997
110592,0.0158787
110848,0.0158752
111104,0.015871999999999997
111360,0.015869099999999997
111616,0.015866099999999998
111872,0.015862599999999998
112128,0.015859799999999997
112384,0.015856699999999998
112640,0.0158536
112896,0.015850799999999998
113152,0.0158477
113408,0.0158447
113664,0.015841699999999997
113920,0.015838699999999997
114176,0.015835199999999997
114432,0.015831799999999997
114688,0.015828599999999998
114944,0.0158255
115200,0.0158225
115456,0.0158197
115712,0.0158169
115968,0.0158143
116224,0.0158114
116480,0.0158085
116736,0.015805399999999997
116992,0.015801799999999998
117248,0.015798399999999997
117504,0.0157952
117760,0.0157923
118016,0.015789699999999997
118272,0.015786599999999998
118528,0.0157834
118784,0.015780399999999997
119040,0.0157775
119296,0.0157747
119552,0.0157718
119808,0.0157688
120064,0.015765599999999998
120320,0.015762699999999998
120576,0.01576
120832,0.0157572
121088,0.015754099999999997
121344,0.015751499999999998
121600,0.015749299999999997
121856,0.0157472
122112,0.015744599999999997
122368,0.015742
122624,0.0157396
122880,0.0157372
123136,0.015735199999999998
123392,0.0157333
123648,0.0157315
123904,0.0157298
124160,0.015728
124416,0.0157263
124672,0.0157245
124928,0.015722499999999997
125184,0.0157209
125440,0.015719399999999998
125696,0.0157181
125952,0.015717
126208,0.015716099999999997
126464,0.015715299999999998
126720,0.0157144
126976,0.015713599999999998
127232,0.0157129
127488,0.0157121
127744,0.015711199999999998
128000,0.0157105
128256,0.0157099
128512,0.0157092
128768,0.015708399999999997
129024,0.015707199999999998
129280,0.015706199999999997
129536,0.0157053
129792,0.0157045
130048,0.015703599999999998
130304,0.015702699999999997
130560,0.0157018
130816,0.015735
131072,0.0157344
131328,0.0157337
131584,0.0157328
131840,0.015731600000000002
132096,0.0157308
132352,0.0157297
132608,0.0157286
132864,0.0157278
133120,0.015726900000000002
133376,0.0157261
133632,0.0157253
133888,0.0157244
134144,0.0157235
134400,0.0157227
134656,0.015722
134912,0.0157212
135168,0.0157204
135424,0.0157197
135680,0.0157188
135936,0.0157179
136192,0.015717000000000002
136448,0.015716
136704,0.015715
136960,0.0157142
137216,0.0157134
137472,0.0157126
137728,0.015711700000000002
137984,0.0157108
138240,0.0157102
138496,0.0157093
138752,0.0157084
139008,0.0157077
139264,0.0157069
139520,0.015705900000000002
139776,0.0157049
140032,0.0157043
140288,0.0157035
140544,0.0157025
140800,0.0157015
141056,0.015700600000000002
141312,0.0156995
141568,0.0156986
141824,0.0156976
142080,0.0156963
142336,0.0156954
142592,0.0156944
142848,0.0156934
143104,0.0156923
143360,0.0156914
143616,0.0156903
143872,0.0156892
144128,0.0156883
144384,0.0156875
144640,0.015686600000000002
144896,0.0156856
145152,0.0156845
145408,0.0156836
145664,0.0156824
145920,0.0156813
146176,0.0156806
146432,0.0156799
146688,0.0156789
146944,0.0156779
147200,0.0156769
147456,0.015676100000000002
147712,0.0156751
147968,0.0156741
148224,0.0156729
148480,0.0156721
148736,0.0156712
148992,0.0156704
149248,0.0156696
149504,0.0156689
149760,0.0156681
150016,0.0156671
150272,0.0156662
150528,0.0156651
150784,0.0156641
151040,0.015663200000000002
151296,0.0156622
151552,0.0156613
151808,0.0156601
152064,0.0156589
152320,0.0156578
152576,0.0156567
152832,0.0156557
153088,0.0156548
153344,0.0156537
153600,0.015652700000000002
153856,0.0156516
154112,0.0156505
154368,0.0156496
154624,0.0156488
154880,0.015648
155136,0.015647
155392,0.0156462
155648,0.0156452
155904,0.0156443
156160,0.015643400000000002
156416,0.0156425
156672,0.0156415
156928,0.015663600000000003
157184,0.0156627
157440,0.0156617
157696,0.0156605
157952,0.0156593
158208,0.015658300000000003
158464,0.015657300000000002
158720,0.0156563
158976,0.0156553
159232,0.015654300000000003
159488,0.015653200000000003
159744,0.015652000000000003
160000,0.015650900000000002
160256,0.015649800000000002
160512,0.0156488
160768,0.0156476
161024,0.0156465
161280,0.015645500000000003
161536,0.015644300000000003
161792,0.015643200000000003
162048,0.015642000000000003
162304,0.0156407
162560,0.015639300000000002
162816,0.0156382
163072,0.0156371
163328,0.015636100000000003
163584,0.015635000000000003
163840,0.015633900000000003
164096,0.015632800000000002
164352,0.015631600000000002
164608,0.015630400000000003
164864,0.015629100000000003
165120,0.015627900000000004
165376,0.015626900000000003
165632,0.015625600000000003
165888,0.015624500000000003
166144,0.015623400000000003
166400,0.015622300000000002
166656,0.015621100000000002
166912,0.015620000000000002
167168,0.015618800000000002
167424,0.015617700000000002
167680,0.0156167
167936,0.015615900000000002
168192,0.015615100000000003
168448,0.015614100000000002
168704,0.015613100000000001
168960,0.015612000000000001
169216,0.015611100000000003
169472,0.015610200000000001
169728,0.015609300000000003
169984,0.0156085
170240,0.015607500000000003
170496,0.015606600000000002
170752,0.015605500000000001
171008,0.015604700000000003
171264,0.0156039
171520,0.015602900000000003
171776,0.015601700000000003
172032,0.015600800000000001
172288,0.015599900000000003
172544,0.015598900000000002
172800,0.015597500000000004
173056,0.015596500000000003
173312,0.015595400000000002
173568,0.015594400000000001
173824,0.015593500000000003
174080,0.0155928
174336,0.015592000000000002
174592,0.015591100000000004
174848,0.015590200000000002
175104,0.015589100000000002
175360,0.0155881
175616,0.015587300000000002
175872,0.015586700000000002
176128,0.015585900000000003
176384,0.015585100000000001
176640,0.015584200000000003
176896,0.015583300000000001
177152,0.0155793
177408,0.015577200000000003
177664,0.0155764
177920,0.015575600000000002
178176,0.015574300000000003
178432,0.015573000000000004
178688,0.015571900000000003
178944,0.015570900000000002
179200,0.015570100000000003
179456,0.015569000000000003
179712,0.015567900000000003
179968,0.015566900000000002
180224,0.0155659
180480,0.015564900000000003
180736,0.015564000000000001
180992,0.015563200000000003
181248,0.015562700000000002
181504,0.015562000000000003
181760,0.015561100000000001
182016,0.0155601
182272,0.015558700000000002
182528,0.015557900000000003
182784,0.015557200000000004
183040,0.0155801
183296,0.0155793
183552,0.015578600000000001
183808,0.015577900000000002
184064,0.015577300000000002
184320,0.015576700000000002
184576,0.015576
184832,0.0155753
185088,0.015574500000000002
185344,0.015573800000000002
185600,0.015573100000000003
185856,0.0155723
186112,0.015571500000000002
186368,0.015570800000000003
186624,0.0155701
186880,0.015569300000000001
187136,0.015568600000000002
187392,0.015567900000000003
187648,0.0155672
187904,0.0155665
188160,0.015565700000000002
188416,0.0155649
188672,0.015564000000000001
188928,0.015563
189184,0.015562000000000003
189440,0.015561000000000002
189696,0.015560000000000001
189952,0.0155589
190208,0.0155578
190464,0.0155566
190720,0.0155555
190976,0.015554500000000002
191232,0.015553400000000002
191488,0.015552
191744,0.0155507
192000,0.015549400000000001
192256,0.015548100000000002
192512,0.0155468
192768,0.015545800000000002
193024,0.0155449
193280,0.015543900000000003
193536,0.015543000000000001
193792,0.0155421
194048,0.0155409
194304,0.0155397
194560,0.0155384
194816,0.015537200000000001
195072,0.015536000000000001
195328,0.015534800000000001
195584,0.015533600000000002
195840,0.015532500000000001
196096,0.0155314
196352,0.0155303
196608,0.0155292
196864,0.015528
197120,0.0155268
197376,0.015525500000000001
197632,0.015524200000000002
197888,0.015522900000000003
198144,0.015521700000000003
198400,0.0155205
198656,0.0155193
198912,0.015518300000000002
199168,0.015517300000000001
199424,0.0155163
199680,0.0155151
199936,0.015514
200192,0.0155127
200448,0.015511400000000002
200704,0.015510100000000002
200960,0.0155088
201216,0.0155075
201472,0.015506200000000001
201728,0.015505000000000001
201984,0.015503800000000002
202240,0.015502600000000002
202496,0.015501400000000002
202752,0.015500200000000002
203008,0.0154988
203264,0.0154975
203520,0.015496200000000002
203776,0.015495000000000002
204032,0.015493800000000002
204288,0.015492800000000001
204544,0.0154918
204800,0.0154906
205056,0.0154889
205312,0.015487300000000002
205568,0.015485600000000002
205824,0.0154841
206080,0.0154825
206336,0.0154801
206592,0.0154777
206848,0.015474600000000002
207104,0.015470400000000002
207360,0.015466300000000002
207616,0.0154537
207872,0.015437800000000002
208128,0.015422400000000003
208384,0.0154129
208640,0.0154035
208896,0.0153948
209152,0.0155015
209408,0.0154938
209664,0.015486100000000001
209920,0.015478400000000002
210176,0.015470700000000002
210432,0.015463300000000001
210688,0.0154559
210944,0.015448500000000002
211200,0.015441100000000001
211456,0.0154337
211712,0.0154261
211968,0.0154186
212224,0.015411100000000002
212480,0.0154039
212736,0.015396700000000001
212992,0.015388900000000002
213248,0.015380800000000002
213504,0.0153728
213760,0.0153652
214016,0.0153577
214272,0.01535
214528,0.0153421
214784,0.0153343
215040,0.015326000000000001
215296,0.015317600000000002
215552,0.015308
215808,0.0152951
216064,0.015282100000000002
216320,0.0152595
216576,0.015232
216832,0.015206200000000001
217088,0.0152052
217344,0.015204300000000002
217600,0.0152034
217856,0.015202499999999999
218112,0.015201600000000001
218368,0.0152006
218624,0.015199600000000002
218880,0.0151987
219136,0.0151978
219392,0.015196900000000001
219648,0.015196100000000002
219904,0.0151953
220160,0.015194400000000002
220416,0.0151931
220672,0.0151919
220928,0.015190799999999999
221184,0.015189800000000002
221440,0.0151888
221696,0.015187899999999999
221952,0.015186900000000001
222208,0.0151859
222464,0.0151848
222720,0.0151837
222976,0.0151826
223232,0.015181500000000002
223488,0.015180400000000002
223744,0.0151791
224000,0.0151778
224256,0.0151767
224512,0.015175800000000001
224768,0.0151748
225024,0.0151737
225280,0.0151725
225536,0.0151714
225792,0.0151703
226048,0.015169199999999999
226304,0.015167000000000002
226560,0.0151644
226816,0.015162200000000002
227072,0.0151609
227328,0.0151597
227584,0.0151585
227840,0.015157200000000001
228096,0.015156000000000001
228352,0.015154800000000001
228608,0.015153500000000002
228864,0.015152400000000002
229120,0.015151300000000001
229376,0.0151502
229632,0.0151491
229888,0.0151481
230144,0.015147100000000002
230400,0.015146100000000001
230656,0.0151451
230912,0.015144100000000002
231168,0.015143100000000001
231424,0.015142000000000001
231680,0.015140800000000001
231936,0.015139600000000001
232192,0.015138500000000001
232448,0.0151375
232704,0.0151364
232960,0.015135500000000001
233216,0.0151346
233472,0.0151335
233728,0.0151323
233984,0.0151311
234240,0.015130100000000002
234496,0.0151292
234752,0.0151282
235008,0.0151269
235264,0.0151521
235520,0.015151
235776,0.015150099999999998
236032,0.0151492
236288,0.0151479
236544,0.0151467
236800,0.015145500000000001
237056,0.0151444
237312,0.0151433
237568,0.015142000000000001
237824,0.015140800000000001
238080,0.015139599999999998
238336,0.0151387
238592,0.015137900000000001
238848,0.0151368
239104,0.0151357
239360,0.0151345
239616,0.015133200000000001
239872,0.015131799999999999
240128,0.015130699999999999
240384,0.015129700000000001
240640,0.0151288
240896,0.0151277
241152,0.015126699999999998
241408,0.0151257
241664,0.015124799999999999
241920,0.015123900000000001
242176,0.0151228
242432,0.0151216
242688,0.0151204
242944,0.0151194
243200,0.015118399999999999
243456,0.0151175
243712,0.0151165
243968,0.015115599999999998
244224,0.0151147
244480,0.015113699999999999
244736,0.015112800000000001
244992,0.0151117
245248,0.0151107
245504,0.015109799999999998
245760,0.0151088
246016,0.0151078
246272,0.0151066
246528,0.0151053
246784,0.0151042
247040,0.015103
247296,0.0151019
247552,0.0151008
247808,0.015099799999999998
248064,0.0150988
248320,0.0150978
248576,0.015096799999999999
248832,0.015095799999999998
249088,0.0150949
249344,0.015093899999999999
249600,0.015092799999999998
249856,0.0150918
250112,0.0150891
250368,0.015086299999999999
250624,0.015082199999999999
250880,0.015076
251136,0.015069899999999999
251392,0.015064199999999998
251648,0.0150587
251904,0.015052999999999999
252160,0.0150469
252416,0.015040799999999998
252672,0.0150347
252928,0.0150287
253184,0.015022699999999998
253440,0.015016799999999999
253696,0.0150108
253952,0.015004499999999999
254208,0.014998
254464,0.0149915
254720,0.014984799999999998
254976,0.0149781
255232,0.0149733
255488,0.014971299999999998
255744,0.014969399999999999
256000,0.014967699999999999
256256,0.014966099999999998
256512,0.0149645
256768,0.014963099999999998
257024,0.0149617
257280,0.014960099999999999
257536,0.014958299999999999
257792,0.0149565
258048,0.0149546
258304,0.0149528
258560,0.0149511
258816,0.0149493
259072,0.0149476
259328,0.0149458
259584,0.014944
259840,0.0149423
260096,0.0149407
260352,0.014939
260608,0.014937299999999999
260864,0.014935599999999999
