cache_lines,MRC
256,0.09562387478005865
512,0.042695449560117296
768,0.00432972434017595
1024,-0.0022619008797654036
1280,-0.005505826099706748
1536,-0.005863051319648101
1792,-0.00619167653958945
2048,-0.005927901759530799
2304,-0.005622226979472143
2560,-0.00531565219941349
2816,-0.005007977419354839
3072,-0.004878102639296188
3328,-0.004747927859237541
3584,-0.004434953079178891
3840,-0.004296578299120238
4096,-0.004012303519061587
4352,-0.0037250287390029335
4608,-0.0035815539589442863
4864,-0.003270579178885638
5120,-0.0029590043988269865
5376,-0.0027699296187683325
5632,-0.002509654838709685
5888,-0.0022003800586510233
6144,-0.001889605278592374
6400,-0.0015807304985337237
6656,-0.0012756557184750716
6912,-9.897809384164236E-4
7168,-7.450061583577708E-4
7424,-5.203313782991201E-4
7680,-2.3825659824047024E-4
7936,-1.8738181818182126E-4
8192,2.4292961876830332E-5
8448,3.235677419354821E-4
8704,6.261425219941316E-4
8960,9.265173020527803E-4
9216,0.0012265920821114343
9472,0.0015266668621700882
9728,0.0018233416422287346
9984,0.0021212164222873878
10240,0.0024187912023460392
10496,0.0027126659824046884
10752,0.0030064407624633416
11008,0.003300915542521994
11264,0.0035955903225806454
11520,0.0038893651026392986
11776,0.00417993988269795
12032,0.004473814662756599
12288,0.004724589442815251
12544,0.004908564222873897
12800,0.0050457390029325505
13056,0.005246113782991203
13312,0.0054833885630498555
13568,0.005749263343108511
13824,0.005987438123167162
14080,0.006207112903225814
14336,0.006271987683284463
14592,0.006295062463343111
14848,0.006509337243401761
15104,0.0067685120234604115
15360,0.007032786803519063
15616,0.007297961583577713
15872,0.007565936363636366
16128,0.007830011143695019
16384,0.008092285923753668
16640,0.008357660703812317
16896,0.008620435483870967
17152,0.008885210263929619
17408,0.00915068504398827
17664,0.009415059824046924
17920,0.009675934604105575
18176,0.009896009384164225
18432,0.01008668416422287
18688,0.010265058944281522
18944,0.010447333724340174
19200,0.010685208504398823
19456,0.01092458328445748
19712,0.01117675806451613
19968,0.011427632844574785
20224,0.011680707624633434
20480,0.011930782404692086
20736,0.012186057184750736
20992,0.012300031964809388
21248,0.012409206744868041
21504,0.012661481524926688
21760,0.012918856304985345
22016,0.013180131085043994
22272,0.013426605865102647
22528,0.013670180645161293
22784,0.013928155425219944
23040,0.014186830205278594
23296,0.014447604985337249
23552,0.014705779765395902
23808,0.014964754545454553
24064,0.015228029325513204
24320,0.015482604105571854
24576,0.015738678885630505
24832,0.015996053665689153
25088,0.016261028445747804
25344,0.016532403225806458
25600,0.016807178005865106
25856,0.017073352785923757
26112,0.017346227565982406
26368,0.017436370576735093
26624,0.017403741153470185
26880,0.017364511730205277
27136,0.01733358230694037
27392,0.01730435288367546
27648,0.017272123460410557
27904,0.01682719403714565
28160,0.01644136461388074
28416,0.016364135190615834
28672,0.01634490576735093
28928,0.016328276344086023
29184,0.016310346920821114
29440,0.016294517497556206
29696,0.0162785880742913
29952,0.01626255865102639
30208,0.01624972922776148
30464,0.016237699804496575
30720,0.016225470381231667
30976,0.01621244095796676
31232,0.016198911534701852
31488,0.016187082111436952
31744,0.01617845268817204
32000,0.016168023264907135
32256,0.01616009384164223
32512,0.016152164418377322
32768,0.016145334995112413
33024,0.016139705571847504
33280,0.016133676148582594
33536,0.01612894672531769
33792,0.016125117302052783
34048,0.01612108787878788
34304,0.016118458455522972
34560,0.016113229032258064
34816,0.016112099608993152
35072,0.016110970185728248
35328,0.01610904076246334
35584,0.016109411339198437
35840,0.016106981915933526
36096,0.01610705249266862
36352,0.016105423069403716
36608,0.016090293646138804
36864,0.0160537642228739
37120,0.01603223479960899
37376,0.016027505376344085
37632,0.01599157595307918
37888,0.01595244652981427
38144,0.015932417106549364
38400,0.015928587683284454
38656,0.01591735826001955
38912,0.015863728836754642
39168,0.015849799413489737
39424,0.01584426999022483
39680,0.015845340566959916
39936,0.015791011143695015
40192,0.015794881720430108
40448,0.0158020522971652
40704,0.01580972287390029
40960,0.015817793450635383
41216,0.015825964027370475
41472,0.015834334604105573
41728,0.015842905180840663
41984,0.015851675757575755
42240,0.015861246334310845
42496,0.01587121691104594
42752,0.015880887487781034
43008,0.015890958064516132
43264,0.01590112864125122
43520,0.01591129921798631
43776,0.015922069794721407
44032,0.015932040371456502
44288,0.015942210948191596
44544,0.015952681524926682
44800,0.01596465210166178
45056,0.01597572267839687
45312,0.015986093255131964
45568,0.015992163831867058
45824,0.016003334408602153
46080,0.01601480498533724
46336,0.016026675562072334
46592,0.016038546138807428
46848,0.016051016715542526
47104,0.016058987292277616
47360,0.016065657869012706
47616,0.016070428445747797
47872,0.016078499022482894
48128,0.016087469599217988
48384,0.01609564017595308
48640,0.01610381075268817
48896,0.016113181329423267
49152,0.01612165190615836
49408,0.01612922248289345
49664,0.016137593059628544
49920,0.016146163636363633
50176,0.01615523421309873
50432,0.016164204789833825
50688,0.016172575366568916
50944,0.016180445943304006
51200,0.0161886165200391
51456,0.016198087096774196
51712,0.01620675767350929
51968,0.01621532825024438
52224,0.016225598826979472
52480,0.016229512414467254
52736,0.016224124828934504
52992,0.01621903724340176
53248,0.016214649657869014
53504,0.01620936207233627
53760,0.016203774486803522
54016,0.01619918690127077
54272,0.016194399315738028
54528,0.016189411730205275
54784,0.016184624144672533
55040,0.01617983655913979
55296,0.016174948973607044
55552,0.016170761388074294
55808,0.016166573802541547
56064,0.0161615862170088
56320,0.016156598631476053
56576,0.016151711045943307
56832,0.01614672346041056
57088,0.01614273587487781
57344,0.016138048289345067
57600,0.016132460703812315
57856,0.016128473118279574
58112,0.016124685532746822
58368,0.01612229794721408
58624,0.016121810361681334
58880,0.016121722776148588
59136,0.016122235190615834
59392,0.016122147605083095
59648,0.016121860019550342
59904,0.016121872434017595
60160,0.016121184848484852
60416,0.016121397262952107
60672,0.016121709677419355
60928,0.016121522091886612
61184,0.016121634506353864
61440,0.01612114692082112
61696,0.016121459335288368
61952,0.016121271749755625
62208,0.016120884164222877
62464,0.01612109657869013
62720,0.016121508993157382
62976,0.016121621407624635
63232,0.016121733822091894
63488,0.01612174623655914
63744,0.016121458651026394
64000,0.01612197106549365
64256,0.0161222834799609
64512,0.016122095894428156
64768,0.01612150830889541
65024,0.01612212072336266
65280,0.016122233137829917
65536,0.016121945552297165
65792,0.016121557966764424
66048,0.016121470381231674
66304,0.01612168279569893
66560,0.016121695210166185
66816,0.016122007624633436
67072,0.016122420039100686
67328,0.016121932453567942
67584,0.016122344868035196
67840,0.016122657282502444
68096,0.016122569696969697
68352,0.016122682111436956
68608,0.01612209452590421
68864,0.01612110694037146
69120,0.016119519354838713
69376,0.016118431769305965
69632,0.016117944183773217
69888,0.01611735659824047
70144,0.016116169012707727
70400,0.016115681427174983
70656,0.01611529384164223
70912,0.01611440625610949
71168,0.01611211867057674
71424,0.016106531085043993
71680,0.016102143499511248
71936,0.016101655913978496
72192,0.01610086832844575
72448,0.016099680742913004
72704,0.01609779315738026
72960,0.01609760557184751
73216,0.01609651798631476
73472,0.016095530400782015
73728,0.01609424281524927
73984,0.016092855229716523
74240,0.01609166764418378
74496,0.016090880058651034
74752,0.016089992473118285
75008,0.016089004887585537
75264,0.016088017302052792
75520,0.016086529716520047
75776,0.016086242130987298
76032,0.01608495454545455
76288,0.016083666959921805
76544,0.016081879374389058
76800,0.01608039178885631
77056,0.016079404203323565
77312,0.016077816617790817
77568,0.016076529032258067
77824,0.016075641446725325
78080,0.016074153861192573
78336,0.016073366275659827
78592,0.0160751826001955
78848,0.01607476520039101
79104,0.01607454780058651
79360,0.01607393040078202
79616,0.016073013000977517
79872,0.01607239560117302
80128,0.016071878201368524
80384,0.01607166080156403
80640,0.016071143401759535
80896,0.016070926001955033
81152,0.016070608602150538
81408,0.01607079120234604
81664,0.016071273802541548
81920,0.01607145640273705
82176,0.01607113900293255
82432,0.016071021603128056
82688,0.016070704203323558
82944,0.016070686803519064
83200,0.016070369403714566
83456,0.016070152003910067
83712,0.016070434604105573
83968,0.01607061720430108
84224,0.016070899804496577
84480,0.016071282404692085
84736,0.01607116500488759
84992,0.01607104760508309
85248,0.016070730205278595
85504,0.0160712128054741
85760,0.0160707954056696
86016,0.016070478005865103
86272,0.01607006060606061
86528,0.01606964320625611
86784,0.01606922580645161
87040,0.01606910840664712
87296,0.016068791006842623
87552,0.016068573607038124
87808,0.01606835620723363
88064,0.01606853880742913
88320,0.016069421407624636
88576,0.016069804007820137
88832,0.016069986608015643
89088,0.016070169208211145
89344,0.01607035180840665
89600,0.016071034408602154
89856,0.016071817008797652
90112,0.01607249960899316
90368,0.016072982209188662
90624,0.016073064809384165
90880,0.01607354740957967
91136,0.01607263000977517
91392,0.016070212609970675
91648,0.016066895210166177
91904,0.01606127781036168
92160,0.016057060410557187
92416,0.016053443010752688
92672,0.01605022561094819
92928,0.016047608211143698
93184,0.0160453908113392
93440,0.016042773411534702
93696,0.016039856011730205
93952,0.016037138611925707
94208,0.016035221212121215
94464,0.016032503812316717
94720,0.016029786412512223
94976,0.016026469012707722
95232,0.016022951612903225
95488,0.016019534213098728
95744,0.01601701681329423
96000,0.016013799413489734
96256,0.016010582013685236
96512,0.016007664613880743
96768,0.016005547214076248
97024,0.01600272981427175
97280,0.01599991241446725
97536,0.015997195014662752
97792,0.015994477614858258
98048,0.01599126021505376
98304,0.015987142815249267
98560,0.015983825415444772
98816,0.015980308015640276
99072,0.01597669061583578
99328,0.015974173216031284
99584,0.015970855816226783
99840,0.015967638416422285
100096,0.015964521016617793
100352,0.015961603616813296
100608,0.015959186217008797
100864,0.015956368817204303
101120,0.015952851417399806
101376,0.015949334017595306
101632,0.015945816617790813
101888,0.015942299217986317
102144,0.015938981818181815
102400,0.015936164418377325
102656,0.015933347018572824
102912,0.015930329618768328
103168,0.01592691221896383
103424,0.01592389481915933
103680,0.01592097741935484
103936,0.01591826001955034
104192,0.015915742619745845
104448,0.01591332521994135
104704,0.015913486217008797
104960,0.01591067243401759
105216,0.015907958651026396
105472,0.015904844868035187
105728,0.015901031085043985
105984,0.015897717302052784
106240,0.01589430351906158
106496,0.01589078973607038
106752,0.01588737595307918
107008,0.015884262170087978
107264,0.01588094838709677
107520,0.01587793460410557
107776,0.01587482082111437
108032,0.015871807038123163
108288,0.015868393255131962
108544,0.015860379472140765
108800,0.015856365689149558
109056,0.01585315190615836
109312,0.015850138123167153
109568,0.015847324340175953
109824,0.01584451055718475
110080,0.01584219677419355
110336,0.015839182991202343
110592,0.01583576920821114
110848,0.015832455425219938
111104,0.015828641642228736
111360,0.015825527859237538
111616,0.015822614076246334
111872,0.015819600293255128
112128,0.015816486510263926
112384,0.015813972727272727
112640,0.01581095894428152
112896,0.015807745161290326
113152,0.015804331378299123
113408,0.015800517595307914
113664,0.015796803812316716
113920,0.01579479002932551
114176,0.015792076246334306
114432,0.015789162463343106
114688,0.01578624868035191
114944,0.015782834897360706
115200,0.015779721114369503
115456,0.015776607331378294
115712,0.015773293548387093
115968,0.015769879765395893
116224,0.015766665982404695
116480,0.01576365219941349
116736,0.015760738416422285
116992,0.015757624633431083
117248,0.015754310850439882
117504,0.015750997067448678
117760,0.01574798328445748
118016,0.015744869501466276
118272,0.01574165571847507
118528,0.01573834193548387
118784,0.015735228152492668
119040,0.015731914369501464
119296,0.015728900586510264
119552,0.01572598680351906
119808,0.015723073020527858
120064,0.015720159237536654
120320,0.015717345454545454
120576,0.01571573167155425
120832,0.015714017888563053
121088,0.015712404105571846
121344,0.015711190322580643
121600,0.015710376539589444
121856,0.01571006275659824
122112,0.01571054897360704
122368,0.015711035190615837
122624,0.01571162140762463
122880,0.015712107624633428
123136,0.01571249384164223
123392,0.01571298005865103
123648,0.015713466275659827
123904,0.015713752492668626
124160,0.01571383870967742
124416,0.01571372492668622
124672,0.015714411143695015
124928,0.015714997360703812
125184,0.015715183577712614
125440,0.01571506979472141
125696,0.015715456011730203
125952,0.015716142228739006
126208,0.0157167284457478
126464,0.0157172146627566
126720,0.0157178008797654
126976,0.015718487096774196
127232,0.015718773313782994
127488,0.01571895953079179
127744,0.015719345747800584
128000,0.015719931964809388
128256,0.015720618181818184
128512,0.01572080439882698
128768,0.015720990615835775
129024,0.01572117683284457
129280,0.015721363049853374
129536,0.01572124926686217
129792,0.015721435483870966
130048,0.015721821700879768
130304,0.015722207917888562
130560,0.01572249413489736
130816,0.01572349413489736
131072,0.015723088269794724
131328,0.015722882404692082
131584,0.015722676539589444
131840,0.015722270674486807
132096,0.015721964809384165
132352,0.015721458944281525
132608,0.015720853079178886
132864,0.015720347214076245
133120,0.015719941348973608
133376,0.01571973548387097
133632,0.015719329618768332
133888,0.01571902375366569
134144,0.015718517888563047
134400,0.01571831202346041
134656,0.015718006158357774
134912,0.015717500293255134
135168,0.015717094428152497
135424,0.015716688563049856
135680,0.015716382697947215
135936,0.015716176832844576
136192,0.015715870967741935
136448,0.015715365102639302
136704,0.015714859237536658
136960,0.01571465337243402
137216,0.01571414750733138
137472,0.015713541642228743
137728,0.015713035777126103
137984,0.01571182991202346
138240,0.015710924046920823
138496,0.01571031818181818
138752,0.015709712316715543
139008,0.015709006451612904
139264,0.015708200586510266
139520,0.015707494721407627
139776,0.015706488856304986
140032,0.01570558299120235
140288,0.01570487712609971
140544,0.01570437126099707
140800,0.015703565395894424
141056,0.01570275953079179
141312,0.01570185366568915
141568,0.015700947800586514
141824,0.015700041935483876
142080,0.015699836070381227
142336,0.01569873020527859
142592,0.015698124340175954
142848,0.015697818475073313
143104,0.01569751260997068
143360,0.015696806744868036
143616,0.015695900879765398
143872,0.01569519501466276
144128,0.01569468914956012
144384,0.01569418328445748
144640,0.015693677419354835
144896,0.015693471554252197
145152,0.01569336568914956
145408,0.015692759824046918
145664,0.015692153958944282
145920,0.015691748093841645
146176,0.015690742228739
146432,0.015689936363636366
146688,0.015689230498533727
146944,0.015688624633431084
147200,0.015687918768328445
147456,0.015687612903225807
147712,0.01568670703812317
147968,0.015685901173020527
148224,0.01568499530791789
148480,0.01568398944281525
148736,0.015683583577712608
148992,0.01568287771260997
149248,0.015682071847507327
149504,0.015681065982404693
149760,0.01567996011730205
150016,0.015678754252199414
150272,0.015678448387096772
150528,0.015677942521994132
150784,0.015677336656891496
151040,0.015676630791788857
151296,0.015675924926686215
151552,0.015675119061583573
151808,0.01567461319648094
152064,0.015673707331378295
152320,0.015672801466275657
152576,0.01567169560117302
152832,0.01567038973607038
153088,0.015669183870967742
153344,0.015667478005865102
153600,0.015665872140762465
153856,0.01566426627565982
154112,0.01566286041055718
154368,0.015662254545454543
154624,0.015661248680351902
154880,0.015660042815249263
155136,0.01565883695014663
155392,0.015657831085043986
155648,0.015656525219941344
155904,0.01565501935483871
156160,0.015653913489736066
156416,0.01565280762463343
156672,0.01565150175953079
156928,0.015652105278592374
157184,0.015651310557184748
157440,0.015650115835777124
157696,0.015649321114369504
157952,0.015648526392961878
158208,0.015647531671554252
158464,0.01564643695014663
158720,0.015645242228739007
158976,0.015644247507331382
159232,0.01564315278592375
159488,0.015641658064516124
159744,0.0156402633431085
160000,0.015639068621700877
160256,0.015637973900293256
160512,0.015636879178885628
160768,0.015636084457478
161024,0.015635589736070384
161280,0.015634995014662756
161536,0.015633600293255133
161792,0.01563220557184751
162048,0.015630910850439883
162304,0.015629316129032254
162560,0.015627521407624634
162816,0.01562582668621701
163072,0.015624431964809386
163328,0.015623437243401761
163584,0.015622342521994133
163840,0.015620647800586508
164096,0.015618753079178881
164352,0.015617258357771256
164608,0.015616163636363634
164864,0.015615168914956009
165120,0.015614474193548385
165376,0.015613779472140762
165632,0.015613484750733136
165888,0.015612890029325508
166144,0.015612595307917889
166400,0.015612500586510262
166656,0.015611905865102641
166912,0.015611411143695016
167168,0.01561061642228739
167424,0.015610121700879765
167680,0.015609526979472137
167936,0.015608332258064513
168192,0.015607237536656892
168448,0.015606042815249268
168704,0.015605248093841641
168960,0.015604453372434011
169216,0.015603558651026389
169472,0.015602663929618767
169728,0.015602069208211139
169984,0.015601374486803515
170240,0.015600679765395892
170496,0.01559978504398827
170752,0.01559889032258064
171008,0.01559829560117302
171264,0.015597600879765396
171520,0.015596906158357772
171776,0.015596211436950141
172032,0.015595516715542518
172288,0.015595221994134899
172544,0.015594927272727273
172800,0.015594532551319644
173056,0.015594137829912022
173312,0.0155930431085044
173568,0.015590448387096771
173824,0.015587853665689145
174080,0.01558665894428152
174336,0.015585764222873898
174592,0.015584869501466269
174848,0.01558407478005865
175104,0.015583280058651023
175360,0.015582485337243396
175616,0.015581590615835774
175872,0.01558089589442815
176128,0.015580201173020527
176384,0.015579506451612903
176640,0.015578911730205276
176896,0.015578317008797655
177152,0.015577922287390026
177408,0.015577427565982401
177664,0.01557703284457478
177920,0.015576538123167154
178176,0.01557604340175953
178432,0.015575248680351903
178688,0.015574353958944277
178944,0.01557355923753665
179200,0.015573264516129025
179456,0.015572969794721406
179712,0.015572375073313778
179968,0.015571680351906154
180224,0.01557118563049853
180480,0.015570890909090904
180736,0.01557069618768328
180992,0.015570201466275656
181248,0.015569806744868034
181504,0.015569312023460409
181760,0.01556891730205278
182016,0.015568422580645155
182272,0.01556792785923753
182528,0.015567533137829909
182784,0.015567138416422287
183040,0.015573876539589443
183296,0.015579353079178886
183552,0.015584429618768329
183808,0.015589606158357777
184064,0.015594782697947215
184320,0.015599959237536654
184576,0.015604935777126103
184832,0.015609612316715541
185088,0.015614388856304985
185344,0.015619265395894429
185600,0.015624141935483872
185856,0.015629118475073315
186112,0.01563399501466276
186368,0.0156388715542522
186624,0.015643648093841646
186880,0.015648424633431086
187136,0.015653101173020528
187392,0.015657777712609972
187648,0.015662354252199417
187904,0.015667230791788854
188160,0.015672107331378297
188416,0.01567708387096774
188672,0.015682060410557187
188928,0.015687136950146632
189184,0.01569251348973607
189440,0.015697890029325517
189696,0.015703266568914954
189952,0.015708543108504402
190208,0.015713819648093846
190464,0.015719196187683283
190720,0.015724472727272728
190976,0.015729449266862174
191232,0.015734425806451614
191488,0.015739402346041056
191744,0.015744378885630496
192000,0.015749355425219946
192256,0.015754431964809388
192512,0.015759608504398826
192768,0.01576458504398827
193024,0.015769561583577715
193280,0.015774538123167158
193536,0.0157794146627566
193792,0.015784191202346042
194048,0.015789267741935488
194304,0.015794444281524926
194560,0.015799620821114368
194816,0.015804897360703816
195072,0.015810173900293257
195328,0.0158156504398827
195584,0.01582112697947214
195840,0.015826503519061588
196096,0.015831680058651026
196352,0.015836956598240467
196608,0.015842033137829913
196864,0.015847009677419352
197120,0.0158521862170088
197376,0.015857562756598238
197632,0.01586293929618768
197888,0.01586831583577713
198144,0.01587359237536657
198400,0.01587876891495601
198656,0.015883945454545457
198912,0.0158892219941349
199168,0.01589469853372434
199424,0.01590017507331378
199680,0.015905651612903225
199936,0.01591102815249267
200192,0.015916504692082112
200448,0.015921781231671553
200704,0.015927057771260994
200960,0.01593143431085044
201216,0.01593571085043988
201472,0.015939887390029328
201728,0.01594396392961877
201984,0.015947940469208208
202240,0.015952317008797654
202496,0.015956593548387094
202752,0.015957670087976543
203008,0.015956446627565984
203264,0.015954023167155426
203520,0.015944899706744866
203776,0.015935676246334306
204032,0.015879852785923756
204288,0.0158043293255132
204544,0.01573190586510264
204800,0.015667482404692085
205056,0.015602858944281522
205312,0.015537635483870965
205568,0.01547211202346041
205824,0.015425388563049848
206080,0.015399965102639298
206336,0.015376941642228737
206592,0.015382518181818183
206848,0.015387994721407623
207104,0.015393471260997063
207360,0.015398947800586513
207616,0.01540452434017595
207872,0.015410100879765395
208128,0.015415677419354838
208384,0.015421353958944277
208640,0.015427030498533726
208896,0.015432707038123165
209152,0.015427191886608016
209408,0.015424983773216036
209664,0.01542277565982405
209920,0.015420467546432066
210176,0.015418159433040084
210432,0.015415951319648097
210688,0.015413743206256113
210944,0.015411735092864125
211200,0.015409626979472141
211456,0.01540761886608016
211712,0.015405510752688176
211968,0.015403202639296187
212224,0.015400694525904205
212480,0.01539828641251222
212736,0.015395778299120238
212992,0.015393370185728252
213248,0.015390662072336272
213504,0.015387953958944284
213760,0.015385245845552304
214016,0.015382737732160312
214272,0.015380329618768326
214528,0.015377921505376348
214784,0.015375613391984358
215040,0.015373105278592376
215296,0.015370297165200393
215552,0.015367689051808409
215808,0.015365280938416423
216064,0.015362872825024437
216320,0.01535976471163246
216576,0.015356556598240471
216832,0.015353748484848488
217088,0.015351240371456503
217344,0.015348832258064517
217600,0.015346224144672533
217856,0.015343516031280546
218112,0.015340507917888564
218368,0.015337399804496579
218624,0.015334491691104592
218880,0.01533198357771261
219136,0.01532947546432063
219392,0.015326167350928645
219648,0.015322859237536662
219904,0.015320051124144671
220160,0.015317443010752687
220416,0.015314734897360703
220672,0.015311326783968716
220928,0.015307818670576734
221184,0.015304610557184753
221440,0.015301502443792768
221696,0.01529829433040078
221952,0.0152948862170088
222208,0.015291478103616814
222464,0.01528576999022483
222720,0.015279961876832844
222976,0.01527615376344086
223232,0.01527344565004888
223488,0.015270737536656892
223744,0.015267829423264902
224000,0.01526502130987292
224256,0.015262213196480936
224512,0.015259405083088953
224768,0.015256696969696965
225024,0.015254188856304984
225280,0.015251680742913002
225536,0.015248572629521017
225792,0.015245564516129035
226048,0.015242256402737044
226304,0.01523894828934506
226560,0.015235840175953082
226816,0.015233032062561092
227072,0.015230223949169105
227328,0.01522711583577712
227584,0.015224107722385138
227840,0.015220999608993153
228096,0.015217891495601168
228352,0.015214683382209188
228608,0.0152114752688172
228864,0.015208267155425219
229120,0.015205159042033234
229376,0.015202150928641252
229632,0.015199242815249266
229888,0.015196434701857282
230144,0.015193726588465295
230400,0.015191318475073313
230656,0.015188910361681327
230912,0.01518620224828934
231168,0.015183194134897358
231424,0.015180186021505376
231680,0.01517707790811339
231936,0.015173969794721406
232192,0.01517106168132942
232448,0.015168053567937437
232704,0.01516534545454545
232960,0.01516263734115347
233216,0.015160029227761485
233472,0.015157221114369498
233728,0.015154513000977511
233984,0.015151904887585527
234240,0.015149296774193542
234496,0.015146688660801558
234752,0.015143880547409574
235008,0.015141172434017594
235264,0.015142360019550341
235520,0.015142620039100683
235776,0.015142980058651025
236032,0.01514344007820137
236288,0.015143900097751711
236544,0.015144360117302049
236800,0.015144720136852391
237056,0.01514498015640274
237312,0.01514524017595308
237568,0.015145600195503421
237824,0.015146060215053762
238080,0.015146520234604107
238336,0.015147180254154444
238592,0.01514784027370479
238848,0.015148700293255133
239104,0.015149660312805471
239360,0.01515062033235582
239616,0.015151580351906158
239872,0.015152540371456497
240128,0.015153400391006842
240384,0.015154160410557182
240640,0.015155220430107523
240896,0.015156280449657868
241152,0.015157340469208209
241408,0.015158000488758552
241664,0.0151586605083089
241920,0.015159620527859238
242176,0.015160680547409579
242432,0.01516164056695992
242688,0.015162600586510266
242944,0.015163460606060601
243200,0.015164320625610947
243456,0.01516518064516129
243712,0.015165840664711633
243968,0.015166400684261977
244224,0.015167160703812316
244480,0.015168120723362655
244736,0.015169180742913
244992,0.01517024076246334
245248,0.015171200782013686
245504,0.01516766080156403
245760,0.01516192082111437
246016,0.015155380840664708
246272,0.015146740860215058
246528,0.015138100879765398
246784,0.015129560899315737
247040,0.01512102091886608
247296,0.01511268093841642
247552,0.015104340957966766
247808,0.015096200977517106
248064,0.015088460997067451
248320,0.015080721016617792
248576,0.015072481036168137
248832,0.015064141055718471
249088,0.01505500107526882
249344,0.015044961094819162
249600,0.0150348211143695
249856,0.015024181133919848
250112,0.015013541153470186
250368,0.015007401173020529
250624,0.015002861192570872
250880,0.01499972121212121
251136,0.014998881231671552
251392,0.014997941251221895
251648,0.014997401270772238
251904,0.014996961290322578
252160,0.014996321309872922
252416,0.014995681329423263
252672,0.01499524134897361
252928,0.014994901368523949
253184,0.014994561388074291
253440,0.014993921407624632
253696,0.01499338142717498
253952,0.014992841446725316
254208,0.014992401466275656
254464,0.014991861485826003
254720,0.014991121505376348
254976,0.014990281524926683
255232,0.014989841544477033
255488,0.01498930156402737
255744,0.014988561583577715
256000,0.014987421603128059
256256,0.014986481622678398
256512,0.01498614164222874
256768,0.01498580166177908
257024,0.014985561681329425
257280,0.014985421700879766
257536,0.014984881720430106
257792,0.014983741739980447
258048,0.01498270175953079
258304,0.014982161779081137
258560,0.014981621798631474
258816,0.014981081818181818
259072,0.014980341837732159
259328,0.014979601857282504
259584,0.014978761876832846
259840,0.014977921896383192
260096,0.014977481915933531
260352,0.014976941935483868
260608,0.014976401955034215
260864,0.014975761974584556
261120,0.014975321994134896
