cache_lines,MRC
256,0.0968549
512,0.0283669
768,0.0262087
1024,0.0247097
1280,0.023247
1536,0.0223991
1792,0.0215358
2048,0.0209866
2304,0.020433
2560,0.019986
2816,0.0196265
3072,0.0193386
3328,0.0191075
3584,0.018917
3840,0.0187534
4096,0.0186017
4352,0.0184673
4608,0.0183513
4864,0.0182544
5120,0.0181633
5376,0.01808
5632,0.0180051
5888,0.0179318
6144,0.0178596
6400,0.0177897
6656,0.017719
6912,0.0176451
7168,0.0175715
7424,0.0175003
7680,0.0174314
7936,0.0173539
8192,0.0172775
8448,0.0172049
8704,0.0171239
8960,0.0170578
9216,0.0169675
9472,0.0168797
9728,0.0167919
9984,0.0167123
10240,0.0166313
10496,0.0165569
10752,0.0164865
11008,0.0164078
11264,0.0163266
11520,0.0162418
11776,0.0161584
12032,0.0160733
12288,0.0159825
12544,0.0158873
12800,0.015779
13056,0.0156744
13312,0.0155611
13568,0.0154622
13824,0.0153548
14080,0.0152531
14336,0.0151564
14592,0.0150554
14848,0.0149414
15104,0.0148317
15360,0.0147167
15616,0.014582
15872,0.0144609
16128,0.0143503
16384,0.0142518
16640,0.014141
16896,0.0140282
17152,0.0139058
17408,0.0137859
17664,0.013658
17920,0.0135091
18176,0.013372
18432,0.0132314
18688,0.013083
18944,0.0129214
19200,0.0127753
19456,0.0126095
19712,0.0124205
19968,0.012237
20224,0.0120696
20480,0.0118992
20736,0.0116748
20992,0.0115163
21248,0.0113393
21504,0.0111637
21760,0.0110121
22016,0.0108416
22272,0.0106644
22528,0.0104763
22784,0.0103112
23040,0.010125
23296,0.00993455
23552,0.00975455
23808,0.00954705
24064,0.00933848
24320,0.00918154
24576,0.00899104
24832,0.00875537
25088,0.00852013
25344,0.00833077
25600,0.00816857
25856,0.00801515
26112,0.00785337
26368,0.00769027
26624,0.00753096
26880,0.00738634
27136,0.00724612
27392,0.00709908
27648,0.00693892
27904,0.00680003
28160,0.00666294
28416,0.00651591
28672,0.0063898
28928,0.00626147
29184,0.0061354
29440,0.00601537
29696,0.00588519
29952,0.00575359
30208,0.0056147
30464,0.0054822
30720,0.00535345
30976,0.00523341
31232,0.00512269
31488,0.0050099
31744,0.004913
32000,0.004804
32256,0.00467892
32512,0.00455342
32768,0.00442366
33024,0.00431208
33280,0.00420771
33536,0.00411565
33792,0.00401361
34048,0.00391313
34304,0.00380908
34560,0.00370742
34816,0.00361259
35072,0.00350814
35328,0.00341683
35584,0.00333408
35840,0.00325959
36096,0.00317504
36352,0.00308629
36608,0.00301172
36864,0.00293141
37120,0.00285851
37376,0.00279096
37632,0.00273135
37888,0.00266489
38144,0.00260845
38400,0.00254651
38656,0.00249412
38912,0.00241955
39168,0.0023665
39424,0.00231426
39680,0.00227673
39936,0.00223384
40192,0.00218463
40448,0.00214593
40704,0.00209903
40960,0.00206334
41216,0.00203057
41472,0.00198831
41728,0.00194913
41984,0.00190658
42240,0.00186781
42496,0.00182413
42752,0.001796
43008,0.00176684
43264,0.00173433
43520,0.00169944
43776,0.00164252
44032,0.00160022
44288,0.00157017
44544,0.00153225
44800,0.00150151
45056,0.00146998
45312,0.00142685
45568,0.00139831
45824,0.00138145
46080,0.00136059
46336,0.00133674
46592,0.00131126
46848,0.00128877
47104,0.00126477
47360,0.00125074
47616,0.00122382
47872,0.0011936
48128,0.00115991
48384,0.00114166
48640,0.0011221
48896,0.00110059
49152,0.00106142
49408,0.00104453
49664,0.00102554
49920,0.00100841
50176,0.000986979
50432,0.000970789
50688,0.0009547
50944,0.000932957
51200,0.000921758
51456,0.000908805
51712,0.000894319
51968,0.000880703
52224,0.000863069
52480,0.000840168
52736,0.000820567
52992,0.0007971
53248,0.000787074
53504,0.00077322
53760,0.000760004
54016,0.000737408
54272,0.000719454
54528,0.000711267
54784,0.000699145
55040,0.000690244
55296,0.000682284
55552,0.000671752
55808,0.000660254
56064,0.000651188
56320,0.000644876
56576,0.000638757
56832,0.000632329
57088,0.000625226
57344,0.000620609
57600,0.000613304
57856,0.000605766
58112,0.000598728
58368,0.000593362
58624,0.000587929
58880,0.00058093
59136,0.000576737
59392,0.000569425
59648,0.000565129
59904,0.000559245
60160,0.000555274
60416,0.000550268
60672,0.000541006
60928,0.000535363
61184,0.000528019
61440,0.000523754
61696,0.000519802
61952,0.000514848
62208,0.000509887
62464,0.000503973
62720,0.000498657
62976,0.000495054
63232,0.000491999
63488,0.000487413
63744,0.000482479
64000,0.000476589
64256,0.000471591
64512,0.000466302
64768,0.000460259
65024,0.000456827
65280,0.000452893
65536,0.000449579
65792,0.000444674
66048,0.000440372
66304,0.000436544
66560,0.000432949
66816,0.000430571
67072,0.000427071
67328,0.000424439
67584,0.000420122
67840,0.000417072
68096,0.000412962
68352,0.000409471
68608,0.000407665
68864,0.000405195
69120,0.000401311
69376,0.000397754
69632,0.000395956
69888,0.000393458
70144,0.0003894
70400,0.000386481
70656,0.00038154
70912,0.000377776
71168,0.000374142
71424,0.000370818
71680,0.000368963
71936,0.000365513
72192,0.000362371
72448,0.000359553
72704,0.000356311
72960,0.000354478
73216,0.000351097
73472,0.000349201
73728,0.000344764
73984,0.000341479
74240,0.000337997
74496,0.000335371
74752,0.000331787
75008,0.000328816
75264,0.000326197
75520,0.00032373
75776,0.000321908
76032,0.000319814
76288,0.000318192
76544,0.000314399
76800,0.000312187
77056,0.000310634
77312,0.0003088
77568,0.000307236
77824,0.000304717
78080,0.000303404
78336,0.000302116
78592,0.000301111
78848,0.000299159
79104,0.000295834
79360,0.000294118
79616,0.000292183
79872,0.000290963
80128,0.000289518
80384,0.000285561
80640,0.000283459
80896,0.000282343
81152,0.000280455
81408,0.000279554
81664,0.000277666
81920,0.000273417
82176,0.00027202
82432,0.000271035
82688,0.000269821
82944,0.000267888
83200,0.00026668
83456,0.000265354
83712,0.000262973
83968,0.000261538
84224,0.000259471
84480,0.000257423
84736,0.00025582
84992,0.0002548
85248,0.000253001
85504,0.000250597
85760,0.000249115
86016,0.000248474
86272,0.00024617
86528,0.000243737
86784,0.00024223
87040,0.000241296
87296,0.000240801
87552,0.000239609
87808,0.000238771
88064,0.00023727
88320,0.000236907
88576,0.000234369
88832,0.000233343
89088,0.000231871
89344,0.000230034
89600,0.000228189
89856,0.000226928
90112,0.00022544
90368,0.000224028
90624,0.000223254
90880,0.000221492
91136,0.000220857
91392,0.000218847
91648,0.000217084
91904,0.000215132
92160,0.00021383
92416,0.000212332
92672,0.000210706
92928,0.00020995
93184,0.000209526
93440,0.000207792
93696,0.000206397
93952,0.000204935
94208,0.000202998
94464,0.000201555
94720,0.000200594
94976,0.000199779
95232,0.00019829
95488,0.000197115
95744,0.000196453
96000,0.0001953
96256,0.000193386
96512,0.000191228
96768,0.000190141
97024,0.000189043
97280,0.000188517
97536,0.000188046
97792,0.000187171
98048,0.000186565
98304,0.000185423
98560,0.000184592
98816,0.000183696
99072,0.000182758
99328,0.000182083
99584,0.000181166
99840,0.000180446
100096,0.000179777
100352,0.000179105
100608,0.000178492
100864,0.000177977
101120,0.000176665
101376,0.000175631
101632,0.000174731
101888,0.000173777
102144,0.000172405
102400,0.000171911
102656,0.000171233
102912,0.000170627
103168,0.00017049
103424,0.000170085
103680,0.000169112
103936,0.000168646
104192,0.000167933
104448,0.000167411
104704,0.000166539
104960,0.000165661
105216,0.000164655
105472,0.000163815
105728,0.000162926
105984,0.000162303
106240,0.000160795
106496,0.000159775
106752,0.000159302
107008,0.000158595
107264,0.000158176
107520,0.000157638
107776,0.000157182
108032,0.000156615
108288,0.000156405
108544,0.000154999
108800,0.000154503
109056,0.000154229
109312,0.000153331
109568,0.00015292
109824,0.000152504
110080,0.000152401
110336,0.000151732
110592,0.000150546
110848,0.000149997
111104,0.000149736
111360,0.000149173
111616,0.000148825
111872,0.00014845
112128,0.000148113
112384,0.000147686
112640,0.000147222
112896,0.000145866
113152,0.00014473
113408,0.000144071
113664,0.00014367
113920,0.000142689
114176,0.000142066
114432,0.000141746
114688,0.000141289
114944,0.000140493
115200,0.000139346
115456,0.000138919
115712,0.000136922
115968,0.000136827
116224,0.000136095
116480,0.000135858
116736,0.000135434
116992,0.000134826
117248,0.000134035
117504,0.00013367
117760,0.000133048
118016,0.000132533
118272,0.00013186
118528,0.000131197
118784,0.000130937
119040,0.00013061
119296,0.00013003
119552,0.000129769
119808,0.000128772
120064,0.000127877
120320,0.000126834
120576,0.000126119
120832,0.000125902
121088,0.000125346
121344,0.000125148
121600,0.000124979
121856,0.000124288
122112,0.000123992
122368,0.000123476
122624,0.000123347
122880,0.000123
123136,0.000122668
123392,0.000121795
123648,0.000121531
123904,0.000121394
124160,0.000121252
124416,0.000120984
124672,0.000120713
124928,0.00012032
125184,0.000120207
125440,0.000119636
125696,0.000119522
125952,0.000119311
126208,0.000119311
126464,0.000118927
126720,0.0001185
126976,0.000118111
127232,0.000117697
127488,0.000117488
127744,0.000117132
128000,0.000115752
128256,0.000115221
128512,0.000114856
128768,0.000114199
129024,0.00011272
129280,0.000112322
129536,0.00011207
129792,0.000111722
130048,0.000110899
130304,0.000110434
130560,0.000110403
130816,0.000110366
131072,0.000110189
131328,0.000109411
131584,0.000108887
131840,0.000108685
132096,0.00010799
132352,0.000107724
132608,0.000107358
132864,0.000106965
133120,0.000106542
133376,0.000105255
133632,0.000105074
133888,0.000104859
134144,0.00010391
134400,0.000103607
134656,0.000103305
134912,0.000103103
135168,0.000102853
135424,0.00010259
135680,0.000100314
135936,9.99146e-05
136192,9.98281e-05
136448,9.95265e-05
136704,9.87985e-05
136960,9.85967e-05
137216,9.84017e-05
137472,9.74534e-05
137728,9.729e-05
137984,9.70499e-05
138240,9.64446e-05
138496,9.6257e-05
138752,9.5728e-05
139008,9.5503e-05
139264,9.52038e-05
139520,9.46959e-05
139776,9.42251e-05
140032,9.41579e-05
140288,9.39984e-05
140544,9.38252e-05
140800,9.34857e-05
141056,9.32163e-05
141312,9.32006e-05
141568,9.30818e-05
141824,9.30818e-05
142080,9.30077e-05
142336,9.26783e-05
142592,9.24765e-05
142848,9.24765e-05
143104,9.21195e-05
143360,9.20057e-05
143616,9.18091e-05
143872,9.17622e-05
144128,9.14892e-05
144384,9.07951e-05
144640,9.05719e-05
144896,9.04588e-05
145152,8.95124e-05
145408,8.91937e-05
145664,8.8912e-05
145920,8.8912e-05
146176,8.8912e-05
146432,8.85511e-05
146688,8.83739e-05
146944,8.82857e-05
147200,8.80377e-05
147456,8.80377e-05
147712,8.80377e-05
147968,8.76861e-05
148224,8.68271e-05
148480,8.68271e-05
148736,8.66312e-05
148992,8.63563e-05
149248,8.61545e-05
149504,8.58875e-05
149760,8.5751e-05
150016,8.5751e-05
150272,8.5751e-05
150528,8.54918e-05
150784,8.50926e-05
151040,8.45769e-05
151296,8.44731e-05
151552,8.42714e-05
151808,8.40419e-05
152064,8.38006e-05
152320,8.36387e-05
152576,8.34008e-05
152832,8.33298e-05
153088,8.32123e-05
153344,8.28358e-05
153600,8.27917e-05
153856,8.27245e-05
154112,8.23615e-05
154368,8.14113e-05
154624,8.0642e-05
154880,8.02841e-05
155136,8.01818e-05
155392,8.00358e-05
155648,7.936e-05
155904,7.90385e-05
156160,7.87666e-05
156416,7.87228e-05
156672,7.85547e-05
156928,7.85547e-05
157184,7.85439e-05
157440,7.84393e-05
157696,7.82e-05
157952,7.81511e-05
158208,7.80839e-05
158464,7.71734e-05
158720,7.69707e-05
158976,7.68174e-05
159232,7.63218e-05
159488,7.5909e-05
159744,7.58008e-05
160000,7.57972e-05
160256,7.57299e-05
160512,7.54671e-05
160768,7.53937e-05
161024,7.5391e-05
161280,7.52592e-05
161536,7.50357e-05
161792,7.47884e-05
162048,7.46182e-05
162304,7.43848e-05
162560,7.40029e-05
162816,7.37483e-05
163072,7.37123e-05
163328,7.36601e-05
163584,7.35778e-05
163840,7.28312e-05
164096,7.27707e-05
164352,7.22489e-05
164608,7.19637e-05
164864,7.18492e-05
165120,7.10127e-05
165376,7.06858e-05
165632,7.06858e-05
165888,7.0487e-05
166144,6.98142e-05
166400,6.93451e-05
166656,6.91389e-05
166912,6.90717e-05
167168,6.88565e-05
167424,6.80628e-05
167680,6.75843e-05
167936,6.72762e-05
168192,6.72558e-05
168448,6.7054e-05
168704,6.7054e-05
168960,6.69195e-05
169216,6.63142e-05
169472,6.62557e-05
169728,6.59297e-05
169984,6.58434e-05
170240,6.58434e-05
170496,6.57762e-05
170752,6.57124e-05
171008,6.53054e-05
171264,6.53054e-05
171520,6.50364e-05
171776,6.50364e-05
172032,6.50364e-05
172288,6.49604e-05
172544,6.48346e-05
172800,6.48346e-05
173056,6.48297e-05
173312,6.43255e-05
173568,6.30187e-05
173824,6.22838e-05
174080,6.17246e-05
174336,6.14718e-05
174592,6.14718e-05
174848,6.14718e-05
175104,6.12028e-05
175360,6.12028e-05
175616,6.12028e-05
175872,6.11114e-05
176128,6.0977e-05
176384,6.07993e-05
176640,6.06595e-05
176896,6.0463e-05
177152,6.0463e-05
177408,6.03119e-05
177664,6.00595e-05
177920,5.99503e-05
178176,5.9925e-05
178432,5.9925e-05
178688,5.9526e-05
178944,5.95214e-05
179200,5.93869e-05
179456,5.93869e-05
179712,5.93869e-05
179968,5.89556e-05
180224,5.87816e-05
180480,5.84531e-05
180736,5.79746e-05
180992,5.78982e-05
181248,5.784e-05
181504,5.72617e-05
181760,5.72348e-05
182016,5.7226e-05
182272,5.71002e-05
182528,5.70774e-05
182784,5.69657e-05
183040,5.69657e-05
183296,5.68366e-05
183552,5.65675e-05
183808,5.64586e-05
184064,5.64277e-05
184320,5.57607e-05
184576,5.54318e-05
184832,5.54189e-05
185088,5.54174e-05
185344,5.52691e-05
185600,5.49281e-05
185856,5.4118e-05
186112,5.40738e-05
186368,5.36696e-05
186624,5.34012e-05
186880,5.34012e-05
187136,5.33934e-05
187392,5.31086e-05
187648,5.29977e-05
187904,5.28368e-05
188160,5.26614e-05
188416,5.23394e-05
188672,5.13404e-05
188928,5.13163e-05
189184,5.12925e-05
189440,5.10658e-05
189696,5.07125e-05
189952,5.06437e-05
190208,5.0566e-05
190464,5.05092e-05
190720,5.05092e-05
190976,5.04567e-05
191232,5.0442e-05
191488,5.02402e-05
191744,5.02402e-05
192000,4.98983e-05
192256,4.97022e-05
192512,4.95004e-05
192768,4.91703e-05
193024,4.82565e-05
193280,4.72216e-05
193536,4.7012e-05
193792,4.68896e-05
194048,4.66918e-05
194304,4.66483e-05
194560,4.62721e-05
194816,4.62721e-05
195072,4.56593e-05
195328,4.53232e-05
195584,4.51961e-05
195840,4.51288e-05
196096,4.51003e-05
196352,4.50092e-05
196608,4.4949e-05
196864,4.46245e-05
197120,4.45324e-05
197376,4.44914e-05
197632,4.4389e-05
197888,4.42559e-05
198144,4.42545e-05
198400,4.37994e-05
198656,4.35617e-05
198912,4.33728e-05
199168,4.33129e-05
199424,4.33129e-05
199680,4.33129e-05
199936,4.33129e-05
200192,4.32725e-05
200448,4.29094e-05
200704,4.29094e-05
200960,4.28515e-05
201216,4.24386e-05
201472,4.24386e-05
201728,4.23471e-05
201984,4.16908e-05
202240,4.15643e-05
202496,4.15643e-05
202752,4.14891e-05
203008,4.11598e-05
203264,4.10935e-05
203520,4.10292e-05
203776,4.0959e-05
204032,4.07572e-05
204288,4.07572e-05
204544,4.07572e-05
204800,4.07572e-05
205056,4.02842e-05
205312,3.98829e-05
205568,3.98829e-05
205824,3.91431e-05
206080,3.90602e-05
206336,3.84742e-05
206592,3.79901e-05
206848,3.77307e-05
207104,3.76622e-05
207360,3.75962e-05
207616,3.67219e-05
207872,3.66583e-05
208128,3.65201e-05
208384,3.62511e-05
208640,3.62511e-05
208896,3.61179e-05
209152,3.60493e-05
209408,3.60369e-05
209664,3.57803e-05
209920,3.57497e-05
210176,3.57131e-05
210432,3.55366e-05
210688,3.55113e-05
210944,3.55113e-05
211200,3.55113e-05
211456,3.55113e-05
211712,3.54167e-05
211968,3.53095e-05
212224,3.53095e-05
212480,3.53095e-05
212736,3.52423e-05
212992,3.52423e-05
213248,3.46093e-05
213504,3.43341e-05
213760,3.42335e-05
214016,3.42335e-05
214272,3.42335e-05
214528,3.42335e-05
214784,3.40989e-05
215040,3.40989e-05
215296,3.40989e-05
215552,3.40989e-05
215808,3.40989e-05
216064,3.40989e-05
216320,3.40989e-05
216576,3.40989e-05
216832,3.40408e-05
217088,3.40317e-05
217344,3.38729e-05
217600,3.37627e-05
217856,3.37627e-05
218112,3.37627e-05
218368,3.35319e-05
218624,3.34264e-05
218880,3.33591e-05
219136,3.30229e-05
219392,3.30212e-05
219648,3.29556e-05
219904,3.29556e-05
220160,3.29556e-05
220416,3.283e-05
220672,3.27538e-05
220928,3.27538e-05
221184,3.27538e-05
221440,3.27538e-05
221696,3.27538e-05
221952,3.2422e-05
222208,3.21127e-05
222464,3.1207e-05
222720,3.11803e-05
222976,3.10725e-05
223232,3.09857e-05
223488,3.08034e-05
223744,3.03974e-05
224000,3.00209e-05
224256,2.98812e-05
224512,2.97946e-05
224768,2.97337e-05
225024,2.96601e-05
225280,2.96601e-05
225536,2.88763e-05
225792,2.88012e-05
226048,2.87858e-05
226304,2.8785e-05
226560,2.86513e-05
226816,2.86423e-05
227072,2.8476e-05
227328,2.8046e-05
227584,2.8046e-05
227840,2.8046e-05
228096,2.8046e-05
228352,2.8046e-05
228608,2.8046e-05
228864,2.8046e-05
229120,2.8046e-05
229376,2.8046e-05
229632,2.75079e-05
229888,2.75079e-05
230144,2.74049e-05
230400,2.71717e-05
230656,2.71717e-05
230912,2.70355e-05
231168,2.69699e-05
231424,2.69699e-05
231680,2.68257e-05
231936,2.66866e-05
232192,2.6392e-05
232448,2.59254e-05
232704,2.58938e-05
232960,2.58938e-05
233216,2.58938e-05
233472,2.58938e-05
233728,2.58938e-05
233984,2.58534e-05
234240,2.57738e-05
234496,2.57593e-05
234752,2.57593e-05
235008,2.57593e-05
235264,2.57241e-05
235520,2.5692e-05
235776,2.5692e-05
236032,2.5692e-05
236288,2.5692e-05
236544,2.5692e-05
236800,2.56483e-05
237056,2.55682e-05
237312,2.54903e-05
237568,2.54903e-05
237824,2.54903e-05
238080,2.54903e-05
238336,2.54347e-05
238592,2.54046e-05
238848,2.47338e-05
239104,2.46832e-05
239360,2.46832e-05
239616,2.46832e-05
239872,2.46832e-05
240128,2.46832e-05
240384,2.46832e-05
240640,2.39447e-05
240896,2.38761e-05
241152,2.38761e-05
241408,2.38761e-05
241664,2.38761e-05
241920,2.3835e-05
242176,2.37416e-05
242432,2.36827e-05
242688,2.31363e-05
242944,2.31363e-05
243200,2.28034e-05
243456,2.26656e-05
243712,2.26656e-05
243968,2.26656e-05
244224,2.26656e-05
244480,2.26656e-05
244736,2.26656e-05
244992,2.26656e-05
245248,2.25453e-05
245504,2.24638e-05
245760,2.24638e-05
246016,2.24638e-05
246272,2.24638e-05
246528,2.24638e-05
246784,2.24638e-05
247040,2.24638e-05
247296,2.24638e-05
247552,2.24638e-05
247808,2.23965e-05
248064,2.23965e-05
248320,2.22741e-05
248576,2.2262e-05
248832,2.21742e-05
249088,2.13877e-05
249344,2.13877e-05
249600,2.13877e-05
249856,2.13877e-05
250112,2.13367e-05
250368,2.07151e-05
250624,2.07151e-05
250880,2.06479e-05
251136,2.06479e-05
251392,2.06479e-05
251648,2.06479e-05
251904,2.06384e-05
252160,2.0476e-05
252416,2.04461e-05
252672,2.04461e-05
252928,2.04461e-05
253184,2.04461e-05
253440,2.04461e-05
253696,2.04461e-05
253952,2.04461e-05
254208,2.04461e-05
254464,2.03795e-05
254720,2.03789e-05
254976,2.03789e-05
255232,2.03789e-05
255488,2.03789e-05
255744,2.03789e-05
256000,2.03789e-05
256256,2.03789e-05
256512,2.01161e-05
256768,2.01099e-05
257024,1.99069e-05
257280,1.98408e-05
257536,1.98408e-05
257792,1.98408e-05
258048,1.98408e-05
258304,1.98408e-05
258560,1.97736e-05
258816,1.9667e-05
259072,1.92493e-05
259328,1.90338e-05
259584,1.90338e-05
259840,1.90338e-05
260096,1.90338e-05
260352,1.90338e-05
260608,1.89681e-05
260864,1.87647e-05
261120,1.87346e-05
261376,1.86302e-05
261632,1.86302e-05
261888,1.86302e-05
262144,1.86302e-05
262400,1.86025e-05
262656,1.8563e-05
262912,1.8563e-05
263168,1.84957e-05
263424,1.84957e-05
263680,1.84957e-05
263936,1.84957e-05
264192,1.84957e-05
264448,1.82267e-05
264704,1.82267e-05
264960,1.82267e-05
265216,1.82267e-05
265472,1.82267e-05
265728,1.82267e-05
265984,1.82267e-05
266240,1.80463e-05
266496,1.76814e-05
266752,1.75542e-05
267008,1.75542e-05
267264,1.75542e-05
267520,1.75542e-05
267776,1.75542e-05
268032,1.73589e-05
268288,1.71506e-05
268544,1.71506e-05
268800,1.71506e-05
269056,1.71506e-05
269312,1.71252e-05
269568,1.70834e-05
269824,1.70834e-05
270080,1.70834e-05
270336,1.70834e-05
270592,1.68816e-05
270848,1.6839e-05
271104,1.65453e-05
271360,1.65453e-05
271616,1.65453e-05
271872,1.65453e-05
272128,1.65338e-05
272384,1.64781e-05
272640,1.64781e-05
272896,1.64781e-05
273152,1.64781e-05
273408,1.64781e-05
273664,1.64781e-05
273920,1.64781e-05
274176,1.64781e-05
274432,1.64781e-05
274688,1.64781e-05
274944,1.64781e-05
275200,1.64781e-05
275456,1.64781e-05
275712,1.64781e-05
275968,1.64781e-05
276224,1.64781e-05
276480,1.64781e-05
276736,1.64781e-05
276992,1.64781e-05
277248,1.64781e-05
277504,1.64781e-05
277760,1.64781e-05
278016,1.64781e-05
278272,1.64781e-05
278528,1.64781e-05
278784,1.64781e-05
279040,1.64781e-05
279296,1.64781e-05
279552,1.64781e-05
279808,1.64781e-05
280064,1.64781e-05
280320,1.64241e-05
280576,1.64108e-05
280832,1.64108e-05
281088,1.62104e-05
281344,1.60745e-05
281600,1.60745e-05
281856,1.60745e-05
282112,1.60745e-05
282368,1.60745e-05
282624,1.60745e-05
282880,1.60745e-05
283136,1.60745e-05
283392,1.60745e-05
283648,1.60745e-05
283904,1.60745e-05
284160,1.60745e-05
284416,1.60745e-05
284672,1.60745e-05
284928,1.60745e-05
285184,1.60745e-05
285440,1.60745e-05
285696,1.60745e-05
285952,1.60745e-05
286208,1.60745e-05
286464,1.60745e-05
286720,1.5848e-05
286976,1.56037e-05
287232,1.56037e-05
287488,1.56037e-05
287744,1.56037e-05
288000,1.56037e-05
288256,1.56037e-05
288512,1.56037e-05
288768,1.56037e-05
289024,1.56037e-05
289280,1.56037e-05
289536,1.55723e-05
289792,1.54105e-05
290048,1.5171e-05
290304,1.50657e-05
290560,1.50657e-05
290816,1.50657e-05
291072,1.50657e-05
291328,1.50657e-05
291584,1.4928e-05
291840,1.45949e-05
292096,1.45443e-05
292352,1.44025e-05
292608,1.43259e-05
292864,1.43259e-05
293120,1.43259e-05
293376,1.43259e-05
293632,1.42751e-05
293888,1.41471e-05
294144,1.41241e-05
294400,1.40574e-05
294656,1.40569e-05
294912,1.40569e-05
295168,1.40569e-05
295424,1.40569e-05
295680,1.40569e-05
295936,1.40569e-05
296192,1.40569e-05
296448,1.40569e-05
296704,1.40569e-05
296960,1.40569e-05
297216,1.40569e-05
297472,1.40509e-05
297728,1.36967e-05
297984,1.35188e-05
298240,1.35188e-05
298496,1.35188e-05
298752,1.35188e-05
299008,1.35188e-05
299264,1.35188e-05
299520,1.35188e-05
299776,1.35188e-05
300032,1.35188e-05
300288,1.33838e-05
300544,1.31826e-05
300800,1.31826e-05
301056,1.31826e-05
301312,1.31826e-05
301568,1.31826e-05
301824,1.31826e-05
302080,1.31826e-05
302336,1.31826e-05
302592,1.31826e-05
302848,1.31826e-05
303104,1.31826e-05
303360,1.31826e-05
303616,1.31826e-05
303872,1.30196e-05
304128,1.29135e-05
304384,1.29135e-05
304640,1.29135e-05
304896,1.29135e-05
305152,1.29135e-05
305408,1.28668e-05
305664,1.28463e-05
305920,1.28463e-05
306176,1.28289e-05
306432,1.2779e-05
306688,1.2779e-05
306944,1.2779e-05
307200,1.2779e-05
307456,1.2779e-05
307712,1.2779e-05
307968,1.2779e-05
308224,1.2779e-05
308480,1.2779e-05
308736,1.2779e-05
308992,1.2779e-05
309248,1.2779e-05
309504,1.2779e-05
309760,1.2779e-05
310016,1.25653e-05
310272,1.251e-05
310528,1.251e-05
310784,1.251e-05
311040,1.23755e-05
311296,1.23755e-05
311552,1.23755e-05
311808,1.23755e-05
312064,1.23755e-05
312320,1.23755e-05
312576,1.23755e-05
312832,1.23755e-05
313088,1.23755e-05
313344,1.23755e-05
313600,1.23755e-05
313856,1.23755e-05
314112,1.23755e-05
314368,1.23755e-05
314624,1.23755e-05
314880,1.23755e-05
315136,1.23755e-05
315392,1.23755e-05
315648,1.23755e-05
315904,1.23755e-05
316160,1.23755e-05
316416,1.23755e-05
316672,1.23755e-05
316928,1.23755e-05
317184,1.23755e-05
317440,1.23755e-05
317696,1.23755e-05
317952,1.23755e-05
318208,1.23755e-05
318464,1.23755e-05
318720,1.23755e-05
318976,1.23755e-05
319232,1.23755e-05
319488,1.22742e-05
319744,1.21737e-05
320000,1.21737e-05
320256,1.21737e-05
320512,1.21737e-05
320768,1.21737e-05
321024,1.21737e-05
321280,1.21737e-05
321536,1.21737e-05
321792,1.21737e-05
322048,1.21737e-05
322304,1.21737e-05
322560,1.21737e-05
322816,1.21708e-05
323072,1.21065e-05
323328,1.21065e-05
323584,1.21065e-05
323840,1.21065e-05
324096,1.21065e-05
324352,1.21065e-05
324608,1.21065e-05
324864,1.21065e-05
325120,1.21065e-05
325376,1.21065e-05
325632,1.21065e-05
325888,1.20396e-05
326144,1.17029e-05
326400,1.17029e-05
326656,1.11649e-05
326912,1.11649e-05
327168,1.11649e-05
327424,1.11649e-05
327680,1.11649e-05
327936,1.11649e-05
328192,1.11649e-05
328448,1.11649e-05
328704,1.11649e-05
328960,1.11649e-05
329216,1.11649e-05
329472,1.11649e-05
329728,1.11649e-05
329984,1.11649e-05
330240,1.11649e-05
330496,1.11649e-05
330752,1.11649e-05
331008,1.11649e-05
331264,1.11649e-05
331520,1.11649e-05
331776,1.11649e-05
332032,1.11649e-05
332288,1.09682e-05
332544,1.08286e-05
332800,1.08286e-05
333056,1.07346e-05
333312,1.06941e-05
333568,1.06941e-05
333824,1.06941e-05
334080,1.06941e-05
334336,1.06941e-05
334592,1.06941e-05
334848,1.06941e-05
335104,1.06941e-05
335360,1.06941e-05
335616,1.06941e-05
335872,1.06204e-05
336128,1.05415e-05
336384,1.04927e-05
336640,1.01469e-05
336896,1.00216e-05
337152,1.00216e-05
337408,1.00183e-05
337664,9.86347e-06
337920,9.8198e-06
338176,9.8198e-06
338432,9.8198e-06
338688,9.8198e-06
338944,9.8198e-06
339200,9.8198e-06
339456,9.8198e-06
339712,9.8198e-06
339968,9.8198e-06
340224,9.8198e-06
340480,9.8198e-06
340736,9.8198e-06
340992,9.8198e-06
341248,9.8198e-06
341504,9.8198e-06
341760,9.8198e-06
342016,9.8198e-06
342272,9.8198e-06
342528,9.8198e-06
342784,9.8198e-06
343040,9.8198e-06
343296,9.8198e-06
343552,9.8198e-06
343808,9.8198e-06
344064,9.8198e-06
344320,9.8198e-06
344576,9.8198e-06
344832,9.8198e-06
345088,9.8198e-06
345344,9.8198e-06
345600,9.8198e-06
345856,9.8198e-06
346112,9.8198e-06
346368,9.73914e-06
346624,9.41772e-06
346880,9.41627e-06
347136,9.41627e-06
347392,9.41627e-06
347648,9.41627e-06
347904,9.41627e-06
348160,9.41627e-06
348416,9.41627e-06
348672,9.41627e-06
348928,9.41627e-06
349184,9.41627e-06
349440,9.41627e-06
349696,9.41627e-06
349952,9.41627e-06
350208,9.41627e-06
350464,9.41627e-06
350720,9.41627e-06
350976,9.41627e-06
351232,9.41627e-06
351488,9.41627e-06
351744,9.41627e-06
352000,9.41627e-06
352256,9.41627e-06
352512,9.41627e-06
352768,9.41627e-06
353024,9.41627e-06
353280,9.41627e-06
353536,9.41627e-06
353792,9.41627e-06
354048,9.41627e-06
354304,9.41627e-06
354560,9.38563e-06
354816,9.16433e-06
355072,9.14724e-06
355328,9.14724e-06
355584,9.1177e-06
355840,9.07999e-06
356096,9.07999e-06
356352,9.07999e-06
356608,9.07999e-06
356864,9.07999e-06
357120,9.07999e-06
357376,9.07999e-06
357632,9.07999e-06
357888,9.07999e-06
358144,9.07999e-06
358400,8.98794e-06
358656,8.94548e-06
358912,8.94548e-06
359168,8.94548e-06
359424,8.94548e-06
359680,8.94548e-06
359936,8.94548e-06
360192,8.94548e-06
360448,8.94548e-06
360704,8.94548e-06
360960,8.94548e-06
361216,8.94548e-06
361472,8.94548e-06
361728,8.73561e-06
361984,8.67646e-06
362240,8.67646e-06
362496,8.67646e-06
362752,8.67646e-06
363008,8.67646e-06
363264,8.67646e-06
363520,8.67646e-06
363776,8.67646e-06
364032,8.67646e-06
364288,8.67646e-06
364544,8.67646e-06
364800,8.67646e-06
365056,8.67646e-06
365312,8.67646e-06
365568,8.67646e-06
365824,8.67646e-06
366080,8.67646e-06
366336,8.67646e-06
366592,8.67646e-06
366848,8.67646e-06
367104,8.67646e-06
367360,8.67646e-06
367616,8.67646e-06
367872,8.67646e-06
368128,8.67646e-06
368384,8.67646e-06
368640,8.67646e-06
368896,8.67646e-06
369152,8.67646e-06
369408,8.67646e-06
369664,8.66356e-06
369920,8.36218e-06
370176,8.34018e-06
370432,8.34018e-06
370688,8.34018e-06
370944,8.34018e-06
371200,8.34018e-06
371456,8.34018e-06
371712,8.34018e-06
371968,8.34018e-06
372224,8.34018e-06
372480,8.34018e-06
372736,8.34018e-06
372992,8.34018e-06
373248,8.34018e-06
373504,8.34018e-06
373760,8.34018e-06
374016,8.34018e-06
374272,8.34018e-06
374528,8.34018e-06
374784,8.34018e-06
375040,8.34018e-06
375296,8.34018e-06
375552,8.34018e-06
375808,8.34018e-06
376064,8.34018e-06
376320,8.34018e-06
376576,8.34018e-06
376832,8.34018e-06
377088,8.34018e-06
377344,8.34018e-06
377600,8.34018e-06
377856,8.34018e-06
378112,8.34018e-06
378368,8.34018e-06
378624,8.34018e-06
378880,8.34018e-06
379136,8.34018e-06
379392,8.34018e-06
379648,8.34018e-06
379904,8.34018e-06
380160,8.34018e-06
380416,8.34018e-06
380672,8.34018e-06
380928,8.34018e-06
381184,8.34018e-06
381440,8.34018e-06
381696,8.34018e-06
381952,8.34018e-06
382208,8.34018e-06
382464,8.34018e-06
382720,8.34018e-06
382976,8.34018e-06
383232,8.34018e-06
383488,8.34018e-06
383744,8.34018e-06
384000,8.34018e-06
384256,8.34018e-06
384512,8.34018e-06
384768,8.34018e-06
385024,8.34018e-06
385280,8.34018e-06
385536,8.34018e-06
385792,8.34018e-06
386048,8.34018e-06
386304,8.34018e-06
386560,8.34018e-06
386816,8.34018e-06
387072,8.34018e-06
387328,8.34018e-06
387584,8.34018e-06
387840,8.34018e-06
388096,8.34018e-06
388352,8.34018e-06
388608,8.34018e-06
388864,8.34018e-06
389120,8.34018e-06
389376,8.34018e-06
389632,8.34018e-06
389888,8.2626e-06
390144,8.07116e-06
390400,8.07116e-06
390656,8.07116e-06
390912,8.07116e-06
391168,8.07116e-06
391424,8.07116e-06
391680,8.07116e-06
391936,8.07116e-06
392192,8.07116e-06
392448,8.07116e-06
392704,8.07116e-06
392960,8.07116e-06
393216,8.07116e-06
393472,8.07116e-06
393728,8.07116e-06
393984,8.07116e-06
394240,8.07116e-06
394496,8.07116e-06
394752,8.07116e-06
395008,8.07116e-06
395264,8.07116e-06
395520,8.07116e-06
395776,8.07116e-06
396032,8.07116e-06
396288,8.07116e-06
396544,8.07116e-06
396800,8.07116e-06
397056,8.07116e-06
397312,8.07116e-06
397568,8.07116e-06
397824,8.07116e-06
398080,8.07116e-06
398336,8.07116e-06
398592,8.07116e-06
398848,8.07116e-06
399104,8.07116e-06
399360,8.07116e-06
399616,8.07116e-06
399872,8.07116e-06
400128,8.07116e-06
400384,8.07116e-06
400640,8.07116e-06
400896,8.07116e-06
401152,8.07116e-06
401408,8.07116e-06
401664,8.07116e-06
401920,8.07116e-06
402176,8.07116e-06
402432,8.07116e-06
402688,8.07116e-06
402944,8.07116e-06
403200,8.07116e-06
403456,8.07116e-06
403712,8.07116e-06
403968,8.07116e-06
404224,8.07116e-06
404480,8.07116e-06
404736,8.07116e-06
404992,8.07116e-06
405248,8.07116e-06
405504,8.07116e-06
405760,8.07116e-06
406016,7.90156e-06
406272,7.8694e-06
406528,7.8694e-06
406784,7.8694e-06
407040,7.8694e-06
407296,7.8694e-06
407552,7.8694e-06
407808,7.8694e-06
408064,7.8694e-06
408320,7.8694e-06
408576,7.8694e-06
408832,7.8694e-06
409088,7.8694e-06
409344,7.8694e-06
409600,7.85549e-06
409856,7.82276e-06
410112,7.80214e-06
410368,7.80214e-06
410624,7.80214e-06
410880,7.80214e-06
411136,7.80214e-06
411392,7.80214e-06
411648,7.80214e-06
411904,7.80214e-06
412160,7.80214e-06
412416,7.80214e-06
412672,7.80214e-06
412928,7.80214e-06
413184,7.80214e-06
413440,7.80214e-06
413696,7.80214e-06
413952,7.80214e-06
414208,7.80214e-06
414464,7.80214e-06
414720,7.80214e-06
414976,7.80214e-06
415232,7.80214e-06
415488,7.80214e-06
415744,7.80214e-06
416000,7.80214e-06
416256,7.80214e-06
416512,7.80214e-06
416768,7.80214e-06
417024,7.80214e-06
417280,7.80214e-06
417536,7.80214e-06
417792,7.80214e-06
418048,7.80214e-06
418304,7.80214e-06
418560,7.80214e-06
418816,7.80214e-06
419072,7.80214e-06
419328,7.80214e-06
419584,7.80214e-06
419840,7.80214e-06
420096,7.80214e-06
420352,7.80214e-06
420608,7.80214e-06
420864,7.80214e-06
421120,7.80214e-06
421376,7.80214e-06
421632,7.80214e-06
421888,7.80214e-06
422144,7.80214e-06
422400,7.80214e-06
422656,7.80214e-06
422912,7.80214e-06
423168,7.80214e-06
423424,7.80214e-06
423680,7.80214e-06
423936,7.80214e-06
424192,7.79722e-06
424448,7.76425e-06
424704,7.73488e-06
424960,7.73488e-06
425216,7.73488e-06
425472,7.73488e-06
425728,7.73488e-06
425984,7.73488e-06
426240,7.73488e-06
426496,7.73488e-06
426752,7.73488e-06
427008,7.73488e-06
427264,7.73488e-06
427520,7.73488e-06
427776,7.73488e-06
428032,7.73488e-06
428288,7.73488e-06
428544,7.73488e-06
428800,7.73488e-06
429056,7.73488e-06
429312,7.73488e-06
429568,7.73488e-06
429824,7.73488e-06
430080,7.73488e-06
430336,7.73488e-06
430592,7.73488e-06
430848,7.73488e-06
431104,7.73488e-06
431360,7.73488e-06
431616,7.73488e-06
431872,7.73488e-06
432128,7.73488e-06
432384,7.73488e-06
432640,7.73488e-06
432896,7.73488e-06
433152,7.64539e-06
433408,7.50996e-06
433664,7.46586e-06
433920,7.46586e-06
434176,7.36607e-06
434432,7.22541e-06
434688,7.19684e-06
434944,7.19684e-06
435200,7.19684e-06
435456,7.19684e-06
435712,7.19684e-06
435968,7.19684e-06
436224,7.19684e-06
436480,7.19684e-06
436736,7.19684e-06
436992,7.19684e-06
437248,7.19684e-06
437504,7.19684e-06
437760,7.19684e-06
438016,7.19684e-06
438272,7.19684e-06
438528,7.19684e-06
438784,7.19684e-06
439040,7.19684e-06
439296,7.19684e-06
439552,7.19684e-06
439808,7.19684e-06
440064,7.19684e-06
440320,7.19684e-06
440576,7.19684e-06
440832,7.19684e-06
441088,7.19684e-06
441344,7.19684e-06
441600,7.19684e-06
441856,7.19684e-06
442112,7.19684e-06
442368,7.19684e-06
442624,7.19684e-06
442880,7.19684e-06
443136,7.19684e-06
443392,7.19684e-06
443648,7.19684e-06
443904,7.19684e-06
444160,7.19684e-06
444416,7.19684e-06
444672,7.19684e-06
444928,7.19684e-06
445184,7.19684e-06
445440,7.19684e-06
445696,7.19684e-06
445952,7.19684e-06
446208,7.19684e-06
446464,7.19684e-06
446720,7.19684e-06
446976,7.19684e-06
447232,7.19684e-06
447488,7.19684e-06
447744,7.19684e-06
448000,7.19684e-06
448256,7.19684e-06
448512,7.19684e-06
448768,7.19684e-06
449024,7.19684e-06
449280,7.19684e-06
449536,7.19684e-06
449792,7.19684e-06
450048,7.19684e-06
450304,7.19684e-06
450560,7.09972e-06
450816,6.91668e-06
451072,6.86057e-06
451328,6.86057e-06
451584,6.86057e-06
451840,6.86057e-06
452096,6.86057e-06
452352,6.86057e-06
452608,6.86057e-06
452864,6.86057e-06
453120,6.86057e-06
453376,6.86057e-06
453632,6.86057e-06
453888,6.86057e-06
454144,6.86057e-06
454400,6.86057e-06
454656,6.86057e-06
454912,6.86057e-06
455168,6.86057e-06
455424,6.86057e-06
455680,6.86057e-06
455936,6.86057e-06
456192,6.86057e-06
456448,6.86057e-06
456704,6.86057e-06
456960,6.86057e-06
457216,6.86057e-06
457472,6.84108e-06
457728,6.80348e-06
457984,6.79331e-06
458240,6.79331e-06
458496,6.79331e-06
458752,6.79331e-06
459008,6.79331e-06
459264,6.79331e-06
459520,6.79331e-06
459776,6.79331e-06
460032,6.79331e-06
460288,6.79331e-06
460544,6.79331e-06
460800,6.79331e-06
461056,6.79331e-06
461312,6.79331e-06
461568,6.79331e-06
461824,6.79331e-06
462080,6.79331e-06
462336,6.79331e-06
462592,6.79331e-06
462848,6.79331e-06
463104,6.79331e-06
463360,6.79331e-06
463616,6.79331e-06
463872,6.79331e-06
464128,6.79331e-06
464384,6.79331e-06
464640,6.79331e-06
464896,6.79331e-06
465152,6.79331e-06
465408,6.79331e-06
465664,6.79331e-06
465920,6.79331e-06
466176,6.79331e-06
466432,6.79331e-06
466688,6.79331e-06
466944,6.79331e-06
467200,6.79331e-06
467456,6.79331e-06
467712,6.79331e-06
467968,6.60285e-06
468224,6.24336e-06
468480,6.18801e-06
468736,6.18801e-06
468992,6.18801e-06
469248,6.18801e-06
469504,6.18801e-06
469760,6.18801e-06
470016,6.18801e-06
470272,6.18801e-06
470528,6.18801e-06
470784,6.18801e-06
471040,6.18801e-06
471296,6.18801e-06
471552,6.18801e-06
471808,6.18801e-06
472064,6.18801e-06
472320,6.18801e-06
472576,6.18801e-06
472832,6.18801e-06
473088,6.18801e-06
473344,6.18801e-06
473600,6.18801e-06
473856,6.18801e-06
474112,6.18801e-06
474368,6.18801e-06
474624,6.18801e-06
474880,6.18801e-06
475136,6.18801e-06
475392,6.18801e-06
475648,6.18801e-06
475904,6.18801e-06
476160,6.18801e-06
476416,6.18801e-06
476672,6.18801e-06
476928,6.18801e-06
477184,6.18801e-06
477440,6.18801e-06
477696,6.18801e-06
477952,6.18801e-06
478208,6.18801e-06
478464,6.18801e-06
478720,6.18801e-06
478976,6.18801e-06
479232,6.18801e-06
479488,6.18801e-06
479744,6.18801e-06
480000,6.18801e-06
480256,6.18801e-06
480512,6.18801e-06
480768,6.18801e-06
481024,6.18801e-06
481280,6.18801e-06
481536,6.18801e-06
481792,6.18801e-06
482048,6.18801e-06
482304,6.18801e-06
482560,6.18801e-06
482816,6.18801e-06
483072,6.18801e-06
483328,6.18801e-06
483584,6.18801e-06
483840,6.18801e-06
484096,6.18801e-06
484352,6.18801e-06
484608,6.18801e-06
484864,6.18801e-06
485120,6.18801e-06
485376,6.18801e-06
485632,6.18801e-06
485888,6.18801e-06
486144,6.18801e-06
486400,6.18801e-06
486656,6.18801e-06
486912,6.18801e-06
487168,6.18801e-06
487424,6.18801e-06
487680,6.18801e-06
487936,6.18801e-06
488192,6.18801e-06
488448,6.18801e-06
488704,6.18801e-06
488960,6.18801e-06
489216,6.18801e-06
489472,6.18801e-06
489728,6.18801e-06
489984,6.18801e-06
490240,6.18801e-06
490496,6.18801e-06
490752,6.18801e-06
491008,6.18801e-06
491264,6.18801e-06
491520,6.18801e-06
491776,6.18801e-06
492032,6.18801e-06
492288,6.18801e-06
492544,6.18801e-06
492800,6.18801e-06
493056,6.18801e-06
493312,6.18801e-06
493568,6.18801e-06
493824,6.18801e-06
494080,6.18801e-06
494336,6.18801e-06
494592,6.18801e-06
494848,6.18801e-06
495104,6.18801e-06
495360,6.18801e-06
495616,6.18801e-06
495872,6.18801e-06
496128,6.18801e-06
496384,6.18801e-06
496640,6.18801e-06
496896,6.18801e-06
497152,6.18801e-06
497408,6.18801e-06
497664,6.18801e-06
497920,6.18801e-06
498176,6.18801e-06
498432,6.18801e-06
498688,6.18801e-06
498944,6.18801e-06
499200,6.18801e-06
499456,6.18801e-06
499712,6.18801e-06
499968,6.18801e-06
500224,6.18801e-06
500480,6.18801e-06
500736,6.18801e-06
500992,6.18801e-06
501248,6.18801e-06
501504,6.18801e-06
501760,6.18801e-06
502016,6.18801e-06
502272,6.18801e-06
502528,6.18801e-06
502784,6.18801e-06
503040,6.18801e-06
503296,6.18801e-06
503552,6.18801e-06
503808,6.18801e-06
504064,6.18801e-06
504320,6.18801e-06
504576,6.18801e-06
504832,6.18801e-06
505088,6.18801e-06
505344,6.18801e-06
505600,6.18801e-06
505856,6.18801e-06
506112,6.18801e-06
506368,6.18801e-06
506624,6.18801e-06
506880,6.18801e-06
507136,6.18801e-06
507392,6.18801e-06
507648,6.18801e-06
507904,6.18801e-06
508160,6.18801e-06
508416,6.18801e-06
508672,6.18801e-06
508928,6.18801e-06
509184,6.18801e-06
509440,6.18801e-06
509696,6.18801e-06
509952,6.18801e-06
510208,6.18801e-06
510464,6.18801e-06
510720,6.18801e-06
510976,6.18801e-06
511232,6.18801e-06
511488,6.18801e-06
511744,6.18801e-06
512000,6.18801e-06
512256,6.18801e-06
512512,6.18801e-06
512768,6.18801e-06
513024,6.18801e-06
513280,6.18801e-06
513536,6.18801e-06
513792,6.18801e-06
514048,6.18801e-06
514304,6.18801e-06
514560,6.18801e-06
514816,6.18801e-06
515072,6.18801e-06
515328,6.18801e-06
515584,6.18801e-06
515840,6.18801e-06
516096,6.18801e-06
516352,6.18801e-06
516608,6.18801e-06
516864,6.18801e-06
517120,6.18801e-06
517376,6.18801e-06
517632,6.18801e-06
517888,6.18801e-06
518144,6.18801e-06
518400,6.18801e-06
518656,6.18801e-06
518912,6.18801e-06
519168,6.18801e-06
519424,6.18801e-06
519680,6.18801e-06
519936,6.18801e-06
520192,6.18801e-06
520448,6.18801e-06
520704,6.18801e-06
520960,6.18801e-06
521216,6.18801e-06
521472,6.18801e-06
521728,6.18801e-06
521984,6.18801e-06
522240,6.18801e-06
522496,6.18801e-06
522752,6.18801e-06
523008,6.18801e-06
523264,6.18801e-06
523520,6.18801e-06
523776,6.18801e-06
524032,6.18801e-06
524288,6.18801e-06
524544,6.18801e-06
524800,6.18801e-06
525056,6.18801e-06
525312,6.18801e-06
525568,6.18801e-06
525824,6.18801e-06
526080,6.18801e-06
526336,6.18801e-06
526592,6.18801e-06
526848,6.18801e-06
527104,6.18801e-06
527360,6.18801e-06
527616,6.18801e-06
527872,6.18801e-06
528128,6.18801e-06
528384,6.18801e-06
528640,6.18801e-06
528896,6.18801e-06
529152,6.18801e-06
529408,6.18801e-06
529664,6.18801e-06
529920,6.18801e-06
530176,6.18801e-06
530432,6.18801e-06
530688,6.18801e-06
530944,6.18801e-06
531200,6.18801e-06
531456,6.18801e-06
531712,6.18801e-06
531968,6.18801e-06
532224,6.18801e-06
532480,6.18801e-06
532736,6.18801e-06
532992,6.18801e-06
533248,6.18801e-06
533504,6.18801e-06
533760,6.18801e-06
534016,6.18801e-06
534272,6.18801e-06
534528,6.18801e-06
534784,6.18801e-06
535040,6.18801e-06
535296,6.18801e-06
535552,6.18801e-06
535808,6.18801e-06
536064,6.18801e-06
536320,6.18801e-06
536576,6.18801e-06
536832,6.18801e-06
537088,6.18801e-06
537344,6.18801e-06
537600,6.18801e-06
537856,6.18801e-06
538112,6.18801e-06
538368,6.18801e-06
538624,6.18801e-06
538880,6.18801e-06
539136,6.18801e-06
539392,6.18801e-06
539648,6.18801e-06
539904,6.18801e-06
540160,6.18801e-06
540416,6.18801e-06
540672,6.18801e-06
540928,6.18801e-06
541184,6.18801e-06
541440,6.18801e-06
541696,6.18801e-06
541952,6.18801e-06
542208,6.18801e-06
542464,6.18801e-06
542720,6.18801e-06
542976,6.18801e-06
543232,6.18801e-06
543488,6.18801e-06
543744,6.18801e-06
544000,6.18801e-06
544256,6.18801e-06
544512,6.18801e-06
544768,6.18801e-06
545024,6.18801e-06
545280,6.18801e-06
545536,6.18801e-06
545792,6.18801e-06
546048,6.18801e-06
546304,6.18801e-06
546560,6.18801e-06
546816,6.18801e-06
547072,6.18801e-06
547328,6.18801e-06
547584,6.18801e-06
547840,6.18801e-06
548096,6.18801e-06
548352,6.18801e-06
548608,6.18801e-06
548864,6.18801e-06
549120,6.18801e-06
549376,6.18801e-06
549632,6.18801e-06
549888,6.18801e-06
550144,6.18801e-06
550400,6.18801e-06
550656,6.18801e-06
550912,6.18801e-06
551168,6.18801e-06
551424,6.18801e-06
551680,6.18801e-06
551936,6.18801e-06
552192,6.18801e-06
552448,6.18801e-06
552704,6.18801e-06
552960,6.18801e-06
553216,6.18801e-06
553472,6.18801e-06
553728,6.18801e-06
553984,6.18801e-06
554240,6.18801e-06
554496,6.18801e-06
554752,6.18801e-06
555008,6.18801e-06
555264,6.18801e-06
555520,6.18801e-06
555776,6.18801e-06
556032,6.18801e-06
556288,6.18801e-06
556544,6.18801e-06
556800,6.18801e-06
557056,6.18801e-06
557312,6.18801e-06
557568,6.18801e-06
557824,6.18801e-06
558080,6.18801e-06
558336,6.18801e-06
558592,6.18801e-06
558848,6.18801e-06
559104,6.18801e-06
559360,6.18801e-06
559616,6.18801e-06
559872,6.18801e-06
560128,6.18801e-06
560384,6.18801e-06
560640,6.18801e-06
560896,6.18801e-06
561152,6.18801e-06
561408,6.18801e-06
561664,6.18801e-06
561920,6.18801e-06
562176,6.18801e-06
562432,6.18801e-06
562688,6.18801e-06
562944,6.18801e-06
563200,6.18801e-06
563456,6.18801e-06
563712,6.18801e-06
563968,6.18801e-06
564224,6.18801e-06
564480,6.18801e-06
564736,6.18801e-06
564992,6.18801e-06
565248,6.18801e-06
565504,6.18801e-06
565760,6.18801e-06
566016,6.18801e-06
566272,6.18801e-06
566528,6.18801e-06
566784,6.18801e-06
567040,6.18801e-06
567296,6.18801e-06
567552,6.18801e-06
567808,6.18801e-06
568064,6.18801e-06
568320,6.18801e-06
568576,6.18801e-06
568832,6.18801e-06
569088,6.18801e-06
569344,6.18801e-06
569600,6.18801e-06
569856,6.18801e-06
570112,6.18801e-06
570368,6.18801e-06
570624,6.18801e-06
570880,6.18801e-06
571136,6.18801e-06
571392,6.18801e-06
571648,6.18801e-06
571904,6.18801e-06
572160,6.18801e-06
572416,6.18801e-06
572672,6.18801e-06
572928,6.18801e-06
573184,6.18801e-06
573440,6.18801e-06
573696,6.18801e-06
573952,6.18801e-06
574208,6.18801e-06
574464,6.18801e-06
574720,6.18801e-06
574976,6.18801e-06
575232,6.18801e-06
575488,6.18801e-06
575744,6.18801e-06
576000,6.18801e-06
576256,6.18801e-06
576512,6.18801e-06
576768,6.18801e-06
577024,6.18801e-06
577280,6.18801e-06
577536,6.18801e-06
577792,6.18801e-06
578048,6.18801e-06
578304,6.18801e-06
578560,6.18801e-06
578816,6.18801e-06
579072,6.18801e-06
579328,6.18801e-06
579584,6.18801e-06
579840,6.18801e-06
580096,6.18801e-06
580352,6.18801e-06
580608,6.18801e-06
580864,6.18801e-06
581120,6.18801e-06
581376,6.18801e-06
581632,6.18801e-06
581888,6.18801e-06
582144,6.18801e-06
582400,6.18801e-06
582656,6.18801e-06
582912,6.18801e-06
583168,6.18801e-06
583424,6.18801e-06
583680,6.18801e-06
583936,6.18801e-06
584192,6.18801e-06
584448,6.18801e-06
584704,6.18801e-06
584960,6.18801e-06
585216,6.18801e-06
585472,6.18801e-06
585728,6.18801e-06
585984,6.18801e-06
586240,6.18801e-06
586496,6.18801e-06
586752,6.18801e-06
587008,6.18801e-06
587264,6.18801e-06
587520,6.18801e-06
587776,6.18801e-06
588032,6.18801e-06
588288,6.18801e-06
588544,6.18801e-06
588800,6.18801e-06
589056,6.18801e-06
589312,6.18801e-06
589568,6.18801e-06
589824,6.18801e-06
590080,6.18801e-06
590336,6.18801e-06
590592,6.18801e-06
590848,6.18801e-06
591104,6.18801e-06
591360,6.18801e-06
591616,6.18801e-06
591872,6.18801e-06
592128,6.18801e-06
592384,6.18801e-06
592640,6.18801e-06
592896,6.18801e-06
593152,6.18801e-06
593408,6.18801e-06
593664,6.18801e-06
593920,6.18801e-06
594176,6.18801e-06
594432,6.18801e-06
594688,6.18801e-06
594944,6.18801e-06
595200,6.18801e-06
595456,6.18801e-06
595712,6.18801e-06
595968,6.18801e-06
596224,6.18801e-06
596480,6.18801e-06
596736,6.18801e-06
596992,6.18801e-06
597248,6.18801e-06
597504,6.18801e-06
597760,6.18801e-06
598016,6.18801e-06
598272,6.18801e-06
598528,6.18801e-06
598784,6.18801e-06
599040,6.18801e-06
599296,6.18801e-06
599552,6.18801e-06
599808,6.18801e-06
600064,6.18801e-06
600320,6.18801e-06
600576,6.18801e-06
600832,6.18801e-06
601088,6.18801e-06
601344,6.18801e-06
601600,6.18801e-06
601856,6.18801e-06
602112,6.18801e-06
602368,6.18801e-06
602624,6.18801e-06
602880,6.18801e-06
603136,6.18801e-06
603392,6.18801e-06
603648,6.18801e-06
603904,6.18801e-06
604160,6.18801e-06
604416,6.18801e-06
604672,6.18801e-06
604928,6.18801e-06
605184,6.18801e-06
605440,6.18801e-06
605696,6.18801e-06
605952,6.18801e-06
606208,6.18801e-06
606464,6.18801e-06
606720,6.18801e-06
606976,6.18801e-06
607232,6.18801e-06
607488,6.18801e-06
607744,6.18801e-06
608000,5.98342e-06
608256,5.72037e-06
608512,5.44463e-06
608768,5.38095e-06
609024,5.38095e-06
609280,5.38095e-06
609536,5.38095e-06
609792,5.38095e-06
610048,5.38095e-06
610304,5.38095e-06
610560,5.38095e-06
610816,5.38095e-06
611072,5.38095e-06
611328,5.38095e-06
611584,5.38095e-06
611840,5.38095e-06
612096,5.38095e-06
612352,5.38095e-06
612608,5.38095e-06
612864,5.38095e-06
613120,5.38095e-06
613376,5.38095e-06
613632,5.38095e-06
613888,5.38095e-06
614144,5.38095e-06
614400,5.38095e-06
614656,5.38095e-06
614912,5.38095e-06
615168,5.38095e-06
615424,5.38095e-06
615680,5.38095e-06
615936,5.38095e-06
616192,5.38095e-06
616448,5.38095e-06
616704,5.38095e-06
616960,5.38095e-06
617216,5.38095e-06
617472,5.38095e-06
617728,5.38095e-06
617984,5.38095e-06
618240,5.38095e-06
618496,5.38095e-06
618752,5.38095e-06
619008,5.38095e-06
619264,5.38095e-06
619520,5.38095e-06
619776,5.38095e-06
620032,5.38095e-06
620288,5.38095e-06
620544,5.38095e-06
620800,5.38095e-06
621056,5.38095e-06
621312,5.38095e-06
621568,5.38095e-06
621824,5.38095e-06
622080,5.38095e-06
622336,5.38095e-06
622592,5.38095e-06
622848,5.38095e-06
623104,5.38095e-06
623360,5.38095e-06
623616,5.38095e-06
623872,5.38095e-06
624128,5.38095e-06
624384,5.38095e-06
624640,5.38095e-06
624896,5.38095e-06
625152,5.38095e-06
625408,5.38095e-06
625664,5.38095e-06
625920,5.38095e-06
626176,5.38095e-06
626432,5.38095e-06
626688,5.38095e-06
626944,5.38095e-06
627200,5.38095e-06
627456,5.38095e-06
627712,5.38095e-06
627968,5.38095e-06
628224,5.38095e-06
628480,5.38095e-06
628736,5.38095e-06
628992,5.38095e-06
629248,5.38095e-06
629504,5.38095e-06
629760,5.38095e-06
630016,5.38095e-06
630272,5.38095e-06
630528,5.38095e-06
630784,5.38095e-06
631040,5.38095e-06
631296,5.38095e-06
631552,5.38095e-06
631808,5.38095e-06
632064,5.38095e-06
632320,5.38095e-06
632576,5.38095e-06
632832,5.38095e-06
633088,5.38095e-06
633344,5.38095e-06
633600,5.38095e-06
633856,5.38095e-06
634112,5.38095e-06
634368,5.38095e-06
634624,5.38095e-06
634880,5.38095e-06
635136,5.38095e-06
635392,5.38095e-06
635648,5.38095e-06
635904,5.38095e-06
636160,5.38095e-06
636416,5.38095e-06
636672,5.38095e-06
636928,5.38095e-06
637184,5.38095e-06
637440,5.38095e-06
637696,5.38095e-06
637952,5.38095e-06
638208,5.38095e-06
638464,5.38095e-06
638720,5.38095e-06
638976,5.38095e-06
639232,5.38095e-06
639488,5.38095e-06
639744,5.38095e-06
640000,5.38095e-06
640256,5.38095e-06
640512,5.38095e-06
640768,5.38095e-06
641024,5.38095e-06
641280,5.38095e-06
641536,5.38095e-06
641792,5.38095e-06
642048,5.38095e-06
642304,5.38095e-06
642560,5.38095e-06
642816,5.38095e-06
643072,5.38095e-06
643328,5.38095e-06
643584,5.38095e-06
643840,5.38095e-06
644096,5.38095e-06
644352,5.38095e-06
644608,5.38095e-06
644864,5.38095e-06
645120,5.38095e-06
645376,5.38095e-06
645632,5.38095e-06
645888,5.38095e-06
646144,5.38095e-06
646400,5.38095e-06
646656,5.38095e-06
646912,5.38095e-06
647168,5.38095e-06
647424,5.38095e-06
647680,5.38095e-06
647936,5.38095e-06
648192,5.38095e-06
648448,5.38095e-06
648704,5.38095e-06
648960,5.38095e-06
649216,5.38095e-06
649472,5.38095e-06
649728,5.38095e-06
649984,5.38095e-06
650240,5.38095e-06
650496,5.38095e-06
650752,5.38095e-06
651008,5.38095e-06
651264,5.36532e-06
651520,5.31729e-06
651776,5.26882e-06
652032,5.24644e-06
652288,5.24644e-06
652544,5.24644e-06
652800,5.24644e-06
653056,5.24644e-06
653312,5.24644e-06
653568,5.24644e-06
653824,5.24644e-06
654080,5.24644e-06
654336,5.24644e-06
654592,5.24644e-06
654848,5.24644e-06
655104,5.24644e-06
655360,5.24644e-06
655616,5.24644e-06
655872,5.24644e-06
656128,5.24644e-06
656384,5.24644e-06
656640,5.24644e-06
656896,5.24644e-06
657152,5.24644e-06
657408,5.24644e-06
657664,5.24644e-06
657920,5.24644e-06
658176,5.24644e-06
658432,5.24644e-06
658688,5.24644e-06
658944,5.24644e-06
659200,5.24644e-06
659456,5.24644e-06
659712,5.24644e-06
659968,5.24644e-06
660224,5.24644e-06
660480,5.24644e-06
660736,5.24644e-06
660992,5.24644e-06
661248,5.24644e-06
661504,5.24644e-06
661760,5.24644e-06
662016,5.24644e-06
662272,5.24644e-06
662528,5.24644e-06
662784,5.24644e-06
663040,5.24644e-06
663296,5.24644e-06
663552,5.24644e-06
663808,5.24644e-06
664064,5.24644e-06
664320,5.24644e-06
664576,5.24644e-06
664832,5.24644e-06
665088,5.24644e-06
665344,5.24644e-06
665600,5.24644e-06
665856,5.24644e-06
666112,5.24644e-06
666368,5.24644e-06
666624,5.24644e-06
666880,5.24644e-06
667136,5.24644e-06
667392,5.24644e-06
667648,5.24644e-06
667904,5.24644e-06
668160,5.24644e-06
668416,5.24644e-06
668672,5.24644e-06
668928,5.24644e-06
669184,5.24644e-06
669440,5.24644e-06
669696,5.24644e-06
669952,5.24644e-06
670208,5.24644e-06
670464,5.24644e-06
670720,5.24644e-06
670976,5.24644e-06
671232,5.24644e-06
671488,5.24644e-06
671744,5.24644e-06
672000,5.24644e-06
672256,5.24644e-06
672512,5.24644e-06
672768,5.24644e-06
673024,5.24644e-06
673280,5.24644e-06
673536,5.24644e-06
673792,5.24644e-06
674048,5.24644e-06
674304,5.24644e-06
674560,5.24644e-06
674816,5.24644e-06
675072,5.24644e-06
675328,5.24644e-06
675584,5.24644e-06
675840,5.24644e-06
676096,5.24644e-06
676352,5.24644e-06
676608,5.24644e-06
676864,5.24644e-06
677120,5.24644e-06
677376,5.24644e-06
677632,5.24644e-06
677888,5.24644e-06
678144,5.24644e-06
678400,5.24644e-06
678656,5.24644e-06
678912,5.24644e-06
679168,5.24644e-06
679424,5.24644e-06
679680,5.24644e-06
679936,5.24644e-06
680192,5.24644e-06
680448,5.24644e-06
680704,5.24644e-06
680960,5.24644e-06
681216,5.24644e-06
681472,5.24644e-06
681728,5.24644e-06
681984,5.24644e-06
682240,5.24644e-06
682496,5.24644e-06
682752,5.24644e-06
683008,5.24644e-06
683264,5.24644e-06
683520,5.24644e-06
683776,5.24644e-06
684032,5.24644e-06
684288,5.24644e-06
684544,5.24644e-06
684800,5.24644e-06
685056,5.24644e-06
685312,5.24644e-06
685568,5.24644e-06
685824,5.24644e-06
686080,5.24644e-06
686336,5.24644e-06
686592,5.24644e-06
686848,5.24644e-06
687104,5.24644e-06
687360,5.24644e-06
687616,5.24644e-06
687872,5.24644e-06
688128,5.24644e-06
688384,5.24644e-06
688640,5.24644e-06
688896,5.24644e-06
689152,5.24644e-06
689408,5.13413e-06
689664,4.98196e-06
689920,4.84291e-06
690176,4.84291e-06
690432,4.84291e-06
690688,4.84291e-06
690944,4.84291e-06
691200,4.84291e-06
691456,4.84291e-06
691712,4.84291e-06
691968,4.84291e-06
692224,4.84291e-06
692480,4.84291e-06
692736,4.84291e-06
692992,4.84291e-06
693248,4.84291e-06
693504,4.84291e-06
693760,4.84291e-06
694016,4.84291e-06
694272,4.84291e-06
694528,4.84291e-06
694784,4.84291e-06
695040,4.84291e-06
695296,4.84291e-06
695552,4.84291e-06
695808,4.84291e-06
696064,4.84291e-06
696320,4.84291e-06
696576,4.84291e-06
696832,4.84291e-06
697088,4.84291e-06
697344,4.84291e-06
697600,4.84291e-06
697856,4.84291e-06
698112,4.84291e-06
698368,4.84291e-06
698624,4.84291e-06
698880,4.84291e-06
699136,4.84291e-06
699392,4.84291e-06
699648,4.84291e-06
699904,4.84291e-06
