cache_lines,MRC
256,0.0283739
512,0.00815754
768,0.00752318
1024,0.0070859
1280,0.00669138
1536,0.006413
1792,0.00621287
2048,0.00600387
2304,0.0058402
2560,0.00571248
2816,0.00560812
3072,0.00552464
3328,0.00545855
3584,0.00540175
3840,0.00535436
4096,0.00531299
4352,0.00527928
4608,0.00524189
4864,0.00521359
5120,0.00518927
5376,0.00516233
5632,0.00514144
5888,0.00512097
6144,0.00509827
6400,0.00507826
6656,0.00505912
6912,0.00503751
7168,0.00501706
7424,0.00499482
7680,0.00497528
7936,0.00495148
8192,0.00492925
8448,0.00490857
8704,0.00488589
8960,0.00486528
9216,0.0048412
9472,0.00481282
9728,0.00478621
9984,0.00476107
10240,0.00473808
10496,0.00471616
10752,0.00469579
11008,0.00467317
11264,0.00464988
11520,0.00462697
11776,0.00460263
12032,0.00457809
12288,0.00454921
12544,0.00452114
12800,0.00448885
13056,0.00445926
13312,0.00442678
13568,0.00439985
13824,0.00436697
14080,0.00433784
14336,0.00430914
14592,0.00428051
14848,0.00424876
15104,0.00421745
15360,0.00418488
15616,0.00414746
15872,0.00411099
16128,0.00407859
16384,0.00404807
16640,0.00401819
16896,0.0039842
17152,0.00394765
17408,0.0039151
17664,0.00388015
17920,0.00383818
18176,0.00379392
18432,0.00375514
18688,0.00370959
18944,0.00366408
19200,0.00361941
19456,0.00357385
19712,0.00351892
19968,0.00346913
20224,0.00342385
20480,0.0033679
20736,0.00330808
20992,0.00326287
21248,0.00321078
21504,0.00316422
21760,0.00311988
22016,0.00307036
22272,0.00302099
22528,0.00296507
22784,0.00291787
23040,0.00286223
23296,0.00280764
23552,0.00275568
23808,0.00269363
24064,0.00263699
24320,0.00259083
24576,0.00253223
24832,0.0024631
25088,0.00240215
25344,0.00235312
25600,0.00230978
25856,0.00226403
26112,0.00221841
26368,0.00217214
26624,0.00212851
26880,0.00208871
27136,0.00205066
27392,0.00200777
27648,0.00196711
27904,0.00192694
28160,0.00188481
28416,0.0018449
28672,0.00180781
28928,0.00177096
29184,0.0017366
29440,0.00170317
29696,0.00166351
29952,0.00162755
30208,0.00158771
30464,0.00155137
30720,0.00151561
30976,0.00147955
31232,0.00144846
31488,0.00141683
31744,0.00138857
32000,0.00135806
32256,0.00132076
32512,0.00128527
32768,0.00124915
33024,0.00121331
33280,0.00118735
33536,0.00115889
33792,0.00113058
34048,0.00110225
34304,0.00107335
34560,0.00104515
34816,0.00101661
35072,0.000988458
35328,0.000964043
35584,0.00094277
35840,0.000918014
36096,0.000890632
36352,0.000866546
36608,0.000846895
36864,0.000822073
37120,0.000802105
37376,0.000784307
37632,0.000766949
37888,0.000751009
38144,0.000733284
38400,0.000718912
38656,0.000697578
38912,0.000679702
39168,0.000664139
39424,0.000649717
39680,0.000637864
39936,0.000623507
40192,0.000612356
40448,0.000599732
40704,0.000587578
40960,0.00057845
41216,0.000568399
41472,0.000555545
41728,0.00054402
41984,0.000534115
42240,0.0005197
42496,0.000511318
42752,0.000503533
43008,0.000495034
43264,0.000485831
43520,0.000471436
43776,0.000456463
44032,0.00044621
44288,0.000435299
44544,0.000426279
44800,0.000416799
45056,0.000406328
45312,0.000396189
45568,0.000390578
45824,0.000385439
46080,0.000378547
46336,0.00037277
46592,0.000366171
46848,0.000359434
47104,0.000354225
47360,0.000346895
47616,0.000338256
47872,0.000328474
48128,0.000322902
48384,0.000318093
48640,0.000312253
48896,0.00030258
49152,0.000297457
49408,0.000292198
49664,0.000287727
49920,0.000280759
50176,0.000275469
50432,0.000271191
50688,0.000265283
50944,0.000261931
51200,0.000257968
51456,0.000254381
51712,0.000251325
51968,0.000246068
52224,0.000239611
52480,0.000234378
52736,0.00022747
52992,0.000224239
53248,0.000220019
53504,0.000216149
53760,0.000209689
54016,0.000205075
54272,0.000202336
54528,0.000199243
54784,0.000196799
55040,0.000194639
55296,0.000191834
55552,0.000188416
55808,0.000185395
56064,0.000183698
56320,0.000181824
56576,0.000180122
56832,0.000178283
57088,0.000177032
57344,0.000174961
57600,0.000172917
57856,0.000170915
58112,0.000169627
58368,0.000168044
58624,0.000165949
58880,0.000164389
59136,0.000162015
59392,0.000160622
59648,0.000158716
59904,0.000157117
60160,0.000155495
60416,0.000153317
60672,0.000151726
60928,0.000150064
61184,0.000148763
61440,0.000147408
61696,0.000146167
61952,0.000144441
62208,0.000142924
62464,0.000141616
62720,0.000140579
62976,0.000139773
63232,0.000138637
63488,0.000136928
63744,0.000135406
64000,0.000134076
64256,0.000132546
64512,0.00013122
64768,0.000130224
65024,0.000128548
65280,0.000127756
65536,0.000126765
65792,0.000125959
66048,0.000124689
66304,0.000123627
66560,0.000122902
66816,0.00012169
67072,0.000120803
67328,0.000119537
67584,0.000118408
67840,0.000117214
68096,0.000116002
68352,0.000115411
68608,0.000114697
68864,0.00011393
69120,0.000113248
69376,0.000112592
69632,0.00011169
69888,0.00011086
70144,0.000109801
70400,0.000108554
70656,0.000107555
70912,0.000106505
71168,0.000105718
71424,0.00010507
71680,0.000103825
71936,0.000102877
72192,0.000102172
72448,0.00010139
72704,0.000100418
72960,9.97679e-05
73216,9.90188e-05
73472,9.78947e-05
73728,9.71111e-05
73984,9.60341e-05
74240,9.51953e-05
74496,9.43797e-05
74752,9.36381e-05
75008,9.29409e-05
75264,9.22968e-05
75520,9.1765e-05
75776,9.08106e-05
76032,9.03892e-05
76288,8.94135e-05
76544,8.87039e-05
76800,8.82069e-05
77056,8.75967e-05
77312,8.70794e-05
77568,8.61753e-05
77824,8.57515e-05
78080,8.51407e-05
78336,8.47298e-05
78592,8.45081e-05
78848,8.35137e-05
79104,8.30412e-05
79360,8.25572e-05
79616,8.20656e-05
79872,8.15779e-05
80128,8.04931e-05
80384,8.00398e-05
80640,7.96163e-05
80896,7.90375e-05
81152,7.85091e-05
81408,7.76126e-05
81664,7.6828e-05
81920,7.61069e-05
82176,7.56898e-05
82432,7.52108e-05
82688,7.48225e-05
82944,7.45478e-05
83200,7.40626e-05
83456,7.34959e-05
83712,7.28967e-05
83968,7.24215e-05
84224,7.17948e-05
84480,7.13938e-05
84736,7.10055e-05
84992,7.04313e-05
85248,6.98185e-05
85504,6.94241e-05
85760,6.88111e-05
86016,6.81889e-05
86272,6.77099e-05
86528,6.72629e-05
86784,6.70931e-05
87040,6.67961e-05
87296,6.65569e-05
87552,6.60946e-05
87808,6.58114e-05
88064,6.51437e-05
88320,6.49135e-05
88576,6.41919e-05
88832,6.34957e-05
89088,6.2862e-05
89344,6.26934e-05
89600,6.2351e-05
89856,6.20932e-05
90112,6.19023e-05
90368,6.1459e-05
90624,6.12074e-05
90880,6.05866e-05
91136,6.01825e-05
91392,5.95729e-05
91648,5.94027e-05
91904,5.9041e-05
92160,5.88146e-05
92416,5.86667e-05
92672,5.83485e-05
92928,5.79322e-05
93184,5.7639e-05
93440,5.72847e-05
93696,5.68126e-05
93952,5.64816e-05
94208,5.61793e-05
94464,5.57937e-05
94720,5.54456e-05
94976,5.51806e-05
95232,5.50714e-05
95488,5.45956e-05
95744,5.37453e-05
96000,5.32961e-05
96256,5.30224e-05
96512,5.26714e-05
96768,5.25035e-05
97024,5.23219e-05
97280,5.19995e-05
97536,5.16563e-05
97792,5.13692e-05
98048,5.09651e-05
98304,5.08892e-05
98560,5.08349e-05
98816,5.05748e-05
99072,5.04224e-05
99328,5.01697e-05
99584,4.99941e-05
99840,4.98732e-05
100096,4.97085e-05
100352,4.92461e-05
100608,4.88733e-05
100864,4.86729e-05
101120,4.82639e-05
101376,4.80141e-05
101632,4.78297e-05
101888,4.75432e-05
102144,4.72723e-05
102400,4.71551e-05
102656,4.6932e-05
102912,4.67971e-05
103168,4.65074e-05
103424,4.63388e-05
103680,4.60847e-05
103936,4.58805e-05
104192,4.56968e-05
104448,4.55312e-05
104704,4.53736e-05
104960,4.52979e-05
105216,4.50745e-05
105472,4.47124e-05
105728,4.45857e-05
105984,4.44284e-05
106240,4.42475e-05
106496,4.41221e-05
106752,4.4086e-05
107008,4.39937e-05
107264,4.38673e-05
107520,4.36537e-05
107776,4.34722e-05
108032,4.33984e-05
108288,4.33136e-05
108544,4.31362e-05
108800,4.30962e-05
109056,4.30098e-05
109312,4.27525e-05
109568,4.24563e-05
109824,4.23172e-05
110080,4.21671e-05
110336,4.1879e-05
110592,4.16648e-05
110848,4.15622e-05
111104,4.13849e-05
111360,4.12048e-05
111616,4.09918e-05
111872,4.07541e-05
112128,4.03389e-05
112384,4.02057e-05
112640,4.00014e-05
112896,3.97238e-05
113152,3.96195e-05
113408,3.93295e-05
113664,3.915e-05
113920,3.89761e-05
114176,3.86541e-05
114432,3.83491e-05
114688,3.7965e-05
114944,3.78594e-05
115200,3.78209e-05
115456,3.7648e-05
115712,3.7496e-05
115968,3.73147e-05
116224,3.72219e-05
116480,3.71482e-05
116736,3.6906e-05
116992,3.66537e-05
117248,3.64628e-05
117504,3.62906e-05
117760,3.62643e-05
118016,3.61844e-05
118272,3.59364e-05
118528,3.5715e-05
118784,3.55414e-05
119040,3.51455e-05
119296,3.50419e-05
119552,3.48347e-05
119808,3.46921e-05
120064,3.4643e-05
120320,3.45749e-05
120576,3.42712e-05
120832,3.41075e-05
121088,3.39489e-05
121344,3.38651e-05
121600,3.36648e-05
121856,3.35601e-05
122112,3.34969e-05
122368,3.34287e-05
122624,3.3307e-05
122880,3.32045e-05
123136,3.31855e-05
123392,3.3061e-05
123648,3.2978e-05
123904,3.27936e-05
124160,3.2709e-05
124416,3.27026e-05
124672,3.2686e-05
124928,3.24718e-05
125184,3.2364e-05
125440,3.22862e-05
125696,3.21132e-05
125952,3.20764e-05
126208,3.19857e-05
126464,3.16046e-05
126720,3.14445e-05
126976,3.13107e-05
127232,3.11426e-05
127488,3.10461e-05
127744,3.09025e-05
128000,3.08863e-05
128256,3.07918e-05
128512,3.05779e-05
128768,3.04797e-05
129024,3.0457e-05
129280,3.04233e-05
129536,3.02801e-05
129792,3.01361e-05
130048,3.00618e-05
130304,2.99722e-05
130560,2.97306e-05
130816,2.95809e-05
131072,2.93934e-05
131328,2.92497e-05
131584,2.89319e-05
131840,2.88415e-05
132096,2.87885e-05
132352,2.8481e-05
132608,2.84393e-05
132864,2.81928e-05
133120,2.81645e-05
133376,2.80967e-05
133632,2.7924e-05
133888,2.75577e-05
134144,2.74432e-05
134400,2.74343e-05
134656,2.72359e-05
134912,2.71742e-05
135168,2.69589e-05
135424,2.67557e-05
135680,2.66599e-05
135936,2.65755e-05
136192,2.63863e-05
136448,2.6367e-05
136704,2.6367e-05
136960,2.61496e-05
137216,2.60596e-05
137472,2.60404e-05
137728,2.59635e-05
137984,2.59176e-05
138240,2.59058e-05
138496,2.58824e-05
138752,2.57713e-05
139008,2.57521e-05
139264,2.57329e-05
139520,2.55983e-05
139776,2.55983e-05
140032,2.55857e-05
140288,2.54234e-05
140544,2.53869e-05
140800,2.53677e-05
141056,2.53138e-05
141312,2.51623e-05
141568,2.50987e-05
141824,2.50987e-05
142080,2.48879e-05
142336,2.48488e-05
142592,2.47912e-05
142848,2.45534e-05
143104,2.44452e-05
143360,2.44068e-05
143616,2.44068e-05
143872,2.43876e-05
144128,2.43107e-05
144384,2.42723e-05
144640,2.41856e-05
144896,2.40993e-05
145152,2.40616e-05
145408,2.4032e-05
145664,2.39175e-05
145920,2.3715e-05
146176,2.3715e-05
146432,2.36416e-05
146688,2.36122e-05
146944,2.35625e-05
147200,2.33306e-05
147456,2.33306e-05
147712,2.32773e-05
147968,2.32271e-05
148224,2.31564e-05
148480,2.30416e-05
148736,2.30039e-05
148992,2.2927e-05
149248,2.28897e-05
149504,2.28502e-05
149760,2.27931e-05
150016,2.27348e-05
150272,2.27314e-05
150528,2.27056e-05
150784,2.25796e-05
151040,2.25619e-05
151296,2.25619e-05
151552,2.24011e-05
151808,2.23641e-05
152064,2.21981e-05
152320,2.19644e-05
152576,2.19277e-05
152832,2.18959e-05
153088,2.1761e-05
153344,2.17042e-05
153600,2.16971e-05
153856,2.16886e-05
154112,2.16779e-05
154368,2.16537e-05
154624,2.16394e-05
154880,2.15626e-05
155136,2.15626e-05
155392,2.15275e-05
155648,2.13704e-05
155904,2.13115e-05
156160,2.1178e-05
156416,2.10889e-05
156672,2.09438e-05
156928,2.08877e-05
157184,2.08707e-05
157440,2.08707e-05
157696,2.07068e-05
157952,2.06977e-05
158208,2.06977e-05
158464,2.06764e-05
158720,2.05747e-05
158976,2.05375e-05
159232,2.04388e-05
159488,2.03981e-05
159744,2.03169e-05
160000,2.02557e-05
160256,2.02398e-05
160512,2.02365e-05
160768,2.00075e-05
161024,1.99602e-05
161280,1.97904e-05
161536,1.96438e-05
161792,1.95247e-05
162048,1.93631e-05
162304,1.92564e-05
162560,1.92274e-05
162816,1.91652e-05
163072,1.90461e-05
163328,1.8896e-05
163584,1.88528e-05
163840,1.88528e-05
164096,1.87013e-05
164352,1.86175e-05
164608,1.85128e-05
164864,1.84877e-05
165120,1.84685e-05
165376,1.84492e-05
165632,1.84125e-05
165888,1.81861e-05
166144,1.81802e-05
166400,1.81228e-05
166656,1.80838e-05
166912,1.80649e-05
167168,1.80422e-05
167424,1.79671e-05
167680,1.77973e-05
167936,1.77087e-05
168192,1.76229e-05
168448,1.75855e-05
168704,1.75844e-05
168960,1.75588e-05
169216,1.75268e-05
169472,1.75268e-05
169728,1.7514e-05
169984,1.72213e-05
170240,1.70417e-05
170496,1.69296e-05
170752,1.66334e-05
171008,1.65594e-05
171264,1.65467e-05
171520,1.65261e-05
171776,1.64731e-05
172032,1.64121e-05
172288,1.64121e-05
172544,1.63173e-05
172800,1.62584e-05
173056,1.6248e-05
173312,1.62311e-05
173568,1.62007e-05
173824,1.61587e-05
174080,1.61402e-05
174336,1.61047e-05
174592,1.61047e-05
174848,1.60461e-05
175104,1.60278e-05
175360,1.60086e-05
175616,1.60086e-05
175872,1.60086e-05
176128,1.59397e-05
176384,1.59044e-05
176640,1.57597e-05
176896,1.55858e-05
177152,1.54897e-05
177408,1.54864e-05
177664,1.52975e-05
177920,1.52975e-05
178176,1.524e-05
178432,1.52398e-05
178688,1.52204e-05
178944,1.51053e-05
179200,1.51046e-05
179456,1.50669e-05
179712,1.50444e-05
179968,1.50092e-05
180224,1.48803e-05
180480,1.4693e-05
180736,1.46456e-05
180992,1.46057e-05
181248,1.45864e-05
181504,1.43726e-05
181760,1.43174e-05
182016,1.42846e-05
182272,1.42789e-05
182528,1.42789e-05
182784,1.42789e-05
183040,1.42597e-05
183296,1.423e-05
183552,1.41947e-05
183808,1.41829e-05
184064,1.41637e-05
184320,1.38177e-05
184576,1.38177e-05
184832,1.37408e-05
185088,1.36626e-05
185344,1.35294e-05
185600,1.35294e-05
185856,1.35076e-05
186112,1.34718e-05
186368,1.34718e-05
186624,1.34509e-05
186880,1.34019e-05
187136,1.33757e-05
187392,1.33411e-05
187648,1.3318e-05
187904,1.32321e-05
188160,1.29929e-05
188416,1.26745e-05
188672,1.25084e-05
188928,1.23354e-05
189184,1.221e-05
189440,1.21999e-05
189696,1.21842e-05
189952,1.21842e-05
190208,1.21481e-05
190464,1.21075e-05
190720,1.19948e-05
190976,1.19536e-05
191232,1.1819e-05
191488,1.17949e-05
191744,1.16951e-05
192000,1.16653e-05
192256,1.15884e-05
192512,1.15567e-05
192768,1.15308e-05
193024,1.15116e-05
193280,1.14713e-05
193536,1.14347e-05
193792,1.14117e-05
194048,1.13963e-05
194304,1.13963e-05
194560,1.13963e-05
194816,1.13857e-05
195072,1.1377e-05
195328,1.13002e-05
195584,1.12889e-05
195840,1.11721e-05
196096,1.11656e-05
196352,1.11396e-05
196608,1.1108e-05
196864,1.1108e-05
197120,1.1108e-05
197376,1.09858e-05
197632,1.09433e-05
197888,1.0935e-05
198144,1.09142e-05
198400,1.08774e-05
198656,1.08774e-05
198912,1.08774e-05
199168,1.08774e-05
199424,1.06953e-05
199680,1.0493e-05
199936,1.04494e-05
200192,1.03393e-05
200448,1.02797e-05
200704,1.00623e-05
200960,9.92556e-06
201216,9.88179e-06
201472,9.87132e-06
201728,9.85882e-06
201984,9.57055e-06
202240,9.51289e-06
202496,9.46088e-06
202752,9.43602e-06
203008,9.43602e-06
203264,9.18412e-06
203520,8.99401e-06
203776,8.99401e-06
204032,8.98199e-06
204288,8.97479e-06
204544,8.97479e-06
204800,8.97479e-06
205056,8.97479e-06
205312,8.97479e-06
205568,8.87901e-06
205824,8.85948e-06
206080,8.85419e-06
206336,8.84026e-06
206592,8.81229e-06
206848,8.65915e-06
207104,8.55199e-06
207360,8.55199e-06
207616,8.55199e-06
207872,8.51356e-06
208128,8.51356e-06
208384,8.51356e-06
208640,8.51356e-06
208896,8.51356e-06
209152,8.51356e-06
209408,8.4997e-06
209664,8.47512e-06
209920,8.47512e-06
210176,8.47512e-06
210432,8.44506e-06
210688,8.43669e-06
210944,8.43669e-06
211200,8.41764e-06
211456,8.39825e-06
211712,8.39825e-06
211968,8.22529e-06
212224,8.21923e-06
212480,8.20607e-06
212736,8.20607e-06
212992,8.20607e-06
213248,8.1292e-06
213504,8.1292e-06
213760,8.1292e-06
214016,8.1292e-06
214272,8.11346e-06
214528,8.04668e-06
214784,7.89568e-06
215040,7.64875e-06
215296,7.64875e-06
215552,7.57188e-06
215808,7.57047e-06
216064,7.49501e-06
216320,7.49501e-06
216576,7.47579e-06
216832,7.46766e-06
217088,7.36048e-06
217344,7.32136e-06
217600,7.25591e-06
217856,7.24517e-06
218112,7.24517e-06
218368,7.24517e-06
218624,7.20674e-06
218880,7.12983e-06
219136,6.97612e-06
219392,6.97612e-06
219648,6.97612e-06
219904,6.97612e-06
220160,6.97612e-06
220416,6.97612e-06
220672,6.97612e-06
220928,6.97612e-06
221184,6.91847e-06
221440,6.91847e-06
221696,6.76472e-06
221952,6.76472e-06
222208,6.66863e-06
222464,6.66863e-06
222720,6.66863e-06
222976,6.60877e-06
223232,6.57254e-06
223488,6.49224e-06
223744,6.47645e-06
224000,6.47645e-06
224256,6.47645e-06
224512,6.47645e-06
224768,6.47645e-06
225024,6.45724e-06
225280,6.45724e-06
225536,6.45724e-06
225792,6.44152e-06
226048,6.36511e-06
226304,6.34193e-06
226560,6.34193e-06
226816,6.34193e-06
227072,6.34193e-06
227328,6.34193e-06
227584,6.29457e-06
227840,6.23296e-06
228096,6.22662e-06
228352,6.22662e-06
228608,6.22662e-06
228864,6.09796e-06
229120,6.01522e-06
229376,6.00994e-06
229632,5.98549e-06
229888,5.94507e-06
230144,5.93835e-06
230400,5.93835e-06
230656,5.80629e-06
230912,5.74617e-06
231168,5.74617e-06
231424,5.74617e-06
231680,5.74617e-06
231936,5.55399e-06
232192,5.526e-06
232448,5.51556e-06
232704,5.48697e-06
232960,5.4579e-06
233216,5.4579e-06
233472,5.4579e-06
233728,5.4579e-06
233984,5.4579e-06
234240,5.4579e-06
234496,5.41947e-06
234752,5.41947e-06
235008,5.41947e-06
235264,5.41947e-06
235520,5.41947e-06
235776,5.41947e-06
236032,5.41947e-06
236288,5.41947e-06
236544,5.41947e-06
236800,5.41947e-06
237056,5.41947e-06
237312,5.41947e-06
237568,5.38854e-06
237824,5.2465e-06
238080,5.2465e-06
238336,5.2465e-06
238592,5.2465e-06
238848,5.07354e-06
239104,5.07354e-06
239360,5.05432e-06
239616,5.05432e-06
239872,5.05432e-06
240128,5.05432e-06
240384,5.05432e-06
240640,5.05432e-06
240896,5.05432e-06
241152,5.05432e-06
241408,5.05432e-06
241664,5.05303e-06
241920,5.03511e-06
242176,5.03511e-06
242432,5.03511e-06
242688,5.03511e-06
242944,5.03511e-06
243200,5.03511e-06
243456,5.03511e-06
243712,5.03511e-06
243968,5.02158e-06
244224,4.93902e-06
244480,4.80212e-06
244736,4.75853e-06
244992,4.74684e-06
245248,4.74684e-06
245504,4.72762e-06
245760,4.69563e-06
246016,4.68918e-06
246272,4.62793e-06
246528,4.59309e-06
246784,4.59309e-06
247040,4.56805e-06
247296,4.497e-06
247552,4.48813e-06
247808,4.47779e-06
248064,4.47779e-06
248320,4.47779e-06
248576,4.47779e-06
248832,4.47779e-06
249088,4.47779e-06
249344,4.47779e-06
249600,4.47425e-06
249856,4.43935e-06
250112,4.43935e-06
250368,4.43935e-06
250624,4.38349e-06
250880,4.3817e-06
251136,4.3817e-06
251392,4.3817e-06
251648,4.3817e-06
251904,4.3817e-06
252160,4.3817e-06
252416,4.09343e-06
252672,4.01656e-06
252928,4.01656e-06
253184,4.01656e-06
253440,4.01656e-06
253696,3.95104e-06
253952,3.92047e-06
254208,3.92047e-06
254464,3.92047e-06
254720,3.92047e-06
254976,3.92047e-06
255232,3.90125e-06
255488,3.90125e-06
255744,3.84359e-06
256000,3.81767e-06
256256,3.7475e-06
256512,3.7475e-06
256768,3.7475e-06
257024,3.73969e-06
257280,3.72829e-06
257536,3.72829e-06
257792,3.72829e-06
258048,3.72829e-06
258304,3.72829e-06
258560,3.72829e-06
258816,3.72829e-06
259072,3.72829e-06
259328,3.72829e-06
259584,3.72829e-06
259840,3.72829e-06
260096,3.72829e-06
260352,3.72829e-06
260608,3.72829e-06
260864,3.72829e-06
261120,3.72829e-06
261376,3.72829e-06
261632,3.72829e-06
261888,3.72829e-06
262144,3.72829e-06
262400,3.72829e-06
262656,3.72829e-06
262912,3.72829e-06
263168,3.72829e-06
263424,3.70652e-06
263680,3.68985e-06
263936,3.63558e-06
264192,3.53611e-06
264448,3.53599e-06
264704,3.49767e-06
264960,3.49767e-06
265216,3.49767e-06
265472,3.49767e-06
265728,3.49767e-06
265984,3.49767e-06
266240,3.49767e-06
266496,3.49767e-06
266752,3.49767e-06
267008,3.49767e-06
267264,3.49767e-06
267520,3.49767e-06
267776,3.49767e-06
268032,3.49767e-06
268288,3.47002e-06
268544,3.4208e-06
268800,3.4208e-06
269056,3.4208e-06
269312,3.4208e-06
269568,3.4208e-06
269824,3.4208e-06
270080,3.4208e-06
270336,3.4208e-06
270592,3.38297e-06
270848,3.30405e-06
271104,3.21861e-06
271360,3.19018e-06
271616,3.19018e-06
271872,3.19018e-06
272128,3.13365e-06
272384,3.07487e-06
272640,3.07487e-06
272896,3.07487e-06
273152,3.07487e-06
273408,3.07487e-06
273664,3.03896e-06
273920,3.0291e-06
274176,2.998e-06
274432,2.998e-06
274688,2.998e-06
274944,2.998e-06
275200,2.998e-06
275456,2.998e-06
275712,2.998e-06
275968,2.998e-06
276224,2.998e-06
276480,2.998e-06
276736,2.90191e-06
276992,2.90191e-06
277248,2.90191e-06
277504,2.90191e-06
277760,2.90191e-06
278016,2.90191e-06
278272,2.90191e-06
278528,2.8862e-06
278784,2.86348e-06
279040,2.86348e-06
279296,2.86348e-06
279552,2.86348e-06
279808,2.86348e-06
280064,2.86348e-06
280320,2.86348e-06
280576,2.86348e-06
280832,2.86348e-06
281088,2.86348e-06
281344,2.80582e-06
281600,2.80582e-06
281856,2.80582e-06
282112,2.80582e-06
282368,2.80582e-06
282624,2.75521e-06
282880,2.74817e-06
283136,2.74817e-06
283392,2.74817e-06
283648,2.74817e-06
283904,2.74817e-06
284160,2.74817e-06
284416,2.74817e-06
284672,2.74817e-06
284928,2.74817e-06
285184,2.74817e-06
285440,2.74817e-06
285696,2.74817e-06
285952,2.69444e-06
286208,2.69052e-06
286464,2.69052e-06
286720,2.63286e-06
286976,2.63286e-06
287232,2.63286e-06
287488,2.63286e-06
287744,2.63286e-06
288000,2.63286e-06
288256,2.63286e-06
288512,2.63286e-06
288768,2.63286e-06
289024,2.63286e-06
289280,2.63286e-06
289536,2.63286e-06
289792,2.63286e-06
290048,2.63286e-06
290304,2.63286e-06
290560,2.63286e-06
290816,2.63286e-06
291072,2.63286e-06
291328,2.63286e-06
291584,2.63286e-06
291840,2.63286e-06
292096,2.63286e-06
292352,2.63286e-06
292608,2.63286e-06
292864,2.63286e-06
293120,2.61658e-06
293376,2.59443e-06
293632,2.59443e-06
293888,2.59443e-06
294144,2.59443e-06
294400,2.59443e-06
294656,2.59443e-06
294912,2.59443e-06
295168,2.59443e-06
295424,2.59443e-06
295680,2.49834e-06
295936,2.49834e-06
296192,2.49834e-06
296448,2.49834e-06
296704,2.49834e-06
296960,2.49834e-06
297216,2.49834e-06
297472,2.49834e-06
297728,2.49133e-06
297984,2.47912e-06
298240,2.39301e-06
298496,2.28694e-06
298752,2.28694e-06
299008,2.28694e-06
299264,2.28694e-06
299520,2.28694e-06
299776,2.28694e-06
300032,2.28694e-06
300288,2.28694e-06
300544,2.28694e-06
300800,2.28694e-06
301056,2.28694e-06
301312,2.28694e-06
301568,2.28694e-06
301824,2.28694e-06
302080,2.28694e-06
302336,2.25777e-06
302592,2.19085e-06
302848,2.19085e-06
303104,2.15241e-06
303360,2.15241e-06
303616,2.15241e-06
303872,2.15241e-06
304128,2.15241e-06
304384,2.15241e-06
304640,2.15241e-06
304896,2.15241e-06
305152,2.13319e-06
305408,2.12045e-06
305664,2.08904e-06
305920,2.05632e-06
306176,2.03988e-06
306432,2.0371e-06
306688,2.0371e-06
306944,2.0371e-06
307200,2.0371e-06
307456,2.0371e-06
307712,2.0371e-06
307968,2.0371e-06
308224,2.0371e-06
308480,2.0371e-06
308736,2.0371e-06
308992,2.0371e-06
309248,2.0371e-06
309504,2.0371e-06
309760,2.0371e-06
310016,2.0371e-06
310272,2.0371e-06
310528,2.0371e-06
310784,2.0371e-06
311040,2.0371e-06
311296,2.0371e-06
311552,2.0371e-06
311808,2.0371e-06
312064,2.0371e-06
312320,2.0371e-06
312576,2.02099e-06
312832,2.01789e-06
313088,2.01789e-06
313344,2.01789e-06
313600,2.01789e-06
313856,2.01789e-06
314112,2.01789e-06
314368,2.01789e-06
314624,2.01789e-06
314880,2.01789e-06
315136,2.01789e-06
315392,2.01789e-06
315648,2.01789e-06
315904,2.01789e-06
316160,2.01789e-06
316416,2.01789e-06
316672,2.01789e-06
316928,2.01789e-06
317184,2.01789e-06
317440,2.01789e-06
317696,2.01789e-06
317952,2.01789e-06
318208,2.01789e-06
318464,2.01789e-06
318720,1.94614e-06
318976,1.87299e-06
319232,1.84242e-06
319488,1.82571e-06
319744,1.82571e-06
320000,1.82571e-06
320256,1.82571e-06
320512,1.82571e-06
320768,1.82571e-06
321024,1.82571e-06
321280,1.82571e-06
321536,1.78821e-06
321792,1.78727e-06
322048,1.78727e-06
322304,1.78727e-06
322560,1.78727e-06
322816,1.78727e-06
323072,1.78727e-06
323328,1.78727e-06
323584,1.77738e-06
323840,1.76805e-06
324096,1.76805e-06
324352,1.76805e-06
324608,1.76805e-06
324864,1.76805e-06
325120,1.76805e-06
325376,1.76805e-06
325632,1.76805e-06
325888,1.76805e-06
326144,1.76805e-06
326400,1.76805e-06
326656,1.76805e-06
326912,1.76805e-06
327168,1.76805e-06
327424,1.76805e-06
327680,1.76805e-06
327936,1.76805e-06
328192,1.76805e-06
328448,1.76805e-06
328704,1.76805e-06
328960,1.76805e-06
329216,1.75855e-06
329472,1.71636e-06
329728,1.69118e-06
329984,1.69118e-06
330240,1.69118e-06
330496,1.69118e-06
330752,1.69118e-06
331008,1.69118e-06
331264,1.69118e-06
331520,1.69118e-06
331776,1.69118e-06
332032,1.69118e-06
332288,1.69118e-06
332544,1.69118e-06
332800,1.69118e-06
333056,1.69118e-06
333312,1.69118e-06
333568,1.69118e-06
333824,1.69118e-06
334080,1.69118e-06
334336,1.69118e-06
334592,1.69118e-06
334848,1.69118e-06
335104,1.69118e-06
335360,1.69118e-06
335616,1.69118e-06
335872,1.69118e-06
336128,1.69118e-06
336384,1.69118e-06
336640,1.69118e-06
336896,1.69118e-06
337152,1.69118e-06
337408,1.69118e-06
337664,1.69118e-06
337920,1.69118e-06
338176,1.69118e-06
338432,1.69118e-06
338688,1.69118e-06
338944,1.69118e-06
339200,1.69118e-06
339456,1.69118e-06
339712,1.69118e-06
339968,1.69118e-06
340224,1.69118e-06
340480,1.69118e-06
340736,1.69118e-06
340992,1.69118e-06
341248,1.69118e-06
341504,1.69118e-06
341760,1.69118e-06
342016,1.69118e-06
342272,1.69118e-06
342528,1.69118e-06
342784,1.69118e-06
343040,1.69118e-06
343296,1.69118e-06
343552,1.6697e-06
343808,1.63353e-06
344064,1.63353e-06
344320,1.63353e-06
344576,1.63353e-06
344832,1.63353e-06
345088,1.63353e-06
345344,1.63353e-06
345600,1.63353e-06
345856,1.63353e-06
346112,1.63353e-06
346368,1.63353e-06
346624,1.63353e-06
346880,1.63353e-06
347136,1.63353e-06
347392,1.63353e-06
347648,1.63353e-06
347904,1.63353e-06
348160,1.63353e-06
348416,1.63353e-06
348672,1.63353e-06
348928,1.63353e-06
349184,1.63353e-06
349440,1.63353e-06
349696,1.63353e-06
349952,1.63353e-06
350208,1.63353e-06
350464,1.63353e-06
350720,1.63353e-06
350976,1.63353e-06
351232,1.63353e-06
351488,1.63353e-06
351744,1.63353e-06
352000,1.63353e-06
352256,1.63353e-06
352512,1.63353e-06
352768,1.63353e-06
353024,1.63353e-06
353280,1.59056e-06
353536,1.57587e-06
353792,1.57587e-06
354048,1.57587e-06
354304,1.57587e-06
354560,1.57587e-06
354816,1.57576e-06
355072,1.55666e-06
355328,1.55666e-06
355584,1.55666e-06
355840,1.55666e-06
356096,1.55666e-06
356352,1.55666e-06
356608,1.55666e-06
356864,1.54116e-06
357120,1.53744e-06
357376,1.53744e-06
357632,1.53744e-06
357888,1.53744e-06
358144,1.53744e-06
358400,1.53744e-06
358656,1.53744e-06
358912,1.53744e-06
359168,1.53744e-06
359424,1.53744e-06
359680,1.53744e-06
359936,1.53744e-06
360192,1.53744e-06
360448,1.53744e-06
360704,1.53744e-06
360960,1.53744e-06
361216,1.53744e-06
361472,1.53744e-06
361728,1.53744e-06
361984,1.53744e-06
362240,1.53744e-06
362496,1.53744e-06
362752,1.53744e-06
363008,1.53744e-06
363264,1.53744e-06
363520,1.53744e-06
363776,1.53744e-06
364032,1.53744e-06
364288,1.53744e-06
364544,1.53744e-06
364800,1.53744e-06
365056,1.53744e-06
365312,1.53744e-06
365568,1.53744e-06
365824,1.53744e-06
366080,1.53744e-06
366336,1.53744e-06
366592,1.53744e-06
366848,1.53744e-06
367104,1.53744e-06
367360,1.53744e-06
367616,1.53744e-06
367872,1.499e-06
368128,1.499e-06
368384,1.499e-06
368640,1.499e-06
368896,1.499e-06
369152,1.499e-06
369408,1.499e-06
369664,1.499e-06
369920,1.499e-06
370176,1.499e-06
370432,1.499e-06
370688,1.499e-06
370944,1.499e-06
371200,1.499e-06
371456,1.499e-06
371712,1.499e-06
371968,1.499e-06
372224,1.499e-06
372480,1.499e-06
372736,1.499e-06
372992,1.499e-06
373248,1.499e-06
373504,1.499e-06
373760,1.45667e-06
374016,1.32489e-06
374272,1.30682e-06
374528,1.30682e-06
374784,1.30682e-06
375040,1.30682e-06
375296,1.30682e-06
375552,1.30682e-06
375808,1.30682e-06
376064,1.30682e-06
376320,1.30682e-06
376576,1.30682e-06
376832,1.30682e-06
377088,1.30682e-06
377344,1.30682e-06
377600,1.30682e-06
377856,1.30682e-06
378112,1.30682e-06
378368,1.30682e-06
378624,1.30682e-06
378880,1.30682e-06
379136,1.30682e-06
379392,1.30682e-06
379648,1.30682e-06
379904,1.30682e-06
380160,1.30682e-06
380416,1.30682e-06
380672,1.30682e-06
380928,1.30682e-06
381184,1.30682e-06
381440,1.30682e-06
381696,1.30682e-06
381952,1.30682e-06
382208,1.30682e-06
382464,1.30682e-06
382720,1.30682e-06
382976,1.30682e-06
383232,1.30682e-06
383488,1.30682e-06
383744,1.30682e-06
384000,1.30682e-06
384256,1.30682e-06
384512,1.30682e-06
384768,1.28529e-06
385024,1.26839e-06
385280,1.26839e-06
385536,1.26839e-06
385792,1.26839e-06
386048,1.26839e-06
386304,1.26839e-06
386560,1.26839e-06
386816,1.26839e-06
387072,1.26839e-06
387328,1.26839e-06
387584,1.26839e-06
387840,1.26839e-06
388096,1.26839e-06
388352,1.26839e-06
388608,1.26839e-06
388864,1.26839e-06
389120,1.25528e-06
389376,1.22995e-06
389632,1.22995e-06
389888,1.22995e-06
390144,1.22995e-06
390400,1.22995e-06
390656,1.22995e-06
390912,1.22995e-06
391168,1.22995e-06
391424,1.22995e-06
391680,1.22995e-06
391936,1.22995e-06
392192,1.22995e-06
392448,1.22995e-06
392704,1.22995e-06
392960,1.22995e-06
393216,1.22995e-06
393472,1.22995e-06
393728,1.22995e-06
393984,1.22995e-06
394240,1.22995e-06
394496,1.22995e-06
394752,1.22995e-06
395008,1.22995e-06
395264,1.22995e-06
395520,1.22995e-06
395776,1.19138e-06
396032,1.15308e-06
396288,1.15308e-06
396544,1.15308e-06
396800,1.15308e-06
397056,1.15308e-06
397312,1.15308e-06
397568,1.15308e-06
397824,1.15308e-06
398080,1.15308e-06
398336,1.15308e-06
398592,1.15308e-06
398848,1.15308e-06
399104,1.15308e-06
399360,1.15308e-06
399616,1.15308e-06
399872,1.15308e-06
400128,1.15308e-06
400384,1.15308e-06
400640,1.15308e-06
400896,1.15308e-06
401152,1.15308e-06
401408,1.15308e-06
401664,1.15308e-06
401920,1.15308e-06
402176,1.15308e-06
402432,1.15308e-06
402688,1.15308e-06
402944,1.15308e-06
403200,1.15308e-06
403456,1.15308e-06
403712,1.15308e-06
403968,1.15308e-06
404224,1.15308e-06
404480,1.15308e-06
404736,1.15308e-06
404992,1.15308e-06
405248,1.15308e-06
405504,1.15308e-06
405760,1.15308e-06
406016,1.15308e-06
406272,1.15308e-06
406528,1.15308e-06
406784,1.15308e-06
407040,1.15308e-06
407296,1.15308e-06
407552,1.15308e-06
407808,1.15308e-06
408064,1.15308e-06
408320,1.15308e-06
408576,1.15308e-06
408832,1.15308e-06
409088,1.15308e-06
409344,1.15308e-06
409600,1.15308e-06
409856,1.15308e-06
410112,1.15308e-06
410368,1.15308e-06
410624,1.15308e-06
410880,1.15308e-06
411136,1.15308e-06
411392,1.15308e-06
411648,1.15308e-06
411904,1.15308e-06
412160,1.15308e-06
412416,1.15308e-06
412672,1.15308e-06
412928,1.15308e-06
413184,1.15308e-06
413440,1.15308e-06
413696,1.15308e-06
413952,1.15308e-06
414208,1.15308e-06
414464,1.15308e-06
414720,1.15308e-06
414976,1.15308e-06
415232,1.15308e-06
415488,1.15308e-06
415744,1.15308e-06
416000,1.15308e-06
416256,1.15308e-06
416512,1.15308e-06
416768,1.15308e-06
417024,1.15308e-06
417280,1.15308e-06
417536,1.15308e-06
417792,1.15308e-06
418048,1.15308e-06
418304,1.15308e-06
418560,1.15308e-06
418816,1.15308e-06
419072,1.15308e-06
419328,1.15308e-06
419584,1.15308e-06
419840,1.15308e-06
420096,1.15308e-06
420352,1.15308e-06
420608,1.15308e-06
420864,1.15308e-06
421120,1.15308e-06
421376,1.15308e-06
421632,1.15308e-06
421888,1.15308e-06
422144,1.15308e-06
422400,1.15308e-06
422656,1.15308e-06
422912,1.15308e-06
423168,1.15308e-06
423424,1.15308e-06
423680,1.15308e-06
423936,1.15308e-06
424192,1.15308e-06
424448,1.15308e-06
424704,1.15308e-06
424960,1.15308e-06
425216,1.15308e-06
425472,1.15308e-06
425728,1.15308e-06
425984,1.15308e-06
426240,1.15308e-06
426496,1.15308e-06
426752,1.15308e-06
427008,1.15308e-06
427264,1.15308e-06
427520,1.15308e-06
427776,1.15308e-06
428032,1.15308e-06
428288,1.15308e-06
428544,1.15308e-06
428800,1.15308e-06
429056,1.15308e-06
429312,1.15308e-06
429568,1.15308e-06
429824,1.15308e-06
430080,1.15308e-06
430336,1.15308e-06
430592,1.15308e-06
430848,1.15308e-06
431104,1.15308e-06
431360,1.15308e-06
431616,1.15308e-06
431872,1.15308e-06
432128,1.15308e-06
432384,1.15308e-06
432640,1.15308e-06
432896,1.15308e-06
433152,1.15308e-06
433408,1.15308e-06
433664,1.15308e-06
433920,1.15308e-06
434176,1.15308e-06
434432,1.15308e-06
434688,1.15308e-06
434944,1.15308e-06
435200,1.15308e-06
435456,1.15308e-06
435712,1.15308e-06
435968,1.15308e-06
436224,1.15308e-06
436480,1.15308e-06
436736,1.15308e-06
436992,1.15308e-06
437248,1.15308e-06
437504,1.15308e-06
437760,1.15308e-06
438016,1.15308e-06
438272,1.15308e-06
438528,1.15308e-06
438784,1.15308e-06
439040,1.15308e-06
439296,1.15308e-06
439552,1.15308e-06
439808,1.15308e-06
440064,1.15308e-06
440320,1.15308e-06
440576,1.15308e-06
440832,1.15308e-06
441088,1.15308e-06
441344,1.15308e-06
441600,1.15308e-06
441856,1.15308e-06
442112,1.15308e-06
442368,1.15308e-06
442624,1.15308e-06
442880,1.15308e-06
443136,1.15308e-06
443392,1.15308e-06
443648,1.15308e-06
443904,1.15308e-06
444160,1.15308e-06
444416,1.15308e-06
444672,1.15308e-06
444928,1.15308e-06
445184,1.15308e-06
445440,1.15308e-06
445696,1.15308e-06
445952,1.15308e-06
446208,1.15308e-06
446464,1.15308e-06
446720,1.15308e-06
446976,1.15308e-06
447232,1.15308e-06
447488,1.15308e-06
447744,1.15308e-06
448000,1.15308e-06
448256,1.15308e-06
448512,1.15308e-06
448768,1.15308e-06
449024,1.15308e-06
449280,1.15308e-06
449536,1.15308e-06
449792,1.15308e-06
450048,1.15308e-06
450304,1.15308e-06
450560,1.15308e-06
450816,1.15308e-06
451072,1.15308e-06
451328,1.15308e-06
451584,1.15308e-06
451840,1.15308e-06
452096,1.15308e-06
452352,1.15308e-06
452608,1.15308e-06
452864,1.15308e-06
453120,1.15308e-06
453376,1.15308e-06
453632,1.15308e-06
453888,1.15308e-06
454144,1.15308e-06
454400,1.15308e-06
454656,1.15308e-06
454912,1.15308e-06
455168,1.15308e-06
455424,1.15308e-06
455680,1.15308e-06
455936,1.15308e-06
456192,1.15308e-06
456448,1.15308e-06
456704,1.15308e-06
456960,1.15308e-06
457216,1.15308e-06
457472,1.15308e-06
457728,1.15308e-06
457984,1.15308e-06
458240,1.15308e-06
458496,1.15308e-06
458752,1.15308e-06
459008,1.15308e-06
459264,1.15308e-06
459520,1.15308e-06
459776,1.15308e-06
460032,1.15308e-06
460288,1.15308e-06
460544,1.15308e-06
460800,1.15308e-06
461056,1.15308e-06
461312,1.15308e-06
461568,1.15308e-06
461824,1.15308e-06
462080,1.15308e-06
462336,1.15308e-06
462592,1.15308e-06
462848,1.15308e-06
463104,1.15308e-06
463360,1.15308e-06
463616,1.15308e-06
463872,1.15308e-06
464128,1.15308e-06
464384,1.15308e-06
464640,1.15308e-06
464896,1.15308e-06
465152,1.15308e-06
465408,1.15308e-06
465664,1.15308e-06
465920,1.15308e-06
466176,1.15308e-06
466432,1.15308e-06
466688,1.15308e-06
466944,1.15308e-06
467200,1.15308e-06
467456,1.15308e-06
467712,1.15308e-06
467968,1.15308e-06
468224,1.15308e-06
468480,1.15308e-06
468736,1.15308e-06
468992,1.15308e-06
469248,1.15308e-06
469504,1.15308e-06
469760,1.15308e-06
470016,1.15308e-06
470272,1.15308e-06
470528,1.15308e-06
470784,1.15308e-06
471040,1.15308e-06
471296,1.15308e-06
471552,1.15308e-06
471808,1.15308e-06
472064,1.15308e-06
472320,1.15308e-06
472576,1.15308e-06
472832,1.15308e-06
473088,1.15308e-06
473344,1.15308e-06
473600,1.15308e-06
473856,1.15308e-06
474112,1.15308e-06
474368,1.15308e-06
474624,1.15308e-06
474880,1.15308e-06
475136,1.15308e-06
475392,1.15308e-06
475648,1.15308e-06
475904,1.15308e-06
476160,1.15308e-06
476416,1.15308e-06
476672,1.15308e-06
476928,1.15308e-06
477184,1.15308e-06
477440,1.15308e-06
477696,1.15308e-06
477952,1.15308e-06
478208,1.15308e-06
478464,1.15308e-06
478720,1.15308e-06
478976,1.15308e-06
479232,1.15308e-06
479488,1.15308e-06
479744,1.15308e-06
480000,1.15308e-06
480256,1.15308e-06
480512,1.15308e-06
480768,1.15308e-06
481024,1.15308e-06
481280,1.15308e-06
481536,1.15308e-06
481792,1.15308e-06
482048,1.15308e-06
482304,1.15308e-06
482560,1.15308e-06
482816,1.15308e-06
483072,1.15308e-06
483328,1.15308e-06
483584,1.15308e-06
483840,1.15308e-06
484096,1.15308e-06
484352,1.15308e-06
484608,1.15308e-06
484864,1.15308e-06
485120,1.15308e-06
485376,1.15308e-06
485632,1.15308e-06
485888,1.15308e-06
486144,1.15308e-06
486400,1.15308e-06
486656,1.15308e-06
486912,1.15308e-06
487168,1.15308e-06
487424,1.15308e-06
487680,1.15308e-06
487936,1.15308e-06
488192,1.15308e-06
488448,1.15308e-06
488704,1.15308e-06
488960,1.15308e-06
489216,1.15308e-06
489472,1.15308e-06
489728,1.15308e-06
489984,1.15308e-06
490240,1.15308e-06
490496,1.15308e-06
490752,1.15308e-06
491008,1.15308e-06
491264,1.15308e-06
491520,1.15308e-06
491776,1.15308e-06
492032,1.15308e-06
492288,1.15308e-06
492544,1.15308e-06
492800,1.15308e-06
493056,1.15308e-06
493312,1.15308e-06
493568,1.15308e-06
493824,1.15308e-06
494080,1.15308e-06
494336,1.15308e-06
494592,1.15308e-06
494848,1.15308e-06
495104,1.15308e-06
495360,1.15308e-06
495616,1.15308e-06
495872,1.15308e-06
496128,1.15308e-06
496384,1.15308e-06
496640,1.15308e-06
496896,1.15308e-06
497152,1.15308e-06
497408,1.15308e-06
497664,1.15308e-06
497920,1.15308e-06
498176,1.15308e-06
498432,1.15308e-06
498688,1.15308e-06
498944,1.15308e-06
499200,1.15308e-06
499456,1.15308e-06
499712,1.15308e-06
499968,1.15308e-06
500224,1.15308e-06
500480,1.15308e-06
500736,1.15308e-06
500992,1.15308e-06
501248,1.15308e-06
501504,1.15308e-06
501760,1.15308e-06
502016,1.15308e-06
502272,1.15308e-06
502528,1.15308e-06
502784,1.15308e-06
503040,1.15308e-06
503296,1.15308e-06
503552,1.15308e-06
503808,1.15308e-06
504064,1.15308e-06
504320,1.15308e-06
504576,1.15308e-06
504832,1.15308e-06
505088,1.15308e-06
505344,1.15308e-06
505600,1.15308e-06
505856,1.15308e-06
506112,1.15308e-06
506368,1.15308e-06
506624,1.15308e-06
506880,1.15308e-06
507136,1.15308e-06
507392,1.15308e-06
507648,1.15308e-06
507904,1.15308e-06
508160,1.15308e-06
508416,1.15308e-06
508672,1.15308e-06
508928,1.15308e-06
509184,1.15308e-06
509440,1.15308e-06
509696,1.15308e-06
509952,1.15308e-06
510208,1.15308e-06
510464,1.15308e-06
510720,1.15308e-06
510976,1.15308e-06
511232,1.15308e-06
511488,1.15308e-06
511744,1.15308e-06
512000,1.15308e-06
512256,1.15308e-06
512512,1.15308e-06
512768,1.15308e-06
513024,1.15308e-06
513280,1.15308e-06
513536,1.15308e-06
513792,1.15308e-06
514048,1.15308e-06
514304,1.15308e-06
514560,1.15308e-06
514816,1.15308e-06
515072,1.15308e-06
515328,1.15308e-06
515584,1.15308e-06
515840,1.15308e-06
516096,1.15308e-06
516352,1.15308e-06
516608,1.15308e-06
516864,1.15308e-06
517120,1.15308e-06
517376,1.15308e-06
517632,1.15308e-06
517888,1.15308e-06
518144,1.15308e-06
518400,1.15308e-06
518656,1.15308e-06
518912,1.15308e-06
519168,1.15308e-06
519424,1.15308e-06
519680,1.15308e-06
519936,1.15308e-06
