cache_lines,MRC
256,0.0560998
512,0.0162825
768,0.015031
1024,0.0141557
1280,0.0133097
1536,0.0128104
1792,0.0123352
2048,0.0119964
2304,0.0116698
2560,0.0114168
2816,0.011209
3072,0.0110423
3328,0.0109052
3584,0.0107927
3840,0.010699
4096,0.0106167
4352,0.0105384
4608,0.010475
4864,0.0104208
5120,0.0103712
5376,0.0103188
5632,0.0102749
5888,0.0102326
6144,0.0101909
6400,0.0101518
6656,0.0101119
6912,0.0100709
7168,0.0100292
7424,0.00998976
7680,0.00994898
7936,0.00990335
8192,0.00986115
8448,0.00981677
8704,0.00977003
8960,0.00972935
9216,0.00967866
9472,0.00962805
9728,0.0095765
9984,0.00952515
10240,0.00948108
10496,0.00943591
10752,0.00939564
11008,0.00934909
11264,0.00930173
11520,0.00925224
11776,0.00920581
12032,0.00915664
12288,0.00910113
12544,0.00904505
12800,0.00898292
13056,0.00892033
13312,0.00885215
13568,0.00879669
13824,0.00873263
14080,0.00867674
14336,0.0086203
14592,0.00856403
14848,0.00849897
15104,0.00843646
15360,0.00837428
15616,0.00829762
15872,0.00822936
16128,0.00816215
16384,0.00810485
16640,0.00804576
16896,0.00797975
17152,0.00790532
17408,0.00783885
17664,0.00776871
17920,0.00768801
18176,0.00760626
18432,0.00752497
18688,0.00743621
18944,0.00734232
19200,0.00725448
19456,0.00716132
19712,0.00705279
19968,0.00695121
20224,0.00686292
20480,0.00675305
20736,0.00663345
20992,0.00654132
21248,0.00643604
21504,0.0063413
21760,0.00625223
22016,0.00615488
22272,0.00605281
22528,0.00594088
22784,0.00584628
23040,0.00573508
23296,0.00562717
23552,0.00552393
23808,0.00539756
24064,0.00527995
24320,0.00519161
24576,0.00507389
24832,0.00493158
25088,0.00480012
25344,0.00469712
25600,0.00460994
25856,0.00452053
26112,0.00442995
26368,0.00434109
26624,0.0042461
26880,0.00416601
27136,0.00408947
27392,0.00400101
27648,0.00391917
27904,0.00383804
28160,0.00375086
28416,0.00367338
28672,0.00359758
28928,0.00352153
29184,0.00345084
29440,0.0033823
29696,0.00330319
29952,0.0032322
30208,0.00315388
30464,0.00308283
30720,0.00301186
30976,0.00294202
31232,0.0028802
31488,0.00281491
31744,0.00275814
32000,0.00269441
32256,0.002618
32512,0.00254646
32768,0.00248094
33024,0.00240993
33280,0.00235968
33536,0.0023061
33792,0.00224576
34048,0.00219178
34304,0.00213279
34560,0.00207555
34816,0.00201742
35072,0.00196351
35328,0.00191375
35584,0.00186934
35840,0.00182239
36096,0.00176708
36352,0.00172409
36608,0.00168536
36864,0.00163716
37120,0.00159796
37376,0.00156314
37632,0.0015253
37888,0.00149264
38144,0.00145577
38400,0.00142808
38656,0.00138666
38912,0.00135571
39168,0.00132517
39424,0.00129843
39680,0.0012752
39936,0.00124691
40192,0.00122406
40448,0.00119819
40704,0.00117633
40960,0.00115791
41216,0.00113783
41472,0.00111148
41728,0.00108935
41984,0.00106749
42240,0.00104004
42496,0.00102327
42752,0.00100607
43008,0.000987376
43264,0.000970744
43520,0.000939358
43776,0.000909475
44032,0.000888998
44288,0.000867909
44544,0.000850568
44800,0.000831308
45056,0.000808488
45312,0.000788556
45568,0.000777344
45824,0.00076619
46080,0.00075392
46336,0.000741889
46592,0.000729092
46848,0.000715954
47104,0.000706162
47360,0.000693225
47616,0.000674244
47872,0.000652887
48128,0.000642055
48384,0.000632283
48640,0.000619042
48896,0.000600157
49152,0.000590777
49408,0.000580543
49664,0.000571859
49920,0.000557638
50176,0.000547696
50432,0.000537633
50688,0.000525654
50944,0.000518966
51200,0.000512034
51456,0.000504197
51712,0.000495822
51968,0.000486719
52224,0.000472272
52480,0.000462194
52736,0.000448467
52992,0.000443176
53248,0.000435799
53504,0.000425378
53760,0.000415629
54016,0.0004071
54272,0.000402225
54528,0.000394968
54784,0.000391309
55040,0.000386276
55296,0.000381738
55552,0.000373987
55808,0.000369248
56064,0.000365521
56320,0.000362173
56576,0.0003589
56832,0.000355402
57088,0.000351854
57344,0.000348493
57600,0.000344009
57856,0.000340512
58112,0.000337485
58368,0.000333513
58624,0.000329759
58880,0.000326477
59136,0.000322798
59392,0.000319601
59648,0.000316394
59904,0.000313496
60160,0.000310153
60416,0.000305273
60672,0.000300485
60928,0.000298343
61184,0.00029584
61440,0.000293311
61696,0.00029067
61952,0.00028722
62208,0.000284427
62464,0.000282157
62720,0.000280459
62976,0.000278649
63232,0.000274781
63488,0.000272029
63744,0.00026873
64000,0.000266366
64256,0.000262476
64512,0.000260771
64768,0.000258726
65024,0.000256362
65280,0.000254147
65536,0.00025193
65792,0.000250429
66048,0.000248109
66304,0.000247003
66560,0.000244878
66816,0.000242923
67072,0.000241159
67328,0.000239092
67584,0.000237194
67840,0.000235327
68096,0.000233497
68352,0.000231774
68608,0.000230377
68864,0.000228675
69120,0.000227479
69376,0.000226005
69632,0.00022483
69888,0.000222646
70144,0.000219798
70400,0.0002174
70656,0.00021469
70912,0.000212647
71168,0.000210816
71424,0.000209898
71680,0.000207864
71936,0.00020639
72192,0.000205438
72448,0.000203882
72704,0.000202237
72960,0.000200822
73216,0.000198056
73472,0.000196674
73728,0.000194585
73984,0.000193354
74240,0.000192005
74496,0.000190633
74752,0.000189586
75008,0.000188375
75264,0.000187228
75520,0.000185044
75776,0.000183611
76032,0.000182517
76288,0.000181084
76544,0.000179989
76800,0.00017927
77056,0.000178589
77312,0.000177764
77568,0.000176053
77824,0.000175396
78080,0.000174638
78336,0.000173779
78592,0.000172794
78848,0.000170717
79104,0.000169805
79360,0.000168434
79616,0.000167551
79872,0.000166362
80128,0.000164402
80384,0.000163456
80640,0.000162888
80896,0.000161643
81152,0.000160736
81408,0.000159443
81664,0.000158104
81920,0.000156701
82176,0.000156186
82432,0.000155166
82688,0.000153764
82944,0.000152731
83200,0.000152369
83456,0.00015085
83712,0.000150155
83968,0.000148515
84224,0.000146937
84480,0.000146189
84736,0.000145606
84992,0.000144762
85248,0.000143666
85504,0.000142447
85760,0.000141459
86016,0.000139687
86272,0.00013778
86528,0.000136627
86784,0.00013604
87040,0.000135601
87296,0.000134814
87552,0.00013402
87808,0.000133644
88064,0.000133088
88320,0.000131942
88576,0.000130752
88832,0.000129933
89088,0.00012903
89344,0.000128326
89600,0.000127816
89856,0.000126931
90112,0.000126441
90368,0.000125852
90624,0.000125098
90880,0.000124399
91136,0.000123469
91392,0.000122911
91648,0.000121496
91904,0.000120693
92160,0.00011991
92416,0.000119284
92672,0.000118906
92928,0.000118244
93184,0.000117203
93440,0.000116704
93696,0.000116105
93952,0.000114925
94208,0.000113953
94464,0.000113631
94720,0.000113311
94976,0.000112374
95232,0.000111758
95488,0.00011136
95744,0.000110892
96000,0.000109345
96256,0.000108149
96512,0.000107265
96768,0.000106715
97024,0.000106295
97280,0.000105802
97536,0.000105314
97792,0.000104802
98048,0.000104521
98304,0.000103675
98560,0.000102835
98816,0.000102692
99072,0.000102453
99328,0.000101902
99584,0.000101573
99840,0.000101193
100096,0.000100888
100352,0.00010055
100608,9.97731e-05
100864,9.93003e-05
101120,9.8788e-05
101376,9.825e-05
101632,9.76693e-05
101888,9.75517e-05
102144,9.71309e-05
102400,9.66995e-05
102656,9.6389e-05
102912,9.61753e-05
103168,9.59099e-05
103424,9.56445e-05
103680,9.49826e-05
103936,9.4716e-05
104192,9.38027e-05
104448,9.33369e-05
104704,9.27773e-05
104960,9.23587e-05
105216,9.21141e-05
105472,9.18794e-05
105728,9.13454e-05
105984,9.05816e-05
106240,9.02354e-05
106496,8.95469e-05
106752,8.91913e-05
107008,8.88559e-05
107264,8.87312e-05
107520,8.85476e-05
107776,8.81494e-05
108032,8.78052e-05
108288,8.74862e-05
108544,8.71459e-05
108800,8.68656e-05
109056,8.65215e-05
109312,8.61823e-05
109568,8.58969e-05
109824,8.50264e-05
110080,8.45404e-05
110336,8.43211e-05
110592,8.42133e-05
110848,8.39039e-05
111104,8.34654e-05
111360,8.32693e-05
111616,8.28897e-05
111872,8.26356e-05
112128,8.19113e-05
112384,8.16309e-05
112640,8.08509e-05
112896,8.03242e-05
113152,7.99999e-05
113408,7.94007e-05
113664,7.92577e-05
113920,7.90943e-05
114176,7.87185e-05
114432,7.85121e-05
114688,7.78645e-05
114944,7.71039e-05
115200,7.67744e-05
115456,7.6404e-05
115712,7.62887e-05
115968,7.6089e-05
116224,7.57675e-05
116480,7.53828e-05
116736,7.51451e-05
116992,7.50971e-05
117248,7.45665e-05
117504,7.42264e-05
117760,7.40125e-05
118016,7.35985e-05
118272,7.35236e-05
118528,7.32526e-05
118784,7.28956e-05
119040,7.23297e-05
119296,7.2104e-05
119552,7.14624e-05
119808,7.10619e-05
120064,7.07929e-05
120320,7.05772e-05
120576,7.04854e-05
120832,7.03671e-05
121088,7.01774e-05
121344,7.00253e-05
121600,6.94094e-05
121856,6.94093e-05
122112,6.91557e-05
122368,6.89423e-05
122624,6.8559e-05
122880,6.84869e-05
123136,6.84244e-05
123392,6.83332e-05
123648,6.82564e-05
123904,6.81422e-05
124160,6.79655e-05
124416,6.78373e-05
124672,6.73811e-05
124928,6.7311e-05
125184,6.72187e-05
125440,6.71548e-05
125696,6.66328e-05
125952,6.64122e-05
126208,6.62206e-05
126464,6.58351e-05
126720,6.57497e-05
126976,6.5424e-05
127232,6.49127e-05
127488,6.45938e-05
127744,6.44263e-05
128000,6.41383e-05
128256,6.38859e-05
128512,6.33754e-05
128768,6.32674e-05
129024,6.3019e-05
129280,6.25948e-05
129536,6.2453e-05
129792,6.2453e-05
130048,6.2453e-05
130304,6.20105e-05
130560,6.16986e-05
130816,6.16075e-05
131072,6.14983e-05
131328,6.12175e-05
131584,6.08584e-05
131840,6.06913e-05
132096,6.04657e-05
132352,5.98468e-05
132608,5.94667e-05
132864,5.91889e-05
133120,5.88385e-05
133376,5.87443e-05
133632,5.81486e-05
133888,5.81127e-05
134144,5.7947e-05
134400,5.78594e-05
134656,5.72763e-05
134912,5.71109e-05
135168,5.6768e-05
135424,5.66381e-05
135680,5.61224e-05
135936,5.59705e-05
136192,5.58426e-05
136448,5.5398e-05
136704,5.53046e-05
136960,5.51043e-05
137216,5.49037e-05
137472,5.48315e-05
137728,5.47326e-05
137984,5.42235e-05
138240,5.419e-05
138496,5.40888e-05
138752,5.37995e-05
139008,5.37225e-05
139264,5.36398e-05
139520,5.35751e-05
139776,5.33443e-05
140032,5.32292e-05
140288,5.31615e-05
140544,5.29732e-05
140800,5.29602e-05
141056,5.29602e-05
141312,5.28985e-05
141568,5.27252e-05
141824,5.26912e-05
142080,5.26239e-05
142336,5.25292e-05
142592,5.23683e-05
142848,5.22017e-05
143104,5.20712e-05
143360,5.14998e-05
143616,5.13076e-05
143872,5.12852e-05
144128,5.07696e-05
144384,5.0616e-05
144640,5.03852e-05
144896,5.03852e-05
145152,5.03852e-05
145408,5.00246e-05
145664,4.98856e-05
145920,4.97514e-05
146176,4.95397e-05
146432,4.94814e-05
146688,4.93484e-05
146944,4.90077e-05
147200,4.83109e-05
147456,4.83099e-05
147712,4.83068e-05
147968,4.81946e-05
148224,4.81141e-05
148480,4.77192e-05
148736,4.75797e-05
148992,4.75501e-05
149248,4.75154e-05
149504,4.73106e-05
149760,4.72343e-05
150016,4.71185e-05
150272,4.70668e-05
150528,4.70416e-05
150784,4.66405e-05
151040,4.66188e-05
151296,4.64267e-05
151552,4.64124e-05
151808,4.63882e-05
152064,4.62717e-05
152320,4.60039e-05
152576,4.59787e-05
152832,4.59655e-05
153088,4.57107e-05
153344,4.5633e-05
153600,4.51225e-05
153856,4.47741e-05
154112,4.47741e-05
154368,4.47232e-05
154624,4.45474e-05
154880,4.44104e-05
155136,4.43898e-05
155392,4.43019e-05
155648,4.4236e-05
155904,4.41466e-05
156160,4.40163e-05
156416,4.38133e-05
156672,4.38133e-05
156928,4.3779e-05
157184,4.34674e-05
157440,4.34138e-05
157696,4.31902e-05
157952,4.31014e-05
158208,4.29748e-05
158464,4.28909e-05
158720,4.28909e-05
158976,4.28829e-05
159232,4.27553e-05
159488,4.26987e-05
159744,4.26987e-05
160000,4.26634e-05
160256,4.24657e-05
160512,4.23913e-05
160768,4.23348e-05
161024,4.2276e-05
161280,4.18916e-05
161536,4.18468e-05
161792,4.18114e-05
162048,4.17379e-05
162304,4.17379e-05
162560,4.14305e-05
162816,4.13605e-05
163072,4.11549e-05
163328,4.10509e-05
163584,4.09378e-05
163840,4.03846e-05
164096,4.03159e-05
164352,4.02474e-05
164608,4.02077e-05
164864,4.00908e-05
165120,3.98021e-05
165376,3.97013e-05
165632,3.96626e-05
165888,3.95253e-05
166144,3.91918e-05
166400,3.89565e-05
166656,3.88359e-05
166912,3.87919e-05
167168,3.87402e-05
167424,3.87034e-05
167680,3.84461e-05
167936,3.80484e-05
168192,3.80383e-05
168448,3.78763e-05
168704,3.78377e-05
168960,3.78067e-05
169216,3.77025e-05
169472,3.76641e-05
169728,3.71102e-05
169984,3.70876e-05
170240,3.70107e-05
170496,3.6976e-05
170752,3.69723e-05
171008,3.69101e-05
171264,3.67854e-05
171520,3.67801e-05
171776,3.67661e-05
172032,3.64428e-05
172288,3.58548e-05
172544,3.5233e-05
172800,3.48227e-05
173056,3.47529e-05
173312,3.47432e-05
173568,3.47231e-05
173824,3.45895e-05
174080,3.45289e-05
174336,3.45126e-05
174592,3.44876e-05
174848,3.43166e-05
175104,3.4282e-05
175360,3.42313e-05
175616,3.42051e-05
175872,3.41667e-05
176128,3.40514e-05
176384,3.40514e-05
176640,3.39745e-05
176896,3.39745e-05
177152,3.39518e-05
177408,3.38592e-05
177664,3.38592e-05
177920,3.38592e-05
178176,3.38592e-05
178432,3.37966e-05
178688,3.35492e-05
178944,3.34365e-05
179200,3.31911e-05
179456,3.30522e-05
179712,3.28984e-05
179968,3.28249e-05
180224,3.27063e-05
180480,3.27063e-05
180736,3.27063e-05
180992,3.27063e-05
181248,3.26678e-05
181504,3.25194e-05
181760,3.24757e-05
182016,3.22066e-05
182272,3.22066e-05
182528,3.22066e-05
182784,3.22066e-05
183040,3.1712e-05
183296,3.15641e-05
183552,3.15031e-05
183808,3.14764e-05
184064,3.14175e-05
184320,3.09799e-05
184576,3.08615e-05
184832,3.07936e-05
185088,3.07078e-05
185344,3.07078e-05
185600,3.07078e-05
185856,3.06626e-05
186112,3.05776e-05
186368,3.04388e-05
186624,3.01697e-05
186880,3.00544e-05
187136,2.98238e-05
187392,2.93424e-05
187648,2.93242e-05
187904,2.92473e-05
188160,2.90331e-05
188416,2.8944e-05
188672,2.89398e-05
188928,2.88971e-05
189184,2.8863e-05
189440,2.8863e-05
189696,2.8863e-05
189952,2.87805e-05
190208,2.86825e-05
190464,2.86709e-05
190720,2.85956e-05
190976,2.85868e-05
191232,2.83952e-05
191488,2.79945e-05
191744,2.77143e-05
192000,2.75717e-05
192256,2.74206e-05
192512,2.7292e-05
192768,2.72489e-05
193024,2.71155e-05
193280,2.69035e-05
193536,2.68827e-05
193792,2.67388e-05
194048,2.66473e-05
194304,2.64707e-05
194560,2.63481e-05
194816,2.62251e-05
195072,2.62112e-05
195328,2.62032e-05
195584,2.61727e-05
195840,2.61313e-05
196096,2.60959e-05
196352,2.60621e-05
196608,2.60555e-05
196864,2.6019e-05
197120,2.60038e-05
197376,2.59806e-05
197632,2.59233e-05
197888,2.58682e-05
198144,2.58653e-05
198400,2.58653e-05
198656,2.58297e-05
198912,2.57636e-05
199168,2.575e-05
199424,2.5481e-05
199680,2.54725e-05
199936,2.51348e-05
200192,2.47123e-05
200448,2.46782e-05
200704,2.45245e-05
200960,2.42896e-05
201216,2.42896e-05
201472,2.42896e-05
201728,2.40471e-05
201984,2.39821e-05
202240,2.39821e-05
202496,2.39821e-05
202752,2.39437e-05
203008,2.39437e-05
203264,2.39437e-05
203520,2.39437e-05
203776,2.39173e-05
204032,2.35545e-05
204288,2.33672e-05
204544,2.31006e-05
204800,2.28675e-05
205056,2.26925e-05
205312,2.21056e-05
205568,2.19967e-05
205824,2.18299e-05
206080,2.18299e-05
206336,2.18299e-05
206592,2.17447e-05
206848,2.1433e-05
207104,2.12534e-05
207360,2.11312e-05
207616,2.10228e-05
207872,2.10228e-05
208128,2.07148e-05
208384,2.05819e-05
208640,2.04518e-05
208896,2.04463e-05
209152,2.04139e-05
209408,2.03949e-05
209664,2.03694e-05
209920,2.03694e-05
210176,2.03694e-05
210432,2.03694e-05
210688,2.03694e-05
210944,2.01259e-05
211200,2.01004e-05
211456,2.01004e-05
211712,2.00661e-05
211968,2.0062e-05
212224,1.97362e-05
212480,1.95441e-05
212736,1.94471e-05
212992,1.94471e-05
213248,1.94393e-05
213504,1.94086e-05
213760,1.92933e-05
214016,1.92933e-05
214272,1.92933e-05
214528,1.92933e-05
214784,1.92933e-05
215040,1.92933e-05
215296,1.92933e-05
215552,1.92933e-05
215808,1.92933e-05
216064,1.92933e-05
216320,1.91896e-05
216576,1.88706e-05
216832,1.88706e-05
217088,1.887e-05
217344,1.87589e-05
217600,1.87066e-05
217856,1.86438e-05
218112,1.82556e-05
218368,1.82556e-05
218624,1.82556e-05
218880,1.82556e-05
219136,1.82556e-05
219392,1.8185e-05
219648,1.81788e-05
219904,1.81788e-05
220160,1.81788e-05
220416,1.81788e-05
220672,1.80704e-05
220928,1.78275e-05
221184,1.75639e-05
221440,1.73717e-05
221696,1.73234e-05
221952,1.72908e-05
222208,1.71027e-05
222464,1.70802e-05
222720,1.68426e-05
222976,1.67183e-05
223232,1.6603e-05
223488,1.6603e-05
223744,1.64602e-05
224000,1.64493e-05
224256,1.61678e-05
224512,1.59113e-05
224768,1.59113e-05
225024,1.59113e-05
225280,1.58998e-05
225536,1.57949e-05
225792,1.56086e-05
226048,1.52963e-05
226304,1.5181e-05
226560,1.5181e-05
226816,1.5181e-05
227072,1.5181e-05
227328,1.5181e-05
227584,1.5181e-05
227840,1.5181e-05
228096,1.51763e-05
228352,1.50273e-05
228608,1.49936e-05
228864,1.4643e-05
229120,1.45661e-05
229376,1.44893e-05
229632,1.44893e-05
229888,1.44893e-05
230144,1.43992e-05
230400,1.42202e-05
230656,1.42202e-05
230912,1.38359e-05
231168,1.38359e-05
231424,1.38359e-05
231680,1.38359e-05
231936,1.38359e-05
232192,1.38359e-05
232448,1.38359e-05
232704,1.38359e-05
232960,1.38359e-05
233216,1.38359e-05
233472,1.37936e-05
233728,1.3759e-05
233984,1.3759e-05
234240,1.3759e-05
234496,1.3759e-05
234752,1.3759e-05
235008,1.3759e-05
235264,1.36259e-05
235520,1.34527e-05
235776,1.34516e-05
236032,1.34516e-05
236288,1.34364e-05
236544,1.32482e-05
236800,1.30249e-05
237056,1.29904e-05
237312,1.29904e-05
237568,1.29646e-05
237824,1.28751e-05
238080,1.28751e-05
238336,1.28751e-05
238592,1.26513e-05
238848,1.26445e-05
239104,1.26445e-05
239360,1.26445e-05
239616,1.26445e-05
239872,1.23755e-05
240128,1.22894e-05
240384,1.20296e-05
240640,1.20296e-05
240896,1.1829e-05
241152,1.16837e-05
241408,1.16837e-05
241664,1.16837e-05
241920,1.16837e-05
242176,1.16837e-05
242432,1.16837e-05
242688,1.16068e-05
242944,1.16068e-05
243200,1.16068e-05
243456,1.16068e-05
243712,1.16068e-05
243968,1.16068e-05
244224,1.16068e-05
244480,1.16068e-05
244736,1.16068e-05
244992,1.16068e-05
245248,1.16068e-05
245504,1.16068e-05
245760,1.16068e-05
246016,1.13835e-05
246272,1.10303e-05
246528,1.10303e-05
246784,1.10303e-05
247040,1.10303e-05
247296,1.07229e-05
247552,1.07229e-05
247808,1.06844e-05
248064,1.06844e-05
248320,1.06489e-05
248576,1.0646e-05
248832,1.0646e-05
249088,1.05691e-05
249344,1.05691e-05
249600,1.05691e-05
249856,1.05691e-05
250112,1.05691e-05
250368,1.05691e-05
250624,1.05691e-05
250880,1.05691e-05
251136,1.05691e-05
251392,1.05691e-05
251648,1.05691e-05
251904,1.05691e-05
252160,1.05691e-05
252416,1.05691e-05
252672,1.05181e-05
252928,1.03495e-05
253184,1.02651e-05
253440,1.01464e-05
253696,1.0108e-05
253952,1.0108e-05
254208,1.0108e-05
254464,1.0108e-05
254720,1.00311e-05
254976,1.00311e-05
255232,9.84174e-06
255488,9.72363e-06
255744,9.72363e-06
256000,9.67018e-06
256256,9.60833e-06
256512,9.59414e-06
256768,9.5699e-06
257024,9.54845e-06
257280,9.53146e-06
257536,9.53146e-06
257792,9.47593e-06
258048,9.37773e-06
258304,9.3393e-06
258560,9.3393e-06
258816,9.23677e-06
259072,9.224e-06
259328,9.224e-06
259584,9.224e-06
259840,9.10871e-06
260096,9.10871e-06
260352,9.10871e-06
260608,9.10871e-06
260864,9.10871e-06
261120,9.10871e-06
261376,9.10871e-06
261632,8.64752e-06
261888,8.41692e-06
262144,8.41692e-06
262400,8.41692e-06
262656,8.41692e-06
262912,8.3804e-06
263168,8.30162e-06
263424,8.30162e-06
263680,8.30162e-06
263936,8.30162e-06
264192,8.30162e-06
264448,8.30162e-06
264704,8.30162e-06
264960,8.29955e-06
265216,8.18633e-06
265472,8.10067e-06
265728,8.07103e-06
265984,8.07103e-06
266240,8.07103e-06
266496,8.05931e-06
266752,8.0326e-06
267008,8.0326e-06
267264,8.0326e-06
267520,7.99785e-06
267776,7.99416e-06
268032,7.99416e-06
268288,7.99416e-06
268544,7.99416e-06
268800,7.99416e-06
269056,7.99416e-06
269312,7.99416e-06
269568,7.99416e-06
269824,7.99416e-06
270080,7.99416e-06
270336,7.99416e-06
270592,7.99416e-06
270848,7.99416e-06
271104,7.99416e-06
271360,7.99416e-06
271616,7.99416e-06
271872,7.99416e-06
272128,7.99416e-06
272384,7.99416e-06
272640,7.99416e-06
272896,7.99416e-06
273152,7.99416e-06
273408,7.99416e-06
273664,7.99416e-06
273920,7.92204e-06
274176,7.72514e-06
274432,7.72514e-06
274688,7.6867e-06
274944,7.6867e-06
275200,7.6867e-06
275456,7.6867e-06
275712,7.6867e-06
275968,7.6867e-06
276224,7.6867e-06
276480,7.6867e-06
276736,7.6867e-06
276992,7.6867e-06
277248,7.6867e-06
277504,7.6867e-06
277760,7.6867e-06
278016,7.6867e-06
278272,7.6867e-06
278528,7.6867e-06
278784,7.66169e-06
279040,7.64827e-06
279296,7.64827e-06
279552,7.64827e-06
279808,7.64827e-06
280064,7.64827e-06
280320,7.64827e-06
280576,7.64827e-06
280832,7.64827e-06
281088,7.64827e-06
281344,7.60002e-06
281600,7.49787e-06
281856,7.4052e-06
282112,7.37924e-06
282368,7.37924e-06
282624,7.37924e-06
282880,7.37924e-06
283136,6.95155e-06
283392,6.84246e-06
283648,6.83172e-06
283904,6.72589e-06
284160,6.72589e-06
284416,6.72589e-06
284672,6.72589e-06
284928,6.69714e-06
285184,6.65321e-06
285440,6.57216e-06
285696,6.57216e-06
285952,6.57216e-06
286208,6.57216e-06
286464,6.57216e-06
286720,6.57216e-06
286976,6.57216e-06
287232,6.57216e-06
287488,6.57216e-06
287744,6.57216e-06
288000,6.547e-06
288256,6.53373e-06
288512,6.53373e-06
288768,6.53373e-06
289024,6.53373e-06
289280,6.53373e-06
289536,6.53373e-06
289792,6.53373e-06
290048,6.53373e-06
290304,6.53373e-06
290560,6.53373e-06
290816,6.53373e-06
291072,6.53373e-06
291328,6.53373e-06
291584,6.53373e-06
291840,6.53373e-06
292096,6.53373e-06
292352,6.53373e-06
292608,6.53373e-06
292864,6.53373e-06
293120,6.53276e-06
293376,6.41843e-06
293632,6.41843e-06
293888,6.41843e-06
294144,6.41843e-06
294400,6.41843e-06
294656,6.37479e-06
294912,6.34157e-06
295168,6.34157e-06
295424,6.34157e-06
295680,6.34157e-06
295936,6.34157e-06
296192,6.34157e-06
296448,6.34157e-06
296704,6.34157e-06
296960,6.34157e-06
297216,6.34157e-06
297472,6.34157e-06
297728,6.34157e-06
297984,6.34157e-06
298240,6.34157e-06
298496,6.32777e-06
298752,6.24957e-06
299008,6.22627e-06
299264,6.22627e-06
299520,6.11097e-06
299776,6.11097e-06
300032,6.11097e-06
300288,6.11097e-06
300544,6.11097e-06
300800,6.11097e-06
301056,6.11097e-06
301312,6.11097e-06
301568,6.11097e-06
301824,6.11097e-06
302080,6.11097e-06
302336,6.11097e-06
302592,6.11097e-06
302848,6.11097e-06
303104,6.11097e-06
303360,6.11097e-06
303616,6.11097e-06
303872,6.11097e-06
304128,6.11097e-06
304384,6.11097e-06
304640,6.11097e-06
304896,6.11097e-06
305152,6.11097e-06
305408,6.11097e-06
305664,6.11097e-06
305920,6.11097e-06
306176,6.11097e-06
306432,6.11097e-06
306688,6.10956e-06
306944,6.02776e-06
307200,5.91881e-06
307456,5.91881e-06
307712,5.91881e-06
307968,5.91881e-06
308224,5.91881e-06
308480,5.91881e-06
308736,5.91881e-06
308992,5.91881e-06
309248,5.91881e-06
309504,5.91881e-06
309760,5.91881e-06
310016,5.91881e-06
310272,5.91881e-06
310528,5.91881e-06
310784,5.91881e-06
311040,5.91881e-06
311296,5.91881e-06
311552,5.91881e-06
311808,5.91881e-06
312064,5.91881e-06
312320,5.90519e-06
312576,5.88038e-06
312832,5.88038e-06
313088,5.41918e-06
313344,5.41918e-06
313600,5.41918e-06
313856,5.41918e-06
314112,5.41918e-06
314368,5.41918e-06
314624,5.41918e-06
314880,5.41918e-06
315136,5.41918e-06
315392,5.41918e-06
315648,5.41918e-06
315904,5.41918e-06
316160,5.41918e-06
316416,5.41918e-06
316672,5.41918e-06
316928,5.41918e-06
317184,5.41918e-06
317440,5.41918e-06
317696,5.41918e-06
317952,5.18859e-06
318208,5.18859e-06
318464,5.18768e-06
318720,5.15016e-06
318976,5.15016e-06
319232,5.15016e-06
319488,5.15016e-06
319744,5.15016e-06
320000,5.15016e-06
320256,5.15016e-06
320512,5.15016e-06
320768,5.15016e-06
321024,5.118e-06
321280,5.07329e-06
321536,5.00838e-06
321792,4.92455e-06
322048,4.80426e-06
322304,4.74133e-06
322560,4.68897e-06
322816,4.68897e-06
323072,4.68897e-06
323328,4.68897e-06
323584,4.68897e-06
323840,4.68897e-06
324096,4.68897e-06
324352,4.68897e-06
324608,4.68897e-06
324864,4.68897e-06
325120,4.68897e-06
325376,4.68897e-06
325632,4.68897e-06
325888,4.68897e-06
326144,4.68897e-06
326400,4.66674e-06
326656,4.65053e-06
326912,4.65053e-06
327168,4.65053e-06
327424,4.65053e-06
327680,4.65053e-06
327936,4.65053e-06
328192,4.65053e-06
328448,4.65053e-06
328704,4.65053e-06
328960,4.65053e-06
329216,4.65053e-06
329472,4.64037e-06
329728,4.57675e-06
329984,4.57367e-06
330240,4.57367e-06
330496,4.57367e-06
330752,4.57367e-06
331008,4.57367e-06
331264,4.57367e-06
331520,4.57367e-06
331776,4.57367e-06
332032,4.57367e-06
332288,4.57367e-06
332544,4.57367e-06
332800,4.57367e-06
333056,4.57367e-06
333312,4.57367e-06
333568,4.57367e-06
333824,4.57367e-06
334080,4.57367e-06
334336,4.57367e-06
334592,4.57367e-06
334848,4.57367e-06
335104,4.57367e-06
335360,4.57367e-06
335616,4.57367e-06
335872,4.57367e-06
336128,4.57367e-06
336384,4.57367e-06
336640,4.51805e-06
336896,4.45837e-06
337152,4.42167e-06
337408,4.26621e-06
337664,4.26621e-06
337920,4.26621e-06
338176,4.26621e-06
338432,4.26621e-06
338688,4.26621e-06
338944,4.26621e-06
339200,4.26621e-06
339456,4.26621e-06
339712,4.26621e-06
339968,4.26621e-06
340224,4.26621e-06
340480,4.26621e-06
340736,4.26621e-06
340992,4.26621e-06
341248,4.26621e-06
341504,4.26621e-06
341760,4.26621e-06
342016,4.26621e-06
342272,4.26163e-06
342528,4.19227e-06
342784,4.18934e-06
343040,4.18934e-06
343296,4.18934e-06
343552,4.18934e-06
343808,4.18934e-06
344064,4.18934e-06
344320,4.18934e-06
344576,4.18934e-06
344832,4.18934e-06
345088,4.18934e-06
345344,4.18934e-06
345600,4.18934e-06
345856,4.18934e-06
346112,4.18934e-06
346368,4.18934e-06
346624,4.18934e-06
346880,4.18934e-06
347136,4.18934e-06
347392,4.18934e-06
347648,4.18934e-06
347904,4.18934e-06
348160,4.18934e-06
348416,4.18934e-06
348672,4.18934e-06
348928,4.18934e-06
349184,4.14011e-06
349440,4.11248e-06
349696,4.11248e-06
349952,4.11248e-06
350208,4.11248e-06
350464,4.11248e-06
350720,4.11248e-06
350976,4.11248e-06
351232,4.11248e-06
351488,4.11248e-06
351744,4.11248e-06
352000,4.11248e-06
352256,4.11248e-06
352512,4.11248e-06
352768,4.11248e-06
353024,4.11248e-06
353280,4.11248e-06
353536,4.11248e-06
353792,4.11248e-06
354048,4.11248e-06
354304,4.11248e-06
354560,4.11248e-06
354816,4.11248e-06
355072,4.11248e-06
355328,4.11248e-06
355584,4.11248e-06
355840,4.11248e-06
356096,4.11248e-06
356352,4.11248e-06
356608,4.11248e-06
356864,4.11248e-06
357120,4.11248e-06
357376,4.11248e-06
357632,4.11248e-06
357888,4.11248e-06
358144,4.11248e-06
358400,4.11248e-06
358656,4.11248e-06
358912,4.11248e-06
359168,4.11248e-06
359424,4.11248e-06
359680,4.11248e-06
359936,4.11248e-06
360192,4.11248e-06
360448,4.11248e-06
360704,4.11248e-06
360960,4.11248e-06
361216,4.11248e-06
361472,4.11248e-06
361728,4.11248e-06
361984,4.11248e-06
362240,4.11248e-06
362496,4.11248e-06
362752,4.11248e-06
363008,4.11248e-06
363264,4.11248e-06
363520,4.11248e-06
363776,4.11248e-06
364032,4.11248e-06
364288,4.11248e-06
364544,4.11248e-06
364800,4.11248e-06
365056,4.11248e-06
365312,4.11248e-06
365568,4.11248e-06
365824,4.11248e-06
366080,4.11248e-06
366336,4.11248e-06
366592,3.94415e-06
366848,3.88188e-06
367104,3.88188e-06
367360,3.88188e-06
367616,3.88188e-06
367872,3.88188e-06
368128,3.88188e-06
368384,3.88188e-06
368640,3.88188e-06
368896,3.88188e-06
369152,3.88188e-06
369408,3.88188e-06
369664,3.88188e-06
369920,3.88188e-06
370176,3.88188e-06
370432,3.88188e-06
370688,3.88188e-06
370944,3.88188e-06
371200,3.88188e-06
371456,3.88188e-06
371712,3.88188e-06
371968,3.88188e-06
372224,3.88188e-06
372480,3.88188e-06
372736,3.88188e-06
372992,3.88188e-06
373248,3.88188e-06
373504,3.88188e-06
373760,3.88188e-06
374016,3.88188e-06
374272,3.88188e-06
374528,3.88188e-06
374784,3.88188e-06
375040,3.88188e-06
375296,3.88188e-06
375552,3.88188e-06
375808,3.88188e-06
376064,3.88188e-06
376320,3.88188e-06
376576,3.88188e-06
376832,3.88188e-06
377088,3.88188e-06
377344,3.88188e-06
377600,3.88188e-06
377856,3.88188e-06
378112,3.7332e-06
378368,3.72815e-06
378624,3.72815e-06
378880,3.72815e-06
379136,3.72815e-06
379392,3.72815e-06
379648,3.72815e-06
379904,3.71818e-06
380160,3.65129e-06
380416,3.65129e-06
380672,3.65129e-06
380928,3.65129e-06
381184,3.65129e-06
381440,3.65129e-06
381696,3.65129e-06
381952,3.65129e-06
382208,3.65129e-06
382464,3.65129e-06
382720,3.65129e-06
382976,3.65129e-06
383232,3.62415e-06
383488,3.61286e-06
383744,3.61286e-06
384000,3.61286e-06
384256,3.61286e-06
384512,3.61286e-06
384768,3.61286e-06
385024,3.61286e-06
385280,3.61286e-06
385536,3.61286e-06
385792,3.61286e-06
386048,3.61286e-06
386304,3.61286e-06
386560,3.61286e-06
386816,3.61286e-06
387072,3.61286e-06
387328,3.61286e-06
387584,3.61286e-06
387840,3.61286e-06
388096,3.61286e-06
388352,3.61286e-06
388608,3.61286e-06
388864,3.61286e-06
389120,3.61286e-06
389376,3.61286e-06
389632,3.61286e-06
389888,3.61286e-06
390144,3.61286e-06
390400,3.61286e-06
390656,3.61286e-06
390912,3.61286e-06
391168,3.61286e-06
391424,3.61286e-06
391680,3.61286e-06
391936,3.61286e-06
392192,3.61286e-06
392448,3.61286e-06
392704,3.61286e-06
392960,3.61286e-06
393216,3.57871e-06
393472,3.57442e-06
393728,3.57442e-06
393984,3.57442e-06
394240,3.57442e-06
394496,3.57442e-06
394752,3.57442e-06
395008,3.5328e-06
395264,3.45913e-06
395520,3.45913e-06
395776,3.45913e-06
396032,3.45913e-06
396288,3.45913e-06
396544,3.45913e-06
396800,3.45913e-06
397056,3.45913e-06
397312,3.45913e-06
397568,3.45913e-06
397824,3.45913e-06
398080,3.45913e-06
398336,3.45913e-06
398592,3.45913e-06
398848,3.45913e-06
399104,3.45913e-06
399360,3.45913e-06
399616,3.45913e-06
399872,3.45913e-06
400128,3.45913e-06
400384,3.45913e-06
400640,3.45913e-06
400896,3.45913e-06
401152,3.45913e-06
401408,3.45913e-06
401664,3.45913e-06
401920,3.44418e-06
402176,3.31402e-06
402432,3.22853e-06
402688,3.22853e-06
402944,3.22853e-06
403200,3.22853e-06
403456,3.22853e-06
403712,3.22853e-06
403968,3.22853e-06
404224,3.22853e-06
404480,3.22853e-06
404736,3.22853e-06
404992,3.22853e-06
405248,3.22853e-06
405504,3.22853e-06
405760,3.22853e-06
406016,3.22853e-06
406272,3.22853e-06
406528,3.22853e-06
406784,3.22853e-06
407040,3.22853e-06
407296,3.22853e-06
407552,3.22853e-06
407808,3.22853e-06
408064,3.22853e-06
408320,3.22853e-06
408576,3.22853e-06
408832,3.22853e-06
409088,3.22853e-06
409344,3.22853e-06
409600,3.22853e-06
409856,3.22853e-06
410112,3.22853e-06
410368,3.22853e-06
410624,3.22853e-06
410880,3.22853e-06
411136,3.22853e-06
411392,3.22853e-06
411648,3.22853e-06
411904,3.22853e-06
412160,3.22853e-06
412416,3.22853e-06
412672,3.22853e-06
412928,3.22853e-06
413184,3.22853e-06
413440,3.22853e-06
413696,3.22853e-06
413952,3.22853e-06
414208,3.22853e-06
414464,3.22853e-06
414720,3.22853e-06
414976,3.22853e-06
415232,3.22853e-06
415488,3.20193e-06
415744,3.15581e-06
416000,3.15167e-06
416256,3.15167e-06
416512,3.15167e-06
416768,3.15167e-06
417024,3.15167e-06
417280,3.15167e-06
417536,3.15167e-06
417792,3.15167e-06
418048,3.15167e-06
418304,3.15167e-06
418560,3.15167e-06
418816,3.15167e-06
419072,3.15167e-06
419328,3.15167e-06
419584,3.15167e-06
419840,3.15167e-06
420096,3.15167e-06
420352,3.15167e-06
420608,3.15167e-06
420864,3.14784e-06
421120,3.10092e-06
421376,3.0748e-06
421632,3.0748e-06
421888,3.0748e-06
422144,3.0748e-06
422400,3.0748e-06
422656,3.0748e-06
422912,3.0748e-06
423168,3.0748e-06
423424,3.0748e-06
423680,3.0748e-06
423936,3.0748e-06
424192,3.0748e-06
424448,3.0748e-06
424704,3.0748e-06
424960,3.0748e-06
425216,3.0748e-06
425472,3.0748e-06
425728,3.0748e-06
425984,3.0748e-06
426240,3.0748e-06
426496,3.0748e-06
426752,3.0748e-06
427008,3.0748e-06
427264,3.0748e-06
427520,3.0748e-06
427776,3.0748e-06
428032,3.0748e-06
428288,3.0748e-06
428544,3.0748e-06
428800,3.0748e-06
429056,3.0748e-06
429312,2.97544e-06
429568,2.88264e-06
429824,2.88264e-06
430080,2.88264e-06
430336,2.88264e-06
430592,2.88264e-06
430848,2.88264e-06
431104,2.88264e-06
431360,2.88264e-06
431616,2.88264e-06
431872,2.88264e-06
432128,2.88264e-06
432384,2.88264e-06
432640,2.88264e-06
432896,2.88264e-06
433152,2.88264e-06
433408,2.88264e-06
433664,2.88264e-06
433920,2.88264e-06
434176,2.88264e-06
434432,2.88264e-06
434688,2.88264e-06
434944,2.88264e-06
435200,2.88264e-06
435456,2.88264e-06
435712,2.88264e-06
435968,2.88264e-06
436224,2.88264e-06
436480,2.88264e-06
436736,2.88264e-06
436992,2.88264e-06
437248,2.88264e-06
437504,2.88264e-06
437760,2.88264e-06
438016,2.88264e-06
438272,2.88264e-06
438528,2.88264e-06
438784,2.88264e-06
439040,2.88264e-06
439296,2.88264e-06
439552,2.88264e-06
439808,2.88264e-06
440064,2.88264e-06
440320,2.88264e-06
440576,2.88264e-06
440832,2.88264e-06
441088,2.88264e-06
441344,2.88264e-06
441600,2.88264e-06
441856,2.88264e-06
442112,2.88264e-06
442368,2.88264e-06
442624,2.88264e-06
442880,2.88264e-06
443136,2.88264e-06
443392,2.88264e-06
443648,2.88264e-06
443904,2.88264e-06
444160,2.88264e-06
444416,2.88264e-06
444672,2.88264e-06
444928,2.88264e-06
445184,2.88264e-06
445440,2.88264e-06
445696,2.88264e-06
445952,2.88264e-06
446208,2.88264e-06
446464,2.88264e-06
446720,2.88264e-06
446976,2.88264e-06
447232,2.88264e-06
447488,2.88264e-06
447744,2.88264e-06
448000,2.88264e-06
448256,2.88264e-06
448512,2.88264e-06
448768,2.88264e-06
449024,2.88264e-06
449280,2.88264e-06
449536,2.88264e-06
449792,2.88264e-06
450048,2.88264e-06
450304,2.88264e-06
450560,2.88264e-06
450816,2.88264e-06
451072,2.88264e-06
451328,2.88264e-06
451584,2.88264e-06
451840,2.88264e-06
452096,2.88264e-06
452352,2.88264e-06
452608,2.88264e-06
452864,2.88264e-06
453120,2.88264e-06
453376,2.88264e-06
453632,2.88264e-06
453888,2.88264e-06
454144,2.88264e-06
454400,2.88264e-06
454656,2.88264e-06
454912,2.88264e-06
455168,2.88264e-06
455424,2.88264e-06
455680,2.88264e-06
455936,2.88264e-06
456192,2.88264e-06
456448,2.88264e-06
456704,2.88264e-06
456960,2.88264e-06
457216,2.88264e-06
457472,2.88264e-06
457728,2.88264e-06
457984,2.88264e-06
458240,2.88264e-06
458496,2.88264e-06
458752,2.88264e-06
459008,2.88264e-06
459264,2.88264e-06
459520,2.88264e-06
459776,2.88264e-06
460032,2.88264e-06
460288,2.88264e-06
460544,2.88264e-06
460800,2.88264e-06
461056,2.88264e-06
461312,2.88264e-06
461568,2.88264e-06
461824,2.88264e-06
462080,2.88264e-06
462336,2.88264e-06
462592,2.88264e-06
462848,2.88264e-06
463104,2.88264e-06
463360,2.88264e-06
463616,2.88264e-06
463872,2.88264e-06
464128,2.88264e-06
464384,2.88264e-06
464640,2.88264e-06
464896,2.88264e-06
465152,2.88264e-06
465408,2.88264e-06
465664,2.88264e-06
465920,2.88264e-06
466176,2.88264e-06
466432,2.88264e-06
466688,2.88264e-06
466944,2.88264e-06
467200,2.88264e-06
467456,2.88264e-06
467712,2.88264e-06
467968,2.88264e-06
468224,2.88264e-06
468480,2.88264e-06
468736,2.88264e-06
468992,2.88264e-06
469248,2.88264e-06
469504,2.88264e-06
469760,2.88264e-06
470016,2.88264e-06
470272,2.88264e-06
470528,2.88264e-06
470784,2.88264e-06
471040,2.88264e-06
471296,2.88264e-06
471552,2.88264e-06
471808,2.88264e-06
472064,2.88264e-06
472320,2.88264e-06
472576,2.88264e-06
472832,2.88264e-06
473088,2.88264e-06
473344,2.88264e-06
473600,2.88264e-06
473856,2.88264e-06
474112,2.88264e-06
474368,2.88264e-06
474624,2.88264e-06
474880,2.88264e-06
475136,2.88264e-06
475392,2.88264e-06
475648,2.88264e-06
475904,2.88264e-06
476160,2.88264e-06
476416,2.88264e-06
476672,2.88264e-06
476928,2.88264e-06
477184,2.88264e-06
477440,2.88264e-06
477696,2.88264e-06
477952,2.88264e-06
478208,2.88264e-06
478464,2.88264e-06
478720,2.88264e-06
478976,2.88264e-06
479232,2.88264e-06
479488,2.88264e-06
479744,2.88264e-06
480000,2.88264e-06
480256,2.88264e-06
480512,2.88264e-06
480768,2.88264e-06
481024,2.88264e-06
481280,2.88264e-06
481536,2.88264e-06
481792,2.88264e-06
482048,2.88264e-06
482304,2.88264e-06
482560,2.88264e-06
482816,2.88264e-06
483072,2.88264e-06
483328,2.88264e-06
483584,2.88264e-06
483840,2.88264e-06
484096,2.88264e-06
484352,2.88264e-06
484608,2.88264e-06
484864,2.88264e-06
485120,2.88264e-06
485376,2.88264e-06
485632,2.88264e-06
485888,2.88264e-06
486144,2.88264e-06
486400,2.88264e-06
486656,2.88264e-06
486912,2.88264e-06
487168,2.88264e-06
487424,2.88264e-06
487680,2.88264e-06
487936,2.88264e-06
488192,2.88264e-06
488448,2.88264e-06
488704,2.88264e-06
488960,2.88264e-06
489216,2.88264e-06
489472,2.88264e-06
489728,2.88264e-06
489984,2.88264e-06
490240,2.88264e-06
490496,2.88264e-06
490752,2.88264e-06
491008,2.88264e-06
491264,2.88264e-06
491520,2.88264e-06
491776,2.88264e-06
492032,2.88264e-06
492288,2.88264e-06
492544,2.88264e-06
492800,2.88264e-06
493056,2.88264e-06
493312,2.88264e-06
493568,2.88264e-06
493824,2.88264e-06
494080,2.88264e-06
494336,2.88264e-06
494592,2.88264e-06
494848,2.88264e-06
495104,2.88264e-06
495360,2.88264e-06
495616,2.88264e-06
495872,2.88264e-06
496128,2.88264e-06
496384,2.88264e-06
496640,2.88264e-06
496896,2.88264e-06
497152,2.88264e-06
497408,2.88264e-06
497664,2.88264e-06
497920,2.88264e-06
498176,2.88264e-06
498432,2.88264e-06
498688,2.88264e-06
498944,2.88264e-06
499200,2.88264e-06
499456,2.88264e-06
499712,2.88264e-06
499968,2.88264e-06
500224,2.88264e-06
500480,2.88264e-06
500736,2.88264e-06
500992,2.88264e-06
501248,2.88264e-06
501504,2.88264e-06
501760,2.88264e-06
502016,2.88264e-06
502272,2.88264e-06
502528,2.88264e-06
502784,2.88264e-06
503040,2.88264e-06
503296,2.88264e-06
503552,2.88264e-06
503808,2.88264e-06
504064,2.88264e-06
504320,2.88264e-06
504576,2.88264e-06
504832,2.88264e-06
505088,2.88264e-06
505344,2.88264e-06
505600,2.88264e-06
505856,2.88264e-06
506112,2.88264e-06
506368,2.88264e-06
506624,2.88264e-06
506880,2.88264e-06
507136,2.88264e-06
507392,2.88264e-06
507648,2.88264e-06
507904,2.88264e-06
508160,2.88264e-06
508416,2.88264e-06
508672,2.88264e-06
508928,2.88264e-06
509184,2.88264e-06
509440,2.88264e-06
509696,2.88264e-06
509952,2.88264e-06
510208,2.88264e-06
510464,2.88264e-06
510720,2.88264e-06
510976,2.88264e-06
511232,2.88264e-06
511488,2.88264e-06
511744,2.88264e-06
512000,2.88264e-06
512256,2.88264e-06
512512,2.88264e-06
512768,2.88264e-06
513024,2.88264e-06
513280,2.88264e-06
513536,2.88264e-06
513792,2.88264e-06
514048,2.88264e-06
514304,2.88264e-06
514560,2.88264e-06
514816,2.88264e-06
515072,2.88264e-06
515328,2.88264e-06
515584,2.88264e-06
515840,2.88264e-06
516096,2.88264e-06
516352,2.88264e-06
516608,2.88264e-06
516864,2.88264e-06
517120,2.88264e-06
517376,2.88264e-06
517632,2.88264e-06
517888,2.88264e-06
518144,2.88264e-06
518400,2.88264e-06
518656,2.88264e-06
518912,2.88264e-06
519168,2.88264e-06
519424,2.88264e-06
519680,2.88264e-06
519936,2.88264e-06
520192,2.88264e-06
520448,2.88264e-06
520704,2.88264e-06
520960,2.88264e-06
521216,2.88264e-06
521472,2.88264e-06
521728,2.88264e-06
521984,2.88264e-06
522240,2.88264e-06
522496,2.88264e-06
522752,2.88264e-06
523008,2.88264e-06
523264,2.88264e-06
523520,2.88264e-06
523776,2.88264e-06
524032,2.88264e-06
524288,2.88264e-06
524544,2.88264e-06
524800,2.88264e-06
525056,2.88264e-06
525312,2.88264e-06
525568,2.88264e-06
525824,2.88264e-06
526080,2.88264e-06
526336,2.88264e-06
526592,2.88264e-06
526848,2.88264e-06
527104,2.88264e-06
527360,2.88264e-06
527616,2.88264e-06
527872,2.88264e-06
528128,2.88264e-06
528384,2.88264e-06
528640,2.88264e-06
528896,2.88264e-06
529152,2.88264e-06
529408,2.88264e-06
529664,2.88264e-06
529920,2.88264e-06
530176,2.88264e-06
530432,2.88264e-06
530688,2.88264e-06
530944,2.88264e-06
531200,2.88264e-06
531456,2.88264e-06
531712,2.88264e-06
531968,2.88264e-06
532224,2.88264e-06
532480,2.88264e-06
532736,2.88264e-06
532992,2.88264e-06
533248,2.88264e-06
533504,2.88264e-06
533760,2.88264e-06
534016,2.88264e-06
534272,2.88264e-06
534528,2.88264e-06
534784,2.88264e-06
535040,2.88264e-06
535296,2.88264e-06
535552,2.88264e-06
535808,2.88264e-06
536064,2.88264e-06
536320,2.88264e-06
536576,2.88264e-06
536832,2.88264e-06
537088,2.88264e-06
537344,2.88264e-06
537600,2.88264e-06
537856,2.88264e-06
538112,2.88264e-06
538368,2.88264e-06
538624,2.88264e-06
538880,2.88264e-06
539136,2.88264e-06
539392,2.88264e-06
539648,2.88264e-06
539904,2.88264e-06
540160,2.88264e-06
540416,2.88264e-06
540672,2.88264e-06
540928,2.88264e-06
541184,2.88264e-06
541440,2.88264e-06
541696,2.88264e-06
541952,2.88264e-06
542208,2.88264e-06
542464,2.88264e-06
542720,2.88264e-06
542976,2.88264e-06
543232,2.88264e-06
543488,2.79932e-06
543744,2.70612e-06
544000,2.61361e-06
544256,2.61361e-06
544512,2.61361e-06
544768,2.61361e-06
545024,2.61361e-06
545280,2.61361e-06
545536,2.61361e-06
545792,2.61361e-06
546048,2.61361e-06
546304,2.61361e-06
546560,2.61361e-06
546816,2.61361e-06
547072,2.61361e-06
547328,2.61361e-06
547584,2.61361e-06
547840,2.61361e-06
548096,2.61361e-06
548352,2.61361e-06
548608,2.61361e-06
548864,2.61361e-06
549120,2.61361e-06
549376,2.61361e-06
549632,2.61361e-06
549888,2.61361e-06
550144,2.61361e-06
550400,2.61361e-06
550656,2.61361e-06
550912,2.61361e-06
551168,2.61361e-06
551424,2.61361e-06
551680,2.61361e-06
551936,2.61361e-06
552192,2.61361e-06
552448,2.61361e-06
552704,2.61361e-06
552960,2.61361e-06
553216,2.61361e-06
553472,2.61361e-06
553728,2.61361e-06
553984,2.61361e-06
554240,2.61361e-06
554496,2.61361e-06
554752,2.61361e-06
555008,2.61361e-06
555264,2.61361e-06
555520,2.61361e-06
555776,2.61361e-06
556032,2.61361e-06
556288,2.61361e-06
556544,2.61361e-06
556800,2.61361e-06
557056,2.61361e-06
557312,2.61361e-06
557568,2.61361e-06
557824,2.61361e-06
558080,2.61361e-06
558336,2.61361e-06
558592,2.61361e-06
558848,2.61361e-06
559104,2.61361e-06
559360,2.61361e-06
559616,2.61361e-06
559872,2.61361e-06
560128,2.61361e-06
560384,2.61361e-06
560640,2.61361e-06
560896,2.61361e-06
561152,2.61361e-06
561408,2.61361e-06
561664,2.61361e-06
561920,2.61361e-06
562176,2.61361e-06
562432,2.61361e-06
562688,2.61361e-06
562944,2.61361e-06
563200,2.61361e-06
563456,2.61361e-06
563712,2.61361e-06
563968,2.61361e-06
564224,2.61361e-06
564480,2.61361e-06
564736,2.61361e-06
564992,2.61361e-06
565248,2.61361e-06
565504,2.61361e-06
565760,2.61361e-06
566016,2.61361e-06
566272,2.61361e-06
566528,2.61361e-06
566784,2.61361e-06
567040,2.61361e-06
567296,2.61361e-06
567552,2.61361e-06
567808,2.61361e-06
568064,2.61361e-06
568320,2.61361e-06
568576,2.61361e-06
568832,2.61361e-06
569088,2.61361e-06
569344,2.61361e-06
569600,2.61361e-06
569856,2.61361e-06
