cache_lines,MRC
256,0.113602
512,0.111445
768,0.109889
1024,0.108706
1280,0.107783
1536,0.107012
1792,0.105859
2048,0.105336
2304,0.104906
2560,0.104525
2816,0.104171
3072,0.10387
3328,0.103589
3584,0.103292
3840,0.10305
4096,0.102642
4352,0.102142
4608,0.10165
4864,0.101167
5120,0.100674
5376,0.100195
5632,0.0995606
5888,0.0990014
6144,0.0985188
6400,0.098051
6656,0.0977345
6912,0.0976356
7168,0.0975588
7424,0.0974848
7680,0.0974144
7936,0.0973496
8192,0.097284
8448,0.0972228
8704,0.0971658
8960,0.0971131
9216,0.0970548
9472,0.0970001
9728,0.096947
9984,0.0969004
10240,0.0968565
10496,0.0968159
10752,0.0967272
11008,0.096603
11264,0.0965217
11520,0.0964584
11776,0.0964064
12032,0.0963569
12288,0.0963071
12544,0.0962233
12800,0.0960801
13056,0.0958932
13312,0.0957399
13568,0.0956319
13824,0.0955437
14080,0.0954631
14336,0.0953871
14592,0.0953186
14848,0.0952554
15104,0.0951982
15360,0.0951426
15616,0.0950879
15872,0.0950388
16128,0.0949949
16384,0.0949501
16640,0.0949074
16896,0.0948686
17152,0.0948285
17408,0.094789
17664,0.0947516
17920,0.0947135
18176,0.0946746
18432,0.094634
18688,0.0945939
18944,0.0945439
19200,0.0945073
19456,0.0944723
19712,0.0944359
19968,0.0944005
20224,0.0943652
20480,0.0943316
20736,0.094302
20992,0.0942733
21248,0.0942453
21504,0.0942141
21760,0.0941842
22016,0.0941569
22272,0.0941179
22528,0.0940506
22784,0.093995
23040,0.0939511
23296,0.0939112
23552,0.0938733
23808,0.0938359
24064,0.0937955
24320,0.0937559
24576,0.0937208
24832,0.0936875
25088,0.093653
25344,0.0936201
25600,0.0935848
25856,0.0935509
26112,0.0935144
26368,0.0934787
26624,0.0934431
26880,0.093407
27136,0.0933673
27392,0.0933104
27648,0.0932605
27904,0.0932181
28160,0.093178
28416,0.0931385
28672,0.0931009
28928,0.0930642
29184,0.0930275
29440,0.0929881
29696,0.0929476
29952,0.0929042
30208,0.0928581
30464,0.0928074
30720,0.09275
30976,0.092684
31232,0.092614
31488,0.0925406
31744,0.0924691
32000,0.092396
32256,0.0923281
32512,0.0922601
32768,0.0921956
33024,0.0921314
33280,0.0920715
33536,0.0920133
33792,0.0919584
34048,0.0919033
34304,0.0918427
34560,0.0917799
34816,0.0917124
35072,0.0916352
35328,0.091502
35584,0.0908063
35840,0.0901481
36096,0.0893705
36352,0.0885969
36608,0.0879261
36864,0.0873426
37120,0.0867965
37376,0.0863208
37632,0.0859101
37888,0.0855356
38144,0.0852034
38400,0.0848962
38656,0.0846032
38912,0.0843429
39168,0.084085
39424,0.0836093
39680,0.0824257
39936,0.0808684
40192,0.0791147
40448,0.077035
40704,0.0750418
40960,0.0732267
41216,0.0715762
41472,0.070134
41728,0.068878
41984,0.0677591
42240,0.0667065
42496,0.0656989
42752,0.0647405
43008,0.0638273
43264,0.0629326
43520,0.0620684
43776,0.0612308
44032,0.0604254
44288,0.059627
44544,0.058831
44800,0.0580473
45056,0.0572676
45312,0.0564879
45568,0.0557167
45824,0.0549361
46080,0.0541187
46336,0.053271
46592,0.0523448
46848,0.0512284
47104,0.0498069
47360,0.0482747
47616,0.0471488
47872,0.0460393
48128,0.0449053
48384,0.043729
48640,0.0424734
48896,0.0412917
49152,0.0401111
49408,0.0389005
49664,0.0378019
49920,0.0367872
50176,0.0358513
50432,0.0349157
50688,0.033925
50944,0.0328879
51200,0.0317804
51456,0.030716
51712,0.0297321
51968,0.0288224
52224,0.0279655
52480,0.0271612
52736,0.0263695
52992,0.0256206
53248,0.0248721
53504,0.024156
53760,0.0234233
54016,0.0226736
54272,0.0219374
54528,0.0212273
54784,0.0205248
55040,0.0198315
55296,0.0191818
55552,0.0185646
55808,0.0179468
56064,0.017311
56320,0.0166837
56576,0.0160657
56832,0.0154436
57088,0.0148698
57344,0.0142999
57600,0.0137117
57856,0.0131226
58112,0.0125149
58368,0.0119582
58624,0.0113662
58880,0.0107724
59136,0.0101481
59392,0.0095254
59648,0.00895518
59904,0.00838591
60160,0.00784009
60416,0.00731485
60672,0.00681404
60928,0.00632523
61184,0.00586776
61440,0.00547063
61696,0.00509204
61952,0.00476462
62208,0.00449046
62464,0.00427063
62720,0.00409131
62976,0.00395123
63232,0.00383959
63488,0.0037593
63744,0.00368274
64000,0.00361043
64256,0.00354611
64512,0.0034792
64768,0.00341708
65024,0.00336218
65280,0.00330324
65536,0.0032488
65792,0.00320044
66048,0.00314933
66304,0.00309848
66560,0.00304978
66816,0.00300185
67072,0.00295672
67328,0.00291615
67584,0.00287678
67840,0.00283714
68096,0.00279915
68352,0.00276259
68608,0.00272952
68864,0.00269768
69120,0.0026633
69376,0.00263107
69632,0.00260114
69888,0.00257163
70144,0.00254017
70400,0.00251156
70656,0.00248323
70912,0.00245646
71168,0.00242772
71424,0.00240167
71680,0.00237607
71936,0.00235069
72192,0.00232198
72448,0.00229608
72704,0.00226909
72960,0.00224072
73216,0.0022123
73472,0.00218363
73728,0.0021547
73984,0.00212555
74240,0.00209912
74496,0.00207383
74752,0.00204896
75008,0.00202527
75264,0.00200144
75520,0.00198031
75776,0.00195803
76032,0.00193698
76288,0.00191627
76544,0.00189691
76800,0.00187646
77056,0.00185681
77312,0.00183708
77568,0.00181875
77824,0.00180067
78080,0.00178199
78336,0.00176604
78592,0.00174967
78848,0.00173504
79104,0.00171917
79360,0.00170498
79616,0.00168984
79872,0.00167573
80128,0.00166158
80384,0.00164754
80640,0.00163387
80896,0.00162103
81152,0.00160749
81408,0.001594
81664,0.00158086
81920,0.00156729
82176,0.0015539
82432,0.00154104
82688,0.00152825
82944,0.00151529
83200,0.00150233
83456,0.00148924
83712,0.00147549
83968,0.00146248
84224,0.00145018
84480,0.00143829
84736,0.00142577
84992,0.00141313
85248,0.00140233
85504,0.00138994
85760,0.00137786
86016,0.00136542
86272,0.00135387
86528,0.00134271
86784,0.00133098
87040,0.00131876
87296,0.00130732
87552,0.00129711
87808,0.00128618
88064,0.00127526
88320,0.00126403
88576,0.00125308
88832,0.00124184
89088,0.00123113
89344,0.00122043
89600,0.00121005
89856,0.00119926
90112,0.00118882
90368,0.00117917
90624,0.00116908
90880,0.00115917
91136,0.00114885
91392,0.00113925
91648,0.00112978
91904,0.00112109
92160,0.00111188
92416,0.00110219
92672,0.00109188
92928,0.00108287
93184,0.00107375
93440,0.00106479
93696,0.00105583
93952,0.00104696
94208,0.0010371
94464,0.00102864
94720,0.00102053
94976,0.00101177
95232,0.00100315
95488,0.000994694
95744,0.000986284
96000,0.000977411
96256,0.000970006
96512,0.000962059
96768,0.000954437
97024,0.000946737
97280,0.00093934
97536,0.000931965
97792,0.00092456
98048,0.0009171
98304,0.000909959
98560,0.000902285
98816,0.000894604
99072,0.000887542
99328,0.00088031
99584,0.000873071
99840,0.00086614
100096,0.000859056
100352,0.000852466
100608,0.000845178
100864,0.000837946
101120,0.00083143
101376,0.000825046
101632,0.000818133
101888,0.000811935
102144,0.000805429
102400,0.00079922
102656,0.000792716
102912,0.000786588
103168,0.000780544
103424,0.00077454
103680,0.000768288
103936,0.000762446
104192,0.000756748
104448,0.00075051
104704,0.000744493
104960,0.000738628
105216,0.000732958
105472,0.000727356
105728,0.000722103
105984,0.00071625
106240,0.000710809
106496,0.000705364
106752,0.000699886
107008,0.000694357
107264,0.000689089
107520,0.000684166
107776,0.000678866
108032,0.000673635
108288,0.000668202
108544,0.000663193
108800,0.00065785
109056,0.000652169
109312,0.0006474
109568,0.000642033
109824,0.000637066
110080,0.000632034
110336,0.000627106
110592,0.000622519
110848,0.000617488
111104,0.000612227
111360,0.000607609
111616,0.000603063
111872,0.000598568
112128,0.000594306
112384,0.000589586
112640,0.000584828
112896,0.000579669
113152,0.000574463
113408,0.000569777
113664,0.000565665
113920,0.000560891
114176,0.000557023
114432,0.000552945
114688,0.000548221
114944,0.000543821
115200,0.000539252
115456,0.000535256
115712,0.000531487
115968,0.000527495
116224,0.000523676
116480,0.000519565
116736,0.000515392
116992,0.000511749
117248,0.00050771
117504,0.000503602
117760,0.000500032
118016,0.000496585
118272,0.000492977
118528,0.000489272
118784,0.0004851
119040,0.000481736
119296,0.000477976
119552,0.000474441
119808,0.000470765
120064,0.000466901
120320,0.000463289
120576,0.000459441
120832,0.000455352
121088,0.000452329
121344,0.000449266
121600,0.000445813
121856,0.000442172
122112,0.000438811
122368,0.00043534
122624,0.000431675
122880,0.000428719
123136,0.000425694
123392,0.000422532
123648,0.000419113
123904,0.000415697
124160,0.00041241
124416,0.000409447
124672,0.000406693
124928,0.000403365
125184,0.000400307
125440,0.000397014
125696,0.000394265
125952,0.000391122
126208,0.000388116
126464,0.000385368
126720,0.000382616
126976,0.000379663
127232,0.000376413
127488,0.000373472
127744,0.000371113
128000,0.000367862
128256,0.000364978
128512,0.000362139
128768,0.000359459
129024,0.000356576
129280,0.000353939
129536,0.00035124
129792,0.000348312
130048,0.000345619
130304,0.000342466
130560,0.000339853
130816,0.000336928
131072,0.000334129
131328,0.000331058
131584,0.000328452
131840,0.000325573
132096,0.000322762
132352,0.000319837
132608,0.000317143
132864,0.000313909
133120,0.000311354
133376,0.000308702
133632,0.000306646
133888,0.000304053
134144,0.000301564
134400,0.000299021
134656,0.000296594
134912,0.000293896
135168,0.000291525
135424,0.000289624
135680,0.000287289
135936,0.000285055
136192,0.000283013
136448,0.000280568
136704,0.000277966
136960,0.000275889
137216,0.000273693
137472,0.000271289
137728,0.000268707
137984,0.000266861
138240,0.000264628
138496,0.000262631
138752,0.000260314
139008,0.000258067
139264,0.000256239
139520,0.000254091
139776,0.000251947
140032,0.000249327
140288,0.000247147
140544,0.00024502
140800,0.000242688
141056,0.000240357
141312,0.000238525
141568,0.000236667
141824,0.00023427
142080,0.000231937
142336,0.000229563
142592,0.000227546
142848,0.00022536
143104,0.000222585
143360,0.000220675
143616,0.000218514
143872,0.000216557
144128,0.000214372
144384,0.000212142
144640,0.00021006
144896,0.000208159
145152,0.000205882
145408,0.000203691
145664,0.000202106
145920,0.000200108
146176,0.000198093
146432,0.000196189
146688,0.000194199
146944,0.000192273
147200,0.000190476
147456,0.000188649
147712,0.000186885
147968,0.000185226
148224,0.000183532
148480,0.000181675
148736,0.00018004
148992,0.000178269
149248,0.000176429
149504,0.000174969
149760,0.000173057
150016,0.000171309
150272,0.000169515
150528,0.000167753
150784,0.000165803
151040,0.000163924
151296,0.000162206
151552,0.000160406
151808,0.000158556
152064,0.00015678
152320,0.000155222
152576,0.000153616
152832,0.000151859
153088,0.000150384
153344,0.000148664
153600,0.00014689
153856,0.000145464
154112,0.000144288
154368,0.000142745
154624,0.000141242
154880,0.000139813
155136,0.000138149
155392,0.000136255
155648,0.000134401
155904,0.000133063
156160,0.000131693
156416,0.000130504
156672,0.00012905
156928,0.000127554
157184,0.000126114
157440,0.000124585
157696,0.000123128
157952,0.000121581
158208,0.000120239
158464,0.000119139
158720,0.000117633
158976,0.000116434
159232,0.000115214
159488,0.000113638
159744,0.000112069
160000,0.00011047
160256,0.000109338
160512,0.000107817
160768,0.000106311
161024,0.00010518
161280,0.000103808
161536,0.000102335
161792,0.000101002
162048,0.000100099
162304,9.91874e-05
162560,9.79161e-05
162816,9.72156e-05
163072,9.589e-05
163328,9.45686e-05
163584,9.33586e-05
163840,9.20344e-05
164096,9.08615e-05
164352,8.99148e-05
164608,8.8516e-05
164864,8.7736e-05
165120,8.67386e-05
165376,8.55735e-05
165632,8.45225e-05
165888,8.33887e-05
166144,8.24269e-05
166400,8.12655e-05
166656,7.99461e-05
166912,7.8766e-05
167168,7.75117e-05
167424,7.65036e-05
167680,7.54041e-05
167936,7.46444e-05
168192,7.36756e-05
168448,7.26691e-05
168704,7.13232e-05
168960,7.04738e-05
169216,6.95454e-05
169472,6.88158e-05
169728,6.81616e-05
169984,6.73818e-05
170240,6.66346e-05
170496,6.58992e-05
170752,6.48167e-05
171008,6.38475e-05
171264,6.30766e-05
171520,6.20726e-05
171776,6.14232e-05
172032,6.06305e-05
172288,5.97273e-05
172544,5.90785e-05
172800,5.82047e-05
173056,5.71757e-05
173312,5.65103e-05
173568,5.58786e-05
173824,5.51761e-05
174080,5.41657e-05
174336,5.31665e-05
174592,5.23207e-05
174848,5.14853e-05
175104,5.08396e-05
175360,5.02774e-05
175616,4.96484e-05
175872,4.90412e-05
176128,4.83572e-05
176384,4.7758e-05
176640,4.70459e-05
176896,4.64707e-05
177152,4.57692e-05
177408,4.50218e-05
177664,4.44532e-05
177920,4.37062e-05
178176,4.31039e-05
178432,4.25011e-05
178688,4.1891e-05
178944,4.12896e-05
179200,4.08657e-05
179456,4.02786e-05
179712,3.98993e-05
179968,3.95107e-05
180224,3.89289e-05
180480,3.86388e-05
180736,3.79747e-05
180992,3.76148e-05
181248,3.71402e-05
181504,3.66246e-05
181760,3.62597e-05
182016,3.57551e-05
182272,3.52527e-05
182528,3.49085e-05
182784,3.44816e-05
183040,3.41953e-05
183296,3.3771e-05
183552,3.34424e-05
183808,3.30543e-05
184064,3.27187e-05
184320,3.23572e-05
184576,3.19368e-05
184832,3.1732e-05
185088,3.14902e-05
185344,3.11302e-05
185600,3.09198e-05
185856,3.06828e-05
186112,3.03997e-05
186368,3.00556e-05
186624,2.9719e-05
186880,2.9384e-05
187136,2.8991e-05
187392,2.86462e-05
187648,2.84319e-05
187904,2.82119e-05
188160,2.78254e-05
188416,2.76713e-05
188672,2.73571e-05
188928,2.71442e-05
189184,2.68846e-05
189440,2.66349e-05
189696,2.6428e-05
189952,2.61139e-05
190208,2.59158e-05
190464,2.57401e-05
190720,2.5587e-05
190976,2.52174e-05
191232,2.48138e-05
191488,2.44578e-05
191744,2.42707e-05
192000,2.40883e-05
192256,2.38003e-05
192512,2.35787e-05
192768,2.3388e-05
193024,2.32769e-05
193280,2.309e-05
193536,2.2848e-05
193792,2.27434e-05
194048,2.2553e-05
194304,2.23697e-05
194560,2.22404e-05
194816,2.20587e-05
195072,2.18614e-05
195328,2.16335e-05
195584,2.15226e-05
195840,2.13653e-05
196096,2.12536e-05
196352,2.11412e-05
196608,2.09832e-05
196864,2.07538e-05
197120,2.0593e-05
197376,2.04114e-05
197632,2.03499e-05
197888,2.02477e-05
198144,2.00253e-05
198400,1.9849e-05
198656,1.96796e-05
198912,1.9504e-05
199168,1.93366e-05
199424,1.92344e-05
199680,1.91334e-05
199936,1.90579e-05
200192,1.90175e-05
200448,1.88959e-05
200704,1.87597e-05
200960,1.86477e-05
201216,1.85214e-05
201472,1.83216e-05
201728,1.82815e-05
201984,1.82143e-05
202240,1.81064e-05
202496,1.79905e-05
202752,1.78768e-05
203008,1.78348e-05
203264,1.77422e-05
203520,1.76739e-05
203776,1.76287e-05
204032,1.74613e-05
204288,1.74022e-05
204544,1.73666e-05
204800,1.7293e-05
205056,1.72471e-05
205312,1.72457e-05
205568,1.71968e-05
205824,1.70901e-05
206080,1.70804e-05
206336,1.70567e-05
206592,1.70567e-05
206848,1.69859e-05
207104,1.68914e-05
207360,1.68174e-05
207616,1.67969e-05
207872,1.67874e-05
208128,1.6726e-05
208384,1.66787e-05
208640,1.66551e-05
208896,1.66079e-05
209152,1.65675e-05
209408,1.64425e-05
209664,1.63953e-05
209920,1.63953e-05
210176,1.63716e-05
210432,1.6348e-05
210688,1.6276e-05
210944,1.62299e-05
211200,1.62299e-05
211456,1.61826e-05
211712,1.61328e-05
211968,1.60669e-05
212224,1.60173e-05
212480,1.59577e-05
212736,1.58519e-05
212992,1.57522e-05
213248,1.57102e-05
213504,1.56631e-05
213760,1.56157e-05
214016,1.55589e-05
214272,1.54801e-05
214528,1.5403e-05
214784,1.53794e-05
215040,1.53247e-05
215296,1.52849e-05
215552,1.52067e-05
215808,1.51904e-05
216064,1.51904e-05
216320,1.51904e-05
216576,1.51668e-05
216832,1.51196e-05
217088,1.50959e-05
217344,1.50627e-05
217600,1.50487e-05
217856,1.50487e-05
218112,1.50487e-05
218368,1.50128e-05
218624,1.50014e-05
218880,1.49778e-05
219136,1.49778e-05
219392,1.49384e-05
219648,1.49306e-05
219904,1.48417e-05
220160,1.47652e-05
220416,1.47652e-05
220672,1.47199e-05
220928,1.46682e-05
221184,1.45998e-05
221440,1.45998e-05
221696,1.45762e-05
221952,1.45526e-05
222208,1.45526e-05
222464,1.45526e-05
222720,1.45053e-05
222976,1.45053e-05
223232,1.44817e-05
223488,1.44341e-05
223744,1.44108e-05
224000,1.43872e-05
224256,1.43872e-05
224512,1.43401e-05
224768,1.43163e-05
225024,1.42984e-05
225280,1.42691e-05
225536,1.42446e-05
225792,1.41982e-05
226048,1.41746e-05
226304,1.41746e-05
226560,1.41746e-05
226816,1.4151e-05
227072,1.41273e-05
227328,1.41037e-05
227584,1.40971e-05
227840,1.40801e-05
228096,1.40565e-05
228352,1.40192e-05
228608,1.40092e-05
228864,1.39786e-05
229120,1.39383e-05
229376,1.39383e-05
229632,1.39147e-05
229888,1.39147e-05
230144,1.38911e-05
230400,1.38911e-05
230656,1.38911e-05
230912,1.38911e-05
231168,1.38911e-05
231424,1.38889e-05
231680,1.38675e-05
231936,1.38675e-05
232192,1.38675e-05
232448,1.38675e-05
232704,1.38416e-05
232960,1.38202e-05
233216,1.38081e-05
233472,1.37215e-05
233728,1.36785e-05
233984,1.36741e-05
234240,1.36549e-05
234496,1.36157e-05
234752,1.36076e-05
235008,1.36076e-05
235264,1.3584e-05
235520,1.35367e-05
235776,1.35367e-05
236032,1.35367e-05
236288,1.35367e-05
236544,1.35367e-05
236800,1.35131e-05
237056,1.35131e-05
237312,1.35131e-05
237568,1.35131e-05
237824,1.34895e-05
238080,1.34372e-05
238336,1.3395e-05
238592,1.33714e-05
238848,1.33714e-05
239104,1.33714e-05
239360,1.33714e-05
239616,1.33714e-05
239872,1.33477e-05
240128,1.3313e-05
240384,1.32769e-05
240640,1.32769e-05
240896,1.32532e-05
241152,1.32532e-05
241408,1.32303e-05
241664,1.32296e-05
241920,1.32296e-05
242176,1.32296e-05
242432,1.3206e-05
242688,1.3206e-05
242944,1.31824e-05
243200,1.31824e-05
243456,1.31716e-05
243712,1.31404e-05
243968,1.31351e-05
244224,1.31351e-05
244480,1.31351e-05
244736,1.31225e-05
244992,1.31115e-05
245248,1.31115e-05
245504,1.31115e-05
245760,1.31115e-05
246016,1.31115e-05
246272,1.31115e-05
246528,1.30954e-05
246784,1.30879e-05
247040,1.30879e-05
247296,1.30879e-05
247552,1.30879e-05
247808,1.30879e-05
248064,1.30879e-05
248320,1.30879e-05
248576,1.30879e-05
248832,1.30879e-05
249088,1.30879e-05
249344,1.30639e-05
249600,1.30406e-05
249856,1.30406e-05
250112,1.30406e-05
250368,1.30406e-05
250624,1.30406e-05
250880,1.30406e-05
251136,1.30406e-05
251392,1.30406e-05
251648,1.30406e-05
251904,1.30406e-05
252160,1.30406e-05
252416,1.30406e-05
252672,1.30237e-05
252928,1.3017e-05
253184,1.3017e-05
253440,1.3017e-05
253696,1.30074e-05
253952,1.29796e-05
254208,1.29518e-05
254464,1.29461e-05
254720,1.29461e-05
254976,1.29461e-05
255232,1.29461e-05
255488,1.29307e-05
255744,1.29028e-05
256000,1.28989e-05
256256,1.28989e-05
256512,1.28989e-05
256768,1.28989e-05
257024,1.28989e-05
257280,1.28769e-05
257536,1.28753e-05
257792,1.28753e-05
258048,1.28637e-05
258304,1.28516e-05
258560,1.28516e-05
258816,1.28516e-05
259072,1.28516e-05
259328,1.28516e-05
259584,1.28516e-05
259840,1.28516e-05
260096,1.28516e-05
260352,1.28516e-05
260608,1.28431e-05
260864,1.2828e-05
261120,1.2828e-05
261376,1.2828e-05
261632,1.2828e-05
261888,1.2828e-05
262144,1.2828e-05
262400,1.2828e-05
262656,1.28073e-05
262912,1.28044e-05
263168,1.28044e-05
263424,1.28044e-05
263680,1.28044e-05
263936,1.28044e-05
264192,1.28044e-05
264448,1.28044e-05
264704,1.28044e-05
264960,1.28044e-05
265216,1.28044e-05
265472,1.27811e-05
265728,1.27808e-05
265984,1.27808e-05
266240,1.27808e-05
266496,1.27808e-05
266752,1.27808e-05
267008,1.27808e-05
267264,1.27808e-05
267520,1.27808e-05
267776,1.27635e-05
268032,1.27571e-05
268288,1.27335e-05
268544,1.27335e-05
268800,1.27335e-05
269056,1.27165e-05
269312,1.26663e-05
269568,1.26626e-05
269824,1.26626e-05
270080,1.26626e-05
270336,1.26626e-05
270592,1.26626e-05
270848,1.26626e-05
271104,1.26626e-05
271360,1.26626e-05
271616,1.26626e-05
271872,1.26626e-05
272128,1.26626e-05
272384,1.26626e-05
272640,1.26626e-05
272896,1.26626e-05
273152,1.26391e-05
273408,1.2639e-05
273664,1.2639e-05
273920,1.2639e-05
274176,1.2639e-05
274432,1.26154e-05
274688,1.26096e-05
274944,1.25918e-05
275200,1.25918e-05
275456,1.2571e-05
275712,1.25637e-05
275968,1.25209e-05
276224,1.25209e-05
276480,1.24854e-05
276736,1.24736e-05
276992,1.24736e-05
277248,1.24736e-05
277504,1.24736e-05
277760,1.24532e-05
278016,1.245e-05
278272,1.245e-05
278528,1.245e-05
278784,1.245e-05
279040,1.245e-05
279296,1.24264e-05
279552,1.24264e-05
279808,1.24264e-05
280064,1.24264e-05
280320,1.24232e-05
280576,1.24028e-05
280832,1.23887e-05
281088,1.23596e-05
281344,1.23555e-05
281600,1.23485e-05
281856,1.23319e-05
282112,1.23319e-05
282368,1.23319e-05
282624,1.23319e-05
282880,1.23319e-05
283136,1.23319e-05
283392,1.23319e-05
283648,1.23319e-05
283904,1.23319e-05
284160,1.23161e-05
284416,1.23083e-05
284672,1.23083e-05
284928,1.23083e-05
285184,1.23083e-05
285440,1.23083e-05
285696,1.23083e-05
285952,1.23083e-05
286208,1.22944e-05
286464,1.22847e-05
286720,1.22847e-05
286976,1.22847e-05
287232,1.22715e-05
287488,1.2261e-05
287744,1.2261e-05
288000,1.2261e-05
288256,1.2261e-05
288512,1.2261e-05
288768,1.2261e-05
289024,1.2261e-05
289280,1.2261e-05
289536,1.2261e-05
289792,1.2261e-05
290048,1.2261e-05
290304,1.22494e-05
290560,1.22374e-05
290816,1.22374e-05
291072,1.22374e-05
291328,1.22374e-05
291584,1.22374e-05
291840,1.22374e-05
292096,1.22374e-05
292352,1.22374e-05
292608,1.22374e-05
292864,1.22374e-05
293120,1.22374e-05
293376,1.22374e-05
293632,1.22374e-05
293888,1.22374e-05
294144,1.22374e-05
294400,1.22374e-05
294656,1.22374e-05
294912,1.22374e-05
295168,1.22374e-05
295424,1.22374e-05
295680,1.22374e-05
295936,1.22374e-05
296192,1.22374e-05
296448,1.22374e-05
296704,1.22374e-05
296960,1.22374e-05
297216,1.22374e-05
297472,1.22374e-05
297728,1.22374e-05
297984,1.22374e-05
298240,1.2234e-05
298496,1.22138e-05
298752,1.22138e-05
299008,1.22138e-05
299264,1.22121e-05
299520,1.21973e-05
299776,1.21902e-05
300032,1.21902e-05
300288,1.21902e-05
300544,1.21902e-05
300800,1.21902e-05
301056,1.21902e-05
301312,1.21902e-05
301568,1.21902e-05
301824,1.21902e-05
302080,1.21902e-05
302336,1.21902e-05
302592,1.21902e-05
302848,1.21902e-05
303104,1.21902e-05
303360,1.21902e-05
303616,1.21902e-05
303872,1.21902e-05
304128,1.21902e-05
304384,1.21902e-05
304640,1.21851e-05
304896,1.21703e-05
305152,1.21665e-05
305408,1.21665e-05
305664,1.21665e-05
305920,1.21665e-05
306176,1.21665e-05
306432,1.21665e-05
306688,1.21611e-05
306944,1.21463e-05
307200,1.21429e-05
307456,1.21402e-05
307712,1.21254e-05
307968,1.21193e-05
308224,1.21193e-05
308480,1.21193e-05
308736,1.21193e-05
308992,1.21193e-05
309248,1.21193e-05
309504,1.21158e-05
309760,1.21009e-05
310016,1.20957e-05
310272,1.20957e-05
310528,1.20957e-05
310784,1.20957e-05
311040,1.20957e-05
311296,1.20957e-05
311552,1.20957e-05
311808,1.20957e-05
312064,1.20957e-05
312320,1.20936e-05
312576,1.20787e-05
312832,1.2072e-05
313088,1.2072e-05
313344,1.2072e-05
313600,1.20662e-05
313856,1.20513e-05
314112,1.20484e-05
314368,1.20484e-05
314624,1.20484e-05
314880,1.20484e-05
315136,1.20484e-05
315392,1.20484e-05
315648,1.20484e-05
315904,1.20484e-05
316160,1.20484e-05
316416,1.20484e-05
316672,1.20484e-05
316928,1.20484e-05
317184,1.20484e-05
317440,1.20484e-05
317696,1.20484e-05
317952,1.20484e-05
318208,1.20484e-05
318464,1.20484e-05
318720,1.20484e-05
318976,1.20484e-05
319232,1.20484e-05
319488,1.20484e-05
319744,1.20484e-05
320000,1.20484e-05
320256,1.20484e-05
320512,1.20484e-05
320768,1.20484e-05
321024,1.20484e-05
321280,1.20484e-05
321536,1.20484e-05
321792,1.20484e-05
322048,1.20484e-05
322304,1.20484e-05
322560,1.20484e-05
322816,1.20484e-05
323072,1.20484e-05
323328,1.20484e-05
323584,1.20484e-05
323840,1.20484e-05
324096,1.20484e-05
324352,1.20484e-05
324608,1.20484e-05
324864,1.20484e-05
325120,1.20484e-05
325376,1.20484e-05
325632,1.20484e-05
325888,1.20484e-05
326144,1.20484e-05
326400,1.20484e-05
326656,1.20484e-05
326912,1.20484e-05
327168,1.20484e-05
327424,1.20484e-05
327680,1.20484e-05
327936,1.20484e-05
328192,1.20484e-05
328448,1.20484e-05
328704,1.20484e-05
328960,1.20484e-05
329216,1.20484e-05
329472,1.20484e-05
329728,1.20484e-05
329984,1.20484e-05
330240,1.20484e-05
330496,1.20484e-05
330752,1.20484e-05
331008,1.20484e-05
331264,1.20484e-05
331520,1.20484e-05
331776,1.20484e-05
332032,1.20484e-05
332288,1.20484e-05
332544,1.20484e-05
332800,1.20484e-05
333056,1.20484e-05
333312,1.20484e-05
333568,1.20484e-05
333824,1.20484e-05
334080,1.20484e-05
334336,1.20484e-05
334592,1.20484e-05
334848,1.20484e-05
335104,1.20484e-05
335360,1.20484e-05
335616,1.20484e-05
335872,1.20484e-05
336128,1.20484e-05
336384,1.20484e-05
336640,1.20484e-05
336896,1.20484e-05
337152,1.20484e-05
337408,1.20484e-05
337664,1.20484e-05
337920,1.20484e-05
338176,1.20484e-05
338432,1.20484e-05
338688,1.20484e-05
338944,1.20484e-05
339200,1.20484e-05
339456,1.20484e-05
339712,1.20484e-05
339968,1.20484e-05
340224,1.20484e-05
340480,1.20484e-05
340736,1.20484e-05
340992,1.20484e-05
341248,1.20484e-05
341504,1.20484e-05
341760,1.20484e-05
342016,1.20484e-05
342272,1.20484e-05
342528,1.20484e-05
342784,1.20484e-05
343040,1.20484e-05
343296,1.20484e-05
343552,1.20405e-05
343808,1.20256e-05
344064,1.20248e-05
344320,1.20248e-05
344576,1.20248e-05
344832,1.20248e-05
345088,1.20248e-05
345344,1.20248e-05
345600,1.20248e-05
345856,1.20248e-05
346112,1.20248e-05
346368,1.20248e-05
346624,1.20248e-05
346880,1.20248e-05
347136,1.20248e-05
347392,1.20248e-05
347648,1.20248e-05
347904,1.20248e-05
348160,1.20248e-05
348416,1.20248e-05
348672,1.20248e-05
348928,1.20248e-05
349184,1.20248e-05
349440,1.20248e-05
349696,1.20248e-05
349952,1.20248e-05
350208,1.20248e-05
350464,1.20248e-05
350720,1.20248e-05
350976,1.20248e-05
351232,1.20248e-05
351488,1.20248e-05
351744,1.20248e-05
352000,1.20248e-05
352256,1.20248e-05
352512,1.20248e-05
352768,1.20248e-05
353024,1.20248e-05
353280,1.20248e-05
353536,1.20248e-05
353792,1.20248e-05
354048,1.20248e-05
354304,1.20248e-05
354560,1.20248e-05
354816,1.20248e-05
355072,1.20248e-05
355328,1.20248e-05
355584,1.20248e-05
355840,1.20248e-05
356096,1.20248e-05
356352,1.20248e-05
356608,1.20248e-05
356864,1.20171e-05
357120,1.20021e-05
357376,1.20012e-05
357632,1.20012e-05
357888,1.20012e-05
358144,1.20012e-05
358400,1.20012e-05
358656,1.20012e-05
358912,1.20012e-05
359168,1.20012e-05
359424,1.20012e-05
359680,1.20012e-05
359936,1.20012e-05
360192,1.20012e-05
360448,1.20012e-05
360704,1.20012e-05
360960,1.20012e-05
361216,1.19949e-05
361472,1.19648e-05
361728,1.19539e-05
361984,1.19528e-05
362240,1.19378e-05
362496,1.18613e-05
362752,1.17237e-05
363008,1.16291e-05
363264,1.15558e-05
363520,1.1509e-05
363776,1.14041e-05
364032,1.1313e-05
364288,1.12491e-05
364544,1.1215e-05
364800,1.11677e-05
365056,1.11033e-05
365312,1.10871e-05
365568,1.10798e-05
365824,1.10782e-05
366080,1.10619e-05
366336,1.10562e-05
366592,1.10529e-05
366848,1.10366e-05
367104,1.10203e-05
367360,1.10089e-05
367616,1.10089e-05
367872,1.09948e-05
368128,1.09434e-05
368384,1.08441e-05
368640,1.0677e-05
368896,1.05069e-05
369152,1.03637e-05
369408,1.03288e-05
369664,1.02487e-05
369920,1.01695e-05
370176,1.00919e-05
370432,9.98417e-06
370688,9.90677e-06
370944,9.85438e-06
371200,9.82274e-06
371456,9.80437e-06
371712,9.74958e-06
371968,9.72017e-06
372224,9.70161e-06
372480,9.67405e-06
372736,9.59924e-06
372992,9.48982e-06
373248,9.43737e-06
373504,9.41825e-06
373760,9.39567e-06
374016,9.35723e-06
374272,9.35526e-06
374528,9.35526e-06
374784,9.35526e-06
375040,9.35526e-06
375296,9.35187e-06
375552,9.27446e-06
375808,9.24471e-06
376064,9.23714e-06
376320,9.22148e-06
376576,9.18989e-06
376832,9.18989e-06
377088,9.18989e-06
377344,9.1745e-06
377600,9.13191e-06
377856,9.05722e-06
378112,8.97325e-06
378368,8.95164e-06
378624,8.87073e-06
378880,8.82419e-06
379136,8.8119e-06
379392,8.77843e-06
379648,8.72476e-06
379904,8.6572e-06
380160,8.51802e-06
380416,8.43368e-06
380672,8.41228e-06
380928,8.33215e-06
381184,8.3158e-06
381440,8.26877e-06
381696,8.21708e-06
381952,8.17309e-06
382208,8.12887e-06
382464,8.10318e-06
382720,8.047e-06
382976,7.9238e-06
383232,7.89056e-06
383488,7.87432e-06
383744,7.81491e-06
384000,7.78756e-06
384256,7.74498e-06
384512,7.72167e-06
384768,7.68846e-06
385024,7.60383e-06
385280,7.58345e-06
385536,7.57995e-06
385792,7.55982e-06
386048,7.55592e-06
386304,7.53203e-06
386560,7.50806e-06
386816,7.48401e-06
387072,7.45989e-06
387328,7.4417e-06
387584,7.42848e-06
387840,7.39446e-06
388096,7.39446e-06
388352,7.36793e-06
388608,7.32358e-06
388864,7.31281e-06
389120,7.29996e-06
389376,7.27412e-06
389632,7.21019e-06
389888,7.15052e-06
390144,7.08253e-06
390400,7.00577e-06
390656,6.88469e-06
390912,6.82679e-06
391168,6.79331e-06
391424,6.72641e-06
391680,6.70446e-06
391936,6.691e-06
392192,6.65283e-06
392448,6.59842e-06
392704,6.54356e-06
392960,6.48824e-06
393216,6.43244e-06
393472,6.38269e-06
393728,6.34019e-06
393984,6.28604e-06
394240,6.23054e-06
394496,6.187e-06
394752,6.15077e-06
395008,6.1214e-06
395264,6.05136e-06
395520,5.97158e-06
395776,5.88034e-06
396032,5.84707e-06
396288,5.82076e-06
396544,5.7585e-06
396800,5.70689e-06
397056,5.6452e-06
397312,5.53232e-06
397568,5.46723e-06
397824,5.42829e-06
398080,5.41166e-06
398336,5.3799e-06
398592,5.33803e-06
398848,5.29032e-06
399104,5.27326e-06
399360,5.20728e-06
399616,5.13209e-06
399872,5.07924e-06
400128,5.06147e-06
400384,5.05566e-06
400640,5.03072e-06
400896,4.96051e-06
401152,4.94231e-06
401408,4.91051e-06
401664,4.83183e-06
401920,4.72493e-06
402176,4.72493e-06
402432,4.67016e-06
402688,4.59777e-06
402944,4.50841e-06
403200,4.43464e-06
403456,4.3965e-06
403712,4.27391e-06
403968,4.21018e-06
404224,4.2052e-06
404480,4.2052e-06
404736,4.18979e-06
404992,4.15483e-06
405248,4.13432e-06
405504,4.13432e-06
405760,4.11065e-06
406016,4.05709e-06
406272,4.02479e-06
406528,3.96499e-06
406784,3.93905e-06
407040,3.89556e-06
407296,3.87235e-06
407552,3.85083e-06
407808,3.84763e-06
408064,3.80204e-06
408320,3.77996e-06
408576,3.77805e-06
408832,3.75634e-06
409088,3.75375e-06
409344,3.72662e-06
409600,3.67793e-06
409856,3.63822e-06
410112,3.63822e-06
410368,3.63822e-06
410624,3.62997e-06
410880,3.61459e-06
411136,3.61459e-06
411392,3.60243e-06
411648,3.56363e-06
411904,3.54372e-06
412160,3.49158e-06
412416,3.47285e-06
412672,3.47285e-06
412928,3.4707e-06
413184,3.40197e-06
413440,3.40197e-06
413696,3.39288e-06
413952,3.37835e-06
414208,3.37835e-06
414464,3.37835e-06
414720,3.33554e-06
414976,3.32989e-06
415232,3.30748e-06
415488,3.29909e-06
415744,3.28385e-06
416000,3.28385e-06
416256,3.28385e-06
416512,3.26014e-06
416768,3.23238e-06
417024,3.21298e-06
417280,3.21298e-06
417536,3.21298e-06
417792,3.19104e-06
418048,3.18936e-06
418304,3.18177e-06
418560,3.16573e-06
418816,3.16573e-06
419072,3.16573e-06
419328,3.16573e-06
419584,3.15758e-06
419840,3.14211e-06
420096,3.14211e-06
420352,3.14211e-06
420608,3.11849e-06
420864,3.11849e-06
421120,3.08755e-06
421376,3.07124e-06
421632,3.04424e-06
421888,3.02399e-06
422144,3.02399e-06
422400,3.00207e-06
422656,3.00036e-06
422912,2.97804e-06
423168,2.93506e-06
423424,2.92949e-06
423680,2.92078e-06
423936,2.85726e-06
424192,2.81137e-06
424448,2.81137e-06
424704,2.77579e-06
424960,2.76099e-06
425216,2.7405e-06
425472,2.7405e-06
425728,2.7405e-06
425984,2.7405e-06
426240,2.7405e-06
426496,2.7291e-06
426752,2.69588e-06
427008,2.66963e-06
427264,2.66963e-06
427520,2.64184e-06
427776,2.60751e-06
428032,2.59417e-06
428288,2.53766e-06
428544,2.52788e-06
428800,2.52788e-06
429056,2.52788e-06
429312,2.49835e-06
429568,2.45701e-06
429824,2.42273e-06
430080,2.40976e-06
430336,2.40976e-06
430592,2.40976e-06
430848,2.40976e-06
431104,2.3946e-06
431360,2.38046e-06
431616,2.36251e-06
431872,2.36251e-06
432128,2.36251e-06
432384,2.36251e-06
432640,2.36251e-06
432896,2.36251e-06
433152,2.36251e-06
433408,2.36251e-06
433664,2.36251e-06
433920,2.36251e-06
434176,2.36251e-06
434432,2.36251e-06
434688,2.36251e-06
434944,2.36251e-06
435200,2.36251e-06
435456,2.36251e-06
435712,2.36251e-06
435968,2.35537e-06
436224,2.33889e-06
436480,2.33889e-06
436736,2.32977e-06
436992,2.29164e-06
437248,2.26802e-06
437504,2.26309e-06
437760,2.24439e-06
438016,2.24439e-06
438272,2.24439e-06
438528,2.24422e-06
438784,2.19714e-06
439040,2.19714e-06
439296,2.17352e-06
439552,2.17352e-06
439808,2.17352e-06
440064,2.17352e-06
440320,2.17352e-06
440576,2.17352e-06
440832,2.17352e-06
441088,2.17352e-06
441344,2.17352e-06
441600,2.17352e-06
441856,2.17352e-06
442112,2.17352e-06
442368,2.17352e-06
442624,2.17352e-06
442880,2.17352e-06
443136,2.17352e-06
443392,2.17352e-06
443648,2.17352e-06
443904,2.17352e-06
444160,2.17352e-06
444416,2.17352e-06
444672,2.17352e-06
444928,2.17352e-06
445184,2.17352e-06
445440,2.17352e-06
445696,2.17352e-06
445952,2.17352e-06
446208,2.17352e-06
446464,2.17352e-06
446720,2.17352e-06
446976,2.17352e-06
447232,2.17352e-06
447488,2.17352e-06
447744,2.17352e-06
448000,2.17352e-06
448256,2.17352e-06
448512,2.17352e-06
448768,2.17352e-06
449024,2.17352e-06
449280,2.17352e-06
449536,2.17352e-06
449792,2.17352e-06
450048,2.17352e-06
450304,2.17352e-06
450560,2.17352e-06
450816,2.17352e-06
451072,2.17352e-06
451328,2.17352e-06
451584,2.17352e-06
451840,2.17352e-06
452096,2.17352e-06
452352,2.17352e-06
452608,2.17352e-06
452864,2.17352e-06
453120,2.17352e-06
453376,2.17352e-06
453632,2.17352e-06
453888,2.17352e-06
454144,2.17352e-06
454400,2.17352e-06
454656,2.17352e-06
454912,2.17352e-06
455168,2.17352e-06
455424,2.17352e-06
455680,2.17352e-06
455936,2.17352e-06
456192,2.17352e-06
456448,2.17352e-06
456704,2.17352e-06
456960,2.17352e-06
457216,2.17352e-06
457472,2.17352e-06
457728,2.17352e-06
457984,2.17352e-06
458240,2.17352e-06
458496,2.17352e-06
458752,2.17352e-06
459008,2.17352e-06
459264,2.17352e-06
459520,2.17352e-06
459776,2.17352e-06
460032,2.17352e-06
460288,2.17352e-06
460544,2.17352e-06
460800,2.17352e-06
461056,2.17352e-06
461312,2.17352e-06
461568,2.17352e-06
461824,2.17352e-06
462080,2.17352e-06
462336,2.17352e-06
462592,2.17352e-06
462848,2.17352e-06
463104,2.17352e-06
463360,2.17352e-06
463616,2.17352e-06
463872,2.17352e-06
464128,2.17352e-06
464384,2.17352e-06
464640,2.17352e-06
464896,2.17352e-06
465152,2.17352e-06
465408,2.17352e-06
465664,2.17352e-06
465920,2.17352e-06
466176,2.17352e-06
466432,2.17352e-06
466688,2.17352e-06
466944,2.17352e-06
467200,2.17352e-06
467456,2.17352e-06
467712,2.17352e-06
467968,2.17352e-06
468224,2.17352e-06
468480,2.17352e-06
468736,2.17352e-06
468992,2.17352e-06
469248,2.15509e-06
469504,2.1499e-06
469760,2.1499e-06
470016,2.1499e-06
470272,2.1499e-06
470528,2.1499e-06
470784,2.1499e-06
471040,2.1499e-06
471296,2.1499e-06
471552,2.1499e-06
471808,2.1499e-06
472064,2.1499e-06
472320,2.1499e-06
472576,2.1499e-06
472832,2.1499e-06
473088,2.1499e-06
473344,2.1499e-06
473600,2.1499e-06
473856,2.1499e-06
474112,2.1499e-06
474368,2.1499e-06
474624,2.1499e-06
474880,2.1499e-06
475136,2.1499e-06
475392,2.1499e-06
475648,2.1499e-06
475904,2.1499e-06
476160,2.1499e-06
476416,2.1499e-06
476672,2.1499e-06
476928,2.1499e-06
477184,2.1499e-06
477440,2.1499e-06
477696,2.1499e-06
477952,2.1499e-06
478208,2.1499e-06
478464,2.1499e-06
478720,2.1499e-06
478976,2.1499e-06
479232,2.1499e-06
479488,2.1499e-06
479744,2.1499e-06
480000,2.1499e-06
480256,2.1499e-06
480512,2.1499e-06
480768,2.1499e-06
481024,2.1499e-06
481280,2.1499e-06
481536,2.1499e-06
481792,2.1499e-06
482048,2.1499e-06
482304,2.1499e-06
482560,2.1499e-06
482816,2.1499e-06
483072,2.1499e-06
483328,2.1499e-06
483584,2.1499e-06
483840,2.1499e-06
484096,2.1499e-06
484352,2.1499e-06
484608,2.1499e-06
484864,2.1499e-06
485120,2.1499e-06
485376,2.1499e-06
485632,2.1499e-06
485888,2.1499e-06
486144,2.1499e-06
486400,2.1499e-06
486656,2.1499e-06
486912,2.1499e-06
487168,2.1499e-06
487424,2.1499e-06
487680,2.1499e-06
487936,2.1499e-06
488192,2.1499e-06
488448,2.1499e-06
488704,2.1499e-06
488960,2.1499e-06
489216,2.1499e-06
489472,2.1499e-06
489728,2.1499e-06
489984,2.1499e-06
490240,2.1499e-06
490496,2.1499e-06
490752,2.1499e-06
491008,2.1499e-06
491264,2.1499e-06
491520,2.1499e-06
491776,2.1499e-06
492032,2.1499e-06
492288,2.1499e-06
492544,2.1499e-06
492800,2.1499e-06
493056,2.1499e-06
493312,2.1499e-06
493568,2.1499e-06
493824,2.1499e-06
494080,2.1499e-06
494336,2.1499e-06
494592,2.1499e-06
494848,2.1499e-06
495104,2.1499e-06
495360,2.1499e-06
495616,2.1499e-06
495872,2.1499e-06
496128,2.1499e-06
496384,2.1499e-06
496640,2.1499e-06
496896,2.1499e-06
497152,2.1499e-06
497408,2.1499e-06
497664,2.1499e-06
497920,2.1499e-06
498176,2.1499e-06
498432,2.1499e-06
498688,2.1499e-06
498944,2.1499e-06
499200,2.1499e-06
499456,2.1499e-06
499712,2.1499e-06
499968,2.1499e-06
500224,2.1499e-06
500480,2.1499e-06
500736,2.1499e-06
500992,2.1499e-06
501248,2.1499e-06
501504,2.1499e-06
501760,2.1499e-06
502016,2.1499e-06
502272,2.1499e-06
502528,2.1499e-06
502784,2.1499e-06
503040,2.1499e-06
503296,2.1499e-06
503552,2.1499e-06
503808,2.1499e-06
504064,2.1499e-06
504320,2.1499e-06
504576,2.1499e-06
504832,2.1499e-06
505088,2.1499e-06
505344,2.1499e-06
505600,2.1499e-06
505856,2.1499e-06
506112,2.1499e-06
506368,2.1499e-06
506624,2.1499e-06
506880,2.1499e-06
507136,2.1499e-06
507392,2.1499e-06
507648,2.1499e-06
507904,2.1499e-06
508160,2.1499e-06
508416,2.1499e-06
508672,2.1499e-06
508928,2.1499e-06
509184,2.1499e-06
509440,2.1499e-06
509696,2.1499e-06
509952,2.1499e-06
510208,2.1499e-06
510464,2.1499e-06
510720,2.1499e-06
510976,2.1499e-06
511232,2.1499e-06
511488,2.1499e-06
511744,2.1499e-06
512000,2.1499e-06
512256,2.1499e-06
512512,2.1499e-06
512768,2.1499e-06
513024,2.1499e-06
513280,2.1499e-06
513536,2.1499e-06
513792,2.1499e-06
514048,2.1499e-06
514304,2.1499e-06
514560,2.1499e-06
514816,2.1499e-06
515072,2.1499e-06
515328,2.1499e-06
515584,2.1499e-06
515840,2.1499e-06
516096,2.1499e-06
516352,2.1499e-06
516608,2.1499e-06
516864,2.1499e-06
517120,2.1499e-06
517376,2.1499e-06
517632,2.1499e-06
517888,2.1499e-06
518144,2.1499e-06
518400,2.1499e-06
518656,2.1499e-06
518912,2.1499e-06
519168,2.1499e-06
519424,2.1499e-06
519680,2.1499e-06
519936,2.1499e-06
520192,2.1499e-06
520448,2.1499e-06
520704,2.1499e-06
520960,2.1499e-06
521216,2.1499e-06
521472,2.1499e-06
521728,2.1499e-06
521984,2.1499e-06
522240,2.1499e-06
522496,2.1499e-06
522752,2.1499e-06
523008,2.1499e-06
523264,2.1499e-06
523520,2.1499e-06
523776,2.1499e-06
524032,2.1499e-06
524288,2.1499e-06
524544,2.1499e-06
524800,2.1499e-06
525056,2.1499e-06
525312,2.1499e-06
525568,2.1499e-06
525824,2.1499e-06
526080,2.1499e-06
526336,2.1499e-06
526592,2.1499e-06
526848,2.1499e-06
527104,2.1499e-06
527360,2.1499e-06
527616,2.1499e-06
527872,2.1499e-06
528128,2.1499e-06
528384,2.1499e-06
528640,2.1499e-06
528896,2.1499e-06
529152,2.1499e-06
529408,2.1499e-06
529664,2.1499e-06
529920,2.1499e-06
530176,2.1499e-06
530432,2.1499e-06
530688,2.1499e-06
530944,2.1499e-06
531200,2.1499e-06
531456,2.1499e-06
531712,2.1499e-06
531968,2.1499e-06
532224,2.1499e-06
532480,2.1499e-06
532736,2.1499e-06
532992,2.1499e-06
533248,2.1499e-06
533504,2.1499e-06
533760,2.1499e-06
534016,2.1499e-06
534272,2.1499e-06
534528,2.1499e-06
534784,2.1499e-06
535040,2.1499e-06
535296,2.1499e-06
535552,2.1499e-06
535808,2.1499e-06
536064,2.1499e-06
536320,2.1499e-06
536576,2.1499e-06
536832,2.1499e-06
537088,2.1499e-06
537344,2.1499e-06
537600,2.1499e-06
537856,2.1499e-06
538112,2.1499e-06
538368,2.1499e-06
538624,2.1499e-06
538880,2.1499e-06
539136,2.1499e-06
539392,2.1499e-06
539648,2.1499e-06
539904,2.1499e-06
540160,2.1499e-06
540416,2.1499e-06
540672,2.1499e-06
540928,2.1499e-06
541184,2.1499e-06
541440,2.1499e-06
541696,2.1499e-06
541952,2.1499e-06
542208,2.1499e-06
542464,2.1499e-06
542720,2.1499e-06
542976,2.1499e-06
543232,2.1499e-06
543488,2.1499e-06
543744,2.1499e-06
544000,2.1499e-06
544256,2.1499e-06
544512,2.1499e-06
544768,2.1499e-06
545024,2.1499e-06
545280,2.1499e-06
545536,2.1499e-06
545792,2.1499e-06
546048,2.1499e-06
546304,2.1499e-06
546560,2.1499e-06
546816,2.1499e-06
547072,2.1499e-06
547328,2.1499e-06
547584,2.1499e-06
547840,2.1499e-06
548096,2.1499e-06
548352,2.1499e-06
548608,2.1499e-06
548864,2.1499e-06
549120,2.1499e-06
549376,2.1499e-06
549632,2.1499e-06
549888,2.1499e-06
550144,2.1499e-06
550400,2.1499e-06
550656,2.1499e-06
550912,2.1499e-06
551168,2.1499e-06
551424,2.1499e-06
551680,2.1499e-06
551936,2.1499e-06
552192,2.1499e-06
552448,2.1499e-06
552704,2.1499e-06
552960,2.1499e-06
553216,2.1499e-06
553472,2.1499e-06
553728,2.1499e-06
553984,2.1499e-06
554240,2.1499e-06
554496,2.1499e-06
554752,2.1499e-06
555008,2.1499e-06
555264,2.1499e-06
555520,2.1499e-06
555776,2.1499e-06
556032,2.1499e-06
556288,2.1499e-06
556544,2.1499e-06
556800,2.1499e-06
557056,2.1499e-06
557312,2.1499e-06
557568,2.1499e-06
557824,2.1499e-06
558080,2.1499e-06
558336,2.1499e-06
558592,2.1499e-06
558848,2.1499e-06
559104,2.1499e-06
559360,2.1499e-06
559616,2.1499e-06
559872,2.1499e-06
560128,2.1499e-06
560384,2.1499e-06
560640,2.1499e-06
560896,2.1499e-06
561152,2.1499e-06
561408,2.1499e-06
561664,2.1499e-06
561920,2.1499e-06
562176,2.1499e-06
562432,2.1499e-06
562688,2.1499e-06
562944,2.1499e-06
563200,2.1499e-06
563456,2.1499e-06
563712,2.1499e-06
563968,2.1499e-06
564224,2.1499e-06
564480,2.1499e-06
564736,2.1499e-06
564992,2.1499e-06
565248,2.1499e-06
565504,2.1499e-06
565760,2.1499e-06
566016,2.1499e-06
566272,2.1499e-06
566528,2.1499e-06
566784,2.1499e-06
567040,2.1499e-06
567296,2.1499e-06
567552,2.1499e-06
567808,2.1499e-06
568064,2.1499e-06
568320,2.1499e-06
568576,2.1499e-06
568832,2.1499e-06
569088,2.1499e-06
569344,2.1499e-06
569600,2.1499e-06
569856,2.1499e-06
570112,2.1499e-06
570368,2.1499e-06
570624,2.1499e-06
570880,2.1499e-06
571136,2.1499e-06
571392,2.1499e-06
571648,2.1499e-06
571904,2.1499e-06
572160,2.1499e-06
572416,2.1499e-06
572672,2.1499e-06
572928,2.1499e-06
573184,2.1499e-06
573440,2.1499e-06
573696,2.1499e-06
573952,2.1499e-06
574208,2.1499e-06
574464,2.1499e-06
574720,2.1499e-06
574976,2.1499e-06
575232,2.1499e-06
575488,2.1499e-06
575744,2.1499e-06
576000,2.1499e-06
576256,2.1499e-06
576512,2.1499e-06
576768,2.1499e-06
577024,2.1499e-06
577280,2.1499e-06
577536,2.1499e-06
577792,2.1499e-06
578048,2.1499e-06
578304,2.1499e-06
578560,2.1499e-06
578816,2.1499e-06
579072,2.1499e-06
579328,2.1499e-06
579584,2.1499e-06
579840,2.1499e-06
580096,2.1499e-06
580352,2.1499e-06
580608,2.1499e-06
580864,2.1499e-06
581120,2.1499e-06
581376,2.1499e-06
581632,2.1499e-06
581888,2.1499e-06
582144,2.1499e-06
582400,2.1499e-06
582656,2.1499e-06
582912,2.1499e-06
583168,2.1499e-06
583424,2.1499e-06
583680,2.1499e-06
583936,2.1499e-06
584192,2.1499e-06
584448,2.1499e-06
584704,2.1499e-06
584960,2.1499e-06
585216,2.1499e-06
585472,2.1499e-06
585728,2.1499e-06
585984,2.1499e-06
586240,2.1499e-06
586496,2.1499e-06
586752,2.1499e-06
587008,2.1499e-06
587264,2.1499e-06
587520,2.1499e-06
587776,2.1499e-06
588032,2.1499e-06
588288,2.1499e-06
588544,2.1499e-06
588800,2.1499e-06
589056,2.1499e-06
589312,2.1499e-06
589568,2.1499e-06
589824,2.1499e-06
590080,2.1499e-06
590336,2.1499e-06
590592,2.1499e-06
590848,2.1499e-06
591104,2.1499e-06
591360,2.1499e-06
591616,2.1499e-06
591872,2.1499e-06
592128,2.1499e-06
592384,2.1499e-06
592640,2.1499e-06
592896,2.1499e-06
593152,2.1499e-06
593408,2.1499e-06
593664,2.1499e-06
593920,2.1499e-06
594176,2.1499e-06
594432,2.1499e-06
594688,2.1499e-06
594944,2.1499e-06
595200,2.1499e-06
595456,2.1499e-06
595712,2.1499e-06
595968,2.1499e-06
596224,2.1499e-06
596480,2.1499e-06
596736,2.1499e-06
596992,2.1499e-06
597248,2.1499e-06
597504,2.1499e-06
597760,2.1499e-06
598016,2.1499e-06
598272,2.1499e-06
598528,2.1499e-06
598784,2.1499e-06
599040,2.1499e-06
599296,2.1499e-06
599552,2.1499e-06
599808,2.1499e-06
600064,2.1499e-06
600320,2.1499e-06
600576,2.1499e-06
600832,2.1499e-06
601088,2.1499e-06
601344,2.1499e-06
601600,2.1499e-06
601856,2.1499e-06
602112,2.1499e-06
602368,2.1499e-06
602624,2.1499e-06
602880,2.1499e-06
603136,2.1499e-06
603392,2.1499e-06
603648,2.1499e-06
603904,2.1499e-06
604160,2.1499e-06
604416,2.1499e-06
604672,2.1499e-06
604928,2.1499e-06
605184,2.1499e-06
605440,2.1499e-06
605696,2.1499e-06
605952,2.1499e-06
606208,2.1499e-06
606464,2.1499e-06
606720,2.1499e-06
606976,2.1499e-06
607232,2.1499e-06
607488,2.1499e-06
607744,2.1499e-06
608000,2.1499e-06
608256,2.1499e-06
608512,2.1499e-06
608768,2.1499e-06
609024,2.1499e-06
609280,2.1499e-06
609536,2.1499e-06
609792,2.1499e-06
610048,2.1499e-06
610304,2.1499e-06
610560,2.1499e-06
610816,2.1499e-06
611072,2.1499e-06
611328,2.1499e-06
611584,2.1499e-06
611840,2.1499e-06
612096,2.1499e-06
612352,2.1499e-06
612608,2.1499e-06
612864,2.1499e-06
613120,2.1499e-06
613376,2.1499e-06
613632,2.1499e-06
613888,2.1499e-06
614144,2.1499e-06
614400,2.1499e-06
614656,2.1499e-06
614912,2.1499e-06
615168,2.1499e-06
615424,2.1499e-06
615680,2.1499e-06
615936,2.1499e-06
616192,2.1499e-06
616448,2.1499e-06
616704,2.1499e-06
616960,2.1499e-06
617216,2.1499e-06
617472,2.1499e-06
617728,2.1499e-06
617984,2.1499e-06
618240,2.1499e-06
618496,2.1499e-06
618752,2.1499e-06
619008,2.1499e-06
619264,2.1499e-06
619520,2.1499e-06
619776,2.1499e-06
620032,2.1499e-06
620288,2.1499e-06
620544,2.1499e-06
620800,2.1499e-06
621056,2.1499e-06
621312,2.1499e-06
621568,2.1499e-06
621824,2.1499e-06
622080,2.1499e-06
622336,2.1499e-06
622592,2.1499e-06
622848,2.1499e-06
623104,2.1499e-06
623360,2.1499e-06
623616,2.1499e-06
623872,2.1499e-06
624128,2.1499e-06
624384,2.1499e-06
624640,2.1499e-06
624896,2.1499e-06
625152,2.1499e-06
625408,2.1499e-06
625664,2.1499e-06
625920,2.1499e-06
626176,2.1499e-06
626432,2.1499e-06
626688,2.1499e-06
626944,2.1499e-06
627200,2.1499e-06
627456,2.1499e-06
627712,2.1499e-06
627968,2.1499e-06
628224,2.1499e-06
628480,2.1499e-06
628736,2.1499e-06
628992,2.1499e-06
629248,2.1499e-06
629504,2.1499e-06
629760,2.1499e-06
630016,2.1499e-06
630272,2.1499e-06
630528,2.1499e-06
630784,2.1499e-06
631040,2.1499e-06
631296,2.1499e-06
631552,2.1499e-06
631808,2.1499e-06
632064,2.1499e-06
632320,2.1499e-06
632576,2.1499e-06
632832,2.1499e-06
633088,2.1499e-06
633344,2.1499e-06
633600,2.1499e-06
633856,2.1499e-06
634112,2.1499e-06
634368,2.1499e-06
634624,2.1499e-06
634880,2.1499e-06
635136,2.1499e-06
635392,2.1499e-06
635648,2.1499e-06
635904,2.1499e-06
636160,2.1499e-06
636416,2.1499e-06
636672,2.1499e-06
636928,2.1499e-06
637184,2.1499e-06
637440,2.1499e-06
637696,2.1499e-06
637952,2.1499e-06
638208,2.1499e-06
638464,2.1499e-06
638720,2.1499e-06
638976,2.1499e-06
639232,2.1499e-06
639488,2.1499e-06
639744,2.1499e-06
640000,2.1499e-06
640256,2.1499e-06
640512,2.1499e-06
640768,2.1499e-06
641024,2.1499e-06
641280,2.1499e-06
641536,2.1499e-06
641792,2.1499e-06
642048,2.1499e-06
642304,2.1499e-06
642560,2.1499e-06
642816,2.1499e-06
643072,2.1499e-06
643328,2.1499e-06
643584,2.1499e-06
643840,2.1499e-06
644096,2.1499e-06
644352,2.1499e-06
644608,2.1499e-06
644864,2.1499e-06
645120,2.1499e-06
645376,2.1499e-06
645632,2.1499e-06
645888,2.1499e-06
646144,2.1499e-06
646400,2.1499e-06
646656,2.1499e-06
646912,2.1499e-06
647168,2.1499e-06
647424,2.1499e-06
647680,2.1499e-06
647936,2.1499e-06
648192,2.1499e-06
648448,2.1499e-06
648704,2.1499e-06
648960,2.1499e-06
649216,2.1499e-06
649472,2.1499e-06
649728,2.1499e-06
649984,2.1499e-06
650240,2.1499e-06
650496,2.1499e-06
650752,2.1499e-06
651008,2.1499e-06
651264,2.1499e-06
651520,2.1499e-06
651776,2.1499e-06
652032,2.1499e-06
652288,2.1499e-06
652544,2.1499e-06
652800,2.1499e-06
653056,2.1499e-06
653312,2.1499e-06
653568,2.1499e-06
653824,2.1499e-06
654080,2.1499e-06
654336,2.1499e-06
654592,2.1499e-06
654848,2.1499e-06
655104,2.1499e-06
655360,2.1499e-06
655616,2.1499e-06
655872,2.1499e-06
656128,2.1499e-06
656384,2.1499e-06
656640,2.1499e-06
656896,2.1499e-06
657152,2.1499e-06
657408,2.1499e-06
657664,2.1499e-06
657920,2.1499e-06
658176,2.1499e-06
658432,2.1499e-06
658688,2.1499e-06
658944,2.1499e-06
659200,2.1499e-06
659456,2.1499e-06
659712,2.1499e-06
659968,2.1499e-06
660224,2.1499e-06
660480,2.1499e-06
660736,2.1499e-06
660992,2.1499e-06
661248,2.1499e-06
661504,2.1499e-06
661760,2.1499e-06
662016,2.1499e-06
662272,2.1499e-06
662528,2.1499e-06
662784,2.1499e-06
663040,2.1499e-06
663296,2.1499e-06
663552,2.1499e-06
663808,2.1499e-06
664064,2.1499e-06
664320,2.1499e-06
664576,2.1499e-06
664832,2.1499e-06
665088,2.1499e-06
665344,2.1499e-06
665600,2.1499e-06
665856,2.1499e-06
666112,2.1499e-06
666368,2.1499e-06
666624,2.1499e-06
666880,2.1499e-06
667136,2.1499e-06
667392,2.1499e-06
667648,2.1499e-06
667904,2.1499e-06
668160,2.1499e-06
668416,2.1499e-06
668672,2.1499e-06
668928,2.1499e-06
669184,2.1499e-06
669440,2.1499e-06
669696,2.1499e-06
669952,2.1499e-06
670208,2.1499e-06
670464,2.1499e-06
670720,2.1499e-06
670976,2.1499e-06
671232,2.1499e-06
671488,2.1499e-06
671744,2.1499e-06
672000,2.1499e-06
672256,2.1499e-06
672512,2.1499e-06
672768,2.1499e-06
673024,2.1499e-06
673280,2.1499e-06
673536,2.1499e-06
673792,2.1499e-06
674048,2.1499e-06
674304,2.1499e-06
674560,2.1499e-06
674816,2.1499e-06
675072,2.1499e-06
675328,2.1499e-06
675584,2.1499e-06
675840,2.1499e-06
676096,2.1499e-06
676352,2.1499e-06
676608,2.1499e-06
676864,2.1499e-06
677120,2.1499e-06
677376,2.1499e-06
677632,2.1499e-06
677888,2.1499e-06
678144,2.1499e-06
678400,2.1499e-06
678656,2.1499e-06
678912,2.1499e-06
679168,2.1499e-06
679424,2.1499e-06
679680,2.1499e-06
679936,2.1499e-06
680192,2.1499e-06
680448,2.1499e-06
680704,2.1499e-06
680960,2.1499e-06
681216,2.1499e-06
681472,2.1499e-06
681728,2.1499e-06
681984,2.1499e-06
682240,2.1499e-06
682496,2.1499e-06
682752,2.1499e-06
683008,2.1499e-06
683264,2.1499e-06
683520,2.1499e-06
683776,2.1499e-06
684032,2.1499e-06
684288,2.1499e-06
684544,2.1499e-06
684800,2.1499e-06
685056,2.1499e-06
685312,2.1499e-06
685568,2.1499e-06
685824,2.1499e-06
686080,2.1499e-06
686336,2.1499e-06
686592,2.1499e-06
686848,2.1499e-06
687104,2.1499e-06
687360,2.1499e-06
687616,2.1499e-06
687872,2.1499e-06
688128,2.1499e-06
688384,2.1499e-06
688640,2.1499e-06
688896,2.1499e-06
689152,2.1499e-06
689408,2.1499e-06
689664,2.1499e-06
689920,2.1499e-06
690176,2.1499e-06
690432,2.1499e-06
690688,2.1499e-06
690944,2.1499e-06
691200,2.1499e-06
691456,2.1499e-06
691712,2.1499e-06
691968,2.1499e-06
692224,2.1499e-06
692480,2.1499e-06
692736,2.1499e-06
692992,2.1499e-06
693248,2.1499e-06
693504,2.1499e-06
693760,2.1499e-06
694016,2.1499e-06
694272,2.1499e-06
694528,2.1499e-06
694784,2.1499e-06
695040,2.1499e-06
695296,2.1499e-06
695552,2.1499e-06
695808,2.1499e-06
696064,2.1499e-06
696320,2.1499e-06
696576,2.1499e-06
696832,2.1499e-06
697088,2.1499e-06
697344,2.1499e-06
697600,2.1499e-06
697856,2.1499e-06
698112,2.1499e-06
698368,2.1499e-06
698624,2.1499e-06
698880,2.1499e-06
699136,2.1499e-06
699392,2.1499e-06
699648,2.1499e-06
699904,2.1499e-06
700160,2.1499e-06
700416,2.1499e-06
700672,2.1499e-06
700928,2.1499e-06
701184,2.1499e-06
701440,2.1499e-06
701696,2.1499e-06
701952,2.1499e-06
702208,2.1499e-06
702464,2.1499e-06
702720,2.1499e-06
702976,2.1499e-06
703232,2.1499e-06
703488,2.1499e-06
703744,2.1499e-06
704000,2.1499e-06
704256,2.1499e-06
704512,2.1499e-06
704768,2.1499e-06
705024,2.1499e-06
705280,2.1499e-06
705536,2.1499e-06
705792,2.1499e-06
706048,2.1499e-06
706304,2.1499e-06
706560,2.1499e-06
706816,2.1499e-06
707072,2.1499e-06
707328,2.1499e-06
707584,2.1499e-06
707840,2.1499e-06
708096,2.1499e-06
708352,2.1499e-06
708608,2.1499e-06
708864,2.1499e-06
709120,2.1499e-06
709376,2.1499e-06
709632,2.1499e-06
709888,2.1499e-06
710144,2.1499e-06
710400,2.1499e-06
710656,2.1499e-06
710912,2.1499e-06
711168,2.1499e-06
711424,2.1499e-06
711680,2.1499e-06
711936,2.1499e-06
712192,2.1499e-06
712448,2.1499e-06
712704,2.1499e-06
712960,2.1499e-06
713216,2.1499e-06
713472,2.1499e-06
713728,2.1499e-06
713984,2.1499e-06
714240,2.1499e-06
714496,2.1499e-06
714752,2.1499e-06
715008,2.1499e-06
715264,2.1499e-06
715520,2.1499e-06
715776,2.1499e-06
716032,2.1499e-06
716288,2.1499e-06
716544,2.1499e-06
716800,2.1499e-06
717056,2.1499e-06
717312,2.1499e-06
717568,2.1499e-06
717824,2.1499e-06
718080,2.1499e-06
718336,2.1499e-06
718592,2.1499e-06
718848,2.1499e-06
719104,2.1499e-06
719360,2.1499e-06
719616,2.1499e-06
719872,2.1499e-06
720128,2.1499e-06
720384,2.1499e-06
720640,2.1499e-06
720896,2.1499e-06
721152,2.1499e-06
721408,2.1499e-06
721664,2.1499e-06
721920,2.1499e-06
722176,2.1499e-06
722432,2.1499e-06
722688,2.1499e-06
722944,2.1499e-06
723200,2.1499e-06
723456,2.1499e-06
723712,2.1499e-06
723968,2.1499e-06
724224,2.1499e-06
724480,2.1499e-06
724736,2.1499e-06
724992,2.1499e-06
725248,2.1499e-06
725504,2.1499e-06
725760,2.1499e-06
726016,2.1499e-06
726272,2.1499e-06
726528,2.1499e-06
726784,2.1499e-06
727040,2.1499e-06
727296,2.1499e-06
727552,2.1499e-06
727808,2.1499e-06
728064,2.1499e-06
728320,2.1499e-06
728576,2.1499e-06
728832,2.1499e-06
729088,2.1499e-06
729344,2.1499e-06
729600,2.1499e-06
729856,2.1499e-06
730112,2.1499e-06
730368,2.1499e-06
730624,2.1499e-06
730880,2.1499e-06
731136,2.1499e-06
731392,2.1499e-06
731648,2.1499e-06
731904,2.1499e-06
732160,2.1499e-06
732416,2.1499e-06
732672,2.1499e-06
732928,2.1499e-06
733184,2.1499e-06
733440,2.1499e-06
733696,2.1499e-06
733952,2.1499e-06
734208,2.1499e-06
734464,2.1499e-06
734720,2.1499e-06
734976,2.1499e-06
735232,2.1499e-06
735488,2.1499e-06
735744,2.1499e-06
736000,2.1499e-06
736256,2.1499e-06
736512,2.1499e-06
736768,2.1499e-06
737024,2.1499e-06
737280,2.1499e-06
737536,2.1499e-06
737792,2.1499e-06
738048,2.1499e-06
738304,2.1499e-06
738560,2.1499e-06
738816,2.1499e-06
739072,2.1499e-06
739328,2.1499e-06
739584,2.1499e-06
739840,2.1499e-06
740096,2.1499e-06
740352,2.1499e-06
740608,2.1499e-06
740864,2.1499e-06
741120,2.1499e-06
741376,2.1499e-06
741632,2.1499e-06
741888,2.1499e-06
742144,2.1499e-06
742400,2.1499e-06
742656,2.1499e-06
742912,2.1499e-06
743168,2.1499e-06
743424,2.1499e-06
743680,2.1499e-06
743936,2.1499e-06
744192,2.1499e-06
744448,2.1499e-06
744704,2.1499e-06
744960,2.1499e-06
745216,2.1499e-06
745472,2.1499e-06
745728,2.1499e-06
745984,2.1499e-06
746240,2.1499e-06
746496,2.1499e-06
746752,2.1499e-06
747008,2.1499e-06
747264,2.1499e-06
747520,2.1499e-06
747776,2.1499e-06
748032,2.1499e-06
748288,2.1499e-06
748544,2.1499e-06
748800,2.1499e-06
749056,2.1499e-06
749312,2.1499e-06
749568,2.1499e-06
749824,2.1499e-06
750080,2.1499e-06
750336,2.1499e-06
750592,2.1499e-06
750848,2.1499e-06
751104,2.1499e-06
751360,2.1499e-06
751616,2.1499e-06
751872,2.1499e-06
752128,2.1499e-06
752384,2.1499e-06
752640,2.1499e-06
752896,2.1499e-06
753152,2.1499e-06
753408,2.1499e-06
753664,2.1499e-06
753920,2.1499e-06
754176,2.1499e-06
754432,2.1499e-06
754688,2.1499e-06
754944,2.1499e-06
755200,2.1499e-06
755456,2.1499e-06
755712,2.1499e-06
755968,2.1499e-06
756224,2.1499e-06
756480,2.1499e-06
756736,2.1499e-06
756992,2.1499e-06
757248,2.1499e-06
757504,2.1499e-06
757760,2.1499e-06
758016,2.1499e-06
758272,2.1499e-06
758528,2.1499e-06
758784,2.1499e-06
759040,2.1499e-06
759296,2.1499e-06
759552,2.1499e-06
759808,2.1499e-06
760064,2.1499e-06
760320,2.1499e-06
760576,2.1499e-06
760832,2.1499e-06
761088,2.1499e-06
761344,2.1499e-06
761600,2.1499e-06
761856,2.1499e-06
762112,2.1499e-06
762368,2.1499e-06
762624,2.1499e-06
762880,2.1499e-06
763136,2.1499e-06
763392,2.1499e-06
763648,2.1499e-06
763904,2.1499e-06
764160,2.1499e-06
764416,2.1499e-06
764672,2.1499e-06
764928,2.1499e-06
765184,2.1499e-06
765440,2.1499e-06
765696,2.1499e-06
765952,2.1499e-06
766208,2.1499e-06
766464,2.1499e-06
766720,2.1499e-06
766976,2.1499e-06
767232,2.1499e-06
767488,2.1499e-06
767744,2.1499e-06
768000,2.1499e-06
768256,2.1499e-06
768512,2.1499e-06
768768,2.1499e-06
769024,2.1499e-06
769280,2.1499e-06
769536,2.1499e-06
769792,2.1499e-06
770048,2.1499e-06
770304,2.1499e-06
770560,2.1499e-06
770816,2.1499e-06
771072,2.1499e-06
771328,2.1499e-06
771584,2.1499e-06
771840,2.1499e-06
772096,2.1499e-06
772352,2.1499e-06
772608,2.1499e-06
772864,2.1499e-06
773120,2.1499e-06
773376,2.1499e-06
773632,2.1499e-06
773888,2.1499e-06
774144,2.1499e-06
774400,2.1499e-06
774656,2.1499e-06
774912,2.1499e-06
775168,2.1499e-06
775424,2.1499e-06
775680,2.1499e-06
775936,2.1499e-06
776192,2.1499e-06
776448,2.1499e-06
776704,2.1499e-06
776960,2.1499e-06
777216,2.1499e-06
777472,2.1499e-06
777728,2.1499e-06
777984,2.1499e-06
778240,2.1499e-06
778496,2.1499e-06
778752,2.1499e-06
779008,2.1499e-06
779264,2.1499e-06
779520,2.1499e-06
779776,2.1499e-06
780032,2.1499e-06
780288,2.1499e-06
780544,2.1499e-06
780800,2.1499e-06
781056,2.1499e-06
781312,2.1499e-06
781568,2.1499e-06
781824,2.1499e-06
782080,2.1499e-06
782336,2.1499e-06
782592,2.1499e-06
782848,2.1499e-06
783104,2.1499e-06
783360,2.1499e-06
783616,2.1499e-06
783872,2.1499e-06
784128,2.1499e-06
784384,2.1499e-06
784640,2.1499e-06
784896,2.1499e-06
785152,2.1499e-06
785408,2.1499e-06
785664,2.1499e-06
785920,2.1499e-06
786176,2.1499e-06
786432,2.1499e-06
786688,2.1499e-06
786944,2.1499e-06
787200,2.1499e-06
787456,2.1499e-06
787712,2.1499e-06
787968,2.1499e-06
788224,2.1499e-06
788480,2.1499e-06
788736,2.1499e-06
788992,2.1499e-06
789248,2.1499e-06
789504,2.1499e-06
789760,2.1499e-06
790016,2.1499e-06
790272,2.1499e-06
790528,2.1499e-06
790784,2.1499e-06
791040,2.1499e-06
791296,2.1499e-06
791552,2.1499e-06
791808,2.1499e-06
792064,2.1499e-06
792320,2.1499e-06
792576,2.1499e-06
792832,2.1499e-06
793088,2.1499e-06
793344,2.1499e-06
793600,2.1499e-06
793856,2.1499e-06
794112,2.1499e-06
794368,2.1499e-06
794624,2.1499e-06
794880,2.1499e-06
795136,2.1499e-06
795392,2.1499e-06
795648,2.1499e-06
795904,2.1499e-06
796160,2.1499e-06
796416,2.1499e-06
796672,2.1499e-06
796928,2.1499e-06
797184,2.1499e-06
797440,2.1499e-06
797696,2.1499e-06
797952,2.1499e-06
798208,2.1499e-06
798464,2.1499e-06
798720,2.1499e-06
798976,2.1499e-06
799232,2.1499e-06
799488,2.1499e-06
799744,2.1499e-06
800000,2.1499e-06
800256,2.1499e-06
800512,2.1499e-06
800768,2.1499e-06
801024,2.1499e-06
801280,2.1499e-06
801536,2.1499e-06
801792,2.1499e-06
802048,2.1499e-06
802304,2.1499e-06
802560,2.1499e-06
802816,2.1499e-06
803072,2.1499e-06
803328,2.1499e-06
803584,2.1499e-06
803840,2.1499e-06
804096,2.1499e-06
804352,2.1499e-06
804608,2.1499e-06
804864,2.1499e-06
805120,2.1499e-06
805376,2.1499e-06
805632,2.1499e-06
805888,2.1499e-06
806144,2.1499e-06
806400,2.1499e-06
806656,2.1499e-06
806912,2.1499e-06
807168,2.1499e-06
807424,2.1499e-06
807680,2.1499e-06
807936,2.1499e-06
808192,2.1499e-06
808448,2.1499e-06
808704,2.1499e-06
808960,2.1499e-06
809216,2.1499e-06
809472,2.1499e-06
809728,2.1499e-06
809984,2.1499e-06
810240,2.1499e-06
810496,2.1499e-06
810752,2.1499e-06
811008,2.1499e-06
811264,2.1499e-06
811520,2.1499e-06
811776,2.1499e-06
812032,2.1499e-06
812288,2.1499e-06
812544,2.1499e-06
812800,2.1499e-06
813056,2.1499e-06
813312,2.1499e-06
813568,2.1499e-06
813824,2.1499e-06
814080,2.1499e-06
814336,2.1499e-06
814592,2.1499e-06
814848,2.1499e-06
815104,2.1499e-06
815360,2.1499e-06
815616,2.1499e-06
815872,2.1499e-06
816128,2.1499e-06
816384,2.1499e-06
816640,2.1499e-06
816896,2.1499e-06
817152,2.1499e-06
817408,2.1499e-06
817664,2.1499e-06
817920,2.1499e-06
818176,2.1499e-06
818432,2.1499e-06
818688,2.1499e-06
818944,2.1499e-06
819200,2.1499e-06
819456,2.1499e-06
819712,2.1499e-06
819968,2.1499e-06
820224,2.1499e-06
820480,2.1499e-06
820736,2.1499e-06
820992,2.1499e-06
821248,2.1499e-06
821504,2.1499e-06
821760,2.1499e-06
822016,2.1499e-06
822272,2.1499e-06
822528,2.1499e-06
822784,2.1499e-06
823040,2.1499e-06
823296,2.1499e-06
823552,2.1499e-06
823808,2.1499e-06
824064,2.1499e-06
824320,2.1499e-06
824576,2.1499e-06
824832,2.1499e-06
825088,2.1499e-06
825344,2.1499e-06
825600,2.1499e-06
825856,2.1499e-06
826112,2.1499e-06
826368,2.1499e-06
826624,2.1499e-06
826880,2.1499e-06
827136,2.1499e-06
827392,2.1499e-06
827648,2.1499e-06
827904,2.1499e-06
828160,2.1499e-06
828416,2.1499e-06
828672,2.1499e-06
828928,2.1499e-06
829184,2.1499e-06
829440,2.1499e-06
829696,2.1499e-06
829952,2.1499e-06
830208,2.1499e-06
830464,2.1499e-06
830720,2.1499e-06
830976,2.1499e-06
831232,2.1499e-06
831488,2.1499e-06
831744,2.1499e-06
832000,2.1499e-06
832256,2.1499e-06
832512,2.1499e-06
832768,2.1499e-06
833024,2.1499e-06
833280,2.1499e-06
833536,2.1499e-06
833792,2.1499e-06
834048,2.1499e-06
834304,2.1499e-06
834560,2.1499e-06
834816,2.1499e-06
835072,2.1499e-06
835328,2.1499e-06
835584,2.1499e-06
835840,2.1499e-06
836096,2.1499e-06
836352,2.1499e-06
836608,2.1499e-06
836864,2.1499e-06
837120,2.1499e-06
837376,2.1499e-06
837632,2.1499e-06
837888,2.1499e-06
838144,2.1499e-06
838400,2.1499e-06
838656,2.1499e-06
838912,2.1499e-06
839168,2.1499e-06
839424,2.1499e-06
839680,2.1499e-06
839936,2.1499e-06
840192,2.1499e-06
840448,2.1499e-06
840704,2.1499e-06
840960,2.1499e-06
841216,2.1499e-06
841472,2.1499e-06
841728,2.1499e-06
841984,2.1499e-06
842240,2.1499e-06
842496,2.1499e-06
842752,2.1499e-06
843008,2.1499e-06
843264,2.1499e-06
843520,2.1499e-06
843776,2.1499e-06
844032,2.1499e-06
844288,2.1499e-06
844544,2.1499e-06
844800,2.1499e-06
845056,2.1499e-06
845312,2.1499e-06
845568,2.1499e-06
845824,2.1499e-06
846080,2.1499e-06
846336,2.1499e-06
846592,2.1499e-06
846848,2.1499e-06
847104,2.1499e-06
847360,2.1499e-06
847616,2.1499e-06
847872,2.1499e-06
848128,2.1499e-06
848384,2.1499e-06
848640,2.1499e-06
848896,2.1499e-06
849152,2.1499e-06
849408,2.1499e-06
849664,2.1499e-06
849920,2.1499e-06
850176,2.1499e-06
850432,2.1499e-06
850688,2.1499e-06
850944,2.1499e-06
851200,2.1499e-06
851456,2.1499e-06
851712,2.1499e-06
851968,2.1499e-06
852224,2.1499e-06
852480,2.1499e-06
852736,2.1499e-06
852992,2.1499e-06
853248,2.1499e-06
853504,2.1499e-06
853760,2.1499e-06
854016,2.1499e-06
854272,2.1499e-06
854528,2.1499e-06
854784,2.1499e-06
855040,2.1499e-06
855296,2.1499e-06
855552,2.1499e-06
855808,2.1499e-06
856064,2.1499e-06
856320,2.1499e-06
856576,2.1499e-06
856832,2.1499e-06
857088,2.1499e-06
857344,2.1499e-06
857600,2.1499e-06
857856,2.1499e-06
858112,2.1499e-06
858368,2.1499e-06
858624,2.1499e-06
858880,2.1499e-06
859136,2.1499e-06
859392,2.1499e-06
859648,2.1499e-06
859904,2.1499e-06
860160,2.1499e-06
860416,2.1499e-06
860672,2.1499e-06
860928,2.1499e-06
861184,2.1499e-06
861440,2.1499e-06
861696,2.1499e-06
861952,2.1499e-06
862208,2.1499e-06
862464,2.1499e-06
862720,2.1499e-06
862976,2.1499e-06
863232,2.1499e-06
863488,2.1499e-06
863744,2.1499e-06
864000,2.1499e-06
864256,2.1499e-06
864512,2.1499e-06
864768,2.1499e-06
865024,2.1499e-06
865280,2.1499e-06
865536,2.1499e-06
865792,2.1499e-06
866048,2.1499e-06
866304,2.1499e-06
866560,2.1499e-06
866816,2.1499e-06
867072,2.1499e-06
867328,2.1499e-06
867584,2.1499e-06
867840,2.1499e-06
868096,2.1499e-06
868352,2.1499e-06
868608,2.1499e-06
868864,2.1499e-06
869120,2.1499e-06
869376,2.1499e-06
869632,2.1499e-06
869888,2.1499e-06
870144,2.1499e-06
870400,2.1499e-06
870656,2.1499e-06
870912,2.1499e-06
871168,2.1499e-06
871424,2.1499e-06
871680,2.1499e-06
871936,2.1499e-06
872192,2.1499e-06
872448,2.1499e-06
872704,2.1499e-06
872960,2.1499e-06
873216,2.1499e-06
873472,2.1499e-06
873728,2.1499e-06
873984,2.1499e-06
874240,2.1499e-06
874496,2.1499e-06
874752,2.1499e-06
875008,2.1499e-06
875264,2.1499e-06
875520,2.1499e-06
875776,2.1499e-06
876032,2.1499e-06
876288,2.1499e-06
876544,2.1499e-06
876800,2.1499e-06
877056,2.1499e-06
877312,2.1499e-06
877568,2.1499e-06
877824,2.1499e-06
878080,2.1499e-06
878336,2.1499e-06
878592,2.1499e-06
878848,2.1499e-06
879104,2.1499e-06
879360,2.1499e-06
879616,2.1499e-06
879872,2.1499e-06
880128,2.1499e-06
880384,2.1499e-06
880640,2.1499e-06
880896,2.1499e-06
881152,2.1499e-06
881408,2.1499e-06
881664,2.1499e-06
881920,2.1499e-06
882176,2.1499e-06
882432,2.1499e-06
882688,2.1499e-06
882944,2.1499e-06
883200,2.1499e-06
883456,2.1499e-06
883712,2.1499e-06
883968,2.1499e-06
884224,2.1499e-06
884480,2.1499e-06
884736,2.1499e-06
884992,2.1499e-06
885248,2.1499e-06
885504,2.1499e-06
885760,2.1499e-06
886016,2.1499e-06
886272,2.1499e-06
886528,2.1499e-06
886784,2.1499e-06
887040,2.1499e-06
887296,2.1499e-06
887552,2.1499e-06
887808,2.1499e-06
888064,2.1499e-06
888320,2.1499e-06
888576,2.1499e-06
888832,2.1499e-06
889088,2.1499e-06
889344,2.1499e-06
889600,2.1499e-06
889856,2.1499e-06
890112,2.1499e-06
890368,2.1499e-06
890624,2.1499e-06
890880,2.1499e-06
891136,2.1499e-06
891392,2.1499e-06
891648,2.1499e-06
891904,2.1499e-06
892160,2.1499e-06
892416,2.1499e-06
892672,2.1499e-06
892928,2.1499e-06
893184,2.1499e-06
893440,2.1499e-06
893696,2.1499e-06
893952,2.1499e-06
894208,2.1499e-06
894464,2.1499e-06
894720,2.1499e-06
894976,2.1499e-06
895232,2.1499e-06
895488,2.1499e-06
895744,2.1499e-06
896000,2.1499e-06
896256,2.1499e-06
896512,2.1499e-06
896768,2.1499e-06
897024,2.1499e-06
897280,2.1499e-06
897536,2.1499e-06
897792,2.1499e-06
898048,2.1499e-06
898304,2.1499e-06
898560,2.1499e-06
898816,2.1499e-06
899072,2.1499e-06
899328,2.1499e-06
899584,2.1499e-06
899840,2.1499e-06
900096,2.1499e-06
900352,2.1499e-06
900608,2.1499e-06
900864,2.1499e-06
901120,2.1499e-06
901376,2.1499e-06
901632,2.1499e-06
901888,2.1499e-06
902144,2.1499e-06
902400,2.1499e-06
902656,2.1499e-06
902912,2.1499e-06
903168,2.1499e-06
903424,2.1499e-06
903680,2.1499e-06
903936,2.1499e-06
904192,2.1499e-06
904448,2.1499e-06
904704,2.1499e-06
904960,2.1499e-06
905216,2.1499e-06
905472,2.1499e-06
905728,2.1499e-06
905984,2.1499e-06
906240,2.1499e-06
906496,2.1499e-06
906752,2.1499e-06
907008,2.1499e-06
907264,2.1499e-06
907520,2.1499e-06
907776,2.1499e-06
908032,2.1499e-06
908288,2.1499e-06
908544,2.1499e-06
908800,2.1499e-06
909056,2.1499e-06
909312,2.1499e-06
909568,2.1499e-06
909824,2.1499e-06
