cache_lines,MRC
256,0.0943937
512,0.0922181
768,0.0906088
1024,0.0894992
1280,0.0886034
1536,0.0876764
1792,0.0868129
2048,0.0863095
2304,0.0858982
2560,0.0855403
2816,0.0852209
3072,0.0849409
3328,0.0846788
3584,0.0844437
3840,0.0842388
4096,0.0839813
4352,0.0835867
4608,0.0831816
4864,0.0827845
5120,0.0824022
5376,0.0820234
5632,0.0816219
5888,0.0810537
6144,0.0806303
6400,0.0802533
6656,0.0798961
6912,0.0797635
7168,0.0796962
7424,0.0796326
7680,0.0795706
7936,0.0795166
8192,0.0794674
8448,0.0794158
8704,0.0793708
8960,0.0793252
9216,0.0792828
9472,0.0792362
9728,0.079193
9984,0.0791559
10240,0.0791206
10496,0.0790825
10752,0.0790475
11008,0.0789624
11264,0.0788554
11520,0.0787895
11776,0.0787375
12032,0.0786945
12288,0.0786548
12544,0.0786153
12800,0.0785487
13056,0.0784409
13312,0.0782905
13568,0.0781616
13824,0.0780718
14080,0.0779988
14336,0.0779322
14592,0.0778685
14848,0.0778111
15104,0.077758
15360,0.0777098
15616,0.0776645
15872,0.0776163
16128,0.0775748
16384,0.0775363
16640,0.0775001
16896,0.0774638
17152,0.0774289
17408,0.0773956
17664,0.0773639
17920,0.0773343
18176,0.0773036
18432,0.0772717
18688,0.0772389
18944,0.0772071
19200,0.0771673
19456,0.0771326
19712,0.0771025
19968,0.0770725
20224,0.0770426
20480,0.0770133
20736,0.0769858
20992,0.0769603
21248,0.0769363
21504,0.0769149
21760,0.0768907
22016,0.0768636
22272,0.0768399
22528,0.0768179
22784,0.0767796
23040,0.0767277
23296,0.0766852
23552,0.0766526
23808,0.0766197
24064,0.0765898
24320,0.07656
24576,0.0765278
24832,0.076498
25088,0.0764704
25344,0.0764427
25600,0.0764143
25856,0.0763864
26112,0.0763586
26368,0.0763286
26624,0.0763001
26880,0.0762706
27136,0.0762407
27392,0.0762117
27648,0.076182
27904,0.0761382
28160,0.0760935
28416,0.0760575
28672,0.0760244
28928,0.0759917
29184,0.0759605
29440,0.0759255
29696,0.0758895
29952,0.0758552
30208,0.0758193
30464,0.0757769
30720,0.0757307
30976,0.0756827
31232,0.0756316
31488,0.0755781
31744,0.0755199
32000,0.0754617
32256,0.0754028
32512,0.0753432
32768,0.0752857
33024,0.0752343
33280,0.0751858
33536,0.0751391
33792,0.0750938
34048,0.0750513
34304,0.0750078
34560,0.0749644
34816,0.0749147
35072,0.0748623
35328,0.0748061
35584,0.0747419
35840,0.0746235
36096,0.0740474
36352,0.0735235
36608,0.0729074
36864,0.0722987
37120,0.071767
37376,0.0713021
37632,0.0708652
37888,0.0704854
38144,0.0701566
38400,0.069853
38656,0.0695856
38912,0.0693392
39168,0.069106
39424,0.0688982
39680,0.0686996
39936,0.0684241
40192,0.0677469
40448,0.0665617
40704,0.0652675
40960,0.0636987
41216,0.0620623
41472,0.0605584
41728,0.0591695
41984,0.0579374
42240,0.0568615
42496,0.0559183
42752,0.0550467
43008,0.054216
43264,0.0534233
43520,0.0526655
43776,0.0519414
44032,0.051232
44288,0.0505468
44544,0.049881
44800,0.0492338
45056,0.0485897
45312,0.0479608
45568,0.0473205
45824,0.0466997
46080,0.046075
46336,0.0454533
46592,0.0448185
46848,0.0441607
47104,0.043488
47360,0.0427382
47616,0.0418468
47872,0.0407038
48128,0.0394715
48384,0.0385414
48640,0.0376129
48896,0.0366427
49152,0.0356261
49408,0.0345668
49664,0.0335967
49920,0.0326536
50176,0.0317144
50432,0.0308269
50688,0.0299357
50944,0.0290394
51200,0.0280935
51456,0.0271638
51712,0.0263069
51968,0.0255044
52224,0.0247442
52480,0.0240067
52736,0.0232968
52992,0.0226123
53248,0.0219744
53504,0.0213307
53760,0.0207134
54016,0.0200783
54272,0.0194224
54528,0.0187955
54784,0.0181857
55040,0.0175895
55296,0.0170253
55552,0.0164685
55808,0.0159392
56064,0.0154209
56320,0.0149387
56576,0.014451
56832,0.0139461
57088,0.0134401
57344,0.0129539
57600,0.0124566
57856,0.0119836
58112,0.0115309
58368,0.0110662
58624,0.0105861
58880,0.0100965
59136,0.00962512
59392,0.00915107
59648,0.00866321
59904,0.00815734
60160,0.00765221
60416,0.00719381
60672,0.00671405
60928,0.00626989
61184,0.0058439
61440,0.00543356
61696,0.00502793
61952,0.00464494
62208,0.00431538
62464,0.00400342
62720,0.0037311
62976,0.00350584
63232,0.00332547
63488,0.00318172
63744,0.0030705
64000,0.00298322
64256,0.00292104
64512,0.00286254
64768,0.00281099
65024,0.00276274
65280,0.00271134
65536,0.00266809
65792,0.00262417
66048,0.00258195
66304,0.00254432
66560,0.00250449
66816,0.00246716
67072,0.00242801
67328,0.00239145
67584,0.00235825
67840,0.00232616
68096,0.00229615
68352,0.00226478
68608,0.00223688
68864,0.00221036
69120,0.00218412
69376,0.00215941
69632,0.00213389
69888,0.00210944
70144,0.00208634
70400,0.00206441
70656,0.00204064
70912,0.00201795
71168,0.00199582
71424,0.00197452
71680,0.00195155
71936,0.00192965
72192,0.001909
72448,0.00189035
72704,0.00186968
72960,0.00184856
73216,0.00182664
73472,0.00180437
73728,0.001781
73984,0.00175898
74240,0.00173633
74496,0.0017131
74752,0.00169086
75008,0.0016699
75264,0.00164964
75520,0.00163081
75776,0.00161168
76032,0.00159404
76288,0.00157652
76544,0.00155993
76800,0.00154202
77056,0.00152562
77312,0.00150893
77568,0.00149271
77824,0.00147863
78080,0.00146324
78336,0.00144962
78592,0.0014364
78848,0.00142325
79104,0.00140954
79360,0.00139643
79616,0.00138391
79872,0.0013716
80128,0.00135998
80384,0.00134861
80640,0.00133768
80896,0.00132697
81152,0.00131599
81408,0.00130516
81664,0.00129458
81920,0.0012838
82176,0.00127307
82432,0.00126301
82688,0.00125224
82944,0.00124205
83200,0.00123206
83456,0.00122188
83712,0.00121175
83968,0.00120135
84224,0.00119097
84480,0.00118119
84736,0.00117044
84992,0.00116129
85248,0.00115116
85504,0.00114227
85760,0.00113316
86016,0.00112395
86272,0.00111398
86528,0.00110428
86784,0.00109512
87040,0.00108636
87296,0.00107667
87552,0.00106745
87808,0.00105845
88064,0.00104958
88320,0.0010412
88576,0.00103212
88832,0.00102333
89088,0.0010138
89344,0.00100473
89600,0.000995482
89856,0.000986864
90112,0.000978429
90368,0.000970349
90624,0.000961492
90880,0.000953303
91136,0.000944846
91392,0.000936887
91648,0.000929277
91904,0.000920987
92160,0.000913516
92416,0.000905761
92672,0.000898199
92928,0.000890417
93184,0.000883
93440,0.000875532
93696,0.000868786
93952,0.0008617
94208,0.000854132
94464,0.000847269
94720,0.000840025
94976,0.000831985
95232,0.000825339
95488,0.00081868
95744,0.000812472
96000,0.000805567
96256,0.000798828
96512,0.000792323
96768,0.00078637
97024,0.000779785
97280,0.000773088
97536,0.000766379
97792,0.000760066
98048,0.000753896
98304,0.000747555
98560,0.000741412
98816,0.000735574
99072,0.000729931
99328,0.000724534
99584,0.000718697
99840,0.000712574
100096,0.000706948
100352,0.000701077
100608,0.000696019
100864,0.000690524
101120,0.000684772
101376,0.000678732
101632,0.000672754
101888,0.000667318
102144,0.000661825
102400,0.000656622
102656,0.000651106
102912,0.000645681
103168,0.000640615
103424,0.000635889
103680,0.000631042
103936,0.000626254
104192,0.000621483
104448,0.000616508
104704,0.000611788
104960,0.00060704
105216,0.000602654
105472,0.000598216
105728,0.000593371
105984,0.000589096
106240,0.000584676
106496,0.000580585
106752,0.000575816
107008,0.000571281
107264,0.000566459
107520,0.000562454
107776,0.000557813
108032,0.00055335
108288,0.000548456
108544,0.000544361
108800,0.000539964
109056,0.000535767
109312,0.000531606
109568,0.000527033
109824,0.000522897
110080,0.000519109
110336,0.000515161
110592,0.000511305
110848,0.000507278
111104,0.000503242
111360,0.000499102
111616,0.0004949
111872,0.000491403
112128,0.000487945
112384,0.000484062
112640,0.000480414
112896,0.000476756
113152,0.000473072
113408,0.000469396
113664,0.00046599
113920,0.000462319
114176,0.000458482
114432,0.000455329
114688,0.000452021
114944,0.000448036
115200,0.000444962
115456,0.00044152
115712,0.000438428
115968,0.000435194
116224,0.000431699
116480,0.000428365
116736,0.000425148
116992,0.000421895
117248,0.000418966
117504,0.000415847
117760,0.000412214
118016,0.000409318
118272,0.000406304
118528,0.000403495
118784,0.000400807
119040,0.000397969
119296,0.000394836
119552,0.000391997
119808,0.000388863
120064,0.000385847
120320,0.000383362
120576,0.000380588
120832,0.000377612
121088,0.000374757
121344,0.000372094
121600,0.000369093
121856,0.000366486
122112,0.000363528
122368,0.000360896
122624,0.000358224
122880,0.000355419
123136,0.000353018
123392,0.000350217
123648,0.000347627
123904,0.000344666
124160,0.000342288
124416,0.000339785
124672,0.000337293
124928,0.000334581
125184,0.000331838
125440,0.000329065
125696,0.000326544
125952,0.00032377
126208,0.000321353
126464,0.000318853
126720,0.000316349
126976,0.000313922
127232,0.000311451
127488,0.000309176
127744,0.00030653
128000,0.000304352
128256,0.000302019
128512,0.000299804
128768,0.000297827
129024,0.000295654
129280,0.000293522
129536,0.000291231
129792,0.000289011
130048,0.000286626
130304,0.000284675
130560,0.000282676
130816,0.000280492
131072,0.000278172
131328,0.000276256
131584,0.000274383
131840,0.000272284
132096,0.000270135
132352,0.000268008
132608,0.00026588
132864,0.000263948
133120,0.000261681
133376,0.000259458
133632,0.000257187
133888,0.000255002
134144,0.000252729
134400,0.000250586
134656,0.000248359
134912,0.000246226
135168,0.00024442
135424,0.000242641
135680,0.000240551
135936,0.000238588
136192,0.00023622
136448,0.000234234
136704,0.000232002
136960,0.000229935
137216,0.000227875
137472,0.000225704
137728,0.000223817
137984,0.000221692
138240,0.000219898
138496,0.000217763
138752,0.000215581
139008,0.00021339
139264,0.000211577
139520,0.000209841
139776,0.000208262
140032,0.000206778
140288,0.000205037
140544,0.000203198
140800,0.000201197
141056,0.000199288
141312,0.000197324
141568,0.0001956
141824,0.00019365
142080,0.000191945
142336,0.000190018
142592,0.000187991
142848,0.00018584
143104,0.000184243
143360,0.000182558
143616,0.000180658
143872,0.000178979
144128,0.000177351
144384,0.000175751
144640,0.000174094
144896,0.000172555
145152,0.000170804
145408,0.000169207
145664,0.000167417
145920,0.000165806
146176,0.000164129
146432,0.000162355
146688,0.000160696
146944,0.000158952
147200,0.000157093
147456,0.000155456
147712,0.000154027
147968,0.000152623
148224,0.00015086
148480,0.000149085
148736,0.00014763
148992,0.000146206
149248,0.000144931
149504,0.000143479
149760,0.0001418
150016,0.000140353
150272,0.000138843
150528,0.000137334
150784,0.000135781
151040,0.000134385
151296,0.000133009
151552,0.000131389
151808,0.000129937
152064,0.000128543
152320,0.000126913
152576,0.000125384
152832,0.000124004
153088,0.000122637
153344,0.000121233
153600,0.00011995
153856,0.00011883
154112,0.000117557
154368,0.000116142
154624,0.000114749
154880,0.000113372
155136,0.000112336
155392,0.000111101
155648,0.000109969
155904,0.000108511
156160,0.000106904
156416,0.000105512
156672,0.000104308
156928,0.000103333
157184,0.000102151
157440,0.000101011
157696,9.97849e-05
157952,9.83899e-05
158208,9.68917e-05
158464,9.56415e-05
158720,9.43656e-05
158976,9.29165e-05
159232,9.18806e-05
159488,9.06208e-05
159744,8.95008e-05
160000,8.82659e-05
160256,8.71398e-05
160512,8.59274e-05
160768,8.47797e-05
161024,8.35589e-05
161280,8.25431e-05
161536,8.1399e-05
161792,8.03955e-05
162048,7.94561e-05
162304,7.8385e-05
162560,7.76864e-05
162816,7.66652e-05
163072,7.58177e-05
163328,7.49978e-05
163584,7.39666e-05
163840,7.26253e-05
164096,7.13967e-05
164352,7.04397e-05
164608,6.94818e-05
164864,6.8426e-05
165120,6.72346e-05
165376,6.62914e-05
165632,6.5576e-05
165888,6.47544e-05
166144,6.41192e-05
166400,6.34518e-05
166656,6.28745e-05
166912,6.2226e-05
167168,6.13288e-05
167424,6.03983e-05
167680,5.94034e-05
167936,5.85495e-05
168192,5.76451e-05
168448,5.68727e-05
168704,5.61999e-05
168960,5.54288e-05
169216,5.45636e-05
169472,5.36967e-05
169728,5.30516e-05
169984,5.22224e-05
170240,5.1597e-05
170496,5.10924e-05
170752,5.04128e-05
171008,4.95318e-05
171264,4.89461e-05
171520,4.81826e-05
171776,4.77845e-05
172032,4.69408e-05
172288,4.61218e-05
172544,4.5341e-05
172800,4.47115e-05
173056,4.40082e-05
173312,4.3537e-05
173568,4.29918e-05
173824,4.23342e-05
174080,4.16577e-05
174336,4.10304e-05
174592,4.02995e-05
174848,3.96651e-05
175104,3.9019e-05
175360,3.82897e-05
175616,3.79202e-05
175872,3.75436e-05
176128,3.6993e-05
176384,3.63834e-05
176640,3.58697e-05
176896,3.52069e-05
177152,3.45729e-05
177408,3.40998e-05
177664,3.36959e-05
177920,3.31986e-05
178176,3.29021e-05
178432,3.23304e-05
178688,3.1945e-05
178944,3.15222e-05
179200,3.09051e-05
179456,3.04961e-05
179712,2.99863e-05
179968,2.96114e-05
180224,2.92965e-05
180480,2.88975e-05
180736,2.85263e-05
180992,2.79834e-05
181248,2.75385e-05
181504,2.70431e-05
181760,2.66347e-05
182016,2.6186e-05
182272,2.58228e-05
182528,2.55844e-05
182784,2.52879e-05
183040,2.51036e-05
183296,2.48249e-05
183552,2.44821e-05
183808,2.4135e-05
184064,2.38749e-05
184320,2.36361e-05
184576,2.33933e-05
184832,2.30892e-05
185088,2.27856e-05
185344,2.24861e-05
185600,2.20876e-05
185856,2.17675e-05
186112,2.1417e-05
186368,2.10266e-05
186624,2.08242e-05
186880,2.06528e-05
187136,2.04376e-05
187392,2.02165e-05
187648,2.00147e-05
187904,1.96651e-05
188160,1.94854e-05
188416,1.93382e-05
188672,1.92032e-05
188928,1.91051e-05
189184,1.88657e-05
189440,1.87071e-05
189696,1.86328e-05
189952,1.84767e-05
190208,1.8258e-05
190464,1.80647e-05
190720,1.78327e-05
190976,1.76226e-05
191232,1.75566e-05
191488,1.73743e-05
191744,1.71351e-05
192000,1.68943e-05
192256,1.67754e-05
192512,1.65699e-05
192768,1.64269e-05
193024,1.62953e-05
193280,1.62181e-05
193536,1.61421e-05
193792,1.60268e-05
194048,1.58705e-05
194304,1.57808e-05
194560,1.55068e-05
194816,1.5316e-05
195072,1.51255e-05
195328,1.48788e-05
195584,1.4754e-05
195840,1.47132e-05
196096,1.459e-05
196352,1.44776e-05
196608,1.42978e-05
196864,1.41448e-05
197120,1.40625e-05
197376,1.39936e-05
197632,1.39347e-05
197888,1.38512e-05
198144,1.36746e-05
198400,1.36248e-05
198656,1.35563e-05
198912,1.34498e-05
199168,1.33852e-05
199424,1.32316e-05
199680,1.3138e-05
199936,1.31034e-05
200192,1.30526e-05
200448,1.30015e-05
200704,1.2931e-05
200960,1.28484e-05
201216,1.28148e-05
201472,1.2774e-05
201728,1.27032e-05
201984,1.26056e-05
202240,1.24989e-05
202496,1.24345e-05
202752,1.23609e-05
203008,1.22866e-05
203264,1.22634e-05
203520,1.22378e-05
203776,1.22254e-05
204032,1.21809e-05
204288,1.21424e-05
204544,1.21303e-05
204800,1.21168e-05
205056,1.20878e-05
205312,1.19723e-05
205568,1.18896e-05
205824,1.18451e-05
206080,1.17986e-05
206336,1.17501e-05
206592,1.1693e-05
206848,1.16381e-05
207104,1.15789e-05
207360,1.15301e-05
207616,1.15219e-05
207872,1.15054e-05
208128,1.14839e-05
208384,1.14804e-05
208640,1.14328e-05
208896,1.13789e-05
209152,1.13128e-05
209408,1.12591e-05
209664,1.12367e-05
209920,1.11856e-05
210176,1.1102e-05
210432,1.10656e-05
210688,1.10276e-05
210944,1.10085e-05
211200,1.10085e-05
211456,1.09705e-05
211712,1.09515e-05
211968,1.09422e-05
212224,1.09325e-05
212480,1.09325e-05
212736,1.08831e-05
212992,1.08564e-05
213248,1.08281e-05
213504,1.08125e-05
213760,1.07778e-05
214016,1.07614e-05
214272,1.0746e-05
214528,1.0711e-05
214784,1.06376e-05
215040,1.06283e-05
215296,1.06093e-05
215552,1.06042e-05
215808,1.05709e-05
216064,1.05522e-05
216320,1.05522e-05
216576,1.05332e-05
216832,1.04837e-05
217088,1.04664e-05
217344,1.04382e-05
217600,1.04382e-05
217856,1.04219e-05
218112,1.03811e-05
218368,1.03621e-05
218624,1.03431e-05
218880,1.03051e-05
219136,1.0286e-05
219392,1.0286e-05
219648,1.02486e-05
219904,1.0248e-05
220160,1.01936e-05
220416,1.0191e-05
220672,1.0172e-05
220928,1.0153e-05
221184,1.01339e-05
221440,1.01159e-05
221696,1.01149e-05
221952,1.00959e-05
222208,1.00389e-05
222464,1.00389e-05
222720,1.00389e-05
222976,1.00199e-05
223232,1.00199e-05
223488,1.00199e-05
223744,9.99561e-06
224000,9.97551e-06
224256,9.96283e-06
224512,9.96283e-06
224768,9.94296e-06
225024,9.91345e-06
225280,9.84875e-06
225536,9.84875e-06
225792,9.82973e-06
226048,9.82973e-06
226304,9.82973e-06
226560,9.82973e-06
226816,9.81072e-06
227072,9.81072e-06
227328,9.78662e-06
227584,9.7727e-06
227840,9.7727e-06
228096,9.7727e-06
228352,9.7727e-06
228608,9.75368e-06
228864,9.72932e-06
229120,9.69664e-06
229376,9.68169e-06
229632,9.67763e-06
229888,9.67763e-06
230144,9.6678e-06
230400,9.6396e-06
230656,9.6396e-06
230912,9.6396e-06
231168,9.6396e-06
231424,9.6396e-06
231680,9.62034e-06
231936,9.59014e-06
232192,9.56355e-06
232448,9.5485e-06
232704,9.52553e-06
232960,9.52553e-06
233216,9.51419e-06
233472,9.50651e-06
233728,9.50651e-06
233984,9.50651e-06
234240,9.4875e-06
234496,9.4875e-06
234752,9.46401e-06
235008,9.44947e-06
235264,9.44947e-06
235520,9.44797e-06
235776,9.43046e-06
236032,9.43046e-06
236288,9.43046e-06
236544,9.43046e-06
236800,9.41145e-06
237056,9.41145e-06
237312,9.41145e-06
237568,9.41145e-06
237824,9.41145e-06
238080,9.39243e-06
238336,9.39243e-06
238592,9.38241e-06
238848,9.37342e-06
239104,9.37342e-06
239360,9.37342e-06
239616,9.37342e-06
239872,9.37342e-06
240128,9.37342e-06
240384,9.37342e-06
240640,9.37342e-06
240896,9.37342e-06
241152,9.37342e-06
241408,9.37342e-06
241664,9.35321e-06
241920,9.33539e-06
242176,9.33539e-06
242432,9.33539e-06
242688,9.33539e-06
242944,9.33539e-06
243200,9.33539e-06
243456,9.33539e-06
243712,9.33539e-06
243968,9.33539e-06
244224,9.33539e-06
244480,9.33539e-06
244736,9.32253e-06
244992,9.31638e-06
245248,9.31638e-06
245504,9.31638e-06
245760,9.31638e-06
246016,9.29991e-06
246272,9.29737e-06
246528,9.29737e-06
246784,9.29737e-06
247040,9.29737e-06
247296,9.29737e-06
247552,9.29737e-06
247808,9.29062e-06
248064,9.27836e-06
248320,9.27836e-06
248576,9.27836e-06
248832,9.27836e-06
249088,9.27836e-06
249344,9.27836e-06
249600,9.27836e-06
249856,9.25934e-06
250112,9.25934e-06
250368,9.24395e-06
250624,9.24033e-06
250880,9.24033e-06
251136,9.2258e-06
251392,9.22132e-06
251648,9.22132e-06
251904,9.22132e-06
252160,9.22132e-06
252416,9.22132e-06
252672,9.22132e-06
252928,9.2023e-06
253184,9.2023e-06
253440,9.2023e-06
253696,9.18329e-06
253952,9.18329e-06
254208,9.17096e-06
254464,9.16428e-06
254720,9.16428e-06
254976,9.16428e-06
255232,9.16428e-06
255488,9.16428e-06
255744,9.16428e-06
256000,9.1585e-06
256256,9.14526e-06
256512,9.14526e-06
256768,9.14526e-06
257024,9.14526e-06
257280,9.12625e-06
257536,9.12625e-06
257792,9.12625e-06
258048,9.12625e-06
258304,9.12625e-06
258560,9.12625e-06
258816,9.12625e-06
259072,9.12625e-06
259328,9.12625e-06
259584,9.11301e-06
259840,9.08822e-06
260096,9.08822e-06
260352,9.08822e-06
260608,9.08822e-06
260864,9.08822e-06
261120,9.08822e-06
261376,9.08822e-06
261632,9.08822e-06
261888,9.0729e-06
262144,9.06921e-06
262400,9.06596e-06
262656,9.0502e-06
262912,9.0502e-06
263168,9.0502e-06
263424,9.0502e-06
263680,9.03118e-06
263936,9.03118e-06
264192,9.03118e-06
264448,8.99316e-06
264704,8.97415e-06
264960,8.97415e-06
265216,8.97415e-06
265472,8.97415e-06
265728,8.97415e-06
265984,8.97415e-06
266240,8.97415e-06
266496,8.97415e-06
266752,8.97415e-06
267008,8.97415e-06
267264,8.97415e-06
267520,8.9734e-06
267776,8.95722e-06
268032,8.95513e-06
268288,8.95513e-06
268544,8.95513e-06
268800,8.95513e-06
269056,8.95513e-06
269312,8.95513e-06
269568,8.95513e-06
269824,8.95513e-06
270080,8.95513e-06
270336,8.95513e-06
270592,8.95513e-06
270848,8.95513e-06
271104,8.95513e-06
271360,8.95513e-06
271616,8.95513e-06
271872,8.95513e-06
272128,8.95513e-06
272384,8.95513e-06
272640,8.95513e-06
272896,8.95513e-06
273152,8.95513e-06
273408,8.95513e-06
273664,8.95513e-06
273920,8.95513e-06
274176,8.95513e-06
274432,8.95513e-06
274688,8.95513e-06
274944,8.95513e-06
275200,8.93241e-06
275456,8.91711e-06
275712,8.91711e-06
275968,8.91711e-06
276224,8.91711e-06
276480,8.91711e-06
276736,8.91711e-06
276992,8.91711e-06
277248,8.91711e-06
277504,8.91711e-06
277760,8.91711e-06
278016,8.91711e-06
278272,8.91711e-06
278528,8.91711e-06
278784,8.91711e-06
279040,8.91711e-06
279296,8.91711e-06
279552,8.91711e-06
279808,8.91711e-06
280064,8.91711e-06
280320,8.90361e-06
280576,8.89809e-06
280832,8.89809e-06
281088,8.89809e-06
281344,8.89809e-06
281600,8.89809e-06
281856,8.89809e-06
282112,8.89809e-06
282368,8.89809e-06
282624,8.89809e-06
282880,8.89809e-06
283136,8.89541e-06
283392,8.87909e-06
283648,8.87908e-06
283904,8.87908e-06
284160,8.87908e-06
284416,8.87908e-06
284672,8.87908e-06
284928,8.87908e-06
285184,8.87908e-06
285440,8.87908e-06
285696,8.87908e-06
285952,8.87908e-06
286208,8.87908e-06
286464,8.87908e-06
286720,8.87908e-06
286976,8.87908e-06
287232,8.87908e-06
287488,8.87908e-06
287744,8.87908e-06
288000,8.87908e-06
288256,8.87908e-06
288512,8.87908e-06
288768,8.87908e-06
289024,8.87908e-06
289280,8.87908e-06
289536,8.87908e-06
289792,8.86993e-06
290048,8.86007e-06
290304,8.86007e-06
290560,8.86007e-06
290816,8.86007e-06
291072,8.86007e-06
291328,8.86007e-06
291584,8.86007e-06
291840,8.86007e-06
292096,8.86007e-06
292352,8.86007e-06
292608,8.86007e-06
292864,8.86007e-06
293120,8.86007e-06
293376,8.86007e-06
293632,8.86007e-06
293888,8.86007e-06
294144,8.86007e-06
294400,8.86007e-06
294656,8.86007e-06
294912,8.86007e-06
295168,8.86007e-06
295424,8.86007e-06
295680,8.86007e-06
295936,8.86007e-06
296192,8.85975e-06
296448,8.82694e-06
296704,8.82204e-06
296960,8.82204e-06
297216,8.82204e-06
297472,8.82204e-06
297728,8.82204e-06
297984,8.82204e-06
298240,8.82204e-06
298496,8.82204e-06
298752,8.80959e-06
299008,8.80303e-06
299264,8.80303e-06
299520,8.80303e-06
299776,8.80303e-06
300032,8.80303e-06
300288,8.80303e-06
300544,8.80303e-06
300800,8.79184e-06
301056,8.78401e-06
301312,8.78401e-06
301568,8.78401e-06
301824,8.78401e-06
302080,8.78401e-06
302336,8.78401e-06
302592,8.78401e-06
302848,8.78401e-06
303104,8.78401e-06
303360,8.78401e-06
303616,8.78401e-06
303872,8.78401e-06
304128,8.78401e-06
304384,8.78401e-06
304640,8.78401e-06
304896,8.78401e-06
305152,8.78401e-06
305408,8.78401e-06
305664,8.78401e-06
305920,8.78401e-06
306176,8.78401e-06
306432,8.78401e-06
306688,8.78401e-06
306944,8.78401e-06
307200,8.78401e-06
307456,8.78401e-06
307712,8.78401e-06
307968,8.78401e-06
308224,8.78401e-06
308480,8.78401e-06
308736,8.78401e-06
308992,8.78401e-06
309248,8.77925e-06
309504,8.765e-06
309760,8.765e-06
310016,8.765e-06
310272,8.765e-06
310528,8.765e-06
310784,8.765e-06
311040,8.765e-06
311296,8.765e-06
311552,8.765e-06
311808,8.765e-06
312064,8.7493e-06
312320,8.74599e-06
312576,8.74599e-06
312832,8.74599e-06
313088,8.74599e-06
313344,8.74599e-06
313600,8.74599e-06
313856,8.74599e-06
314112,8.74599e-06
314368,8.74599e-06
314624,8.74599e-06
314880,8.74599e-06
315136,8.74599e-06
315392,8.74599e-06
315648,8.74599e-06
315904,8.74599e-06
316160,8.74599e-06
316416,8.74599e-06
316672,8.74599e-06
316928,8.74599e-06
317184,8.74599e-06
317440,8.74599e-06
317696,8.74599e-06
317952,8.74599e-06
318208,8.74599e-06
318464,8.74599e-06
318720,8.74599e-06
318976,8.74599e-06
319232,8.74599e-06
319488,8.74599e-06
319744,8.74599e-06
320000,8.74599e-06
320256,8.74599e-06
320512,8.74599e-06
320768,8.74599e-06
321024,8.74599e-06
321280,8.74599e-06
321536,8.74599e-06
321792,8.74599e-06
322048,8.74599e-06
322304,8.74599e-06
322560,8.74599e-06
322816,8.74599e-06
323072,8.7396e-06
323328,8.72698e-06
323584,8.72698e-06
323840,8.72698e-06
324096,8.72698e-06
324352,8.72698e-06
324608,8.72698e-06
324864,8.72698e-06
325120,8.72698e-06
325376,8.72698e-06
325632,8.72698e-06
325888,8.72698e-06
326144,8.72698e-06
326400,8.72698e-06
326656,8.72698e-06
326912,8.72698e-06
327168,8.72698e-06
327424,8.72698e-06
327680,8.72698e-06
327936,8.72698e-06
328192,8.72698e-06
328448,8.72698e-06
328704,8.72698e-06
328960,8.72698e-06
329216,8.72094e-06
329472,8.70429e-06
329728,8.68895e-06
329984,8.68895e-06
330240,8.68895e-06
330496,8.68895e-06
330752,8.68895e-06
331008,8.68895e-06
331264,8.68895e-06
331520,8.68895e-06
331776,8.68895e-06
332032,8.68895e-06
332288,8.68895e-06
332544,8.68895e-06
332800,8.68895e-06
333056,8.68895e-06
333312,8.68895e-06
333568,8.68895e-06
333824,8.68668e-06
334080,8.66997e-06
334336,8.66994e-06
334592,8.66994e-06
334848,8.66994e-06
335104,8.66994e-06
335360,8.66994e-06
335616,8.66994e-06
335872,8.66994e-06
336128,8.66994e-06
336384,8.66994e-06
336640,8.66994e-06
336896,8.66994e-06
337152,8.66994e-06
337408,8.66994e-06
337664,8.66994e-06
337920,8.66994e-06
338176,8.66845e-06
338432,8.6517e-06
338688,8.65092e-06
338944,8.65092e-06
339200,8.65092e-06
339456,8.65092e-06
339712,8.65092e-06
339968,8.65092e-06
340224,8.65092e-06
340480,8.65092e-06
340736,8.65092e-06
340992,8.65092e-06
341248,8.65092e-06
341504,8.65092e-06
341760,8.65092e-06
342016,8.65092e-06
342272,8.64021e-06
342528,8.59109e-06
342784,8.55726e-06
343040,8.47419e-06
343296,8.38817e-06
343552,8.3593e-06
343808,8.35062e-06
344064,8.32757e-06
344320,8.29265e-06
344576,8.26086e-06
344832,8.23448e-06
345088,8.20988e-06
345344,8.1922e-06
345600,8.17391e-06
345856,8.14725e-06
346112,8.12049e-06
346368,8.11856e-06
346624,8.11856e-06
346880,8.10426e-06
347136,8.08634e-06
347392,8.07446e-06
347648,8.06547e-06
347904,8.05143e-06
348160,8.03339e-06
348416,7.99483e-06
348672,7.93107e-06
348928,7.87355e-06
349184,7.82735e-06
349440,7.78956e-06
349696,7.77091e-06
349952,7.7395e-06
350208,7.67362e-06
350464,7.60229e-06
350720,7.51594e-06
350976,7.42039e-06
351232,7.30216e-06
351488,7.2178e-06
351744,7.19767e-06
352000,7.16333e-06
352256,7.11253e-06
352512,7.07357e-06
352768,7.04274e-06
353024,7.01178e-06
353280,6.98068e-06
353536,6.95889e-06
353792,6.93888e-06
354048,6.92842e-06
354304,6.91516e-06
354560,6.89415e-06
354816,6.87789e-06
355072,6.86734e-06
355328,6.84984e-06
355584,6.82863e-06
355840,6.80735e-06
356096,6.78601e-06
356352,6.7646e-06
356608,6.71383e-06
356864,6.59393e-06
357120,6.50311e-06
357376,6.43584e-06
357632,6.39719e-06
357888,6.36727e-06
358144,6.35586e-06
358400,6.29113e-06
358656,6.17477e-06
358912,6.10841e-06
359168,6.06187e-06
359424,6.04989e-06
359680,6.0131e-06
359936,5.96737e-06
360192,5.94301e-06
360448,5.91855e-06
360704,5.89396e-06
360960,5.84453e-06
361216,5.81797e-06
361472,5.81797e-06
361728,5.78267e-06
361984,5.75026e-06
362240,5.72498e-06
362496,5.66443e-06
362752,5.61118e-06
363008,5.57227e-06
363264,5.52045e-06
363520,5.46764e-06
363776,5.4176e-06
364032,5.4042e-06
364288,5.38182e-06
364544,5.34451e-06
364800,5.27621e-06
365056,5.26659e-06
365312,5.24674e-06
365568,5.20363e-06
365824,5.14757e-06
366080,5.12288e-06
366336,5.09132e-06
366592,5.03844e-06
366848,5.03844e-06
367104,5.02754e-06
367360,4.96858e-06
367616,4.86521e-06
367872,4.85027e-06
368128,4.80918e-06
368384,4.76372e-06
368640,4.71782e-06
368896,4.67338e-06
369152,4.64224e-06
369408,4.59668e-06
369664,4.52695e-06
369920,4.47073e-06
370176,4.42726e-06
370432,4.36418e-06
370688,4.31467e-06
370944,4.28092e-06
371200,4.2313e-06
371456,4.19338e-06
371712,4.15864e-06
371968,4.13423e-06
372224,4.11665e-06
372480,4.08335e-06
372736,4.04308e-06
372992,4.01946e-06
373248,3.97844e-06
373504,3.92337e-06
373760,3.87864e-06
374016,3.87864e-06
374272,3.87864e-06
374528,3.87311e-06
374784,3.8329e-06
375040,3.78095e-06
375296,3.75888e-06
375552,3.71364e-06
375808,3.64654e-06
376064,3.63147e-06
376320,3.61393e-06
376576,3.57443e-06
376832,3.54095e-06
377088,3.48834e-06
377344,3.46748e-06
377600,3.4326e-06
377856,3.40624e-06
378112,3.36635e-06
378368,3.24879e-06
378624,3.20893e-06
378880,3.11721e-06
379136,3.05153e-06
379392,3.02261e-06
379648,2.9606e-06
379904,2.91387e-06
380160,2.85557e-06
380416,2.83292e-06
380672,2.83292e-06
380928,2.79695e-06
381184,2.77588e-06
381440,2.76272e-06
381696,2.73785e-06
381952,2.73785e-06
382208,2.72133e-06
382464,2.69983e-06
382720,2.68667e-06
382976,2.67863e-06
383232,2.6618e-06
383488,2.64314e-06
383744,2.62377e-06
384000,2.60688e-06
384256,2.55829e-06
384512,2.50969e-06
384768,2.46389e-06
385024,2.41575e-06
385280,2.39562e-06
385536,2.37363e-06
385792,2.34288e-06
386048,2.33858e-06
386304,2.33858e-06
386560,2.32586e-06
386816,2.30055e-06
387072,2.30055e-06
387328,2.30055e-06
387584,2.30055e-06
387840,2.30055e-06
388096,2.30055e-06
388352,2.2763e-06
388608,2.26252e-06
388864,2.25022e-06
389120,2.23028e-06
389376,2.20548e-06
389632,2.20548e-06
389888,2.20548e-06
390144,2.19547e-06
390400,2.16711e-06
390656,2.14845e-06
390912,2.13767e-06
391168,2.12943e-06
391424,2.12943e-06
391680,2.12943e-06
391936,2.12943e-06
392192,2.12943e-06
392448,2.09141e-06
392704,2.07239e-06
392960,2.07239e-06
393216,2.05635e-06
393472,2.03437e-06
393728,2.02316e-06
393984,1.99634e-06
394240,1.99634e-06
394496,1.99634e-06
394752,1.99634e-06
395008,1.97733e-06
395264,1.97733e-06
395520,1.95831e-06
395776,1.95831e-06
396032,1.95831e-06
396288,1.9393e-06
396544,1.9393e-06
396800,1.9393e-06
397056,1.9393e-06
397312,1.9393e-06
397568,1.9068e-06
397824,1.90128e-06
398080,1.88226e-06
398336,1.88226e-06
398592,1.88226e-06
398848,1.86325e-06
399104,1.86325e-06
399360,1.84424e-06
399616,1.84414e-06
399872,1.80438e-06
400128,1.7872e-06
400384,1.7872e-06
400640,1.77776e-06
400896,1.76818e-06
401152,1.76818e-06
401408,1.74917e-06
401664,1.74917e-06
401920,1.74917e-06
402176,1.73461e-06
402432,1.69682e-06
402688,1.69213e-06
402944,1.69213e-06
403200,1.69213e-06
403456,1.68479e-06
403712,1.67312e-06
403968,1.67312e-06
404224,1.67312e-06
404480,1.67312e-06
404736,1.65239e-06
404992,1.63509e-06
405248,1.63509e-06
405504,1.63509e-06
405760,1.62074e-06
406016,1.61608e-06
406272,1.61608e-06
406528,1.61608e-06
406784,1.61608e-06
407040,1.61608e-06
407296,1.61608e-06
407552,1.61608e-06
407808,1.61608e-06
408064,1.61608e-06
408320,1.60546e-06
408576,1.59707e-06
408832,1.59707e-06
409088,1.59707e-06
409344,1.5907e-06
409600,1.57805e-06
409856,1.57805e-06
410112,1.55972e-06
410368,1.55547e-06
410624,1.54003e-06
410880,1.52742e-06
411136,1.52101e-06
411392,1.52101e-06
411648,1.52101e-06
411904,1.52101e-06
412160,1.52101e-06
412416,1.52101e-06
412672,1.52101e-06
412928,1.52101e-06
413184,1.52101e-06
413440,1.52101e-06
413696,1.52101e-06
413952,1.52101e-06
414208,1.52101e-06
414464,1.52101e-06
414720,1.52101e-06
414976,1.52101e-06
415232,1.52101e-06
415488,1.52101e-06
415744,1.52101e-06
416000,1.52101e-06
416256,1.52101e-06
416512,1.52101e-06
416768,1.52101e-06
417024,1.52101e-06
417280,1.52101e-06
417536,1.52101e-06
417792,1.52101e-06
418048,1.52101e-06
418304,1.52101e-06
418560,1.52101e-06
418816,1.52101e-06
419072,1.52101e-06
419328,1.52101e-06
419584,1.52101e-06
419840,1.52101e-06
420096,1.52101e-06
420352,1.52101e-06
420608,1.52101e-06
420864,1.52101e-06
421120,1.52101e-06
421376,1.52101e-06
421632,1.52101e-06
421888,1.52101e-06
422144,1.52101e-06
422400,1.52101e-06
422656,1.52101e-06
422912,1.52101e-06
423168,1.52101e-06
423424,1.52101e-06
423680,1.52101e-06
423936,1.52101e-06
424192,1.52101e-06
424448,1.52101e-06
424704,1.52101e-06
424960,1.52101e-06
425216,1.52101e-06
425472,1.52101e-06
425728,1.52101e-06
425984,1.52101e-06
426240,1.52101e-06
426496,1.52101e-06
426752,1.52101e-06
427008,1.52101e-06
427264,1.52101e-06
427520,1.52101e-06
427776,1.52101e-06
428032,1.52101e-06
428288,1.52101e-06
428544,1.52101e-06
428800,1.52101e-06
429056,1.52101e-06
429312,1.52101e-06
429568,1.52101e-06
429824,1.52101e-06
430080,1.52101e-06
430336,1.52101e-06
430592,1.52101e-06
430848,1.52101e-06
431104,1.52101e-06
431360,1.52101e-06
431616,1.52101e-06
431872,1.5117e-06
432128,1.502e-06
432384,1.502e-06
432640,1.502e-06
432896,1.502e-06
433152,1.502e-06
433408,1.502e-06
433664,1.502e-06
433920,1.502e-06
434176,1.502e-06
434432,1.502e-06
434688,1.502e-06
434944,1.502e-06
435200,1.502e-06
435456,1.502e-06
435712,1.502e-06
435968,1.502e-06
436224,1.502e-06
436480,1.502e-06
436736,1.502e-06
436992,1.502e-06
437248,1.502e-06
437504,1.502e-06
437760,1.502e-06
438016,1.502e-06
438272,1.502e-06
438528,1.502e-06
438784,1.502e-06
439040,1.502e-06
439296,1.502e-06
439552,1.502e-06
439808,1.502e-06
440064,1.502e-06
440320,1.502e-06
440576,1.502e-06
440832,1.502e-06
441088,1.502e-06
441344,1.502e-06
441600,1.502e-06
441856,1.502e-06
442112,1.502e-06
442368,1.502e-06
442624,1.502e-06
442880,1.502e-06
443136,1.502e-06
443392,1.502e-06
443648,1.502e-06
443904,1.502e-06
444160,1.502e-06
444416,1.502e-06
444672,1.502e-06
444928,1.502e-06
445184,1.502e-06
445440,1.502e-06
445696,1.502e-06
445952,1.502e-06
446208,1.502e-06
446464,1.502e-06
446720,1.502e-06
446976,1.502e-06
447232,1.502e-06
447488,1.502e-06
447744,1.502e-06
448000,1.502e-06
448256,1.502e-06
448512,1.502e-06
448768,1.502e-06
449024,1.502e-06
449280,1.502e-06
449536,1.502e-06
449792,1.502e-06
450048,1.502e-06
450304,1.502e-06
450560,1.502e-06
450816,1.502e-06
451072,1.502e-06
451328,1.502e-06
451584,1.502e-06
451840,1.502e-06
452096,1.502e-06
452352,1.502e-06
452608,1.502e-06
452864,1.502e-06
453120,1.502e-06
453376,1.502e-06
453632,1.502e-06
453888,1.502e-06
454144,1.502e-06
454400,1.502e-06
454656,1.502e-06
454912,1.502e-06
455168,1.502e-06
455424,1.502e-06
455680,1.502e-06
455936,1.502e-06
456192,1.502e-06
456448,1.502e-06
456704,1.502e-06
456960,1.502e-06
457216,1.502e-06
457472,1.502e-06
457728,1.502e-06
457984,1.502e-06
458240,1.502e-06
458496,1.502e-06
458752,1.502e-06
459008,1.502e-06
459264,1.502e-06
459520,1.502e-06
459776,1.502e-06
460032,1.502e-06
460288,1.502e-06
460544,1.502e-06
460800,1.502e-06
461056,1.502e-06
461312,1.502e-06
461568,1.502e-06
461824,1.502e-06
462080,1.502e-06
462336,1.502e-06
462592,1.502e-06
462848,1.502e-06
463104,1.502e-06
463360,1.502e-06
463616,1.502e-06
463872,1.502e-06
464128,1.502e-06
464384,1.502e-06
464640,1.502e-06
464896,1.502e-06
465152,1.502e-06
465408,1.502e-06
465664,1.502e-06
465920,1.502e-06
466176,1.502e-06
466432,1.502e-06
466688,1.502e-06
466944,1.502e-06
467200,1.502e-06
467456,1.502e-06
467712,1.502e-06
467968,1.502e-06
468224,1.502e-06
468480,1.502e-06
468736,1.502e-06
468992,1.502e-06
469248,1.502e-06
469504,1.502e-06
469760,1.502e-06
470016,1.502e-06
470272,1.502e-06
470528,1.502e-06
470784,1.502e-06
471040,1.502e-06
471296,1.502e-06
471552,1.502e-06
471808,1.502e-06
472064,1.502e-06
472320,1.502e-06
472576,1.502e-06
472832,1.502e-06
473088,1.502e-06
473344,1.502e-06
473600,1.502e-06
473856,1.502e-06
474112,1.502e-06
474368,1.502e-06
474624,1.502e-06
474880,1.502e-06
475136,1.502e-06
475392,1.502e-06
475648,1.502e-06
475904,1.502e-06
476160,1.502e-06
476416,1.502e-06
476672,1.502e-06
476928,1.502e-06
477184,1.502e-06
477440,1.502e-06
477696,1.502e-06
477952,1.502e-06
478208,1.502e-06
478464,1.502e-06
478720,1.502e-06
478976,1.502e-06
479232,1.502e-06
479488,1.502e-06
479744,1.502e-06
480000,1.502e-06
480256,1.502e-06
480512,1.502e-06
480768,1.502e-06
481024,1.502e-06
481280,1.502e-06
481536,1.502e-06
481792,1.502e-06
482048,1.502e-06
482304,1.502e-06
482560,1.502e-06
482816,1.502e-06
483072,1.502e-06
483328,1.502e-06
483584,1.502e-06
483840,1.502e-06
484096,1.502e-06
484352,1.502e-06
484608,1.502e-06
484864,1.502e-06
485120,1.502e-06
485376,1.502e-06
485632,1.502e-06
485888,1.502e-06
486144,1.502e-06
486400,1.502e-06
486656,1.502e-06
486912,1.502e-06
487168,1.502e-06
487424,1.502e-06
487680,1.502e-06
487936,1.502e-06
488192,1.502e-06
488448,1.502e-06
488704,1.502e-06
488960,1.502e-06
489216,1.502e-06
489472,1.502e-06
489728,1.502e-06
489984,1.502e-06
490240,1.502e-06
490496,1.502e-06
490752,1.502e-06
491008,1.502e-06
491264,1.502e-06
491520,1.502e-06
491776,1.502e-06
492032,1.502e-06
492288,1.502e-06
492544,1.502e-06
492800,1.502e-06
493056,1.502e-06
493312,1.502e-06
493568,1.502e-06
493824,1.502e-06
494080,1.502e-06
494336,1.502e-06
494592,1.502e-06
494848,1.502e-06
495104,1.502e-06
495360,1.502e-06
495616,1.502e-06
495872,1.502e-06
496128,1.502e-06
496384,1.502e-06
496640,1.502e-06
496896,1.502e-06
497152,1.502e-06
497408,1.502e-06
497664,1.502e-06
497920,1.502e-06
498176,1.502e-06
498432,1.502e-06
498688,1.502e-06
498944,1.502e-06
499200,1.502e-06
499456,1.502e-06
499712,1.502e-06
499968,1.502e-06
500224,1.502e-06
500480,1.502e-06
500736,1.502e-06
500992,1.502e-06
501248,1.502e-06
501504,1.502e-06
501760,1.502e-06
502016,1.502e-06
502272,1.502e-06
502528,1.502e-06
502784,1.502e-06
503040,1.502e-06
503296,1.502e-06
503552,1.502e-06
503808,1.502e-06
504064,1.502e-06
504320,1.502e-06
504576,1.502e-06
504832,1.502e-06
505088,1.502e-06
505344,1.502e-06
505600,1.502e-06
505856,1.502e-06
506112,1.502e-06
506368,1.502e-06
506624,1.502e-06
506880,1.502e-06
507136,1.502e-06
507392,1.502e-06
507648,1.502e-06
507904,1.502e-06
508160,1.502e-06
508416,1.502e-06
508672,1.502e-06
508928,1.502e-06
509184,1.502e-06
509440,1.502e-06
509696,1.502e-06
509952,1.502e-06
510208,1.502e-06
510464,1.502e-06
510720,1.502e-06
510976,1.502e-06
511232,1.502e-06
511488,1.502e-06
511744,1.502e-06
512000,1.502e-06
512256,1.502e-06
512512,1.502e-06
512768,1.502e-06
513024,1.502e-06
513280,1.502e-06
513536,1.502e-06
513792,1.502e-06
514048,1.502e-06
514304,1.502e-06
514560,1.502e-06
514816,1.502e-06
515072,1.502e-06
515328,1.502e-06
515584,1.502e-06
515840,1.502e-06
516096,1.502e-06
516352,1.502e-06
516608,1.502e-06
516864,1.502e-06
517120,1.502e-06
517376,1.502e-06
517632,1.502e-06
517888,1.502e-06
518144,1.502e-06
518400,1.502e-06
518656,1.502e-06
518912,1.502e-06
519168,1.502e-06
519424,1.502e-06
519680,1.502e-06
519936,1.502e-06
520192,1.502e-06
520448,1.502e-06
520704,1.502e-06
520960,1.502e-06
521216,1.502e-06
521472,1.502e-06
521728,1.502e-06
521984,1.502e-06
522240,1.502e-06
522496,1.502e-06
522752,1.502e-06
523008,1.502e-06
523264,1.502e-06
523520,1.502e-06
523776,1.502e-06
524032,1.502e-06
524288,1.502e-06
524544,1.502e-06
524800,1.502e-06
525056,1.502e-06
525312,1.502e-06
525568,1.502e-06
525824,1.502e-06
526080,1.502e-06
526336,1.502e-06
526592,1.502e-06
526848,1.502e-06
527104,1.502e-06
527360,1.502e-06
527616,1.502e-06
527872,1.502e-06
528128,1.502e-06
528384,1.502e-06
528640,1.502e-06
528896,1.502e-06
529152,1.502e-06
529408,1.502e-06
529664,1.502e-06
529920,1.502e-06
530176,1.502e-06
530432,1.502e-06
530688,1.502e-06
530944,1.502e-06
531200,1.502e-06
531456,1.502e-06
531712,1.502e-06
531968,1.502e-06
532224,1.502e-06
532480,1.502e-06
532736,1.502e-06
532992,1.502e-06
533248,1.502e-06
533504,1.502e-06
533760,1.502e-06
534016,1.502e-06
534272,1.502e-06
534528,1.502e-06
534784,1.502e-06
535040,1.502e-06
535296,1.502e-06
535552,1.502e-06
535808,1.502e-06
536064,1.502e-06
536320,1.502e-06
536576,1.502e-06
536832,1.502e-06
537088,1.502e-06
537344,1.502e-06
537600,1.502e-06
537856,1.502e-06
538112,1.502e-06
538368,1.502e-06
538624,1.502e-06
538880,1.502e-06
539136,1.502e-06
539392,1.502e-06
539648,1.502e-06
539904,1.502e-06
540160,1.502e-06
540416,1.502e-06
540672,1.502e-06
540928,1.502e-06
541184,1.502e-06
541440,1.502e-06
541696,1.502e-06
541952,1.502e-06
542208,1.502e-06
542464,1.502e-06
542720,1.502e-06
542976,1.502e-06
543232,1.502e-06
543488,1.502e-06
543744,1.502e-06
544000,1.502e-06
544256,1.502e-06
544512,1.502e-06
544768,1.502e-06
545024,1.502e-06
545280,1.502e-06
545536,1.502e-06
545792,1.502e-06
546048,1.502e-06
546304,1.502e-06
546560,1.502e-06
546816,1.502e-06
547072,1.502e-06
547328,1.502e-06
547584,1.502e-06
547840,1.502e-06
548096,1.502e-06
548352,1.502e-06
548608,1.502e-06
548864,1.502e-06
549120,1.502e-06
549376,1.502e-06
549632,1.502e-06
549888,1.502e-06
550144,1.502e-06
550400,1.502e-06
550656,1.502e-06
550912,1.502e-06
551168,1.502e-06
551424,1.502e-06
551680,1.502e-06
551936,1.502e-06
552192,1.502e-06
552448,1.502e-06
552704,1.502e-06
552960,1.502e-06
553216,1.502e-06
553472,1.502e-06
553728,1.502e-06
553984,1.502e-06
554240,1.502e-06
554496,1.502e-06
554752,1.502e-06
555008,1.502e-06
555264,1.502e-06
555520,1.502e-06
555776,1.502e-06
556032,1.502e-06
556288,1.502e-06
556544,1.502e-06
556800,1.502e-06
557056,1.502e-06
557312,1.502e-06
557568,1.502e-06
557824,1.502e-06
558080,1.502e-06
558336,1.502e-06
558592,1.502e-06
558848,1.502e-06
559104,1.502e-06
559360,1.502e-06
559616,1.502e-06
559872,1.502e-06
560128,1.502e-06
560384,1.502e-06
560640,1.502e-06
560896,1.502e-06
561152,1.502e-06
561408,1.502e-06
561664,1.502e-06
561920,1.502e-06
562176,1.502e-06
562432,1.502e-06
562688,1.502e-06
562944,1.502e-06
563200,1.502e-06
563456,1.502e-06
563712,1.502e-06
563968,1.502e-06
564224,1.502e-06
564480,1.502e-06
564736,1.502e-06
564992,1.502e-06
565248,1.502e-06
565504,1.502e-06
565760,1.502e-06
566016,1.502e-06
566272,1.502e-06
566528,1.502e-06
566784,1.502e-06
567040,1.502e-06
567296,1.502e-06
567552,1.502e-06
567808,1.502e-06
568064,1.502e-06
568320,1.502e-06
568576,1.502e-06
568832,1.502e-06
569088,1.502e-06
569344,1.502e-06
569600,1.502e-06
569856,1.502e-06
570112,1.502e-06
570368,1.502e-06
570624,1.502e-06
570880,1.502e-06
571136,1.502e-06
571392,1.502e-06
571648,1.502e-06
571904,1.502e-06
572160,1.502e-06
572416,1.502e-06
572672,1.502e-06
572928,1.502e-06
573184,1.502e-06
573440,1.502e-06
573696,1.502e-06
573952,1.502e-06
574208,1.502e-06
574464,1.502e-06
574720,1.502e-06
574976,1.502e-06
575232,1.502e-06
575488,1.502e-06
575744,1.502e-06
576000,1.502e-06
576256,1.502e-06
576512,1.502e-06
576768,1.502e-06
577024,1.502e-06
577280,1.502e-06
577536,1.502e-06
577792,1.502e-06
578048,1.502e-06
578304,1.502e-06
578560,1.502e-06
578816,1.502e-06
579072,1.502e-06
579328,1.502e-06
579584,1.502e-06
579840,1.502e-06
580096,1.502e-06
580352,1.502e-06
580608,1.502e-06
580864,1.502e-06
581120,1.502e-06
581376,1.502e-06
581632,1.502e-06
581888,1.502e-06
582144,1.502e-06
582400,1.502e-06
582656,1.502e-06
582912,1.502e-06
583168,1.502e-06
583424,1.502e-06
583680,1.502e-06
583936,1.502e-06
584192,1.502e-06
584448,1.502e-06
584704,1.502e-06
584960,1.502e-06
585216,1.502e-06
585472,1.502e-06
585728,1.502e-06
585984,1.502e-06
586240,1.502e-06
586496,1.502e-06
586752,1.502e-06
587008,1.502e-06
587264,1.502e-06
587520,1.502e-06
587776,1.502e-06
588032,1.502e-06
588288,1.502e-06
588544,1.502e-06
588800,1.502e-06
589056,1.502e-06
589312,1.502e-06
589568,1.502e-06
589824,1.502e-06
590080,1.502e-06
590336,1.502e-06
590592,1.502e-06
590848,1.502e-06
591104,1.502e-06
591360,1.502e-06
591616,1.502e-06
591872,1.502e-06
592128,1.502e-06
592384,1.502e-06
592640,1.502e-06
592896,1.502e-06
593152,1.502e-06
593408,1.502e-06
593664,1.502e-06
593920,1.502e-06
594176,1.502e-06
594432,1.502e-06
594688,1.502e-06
594944,1.502e-06
595200,1.502e-06
595456,1.502e-06
595712,1.502e-06
595968,1.502e-06
596224,1.502e-06
596480,1.502e-06
596736,1.502e-06
596992,1.502e-06
597248,1.502e-06
597504,1.502e-06
597760,1.502e-06
598016,1.502e-06
598272,1.502e-06
598528,1.502e-06
598784,1.502e-06
599040,1.502e-06
599296,1.502e-06
599552,1.502e-06
599808,1.502e-06
600064,1.502e-06
600320,1.502e-06
600576,1.502e-06
600832,1.502e-06
601088,1.502e-06
601344,1.502e-06
601600,1.502e-06
601856,1.502e-06
602112,1.502e-06
602368,1.502e-06
602624,1.502e-06
602880,1.502e-06
603136,1.502e-06
603392,1.502e-06
603648,1.502e-06
603904,1.502e-06
604160,1.502e-06
604416,1.502e-06
604672,1.502e-06
604928,1.502e-06
605184,1.502e-06
605440,1.502e-06
605696,1.502e-06
605952,1.502e-06
606208,1.502e-06
606464,1.502e-06
606720,1.502e-06
606976,1.502e-06
607232,1.502e-06
607488,1.502e-06
607744,1.502e-06
608000,1.502e-06
608256,1.502e-06
608512,1.502e-06
608768,1.502e-06
609024,1.502e-06
609280,1.502e-06
609536,1.502e-06
609792,1.502e-06
610048,1.502e-06
610304,1.502e-06
610560,1.502e-06
610816,1.502e-06
611072,1.502e-06
611328,1.502e-06
611584,1.502e-06
611840,1.502e-06
612096,1.502e-06
612352,1.502e-06
612608,1.502e-06
612864,1.502e-06
613120,1.502e-06
613376,1.502e-06
613632,1.502e-06
613888,1.502e-06
614144,1.502e-06
614400,1.502e-06
614656,1.502e-06
614912,1.502e-06
615168,1.502e-06
615424,1.502e-06
615680,1.502e-06
615936,1.502e-06
616192,1.502e-06
616448,1.502e-06
616704,1.502e-06
616960,1.502e-06
617216,1.502e-06
617472,1.502e-06
617728,1.502e-06
617984,1.502e-06
618240,1.502e-06
618496,1.502e-06
618752,1.502e-06
619008,1.502e-06
619264,1.502e-06
619520,1.502e-06
619776,1.502e-06
620032,1.502e-06
620288,1.502e-06
620544,1.502e-06
620800,1.502e-06
621056,1.502e-06
621312,1.502e-06
621568,1.502e-06
621824,1.502e-06
622080,1.502e-06
622336,1.502e-06
622592,1.502e-06
622848,1.502e-06
623104,1.502e-06
623360,1.502e-06
623616,1.502e-06
623872,1.502e-06
624128,1.502e-06
624384,1.502e-06
624640,1.502e-06
624896,1.502e-06
625152,1.502e-06
625408,1.502e-06
625664,1.502e-06
625920,1.502e-06
626176,1.502e-06
626432,1.502e-06
626688,1.502e-06
626944,1.502e-06
627200,1.502e-06
627456,1.502e-06
627712,1.502e-06
627968,1.502e-06
628224,1.502e-06
628480,1.502e-06
628736,1.502e-06
628992,1.502e-06
629248,1.502e-06
629504,1.502e-06
629760,1.502e-06
630016,1.502e-06
630272,1.502e-06
630528,1.502e-06
630784,1.502e-06
631040,1.502e-06
631296,1.502e-06
631552,1.502e-06
631808,1.502e-06
632064,1.502e-06
632320,1.502e-06
632576,1.502e-06
632832,1.502e-06
633088,1.502e-06
633344,1.502e-06
633600,1.502e-06
633856,1.502e-06
634112,1.502e-06
634368,1.502e-06
634624,1.502e-06
634880,1.502e-06
635136,1.502e-06
635392,1.502e-06
635648,1.502e-06
635904,1.502e-06
636160,1.502e-06
636416,1.502e-06
636672,1.502e-06
636928,1.502e-06
637184,1.502e-06
637440,1.502e-06
637696,1.502e-06
637952,1.502e-06
638208,1.502e-06
638464,1.502e-06
638720,1.502e-06
638976,1.502e-06
639232,1.502e-06
639488,1.502e-06
639744,1.502e-06
640000,1.502e-06
640256,1.502e-06
640512,1.502e-06
640768,1.502e-06
641024,1.502e-06
641280,1.502e-06
641536,1.502e-06
641792,1.502e-06
642048,1.502e-06
642304,1.502e-06
642560,1.502e-06
642816,1.502e-06
643072,1.502e-06
643328,1.502e-06
643584,1.502e-06
643840,1.502e-06
644096,1.502e-06
644352,1.502e-06
644608,1.502e-06
644864,1.502e-06
645120,1.502e-06
645376,1.502e-06
645632,1.502e-06
645888,1.502e-06
646144,1.502e-06
646400,1.502e-06
646656,1.502e-06
646912,1.502e-06
647168,1.502e-06
647424,1.502e-06
647680,1.502e-06
647936,1.502e-06
648192,1.502e-06
648448,1.502e-06
648704,1.502e-06
648960,1.502e-06
649216,1.502e-06
649472,1.502e-06
649728,1.502e-06
649984,1.502e-06
650240,1.502e-06
650496,1.502e-06
650752,1.502e-06
651008,1.502e-06
651264,1.502e-06
651520,1.502e-06
651776,1.502e-06
652032,1.502e-06
652288,1.502e-06
652544,1.502e-06
652800,1.502e-06
653056,1.502e-06
653312,1.502e-06
653568,1.502e-06
653824,1.502e-06
654080,1.502e-06
654336,1.502e-06
654592,1.502e-06
654848,1.502e-06
655104,1.502e-06
655360,1.502e-06
655616,1.502e-06
655872,1.502e-06
656128,1.502e-06
656384,1.502e-06
656640,1.502e-06
656896,1.502e-06
657152,1.502e-06
657408,1.502e-06
657664,1.502e-06
657920,1.502e-06
658176,1.502e-06
658432,1.502e-06
658688,1.502e-06
658944,1.502e-06
659200,1.502e-06
659456,1.502e-06
659712,1.502e-06
659968,1.502e-06
660224,1.502e-06
660480,1.502e-06
660736,1.502e-06
660992,1.502e-06
661248,1.502e-06
661504,1.502e-06
661760,1.502e-06
662016,1.502e-06
662272,1.502e-06
662528,1.502e-06
662784,1.502e-06
663040,1.502e-06
663296,1.502e-06
663552,1.502e-06
663808,1.502e-06
664064,1.502e-06
664320,1.502e-06
664576,1.502e-06
664832,1.502e-06
665088,1.502e-06
665344,1.502e-06
665600,1.502e-06
665856,1.502e-06
666112,1.502e-06
666368,1.502e-06
666624,1.502e-06
666880,1.502e-06
667136,1.502e-06
667392,1.502e-06
667648,1.502e-06
667904,1.502e-06
668160,1.502e-06
668416,1.502e-06
668672,1.502e-06
668928,1.502e-06
669184,1.502e-06
669440,1.502e-06
669696,1.502e-06
669952,1.502e-06
670208,1.502e-06
670464,1.502e-06
670720,1.502e-06
670976,1.502e-06
671232,1.502e-06
671488,1.502e-06
671744,1.502e-06
672000,1.502e-06
672256,1.502e-06
672512,1.502e-06
672768,1.502e-06
673024,1.502e-06
673280,1.502e-06
673536,1.502e-06
673792,1.502e-06
674048,1.502e-06
674304,1.502e-06
674560,1.502e-06
674816,1.502e-06
675072,1.502e-06
675328,1.502e-06
675584,1.502e-06
675840,1.502e-06
676096,1.502e-06
676352,1.502e-06
676608,1.502e-06
676864,1.502e-06
677120,1.502e-06
677376,1.502e-06
677632,1.502e-06
677888,1.502e-06
678144,1.502e-06
678400,1.502e-06
678656,1.502e-06
678912,1.502e-06
679168,1.502e-06
679424,1.502e-06
679680,1.502e-06
679936,1.502e-06
680192,1.502e-06
680448,1.502e-06
680704,1.502e-06
680960,1.502e-06
681216,1.502e-06
681472,1.502e-06
681728,1.502e-06
681984,1.502e-06
682240,1.502e-06
682496,1.502e-06
682752,1.502e-06
683008,1.502e-06
683264,1.502e-06
683520,1.502e-06
683776,1.502e-06
684032,1.502e-06
684288,1.502e-06
684544,1.502e-06
684800,1.502e-06
685056,1.502e-06
685312,1.502e-06
685568,1.502e-06
685824,1.502e-06
686080,1.502e-06
686336,1.502e-06
686592,1.502e-06
686848,1.502e-06
687104,1.502e-06
687360,1.502e-06
687616,1.502e-06
687872,1.502e-06
688128,1.502e-06
688384,1.502e-06
688640,1.502e-06
688896,1.502e-06
689152,1.502e-06
689408,1.502e-06
689664,1.502e-06
689920,1.502e-06
690176,1.502e-06
690432,1.502e-06
690688,1.502e-06
690944,1.502e-06
691200,1.502e-06
691456,1.502e-06
691712,1.502e-06
691968,1.502e-06
692224,1.502e-06
692480,1.502e-06
692736,1.502e-06
692992,1.502e-06
693248,1.502e-06
693504,1.502e-06
693760,1.502e-06
694016,1.502e-06
694272,1.502e-06
694528,1.502e-06
694784,1.502e-06
695040,1.502e-06
695296,1.502e-06
695552,1.502e-06
695808,1.502e-06
696064,1.502e-06
696320,1.502e-06
696576,1.502e-06
696832,1.502e-06
697088,1.502e-06
697344,1.502e-06
697600,1.502e-06
697856,1.502e-06
698112,1.502e-06
698368,1.502e-06
698624,1.502e-06
698880,1.502e-06
699136,1.502e-06
699392,1.502e-06
699648,1.502e-06
699904,1.502e-06
700160,1.502e-06
700416,1.502e-06
700672,1.502e-06
700928,1.502e-06
701184,1.502e-06
701440,1.502e-06
701696,1.502e-06
701952,1.502e-06
702208,1.502e-06
702464,1.502e-06
702720,1.502e-06
702976,1.502e-06
703232,1.502e-06
703488,1.502e-06
703744,1.502e-06
704000,1.502e-06
704256,1.502e-06
704512,1.502e-06
704768,1.502e-06
705024,1.502e-06
705280,1.502e-06
705536,1.502e-06
705792,1.502e-06
706048,1.502e-06
706304,1.502e-06
706560,1.502e-06
706816,1.502e-06
707072,1.502e-06
707328,1.502e-06
707584,1.502e-06
707840,1.502e-06
708096,1.502e-06
708352,1.502e-06
708608,1.502e-06
708864,1.502e-06
709120,1.502e-06
709376,1.502e-06
709632,1.502e-06
709888,1.502e-06
710144,1.502e-06
710400,1.502e-06
710656,1.502e-06
710912,1.502e-06
711168,1.502e-06
711424,1.502e-06
711680,1.502e-06
711936,1.502e-06
712192,1.502e-06
712448,1.502e-06
712704,1.502e-06
712960,1.502e-06
713216,1.502e-06
713472,1.502e-06
713728,1.502e-06
713984,1.502e-06
714240,1.502e-06
714496,1.502e-06
714752,1.502e-06
715008,1.502e-06
715264,1.502e-06
715520,1.502e-06
715776,1.502e-06
716032,1.502e-06
716288,1.502e-06
716544,1.502e-06
716800,1.502e-06
717056,1.502e-06
717312,1.502e-06
717568,1.502e-06
717824,1.502e-06
718080,1.502e-06
718336,1.502e-06
718592,1.502e-06
718848,1.502e-06
719104,1.502e-06
719360,1.502e-06
719616,1.502e-06
719872,1.502e-06
720128,1.502e-06
720384,1.502e-06
720640,1.502e-06
720896,1.502e-06
721152,1.502e-06
721408,1.502e-06
721664,1.502e-06
721920,1.502e-06
722176,1.502e-06
722432,1.502e-06
722688,1.502e-06
722944,1.502e-06
723200,1.502e-06
723456,1.502e-06
723712,1.502e-06
723968,1.502e-06
724224,1.502e-06
724480,1.502e-06
724736,1.502e-06
724992,1.502e-06
725248,1.502e-06
725504,1.502e-06
725760,1.502e-06
726016,1.502e-06
726272,1.502e-06
726528,1.502e-06
726784,1.502e-06
727040,1.502e-06
727296,1.502e-06
727552,1.502e-06
727808,1.502e-06
728064,1.502e-06
728320,1.502e-06
728576,1.502e-06
728832,1.502e-06
729088,1.502e-06
729344,1.502e-06
729600,1.502e-06
729856,1.502e-06
730112,1.502e-06
730368,1.502e-06
730624,1.502e-06
730880,1.502e-06
731136,1.502e-06
731392,1.502e-06
731648,1.502e-06
731904,1.502e-06
732160,1.502e-06
732416,1.502e-06
732672,1.502e-06
732928,1.502e-06
733184,1.502e-06
733440,1.502e-06
733696,1.502e-06
733952,1.502e-06
734208,1.502e-06
734464,1.502e-06
734720,1.502e-06
734976,1.502e-06
735232,1.502e-06
735488,1.502e-06
735744,1.502e-06
736000,1.502e-06
736256,1.502e-06
736512,1.502e-06
736768,1.502e-06
737024,1.502e-06
737280,1.502e-06
737536,1.502e-06
737792,1.502e-06
738048,1.502e-06
738304,1.502e-06
738560,1.502e-06
738816,1.502e-06
739072,1.502e-06
739328,1.502e-06
739584,1.502e-06
739840,1.502e-06
740096,1.502e-06
740352,1.502e-06
740608,1.502e-06
740864,1.502e-06
741120,1.502e-06
741376,1.502e-06
741632,1.502e-06
741888,1.502e-06
742144,1.502e-06
742400,1.502e-06
742656,1.502e-06
742912,1.502e-06
743168,1.502e-06
743424,1.502e-06
743680,1.502e-06
743936,1.502e-06
744192,1.502e-06
744448,1.502e-06
744704,1.502e-06
744960,1.502e-06
745216,1.502e-06
745472,1.502e-06
745728,1.502e-06
745984,1.502e-06
746240,1.502e-06
746496,1.502e-06
746752,1.502e-06
747008,1.502e-06
747264,1.502e-06
747520,1.502e-06
747776,1.502e-06
748032,1.502e-06
748288,1.502e-06
748544,1.502e-06
748800,1.502e-06
749056,1.502e-06
749312,1.502e-06
749568,1.502e-06
749824,1.502e-06
750080,1.502e-06
750336,1.502e-06
750592,1.502e-06
750848,1.502e-06
751104,1.502e-06
751360,1.502e-06
751616,1.502e-06
751872,1.502e-06
752128,1.502e-06
752384,1.502e-06
752640,1.502e-06
752896,1.502e-06
753152,1.502e-06
753408,1.502e-06
753664,1.502e-06
753920,1.502e-06
754176,1.502e-06
754432,1.502e-06
754688,1.502e-06
754944,1.502e-06
755200,1.502e-06
755456,1.502e-06
755712,1.502e-06
755968,1.502e-06
756224,1.502e-06
756480,1.502e-06
756736,1.502e-06
756992,1.502e-06
757248,1.502e-06
757504,1.502e-06
757760,1.502e-06
758016,1.502e-06
758272,1.502e-06
758528,1.502e-06
758784,1.502e-06
759040,1.502e-06
759296,1.502e-06
759552,1.502e-06
759808,1.502e-06
760064,1.502e-06
760320,1.502e-06
760576,1.502e-06
760832,1.502e-06
761088,1.502e-06
761344,1.502e-06
761600,1.502e-06
761856,1.502e-06
762112,1.502e-06
762368,1.502e-06
762624,1.502e-06
762880,1.502e-06
763136,1.502e-06
763392,1.502e-06
763648,1.502e-06
763904,1.502e-06
764160,1.502e-06
764416,1.502e-06
764672,1.502e-06
764928,1.502e-06
765184,1.502e-06
765440,1.502e-06
765696,1.502e-06
765952,1.502e-06
766208,1.502e-06
766464,1.502e-06
766720,1.502e-06
766976,1.502e-06
767232,1.502e-06
767488,1.502e-06
767744,1.502e-06
768000,1.502e-06
768256,1.502e-06
768512,1.502e-06
768768,1.502e-06
769024,1.502e-06
769280,1.502e-06
769536,1.502e-06
769792,1.502e-06
770048,1.502e-06
770304,1.502e-06
770560,1.502e-06
770816,1.502e-06
771072,1.502e-06
771328,1.502e-06
771584,1.502e-06
771840,1.502e-06
772096,1.502e-06
772352,1.502e-06
772608,1.502e-06
772864,1.502e-06
773120,1.502e-06
773376,1.502e-06
773632,1.502e-06
773888,1.502e-06
774144,1.502e-06
774400,1.502e-06
774656,1.502e-06
774912,1.502e-06
775168,1.502e-06
775424,1.502e-06
775680,1.502e-06
775936,1.502e-06
776192,1.502e-06
776448,1.502e-06
776704,1.502e-06
776960,1.502e-06
777216,1.502e-06
777472,1.502e-06
777728,1.502e-06
777984,1.502e-06
778240,1.502e-06
778496,1.502e-06
778752,1.502e-06
779008,1.502e-06
779264,1.502e-06
779520,1.502e-06
779776,1.502e-06
780032,1.502e-06
780288,1.502e-06
780544,1.502e-06
780800,1.502e-06
781056,1.502e-06
781312,1.502e-06
781568,1.502e-06
781824,1.502e-06
782080,1.502e-06
782336,1.502e-06
782592,1.502e-06
782848,1.502e-06
783104,1.502e-06
783360,1.502e-06
783616,1.502e-06
783872,1.502e-06
784128,1.502e-06
784384,1.502e-06
784640,1.502e-06
784896,1.502e-06
785152,1.502e-06
785408,1.502e-06
785664,1.502e-06
785920,1.502e-06
786176,1.502e-06
786432,1.502e-06
786688,1.502e-06
786944,1.502e-06
787200,1.502e-06
787456,1.502e-06
787712,1.502e-06
787968,1.502e-06
788224,1.502e-06
788480,1.502e-06
788736,1.502e-06
788992,1.502e-06
789248,1.502e-06
789504,1.502e-06
789760,1.502e-06
