cache_lines,MRC
256,0.326641
512,0.323619
768,0.321808
1024,0.320326
1280,0.318336
1536,0.317313
1792,0.316769
2048,0.316257
2304,0.315789
2560,0.315147
2816,0.314652
3072,0.313555
3328,0.311781
3584,0.309988
3840,0.308148
4096,0.306332
4352,0.304305
4608,0.302443
4864,0.300627
5120,0.299891
5376,0.299666
5632,0.299453
5888,0.299262
6144,0.299074
6400,0.298885
6656,0.298723
6912,0.298565
7168,0.298405
7424,0.298247
7680,0.298105
7936,0.297973
8192,0.297796
8448,0.297593
8704,0.297423
8960,0.297278
9216,0.29714
9472,0.296939
9728,0.296484
9984,0.295803
10240,0.295295
10496,0.294948
10752,0.29466
11008,0.294411
11264,0.294201
11520,0.294007
11776,0.29382
12032,0.293648
12288,0.293489
12544,0.293336
12800,0.293194
13056,0.293058
13312,0.29292
13568,0.292793
13824,0.292666
14080,0.292544
14336,0.292408
14592,0.292271
14848,0.292152
15104,0.292033
15360,0.291918
15616,0.29181
15872,0.291703
16128,0.291601
16384,0.291491
16640,0.291377
16896,0.291274
17152,0.291058
17408,0.290771
17664,0.290559
17920,0.290374
18176,0.290213
18432,0.290038
18688,0.289869
18944,0.28973
19200,0.289587
19456,0.289437
19712,0.289297
19968,0.289155
20224,0.289015
20480,0.28887
20736,0.288717
20992,0.288515
21248,0.288323
21504,0.288162
21760,0.28802
22016,0.287886
22272,0.287759
22528,0.287634
22784,0.287507
23040,0.287368
23296,0.287209
23552,0.287024
23808,0.286812
24064,0.286578
24320,0.286326
24576,0.286068
24832,0.285815
25088,0.285581
25344,0.28536
25600,0.285143
25856,0.284945
26112,0.284749
26368,0.284544
26624,0.284308
26880,0.284039
27136,0.28357
27392,0.281565
27648,0.279148
27904,0.276492
28160,0.274122
28416,0.272089
28672,0.270317
28928,0.268808
29184,0.267509
29440,0.266364
29696,0.265341
29952,0.264408
30208,0.263423
30464,0.26106
30720,0.256414
30976,0.250771
31232,0.244259
31488,0.238179
31744,0.232759
32000,0.228192
32256,0.224351
32512,0.220931
32768,0.217781
33024,0.214782
33280,0.211998
33536,0.209305
33792,0.206745
34048,0.204284
34304,0.201879
34560,0.199532
34816,0.197197
35072,0.194923
35328,0.192683
35584,0.190433
35840,0.188098
36096,0.185694
36352,0.182985
36608,0.179599
36864,0.175275
37120,0.171587
37376,0.168605
37632,0.165498
37888,0.16232
38144,0.158945
38400,0.155799
38656,0.152697
38912,0.149549
39168,0.146771
39424,0.144282
39680,0.141925
39936,0.139551
40192,0.137101
40448,0.134525
40704,0.131842
40960,0.12936
41216,0.127081
41472,0.124996
41728,0.123023
41984,0.121172
42240,0.119372
42496,0.117685
42752,0.116041
43008,0.11446
43264,0.112931
43520,0.111366
43776,0.109439
44032,0.107459
44288,0.105563
44544,0.103796
44800,0.102128
45056,0.100542
45312,0.0990331
45568,0.0975874
45824,0.0962167
46080,0.0945478
46336,0.0922503
46592,0.089676
46848,0.0872092
47104,0.0849747
47360,0.0829662
47616,0.0811563
47872,0.0794334
48128,0.0777921
48384,0.0761129
48640,0.0744259
48896,0.072754
49152,0.071121
49408,0.0695947
49664,0.0680712
49920,0.0664846
50176,0.0647506
50432,0.0627342
50688,0.0603878
50944,0.0583061
51200,0.0563682
51456,0.0544214
51712,0.0525339
51968,0.0507455
52224,0.049083
52480,0.0475043
52736,0.0460143
52992,0.0444476
53248,0.0426768
53504,0.0409229
53760,0.0392588
54016,0.0377818
54272,0.0364324
54528,0.0351678
54784,0.0339786
55040,0.0328019
55296,0.0316285
55552,0.0305524
55808,0.0295968
56064,0.0286333
56320,0.0277098
56576,0.0268527
56832,0.0259558
57088,0.025127
57344,0.0243439
57600,0.0236383
57856,0.0229411
58112,0.0222323
58368,0.0215654
58624,0.0209631
58880,0.0203667
59136,0.0197547
59392,0.0191457
59648,0.0186191
59904,0.0180895
60160,0.0175553
60416,0.0170535
60672,0.0165907
60928,0.0161465
61184,0.0157182
61440,0.0153035
61696,0.0149074
61952,0.0145313
62208,0.0141591
62464,0.0138321
62720,0.0135216
62976,0.0132329
63232,0.0129494
63488,0.012681
63744,0.0124401
64000,0.0122218
64256,0.0120106
64512,0.0118093
64768,0.0116094
65024,0.0114294
65280,0.0112553
65536,0.0110922
65792,0.0109246
66048,0.0107634
66304,0.0106002
66560,0.0104537
66816,0.0103104
67072,0.0101611
67328,0.0100284
67584,0.0099071
67840,0.00977505
68096,0.00964631
68352,0.00951608
68608,0.00938946
68864,0.00926226
69120,0.00912881
69376,0.00900539
69632,0.00888096
69888,0.00876037
70144,0.008639
70400,0.00852698
70656,0.00841599
70912,0.00831224
71168,0.00821604
71424,0.00812026
71680,0.00802501
71936,0.00792789
72192,0.0078325
72448,0.00774281
72704,0.0076559
72960,0.00757425
73216,0.00749146
73472,0.00741075
73728,0.00733137
73984,0.00725417
74240,0.00717721
74496,0.00710355
74752,0.00703564
75008,0.00696651
75264,0.00690026
75520,0.0068385
75776,0.0067724
76032,0.006708
76288,0.00664803
76544,0.00659106
76800,0.00653279
77056,0.00647265
77312,0.00641523
77568,0.00635761
77824,0.0063
78080,0.00624143
78336,0.00618273
78592,0.00612552
78848,0.00606953
79104,0.00601463
79360,0.00595875
79616,0.00590748
79872,0.00585298
80128,0.00580173
80384,0.00575194
80640,0.00570319
80896,0.00565182
81152,0.0056026
81408,0.00555061
81664,0.00550312
81920,0.00545727
82176,0.00540946
82432,0.00536299
82688,0.00531532
82944,0.0052687
83200,0.00522016
83456,0.00517525
83712,0.00512928
83968,0.0050816
84224,0.00503541
84480,0.00499282
84736,0.00494634
84992,0.00489989
85248,0.00485481
85504,0.00481248
85760,0.0047695
86016,0.00472454
86272,0.00468387
86528,0.00464098
86784,0.00460076
87040,0.00455978
87296,0.00451735
87552,0.00447376
87808,0.00443338
88064,0.00439277
88320,0.00435478
88576,0.00431395
88832,0.00427366
89088,0.00423356
89344,0.00419582
89600,0.00416142
89856,0.00412649
90112,0.0040904
90368,0.00405437
90624,0.00401754
90880,0.00397913
91136,0.00394484
91392,0.0039082
91648,0.00387102
91904,0.00383622
92160,0.00380256
92416,0.00377096
92672,0.0037383
92928,0.00370707
93184,0.00367344
93440,0.00364459
93696,0.00361237
93952,0.00358039
94208,0.00354953
94464,0.0035181
94720,0.00348925
94976,0.00346094
95232,0.00343134
95488,0.00340252
95744,0.00337615
96000,0.00334961
96256,0.00331974
96512,0.00329185
96768,0.00326231
97024,0.00323443
97280,0.00320607
97536,0.00317914
97792,0.00315377
98048,0.00312534
98304,0.00310034
98560,0.00307093
98816,0.0030451
99072,0.0030169
99328,0.00299306
99584,0.00296888
99840,0.00294491
100096,0.00292055
100352,0.00289655
100608,0.00287322
100864,0.0028474
101120,0.00282313
101376,0.00279923
101632,0.00277765
101888,0.00275616
102144,0.00273317
102400,0.0027099
102656,0.00268666
102912,0.00266481
103168,0.00264381
103424,0.00262143
103680,0.00259918
103936,0.00257959
104192,0.00255979
104448,0.00254034
104704,0.00251744
104960,0.00249722
105216,0.00247691
105472,0.00245912
105728,0.00243811
105984,0.00241878
106240,0.00239982
106496,0.00238083
106752,0.00236053
107008,0.00234067
107264,0.00231829
107520,0.00229674
107776,0.00227754
108032,0.00225882
108288,0.00224101
108544,0.00222224
108800,0.00220203
109056,0.00218543
109312,0.00216926
109568,0.00215253
109824,0.00213516
110080,0.00211724
110336,0.00210096
110592,0.00208186
110848,0.00206451
111104,0.00204681
111360,0.00203012
111616,0.00201403
111872,0.00199566
112128,0.00197874
112384,0.00196421
112640,0.0019474
112896,0.00193021
113152,0.00191283
113408,0.001896
113664,0.00188055
113920,0.00186415
114176,0.00184769
114432,0.00183482
114688,0.00182033
114944,0.00180369
115200,0.00178959
115456,0.00177329
115712,0.00175768
115968,0.00174269
116224,0.00172801
116480,0.00171264
116736,0.00169768
116992,0.00168469
117248,0.00167043
117504,0.00165518
117760,0.00164283
118016,0.00162773
118272,0.00161464
118528,0.00160036
118784,0.00158557
119040,0.00157178
119296,0.00155824
119552,0.00154411
119808,0.00153046
120064,0.00151493
120320,0.00150186
120576,0.00149033
120832,0.00147756
121088,0.00146472
121344,0.00145262
121600,0.00143889
121856,0.00142569
122112,0.00141267
122368,0.00140076
122624,0.001388
122880,0.00137632
123136,0.00136509
123392,0.00135324
123648,0.00134172
123904,0.00132746
124160,0.00131709
124416,0.00130549
124672,0.00129298
124928,0.00128417
125184,0.00127343
125440,0.0012627
125696,0.00124988
125952,0.00123959
126208,0.00122843
126464,0.00121808
126720,0.00120613
126976,0.00119528
127232,0.00118591
127488,0.00117687
127744,0.0011664
128000,0.00115622
128256,0.00114654
128512,0.00113592
128768,0.00112524
129024,0.00111425
129280,0.00110578
129536,0.00109585
129792,0.00108563
130048,0.00107547
130304,0.00106525
130560,0.00105646
130816,0.00104589
131072,0.00103746
131328,0.0010298
131584,0.00102128
131840,0.00101202
132096,0.00100212
132352,0.000993468
132608,0.00098486
132864,0.000977896
133120,0.000970152
133376,0.000961187
133632,0.000951853
133888,0.000943279
134144,0.000935798
134400,0.000926497
134656,0.000918031
134912,0.000910556
135168,0.000903179
135424,0.000895344
135680,0.000885589
135936,0.00087804
136192,0.000870971
136448,0.000861956
136704,0.000854054
136960,0.000846173
137216,0.000837909
137472,0.000828958
137728,0.000823083
137984,0.000815245
138240,0.000807515
138496,0.000801099
138752,0.000793822
139008,0.000786527
139264,0.000779683
139520,0.000773058
139776,0.000765339
140032,0.000759478
140288,0.000753514
140544,0.00074695
140800,0.000740703
141056,0.000734303
141312,0.000726529
141568,0.00071949
141824,0.000714066
142080,0.000706207
142336,0.000697942
142592,0.000692138
142848,0.000685513
143104,0.000679879
143360,0.000673365
143616,0.000667619
143872,0.000662263
144128,0.00065555
144384,0.000648575
144640,0.000643101
144896,0.000638015
145152,0.000631953
145408,0.000625778
145664,0.00062082
145920,0.000615742
146176,0.00060962
146432,0.000602207
146688,0.000596359
146944,0.000590167
147200,0.000584705
147456,0.000580157
147712,0.0005752
147968,0.000570546
148224,0.000565572
148480,0.000560302
148736,0.000554796
148992,0.000550411
149248,0.000544817
149504,0.000539163
149760,0.00053523
150016,0.000529975
150272,0.000525198
150528,0.000520258
150784,0.000515819
151040,0.000509444
151296,0.000503857
151552,0.00049933
151808,0.000493425
152064,0.000487561
152320,0.000482402
152576,0.000476653
152832,0.000470037
153088,0.000464802
153344,0.00046051
153600,0.000456095
153856,0.000451986
154112,0.000446665
154368,0.000441012
154624,0.000435752
154880,0.000431366
155136,0.00042798
155392,0.000424567
155648,0.00042049
155904,0.000417223
156160,0.000413488
156416,0.00041031
156672,0.000406237
156928,0.000402887
157184,0.000398934
157440,0.000394645
157696,0.000391472
157952,0.000387118
158208,0.000381959
158464,0.000377406
158720,0.000372649
158976,0.000368511
159232,0.000365313
159488,0.000361171
159744,0.000357049
160000,0.000353679
160256,0.000349659
160512,0.000345479
160768,0.000341813
161024,0.000337507
161280,0.000334562
161536,0.0003313
161792,0.000327202
162048,0.000323233
162304,0.000320073
162560,0.000316699
162816,0.000312676
163072,0.00030847
163328,0.000305626
163584,0.000302569
163840,0.000298487
164096,0.000296149
164352,0.000292594
164608,0.000289537
164864,0.000286982
165120,0.000283899
165376,0.000280528
165632,0.000278501
165888,0.000274721
166144,0.000271341
166400,0.00026853
166656,0.00026616
166912,0.000262804
167168,0.000258961
167424,0.000255586
167680,0.000252746
167936,0.000250453
168192,0.00024804
168448,0.000244896
168704,0.000241289
168960,0.000237999
169216,0.000235676
169472,0.000232665
169728,0.00023033
169984,0.000227543
170240,0.000225373
170496,0.000222715
170752,0.000220742
171008,0.00021859
171264,0.000215778
171520,0.000213902
171776,0.000211572
172032,0.000209488
172288,0.000206465
172544,0.000202826
172800,0.000199751
173056,0.000197442
173312,0.000195171
173568,0.000193136
173824,0.000191171
174080,0.000188189
174336,0.000185964
174592,0.000183552
174848,0.000180802
175104,0.000178477
175360,0.000176959
175616,0.000175367
175872,0.000173006
176128,0.000170907
176384,0.000168741
176640,0.000167172
176896,0.000165192
177152,0.00016311
177408,0.000161308
177664,0.000159413
177920,0.000157509
178176,0.000156132
178432,0.000154512
178688,0.000152631
178944,0.000150867
179200,0.00014907
179456,0.000147257
179712,0.000145752
179968,0.00014409
180224,0.000142403
180480,0.000141277
180736,0.000139698
180992,0.000138092
181248,0.000136825
181504,0.000135505
181760,0.000134025
182016,0.000132402
182272,0.000130594
182528,0.000128126
182784,0.000126726
183040,0.000124047
183296,0.000122736
183552,0.000120464
183808,0.000119197
184064,0.000117668
184320,0.000116201
184576,0.000115215
184832,0.000113927
185088,0.00011273
185344,0.000110997
185600,0.000109809
185856,0.000108239
186112,0.000107056
186368,0.000106043
186624,0.000105206
186880,0.000104248
187136,0.000103199
187392,0.000102066
187648,0.000100215
187904,9.93001e-05
188160,9.80829e-05
188416,9.69502e-05
188672,9.5801e-05
188928,9.51031e-05
189184,9.4078e-05
189440,9.30123e-05
189696,9.18577e-05
189952,9.15308e-05
190208,9.04232e-05
190464,9.00453e-05
190720,8.95323e-05
190976,8.88645e-05
191232,8.77414e-05
191488,8.71725e-05
191744,8.64967e-05
192000,8.57616e-05
192256,8.49455e-05
192512,8.3954e-05
192768,8.29423e-05
193024,8.20373e-05
193280,8.09034e-05
193536,8.04283e-05
193792,7.95729e-05
194048,7.89118e-05
194304,7.7851e-05
194560,7.75077e-05
194816,7.63398e-05
195072,7.52786e-05
195328,7.41378e-05
195584,7.39697e-05
195840,7.3373e-05
196096,7.32474e-05
196352,7.28254e-05
196608,7.23786e-05
196864,7.19158e-05
197120,7.11483e-05
197376,7.08221e-05
197632,7.02623e-05
197888,6.98562e-05
198144,6.94476e-05
198400,6.90316e-05
198656,6.84082e-05
198912,6.82193e-05
199168,6.78018e-05
199424,6.71769e-05
199680,6.66432e-05
199936,6.65185e-05
200192,6.60411e-05
200448,6.57627e-05
200704,6.53847e-05
200960,6.51013e-05
201216,6.47273e-05
201472,6.41802e-05
201728,6.40092e-05
201984,6.37664e-05
202240,6.33374e-05
202496,6.31171e-05
202752,6.2837e-05
203008,6.2388e-05
203264,6.22149e-05
203520,6.19167e-05
203776,6.16381e-05
204032,6.12274e-05
204288,6.10153e-05
204544,6.06343e-05
204800,6.05027e-05
205056,6.02151e-05
205312,5.98514e-05
205568,5.97285e-05
205824,5.95267e-05
206080,5.93311e-05
206336,5.91487e-05
206592,5.90237e-05
206848,5.86763e-05
207104,5.86763e-05
207360,5.82406e-05
207616,5.79199e-05
207872,5.77096e-05
208128,5.7637e-05
208384,5.70962e-05
208640,5.68811e-05
208896,5.66921e-05
209152,5.63265e-05
209408,5.60337e-05
209664,5.59362e-05
209920,5.59035e-05
210176,5.57914e-05
210432,5.57473e-05
210688,5.55663e-05
210944,5.55583e-05
211200,5.55583e-05
211456,5.52748e-05
211712,5.51121e-05
211968,5.49083e-05
212224,5.47079e-05
212480,5.46322e-05
212736,5.4519e-05
212992,5.43412e-05
213248,5.40465e-05
213504,5.40465e-05
213760,5.38286e-05
214016,5.37631e-05
214272,5.34796e-05
214528,5.34796e-05
214784,5.34796e-05
215040,5.32907e-05
215296,5.31962e-05
215552,5.30752e-05
215808,5.28233e-05
216064,5.26745e-05
216320,5.2385e-05
216576,5.22591e-05
216832,5.21325e-05
217088,5.19108e-05
217344,5.18734e-05
217600,5.18147e-05
217856,5.16209e-05
218112,5.1397e-05
218368,5.12667e-05
218624,5.11175e-05
218880,5.09861e-05
219136,5.07396e-05
219392,5.05506e-05
219648,5.05506e-05
219904,5.04561e-05
220160,5.03369e-05
220416,5.01726e-05
220672,5.01726e-05
220928,5.01726e-05
221184,5.00789e-05
221440,4.98892e-05
221696,4.98892e-05
221952,4.98892e-05
222208,4.98892e-05
222464,4.95113e-05
222720,4.93508e-05
222976,4.93223e-05
223232,4.93223e-05
223488,4.92159e-05
223744,4.91333e-05
224000,4.91333e-05
224256,4.90388e-05
224512,4.90388e-05
224768,4.90388e-05
225024,4.89443e-05
225280,4.88499e-05
225536,4.86609e-05
225792,4.85664e-05
226048,4.85664e-05
226304,4.85664e-05
226560,4.85664e-05
226816,4.85664e-05
227072,4.84719e-05
227328,4.84719e-05
227584,4.83614e-05
227840,4.81885e-05
228096,4.81885e-05
228352,4.81885e-05
228608,4.81602e-05
228864,4.8094e-05
229120,4.8094e-05
229376,4.80076e-05
229632,4.7905e-05
229888,4.7905e-05
230144,4.7905e-05
230400,4.7895e-05
230656,4.74642e-05
230912,4.741e-05
231168,4.72436e-05
231424,4.71491e-05
231680,4.71491e-05
231936,4.69602e-05
232192,4.69602e-05
232448,4.69602e-05
232704,4.68657e-05
232960,4.67712e-05
233216,4.67134e-05
233472,4.66767e-05
233728,4.66767e-05
233984,4.65822e-05
234240,4.65746e-05
234496,4.64211e-05
234752,4.62988e-05
235008,4.62043e-05
235264,4.62043e-05
235520,4.62043e-05
235776,4.62043e-05
236032,4.61527e-05
236288,4.61007e-05
236544,4.60153e-05
236800,4.60153e-05
237056,4.60153e-05
237312,4.60153e-05
237568,4.60153e-05
237824,4.60153e-05
238080,4.60153e-05
238336,4.60153e-05
238592,4.60153e-05
238848,4.60153e-05
239104,4.60153e-05
239360,4.60129e-05
239616,4.5794e-05
239872,4.57319e-05
240128,4.57308e-05
240384,4.56374e-05
240640,4.56374e-05
240896,4.54484e-05
241152,4.54136e-05
241408,4.52865e-05
241664,4.52535e-05
241920,4.5165e-05
242176,4.5165e-05
242432,4.5165e-05
242688,4.5165e-05
242944,4.5165e-05
243200,4.5165e-05
243456,4.5165e-05
243712,4.50824e-05
243968,4.4976e-05
244224,4.4976e-05
244480,4.48868e-05
244736,4.48815e-05
244992,4.48187e-05
245248,4.4787e-05
245504,4.4787e-05
245760,4.4787e-05
246016,4.4787e-05
246272,4.47418e-05
246528,4.46925e-05
246784,4.46925e-05
247040,4.46925e-05
247296,4.46925e-05
247552,4.46925e-05
247808,4.46925e-05
248064,4.46889e-05
248320,4.45597e-05
248576,4.45036e-05
248832,4.45036e-05
249088,4.45036e-05
249344,4.45036e-05
249600,4.45036e-05
249856,4.45036e-05
250112,4.4503e-05
250368,4.44091e-05
250624,4.44091e-05
250880,4.44091e-05
251136,4.44091e-05
251392,4.44091e-05
251648,4.44091e-05
251904,4.42908e-05
252160,4.42201e-05
252416,4.42201e-05
252672,4.42201e-05
252928,4.41116e-05
253184,4.40311e-05
253440,4.40311e-05
253696,4.40022e-05
253952,4.39366e-05
254208,4.39366e-05
254464,4.39366e-05
254720,4.39366e-05
254976,4.39366e-05
255232,4.39366e-05
255488,4.38422e-05
255744,4.38422e-05
256000,4.38422e-05
256256,4.38422e-05
256512,4.38422e-05
256768,4.38422e-05
257024,4.38422e-05
257280,4.38422e-05
257536,4.37477e-05
257792,4.37477e-05
258048,4.37477e-05
258304,4.37477e-05
258560,4.37477e-05
258816,4.37477e-05
259072,4.36966e-05
259328,4.36532e-05
259584,4.36532e-05
259840,4.36532e-05
260096,4.36532e-05
260352,4.36532e-05
260608,4.36532e-05
260864,4.36532e-05
261120,4.36532e-05
261376,4.36532e-05
261632,4.36532e-05
261888,4.36532e-05
262144,4.35587e-05
262400,4.35587e-05
262656,4.35587e-05
262912,4.35587e-05
263168,4.35587e-05
263424,4.35587e-05
263680,4.35587e-05
263936,4.35587e-05
264192,4.35587e-05
264448,4.35587e-05
264704,4.35587e-05
264960,4.35587e-05
265216,4.35587e-05
265472,4.35587e-05
265728,4.35587e-05
265984,4.35587e-05
266240,4.35587e-05
266496,4.35587e-05
266752,4.35587e-05
267008,4.35587e-05
267264,4.35587e-05
267520,4.35587e-05
267776,4.35587e-05
268032,4.35587e-05
268288,4.35587e-05
268544,4.35255e-05
268800,4.34642e-05
269056,4.34642e-05
269312,4.34642e-05
269568,4.34642e-05
269824,4.34642e-05
270080,4.34642e-05
270336,4.34642e-05
270592,4.34642e-05
270848,4.34642e-05
271104,4.34642e-05
271360,4.34642e-05
271616,4.34642e-05
271872,4.34642e-05
272128,4.34642e-05
272384,4.34642e-05
272640,4.34642e-05
272896,4.34642e-05
273152,4.34642e-05
273408,4.33697e-05
273664,4.33697e-05
273920,4.33697e-05
274176,4.33697e-05
274432,4.33697e-05
274688,4.33697e-05
274944,4.33697e-05
275200,4.33697e-05
275456,4.33697e-05
275712,4.33697e-05
275968,4.33697e-05
276224,4.33697e-05
276480,4.33697e-05
276736,4.33697e-05
276992,4.33697e-05
277248,4.33563e-05
277504,4.32231e-05
277760,4.31808e-05
278016,4.31808e-05
278272,4.31808e-05
278528,4.31808e-05
278784,4.31808e-05
279040,4.31808e-05
279296,4.31808e-05
279552,4.31808e-05
279808,4.31808e-05
280064,4.31808e-05
280320,4.31808e-05
280576,4.31808e-05
280832,4.31808e-05
281088,4.31808e-05
281344,4.31808e-05
281600,4.31808e-05
281856,4.31808e-05
282112,4.31808e-05
282368,4.31808e-05
282624,4.31808e-05
282880,4.31808e-05
283136,4.31808e-05
283392,4.31808e-05
283648,4.31808e-05
283904,4.31387e-05
284160,4.30863e-05
284416,4.30863e-05
284672,4.30863e-05
284928,4.30863e-05
285184,4.30863e-05
285440,4.30863e-05
285696,4.30863e-05
285952,4.30863e-05
286208,4.30863e-05
286464,4.30863e-05
286720,4.30863e-05
286976,4.30863e-05
287232,4.30863e-05
287488,4.30863e-05
287744,4.30863e-05
288000,4.30863e-05
288256,4.30863e-05
288512,4.30863e-05
288768,4.30863e-05
289024,4.30286e-05
289280,4.29918e-05
289536,4.29918e-05
289792,4.29918e-05
290048,4.29918e-05
290304,4.29918e-05
290560,4.29918e-05
290816,4.2937e-05
291072,4.28973e-05
291328,4.28973e-05
291584,4.28973e-05
291840,4.28973e-05
292096,4.28973e-05
292352,4.28973e-05
292608,4.28973e-05
292864,4.28973e-05
293120,4.28973e-05
293376,4.28317e-05
293632,4.28028e-05
293888,4.28028e-05
294144,4.28028e-05
294400,4.28028e-05
294656,4.28028e-05
294912,4.28028e-05
295168,4.28028e-05
295424,4.28028e-05
295680,4.28028e-05
295936,4.28028e-05
296192,4.28028e-05
296448,4.28028e-05
296704,4.28028e-05
296960,4.28028e-05
297216,4.28028e-05
297472,4.28028e-05
297728,4.28028e-05
297984,4.28028e-05
298240,4.28028e-05
298496,4.28028e-05
298752,4.28028e-05
299008,4.28028e-05
299264,4.27941e-05
299520,4.27266e-05
299776,4.27083e-05
300032,4.27083e-05
300288,4.27083e-05
300544,4.27083e-05
300800,4.27083e-05
301056,4.27083e-05
301312,4.27083e-05
301568,4.27083e-05
301824,4.27083e-05
302080,4.27083e-05
302336,4.27083e-05
302592,4.27083e-05
302848,4.27083e-05
303104,4.27083e-05
303360,4.27083e-05
303616,4.27083e-05
303872,4.27083e-05
304128,4.27083e-05
304384,4.27083e-05
304640,4.27083e-05
304896,4.27083e-05
305152,4.27083e-05
305408,4.27083e-05
305664,4.27083e-05
305920,4.27083e-05
306176,4.27083e-05
306432,4.27083e-05
306688,4.27083e-05
306944,4.27083e-05
307200,4.27083e-05
307456,4.27083e-05
307712,4.27083e-05
307968,4.27083e-05
308224,4.26988e-05
308480,4.26312e-05
308736,4.26139e-05
308992,4.26139e-05
309248,4.26139e-05
309504,4.26139e-05
309760,4.26139e-05
310016,4.26139e-05
310272,4.26139e-05
310528,4.25623e-05
310784,4.24945e-05
311040,4.24266e-05
311296,4.24249e-05
311552,4.24249e-05
311808,4.24249e-05
312064,4.24249e-05
312320,4.24249e-05
312576,4.24249e-05
312832,4.24249e-05
313088,4.24249e-05
313344,4.23818e-05
313600,4.23137e-05
313856,4.22455e-05
314112,4.21772e-05
314368,4.21414e-05
314624,4.21414e-05
314880,4.21414e-05
315136,4.21414e-05
315392,4.21414e-05
315648,4.21414e-05
315904,4.21414e-05
316160,4.21414e-05
316416,4.21414e-05
316672,4.21414e-05
316928,4.21414e-05
317184,4.21414e-05
317440,4.21414e-05
317696,4.21414e-05
317952,4.20956e-05
318208,4.2047e-05
318464,4.2047e-05
318720,4.2047e-05
318976,4.2047e-05
319232,4.2047e-05
319488,4.2047e-05
319744,4.2047e-05
320000,4.2047e-05
320256,4.2047e-05
320512,4.2047e-05
320768,4.20027e-05
321024,4.19525e-05
321280,4.19525e-05
321536,4.19525e-05
321792,4.19525e-05
322048,4.19525e-05
322304,4.19525e-05
322560,4.19525e-05
322816,4.19525e-05
323072,4.19525e-05
323328,4.19525e-05
323584,4.19525e-05
323840,4.19525e-05
324096,4.19525e-05
324352,4.19525e-05
324608,4.19525e-05
324864,4.19525e-05
325120,4.19525e-05
325376,4.19525e-05
325632,4.19525e-05
325888,4.19525e-05
326144,4.19525e-05
326400,4.19525e-05
326656,4.19525e-05
326912,4.19525e-05
327168,4.19525e-05
327424,4.19525e-05
327680,4.19525e-05
327936,4.19525e-05
328192,4.19525e-05
328448,4.19525e-05
328704,4.19525e-05
328960,4.19525e-05
329216,4.19525e-05
329472,4.19525e-05
329728,4.19525e-05
329984,4.19525e-05
330240,4.19163e-05
330496,4.1858e-05
330752,4.1858e-05
331008,4.1858e-05
331264,4.1858e-05
331520,4.1858e-05
331776,4.1858e-05
332032,4.1858e-05
332288,4.1858e-05
332544,4.1858e-05
332800,4.1858e-05
333056,4.1858e-05
333312,4.1858e-05
333568,4.1858e-05
333824,4.1858e-05
334080,4.1858e-05
334336,4.1858e-05
334592,4.1858e-05
334848,4.1858e-05
335104,4.1858e-05
335360,4.1858e-05
335616,4.1858e-05
335872,4.1858e-05
336128,4.1858e-05
336384,4.1858e-05
336640,4.1858e-05
336896,4.1858e-05
337152,4.1858e-05
337408,4.1858e-05
337664,4.1858e-05
337920,4.1858e-05
338176,4.1858e-05
338432,4.1858e-05
338688,4.16486e-05
338944,4.13686e-05
339200,4.12989e-05
339456,4.11046e-05
339712,4.08936e-05
339968,4.06673e-05
340224,4.03827e-05
340480,3.97812e-05
340736,3.92894e-05
340992,3.90029e-05
341248,3.89288e-05
341504,3.86314e-05
341760,3.84415e-05
342016,3.8362e-05
342272,3.8362e-05
342528,3.8362e-05
342784,3.82179e-05
343040,3.81731e-05
343296,3.81389e-05
343552,3.80479e-05
343808,3.7896e-05
344064,3.78896e-05
344320,3.76709e-05
344576,3.74376e-05
344832,3.7224e-05
345088,3.6844e-05
345344,3.66872e-05
345600,3.65955e-05
345856,3.63153e-05
346112,3.57729e-05
346368,3.51535e-05
346624,3.47815e-05
346880,3.41119e-05
347136,3.37712e-05
347392,3.32748e-05
347648,3.30277e-05
347904,3.27284e-05
348160,3.24303e-05
348416,3.22643e-05
348672,3.19449e-05
348928,3.16113e-05
349184,3.14414e-05
349440,3.1165e-05
349696,3.09569e-05
349952,3.08636e-05
350208,3.07369e-05
350464,3.05158e-05
350720,3.02976e-05
350976,3.00656e-05
351232,2.97277e-05
351488,2.96305e-05
351744,2.9491e-05
352000,2.92034e-05
352256,2.89576e-05
352512,2.87461e-05
352768,2.83186e-05
353024,2.80171e-05
353280,2.7731e-05
353536,2.74173e-05
353792,2.73073e-05
354048,2.72905e-05
354304,2.71563e-05
354560,2.69431e-05
354816,2.67282e-05
355072,2.66459e-05
355328,2.66459e-05
355584,2.64569e-05
355840,2.63828e-05
356096,2.59231e-05
356352,2.56033e-05
356608,2.54176e-05
356864,2.54176e-05
357120,2.53971e-05
357376,2.5169e-05
357632,2.49388e-05
357888,2.48507e-05
358144,2.45687e-05
358400,2.45e-05
358656,2.42838e-05
358912,2.42838e-05
359168,2.40926e-05
359424,2.38114e-05
359680,2.37579e-05
359936,2.3474e-05
360192,2.33389e-05
360448,2.32946e-05
360704,2.30962e-05
360960,2.29506e-05
361216,2.28246e-05
361472,2.26235e-05
361728,2.23806e-05
361984,2.22996e-05
362240,2.22996e-05
362496,2.21815e-05
362752,2.20511e-05
363008,2.17285e-05
363264,2.15026e-05
363520,2.14492e-05
363776,2.1206e-05
364032,2.09671e-05
364288,2.07598e-05
364544,2.05504e-05
364800,2.04494e-05
365056,2.03475e-05
365312,2.02053e-05
365568,2.00621e-05
365824,1.98606e-05
366080,1.96416e-05
366336,1.93901e-05
366592,1.90147e-05
366848,1.8921e-05
367104,1.8791e-05
367360,1.87092e-05
367616,1.86345e-05
367872,1.83246e-05
368128,1.80871e-05
368384,1.79809e-05
368640,1.78476e-05
368896,1.76059e-05
369152,1.73031e-05
369408,1.70513e-05
369664,1.68116e-05
369920,1.67256e-05
370176,1.65529e-05
370432,1.6536e-05
370688,1.63203e-05
370944,1.55776e-05
371200,1.49692e-05
371456,1.46229e-05
371712,1.43241e-05
371968,1.41857e-05
372224,1.39929e-05
372480,1.36958e-05
372736,1.35563e-05
372992,1.33235e-05
373248,1.32798e-05
373504,1.30535e-05
373760,1.28701e-05
374016,1.26634e-05
374272,1.24732e-05
374528,1.24732e-05
374784,1.24732e-05
375040,1.24732e-05
375296,1.24539e-05
375552,1.22842e-05
375808,1.22842e-05
376064,1.22063e-05
376320,1.20799e-05
376576,1.19063e-05
376832,1.18459e-05
377088,1.18118e-05
377344,1.17173e-05
377600,1.16671e-05
377856,1.15428e-05
378112,1.15283e-05
378368,1.14347e-05
378624,1.13394e-05
378880,1.13044e-05
379136,1.10985e-05
379392,1.09678e-05
379648,1.09614e-05
379904,1.09614e-05
380160,1.08669e-05
380416,1.08669e-05
380672,1.08669e-05
380928,1.07093e-05
381184,1.05835e-05
381440,1.0489e-05
381696,1.0425e-05
381952,1.03945e-05
382208,1.03945e-05
382464,1.03869e-05
382720,1.03e-05
382976,1.03e-05
383232,1.02507e-05
383488,1.02055e-05
383744,1.02055e-05
384000,1.02055e-05
384256,1.02055e-05
384512,1.00166e-05
384768,1.00166e-05
385024,9.82761e-06
385280,9.82761e-06
385536,9.82761e-06
385792,9.7592e-06
386048,9.73312e-06
386304,9.73312e-06
386560,9.73312e-06
386816,9.73312e-06
387072,9.73312e-06
387328,9.73312e-06
387584,9.73312e-06
387840,9.70802e-06
388096,9.63864e-06
388352,9.598e-06
388608,9.54416e-06
388864,9.48482e-06
389120,9.42678e-06
389376,9.27257e-06
389632,9.21125e-06
389888,9.16622e-06
390144,9.16622e-06
390400,9.07173e-06
390656,9.05198e-06
390912,8.89128e-06
391168,8.88276e-06
391424,8.88276e-06
391680,8.78174e-06
391936,8.69379e-06
392192,8.69379e-06
392448,8.69379e-06
392704,8.50482e-06
392960,8.50482e-06
393216,8.50482e-06
393472,8.50482e-06
393728,8.41034e-06
393984,8.40111e-06
394240,8.31585e-06
394496,8.24346e-06
394752,8.12688e-06
395008,8.12688e-06
395264,8.0324e-06
395520,7.93791e-06
395776,7.93791e-06
396032,7.93791e-06
396288,7.93791e-06
396544,7.93791e-06
396800,7.93791e-06
397056,7.93791e-06
397312,7.93791e-06
397568,7.93791e-06
397824,7.93791e-06
398080,7.93791e-06
398336,7.93791e-06
398592,7.90223e-06
398848,7.84343e-06
399104,7.84343e-06
399360,7.84343e-06
399616,7.84343e-06
399872,7.74894e-06
400128,7.74149e-06
400384,7.65446e-06
400640,7.55997e-06
400896,7.55997e-06
401152,7.55997e-06
401408,7.55997e-06
401664,7.55997e-06
401920,7.55997e-06
402176,7.55997e-06
402432,7.55997e-06
402688,7.46549e-06
402944,7.46549e-06
403200,7.46549e-06
403456,7.46549e-06
403712,7.46549e-06
403968,7.46549e-06
404224,7.46549e-06
404480,7.46549e-06
404736,7.46549e-06
404992,7.46549e-06
405248,7.46549e-06
405504,7.46549e-06
405760,7.46549e-06
406016,7.46549e-06
406272,7.46549e-06
406528,7.46549e-06
406784,7.46549e-06
407040,7.46549e-06
407296,7.46549e-06
407552,7.46549e-06
407808,7.46549e-06
408064,7.46549e-06
408320,7.46549e-06
408576,7.46549e-06
408832,7.46549e-06
409088,7.46549e-06
409344,7.46549e-06
409600,7.46549e-06
409856,7.46549e-06
410112,7.46549e-06
410368,7.46549e-06
410624,7.46549e-06
410880,7.46549e-06
411136,7.46549e-06
411392,7.46549e-06
411648,7.46549e-06
411904,7.46549e-06
412160,7.46549e-06
412416,7.46549e-06
412672,7.46549e-06
412928,7.46549e-06
413184,7.46549e-06
413440,7.46549e-06
413696,7.46549e-06
413952,7.46549e-06
414208,7.46549e-06
414464,7.46549e-06
414720,7.46549e-06
414976,7.46549e-06
415232,7.46549e-06
415488,7.46549e-06
415744,7.46549e-06
416000,7.46549e-06
416256,7.46549e-06
416512,7.46549e-06
416768,7.46549e-06
417024,7.46549e-06
417280,7.46549e-06
417536,7.46549e-06
417792,7.46549e-06
418048,7.46549e-06
418304,7.46549e-06
418560,7.46549e-06
418816,7.46549e-06
419072,7.46549e-06
419328,7.46549e-06
419584,7.46549e-06
419840,7.46549e-06
420096,7.46549e-06
420352,7.46549e-06
420608,7.46549e-06
420864,7.46549e-06
421120,7.46549e-06
421376,7.46549e-06
421632,7.46549e-06
421888,7.46549e-06
422144,7.46549e-06
422400,7.46549e-06
422656,7.46549e-06
422912,7.46549e-06
423168,7.46549e-06
423424,7.46549e-06
423680,7.46549e-06
423936,7.46549e-06
424192,7.46549e-06
424448,7.46549e-06
424704,7.46549e-06
424960,7.46549e-06
425216,7.46549e-06
425472,7.46549e-06
425728,7.46549e-06
425984,7.46549e-06
426240,7.46549e-06
426496,7.46549e-06
426752,7.46549e-06
427008,7.46549e-06
427264,7.46549e-06
427520,7.46549e-06
427776,7.46549e-06
428032,7.46549e-06
428288,7.46549e-06
428544,7.46549e-06
428800,7.46549e-06
429056,7.46549e-06
429312,7.46549e-06
429568,7.46549e-06
429824,7.46549e-06
430080,7.46549e-06
430336,7.46549e-06
430592,7.46549e-06
430848,7.46549e-06
431104,7.46549e-06
431360,7.46549e-06
431616,7.46549e-06
431872,7.46549e-06
432128,7.46549e-06
432384,7.46549e-06
432640,7.46549e-06
432896,7.46549e-06
433152,7.46549e-06
433408,7.46549e-06
433664,7.46549e-06
433920,7.46549e-06
434176,7.46549e-06
434432,7.46549e-06
434688,7.46549e-06
434944,7.46549e-06
435200,7.46549e-06
435456,7.46549e-06
435712,7.46549e-06
435968,7.46549e-06
436224,7.46549e-06
436480,7.46549e-06
436736,7.46549e-06
436992,7.46549e-06
437248,7.45122e-06
437504,7.27652e-06
437760,7.27652e-06
438016,7.27652e-06
438272,7.27652e-06
438528,7.27652e-06
438784,7.27652e-06
439040,7.27652e-06
439296,7.27652e-06
439552,7.27652e-06
439808,7.27652e-06
440064,7.27652e-06
440320,7.27652e-06
440576,7.27652e-06
440832,7.27652e-06
441088,7.27652e-06
441344,7.27652e-06
441600,7.27652e-06
441856,7.27652e-06
442112,7.27652e-06
442368,7.27652e-06
442624,7.27652e-06
442880,7.27652e-06
443136,7.27652e-06
443392,7.27652e-06
443648,7.27652e-06
443904,7.27652e-06
444160,7.27652e-06
444416,7.27652e-06
444672,7.27652e-06
444928,7.27652e-06
445184,7.27652e-06
445440,7.27652e-06
445696,7.27652e-06
445952,7.27652e-06
446208,7.27652e-06
446464,7.27652e-06
446720,7.27652e-06
446976,7.27652e-06
447232,7.27652e-06
447488,7.27652e-06
447744,7.27652e-06
448000,7.27652e-06
448256,7.27652e-06
448512,7.27652e-06
448768,7.27652e-06
449024,7.27652e-06
449280,7.27652e-06
449536,7.27652e-06
449792,7.27652e-06
450048,7.27652e-06
450304,7.27652e-06
450560,7.27652e-06
450816,7.27652e-06
451072,7.27652e-06
451328,7.27652e-06
451584,7.27652e-06
451840,7.27652e-06
452096,7.27652e-06
452352,7.27652e-06
452608,7.27652e-06
452864,7.27652e-06
453120,7.27652e-06
453376,7.27652e-06
453632,7.27652e-06
453888,7.27652e-06
454144,7.27652e-06
454400,7.27652e-06
454656,7.27652e-06
454912,7.27652e-06
455168,7.27652e-06
455424,7.27652e-06
455680,7.27652e-06
455936,7.27652e-06
456192,7.27652e-06
456448,7.27652e-06
456704,7.27652e-06
456960,7.27652e-06
457216,7.27652e-06
457472,7.27652e-06
457728,7.27652e-06
457984,7.27652e-06
458240,7.27652e-06
458496,7.27652e-06
458752,7.27652e-06
459008,7.27652e-06
459264,7.27652e-06
459520,7.27652e-06
459776,7.27652e-06
460032,7.27652e-06
460288,7.27652e-06
460544,7.27652e-06
460800,7.27652e-06
461056,7.27652e-06
461312,7.27652e-06
461568,7.27652e-06
461824,7.27652e-06
462080,7.27652e-06
462336,7.27652e-06
462592,7.27652e-06
462848,7.27652e-06
463104,7.27652e-06
463360,7.27652e-06
463616,7.27652e-06
463872,7.27652e-06
464128,7.27652e-06
464384,7.27652e-06
464640,7.27652e-06
464896,7.27652e-06
465152,7.27652e-06
465408,7.27652e-06
465664,7.27652e-06
465920,7.27652e-06
466176,7.27652e-06
466432,7.27652e-06
466688,7.27652e-06
466944,7.27652e-06
467200,7.27652e-06
467456,7.27652e-06
467712,7.27652e-06
467968,7.27652e-06
468224,7.27652e-06
468480,7.27652e-06
468736,7.27652e-06
468992,7.27652e-06
469248,7.27652e-06
469504,7.27652e-06
469760,7.27652e-06
470016,7.27652e-06
470272,7.27652e-06
470528,7.27652e-06
470784,7.27652e-06
471040,7.27652e-06
471296,7.27652e-06
471552,7.27652e-06
471808,7.27652e-06
472064,7.27652e-06
472320,7.27652e-06
472576,7.27652e-06
472832,7.27652e-06
473088,7.27652e-06
473344,7.27652e-06
473600,7.27652e-06
473856,7.27652e-06
474112,7.27652e-06
474368,7.27652e-06
474624,7.27652e-06
474880,7.27652e-06
475136,7.27652e-06
475392,7.27652e-06
475648,7.27652e-06
475904,7.27652e-06
476160,7.27652e-06
476416,7.27652e-06
476672,7.27652e-06
476928,7.27652e-06
477184,7.27652e-06
477440,7.27652e-06
477696,7.27652e-06
477952,7.27652e-06
478208,7.27652e-06
478464,7.27652e-06
478720,7.27652e-06
478976,7.27652e-06
479232,7.27652e-06
479488,7.27652e-06
479744,7.27652e-06
480000,7.27652e-06
480256,7.27652e-06
480512,7.27652e-06
480768,7.27652e-06
481024,7.27652e-06
481280,7.27652e-06
481536,7.27652e-06
481792,7.27652e-06
482048,7.27652e-06
482304,7.27652e-06
482560,7.27652e-06
482816,7.27652e-06
483072,7.27652e-06
483328,7.27652e-06
483584,7.27652e-06
483840,7.27652e-06
484096,7.27652e-06
484352,7.27652e-06
484608,7.27652e-06
484864,7.27652e-06
485120,7.27652e-06
485376,7.27652e-06
485632,7.27652e-06
485888,7.27652e-06
486144,7.27652e-06
486400,7.27652e-06
486656,7.27652e-06
486912,7.27652e-06
487168,7.27652e-06
487424,7.27652e-06
487680,7.27652e-06
487936,7.27652e-06
488192,7.27652e-06
488448,7.27652e-06
488704,7.27652e-06
488960,7.27652e-06
489216,7.27652e-06
489472,7.27652e-06
489728,7.27652e-06
489984,7.27652e-06
490240,7.27652e-06
490496,7.27652e-06
490752,7.27652e-06
491008,7.27652e-06
491264,7.27652e-06
491520,7.27652e-06
491776,7.27652e-06
492032,7.27652e-06
492288,7.27652e-06
492544,7.27652e-06
492800,7.27652e-06
493056,7.27652e-06
493312,7.27652e-06
493568,7.27652e-06
493824,7.27652e-06
494080,7.27652e-06
494336,7.27652e-06
494592,7.27652e-06
494848,7.27652e-06
495104,7.27652e-06
495360,7.27652e-06
495616,7.27652e-06
495872,7.27652e-06
496128,7.27652e-06
496384,7.27652e-06
496640,7.27652e-06
496896,7.27652e-06
497152,7.27652e-06
497408,7.27652e-06
497664,7.27652e-06
497920,7.27652e-06
498176,7.27652e-06
498432,7.27652e-06
498688,7.27652e-06
498944,7.27652e-06
499200,7.27652e-06
499456,7.27652e-06
499712,7.27652e-06
499968,7.27652e-06
500224,7.27652e-06
500480,7.27652e-06
500736,7.27652e-06
500992,7.27652e-06
501248,7.27652e-06
501504,7.27652e-06
501760,7.27652e-06
502016,7.27652e-06
502272,7.27652e-06
502528,7.27652e-06
502784,7.27652e-06
503040,7.27652e-06
503296,7.27652e-06
503552,7.27652e-06
503808,7.27652e-06
504064,7.27652e-06
504320,7.27652e-06
504576,7.27652e-06
504832,7.27652e-06
505088,7.27652e-06
505344,7.27652e-06
505600,7.27652e-06
505856,7.27652e-06
506112,7.27652e-06
506368,7.27652e-06
506624,7.27652e-06
506880,7.27652e-06
507136,7.27652e-06
507392,7.27652e-06
507648,7.27652e-06
507904,7.27652e-06
508160,7.27652e-06
508416,7.27652e-06
508672,7.27652e-06
508928,7.27652e-06
509184,7.27652e-06
509440,7.27652e-06
509696,7.27652e-06
509952,7.27652e-06
510208,7.27652e-06
510464,7.27652e-06
510720,7.27652e-06
510976,7.27652e-06
511232,7.27652e-06
511488,7.27652e-06
511744,7.27652e-06
512000,7.27652e-06
512256,7.27652e-06
512512,7.27652e-06
512768,7.27652e-06
513024,7.27652e-06
513280,7.27652e-06
513536,7.27652e-06
513792,7.27652e-06
514048,7.27652e-06
514304,7.27652e-06
514560,7.27652e-06
514816,7.27652e-06
515072,7.27652e-06
515328,7.27652e-06
515584,7.27652e-06
515840,7.27652e-06
516096,7.27652e-06
516352,7.27652e-06
516608,7.27652e-06
516864,7.27652e-06
517120,7.27652e-06
517376,7.27652e-06
517632,7.27652e-06
517888,7.27652e-06
518144,7.27652e-06
518400,7.27652e-06
518656,7.27652e-06
518912,7.27652e-06
519168,7.27652e-06
519424,7.27652e-06
519680,7.27652e-06
519936,7.27652e-06
520192,7.27652e-06
520448,7.27652e-06
520704,7.27652e-06
520960,7.27652e-06
521216,7.27652e-06
521472,7.27652e-06
521728,7.27652e-06
521984,7.27652e-06
522240,7.27652e-06
522496,7.27652e-06
522752,7.27652e-06
523008,7.27652e-06
523264,7.27652e-06
523520,7.27652e-06
523776,7.27652e-06
524032,7.27652e-06
524288,7.27652e-06
524544,7.27652e-06
524800,7.27652e-06
525056,7.27652e-06
525312,7.27652e-06
525568,7.27652e-06
525824,7.27652e-06
526080,7.27652e-06
526336,7.27652e-06
526592,7.27652e-06
526848,7.27652e-06
527104,7.27652e-06
527360,7.27652e-06
527616,7.27652e-06
527872,7.27652e-06
528128,7.27652e-06
528384,7.27652e-06
528640,7.27652e-06
528896,7.27652e-06
529152,7.27652e-06
529408,7.27652e-06
529664,7.27652e-06
529920,7.27652e-06
530176,7.27652e-06
530432,7.27652e-06
530688,7.27652e-06
530944,7.27652e-06
531200,7.27652e-06
531456,7.27652e-06
531712,7.27652e-06
531968,7.27652e-06
532224,7.27652e-06
532480,7.27652e-06
532736,7.27652e-06
532992,7.27652e-06
533248,7.27652e-06
533504,7.27652e-06
533760,7.27652e-06
534016,7.27652e-06
534272,7.27652e-06
534528,7.27652e-06
534784,7.27652e-06
535040,7.27652e-06
535296,7.27652e-06
535552,7.27652e-06
535808,7.27652e-06
536064,7.27652e-06
536320,7.27652e-06
536576,7.27652e-06
536832,7.27652e-06
537088,7.27652e-06
537344,7.27652e-06
537600,7.27652e-06
537856,7.27652e-06
538112,7.27652e-06
538368,7.27652e-06
538624,7.27652e-06
538880,7.27652e-06
539136,7.27652e-06
539392,7.27652e-06
539648,7.27652e-06
539904,7.27652e-06
540160,7.27652e-06
540416,7.27652e-06
540672,7.27652e-06
540928,7.27652e-06
541184,7.27652e-06
541440,7.27652e-06
541696,7.27652e-06
541952,7.27652e-06
542208,7.27652e-06
542464,7.27652e-06
542720,7.27652e-06
542976,7.27652e-06
543232,7.27652e-06
543488,7.27652e-06
543744,7.27652e-06
544000,7.27652e-06
544256,7.27652e-06
544512,7.27652e-06
544768,7.27652e-06
545024,7.27652e-06
545280,7.27652e-06
545536,7.27652e-06
545792,7.27652e-06
546048,7.27652e-06
546304,7.27652e-06
546560,7.27652e-06
546816,7.27652e-06
547072,7.27652e-06
547328,7.27652e-06
547584,7.27652e-06
547840,7.27652e-06
548096,7.27652e-06
548352,7.27652e-06
548608,7.27652e-06
548864,7.27652e-06
549120,7.27652e-06
549376,7.27652e-06
549632,7.27652e-06
549888,7.27652e-06
550144,7.27652e-06
550400,7.27652e-06
550656,7.27652e-06
550912,7.27652e-06
551168,7.27652e-06
551424,7.27652e-06
551680,7.27652e-06
551936,7.27652e-06
552192,7.27652e-06
552448,7.27652e-06
552704,7.27652e-06
552960,7.27652e-06
553216,7.27652e-06
553472,7.27652e-06
553728,7.27652e-06
553984,7.27652e-06
554240,7.27652e-06
554496,7.27652e-06
554752,7.27652e-06
555008,7.27652e-06
555264,7.27652e-06
555520,7.27652e-06
555776,7.27652e-06
556032,7.27652e-06
556288,7.27652e-06
556544,7.27652e-06
556800,7.27652e-06
557056,7.27652e-06
557312,7.27652e-06
557568,7.27652e-06
557824,7.27652e-06
558080,7.27652e-06
558336,7.27652e-06
558592,7.27652e-06
558848,7.27652e-06
559104,7.27652e-06
559360,7.27652e-06
559616,7.27652e-06
559872,7.27652e-06
560128,7.27652e-06
560384,7.27652e-06
560640,7.27652e-06
560896,7.27652e-06
561152,7.27652e-06
561408,7.27652e-06
561664,7.27652e-06
561920,7.27652e-06
562176,7.27652e-06
562432,7.27652e-06
562688,7.27652e-06
562944,7.27652e-06
563200,7.27652e-06
563456,7.27652e-06
563712,7.27652e-06
563968,7.27652e-06
564224,7.27652e-06
564480,7.27652e-06
564736,7.27652e-06
564992,7.27652e-06
565248,7.27652e-06
565504,7.27652e-06
565760,7.27652e-06
566016,7.27652e-06
566272,7.27652e-06
566528,7.27652e-06
566784,7.27652e-06
567040,7.27652e-06
567296,7.27652e-06
567552,7.27652e-06
567808,7.27652e-06
568064,7.27652e-06
568320,7.27652e-06
568576,7.27652e-06
568832,7.27652e-06
569088,7.27652e-06
569344,7.27652e-06
569600,7.27652e-06
569856,7.27652e-06
570112,7.27652e-06
570368,7.27652e-06
570624,7.27652e-06
570880,7.27652e-06
571136,7.27652e-06
571392,7.27652e-06
571648,7.27652e-06
571904,7.27652e-06
572160,7.27652e-06
572416,7.27652e-06
572672,7.27652e-06
572928,7.27652e-06
573184,7.27652e-06
573440,7.27652e-06
573696,7.27652e-06
573952,7.27652e-06
574208,7.27652e-06
574464,7.27652e-06
574720,7.27652e-06
574976,7.27652e-06
575232,7.27652e-06
575488,7.27652e-06
575744,7.27652e-06
576000,7.27652e-06
576256,7.27652e-06
576512,7.27652e-06
576768,7.27652e-06
577024,7.27652e-06
577280,7.27652e-06
577536,7.27652e-06
577792,7.27652e-06
578048,7.27652e-06
578304,7.27652e-06
578560,7.27652e-06
578816,7.27652e-06
579072,7.27652e-06
579328,7.27652e-06
579584,7.27652e-06
579840,7.27652e-06
580096,7.27652e-06
580352,7.27652e-06
580608,7.27652e-06
580864,7.27652e-06
581120,7.27652e-06
581376,7.27652e-06
581632,7.27652e-06
581888,7.27652e-06
582144,7.27652e-06
582400,7.27652e-06
582656,7.27652e-06
582912,7.27652e-06
583168,7.27652e-06
583424,7.27652e-06
583680,7.27652e-06
583936,7.27652e-06
584192,7.27652e-06
584448,7.27652e-06
584704,7.27652e-06
584960,7.27652e-06
585216,7.27652e-06
585472,7.27652e-06
585728,7.27652e-06
585984,7.27652e-06
586240,7.27652e-06
586496,7.27652e-06
586752,7.27652e-06
587008,7.27652e-06
587264,7.27652e-06
587520,7.27652e-06
587776,7.27652e-06
588032,7.27652e-06
588288,7.27652e-06
588544,7.27652e-06
588800,7.27652e-06
589056,7.27652e-06
589312,7.27652e-06
589568,7.27652e-06
589824,7.27652e-06
590080,7.27652e-06
590336,7.27652e-06
590592,7.27652e-06
590848,7.27652e-06
591104,7.27652e-06
591360,7.27652e-06
591616,7.27652e-06
591872,7.27652e-06
592128,7.27652e-06
592384,7.27652e-06
592640,7.27652e-06
592896,7.27652e-06
593152,7.27652e-06
593408,7.27652e-06
593664,7.27652e-06
593920,7.27652e-06
594176,7.27652e-06
594432,7.27652e-06
594688,7.27652e-06
594944,7.27652e-06
595200,7.27652e-06
595456,7.27652e-06
595712,7.27652e-06
595968,7.27652e-06
596224,7.27652e-06
596480,7.27652e-06
596736,7.27652e-06
596992,7.27652e-06
597248,7.27652e-06
597504,7.27652e-06
597760,7.27652e-06
598016,7.27652e-06
598272,7.27652e-06
598528,7.27652e-06
598784,7.27652e-06
599040,7.27652e-06
599296,7.27652e-06
599552,7.27652e-06
599808,7.27652e-06
600064,7.27652e-06
600320,7.27652e-06
600576,7.27652e-06
600832,7.27652e-06
601088,7.27652e-06
601344,7.27652e-06
601600,7.27652e-06
601856,7.27652e-06
602112,7.27652e-06
602368,7.27652e-06
602624,7.27652e-06
602880,7.27652e-06
603136,7.27652e-06
603392,7.27652e-06
603648,7.27652e-06
603904,7.27652e-06
604160,7.27652e-06
604416,7.27652e-06
604672,7.27652e-06
604928,7.27652e-06
605184,7.27652e-06
605440,7.27652e-06
605696,7.27652e-06
605952,7.27652e-06
606208,7.27652e-06
606464,7.27652e-06
606720,7.27652e-06
606976,7.27652e-06
607232,7.27652e-06
607488,7.27652e-06
607744,7.27652e-06
608000,7.27652e-06
608256,7.27652e-06
608512,7.27652e-06
608768,7.27652e-06
609024,7.27652e-06
609280,7.27652e-06
609536,7.27652e-06
609792,7.27652e-06
610048,7.27652e-06
610304,7.27652e-06
610560,7.27652e-06
610816,7.27652e-06
611072,7.27652e-06
611328,7.27652e-06
611584,7.27652e-06
611840,7.27652e-06
612096,7.27652e-06
612352,7.27652e-06
612608,7.27652e-06
612864,7.27652e-06
613120,7.27652e-06
613376,7.27652e-06
613632,7.27652e-06
613888,7.27652e-06
614144,7.27652e-06
614400,7.27652e-06
614656,7.27652e-06
614912,7.27652e-06
615168,7.27652e-06
615424,7.27652e-06
615680,7.27652e-06
615936,7.27652e-06
616192,7.27652e-06
616448,7.27652e-06
616704,7.27652e-06
616960,7.27652e-06
617216,7.27652e-06
617472,7.27652e-06
617728,7.27652e-06
617984,7.27652e-06
618240,7.27652e-06
618496,7.27652e-06
618752,7.27652e-06
619008,7.27652e-06
619264,7.27652e-06
619520,7.27652e-06
619776,7.27652e-06
620032,7.27652e-06
620288,7.27652e-06
620544,7.27652e-06
620800,7.27652e-06
621056,7.27652e-06
621312,7.27652e-06
621568,7.27652e-06
621824,7.27652e-06
622080,7.27652e-06
622336,7.27652e-06
622592,7.27652e-06
622848,7.27652e-06
623104,7.27652e-06
623360,7.27652e-06
623616,7.27652e-06
623872,7.27652e-06
624128,7.27652e-06
624384,7.27652e-06
624640,7.27652e-06
624896,7.27652e-06
625152,7.27652e-06
625408,7.27652e-06
625664,7.27652e-06
625920,7.27652e-06
626176,7.27652e-06
626432,7.27652e-06
626688,7.27652e-06
626944,7.27652e-06
627200,7.27652e-06
627456,7.27652e-06
627712,7.27652e-06
627968,7.27652e-06
628224,7.27652e-06
628480,7.27652e-06
628736,7.27652e-06
628992,7.27652e-06
629248,7.27652e-06
629504,7.27652e-06
629760,7.27652e-06
630016,7.27652e-06
630272,7.27652e-06
630528,7.27652e-06
630784,7.27652e-06
631040,7.27652e-06
631296,7.27652e-06
631552,7.27652e-06
631808,7.27652e-06
632064,7.27652e-06
632320,7.27652e-06
632576,7.27652e-06
632832,7.27652e-06
633088,7.27652e-06
633344,7.27652e-06
633600,7.27652e-06
633856,7.27652e-06
634112,7.27652e-06
634368,7.27652e-06
634624,7.27652e-06
634880,7.27652e-06
635136,7.27652e-06
635392,7.27652e-06
635648,7.27652e-06
635904,7.27652e-06
636160,7.27652e-06
636416,7.27652e-06
636672,7.27652e-06
636928,7.27652e-06
637184,7.27652e-06
637440,7.27652e-06
637696,7.27652e-06
637952,7.27652e-06
638208,7.27652e-06
638464,7.27652e-06
638720,7.27652e-06
638976,7.27652e-06
639232,7.27652e-06
639488,7.27652e-06
639744,7.27652e-06
640000,7.27652e-06
640256,7.27652e-06
640512,7.27652e-06
640768,7.27652e-06
641024,7.27652e-06
641280,7.27652e-06
641536,7.27652e-06
641792,7.27652e-06
642048,7.27652e-06
642304,7.27652e-06
642560,7.27652e-06
642816,7.27652e-06
643072,7.27652e-06
643328,7.27652e-06
643584,7.27652e-06
643840,7.27652e-06
644096,7.27652e-06
644352,7.27652e-06
644608,7.27652e-06
644864,7.27652e-06
645120,7.27652e-06
645376,7.27652e-06
645632,7.27652e-06
645888,7.27652e-06
646144,7.27652e-06
646400,7.27652e-06
646656,7.27652e-06
646912,7.27652e-06
647168,7.27652e-06
647424,7.27652e-06
647680,7.27652e-06
647936,7.27652e-06
648192,7.27652e-06
648448,7.27652e-06
648704,7.27652e-06
648960,7.27652e-06
649216,7.27652e-06
649472,7.27652e-06
649728,7.27652e-06
649984,7.27652e-06
650240,7.27652e-06
650496,7.27652e-06
650752,7.27652e-06
651008,7.27652e-06
651264,7.27652e-06
651520,7.27652e-06
651776,7.27652e-06
652032,7.27652e-06
652288,7.27652e-06
652544,7.27652e-06
652800,7.27652e-06
653056,7.27652e-06
653312,7.27652e-06
653568,7.27652e-06
653824,7.27652e-06
654080,7.27652e-06
654336,7.27652e-06
654592,7.27652e-06
654848,7.27652e-06
655104,7.27652e-06
655360,7.27652e-06
655616,7.27652e-06
655872,7.27652e-06
656128,7.27652e-06
656384,7.27652e-06
656640,7.27652e-06
656896,7.27652e-06
657152,7.27652e-06
657408,7.27652e-06
657664,7.27652e-06
657920,7.27652e-06
658176,7.27652e-06
658432,7.27652e-06
658688,7.27652e-06
658944,7.27652e-06
659200,7.27652e-06
659456,7.27652e-06
659712,7.27652e-06
659968,7.27652e-06
660224,7.27652e-06
660480,7.27652e-06
660736,7.27652e-06
660992,7.27652e-06
661248,7.27652e-06
661504,7.27652e-06
661760,7.27652e-06
662016,7.27652e-06
662272,7.27652e-06
662528,7.27652e-06
662784,7.27652e-06
663040,7.27652e-06
663296,7.27652e-06
663552,7.27652e-06
663808,7.27652e-06
664064,7.27652e-06
664320,7.27652e-06
664576,7.27652e-06
664832,7.27652e-06
665088,7.27652e-06
665344,7.27652e-06
665600,7.27652e-06
665856,7.27652e-06
666112,7.27652e-06
666368,7.27652e-06
666624,7.27652e-06
666880,7.27652e-06
667136,7.27652e-06
667392,7.27652e-06
667648,7.27652e-06
667904,7.27652e-06
668160,7.27652e-06
668416,7.27652e-06
668672,7.27652e-06
668928,7.27652e-06
669184,7.27652e-06
669440,7.27652e-06
669696,7.27652e-06
669952,7.27652e-06
670208,7.27652e-06
670464,7.27652e-06
670720,7.27652e-06
670976,7.27652e-06
671232,7.27652e-06
671488,7.27652e-06
671744,7.27652e-06
672000,7.27652e-06
672256,7.27652e-06
672512,7.27652e-06
672768,7.27652e-06
673024,7.27652e-06
673280,7.27652e-06
673536,7.27652e-06
673792,7.27652e-06
674048,7.27652e-06
674304,7.27652e-06
674560,7.27652e-06
674816,7.27652e-06
675072,7.27652e-06
675328,7.27652e-06
675584,7.27652e-06
675840,7.27652e-06
676096,7.27652e-06
676352,7.27652e-06
676608,7.27652e-06
676864,7.27652e-06
677120,7.27652e-06
677376,7.27652e-06
677632,7.27652e-06
677888,7.27652e-06
678144,7.27652e-06
678400,7.27652e-06
678656,7.27652e-06
678912,7.27652e-06
679168,7.27652e-06
679424,7.27652e-06
679680,7.27652e-06
679936,7.27652e-06
680192,7.27652e-06
680448,7.27652e-06
680704,7.27652e-06
680960,7.27652e-06
681216,7.27652e-06
681472,7.27652e-06
681728,7.27652e-06
681984,7.27652e-06
682240,7.27652e-06
682496,7.27652e-06
682752,7.27652e-06
683008,7.27652e-06
683264,7.27652e-06
683520,7.27652e-06
683776,7.27652e-06
684032,7.27652e-06
684288,7.27652e-06
684544,7.27652e-06
684800,7.27652e-06
685056,7.27652e-06
685312,7.27652e-06
685568,7.27652e-06
685824,7.27652e-06
686080,7.27652e-06
686336,7.27652e-06
686592,7.27652e-06
686848,7.27652e-06
687104,7.27652e-06
687360,7.27652e-06
687616,7.27652e-06
687872,7.27652e-06
688128,7.27652e-06
688384,7.27652e-06
688640,7.27652e-06
688896,7.27652e-06
689152,7.27652e-06
689408,7.27652e-06
689664,7.27652e-06
689920,7.27652e-06
690176,7.27652e-06
690432,7.27652e-06
690688,7.27652e-06
690944,7.27652e-06
691200,7.27652e-06
691456,7.27652e-06
691712,7.27652e-06
691968,7.27652e-06
692224,7.27652e-06
692480,7.27652e-06
692736,7.27652e-06
692992,7.27652e-06
693248,7.27652e-06
693504,7.27652e-06
693760,7.27652e-06
694016,7.27652e-06
694272,7.27652e-06
694528,7.27652e-06
694784,7.27652e-06
695040,7.27652e-06
695296,7.27652e-06
695552,7.27652e-06
695808,7.27652e-06
696064,7.27652e-06
696320,7.27652e-06
696576,7.27652e-06
696832,7.27652e-06
697088,7.27652e-06
697344,7.27652e-06
697600,7.27652e-06
697856,7.27652e-06
698112,7.27652e-06
698368,7.27652e-06
698624,7.27652e-06
698880,7.27652e-06
699136,7.27652e-06
699392,7.27652e-06
699648,7.27652e-06
699904,7.27652e-06
700160,7.27652e-06
700416,7.27652e-06
700672,7.27652e-06
700928,7.27652e-06
701184,7.27652e-06
701440,7.27652e-06
701696,7.27652e-06
701952,7.27652e-06
702208,7.27652e-06
702464,7.27652e-06
702720,7.27652e-06
702976,7.27652e-06
703232,7.27652e-06
703488,7.27652e-06
703744,7.27652e-06
704000,7.27652e-06
704256,7.27652e-06
704512,7.27652e-06
704768,7.27652e-06
705024,7.27652e-06
705280,7.27652e-06
705536,7.27652e-06
705792,7.27652e-06
706048,7.27652e-06
706304,7.27652e-06
706560,7.27652e-06
706816,7.27652e-06
707072,7.27652e-06
707328,7.27652e-06
707584,7.27652e-06
707840,7.27652e-06
708096,7.27652e-06
708352,7.27652e-06
708608,7.27652e-06
708864,7.27652e-06
709120,7.27652e-06
709376,7.27652e-06
709632,7.27652e-06
709888,7.27652e-06
710144,7.27652e-06
710400,7.27652e-06
710656,7.27652e-06
710912,7.27652e-06
711168,7.27652e-06
711424,7.27652e-06
711680,7.27652e-06
711936,7.27652e-06
712192,7.27652e-06
712448,7.27652e-06
712704,7.27652e-06
712960,7.27652e-06
713216,7.27652e-06
713472,7.27652e-06
713728,7.27652e-06
713984,7.27652e-06
714240,7.27652e-06
714496,7.27652e-06
714752,7.27652e-06
715008,7.27652e-06
715264,7.27652e-06
715520,7.27652e-06
715776,7.27652e-06
716032,7.27652e-06
716288,7.27652e-06
716544,7.27652e-06
716800,7.27652e-06
717056,7.27652e-06
717312,7.27652e-06
717568,7.27652e-06
717824,7.27652e-06
718080,7.27652e-06
718336,7.27652e-06
718592,7.27652e-06
718848,7.27652e-06
719104,7.27652e-06
719360,7.27652e-06
719616,7.27652e-06
719872,7.27652e-06
720128,7.27652e-06
720384,7.27652e-06
720640,7.27652e-06
720896,7.27652e-06
721152,7.27652e-06
721408,7.27652e-06
721664,7.27652e-06
721920,7.27652e-06
722176,7.27652e-06
722432,7.27652e-06
722688,7.27652e-06
722944,7.27652e-06
723200,7.27652e-06
723456,7.27652e-06
723712,7.27652e-06
723968,7.27652e-06
724224,7.27652e-06
724480,7.27652e-06
724736,7.27652e-06
724992,7.27652e-06
725248,7.27652e-06
725504,7.27652e-06
725760,7.27652e-06
726016,7.27652e-06
726272,7.27652e-06
726528,7.27652e-06
726784,7.27652e-06
727040,7.27652e-06
727296,7.27652e-06
727552,7.27652e-06
727808,7.27652e-06
728064,7.27652e-06
728320,7.27652e-06
728576,7.27652e-06
728832,7.27652e-06
729088,7.27652e-06
729344,7.27652e-06
729600,7.27652e-06
729856,7.27652e-06
730112,7.27652e-06
730368,7.27652e-06
730624,7.27652e-06
730880,7.27652e-06
731136,7.27652e-06
731392,7.27652e-06
731648,7.27652e-06
731904,7.27652e-06
732160,7.27652e-06
732416,7.27652e-06
732672,7.27652e-06
732928,7.27652e-06
733184,7.27652e-06
733440,7.27652e-06
733696,7.27652e-06
733952,7.27652e-06
734208,7.27652e-06
734464,7.27652e-06
734720,7.27652e-06
734976,7.27652e-06
735232,7.27652e-06
735488,7.27652e-06
735744,7.27652e-06
736000,7.27652e-06
736256,7.25987e-06
736512,7.235e-06
736768,7.21005e-06
737024,7.18501e-06
737280,7.18203e-06
737536,7.18203e-06
737792,7.18203e-06
738048,7.18203e-06
738304,7.18203e-06
738560,7.18203e-06
738816,7.18203e-06
739072,7.18203e-06
739328,7.18203e-06
739584,7.18203e-06
739840,7.18203e-06
740096,7.18203e-06
740352,7.18203e-06
740608,7.18203e-06
740864,7.18203e-06
741120,7.18203e-06
741376,7.18203e-06
741632,7.18203e-06
741888,7.18203e-06
742144,7.18203e-06
742400,7.18203e-06
742656,7.18203e-06
742912,7.18203e-06
743168,7.18203e-06
743424,7.18203e-06
743680,7.18203e-06
743936,7.18203e-06
744192,7.18203e-06
744448,7.18203e-06
744704,7.18203e-06
744960,7.18203e-06
745216,7.18203e-06
745472,7.18203e-06
745728,7.18203e-06
745984,7.18203e-06
746240,7.18203e-06
746496,7.18203e-06
746752,7.18203e-06
747008,7.18203e-06
747264,7.18203e-06
747520,7.18203e-06
747776,7.18203e-06
748032,7.18203e-06
748288,7.18203e-06
748544,7.18203e-06
748800,7.18203e-06
749056,7.18203e-06
749312,7.18203e-06
749568,7.18203e-06
749824,7.18203e-06
750080,7.18203e-06
750336,7.18203e-06
750592,7.18203e-06
750848,7.18203e-06
751104,7.18203e-06
751360,7.18203e-06
751616,7.18203e-06
751872,7.18203e-06
752128,7.18203e-06
752384,7.18203e-06
752640,7.18203e-06
752896,7.18203e-06
753152,7.18203e-06
753408,7.18203e-06
753664,7.18203e-06
753920,7.18203e-06
754176,7.18203e-06
754432,7.18203e-06
754688,7.18203e-06
754944,7.18203e-06
755200,7.18203e-06
755456,7.18203e-06
755712,7.18203e-06
755968,7.18203e-06
756224,7.18203e-06
756480,7.18203e-06
756736,7.18203e-06
756992,7.18203e-06
757248,7.18203e-06
757504,7.18203e-06
757760,7.18203e-06
758016,7.18203e-06
758272,7.18203e-06
758528,7.18203e-06
758784,7.18203e-06
759040,7.18203e-06
759296,7.18203e-06
759552,7.18203e-06
759808,7.18203e-06
