cache_lines,MRC
256,0.080013
512,0.0778639
768,0.0763582
1024,0.0751718
1280,0.0743098
1536,0.0735973
1792,0.072844
2048,0.0721519
2304,0.0717705
2560,0.071446
2816,0.0711534
3072,0.0708975
3328,0.0706859
3584,0.0704605
3840,0.0702827
4096,0.0700753
4352,0.0697455
4608,0.0694125
4864,0.0690892
5120,0.068767
5376,0.0684447
5632,0.0681212
5888,0.0676294
6144,0.0672718
6400,0.0669528
6656,0.0666465
6912,0.0665069
7168,0.066447
7424,0.0663972
7680,0.0663473
7936,0.0663019
8192,0.0662603
8448,0.0662161
8704,0.0661752
8960,0.0661387
9216,0.0661052
9472,0.0660653
9728,0.0660287
9984,0.0659945
10240,0.0659638
10496,0.0659339
10752,0.065907
11008,0.0658433
11264,0.0657404
11520,0.0656785
11776,0.0656342
12032,0.0655982
12288,0.0655644
12544,0.0655312
12800,0.065478
13056,0.0653923
13312,0.0652706
13568,0.0651585
13824,0.0650783
14080,0.0650148
14336,0.0649562
14592,0.0649014
14848,0.0648466
15104,0.0648012
15360,0.0647602
15616,0.0647216
15872,0.0646824
16128,0.0646481
16384,0.0646142
16640,0.0645834
16896,0.064553
17152,0.0645243
17408,0.0644973
17664,0.0644698
17920,0.0644437
18176,0.0644182
18432,0.0643912
18688,0.0643631
18944,0.0643358
19200,0.0643026
19456,0.0642734
19712,0.0642472
19968,0.0642215
20224,0.064197
20480,0.0641726
20736,0.0641487
20992,0.0641283
21248,0.0641093
21504,0.06409
21760,0.0640711
22016,0.0640484
22272,0.0640272
22528,0.0640096
22784,0.0639823
23040,0.0639403
23296,0.0639053
23552,0.063875
23808,0.0638481
24064,0.0638216
24320,0.0637976
24576,0.063772
24832,0.0637469
25088,0.0637239
25344,0.0637004
25600,0.063678
25856,0.0636554
26112,0.0636319
26368,0.0636081
26624,0.063583
26880,0.0635593
27136,0.0635345
27392,0.0635099
27648,0.0634854
27904,0.06345
28160,0.0634155
28416,0.0633849
28672,0.0633555
28928,0.0633269
29184,0.0633002
29440,0.0632738
29696,0.0632467
29952,0.063219
30208,0.0631866
30464,0.0631562
30720,0.0631246
30976,0.0630883
31232,0.0630497
31488,0.0630052
31744,0.0629547
32000,0.0629038
32256,0.0628529
32512,0.0627996
32768,0.0627495
33024,0.0627037
33280,0.0626585
33536,0.0626126
33792,0.0625681
34048,0.0625249
34304,0.0624847
34560,0.0624465
34816,0.0624069
35072,0.0623644
35328,0.0623208
35584,0.0622732
35840,0.0622185
36096,0.0621046
36352,0.0616602
36608,0.0612172
36864,0.0607054
37120,0.0601995
37376,0.0597581
37632,0.0593608
37888,0.0589922
38144,0.0586735
38400,0.0583986
38656,0.0581459
38912,0.0579211
39168,0.0577126
39424,0.0575177
39680,0.057341
39936,0.0571714
40192,0.0569081
40448,0.0562551
40704,0.0552538
40960,0.0541427
41216,0.0527871
41472,0.0514246
41728,0.0501711
41984,0.0490172
42240,0.0479984
42496,0.0471139
42752,0.0463329
43008,0.0456054
43264,0.0449089
43520,0.0442482
43776,0.043619
44032,0.0430101
44288,0.0424125
44544,0.0418463
44800,0.0412915
45056,0.0407468
45312,0.0402068
45568,0.0396776
45824,0.039145
46080,0.0386232
46336,0.0381021
46592,0.0375759
46848,0.0370395
47104,0.0364865
47360,0.0359022
47616,0.0352546
47872,0.0344597
48128,0.0334348
48384,0.0324655
48640,0.0317366
48896,0.0309781
49152,0.0302014
49408,0.0293882
49664,0.0285386
49920,0.0277395
50176,0.0269371
50432,0.0261178
50688,0.0253884
50944,0.0247161
51200,0.0240844
51456,0.0234429
51712,0.0227633
51968,0.022058
52224,0.0213052
52480,0.0205831
52736,0.0199138
52992,0.0192988
53248,0.0187121
53504,0.0181618
53760,0.017618
54016,0.0171092
54272,0.0166011
54528,0.0161083
54784,0.0156043
55040,0.0150849
55296,0.0145844
55552,0.0140965
55808,0.0136074
56064,0.0131343
56320,0.0126843
56576,0.0122557
56832,0.0118361
57088,0.011401
57344,0.0109764
57600,0.0105461
57856,0.0101168
58112,0.00971739
58368,0.00932613
58624,0.008923
58880,0.00850925
59136,0.00809464
59392,0.00770319
59648,0.00729444
59904,0.00687988
60160,0.0064492
60416,0.00603387
60672,0.00564369
60928,0.00524853
61184,0.00487674
61440,0.00452348
61696,0.00418073
61952,0.00384328
62208,0.00355214
62464,0.00328524
62720,0.00304851
62976,0.00284391
63232,0.00268576
63488,0.00256082
63744,0.0024682
64000,0.00239782
64256,0.00234688
64512,0.00230267
64768,0.0022605
65024,0.00222129
65280,0.00218224
65536,0.00214902
65792,0.00211612
66048,0.00208357
66304,0.0020547
66560,0.00202436
66816,0.00199494
67072,0.00196523
67328,0.00193746
67584,0.00191091
67840,0.001885
68096,0.00186217
68352,0.00183943
68608,0.00181734
68864,0.00179644
69120,0.00177582
69376,0.00175694
69632,0.00173682
69888,0.0017175
70144,0.00169871
70400,0.00168091
70656,0.00166255
70912,0.00164423
71168,0.00162552
71424,0.00160902
71680,0.00159107
71936,0.00157413
72192,0.00155752
72448,0.00154102
72704,0.00152383
72960,0.00150603
73216,0.00148803
73472,0.00146931
73728,0.00145078
73984,0.00143186
74240,0.00141345
74496,0.00139541
74752,0.00137767
75008,0.00136119
75264,0.0013467
75520,0.0013315
75776,0.00131646
76032,0.00130237
76288,0.00128893
76544,0.00127502
76800,0.0012618
77056,0.00124875
77312,0.00123628
77568,0.00122378
77824,0.00121223
78080,0.00120089
78336,0.00118867
78592,0.00117839
78848,0.00116762
79104,0.00115757
79360,0.00114713
79616,0.00113689
79872,0.00112684
80128,0.00111693
80384,0.00110751
80640,0.00109781
80896,0.00108873
81152,0.00107959
81408,0.00107042
81664,0.00106179
81920,0.00105305
82176,0.00104367
82432,0.00103428
82688,0.00102553
82944,0.0010168
83200,0.00100758
83456,0.000998795
83712,0.000989887
83968,0.000981761
84224,0.000973032
84480,0.000965131
84736,0.000957546
84992,0.000949403
85248,0.000941007
85504,0.000933241
85760,0.000925078
86016,0.000917108
86272,0.000909899
86528,0.000902634
86784,0.000895062
87040,0.000886908
87296,0.00087974
87552,0.000872794
87808,0.000865713
88064,0.000858572
88320,0.000850923
88576,0.00084338
88832,0.000836198
89088,0.000828954
89344,0.000821975
89600,0.000814712
89856,0.000807663
90112,0.000800131
90368,0.000793229
90624,0.000786668
90880,0.000780332
91136,0.000773593
91392,0.000767035
91648,0.000760819
91904,0.000754265
92160,0.00074812
92416,0.00074213
92672,0.00073627
92928,0.000729792
93184,0.000723656
93440,0.000717587
93696,0.000711795
93952,0.000705454
94208,0.000699342
94464,0.000693889
94720,0.00068787
94976,0.000682282
95232,0.000676693
95488,0.000671202
95744,0.00066562
96000,0.000659875
96256,0.000654128
96512,0.000648461
96768,0.000643115
97024,0.000638409
97280,0.00063306
97536,0.000627976
97792,0.000623105
98048,0.000618169
98304,0.000613679
98560,0.000608802
98816,0.00060425
99072,0.000599412
99328,0.000594306
99584,0.000589013
99840,0.000583597
100096,0.000579136
100352,0.000574614
100608,0.000570276
100864,0.000565975
101120,0.000561037
101376,0.00055655
101632,0.000552254
101888,0.000548018
102144,0.000543072
102400,0.00053896
102656,0.000534813
102912,0.000530944
103168,0.000526594
103424,0.000522511
103680,0.000518761
103936,0.000514547
104192,0.000510695
104448,0.000507077
104704,0.000503149
104960,0.000499521
105216,0.00049577
105472,0.000491861
105728,0.000488251
105984,0.000483854
106240,0.000479997
106496,0.000476407
106752,0.000472957
107008,0.000468606
107264,0.00046435
107520,0.000460262
107776,0.000456575
108032,0.000453155
108288,0.000449647
108544,0.000446616
108800,0.000442974
109056,0.000439421
109312,0.000436539
109568,0.000433377
109824,0.000430289
110080,0.000426889
110336,0.000423573
110592,0.000420135
110848,0.000416659
111104,0.000413626
111360,0.000410764
111616,0.000407506
111872,0.000404103
112128,0.000400933
112384,0.000398029
112640,0.000394856
112896,0.000391569
113152,0.000388146
113408,0.000385
113664,0.00038197
113920,0.000379256
114176,0.000376752
114432,0.000374053
114688,0.000371549
114944,0.000368768
115200,0.000366168
115456,0.000363153
115712,0.000360241
115968,0.000357373
116224,0.000354597
116480,0.000351711
116736,0.00034892
116992,0.000346041
117248,0.000343416
117504,0.000340662
117760,0.00033761
118016,0.000335082
118272,0.000332612
118528,0.000330144
118784,0.000327526
119040,0.000324964
119296,0.000322543
119552,0.000320305
119808,0.00031729
120064,0.000315093
120320,0.000312689
120576,0.00031006
120832,0.000307533
121088,0.000305524
121344,0.000303427
121600,0.000301139
121856,0.000298752
122112,0.000296565
122368,0.000294257
122624,0.000292187
122880,0.00028995
123136,0.000287474
123392,0.000285435
123648,0.000283438
123904,0.000281263
124160,0.000279185
124416,0.000277245
124672,0.000274953
124928,0.000272673
125184,0.00027048
125440,0.000268346
125696,0.000266315
125952,0.000264369
126208,0.000262558
126464,0.00026029
126720,0.000258406
126976,0.000256561
127232,0.000254381
127488,0.000252368
127744,0.000250538
128000,0.000249053
128256,0.000247349
128512,0.000245473
128768,0.000243596
129024,0.00024155
129280,0.000239644
129536,0.000237518
129792,0.000235869
130048,0.000234044
130304,0.000232129
130560,0.000230679
130816,0.000229029
131072,0.000227398
131328,0.000225717
131584,0.000223827
131840,0.000221813
132096,0.000219861
132352,0.000217923
132608,0.000216271
132864,0.000214466
133120,0.000212901
133376,0.000211388
133632,0.000209683
133888,0.000208072
134144,0.000206482
134400,0.000204816
134656,0.000202946
134912,0.000201092
135168,0.000199244
135424,0.000197709
135680,0.000196413
135936,0.000194684
136192,0.000192779
136448,0.000190866
136704,0.000188956
136960,0.000187124
137216,0.00018542
137472,0.000183724
137728,0.00018245
137984,0.000180805
138240,0.000179352
138496,0.000177583
138752,0.000176036
139008,0.000174709
139264,0.000172992
139520,0.000171373
139776,0.000169861
140032,0.000168474
140288,0.000167153
140544,0.000165372
140800,0.00016379
141056,0.000162407
141312,0.000160829
141568,0.000159211
141824,0.000157787
142080,0.000156301
142336,0.000154905
142592,0.000153266
142848,0.000151516
143104,0.0001502
143360,0.000148691
143616,0.000147173
143872,0.000145666
144128,0.000144335
144384,0.000142812
144640,0.000141333
144896,0.000139718
145152,0.000138256
145408,0.000136727
145664,0.000135147
145920,0.000133974
146176,0.000132811
146432,0.000131408
146688,0.000129785
146944,0.000128505
147200,0.000127241
147456,0.000125493
147712,0.00012403
147968,0.000122714
148224,0.000121368
148480,0.000120197
148736,0.000118761
148992,0.000117485
149248,0.000116153
149504,0.000114799
149760,0.000113692
150016,0.000112535
150272,0.000111249
150528,0.00011007
150784,0.000109047
151040,0.000107674
151296,0.000106491
151552,0.000105082
151808,0.000103829
152064,0.000102612
152320,0.00010165
152576,0.000100651
152832,9.94851e-05
153088,9.82182e-05
153344,9.69639e-05
153600,9.5844e-05
153856,9.4907e-05
154112,9.39677e-05
154368,9.29554e-05
154624,9.172e-05
154880,9.0635e-05
155136,8.96354e-05
155392,8.86658e-05
155648,8.73377e-05
155904,8.62356e-05
156160,8.53257e-05
156416,8.4235e-05
156672,8.32871e-05
156928,8.2545e-05
157184,8.1525e-05
157440,8.03293e-05
157696,7.90497e-05
157952,7.80247e-05
158208,7.71496e-05
158464,7.62315e-05
158720,7.52758e-05
158976,7.44405e-05
159232,7.32664e-05
159488,7.22467e-05
159744,7.10838e-05
160000,6.99857e-05
160256,6.89984e-05
160512,6.80484e-05
160768,6.69299e-05
161024,6.59979e-05
161280,6.5164e-05
161536,6.44176e-05
161792,6.37269e-05
162048,6.30513e-05
162304,6.21736e-05
162560,6.14406e-05
162816,6.06579e-05
163072,5.99455e-05
163328,5.89097e-05
163584,5.80763e-05
163840,5.71645e-05
164096,5.65237e-05
164352,5.57319e-05
164608,5.49555e-05
164864,5.4291e-05
165120,5.3576e-05
165376,5.28685e-05
165632,5.22313e-05
165888,5.17025e-05
166144,5.11041e-05
166400,5.03143e-05
166656,4.96395e-05
166912,4.91027e-05
167168,4.85785e-05
167424,4.80277e-05
167680,4.74449e-05
167936,4.68395e-05
168192,4.60809e-05
168448,4.54559e-05
168704,4.48879e-05
168960,4.43021e-05
169216,4.37877e-05
169472,4.32395e-05
169728,4.2675e-05
169984,4.21651e-05
170240,4.1532e-05
170496,4.09131e-05
170752,4.03473e-05
171008,3.99638e-05
171264,3.9418e-05
171520,3.90177e-05
171776,3.83997e-05
172032,3.77644e-05
172288,3.73214e-05
172544,3.68711e-05
172800,3.64376e-05
173056,3.57248e-05
173312,3.50973e-05
173568,3.45891e-05
173824,3.42195e-05
174080,3.36859e-05
174336,3.32397e-05
174592,3.2819e-05
174848,3.23182e-05
175104,3.18389e-05
175360,3.14761e-05
175616,3.10864e-05
175872,3.07078e-05
176128,3.03336e-05
176384,2.99022e-05
176640,2.94665e-05
176896,2.90185e-05
177152,2.86813e-05
177408,2.82826e-05
177664,2.79035e-05
177920,2.75746e-05
178176,2.72122e-05
178432,2.69173e-05
178688,2.66347e-05
178944,2.62349e-05
179200,2.58811e-05
179456,2.56509e-05
179712,2.53895e-05
179968,2.50509e-05
180224,2.4729e-05
180480,2.45014e-05
180736,2.41429e-05
180992,2.37954e-05
181248,2.35658e-05
181504,2.31671e-05
181760,2.28141e-05
182016,2.24173e-05
182272,2.20696e-05
182528,2.18314e-05
182784,2.15159e-05
183040,2.12169e-05
183296,2.09561e-05
183552,2.06336e-05
183808,2.04e-05
184064,2.00519e-05
184320,1.98552e-05
184576,1.96951e-05
184832,1.9479e-05
185088,1.92624e-05
185344,1.89573e-05
185600,1.88587e-05
185856,1.87053e-05
186112,1.84998e-05
186368,1.83594e-05
186624,1.81274e-05
186880,1.78763e-05
187136,1.76158e-05
187392,1.75044e-05
187648,1.73398e-05
187904,1.72356e-05
188160,1.70621e-05
188416,1.69631e-05
188672,1.68051e-05
188928,1.65355e-05
189184,1.63021e-05
189440,1.61558e-05
189696,1.60647e-05
189952,1.58198e-05
190208,1.56999e-05
190464,1.5488e-05
190720,1.52796e-05
190976,1.50112e-05
191232,1.47937e-05
191488,1.46793e-05
191744,1.45198e-05
192000,1.44386e-05
192256,1.4356e-05
192512,1.42257e-05
192768,1.40335e-05
193024,1.3908e-05
193280,1.37726e-05
193536,1.36448e-05
193792,1.34848e-05
194048,1.34035e-05
194304,1.33256e-05
194560,1.32618e-05
194816,1.3149e-05
195072,1.30413e-05
195328,1.29701e-05
195584,1.2801e-05
195840,1.271e-05
196096,1.265e-05
196352,1.26317e-05
196608,1.25845e-05
196864,1.24207e-05
197120,1.22797e-05
197376,1.21958e-05
197632,1.21006e-05
197888,1.20451e-05
198144,1.19702e-05
198400,1.19072e-05
198656,1.18322e-05
198912,1.1734e-05
199168,1.16525e-05
199424,1.15922e-05
199680,1.15119e-05
199936,1.14347e-05
200192,1.14025e-05
200448,1.13502e-05
200704,1.13245e-05
200960,1.12849e-05
201216,1.12152e-05
201472,1.11827e-05
201728,1.11512e-05
201984,1.11198e-05
202240,1.10252e-05
202496,1.09906e-05
202752,1.0978e-05
203008,1.0978e-05
203264,1.09465e-05
203520,1.09098e-05
203776,1.08992e-05
204032,1.08846e-05
204288,1.08719e-05
204544,1.08362e-05
204800,1.07715e-05
205056,1.07417e-05
205312,1.07094e-05
205568,1.06787e-05
205824,1.06787e-05
206080,1.06315e-05
206336,1.05602e-05
206592,1.0499e-05
206848,1.04267e-05
207104,1.03912e-05
207360,1.03575e-05
207616,1.03164e-05
207872,1.02815e-05
208128,1.02349e-05
208384,1.01892e-05
208640,1.01589e-05
208896,1.00959e-05
209152,1.00959e-05
209408,1.00781e-05
209664,1.00329e-05
209920,1.00172e-05
210176,9.98569e-06
210432,9.95976e-06
210688,9.92269e-06
210944,9.87544e-06
211200,9.84394e-06
211456,9.84394e-06
211712,9.84394e-06
211968,9.81244e-06
212224,9.74956e-06
212480,9.74546e-06
212736,9.71793e-06
212992,9.70218e-06
213248,9.6777e-06
213504,9.65493e-06
213760,9.65493e-06
214016,9.60703e-06
214272,9.54468e-06
214528,9.52893e-06
214784,9.50905e-06
215040,9.49743e-06
215296,9.49743e-06
215552,9.48037e-06
215808,9.41855e-06
216064,9.39112e-06
216320,9.37143e-06
216576,9.35568e-06
216832,9.34747e-06
217088,9.3275e-06
217344,9.29162e-06
217600,9.23977e-06
217856,9.21392e-06
218112,9.19848e-06
218368,9.19817e-06
218624,9.19817e-06
218880,9.19817e-06
219136,9.17839e-06
219392,9.12587e-06
219648,9.10367e-06
219904,9.09905e-06
220160,9.07217e-06
220416,9.0719e-06
220672,9.05642e-06
220928,9.04067e-06
221184,9.02492e-06
221440,9.02492e-06
221696,9.00995e-06
221952,8.97767e-06
222208,8.97767e-06
222464,8.97692e-06
222720,8.96192e-06
222976,8.94617e-06
223232,8.94617e-06
223488,8.94617e-06
223744,8.92819e-06
224000,8.91467e-06
224256,8.91467e-06
224512,8.88776e-06
224768,8.88317e-06
225024,8.88317e-06
225280,8.86959e-06
225536,8.83324e-06
225792,8.742e-06
226048,8.70991e-06
226304,8.70991e-06
226560,8.69416e-06
226816,8.68893e-06
227072,8.64546e-06
227328,8.63116e-06
227584,8.61541e-06
227840,8.61541e-06
228096,8.61541e-06
228352,8.61541e-06
228608,8.61541e-06
228864,8.58391e-06
229120,8.58391e-06
229376,8.56816e-06
229632,8.54211e-06
229888,8.53666e-06
230144,8.50516e-06
230400,8.48941e-06
230656,8.48941e-06
230912,8.48941e-06
231168,8.48941e-06
231424,8.48941e-06
231680,8.47366e-06
231936,8.47366e-06
232192,8.45791e-06
232448,8.44216e-06
232704,8.44216e-06
232960,8.44216e-06
233216,8.44216e-06
233472,8.44216e-06
233728,8.43214e-06
233984,8.39491e-06
234240,8.37916e-06
234496,8.37916e-06
234752,8.37916e-06
235008,8.37916e-06
235264,8.37916e-06
235520,8.37916e-06
235776,8.36341e-06
236032,8.36341e-06
236288,8.35007e-06
236544,8.34766e-06
236800,8.32396e-06
237056,8.31616e-06
237312,8.31341e-06
237568,8.3004e-06
237824,8.3004e-06
238080,8.28955e-06
238336,8.28465e-06
238592,8.28465e-06
238848,8.28465e-06
239104,8.26711e-06
239360,8.2374e-06
239616,8.2374e-06
239872,8.2374e-06
240128,8.2374e-06
240384,8.2374e-06
240640,8.2374e-06
240896,8.2374e-06
241152,8.2374e-06
241408,8.22165e-06
241664,8.21243e-06
241920,8.2059e-06
242176,8.2059e-06
242432,8.2059e-06
242688,8.2059e-06
242944,8.2059e-06
243200,8.2059e-06
243456,8.2059e-06
243712,8.2059e-06
243968,8.2059e-06
244224,8.2059e-06
244480,8.19015e-06
244736,8.17591e-06
244992,8.15865e-06
245248,8.15865e-06
245504,8.15865e-06
245760,8.15865e-06
246016,8.15865e-06
246272,8.14092e-06
246528,8.1114e-06
246784,8.1114e-06
247040,8.09933e-06
247296,8.09565e-06
247552,8.0872e-06
247808,8.0799e-06
248064,8.0799e-06
248320,8.0799e-06
248576,8.0799e-06
248832,8.06447e-06
249088,8.06415e-06
249344,8.05211e-06
249600,8.03799e-06
249856,8.03265e-06
250112,8.0169e-06
250368,8.0169e-06
250624,8.01267e-06
250880,8.00115e-06
251136,7.99985e-06
251392,7.9854e-06
251648,7.9854e-06
251904,7.9854e-06
252160,7.9854e-06
252416,7.9854e-06
252672,7.9854e-06
252928,7.97819e-06
253184,7.96965e-06
253440,7.96965e-06
253696,7.96965e-06
253952,7.96965e-06
254208,7.96965e-06
254464,7.96965e-06
254720,7.96965e-06
254976,7.96965e-06
255232,7.96965e-06
255488,7.96965e-06
255744,7.96965e-06
256000,7.96965e-06
256256,7.96965e-06
256512,7.96965e-06
256768,7.96687e-06
257024,7.95242e-06
257280,7.93815e-06
257536,7.93815e-06
257792,7.93815e-06
258048,7.93815e-06
258304,7.93815e-06
258560,7.93815e-06
258816,7.93815e-06
259072,7.93815e-06
259328,7.92717e-06
259584,7.9224e-06
259840,7.9224e-06
260096,7.9224e-06
260352,7.9224e-06
260608,7.9224e-06
260864,7.9224e-06
261120,7.9224e-06
261376,7.9224e-06
261632,7.9224e-06
261888,7.9224e-06
262144,7.9224e-06
262400,7.91841e-06
262656,7.90665e-06
262912,7.90665e-06
263168,7.90665e-06
263424,7.90665e-06
263680,7.90665e-06
263936,7.90665e-06
264192,7.90665e-06
264448,7.90665e-06
264704,7.90665e-06
264960,7.89243e-06
265216,7.8909e-06
265472,7.8909e-06
265728,7.8909e-06
265984,7.8909e-06
266240,7.8909e-06
266496,7.8909e-06
266752,7.8909e-06
267008,7.8909e-06
267264,7.8909e-06
267520,7.8909e-06
267776,7.8909e-06
268032,7.8909e-06
268288,7.8909e-06
268544,7.8909e-06
268800,7.8909e-06
269056,7.88503e-06
269312,7.87515e-06
269568,7.87515e-06
269824,7.87076e-06
270080,7.8594e-06
270336,7.8594e-06
270592,7.8594e-06
270848,7.8594e-06
271104,7.8594e-06
271360,7.8594e-06
271616,7.8594e-06
271872,7.8594e-06
272128,7.8594e-06
272384,7.8594e-06
272640,7.8594e-06
272896,7.8594e-06
273152,7.8594e-06
273408,7.8594e-06
273664,7.8594e-06
273920,7.8594e-06
274176,7.8594e-06
274432,7.8594e-06
274688,7.8594e-06
274944,7.8594e-06
275200,7.8594e-06
275456,7.8594e-06
275712,7.8594e-06
275968,7.8594e-06
276224,7.8594e-06
276480,7.8594e-06
276736,7.8594e-06
276992,7.8594e-06
277248,7.8594e-06
277504,7.8594e-06
277760,7.8594e-06
278016,7.8594e-06
278272,7.8594e-06
278528,7.8594e-06
278784,7.8594e-06
279040,7.8594e-06
279296,7.8594e-06
279552,7.8594e-06
279808,7.8594e-06
280064,7.8594e-06
280320,7.8594e-06
280576,7.8594e-06
280832,7.8594e-06
281088,7.8594e-06
281344,7.8594e-06
281600,7.8594e-06
281856,7.8594e-06
282112,7.8594e-06
282368,7.8594e-06
282624,7.8594e-06
282880,7.8594e-06
283136,7.84748e-06
283392,7.84365e-06
283648,7.84365e-06
283904,7.84365e-06
284160,7.84365e-06
284416,7.84365e-06
284672,7.84365e-06
284928,7.84365e-06
285184,7.84365e-06
285440,7.83559e-06
285696,7.8279e-06
285952,7.8279e-06
286208,7.8279e-06
286464,7.82144e-06
286720,7.81214e-06
286976,7.81214e-06
287232,7.81214e-06
287488,7.81214e-06
287744,7.81214e-06
288000,7.81214e-06
288256,7.81214e-06
288512,7.81214e-06
288768,7.81214e-06
289024,7.81214e-06
289280,7.81214e-06
289536,7.81214e-06
289792,7.81214e-06
290048,7.81214e-06
290304,7.81214e-06
290560,7.81214e-06
290816,7.81214e-06
291072,7.81214e-06
291328,7.81214e-06
291584,7.81214e-06
291840,7.81214e-06
292096,7.81214e-06
292352,7.81214e-06
292608,7.79878e-06
292864,7.79639e-06
293120,7.79639e-06
293376,7.79639e-06
293632,7.79639e-06
293888,7.79639e-06
294144,7.79639e-06
294400,7.79639e-06
294656,7.79639e-06
294912,7.79639e-06
295168,7.79639e-06
295424,7.79639e-06
295680,7.79639e-06
295936,7.79639e-06
296192,7.79639e-06
296448,7.79639e-06
296704,7.79639e-06
296960,7.79639e-06
297216,7.79639e-06
297472,7.79639e-06
297728,7.79639e-06
297984,7.79639e-06
298240,7.79045e-06
298496,7.78064e-06
298752,7.77532e-06
299008,7.76489e-06
299264,7.76489e-06
299520,7.76489e-06
299776,7.76489e-06
300032,7.76095e-06
300288,7.74914e-06
300544,7.74914e-06
300800,7.74914e-06
301056,7.74914e-06
301312,7.74914e-06
301568,7.74914e-06
301824,7.74914e-06
302080,7.74914e-06
302336,7.74914e-06
302592,7.74914e-06
302848,7.74914e-06
303104,7.74914e-06
303360,7.74914e-06
303616,7.74914e-06
303872,7.74914e-06
304128,7.74914e-06
304384,7.74914e-06
304640,7.74914e-06
304896,7.74914e-06
305152,7.74914e-06
305408,7.74914e-06
305664,7.74914e-06
305920,7.74914e-06
306176,7.74914e-06
306432,7.74914e-06
306688,7.74914e-06
306944,7.74914e-06
307200,7.74914e-06
307456,7.74914e-06
307712,7.74914e-06
307968,7.74914e-06
308224,7.73723e-06
308480,7.73339e-06
308736,7.73339e-06
308992,7.73339e-06
309248,7.73339e-06
309504,7.73339e-06
309760,7.73339e-06
310016,7.72296e-06
310272,7.71764e-06
310528,7.70757e-06
310784,7.70189e-06
311040,7.70189e-06
311296,7.70189e-06
311552,7.69241e-06
311808,7.68614e-06
312064,7.67688e-06
312320,7.67039e-06
312576,7.67039e-06
312832,7.67039e-06
313088,7.67039e-06
313344,7.67039e-06
313600,7.67039e-06
313856,7.67039e-06
314112,7.67039e-06
314368,7.67039e-06
314624,7.67039e-06
314880,7.67039e-06
315136,7.67039e-06
315392,7.67039e-06
315648,7.67039e-06
315904,7.67039e-06
316160,7.67039e-06
316416,7.67039e-06
316672,7.67039e-06
316928,7.67039e-06
317184,7.67039e-06
317440,7.67039e-06
317696,7.67039e-06
317952,7.67039e-06
318208,7.67039e-06
318464,7.67039e-06
318720,7.66332e-06
318976,7.65464e-06
319232,7.65464e-06
319488,7.65464e-06
319744,7.64778e-06
320000,7.63205e-06
320256,7.62314e-06
320512,7.62314e-06
320768,7.62314e-06
321024,7.62314e-06
321280,7.62314e-06
321536,7.62314e-06
321792,7.62314e-06
322048,7.62314e-06
322304,7.62314e-06
322560,7.62314e-06
322816,7.62314e-06
323072,7.62314e-06
323328,7.62314e-06
323584,7.62314e-06
323840,7.62314e-06
324096,7.62314e-06
324352,7.62314e-06
324608,7.62314e-06
324864,7.62314e-06
325120,7.62314e-06
325376,7.61959e-06
325632,7.6117e-06
325888,7.60739e-06
326144,7.60739e-06
326400,7.60739e-06
326656,7.60739e-06
326912,7.60739e-06
327168,7.60739e-06
327424,7.60739e-06
327680,7.60739e-06
327936,7.60739e-06
328192,7.60739e-06
328448,7.60739e-06
328704,7.60739e-06
328960,7.60739e-06
329216,7.60739e-06
329472,7.60739e-06
329728,7.60739e-06
329984,7.60739e-06
330240,7.60739e-06
330496,7.60739e-06
330752,7.60739e-06
331008,7.60739e-06
331264,7.60739e-06
331520,7.6033e-06
331776,7.59539e-06
332032,7.59164e-06
332288,7.59164e-06
332544,7.59164e-06
332800,7.59164e-06
333056,7.59164e-06
333312,7.59164e-06
333568,7.59164e-06
333824,7.59164e-06
334080,7.59164e-06
334336,7.59164e-06
334592,7.59164e-06
334848,7.59164e-06
335104,7.59164e-06
335360,7.59164e-06
335616,7.59164e-06
335872,7.59164e-06
336128,7.59164e-06
336384,7.59164e-06
336640,7.59164e-06
336896,7.59164e-06
337152,7.5867e-06
337408,7.57877e-06
337664,7.57589e-06
337920,7.57589e-06
338176,7.57589e-06
338432,7.57589e-06
338688,7.57589e-06
338944,7.57589e-06
339200,7.57589e-06
339456,7.57589e-06
339712,7.57589e-06
339968,7.57589e-06
340224,7.57589e-06
340480,7.57589e-06
340736,7.57589e-06
340992,7.57589e-06
341248,7.57589e-06
341504,7.57589e-06
341760,7.57589e-06
342016,7.57589e-06
342272,7.57589e-06
342528,7.57589e-06
342784,7.57589e-06
343040,7.57589e-06
343296,7.57589e-06
343552,7.57589e-06
343808,7.57589e-06
344064,7.57589e-06
344320,7.57589e-06
344576,7.57589e-06
344832,7.57589e-06
345088,7.57589e-06
345344,7.57589e-06
345600,7.57589e-06
345856,7.56906e-06
346112,7.56112e-06
346368,7.56014e-06
346624,7.56014e-06
346880,7.56014e-06
347136,7.56014e-06
347392,7.56014e-06
347648,7.56014e-06
347904,7.56014e-06
348160,7.56014e-06
348416,7.56014e-06
348672,7.56014e-06
348928,7.56014e-06
349184,7.56014e-06
349440,7.56014e-06
349696,7.56014e-06
349952,7.56014e-06
350208,7.56014e-06
350464,7.56014e-06
350720,7.5595e-06
350976,7.54359e-06
351232,7.52864e-06
351488,7.52864e-06
351744,7.52722e-06
352000,7.51124e-06
352256,7.49235e-06
352512,7.45215e-06
352768,7.41039e-06
353024,7.36158e-06
353280,7.30863e-06
353536,7.24257e-06
353792,7.1869e-06
354048,7.15338e-06
354304,7.1197e-06
354560,7.08587e-06
354816,7.07188e-06
355072,7.07188e-06
355328,7.06564e-06
355584,7.05713e-06
355840,7.05613e-06
356096,7.05585e-06
356352,7.04733e-06
356608,7.04038e-06
356864,7.04038e-06
357120,7.03458e-06
357376,7.01748e-06
357632,7.00034e-06
357888,6.98315e-06
358144,6.96592e-06
358400,6.94865e-06
358656,6.90946e-06
358912,6.86456e-06
359168,6.77647e-06
359424,6.68722e-06
359680,6.59676e-06
359936,6.52863e-06
360192,6.48245e-06
360448,6.4209e-06
360704,6.35967e-06
360960,6.33126e-06
361216,6.29395e-06
361472,6.24604e-06
361728,6.20565e-06
361984,6.15948e-06
362240,6.08094e-06
362496,6.03063e-06
362752,6.00086e-06
363008,6.00086e-06
363264,5.99217e-06
363520,5.97209e-06
363776,5.96065e-06
364032,5.95056e-06
364288,5.94046e-06
364544,5.93033e-06
364800,5.91828e-06
365056,5.89794e-06
365312,5.88407e-06
365568,5.87185e-06
365824,5.84107e-06
366080,5.82178e-06
366336,5.81026e-06
366592,5.76875e-06
366848,5.72144e-06
367104,5.66982e-06
367360,5.65921e-06
367616,5.64281e-06
367872,5.62011e-06
368128,5.57718e-06
368384,5.54041e-06
368640,5.50778e-06
368896,5.47496e-06
369152,5.42628e-06
369408,5.38021e-06
369664,5.35783e-06
369920,5.35509e-06
370176,5.34977e-06
370432,5.33772e-06
370688,5.31516e-06
370944,5.2925e-06
371200,5.27634e-06
371456,5.27634e-06
371712,5.26601e-06
371968,5.21238e-06
372224,5.13459e-06
372480,5.13459e-06
372736,5.13459e-06
372992,5.12908e-06
373248,5.11288e-06
373504,5.06566e-06
373760,5.05584e-06
374016,5.05028e-06
374272,5.03492e-06
374528,4.99899e-06
374784,4.97283e-06
375040,4.94861e-06
375296,4.91869e-06
375552,4.86959e-06
375808,4.83174e-06
376064,4.79429e-06
376320,4.76707e-06
376576,4.7502e-06
376832,4.7121e-06
377088,4.67369e-06
377344,4.63496e-06
377600,4.60853e-06
377856,4.58465e-06
378112,4.534e-06
378368,4.50742e-06
378624,4.50458e-06
378880,4.50458e-06
379136,4.47612e-06
379392,4.43672e-06
379648,4.42315e-06
379904,4.40955e-06
380160,4.3959e-06
380416,4.33342e-06
380672,4.26353e-06
380928,4.21914e-06
381184,4.16833e-06
381440,4.11422e-06
381696,4.08999e-06
381952,4.06312e-06
382208,4.00673e-06
382464,3.96402e-06
382720,3.92761e-06
382976,3.85544e-06
383232,3.82573e-06
383488,3.80842e-06
383744,3.77673e-06
384000,3.74478e-06
384256,3.70804e-06
384512,3.63693e-06
384768,3.55571e-06
385024,3.54381e-06
385280,3.53757e-06
385536,3.52806e-06
385792,3.5016e-06
386048,3.46013e-06
386304,3.42522e-06
386560,3.38996e-06
386816,3.37035e-06
387072,3.35015e-06
387328,3.3233e-06
387584,3.31637e-06
387840,3.26998e-06
388096,3.23239e-06
388352,3.2288e-06
388608,3.20435e-06
388864,3.14466e-06
389120,3.09895e-06
389376,3.0204e-06
389632,2.94114e-06
389888,2.8855e-06
390144,2.83198e-06
390400,2.77056e-06
390656,2.73373e-06
390912,2.66698e-06
391168,2.63029e-06
391424,2.61792e-06
391680,2.57905e-06
391936,2.54395e-06
392192,2.48445e-06
392448,2.44745e-06
392704,2.44128e-06
392960,2.44128e-06
393216,2.43353e-06
393472,2.3929e-06
393728,2.36766e-06
393984,2.36253e-06
394240,2.36253e-06
394496,2.36253e-06
394752,2.34462e-06
395008,2.33103e-06
395264,2.32461e-06
395520,2.29861e-06
395776,2.28378e-06
396032,2.26803e-06
396288,2.26671e-06
396544,2.22774e-06
396800,2.22078e-06
397056,2.2174e-06
397312,2.19014e-06
397568,2.17842e-06
397824,2.15778e-06
398080,2.15433e-06
398336,2.14203e-06
398592,2.14203e-06
398848,2.11732e-06
399104,2.11053e-06
399360,2.10765e-06
399616,2.09478e-06
399872,2.08178e-06
400128,2.06861e-06
400384,2.06328e-06
400640,2.06328e-06
400896,2.06328e-06
401152,2.06328e-06
401408,2.04897e-06
401664,2.03178e-06
401920,2.01603e-06
402176,2.01603e-06
402432,2.00889e-06
402688,2.00028e-06
402944,2.00028e-06
403200,1.98453e-06
403456,1.98373e-06
403712,1.96853e-06
403968,1.95321e-06
404224,1.93777e-06
404480,1.90701e-06
404736,1.89057e-06
404992,1.89002e-06
405248,1.89002e-06
405504,1.89002e-06
405760,1.89002e-06
406016,1.89002e-06
406272,1.8897e-06
406528,1.87374e-06
406784,1.85852e-06
407040,1.85852e-06
407296,1.85681e-06
407552,1.84277e-06
407808,1.84277e-06
408064,1.84277e-06
408320,1.84277e-06
408576,1.83835e-06
408832,1.82702e-06
409088,1.82702e-06
409344,1.81404e-06
409600,1.79552e-06
409856,1.77864e-06
410112,1.76402e-06
410368,1.76402e-06
410624,1.75173e-06
410880,1.74827e-06
411136,1.74827e-06
411392,1.7316e-06
411648,1.71677e-06
411904,1.71677e-06
412160,1.71677e-06
412416,1.7089e-06
412672,1.70102e-06
412928,1.70102e-06
413184,1.70102e-06
413440,1.70102e-06
413696,1.68353e-06
413952,1.66559e-06
414208,1.65377e-06
414464,1.65377e-06
414720,1.6426e-06
414976,1.63802e-06
415232,1.63802e-06
415488,1.63802e-06
415744,1.63802e-06
416000,1.63802e-06
416256,1.61597e-06
416512,1.57835e-06
416768,1.55927e-06
417024,1.55399e-06
417280,1.54352e-06
417536,1.5308e-06
417792,1.52777e-06
418048,1.52777e-06
418304,1.51904e-06
418560,1.51202e-06
418816,1.51202e-06
419072,1.51202e-06
419328,1.51202e-06
419584,1.51202e-06
419840,1.51202e-06
420096,1.50597e-06
420352,1.49627e-06
420608,1.49627e-06
420864,1.49627e-06
421120,1.49627e-06
421376,1.49627e-06
421632,1.49627e-06
421888,1.49627e-06
422144,1.49627e-06
422400,1.49627e-06
422656,1.49627e-06
422912,1.49627e-06
423168,1.49627e-06
423424,1.49627e-06
423680,1.49627e-06
423936,1.49627e-06
424192,1.49627e-06
424448,1.4796e-06
424704,1.45915e-06
424960,1.44901e-06
425216,1.44901e-06
425472,1.44423e-06
425728,1.43326e-06
425984,1.43326e-06
426240,1.43326e-06
426496,1.43326e-06
426752,1.43326e-06
427008,1.43326e-06
427264,1.43326e-06
427520,1.43326e-06
427776,1.43326e-06
428032,1.43326e-06
428288,1.43326e-06
428544,1.43326e-06
428800,1.43326e-06
429056,1.43326e-06
429312,1.43326e-06
429568,1.43326e-06
429824,1.43326e-06
430080,1.43326e-06
430336,1.43326e-06
430592,1.43326e-06
430848,1.43326e-06
431104,1.43326e-06
431360,1.43326e-06
431616,1.43326e-06
431872,1.43326e-06
432128,1.43326e-06
432384,1.43326e-06
432640,1.43326e-06
432896,1.43326e-06
433152,1.43326e-06
433408,1.43326e-06
433664,1.43326e-06
433920,1.43326e-06
434176,1.43326e-06
434432,1.43326e-06
434688,1.41751e-06
434944,1.41751e-06
435200,1.41751e-06
435456,1.41751e-06
435712,1.41751e-06
435968,1.41751e-06
436224,1.41751e-06
436480,1.41751e-06
436736,1.41751e-06
436992,1.41751e-06
437248,1.41751e-06
437504,1.41751e-06
437760,1.41751e-06
438016,1.41751e-06
438272,1.41751e-06
438528,1.41751e-06
438784,1.41751e-06
439040,1.41751e-06
439296,1.41751e-06
439552,1.41751e-06
439808,1.41751e-06
440064,1.41751e-06
440320,1.41751e-06
440576,1.41751e-06
440832,1.41751e-06
441088,1.41751e-06
441344,1.41751e-06
441600,1.41751e-06
441856,1.41751e-06
442112,1.41751e-06
442368,1.41751e-06
442624,1.41751e-06
442880,1.41751e-06
443136,1.41751e-06
443392,1.41751e-06
443648,1.41751e-06
443904,1.41751e-06
444160,1.41751e-06
444416,1.41751e-06
444672,1.41751e-06
444928,1.41751e-06
445184,1.41751e-06
445440,1.41751e-06
445696,1.41751e-06
445952,1.41751e-06
446208,1.41751e-06
446464,1.41751e-06
446720,1.41751e-06
446976,1.41751e-06
447232,1.41751e-06
447488,1.41751e-06
447744,1.41751e-06
448000,1.41751e-06
448256,1.41751e-06
448512,1.41751e-06
448768,1.41751e-06
449024,1.41751e-06
449280,1.41751e-06
449536,1.41345e-06
449792,1.40176e-06
450048,1.40176e-06
450304,1.40176e-06
450560,1.40176e-06
450816,1.40176e-06
451072,1.40176e-06
451328,1.40176e-06
451584,1.40176e-06
451840,1.40176e-06
452096,1.40176e-06
452352,1.40176e-06
452608,1.40176e-06
452864,1.40176e-06
453120,1.40176e-06
453376,1.40176e-06
453632,1.40176e-06
453888,1.40176e-06
454144,1.40176e-06
454400,1.40176e-06
454656,1.40176e-06
454912,1.40176e-06
455168,1.40176e-06
455424,1.40176e-06
455680,1.40176e-06
455936,1.40176e-06
456192,1.40176e-06
456448,1.40176e-06
456704,1.40176e-06
456960,1.40176e-06
457216,1.40176e-06
457472,1.40176e-06
457728,1.40176e-06
457984,1.40176e-06
458240,1.40176e-06
458496,1.40176e-06
458752,1.40176e-06
459008,1.40176e-06
459264,1.40176e-06
459520,1.40176e-06
459776,1.40176e-06
460032,1.40176e-06
460288,1.40176e-06
460544,1.40176e-06
460800,1.40176e-06
461056,1.40176e-06
461312,1.40176e-06
461568,1.40176e-06
461824,1.40176e-06
462080,1.40176e-06
462336,1.40176e-06
462592,1.40176e-06
462848,1.40176e-06
463104,1.40176e-06
463360,1.40176e-06
463616,1.40176e-06
463872,1.40176e-06
464128,1.40176e-06
464384,1.40176e-06
464640,1.40176e-06
464896,1.40176e-06
465152,1.40176e-06
465408,1.40176e-06
465664,1.40176e-06
465920,1.40176e-06
466176,1.40176e-06
466432,1.40176e-06
466688,1.40176e-06
466944,1.40176e-06
467200,1.40176e-06
467456,1.40176e-06
467712,1.40176e-06
467968,1.40176e-06
468224,1.40176e-06
468480,1.40176e-06
468736,1.40176e-06
468992,1.40176e-06
469248,1.40176e-06
469504,1.40176e-06
469760,1.40176e-06
470016,1.40176e-06
470272,1.40176e-06
470528,1.40176e-06
470784,1.40176e-06
471040,1.40176e-06
471296,1.40176e-06
471552,1.40176e-06
471808,1.40176e-06
472064,1.40176e-06
472320,1.40176e-06
472576,1.40176e-06
472832,1.40176e-06
473088,1.40176e-06
473344,1.40176e-06
473600,1.40176e-06
473856,1.40176e-06
474112,1.40176e-06
474368,1.40176e-06
474624,1.40176e-06
474880,1.40176e-06
475136,1.40176e-06
475392,1.40176e-06
475648,1.40176e-06
475904,1.40176e-06
476160,1.40176e-06
476416,1.40176e-06
476672,1.40176e-06
476928,1.40176e-06
477184,1.40176e-06
477440,1.40176e-06
477696,1.40176e-06
477952,1.40176e-06
478208,1.40176e-06
478464,1.40176e-06
478720,1.40176e-06
478976,1.40176e-06
479232,1.40176e-06
479488,1.40176e-06
479744,1.40176e-06
480000,1.40176e-06
480256,1.40176e-06
480512,1.40176e-06
480768,1.40176e-06
481024,1.40176e-06
481280,1.40176e-06
481536,1.40176e-06
481792,1.40176e-06
482048,1.40176e-06
482304,1.40176e-06
482560,1.40176e-06
482816,1.40176e-06
483072,1.40176e-06
483328,1.40176e-06
483584,1.40176e-06
483840,1.40176e-06
484096,1.40176e-06
484352,1.40176e-06
484608,1.40176e-06
484864,1.40176e-06
485120,1.40176e-06
485376,1.40176e-06
485632,1.40176e-06
485888,1.40176e-06
486144,1.40176e-06
486400,1.40176e-06
486656,1.40176e-06
486912,1.40176e-06
487168,1.40176e-06
487424,1.40176e-06
487680,1.40176e-06
487936,1.40176e-06
488192,1.40176e-06
488448,1.40176e-06
488704,1.40176e-06
488960,1.40176e-06
489216,1.40176e-06
489472,1.40176e-06
489728,1.40176e-06
489984,1.40176e-06
490240,1.40176e-06
490496,1.40176e-06
490752,1.40176e-06
491008,1.40176e-06
491264,1.40176e-06
491520,1.40176e-06
491776,1.40176e-06
492032,1.40176e-06
492288,1.40176e-06
492544,1.40176e-06
492800,1.40176e-06
493056,1.40176e-06
493312,1.40176e-06
493568,1.40176e-06
493824,1.40176e-06
494080,1.40176e-06
494336,1.40176e-06
494592,1.40176e-06
494848,1.40176e-06
495104,1.40176e-06
495360,1.40176e-06
495616,1.40176e-06
495872,1.40176e-06
496128,1.40176e-06
496384,1.40176e-06
496640,1.40176e-06
496896,1.40176e-06
497152,1.40176e-06
497408,1.40176e-06
497664,1.40176e-06
497920,1.40176e-06
498176,1.40176e-06
498432,1.40176e-06
498688,1.40176e-06
498944,1.40176e-06
499200,1.40176e-06
499456,1.40176e-06
499712,1.40176e-06
499968,1.40176e-06
500224,1.40176e-06
500480,1.40176e-06
500736,1.40176e-06
500992,1.40176e-06
501248,1.40176e-06
501504,1.40176e-06
501760,1.40176e-06
502016,1.40176e-06
502272,1.40176e-06
502528,1.40176e-06
502784,1.40176e-06
503040,1.40176e-06
503296,1.40176e-06
503552,1.40176e-06
503808,1.40176e-06
504064,1.40176e-06
504320,1.40176e-06
504576,1.40176e-06
504832,1.40176e-06
505088,1.40176e-06
505344,1.40176e-06
505600,1.40176e-06
505856,1.40176e-06
506112,1.40176e-06
506368,1.40176e-06
506624,1.40176e-06
506880,1.40176e-06
507136,1.40176e-06
507392,1.40176e-06
507648,1.40176e-06
507904,1.40176e-06
508160,1.40176e-06
508416,1.40176e-06
508672,1.40176e-06
508928,1.40176e-06
509184,1.40176e-06
509440,1.40176e-06
509696,1.40176e-06
509952,1.40176e-06
510208,1.40176e-06
510464,1.40176e-06
510720,1.40176e-06
510976,1.40176e-06
511232,1.40176e-06
511488,1.40176e-06
511744,1.40176e-06
512000,1.40176e-06
512256,1.40176e-06
512512,1.40176e-06
512768,1.40176e-06
513024,1.40176e-06
513280,1.40176e-06
513536,1.40176e-06
513792,1.40176e-06
514048,1.40176e-06
514304,1.40176e-06
514560,1.40176e-06
514816,1.40176e-06
515072,1.40176e-06
515328,1.40176e-06
515584,1.40176e-06
515840,1.40176e-06
516096,1.40176e-06
516352,1.40176e-06
516608,1.40176e-06
516864,1.40176e-06
517120,1.40176e-06
517376,1.40176e-06
517632,1.40176e-06
517888,1.40176e-06
518144,1.40176e-06
518400,1.40176e-06
518656,1.40176e-06
518912,1.40176e-06
519168,1.40176e-06
519424,1.40176e-06
519680,1.40176e-06
519936,1.40176e-06
520192,1.40176e-06
520448,1.40176e-06
520704,1.40176e-06
520960,1.40176e-06
521216,1.40176e-06
521472,1.40176e-06
521728,1.40176e-06
521984,1.40176e-06
522240,1.40176e-06
522496,1.40176e-06
522752,1.40176e-06
523008,1.40176e-06
523264,1.40176e-06
523520,1.40176e-06
523776,1.40176e-06
524032,1.40176e-06
524288,1.40176e-06
524544,1.40176e-06
524800,1.40176e-06
525056,1.40176e-06
525312,1.40176e-06
525568,1.40176e-06
525824,1.40176e-06
526080,1.40176e-06
526336,1.40176e-06
526592,1.40176e-06
526848,1.40176e-06
527104,1.40176e-06
527360,1.40176e-06
527616,1.40176e-06
527872,1.40176e-06
528128,1.40176e-06
528384,1.40176e-06
528640,1.40176e-06
528896,1.40176e-06
529152,1.40176e-06
529408,1.40176e-06
529664,1.40176e-06
529920,1.40176e-06
530176,1.40176e-06
530432,1.40176e-06
530688,1.40176e-06
530944,1.40176e-06
531200,1.40176e-06
531456,1.40176e-06
531712,1.40176e-06
531968,1.40176e-06
532224,1.40176e-06
532480,1.40176e-06
532736,1.40176e-06
532992,1.40176e-06
533248,1.40176e-06
533504,1.40176e-06
533760,1.40176e-06
534016,1.40176e-06
534272,1.40176e-06
534528,1.40176e-06
534784,1.40176e-06
535040,1.40176e-06
535296,1.40176e-06
535552,1.40176e-06
535808,1.40176e-06
536064,1.40176e-06
536320,1.40176e-06
536576,1.40176e-06
536832,1.40176e-06
537088,1.40176e-06
537344,1.40176e-06
537600,1.40176e-06
537856,1.40176e-06
538112,1.40176e-06
538368,1.40176e-06
538624,1.40176e-06
538880,1.40176e-06
539136,1.40176e-06
539392,1.40176e-06
539648,1.40176e-06
539904,1.40176e-06
540160,1.40176e-06
540416,1.40176e-06
540672,1.40176e-06
540928,1.40176e-06
541184,1.40176e-06
541440,1.40176e-06
541696,1.40176e-06
541952,1.40176e-06
542208,1.40176e-06
542464,1.40176e-06
542720,1.40176e-06
542976,1.40176e-06
543232,1.40176e-06
543488,1.40176e-06
543744,1.40176e-06
544000,1.40176e-06
544256,1.40176e-06
544512,1.40176e-06
544768,1.40176e-06
545024,1.40176e-06
545280,1.40176e-06
545536,1.40176e-06
545792,1.40176e-06
546048,1.40176e-06
546304,1.40176e-06
546560,1.40176e-06
546816,1.40176e-06
547072,1.40176e-06
547328,1.40176e-06
547584,1.40176e-06
547840,1.40176e-06
548096,1.40176e-06
548352,1.40176e-06
548608,1.40176e-06
548864,1.40176e-06
549120,1.40176e-06
549376,1.40176e-06
549632,1.40176e-06
549888,1.40176e-06
550144,1.40176e-06
550400,1.40176e-06
550656,1.40176e-06
550912,1.40176e-06
551168,1.40176e-06
551424,1.40176e-06
551680,1.40176e-06
551936,1.40176e-06
552192,1.40176e-06
552448,1.40176e-06
552704,1.40176e-06
552960,1.40176e-06
553216,1.40176e-06
553472,1.40176e-06
553728,1.40176e-06
553984,1.40176e-06
554240,1.40176e-06
554496,1.40176e-06
554752,1.40176e-06
555008,1.40176e-06
555264,1.40176e-06
555520,1.40176e-06
555776,1.40176e-06
556032,1.40176e-06
556288,1.40176e-06
556544,1.40176e-06
556800,1.40176e-06
557056,1.40176e-06
557312,1.40176e-06
557568,1.40176e-06
557824,1.40176e-06
558080,1.40176e-06
558336,1.40176e-06
558592,1.40176e-06
558848,1.40176e-06
559104,1.40176e-06
559360,1.40176e-06
559616,1.40176e-06
559872,1.40176e-06
560128,1.40176e-06
560384,1.40176e-06
560640,1.40176e-06
560896,1.40176e-06
561152,1.40176e-06
561408,1.40176e-06
561664,1.40176e-06
561920,1.40176e-06
562176,1.40176e-06
562432,1.40176e-06
562688,1.40176e-06
562944,1.40176e-06
563200,1.40176e-06
563456,1.40176e-06
563712,1.40176e-06
563968,1.40176e-06
564224,1.40176e-06
564480,1.40176e-06
564736,1.40176e-06
564992,1.40176e-06
565248,1.40176e-06
565504,1.40176e-06
565760,1.40176e-06
566016,1.40176e-06
566272,1.40176e-06
566528,1.40176e-06
566784,1.40176e-06
567040,1.40176e-06
567296,1.40176e-06
567552,1.40176e-06
567808,1.40176e-06
568064,1.40176e-06
568320,1.40176e-06
568576,1.40176e-06
568832,1.40176e-06
569088,1.40176e-06
569344,1.40176e-06
569600,1.40176e-06
569856,1.40176e-06
570112,1.40176e-06
570368,1.40176e-06
570624,1.40176e-06
570880,1.40176e-06
571136,1.40176e-06
571392,1.40176e-06
571648,1.40176e-06
571904,1.40176e-06
572160,1.40176e-06
572416,1.40176e-06
572672,1.40176e-06
572928,1.40176e-06
573184,1.40176e-06
573440,1.40176e-06
573696,1.40176e-06
573952,1.40176e-06
574208,1.40176e-06
574464,1.40176e-06
574720,1.40176e-06
574976,1.40176e-06
575232,1.40176e-06
575488,1.40176e-06
575744,1.40176e-06
576000,1.40176e-06
576256,1.40176e-06
576512,1.40176e-06
576768,1.40176e-06
577024,1.40176e-06
577280,1.40176e-06
577536,1.40176e-06
577792,1.40176e-06
578048,1.40176e-06
578304,1.40176e-06
578560,1.40176e-06
578816,1.40176e-06
579072,1.40176e-06
579328,1.40176e-06
579584,1.40176e-06
579840,1.40176e-06
580096,1.40176e-06
580352,1.40176e-06
580608,1.40176e-06
580864,1.40176e-06
581120,1.40176e-06
581376,1.40176e-06
581632,1.40176e-06
581888,1.40176e-06
582144,1.40176e-06
582400,1.40176e-06
582656,1.40176e-06
582912,1.40176e-06
583168,1.40176e-06
583424,1.40176e-06
583680,1.40176e-06
583936,1.40176e-06
584192,1.40176e-06
584448,1.40176e-06
584704,1.40176e-06
584960,1.40176e-06
585216,1.40176e-06
585472,1.40176e-06
585728,1.40176e-06
585984,1.40176e-06
586240,1.40176e-06
586496,1.40176e-06
586752,1.40176e-06
587008,1.40176e-06
587264,1.40176e-06
587520,1.40176e-06
587776,1.40176e-06
588032,1.40176e-06
588288,1.40176e-06
588544,1.40176e-06
588800,1.40176e-06
589056,1.40176e-06
589312,1.40176e-06
589568,1.40176e-06
589824,1.40176e-06
590080,1.40176e-06
590336,1.40176e-06
590592,1.40176e-06
590848,1.40176e-06
591104,1.40176e-06
591360,1.40176e-06
591616,1.40176e-06
591872,1.40176e-06
592128,1.40176e-06
592384,1.40176e-06
592640,1.40176e-06
592896,1.40176e-06
593152,1.40176e-06
593408,1.40176e-06
593664,1.40176e-06
593920,1.40176e-06
594176,1.40176e-06
594432,1.40176e-06
594688,1.40176e-06
594944,1.40176e-06
595200,1.40176e-06
595456,1.40176e-06
595712,1.40176e-06
595968,1.40176e-06
596224,1.40176e-06
596480,1.40176e-06
596736,1.40176e-06
596992,1.40176e-06
597248,1.40176e-06
597504,1.40176e-06
597760,1.40176e-06
598016,1.40176e-06
598272,1.40176e-06
598528,1.40176e-06
598784,1.40176e-06
599040,1.40176e-06
599296,1.40176e-06
599552,1.40176e-06
599808,1.40176e-06
600064,1.40176e-06
600320,1.40176e-06
600576,1.40176e-06
600832,1.40176e-06
601088,1.40176e-06
601344,1.40176e-06
601600,1.40176e-06
601856,1.40176e-06
602112,1.40176e-06
602368,1.40176e-06
602624,1.40176e-06
602880,1.40176e-06
603136,1.40176e-06
603392,1.40176e-06
603648,1.40176e-06
603904,1.40176e-06
604160,1.40176e-06
604416,1.40176e-06
604672,1.40176e-06
604928,1.40176e-06
605184,1.40176e-06
605440,1.40176e-06
605696,1.40176e-06
605952,1.40176e-06
606208,1.40176e-06
606464,1.40176e-06
606720,1.40176e-06
606976,1.40176e-06
607232,1.40176e-06
607488,1.40176e-06
607744,1.40176e-06
608000,1.40176e-06
608256,1.40176e-06
608512,1.40176e-06
608768,1.40176e-06
609024,1.40176e-06
609280,1.40176e-06
609536,1.40176e-06
609792,1.40176e-06
610048,1.40176e-06
610304,1.40176e-06
610560,1.40176e-06
610816,1.40176e-06
611072,1.40176e-06
611328,1.40176e-06
611584,1.40176e-06
611840,1.40176e-06
612096,1.40176e-06
612352,1.40176e-06
612608,1.40176e-06
612864,1.40176e-06
613120,1.40176e-06
613376,1.40176e-06
613632,1.40176e-06
613888,1.40176e-06
614144,1.40176e-06
614400,1.40176e-06
614656,1.40176e-06
614912,1.40176e-06
615168,1.40176e-06
615424,1.40176e-06
615680,1.40176e-06
615936,1.40176e-06
616192,1.40176e-06
616448,1.40176e-06
616704,1.40176e-06
616960,1.40176e-06
617216,1.40176e-06
617472,1.40176e-06
617728,1.40176e-06
617984,1.40176e-06
618240,1.40176e-06
618496,1.40176e-06
618752,1.40176e-06
619008,1.40176e-06
619264,1.40176e-06
619520,1.40176e-06
619776,1.40176e-06
620032,1.40176e-06
620288,1.40176e-06
620544,1.40176e-06
620800,1.40176e-06
621056,1.40176e-06
621312,1.40176e-06
621568,1.40176e-06
621824,1.40176e-06
622080,1.40176e-06
622336,1.40176e-06
622592,1.40176e-06
622848,1.40176e-06
623104,1.40176e-06
623360,1.40176e-06
623616,1.40176e-06
623872,1.40176e-06
624128,1.40176e-06
624384,1.40176e-06
624640,1.40176e-06
624896,1.40176e-06
625152,1.40176e-06
625408,1.40176e-06
625664,1.40176e-06
625920,1.40176e-06
626176,1.40176e-06
626432,1.40176e-06
626688,1.40176e-06
626944,1.40176e-06
627200,1.40176e-06
627456,1.40176e-06
627712,1.40176e-06
627968,1.40176e-06
628224,1.40176e-06
628480,1.40176e-06
628736,1.40176e-06
628992,1.40176e-06
629248,1.40176e-06
629504,1.40176e-06
629760,1.40176e-06
630016,1.40176e-06
630272,1.40176e-06
630528,1.40176e-06
630784,1.40176e-06
631040,1.40176e-06
631296,1.40176e-06
631552,1.40176e-06
631808,1.40176e-06
632064,1.40176e-06
632320,1.40176e-06
632576,1.40176e-06
632832,1.40176e-06
633088,1.40176e-06
633344,1.40176e-06
633600,1.40176e-06
633856,1.40176e-06
634112,1.40176e-06
634368,1.40176e-06
634624,1.40176e-06
634880,1.40176e-06
635136,1.40176e-06
635392,1.40176e-06
635648,1.40176e-06
635904,1.40176e-06
636160,1.40176e-06
636416,1.40176e-06
636672,1.40176e-06
636928,1.40176e-06
637184,1.40176e-06
637440,1.40176e-06
637696,1.40176e-06
637952,1.40176e-06
638208,1.40176e-06
638464,1.40176e-06
638720,1.40176e-06
638976,1.40176e-06
639232,1.40176e-06
639488,1.40176e-06
639744,1.40176e-06
640000,1.40176e-06
640256,1.40176e-06
640512,1.40176e-06
640768,1.40176e-06
641024,1.40176e-06
641280,1.40176e-06
641536,1.40176e-06
641792,1.40176e-06
642048,1.40176e-06
642304,1.40176e-06
642560,1.40176e-06
642816,1.40176e-06
643072,1.40176e-06
643328,1.40176e-06
643584,1.40176e-06
643840,1.40176e-06
644096,1.40176e-06
644352,1.40176e-06
644608,1.40176e-06
644864,1.40176e-06
645120,1.40176e-06
645376,1.40176e-06
645632,1.40176e-06
645888,1.40176e-06
646144,1.40176e-06
646400,1.40176e-06
646656,1.40176e-06
646912,1.40176e-06
647168,1.40176e-06
647424,1.40176e-06
647680,1.40176e-06
647936,1.40176e-06
648192,1.40176e-06
648448,1.40176e-06
648704,1.40176e-06
648960,1.40176e-06
649216,1.40176e-06
649472,1.40176e-06
649728,1.40176e-06
649984,1.40176e-06
650240,1.40176e-06
650496,1.40176e-06
650752,1.40176e-06
651008,1.40176e-06
651264,1.40176e-06
651520,1.40176e-06
651776,1.40176e-06
652032,1.40176e-06
652288,1.40176e-06
652544,1.40176e-06
652800,1.40176e-06
653056,1.40176e-06
653312,1.40176e-06
653568,1.40176e-06
653824,1.40176e-06
654080,1.40176e-06
654336,1.40176e-06
654592,1.40176e-06
654848,1.40176e-06
655104,1.40176e-06
655360,1.40176e-06
655616,1.40176e-06
655872,1.40176e-06
656128,1.40176e-06
656384,1.40176e-06
656640,1.40176e-06
656896,1.40176e-06
657152,1.40176e-06
657408,1.40176e-06
657664,1.40176e-06
657920,1.40176e-06
658176,1.40176e-06
658432,1.40176e-06
658688,1.40176e-06
658944,1.40176e-06
659200,1.40176e-06
659456,1.40176e-06
659712,1.40176e-06
659968,1.40176e-06
660224,1.40176e-06
660480,1.40176e-06
660736,1.40176e-06
660992,1.40176e-06
661248,1.40176e-06
661504,1.40176e-06
661760,1.40176e-06
662016,1.40176e-06
662272,1.40176e-06
662528,1.40176e-06
662784,1.40176e-06
663040,1.40176e-06
663296,1.40176e-06
663552,1.40176e-06
663808,1.40176e-06
664064,1.40176e-06
664320,1.40176e-06
664576,1.40176e-06
664832,1.40176e-06
665088,1.40176e-06
665344,1.40176e-06
665600,1.40176e-06
665856,1.40176e-06
666112,1.40176e-06
666368,1.40176e-06
666624,1.40176e-06
666880,1.40176e-06
667136,1.40176e-06
667392,1.40176e-06
667648,1.40176e-06
667904,1.40176e-06
668160,1.40176e-06
668416,1.40176e-06
668672,1.40176e-06
668928,1.40176e-06
669184,1.40176e-06
669440,1.40176e-06
669696,1.40176e-06
669952,1.40176e-06
670208,1.40176e-06
670464,1.40176e-06
670720,1.40176e-06
670976,1.40176e-06
671232,1.40176e-06
671488,1.40176e-06
671744,1.40176e-06
672000,1.40176e-06
672256,1.40176e-06
672512,1.40176e-06
672768,1.40176e-06
673024,1.40176e-06
673280,1.40176e-06
673536,1.40176e-06
673792,1.40176e-06
674048,1.40176e-06
674304,1.40176e-06
674560,1.40176e-06
674816,1.40176e-06
675072,1.40176e-06
675328,1.40176e-06
675584,1.40176e-06
675840,1.40176e-06
676096,1.40176e-06
676352,1.40176e-06
676608,1.40176e-06
676864,1.40176e-06
677120,1.40176e-06
677376,1.40176e-06
677632,1.40176e-06
677888,1.40176e-06
678144,1.40176e-06
678400,1.40176e-06
678656,1.40176e-06
678912,1.40176e-06
679168,1.40176e-06
679424,1.40176e-06
679680,1.40176e-06
679936,1.40176e-06
680192,1.40176e-06
680448,1.40176e-06
680704,1.40176e-06
680960,1.40176e-06
681216,1.40176e-06
681472,1.40176e-06
681728,1.40176e-06
681984,1.40176e-06
682240,1.40176e-06
682496,1.40176e-06
682752,1.40176e-06
683008,1.40176e-06
683264,1.40176e-06
683520,1.40176e-06
683776,1.40176e-06
684032,1.40176e-06
684288,1.40176e-06
684544,1.40176e-06
684800,1.40176e-06
685056,1.40176e-06
685312,1.40176e-06
685568,1.40176e-06
685824,1.40176e-06
686080,1.40176e-06
686336,1.40176e-06
686592,1.40176e-06
686848,1.40176e-06
687104,1.40176e-06
687360,1.40176e-06
687616,1.40176e-06
687872,1.40176e-06
688128,1.40176e-06
688384,1.40176e-06
688640,1.40176e-06
688896,1.40176e-06
689152,1.40176e-06
689408,1.40176e-06
689664,1.40176e-06
689920,1.40176e-06
690176,1.40176e-06
690432,1.40176e-06
690688,1.40176e-06
690944,1.40176e-06
691200,1.40176e-06
691456,1.40176e-06
691712,1.40176e-06
691968,1.40176e-06
692224,1.40176e-06
692480,1.40176e-06
692736,1.40176e-06
692992,1.40176e-06
693248,1.40176e-06
693504,1.40176e-06
693760,1.40176e-06
694016,1.40176e-06
694272,1.40176e-06
694528,1.40176e-06
694784,1.40176e-06
695040,1.40176e-06
695296,1.40176e-06
695552,1.40176e-06
695808,1.40176e-06
696064,1.40176e-06
696320,1.40176e-06
696576,1.40176e-06
696832,1.40176e-06
697088,1.40176e-06
697344,1.40176e-06
697600,1.40176e-06
697856,1.40176e-06
698112,1.40176e-06
698368,1.40176e-06
698624,1.40176e-06
698880,1.40176e-06
699136,1.40176e-06
699392,1.40176e-06
699648,1.40176e-06
699904,1.40176e-06
700160,1.40176e-06
700416,1.40176e-06
700672,1.40176e-06
700928,1.40176e-06
701184,1.40176e-06
701440,1.40176e-06
701696,1.40176e-06
701952,1.40176e-06
702208,1.40176e-06
702464,1.40176e-06
702720,1.40176e-06
702976,1.40176e-06
703232,1.40176e-06
703488,1.40176e-06
703744,1.40176e-06
704000,1.40176e-06
704256,1.40176e-06
704512,1.40176e-06
704768,1.40176e-06
705024,1.40176e-06
705280,1.40176e-06
705536,1.40176e-06
705792,1.40176e-06
706048,1.40176e-06
706304,1.40176e-06
706560,1.40176e-06
706816,1.40176e-06
707072,1.40176e-06
707328,1.40176e-06
707584,1.40176e-06
707840,1.40176e-06
708096,1.40176e-06
708352,1.40176e-06
708608,1.40176e-06
708864,1.40176e-06
709120,1.40176e-06
709376,1.40176e-06
709632,1.40176e-06
709888,1.40176e-06
710144,1.40176e-06
710400,1.40176e-06
710656,1.40176e-06
710912,1.40176e-06
711168,1.40176e-06
711424,1.40176e-06
711680,1.40176e-06
711936,1.40176e-06
712192,1.40176e-06
712448,1.40176e-06
712704,1.40176e-06
712960,1.40176e-06
713216,1.40176e-06
713472,1.40176e-06
713728,1.40176e-06
713984,1.40176e-06
714240,1.40176e-06
714496,1.40176e-06
714752,1.40176e-06
715008,1.40176e-06
715264,1.40176e-06
715520,1.40176e-06
715776,1.40176e-06
716032,1.40176e-06
716288,1.40176e-06
716544,1.40176e-06
716800,1.40176e-06
717056,1.40176e-06
717312,1.40176e-06
717568,1.40176e-06
717824,1.40176e-06
718080,1.40176e-06
718336,1.40176e-06
718592,1.40176e-06
718848,1.40176e-06
719104,1.40176e-06
719360,1.40176e-06
719616,1.40176e-06
719872,1.40176e-06
720128,1.40176e-06
720384,1.40176e-06
720640,1.40176e-06
720896,1.40176e-06
721152,1.40176e-06
721408,1.40176e-06
721664,1.40176e-06
721920,1.40176e-06
722176,1.40176e-06
722432,1.40176e-06
722688,1.40176e-06
722944,1.40176e-06
723200,1.40176e-06
723456,1.40176e-06
723712,1.40176e-06
723968,1.40176e-06
724224,1.40176e-06
724480,1.40176e-06
724736,1.40176e-06
724992,1.40176e-06
725248,1.40176e-06
725504,1.40176e-06
725760,1.40176e-06
726016,1.40176e-06
726272,1.40176e-06
726528,1.40176e-06
726784,1.40176e-06
727040,1.40176e-06
727296,1.40176e-06
727552,1.40176e-06
727808,1.40176e-06
728064,1.40176e-06
728320,1.40176e-06
728576,1.40176e-06
728832,1.40176e-06
729088,1.40176e-06
729344,1.40176e-06
729600,1.40176e-06
729856,1.40176e-06
730112,1.40176e-06
730368,1.40176e-06
730624,1.40176e-06
730880,1.40176e-06
731136,1.40176e-06
731392,1.40176e-06
731648,1.40176e-06
731904,1.40176e-06
732160,1.40176e-06
732416,1.40176e-06
732672,1.40176e-06
732928,1.40176e-06
733184,1.40176e-06
733440,1.40176e-06
733696,1.40176e-06
733952,1.40176e-06
734208,1.40176e-06
734464,1.40176e-06
734720,1.40176e-06
734976,1.40176e-06
735232,1.40176e-06
735488,1.40176e-06
735744,1.40176e-06
736000,1.40176e-06
736256,1.40176e-06
736512,1.40176e-06
736768,1.40176e-06
737024,1.40176e-06
737280,1.40176e-06
737536,1.40176e-06
737792,1.40176e-06
738048,1.40176e-06
738304,1.40176e-06
738560,1.40176e-06
738816,1.40176e-06
739072,1.40176e-06
739328,1.40176e-06
739584,1.40176e-06
739840,1.40176e-06
740096,1.40176e-06
740352,1.40176e-06
740608,1.40176e-06
740864,1.40176e-06
741120,1.40176e-06
741376,1.40176e-06
741632,1.40176e-06
741888,1.40176e-06
742144,1.40176e-06
742400,1.40176e-06
742656,1.40176e-06
742912,1.40176e-06
743168,1.40176e-06
743424,1.40176e-06
743680,1.40176e-06
743936,1.40176e-06
744192,1.40176e-06
744448,1.40176e-06
744704,1.40176e-06
744960,1.40176e-06
745216,1.40176e-06
745472,1.40176e-06
745728,1.40176e-06
745984,1.40176e-06
746240,1.40176e-06
746496,1.40176e-06
746752,1.40176e-06
747008,1.40176e-06
747264,1.40176e-06
747520,1.40176e-06
747776,1.40176e-06
748032,1.40176e-06
748288,1.40176e-06
748544,1.40176e-06
748800,1.40176e-06
749056,1.40176e-06
749312,1.40176e-06
749568,1.40176e-06
749824,1.40176e-06
750080,1.40176e-06
750336,1.40176e-06
750592,1.40176e-06
750848,1.40176e-06
751104,1.40176e-06
751360,1.40176e-06
751616,1.40176e-06
751872,1.40176e-06
752128,1.40176e-06
752384,1.40176e-06
752640,1.40176e-06
752896,1.40176e-06
753152,1.40176e-06
753408,1.40176e-06
753664,1.40176e-06
753920,1.40176e-06
754176,1.40176e-06
754432,1.40176e-06
754688,1.40176e-06
754944,1.40176e-06
755200,1.40176e-06
755456,1.40176e-06
755712,1.40176e-06
755968,1.40176e-06
756224,1.40176e-06
756480,1.40176e-06
756736,1.40176e-06
756992,1.40176e-06
757248,1.40176e-06
757504,1.40176e-06
757760,1.40176e-06
758016,1.40176e-06
758272,1.40176e-06
758528,1.40176e-06
758784,1.40176e-06
759040,1.40176e-06
759296,1.40176e-06
759552,1.40176e-06
759808,1.40176e-06
760064,1.40176e-06
760320,1.40176e-06
760576,1.40176e-06
760832,1.40176e-06
761088,1.40176e-06
761344,1.40176e-06
761600,1.40176e-06
761856,1.40176e-06
762112,1.40176e-06
762368,1.40176e-06
762624,1.40176e-06
762880,1.40176e-06
763136,1.40176e-06
763392,1.40176e-06
763648,1.40176e-06
763904,1.40176e-06
764160,1.40176e-06
764416,1.40176e-06
764672,1.40176e-06
764928,1.40176e-06
765184,1.40176e-06
765440,1.40176e-06
765696,1.40176e-06
765952,1.40176e-06
766208,1.40176e-06
766464,1.40176e-06
766720,1.40176e-06
766976,1.40176e-06
767232,1.40176e-06
767488,1.40176e-06
767744,1.40176e-06
768000,1.40176e-06
768256,1.40176e-06
768512,1.40176e-06
768768,1.40176e-06
769024,1.40176e-06
769280,1.40176e-06
769536,1.40176e-06
769792,1.40176e-06
770048,1.40176e-06
770304,1.40176e-06
770560,1.40176e-06
770816,1.40176e-06
771072,1.40176e-06
771328,1.40176e-06
771584,1.40176e-06
771840,1.40176e-06
772096,1.40176e-06
772352,1.40176e-06
772608,1.40176e-06
772864,1.40176e-06
773120,1.40176e-06
773376,1.40176e-06
773632,1.40176e-06
773888,1.40176e-06
774144,1.40176e-06
774400,1.40176e-06
774656,1.40176e-06
774912,1.40176e-06
775168,1.40176e-06
775424,1.40176e-06
775680,1.40176e-06
775936,1.40176e-06
776192,1.40176e-06
776448,1.40176e-06
776704,1.40176e-06
776960,1.40176e-06
777216,1.40176e-06
777472,1.40176e-06
777728,1.40176e-06
777984,1.40176e-06
778240,1.40176e-06
778496,1.40176e-06
778752,1.40176e-06
779008,1.40176e-06
779264,1.40176e-06
779520,1.40176e-06
779776,1.40176e-06
780032,1.40176e-06
780288,1.40176e-06
780544,1.40176e-06
780800,1.40176e-06
781056,1.40176e-06
781312,1.40176e-06
781568,1.40176e-06
781824,1.40176e-06
782080,1.40176e-06
782336,1.40176e-06
782592,1.40176e-06
782848,1.40176e-06
783104,1.40176e-06
783360,1.40176e-06
783616,1.40176e-06
783872,1.40176e-06
784128,1.40176e-06
784384,1.40176e-06
784640,1.40176e-06
784896,1.40176e-06
785152,1.40176e-06
785408,1.40176e-06
785664,1.40176e-06
785920,1.40176e-06
786176,1.40176e-06
786432,1.40176e-06
786688,1.40176e-06
786944,1.40176e-06
787200,1.40176e-06
787456,1.40176e-06
787712,1.40176e-06
787968,1.40176e-06
788224,1.40176e-06
788480,1.40176e-06
788736,1.40176e-06
788992,1.40176e-06
789248,1.40176e-06
789504,1.40176e-06
789760,1.40176e-06
790016,1.40176e-06
790272,1.40176e-06
790528,1.40176e-06
790784,1.40176e-06
791040,1.40176e-06
791296,1.40176e-06
791552,1.40176e-06
791808,1.40176e-06
792064,1.40176e-06
792320,1.40176e-06
792576,1.40176e-06
792832,1.40176e-06
793088,1.40176e-06
793344,1.40176e-06
793600,1.40176e-06
793856,1.40176e-06
794112,1.40176e-06
794368,1.40176e-06
794624,1.40176e-06
794880,1.40176e-06
795136,1.40176e-06
795392,1.40176e-06
795648,1.40176e-06
795904,1.40176e-06
796160,1.40176e-06
796416,1.40176e-06
796672,1.40176e-06
796928,1.40176e-06
797184,1.40176e-06
797440,1.40176e-06
797696,1.40176e-06
797952,1.40176e-06
798208,1.40176e-06
798464,1.40176e-06
798720,1.40176e-06
798976,1.40176e-06
799232,1.40176e-06
799488,1.40176e-06
799744,1.40176e-06
800000,1.40176e-06
800256,1.40176e-06
800512,1.40176e-06
800768,1.40176e-06
801024,1.40176e-06
801280,1.40176e-06
801536,1.40176e-06
801792,1.40176e-06
802048,1.40176e-06
802304,1.40176e-06
802560,1.40176e-06
802816,1.40176e-06
803072,1.40176e-06
803328,1.40176e-06
803584,1.40176e-06
803840,1.40176e-06
804096,1.40176e-06
804352,1.40176e-06
804608,1.40176e-06
804864,1.40176e-06
805120,1.40176e-06
805376,1.40176e-06
805632,1.40176e-06
805888,1.40176e-06
806144,1.40176e-06
806400,1.40176e-06
806656,1.40176e-06
806912,1.40176e-06
807168,1.40176e-06
807424,1.40176e-06
807680,1.40176e-06
807936,1.40176e-06
808192,1.40176e-06
808448,1.40176e-06
808704,1.40176e-06
808960,1.40176e-06
809216,1.40176e-06
809472,1.40176e-06
809728,1.40176e-06
809984,1.40176e-06
810240,1.40176e-06
810496,1.40176e-06
810752,1.40176e-06
811008,1.40176e-06
811264,1.40176e-06
811520,1.40176e-06
811776,1.40176e-06
812032,1.40176e-06
812288,1.40176e-06
812544,1.40176e-06
812800,1.40176e-06
813056,1.40176e-06
813312,1.40176e-06
813568,1.40176e-06
813824,1.40176e-06
814080,1.40176e-06
814336,1.40176e-06
814592,1.40176e-06
814848,1.40176e-06
815104,1.40176e-06
815360,1.40176e-06
815616,1.40176e-06
815872,1.40176e-06
816128,1.40176e-06
816384,1.40176e-06
816640,1.40176e-06
816896,1.40176e-06
817152,1.40176e-06
817408,1.40176e-06
817664,1.40176e-06
817920,1.40176e-06
818176,1.40176e-06
818432,1.40176e-06
818688,1.40176e-06
818944,1.40176e-06
819200,1.40176e-06
819456,1.40176e-06
819712,1.40176e-06
819968,1.40176e-06
820224,1.40176e-06
820480,1.40176e-06
820736,1.40176e-06
820992,1.40176e-06
821248,1.40176e-06
821504,1.40176e-06
821760,1.40176e-06
822016,1.40176e-06
822272,1.40176e-06
822528,1.40176e-06
822784,1.40176e-06
823040,1.40176e-06
823296,1.40176e-06
823552,1.40176e-06
823808,1.40176e-06
824064,1.40176e-06
824320,1.40176e-06
824576,1.40176e-06
824832,1.40176e-06
825088,1.40176e-06
825344,1.40176e-06
825600,1.40176e-06
825856,1.40176e-06
826112,1.40176e-06
826368,1.40176e-06
826624,1.40176e-06
826880,1.40176e-06
827136,1.40176e-06
827392,1.40176e-06
827648,1.40176e-06
827904,1.40176e-06
828160,1.40176e-06
828416,1.40176e-06
828672,1.40176e-06
828928,1.40176e-06
829184,1.40176e-06
829440,1.40176e-06
829696,1.40176e-06
829952,1.40176e-06
830208,1.40176e-06
830464,1.40176e-06
830720,1.40176e-06
830976,1.40176e-06
831232,1.40176e-06
831488,1.40176e-06
831744,1.40176e-06
832000,1.40176e-06
832256,1.40176e-06
832512,1.40176e-06
832768,1.40176e-06
833024,1.40176e-06
833280,1.40176e-06
833536,1.40176e-06
833792,1.40176e-06
834048,1.40176e-06
834304,1.40176e-06
834560,1.40176e-06
834816,1.40176e-06
835072,1.40176e-06
835328,1.40176e-06
835584,1.40176e-06
835840,1.40176e-06
836096,1.40176e-06
836352,1.40176e-06
836608,1.40176e-06
836864,1.40176e-06
837120,1.40176e-06
837376,1.40176e-06
837632,1.40176e-06
837888,1.40176e-06
838144,1.40176e-06
838400,1.40176e-06
838656,1.40176e-06
838912,1.40176e-06
839168,1.40176e-06
839424,1.40176e-06
839680,1.40176e-06
839936,1.40176e-06
840192,1.40176e-06
840448,1.40176e-06
840704,1.40176e-06
840960,1.40176e-06
841216,1.40176e-06
841472,1.40176e-06
841728,1.40176e-06
841984,1.40176e-06
842240,1.40176e-06
842496,1.40176e-06
842752,1.40176e-06
843008,1.40176e-06
843264,1.40176e-06
843520,1.40176e-06
843776,1.40176e-06
844032,1.40176e-06
844288,1.40176e-06
844544,1.40176e-06
844800,1.40176e-06
845056,1.40176e-06
845312,1.40176e-06
845568,1.40176e-06
845824,1.40176e-06
846080,1.40176e-06
846336,1.40176e-06
846592,1.40176e-06
846848,1.40176e-06
847104,1.40176e-06
847360,1.40176e-06
847616,1.40176e-06
847872,1.40176e-06
848128,1.40176e-06
848384,1.40176e-06
848640,1.40176e-06
848896,1.40176e-06
849152,1.40176e-06
849408,1.40176e-06
849664,1.40176e-06
849920,1.40176e-06
850176,1.40176e-06
850432,1.40176e-06
850688,1.40176e-06
850944,1.40176e-06
851200,1.40176e-06
851456,1.40176e-06
851712,1.40176e-06
851968,1.40176e-06
852224,1.40176e-06
852480,1.40176e-06
852736,1.40176e-06
852992,1.40176e-06
853248,1.40176e-06
853504,1.40176e-06
853760,1.40176e-06
854016,1.40176e-06
854272,1.40176e-06
854528,1.40176e-06
854784,1.40176e-06
855040,1.40176e-06
855296,1.40176e-06
855552,1.40176e-06
855808,1.40176e-06
856064,1.40176e-06
856320,1.40176e-06
856576,1.40176e-06
856832,1.40176e-06
857088,1.40176e-06
857344,1.40176e-06
857600,1.40176e-06
857856,1.40176e-06
858112,1.40176e-06
858368,1.40176e-06
858624,1.40176e-06
858880,1.40176e-06
859136,1.40176e-06
859392,1.40176e-06
859648,1.40176e-06
859904,1.40176e-06
860160,1.40176e-06
860416,1.40176e-06
860672,1.40176e-06
860928,1.40176e-06
861184,1.40176e-06
861440,1.40176e-06
861696,1.40176e-06
861952,1.40176e-06
862208,1.40176e-06
862464,1.40176e-06
862720,1.40176e-06
862976,1.40176e-06
863232,1.40176e-06
863488,1.40176e-06
863744,1.40176e-06
864000,1.40176e-06
864256,1.40176e-06
864512,1.40176e-06
864768,1.40176e-06
865024,1.40176e-06
865280,1.40176e-06
865536,1.40176e-06
865792,1.40176e-06
866048,1.40176e-06
866304,1.40176e-06
866560,1.40176e-06
866816,1.40176e-06
867072,1.40176e-06
867328,1.40176e-06
867584,1.40176e-06
867840,1.40176e-06
868096,1.40176e-06
868352,1.40176e-06
868608,1.40176e-06
868864,1.40176e-06
869120,1.40176e-06
869376,1.40176e-06
869632,1.40176e-06
869888,1.40176e-06
870144,1.40176e-06
870400,1.40176e-06
870656,1.40176e-06
870912,1.40176e-06
871168,1.40176e-06
871424,1.40176e-06
871680,1.40176e-06
871936,1.40176e-06
872192,1.40176e-06
872448,1.40176e-06
872704,1.40176e-06
872960,1.40176e-06
873216,1.40176e-06
873472,1.40176e-06
873728,1.40176e-06
873984,1.40176e-06
874240,1.40176e-06
874496,1.40176e-06
874752,1.40176e-06
875008,1.40176e-06
875264,1.40176e-06
875520,1.40176e-06
875776,1.40176e-06
876032,1.40176e-06
876288,1.40176e-06
876544,1.40176e-06
876800,1.40176e-06
877056,1.40176e-06
877312,1.40176e-06
877568,1.40176e-06
877824,1.40176e-06
878080,1.40176e-06
878336,1.40176e-06
878592,1.40176e-06
878848,1.40176e-06
879104,1.40176e-06
879360,1.40176e-06
879616,1.40176e-06
879872,1.40176e-06
880128,1.40176e-06
880384,1.40176e-06
880640,1.40176e-06
880896,1.40176e-06
881152,1.40176e-06
881408,1.40176e-06
881664,1.40176e-06
881920,1.40176e-06
882176,1.40176e-06
882432,1.40176e-06
882688,1.40176e-06
882944,1.40176e-06
883200,1.40176e-06
883456,1.40176e-06
883712,1.40176e-06
883968,1.40176e-06
884224,1.40176e-06
884480,1.40176e-06
884736,1.40176e-06
884992,1.40176e-06
885248,1.40176e-06
885504,1.40176e-06
885760,1.40176e-06
886016,1.40176e-06
886272,1.40176e-06
886528,1.40176e-06
886784,1.40176e-06
887040,1.40176e-06
887296,1.40176e-06
887552,1.40176e-06
887808,1.40176e-06
888064,1.40176e-06
888320,1.40176e-06
888576,1.40176e-06
888832,1.40176e-06
889088,1.40176e-06
889344,1.40176e-06
889600,1.40176e-06
889856,1.40176e-06
