cache_lines,MRC
256,0.0565288
512,0.0544012
768,0.0529082
1024,0.051775
1280,0.0509895
1536,0.050342
1792,0.0497487
2048,0.0491571
2304,0.0488467
2560,0.0485873
2816,0.0483664
3072,0.0481688
3328,0.0480187
3584,0.0478704
3840,0.0477389
4096,0.0476207
4352,0.0474226
4608,0.0472084
4864,0.0469924
5120,0.0467829
5376,0.0465687
5632,0.0463644
5888,0.0460635
6144,0.0457732
6400,0.0455572
6656,0.0453544
6912,0.0451799
7168,0.0451229
7424,0.0450875
7680,0.0450547
7936,0.045023
8192,0.044995
8448,0.0449684
8704,0.0449408
8960,0.044917
9216,0.0448936
9472,0.0448716
9728,0.0448442
9984,0.0448206
10240,0.0447993
10496,0.0447799
10752,0.0447622
11008,0.0447437
11264,0.0446866
11520,0.0446116
11776,0.0445667
12032,0.0445339
12288,0.0445083
12544,0.0444846
12800,0.0444618
13056,0.0444258
13312,0.0443701
13568,0.0442882
13824,0.0442089
14080,0.0441519
14336,0.044106
14592,0.0440643
14848,0.0440244
15104,0.0439841
15360,0.0439489
15616,0.0439187
15872,0.0438897
16128,0.0438626
16384,0.043838
16640,0.0438147
16896,0.0437918
17152,0.043772
17408,0.0437514
17664,0.0437312
17920,0.0437113
18176,0.0436918
18432,0.0436725
18688,0.0436541
18944,0.0436347
19200,0.0436148
19456,0.0435955
19712,0.0435704
19968,0.0435519
20224,0.043534
20480,0.0435164
20736,0.0434998
20992,0.0434838
21248,0.0434686
21504,0.0434549
21760,0.0434416
22016,0.0434287
22272,0.0434146
22528,0.0433991
22784,0.0433857
23040,0.0433738
23296,0.0433502
23552,0.0433234
23808,0.0433013
24064,0.0432828
24320,0.0432654
24576,0.0432476
24832,0.0432308
25088,0.0432132
25344,0.0431962
25600,0.04318
25856,0.0431642
26112,0.043149
26368,0.0431336
26624,0.0431177
26880,0.0431011
27136,0.0430845
27392,0.0430686
27648,0.0430519
27904,0.0430356
28160,0.0430187
28416,0.0429957
28672,0.0429714
28928,0.0429506
29184,0.0429295
29440,0.0429094
29696,0.0428894
29952,0.0428701
30208,0.0428511
30464,0.0428311
30720,0.0428073
30976,0.0427844
31232,0.0427607
31488,0.0427344
31744,0.0427075
32000,0.0426767
32256,0.0426388
32512,0.042602
32768,0.0425657
33024,0.0425286
33280,0.042492
33536,0.0424572
33792,0.0424232
34048,0.0423908
34304,0.0423581
34560,0.0423274
34816,0.0422974
35072,0.0422701
35328,0.0422426
35584,0.0422142
35840,0.0421839
36096,0.042152
36352,0.0421164
36608,0.0420768
36864,0.0418961
37120,0.0415917
37376,0.0412743
37632,0.0409358
37888,0.0406195
38144,0.0403423
38400,0.0400937
38656,0.0398577
38912,0.0396642
39168,0.039491
39424,0.0393295
39680,0.039185
39936,0.0390508
40192,0.0389224
40448,0.038808
40704,0.0386945
40960,0.0384869
41216,0.0379712
41472,0.0372829
41728,0.0365142
41984,0.0355751
42240,0.0346716
42496,0.0338412
42752,0.0330732
43008,0.0324021
43264,0.031812
43520,0.031285
43776,0.0307911
44032,0.0303166
44288,0.029863
44544,0.0294365
44800,0.029025
45056,0.0286212
45312,0.028234
45568,0.0278553
45824,0.0274843
46080,0.0271155
46336,0.0267539
46592,0.0263885
46848,0.0260307
47104,0.0256705
47360,0.0253154
47616,0.0249498
47872,0.024568
48128,0.0241725
48384,0.0237382
48640,0.0232125
48896,0.0225449
49152,0.0218566
49408,0.0213505
49664,0.0208369
49920,0.0203124
50176,0.0197677
50432,0.0191865
50688,0.0186434
50944,0.0180992
51200,0.017535
51456,0.0170232
51712,0.0165572
51968,0.0161153
52224,0.0156795
52480,0.0152108
52736,0.014732
52992,0.0142139
53248,0.0137136
53504,0.0132442
53760,0.0128122
54016,0.0124015
54272,0.0120182
54528,0.0116358
54784,0.0112776
55040,0.0109172
55296,0.0105744
55552,0.0102238
55808,0.00986272
56064,0.00951284
56320,0.00917266
56576,0.00883851
56832,0.00850933
57088,0.00819963
57344,0.0078999
57600,0.0076076
57856,0.007308
58112,0.00701641
58368,0.00672793
58624,0.00643808
58880,0.00616627
59136,0.00589326
59392,0.00561103
59648,0.00532493
59904,0.00504645
60160,0.00477097
60416,0.00448633
60672,0.00419528
60928,0.00389846
61184,0.00362651
61440,0.00335209
61696,0.00309349
61952,0.00284476
62208,0.00261218
62464,0.00238251
62720,0.00218888
62976,0.0020053
63232,0.00184753
63488,0.0017213
63744,0.00162705
64000,0.00156023
64256,0.00151102
64512,0.00147932
64768,0.00145521
65024,0.00143239
65280,0.00141119
65536,0.00138924
65792,0.00137068
66048,0.00135291
66304,0.00133569
66560,0.00131949
66816,0.00130269
67072,0.0012859
67328,0.00126928
67584,0.00125288
67840,0.00123748
68096,0.00122328
68352,0.00120992
68608,0.00119635
68864,0.00118344
69120,0.00117133
69376,0.00115906
69632,0.00114723
69888,0.00113454
70144,0.00112331
70400,0.00111139
70656,0.00110023
70912,0.00108781
71168,0.00107566
71424,0.00106405
71680,0.00105293
71936,0.00104215
72192,0.0010312
72448,0.00102094
72704,0.00100983
72960,0.000999105
73216,0.000987678
73472,0.000975334
73728,0.000963354
73984,0.000951239
74240,0.000938864
74496,0.000926232
74752,0.000914337
75008,0.000904015
75264,0.000893876
75520,0.000884335
75776,0.000874373
76032,0.000865043
76288,0.000856086
76544,0.000846729
76800,0.0008378
77056,0.000829686
77312,0.000821412
77568,0.000813064
77824,0.000805266
78080,0.000797478
78336,0.0007892
78592,0.00078185
78848,0.000774089
79104,0.000767274
79360,0.000760472
79616,0.000753679
79872,0.00074732
80128,0.000740416
80384,0.000734622
80640,0.000728739
80896,0.000722436
81152,0.000716778
81408,0.000711087
81664,0.000705326
81920,0.000699267
82176,0.000693493
82432,0.000687993
82688,0.000681955
82944,0.000676752
83200,0.000670994
83456,0.000665081
83712,0.000659104
83968,0.000653262
84224,0.000647355
84480,0.000641903
84736,0.000636296
84992,0.000631033
85248,0.000625696
85504,0.00062083
85760,0.000615403
86016,0.000610288
86272,0.000604774
86528,0.000599569
86784,0.000594799
87040,0.000589542
87296,0.000584525
87552,0.000580237
87808,0.000575579
88064,0.000570632
88320,0.000565593
88576,0.00056069
88832,0.000555756
89088,0.000551118
89344,0.000546462
89600,0.000541923
89856,0.000537177
90112,0.000532822
90368,0.000528226
90624,0.000523669
90880,0.000519022
91136,0.00051438
91392,0.000509941
91648,0.000505889
91904,0.000501535
92160,0.000497092
92416,0.00049297
92672,0.000489087
92928,0.000484728
93184,0.000480616
93440,0.00047622
93696,0.000472065
93952,0.000468527
94208,0.000464663
94464,0.000460812
94720,0.000456855
94976,0.000453399
95232,0.000449337
95488,0.000445831
95744,0.000441815
96000,0.000438068
96256,0.000434356
96512,0.000430872
96768,0.00042765
97024,0.000424239
97280,0.000421158
97536,0.000417487
97792,0.000413987
98048,0.000410574
98304,0.000407312
98560,0.000403904
98816,0.000400608
99072,0.000397162
99328,0.000393902
99584,0.000390362
99840,0.000387423
100096,0.00038435
100352,0.000380974
100608,0.00037799
100864,0.000375034
101120,0.000372095
101376,0.000369164
101632,0.000366312
101888,0.000363436
102144,0.000360885
102400,0.000358144
102656,0.000355295
102912,0.000352836
103168,0.000350268
103424,0.000347337
103680,0.000344896
103936,0.000342277
104192,0.000339712
104448,0.000336904
104704,0.000334638
104960,0.000332015
105216,0.000329427
105472,0.000327233
105728,0.000324776
105984,0.000322328
106240,0.00031991
106496,0.000317486
106752,0.000314702
107008,0.000312249
107264,0.000309917
107520,0.000307596
107776,0.000305336
108032,0.000303266
108288,0.000301204
108544,0.000299042
108800,0.000296724
109056,0.000294261
109312,0.000292188
109568,0.000290036
109824,0.000287782
110080,0.000285577
110336,0.000283469
110592,0.000281248
110848,0.000279031
111104,0.000277039
111360,0.000275175
111616,0.000272915
111872,0.000270761
112128,0.000268431
112384,0.000266356
112640,0.000264127
112896,0.000261755
113152,0.000259596
113408,0.000257618
113664,0.000255577
113920,0.000253768
114176,0.000251879
114432,0.00024986
114688,0.000248135
114944,0.0002464
115200,0.000244438
115456,0.000242508
115712,0.000240755
115968,0.000238859
116224,0.000237213
116480,0.000235485
116736,0.000233641
116992,0.000231883
117248,0.00023022
117504,0.000228543
117760,0.000226877
118016,0.000225229
118272,0.000223425
118528,0.000221771
118784,0.000220176
119040,0.000218406
119296,0.000217053
119552,0.000215583
119808,0.000214016
120064,0.000212332
120320,0.000210677
120576,0.000208946
120832,0.000207473
121088,0.000206058
121344,0.000204458
121600,0.000202949
121856,0.000201316
122112,0.000199962
122368,0.000198674
122624,0.000197364
122880,0.000195894
123136,0.000194323
123392,0.000192889
123648,0.000191429
123904,0.000190096
124160,0.000188512
124416,0.000187179
124672,0.000185706
124928,0.000184343
125184,0.00018304
125440,0.000181692
125696,0.000180408
125952,0.000179212
126208,0.000177817
126464,0.00017656
126720,0.000175268
126976,0.000174081
127232,0.000172686
127488,0.000171445
127744,0.00017018
128000,0.000168989
128256,0.00016779
128512,0.00016639
128768,0.000165096
129024,0.000163906
129280,0.00016273
129536,0.000161407
129792,0.000160297
130048,0.000159166
130304,0.000157963
130560,0.000156869
130816,0.000155492
131072,0.000154334
131328,0.000153013
131584,0.00015177
131840,0.000150523
132096,0.000149247
132352,0.000148385
132608,0.000147254
132864,0.000145875
133120,0.000144794
133376,0.000143518
133632,0.000142307
133888,0.000141016
134144,0.000139946
134400,0.000138718
134656,0.000137475
134912,0.000136333
135168,0.000135249
135424,0.000134306
135680,0.000133136
135936,0.000131879
136192,0.000130684
136448,0.000129605
136704,0.00012849
136960,0.000127269
137216,0.000125987
137472,0.000124896
137728,0.00012382
137984,0.000122528
138240,0.000121549
138496,0.000120286
138752,0.000119072
139008,0.000118021
139264,0.0001172
139520,0.000116222
139776,0.000115342
140032,0.000114493
140288,0.000113738
140544,0.000112785
140800,0.000111792
141056,0.000110951
141312,0.000109916
141568,0.000109043
141824,0.000107885
142080,0.000106907
142336,0.000105774
142592,0.000104784
142848,0.000103746
143104,0.000102723
143360,0.000101826
143616,0.000100674
143872,9.9495e-05
144128,9.86781e-05
144384,9.76791e-05
144640,9.66707e-05
144896,9.58067e-05
145152,9.47209e-05
145408,9.36083e-05
145664,9.26059e-05
145920,9.13855e-05
146176,9.04878e-05
146432,8.9551e-05
146688,8.87926e-05
146944,8.79452e-05
147200,8.70163e-05
147456,8.60578e-05
147712,8.52922e-05
147968,8.45142e-05
148224,8.35216e-05
148480,8.27201e-05
148736,8.17926e-05
148992,8.10558e-05
149248,8.0303e-05
149504,7.95811e-05
149760,7.86903e-05
150016,7.7844e-05
150272,7.72051e-05
150528,7.64409e-05
150784,7.56936e-05
151040,7.50018e-05
151296,7.41892e-05
151552,7.34153e-05
151808,7.26266e-05
152064,7.17373e-05
152320,7.0882e-05
152576,7.02028e-05
152832,6.95045e-05
153088,6.8684e-05
153344,6.7835e-05
153600,6.71652e-05
153856,6.6464e-05
154112,6.58684e-05
154368,6.51981e-05
154624,6.45953e-05
154880,6.39176e-05
155136,6.30829e-05
155392,6.25245e-05
155648,6.17811e-05
155904,6.08035e-05
156160,6.00461e-05
156416,5.94036e-05
156672,5.8637e-05
156928,5.78774e-05
157184,5.72172e-05
157440,5.65792e-05
157696,5.58182e-05
157952,5.49907e-05
158208,5.39668e-05
158464,5.3327e-05
158720,5.25904e-05
158976,5.1875e-05
159232,5.1247e-05
159488,5.07549e-05
159744,5.00981e-05
160000,4.93087e-05
160256,4.85049e-05
160512,4.77222e-05
160768,4.71513e-05
161024,4.66e-05
161280,4.58082e-05
161536,4.52549e-05
161792,4.48422e-05
162048,4.42639e-05
162304,4.37835e-05
162560,4.32241e-05
162816,4.26402e-05
163072,4.21636e-05
163328,4.16028e-05
163584,4.10932e-05
163840,4.05278e-05
164096,3.99287e-05
164352,3.9451e-05
164608,3.87926e-05
164864,3.8324e-05
165120,3.78021e-05
165376,3.73395e-05
165632,3.67914e-05
165888,3.63592e-05
166144,3.58858e-05
166400,3.56074e-05
166656,3.51925e-05
166912,3.47635e-05
167168,3.4214e-05
167424,3.36426e-05
167680,3.31117e-05
167936,3.2652e-05
168192,3.20974e-05
168448,3.17003e-05
168704,3.12893e-05
168960,3.07557e-05
169216,3.01932e-05
169472,2.98191e-05
169728,2.94498e-05
169984,2.90882e-05
170240,2.87682e-05
170496,2.84706e-05
170752,2.81407e-05
171008,2.77286e-05
171264,2.74018e-05
171520,2.70549e-05
171776,2.66922e-05
172032,2.63366e-05
172288,2.59955e-05
172544,2.56059e-05
172800,2.51756e-05
173056,2.48471e-05
173312,2.43739e-05
173568,2.40681e-05
173824,2.371e-05
174080,2.33473e-05
174336,2.3033e-05
174592,2.26297e-05
174848,2.22923e-05
175104,2.20933e-05
175360,2.18381e-05
175616,2.1476e-05
175872,2.12075e-05
176128,2.09744e-05
176384,2.0725e-05
176640,2.04552e-05
176896,2.01039e-05
177152,1.96701e-05
177408,1.93304e-05
177664,1.90072e-05
177920,1.8722e-05
178176,1.85137e-05
178432,1.81595e-05
178688,1.78828e-05
178944,1.75962e-05
179200,1.73964e-05
179456,1.72205e-05
179712,1.69605e-05
179968,1.681e-05
180224,1.66421e-05
180480,1.64057e-05
180736,1.62148e-05
180992,1.59201e-05
181248,1.57451e-05
181504,1.54526e-05
181760,1.519e-05
182016,1.50748e-05
182272,1.48152e-05
182528,1.45745e-05
182784,1.43555e-05
183040,1.41726e-05
183296,1.40291e-05
183552,1.38251e-05
183808,1.3643e-05
184064,1.35428e-05
184320,1.34118e-05
184576,1.32869e-05
184832,1.31926e-05
185088,1.30755e-05
185344,1.29427e-05
185600,1.28127e-05
185856,1.26759e-05
186112,1.25005e-05
186368,1.2387e-05
186624,1.22713e-05
186880,1.21464e-05
187136,1.20627e-05
187392,1.19759e-05
187648,1.1879e-05
187904,1.17123e-05
188160,1.16501e-05
188416,1.15497e-05
188672,1.1428e-05
188928,1.13574e-05
189184,1.11294e-05
189440,1.10001e-05
189696,1.09147e-05
189952,1.07957e-05
190208,1.0674e-05
190464,1.05391e-05
190720,1.04357e-05
190976,1.03027e-05
191232,1.01963e-05
191488,1.00879e-05
191744,1.00114e-05
192000,9.93728e-06
192256,9.86448e-06
192512,9.73936e-06
192768,9.662e-06
193024,9.55173e-06
193280,9.43047e-06
193536,9.30134e-06
193792,9.18368e-06
194048,9.07305e-06
194304,8.95945e-06
194560,8.87293e-06
194816,8.80141e-06
195072,8.70572e-06
195328,8.63462e-06
195584,8.55724e-06
195840,8.48202e-06
196096,8.42913e-06
196352,8.33841e-06
196608,8.21551e-06
196864,8.14756e-06
197120,8.07412e-06
197376,7.9838e-06
197632,7.85408e-06
197888,7.78473e-06
198144,7.71724e-06
198400,7.66544e-06
198656,7.60249e-06
198912,7.54937e-06
199168,7.51683e-06
199424,7.4376e-06
199680,7.38386e-06
199936,7.36142e-06
200192,7.27611e-06
200448,7.26561e-06
200704,7.25511e-06
200960,7.23764e-06
201216,7.20261e-06
201472,7.15012e-06
201728,7.10812e-06
201984,7.09006e-06
202240,7.07662e-06
202496,7.04512e-06
202752,7.03801e-06
203008,7.01338e-06
203264,6.97163e-06
203520,6.93197e-06
203776,6.87505e-06
204032,6.84564e-06
204288,6.81414e-06
204544,6.77636e-06
204800,6.74064e-06
205056,6.69865e-06
205312,6.68589e-06
205568,6.6483e-06
205824,6.60415e-06
206080,6.59342e-06
206336,6.56215e-06
206592,6.53066e-06
206848,6.52016e-06
207104,6.5024e-06
207360,6.46991e-06
207616,6.41516e-06
207872,6.41516e-06
208128,6.38729e-06
208384,6.36267e-06
208640,6.3391e-06
208896,6.33049e-06
209152,6.28547e-06
209408,6.24957e-06
209664,6.24028e-06
209920,6.21567e-06
210176,6.18418e-06
210432,6.15568e-06
210688,6.14218e-06
210944,6.12785e-06
211200,6.11068e-06
211456,6.11068e-06
211712,6.08413e-06
211968,6.04038e-06
212224,6.01382e-06
212480,5.98152e-06
212736,5.97081e-06
212992,5.96369e-06
213248,5.93803e-06
213504,5.91119e-06
213760,5.89437e-06
214016,5.8692e-06
214272,5.8692e-06
214528,5.86503e-06
214784,5.8482e-06
215040,5.84176e-06
215296,5.80377e-06
215552,5.7957e-06
215808,5.7852e-06
216064,5.7747e-06
216320,5.7642e-06
216576,5.7432e-06
216832,5.7327e-06
217088,5.72473e-06
217344,5.69668e-06
217600,5.69071e-06
217856,5.69071e-06
218112,5.69071e-06
218368,5.68021e-06
218624,5.67132e-06
218880,5.66406e-06
219136,5.65429e-06
219392,5.61781e-06
219648,5.59621e-06
219904,5.59207e-06
220160,5.57388e-06
220416,5.56471e-06
220672,5.54134e-06
220928,5.53322e-06
221184,5.53322e-06
221440,5.53322e-06
221696,5.53322e-06
221952,5.53322e-06
222208,5.53322e-06
222464,5.53322e-06
222720,5.52272e-06
222976,5.5181e-06
223232,5.51222e-06
223488,5.51222e-06
223744,5.48598e-06
224000,5.46458e-06
224256,5.44922e-06
224512,5.43872e-06
224768,5.42884e-06
225024,5.42822e-06
225280,5.39525e-06
225536,5.38623e-06
225792,5.35473e-06
226048,5.35473e-06
226304,5.35473e-06
226560,5.34423e-06
226816,5.30578e-06
227072,5.29173e-06
227328,5.29173e-06
227584,5.28123e-06
227840,5.27073e-06
228096,5.26969e-06
228352,5.24973e-06
228608,5.23923e-06
228864,5.22874e-06
229120,5.22874e-06
229376,5.22874e-06
229632,5.22874e-06
229888,5.22346e-06
230144,5.21824e-06
230400,5.21824e-06
230656,5.21824e-06
230912,5.21824e-06
231168,5.21824e-06
231424,5.21824e-06
231680,5.21824e-06
231936,5.21824e-06
232192,5.21824e-06
232448,5.21824e-06
232704,5.21824e-06
232960,5.20774e-06
233216,5.20774e-06
233472,5.20535e-06
233728,5.19724e-06
233984,5.19724e-06
234240,5.19724e-06
234496,5.19724e-06
234752,5.18532e-06
235008,5.16574e-06
235264,5.16574e-06
235520,5.16574e-06
235776,5.16574e-06
236032,5.15576e-06
236288,5.14474e-06
236544,5.14474e-06
236800,5.13424e-06
237056,5.13424e-06
237312,5.13424e-06
237568,5.13424e-06
237824,5.12011e-06
238080,5.10444e-06
238336,5.08174e-06
238592,5.08174e-06
238848,5.07818e-06
239104,5.07125e-06
239360,5.07125e-06
239616,5.07125e-06
239872,5.07125e-06
240128,5.07125e-06
240384,5.07125e-06
240640,5.07125e-06
240896,5.07125e-06
241152,5.05274e-06
241408,5.05025e-06
241664,5.05025e-06
241920,5.04156e-06
242176,5.01948e-06
242432,4.99297e-06
242688,4.98725e-06
242944,4.97675e-06
243200,4.97675e-06
243456,4.9645e-06
243712,4.95575e-06
243968,4.95575e-06
244224,4.95575e-06
244480,4.94797e-06
244736,4.94525e-06
244992,4.94525e-06
245248,4.94525e-06
245504,4.93566e-06
245760,4.92993e-06
246016,4.92425e-06
246272,4.92425e-06
246528,4.91261e-06
246784,4.90326e-06
247040,4.90326e-06
247296,4.90326e-06
247552,4.90326e-06
247808,4.88458e-06
248064,4.88226e-06
248320,4.88226e-06
248576,4.88226e-06
248832,4.88226e-06
249088,4.88226e-06
249344,4.88226e-06
249600,4.88226e-06
249856,4.88226e-06
250112,4.88226e-06
250368,4.88226e-06
250624,4.88143e-06
250880,4.87176e-06
251136,4.87176e-06
251392,4.87176e-06
251648,4.86816e-06
251904,4.86126e-06
252160,4.85621e-06
252416,4.85076e-06
252672,4.85076e-06
252928,4.84026e-06
253184,4.84026e-06
253440,4.84026e-06
253696,4.84026e-06
253952,4.84026e-06
254208,4.84026e-06
254464,4.84026e-06
254720,4.84026e-06
254976,4.84026e-06
255232,4.84026e-06
255488,4.84026e-06
255744,4.84026e-06
256000,4.84026e-06
256256,4.84026e-06
256512,4.84026e-06
256768,4.84026e-06
257024,4.84026e-06
257280,4.84026e-06
257536,4.82976e-06
257792,4.82976e-06
258048,4.82204e-06
258304,4.81926e-06
258560,4.81926e-06
258816,4.81926e-06
259072,4.80876e-06
259328,4.80876e-06
259584,4.79826e-06
259840,4.79826e-06
260096,4.79826e-06
260352,4.79826e-06
260608,4.79826e-06
260864,4.79826e-06
261120,4.79826e-06
261376,4.79826e-06
261632,4.79826e-06
261888,4.79826e-06
262144,4.79826e-06
262400,4.79826e-06
262656,4.79826e-06
262912,4.79826e-06
263168,4.79826e-06
263424,4.79826e-06
263680,4.79826e-06
263936,4.79826e-06
264192,4.79826e-06
264448,4.78297e-06
264704,4.77726e-06
264960,4.77726e-06
265216,4.77726e-06
265472,4.77726e-06
265728,4.77726e-06
265984,4.76676e-06
266240,4.76676e-06
266496,4.76676e-06
266752,4.76676e-06
267008,4.76676e-06
267264,4.76676e-06
267520,4.76001e-06
267776,4.75626e-06
268032,4.75626e-06
268288,4.74577e-06
268544,4.74577e-06
268800,4.74577e-06
269056,4.74577e-06
269312,4.74577e-06
269568,4.74577e-06
269824,4.74577e-06
270080,4.74577e-06
270336,4.74577e-06
270592,4.74577e-06
270848,4.72963e-06
271104,4.72477e-06
271360,4.72477e-06
271616,4.72477e-06
271872,4.72477e-06
272128,4.72477e-06
272384,4.72477e-06
272640,4.72477e-06
272896,4.71427e-06
273152,4.71427e-06
273408,4.71427e-06
273664,4.71427e-06
273920,4.71427e-06
274176,4.71427e-06
274432,4.71427e-06
274688,4.71427e-06
274944,4.71427e-06
275200,4.7089e-06
275456,4.70377e-06
275712,4.70377e-06
275968,4.70377e-06
276224,4.69583e-06
276480,4.69327e-06
276736,4.69327e-06
276992,4.69327e-06
277248,4.69327e-06
277504,4.69327e-06
277760,4.69327e-06
278016,4.69327e-06
278272,4.69056e-06
278528,4.68277e-06
278784,4.68277e-06
279040,4.68277e-06
279296,4.68277e-06
279552,4.68277e-06
279808,4.68277e-06
280064,4.68277e-06
280320,4.68277e-06
280576,4.68277e-06
280832,4.68277e-06
281088,4.68277e-06
281344,4.68277e-06
281600,4.68277e-06
281856,4.68277e-06
282112,4.68277e-06
282368,4.68277e-06
282624,4.68277e-06
282880,4.68277e-06
283136,4.68277e-06
283392,4.67699e-06
283648,4.67227e-06
283904,4.67227e-06
284160,4.67227e-06
284416,4.67227e-06
284672,4.67227e-06
284928,4.67227e-06
285184,4.67227e-06
285440,4.67227e-06
285696,4.67227e-06
285952,4.67227e-06
286208,4.67227e-06
286464,4.67227e-06
286720,4.67227e-06
286976,4.67227e-06
287232,4.67227e-06
287488,4.67227e-06
287744,4.66775e-06
288000,4.66177e-06
288256,4.66177e-06
288512,4.66177e-06
288768,4.66177e-06
289024,4.66177e-06
289280,4.66177e-06
289536,4.66177e-06
289792,4.66177e-06
290048,4.66177e-06
290304,4.66177e-06
290560,4.66177e-06
290816,4.66177e-06
291072,4.66177e-06
291328,4.66177e-06
291584,4.66177e-06
291840,4.66177e-06
292096,4.66177e-06
292352,4.6601e-06
292608,4.6515e-06
292864,4.65127e-06
293120,4.65127e-06
293376,4.65127e-06
293632,4.65127e-06
293888,4.65127e-06
294144,4.65127e-06
294400,4.64371e-06
294656,4.64077e-06
294912,4.64077e-06
295168,4.64077e-06
295424,4.64077e-06
295680,4.64077e-06
295936,4.64077e-06
296192,4.64077e-06
296448,4.64077e-06
296704,4.64077e-06
296960,4.64077e-06
297216,4.64077e-06
297472,4.64077e-06
297728,4.64077e-06
297984,4.64077e-06
298240,4.64077e-06
298496,4.64077e-06
298752,4.64077e-06
299008,4.64077e-06
299264,4.64077e-06
299520,4.64077e-06
299776,4.64077e-06
300032,4.64077e-06
300288,4.64077e-06
300544,4.63607e-06
300800,4.63027e-06
301056,4.63027e-06
301312,4.63027e-06
301568,4.63027e-06
301824,4.62431e-06
302080,4.61977e-06
302336,4.61977e-06
302592,4.61977e-06
302848,4.61977e-06
303104,4.61977e-06
303360,4.61977e-06
303616,4.61977e-06
303872,4.61977e-06
304128,4.61977e-06
304384,4.61977e-06
304640,4.61294e-06
304896,4.60927e-06
305152,4.60927e-06
305408,4.60927e-06
305664,4.60927e-06
305920,4.60927e-06
306176,4.60927e-06
306432,4.60927e-06
306688,4.60927e-06
306944,4.60927e-06
307200,4.60927e-06
307456,4.60927e-06
307712,4.60927e-06
307968,4.60927e-06
308224,4.60927e-06
308480,4.60927e-06
308736,4.60927e-06
308992,4.60171e-06
309248,4.59877e-06
309504,4.59877e-06
309760,4.59877e-06
310016,4.59877e-06
310272,4.59877e-06
310528,4.59877e-06
310784,4.59877e-06
311040,4.59877e-06
311296,4.59877e-06
311552,4.59861e-06
311808,4.58989e-06
312064,4.58116e-06
312320,4.57241e-06
312576,4.56728e-06
312832,4.56728e-06
313088,4.56728e-06
313344,4.56728e-06
313600,4.56728e-06
313856,4.56728e-06
314112,4.56728e-06
314368,4.56728e-06
314624,4.56728e-06
314880,4.56728e-06
315136,4.56728e-06
315392,4.56728e-06
315648,4.5634e-06
315904,4.55678e-06
316160,4.55678e-06
316416,4.55678e-06
316672,4.55678e-06
316928,4.55678e-06
317184,4.55678e-06
317440,4.55678e-06
317696,4.55678e-06
317952,4.55678e-06
318208,4.55678e-06
318464,4.55678e-06
318720,4.55678e-06
318976,4.55678e-06
319232,4.55678e-06
319488,4.55678e-06
319744,4.54876e-06
320000,4.54628e-06
320256,4.54628e-06
320512,4.54628e-06
320768,4.54628e-06
321024,4.54628e-06
321280,4.54628e-06
321536,4.54628e-06
321792,4.54628e-06
322048,4.54628e-06
322304,4.54628e-06
322560,4.54628e-06
322816,4.54628e-06
323072,4.54628e-06
323328,4.54628e-06
323584,4.54628e-06
323840,4.54628e-06
324096,4.54628e-06
324352,4.54628e-06
324608,4.54628e-06
324864,4.54628e-06
325120,4.54628e-06
325376,4.54628e-06
325632,4.54628e-06
325888,4.54628e-06
326144,4.54628e-06
326400,4.54628e-06
326656,4.54628e-06
326912,4.54628e-06
327168,4.54628e-06
327424,4.54628e-06
327680,4.54628e-06
327936,4.54628e-06
328192,4.54628e-06
328448,4.54628e-06
328704,4.54628e-06
328960,4.54628e-06
329216,4.54628e-06
329472,4.54628e-06
329728,4.54628e-06
329984,4.54628e-06
330240,4.54628e-06
330496,4.54628e-06
330752,4.54628e-06
331008,4.5391e-06
331264,4.53578e-06
331520,4.53578e-06
331776,4.53578e-06
332032,4.53578e-06
332288,4.53578e-06
332544,4.53578e-06
332800,4.53578e-06
333056,4.53578e-06
333312,4.53578e-06
333568,4.53578e-06
333824,4.53578e-06
334080,4.52762e-06
334336,4.52528e-06
334592,4.52528e-06
334848,4.52528e-06
335104,4.52528e-06
335360,4.52528e-06
335616,4.52528e-06
335872,4.52528e-06
336128,4.52528e-06
336384,4.52528e-06
336640,4.52528e-06
336896,4.52528e-06
337152,4.52528e-06
337408,4.52528e-06
337664,4.52528e-06
337920,4.52528e-06
338176,4.52528e-06
338432,4.52302e-06
338688,4.50527e-06
338944,4.47058e-06
339200,4.44846e-06
339456,4.43585e-06
339712,4.41489e-06
339968,4.38362e-06
340224,4.36655e-06
340480,4.35737e-06
340736,4.32068e-06
340992,4.29142e-06
341248,4.27698e-06
341504,4.27329e-06
341760,4.27329e-06
342016,4.27329e-06
342272,4.27329e-06
342528,4.27329e-06
342784,4.27325e-06
343040,4.26386e-06
343296,4.2628e-06
343552,4.25557e-06
343808,4.23998e-06
344064,4.20048e-06
344320,4.14712e-06
344576,4.10891e-06
344832,4.0812e-06
345088,4.03603e-06
345344,3.99679e-06
345600,3.91154e-06
345856,3.87136e-06
346112,3.84107e-06
346368,3.82016e-06
346624,3.79659e-06
346880,3.74639e-06
347136,3.72494e-06
347392,3.70338e-06
347648,3.68351e-06
347904,3.6704e-06
348160,3.64851e-06
348416,3.62014e-06
348672,3.58704e-06
348928,3.56687e-06
349184,3.54884e-06
349440,3.54884e-06
349696,3.54884e-06
349952,3.54884e-06
350208,3.54042e-06
350464,3.53834e-06
350720,3.52827e-06
350976,3.51734e-06
351232,3.51468e-06
351488,3.49181e-06
351744,3.4688e-06
352000,3.44563e-06
352256,3.41122e-06
352512,3.36392e-06
352768,3.3327e-06
353024,3.30857e-06
353280,3.28427e-06
353536,3.25979e-06
353792,3.23513e-06
354048,3.21027e-06
354304,3.18522e-06
354560,3.17068e-06
354816,3.15569e-06
355072,3.1302e-06
355328,3.10451e-06
355584,3.0786e-06
355840,3.07637e-06
356096,3.06851e-06
356352,3.04229e-06
356608,3.01584e-06
356864,2.99077e-06
357120,2.97735e-06
357376,2.97137e-06
357632,2.97137e-06
357888,2.94433e-06
358144,2.91079e-06
358400,2.86921e-06
358656,2.85332e-06
358912,2.84538e-06
359168,2.84538e-06
359424,2.83207e-06
359680,2.8179e-06
359936,2.80365e-06
360192,2.78932e-06
360448,2.78239e-06
360704,2.78239e-06
360960,2.78239e-06
361216,2.76506e-06
361472,2.73594e-06
361728,2.7065e-06
361984,2.67674e-06
362240,2.63686e-06
362496,2.57539e-06
362752,2.52754e-06
363008,2.5094e-06
363264,2.50454e-06
363520,2.4885e-06
363776,2.4562e-06
364032,2.42337e-06
364288,2.39008e-06
364544,2.35633e-06
364800,2.32208e-06
365056,2.28733e-06
365312,2.25204e-06
365568,2.22632e-06
365824,2.20826e-06
366080,2.19442e-06
366336,2.19117e-06
366592,2.1543e-06
366848,2.13468e-06
367104,2.10014e-06
367360,2.06164e-06
367616,2.04743e-06
367872,2.02532e-06
368128,2.00543e-06
368384,2.00543e-06
368640,2.00543e-06
368896,1.99852e-06
369152,1.97838e-06
369408,1.96344e-06
369664,1.96344e-06
369920,1.96344e-06
370176,1.96344e-06
370432,1.96044e-06
370688,1.94244e-06
370944,1.93812e-06
371200,1.90044e-06
371456,1.89192e-06
371712,1.81086e-06
371968,1.76607e-06
372224,1.72629e-06
372480,1.69437e-06
372736,1.64642e-06
372992,1.61231e-06
373248,1.56786e-06
373504,1.54038e-06
373760,1.50579e-06
374016,1.48047e-06
374272,1.45999e-06
374528,1.45947e-06
374784,1.45947e-06
375040,1.44054e-06
375296,1.43847e-06
375552,1.4268e-06
375808,1.41747e-06
376064,1.41747e-06
376320,1.41747e-06
376576,1.41747e-06
376832,1.41153e-06
377088,1.39647e-06
377344,1.39647e-06
377600,1.38058e-06
377856,1.33798e-06
378112,1.33348e-06
378368,1.33348e-06
378624,1.33348e-06
378880,1.33348e-06
379136,1.33348e-06
379392,1.33348e-06
379648,1.31663e-06
379904,1.31248e-06
380160,1.31248e-06
380416,1.31248e-06
380672,1.31248e-06
380928,1.31248e-06
381184,1.31248e-06
381440,1.31248e-06
381696,1.31248e-06
381952,1.31248e-06
382208,1.31248e-06
382464,1.31248e-06
382720,1.31248e-06
382976,1.31248e-06
383232,1.31248e-06
383488,1.31248e-06
383744,1.31248e-06
384000,1.31248e-06
384256,1.31248e-06
384512,1.31248e-06
384768,1.31248e-06
385024,1.31248e-06
385280,1.31248e-06
385536,1.31248e-06
385792,1.31248e-06
386048,1.31248e-06
386304,1.31248e-06
386560,1.31248e-06
386816,1.31248e-06
387072,1.31248e-06
387328,1.31248e-06
387584,1.31248e-06
387840,1.31248e-06
388096,1.31248e-06
388352,1.31248e-06
388608,1.31248e-06
388864,1.31248e-06
389120,1.31248e-06
389376,1.31248e-06
389632,1.31248e-06
389888,1.31248e-06
390144,1.31248e-06
390400,1.31248e-06
390656,1.29148e-06
390912,1.29148e-06
391168,1.29148e-06
391424,1.29148e-06
391680,1.29148e-06
391936,1.29148e-06
392192,1.29148e-06
392448,1.29148e-06
392704,1.29148e-06
392960,1.29148e-06
393216,1.29148e-06
393472,1.29148e-06
393728,1.29148e-06
393984,1.29148e-06
394240,1.29148e-06
394496,1.29148e-06
394752,1.29148e-06
395008,1.29148e-06
395264,1.29148e-06
395520,1.29148e-06
395776,1.29148e-06
396032,1.29148e-06
396288,1.29148e-06
396544,1.29148e-06
396800,1.29148e-06
397056,1.29148e-06
397312,1.29148e-06
397568,1.29148e-06
397824,1.29148e-06
398080,1.29148e-06
398336,1.29148e-06
398592,1.29148e-06
398848,1.29148e-06
399104,1.29148e-06
399360,1.29148e-06
399616,1.29148e-06
399872,1.29148e-06
400128,1.27145e-06
400384,1.27048e-06
400640,1.27048e-06
400896,1.27048e-06
401152,1.27048e-06
401408,1.27048e-06
401664,1.27048e-06
401920,1.27048e-06
402176,1.27048e-06
402432,1.27048e-06
402688,1.27048e-06
402944,1.27048e-06
403200,1.27048e-06
403456,1.27048e-06
403712,1.27048e-06
403968,1.27048e-06
404224,1.27048e-06
404480,1.27048e-06
404736,1.27048e-06
404992,1.27048e-06
405248,1.27048e-06
405504,1.27048e-06
405760,1.27048e-06
406016,1.27048e-06
406272,1.27048e-06
406528,1.27048e-06
406784,1.27048e-06
407040,1.27048e-06
407296,1.27048e-06
407552,1.27048e-06
407808,1.27048e-06
408064,1.27048e-06
408320,1.27048e-06
408576,1.27048e-06
408832,1.27048e-06
409088,1.27048e-06
409344,1.27048e-06
409600,1.27048e-06
409856,1.27048e-06
410112,1.27048e-06
410368,1.27048e-06
410624,1.27048e-06
410880,1.27048e-06
411136,1.27048e-06
411392,1.27048e-06
411648,1.27048e-06
411904,1.27048e-06
412160,1.27048e-06
412416,1.27048e-06
412672,1.27048e-06
412928,1.27048e-06
413184,1.27048e-06
413440,1.27048e-06
413696,1.27048e-06
413952,1.27048e-06
414208,1.27048e-06
414464,1.27048e-06
414720,1.27048e-06
414976,1.27048e-06
415232,1.27048e-06
415488,1.27048e-06
415744,1.27048e-06
416000,1.27048e-06
416256,1.27048e-06
416512,1.27048e-06
416768,1.27048e-06
417024,1.27048e-06
417280,1.27048e-06
417536,1.27048e-06
417792,1.27048e-06
418048,1.27048e-06
418304,1.27048e-06
418560,1.27048e-06
418816,1.27048e-06
419072,1.27048e-06
419328,1.27048e-06
419584,1.27048e-06
419840,1.27048e-06
420096,1.27048e-06
420352,1.27048e-06
420608,1.27048e-06
420864,1.27048e-06
421120,1.27048e-06
421376,1.27048e-06
421632,1.27048e-06
421888,1.27048e-06
422144,1.27048e-06
422400,1.27048e-06
422656,1.27048e-06
422912,1.27048e-06
423168,1.27048e-06
423424,1.27048e-06
423680,1.27048e-06
423936,1.27048e-06
424192,1.27048e-06
424448,1.27048e-06
424704,1.27048e-06
424960,1.27048e-06
425216,1.27048e-06
425472,1.27048e-06
425728,1.27048e-06
425984,1.27048e-06
426240,1.27048e-06
426496,1.27048e-06
426752,1.27048e-06
427008,1.27048e-06
427264,1.27048e-06
427520,1.27048e-06
427776,1.27048e-06
428032,1.27048e-06
428288,1.27048e-06
428544,1.27048e-06
428800,1.27048e-06
429056,1.27048e-06
429312,1.27048e-06
429568,1.27048e-06
429824,1.27048e-06
430080,1.27048e-06
430336,1.27048e-06
430592,1.27048e-06
430848,1.27048e-06
431104,1.27048e-06
431360,1.27048e-06
431616,1.27048e-06
431872,1.27048e-06
432128,1.27048e-06
432384,1.27048e-06
432640,1.27048e-06
432896,1.27048e-06
433152,1.27048e-06
433408,1.27048e-06
433664,1.27048e-06
433920,1.27048e-06
434176,1.27048e-06
434432,1.27048e-06
434688,1.27048e-06
434944,1.27048e-06
435200,1.27048e-06
435456,1.27048e-06
435712,1.27048e-06
435968,1.27048e-06
436224,1.27048e-06
436480,1.27048e-06
436736,1.27048e-06
436992,1.27048e-06
437248,1.27048e-06
437504,1.27048e-06
437760,1.27048e-06
438016,1.27048e-06
438272,1.27048e-06
438528,1.27048e-06
438784,1.27048e-06
439040,1.27048e-06
439296,1.27048e-06
439552,1.27048e-06
439808,1.27048e-06
440064,1.27048e-06
440320,1.27048e-06
440576,1.27048e-06
440832,1.27048e-06
441088,1.27048e-06
441344,1.27048e-06
441600,1.27048e-06
441856,1.27048e-06
442112,1.27048e-06
442368,1.27048e-06
442624,1.27048e-06
442880,1.27048e-06
443136,1.27048e-06
443392,1.27048e-06
443648,1.27048e-06
443904,1.27048e-06
444160,1.27048e-06
444416,1.27048e-06
444672,1.27048e-06
444928,1.27048e-06
445184,1.27048e-06
445440,1.27048e-06
445696,1.27048e-06
445952,1.27048e-06
446208,1.27048e-06
446464,1.27048e-06
446720,1.27048e-06
446976,1.27048e-06
447232,1.27048e-06
447488,1.27048e-06
447744,1.27048e-06
448000,1.27048e-06
448256,1.27048e-06
448512,1.27048e-06
448768,1.27048e-06
449024,1.27048e-06
449280,1.27048e-06
449536,1.27048e-06
449792,1.27048e-06
450048,1.27048e-06
450304,1.27048e-06
450560,1.27048e-06
450816,1.27048e-06
451072,1.27048e-06
451328,1.27048e-06
451584,1.27048e-06
451840,1.27048e-06
452096,1.27048e-06
452352,1.27048e-06
452608,1.27048e-06
452864,1.27048e-06
453120,1.27048e-06
453376,1.27048e-06
453632,1.27048e-06
453888,1.27048e-06
454144,1.27048e-06
454400,1.27048e-06
454656,1.27048e-06
454912,1.27048e-06
455168,1.27048e-06
455424,1.27048e-06
455680,1.27048e-06
455936,1.27048e-06
456192,1.27048e-06
456448,1.27048e-06
456704,1.27048e-06
456960,1.27048e-06
457216,1.27048e-06
457472,1.27048e-06
457728,1.27048e-06
457984,1.27048e-06
458240,1.27048e-06
458496,1.27048e-06
458752,1.27048e-06
459008,1.27048e-06
459264,1.27048e-06
459520,1.27048e-06
459776,1.27048e-06
460032,1.27048e-06
460288,1.27048e-06
460544,1.27048e-06
460800,1.27048e-06
461056,1.27048e-06
461312,1.27048e-06
461568,1.27048e-06
461824,1.27048e-06
462080,1.27048e-06
462336,1.27048e-06
462592,1.27048e-06
462848,1.27048e-06
463104,1.27048e-06
463360,1.27048e-06
463616,1.27048e-06
463872,1.27048e-06
464128,1.27048e-06
464384,1.27048e-06
464640,1.27048e-06
464896,1.27048e-06
465152,1.27048e-06
465408,1.27048e-06
465664,1.27048e-06
465920,1.27048e-06
466176,1.27048e-06
466432,1.27048e-06
466688,1.27048e-06
466944,1.27048e-06
467200,1.27048e-06
467456,1.27048e-06
467712,1.27048e-06
467968,1.27048e-06
468224,1.27048e-06
468480,1.27048e-06
468736,1.27048e-06
468992,1.27048e-06
469248,1.27048e-06
469504,1.27048e-06
469760,1.27048e-06
470016,1.27048e-06
470272,1.27048e-06
470528,1.27048e-06
470784,1.27048e-06
471040,1.27048e-06
471296,1.27048e-06
471552,1.27048e-06
471808,1.27048e-06
472064,1.27048e-06
472320,1.27048e-06
472576,1.27048e-06
472832,1.27048e-06
473088,1.27048e-06
473344,1.27048e-06
473600,1.27048e-06
473856,1.27048e-06
474112,1.27048e-06
474368,1.27048e-06
474624,1.27048e-06
474880,1.27048e-06
475136,1.27048e-06
475392,1.27048e-06
475648,1.27048e-06
475904,1.27048e-06
476160,1.27048e-06
476416,1.27048e-06
476672,1.27048e-06
476928,1.27048e-06
477184,1.27048e-06
477440,1.27048e-06
477696,1.27048e-06
477952,1.27048e-06
478208,1.27048e-06
478464,1.27048e-06
478720,1.27048e-06
478976,1.27048e-06
479232,1.27048e-06
479488,1.27048e-06
479744,1.27048e-06
480000,1.27048e-06
480256,1.27048e-06
480512,1.27048e-06
480768,1.27048e-06
481024,1.27048e-06
481280,1.27048e-06
481536,1.27048e-06
481792,1.27048e-06
482048,1.27048e-06
482304,1.27048e-06
482560,1.27048e-06
482816,1.27048e-06
483072,1.27048e-06
483328,1.27048e-06
483584,1.27048e-06
483840,1.27048e-06
484096,1.27048e-06
484352,1.27048e-06
484608,1.27048e-06
484864,1.27048e-06
485120,1.27048e-06
485376,1.27048e-06
485632,1.27048e-06
485888,1.27048e-06
486144,1.27048e-06
486400,1.27048e-06
486656,1.27048e-06
486912,1.27048e-06
487168,1.27048e-06
487424,1.27048e-06
487680,1.27048e-06
487936,1.27048e-06
488192,1.27048e-06
488448,1.27048e-06
488704,1.27048e-06
488960,1.27048e-06
489216,1.27048e-06
489472,1.27048e-06
489728,1.27048e-06
489984,1.27048e-06
490240,1.27048e-06
490496,1.27048e-06
490752,1.27048e-06
491008,1.27048e-06
491264,1.27048e-06
491520,1.27048e-06
491776,1.27048e-06
492032,1.27048e-06
492288,1.27048e-06
492544,1.27048e-06
492800,1.27048e-06
493056,1.27048e-06
493312,1.27048e-06
493568,1.27048e-06
493824,1.27048e-06
494080,1.27048e-06
494336,1.27048e-06
494592,1.27048e-06
494848,1.27048e-06
495104,1.27048e-06
495360,1.27048e-06
495616,1.27048e-06
495872,1.27048e-06
496128,1.27048e-06
496384,1.27048e-06
496640,1.27048e-06
496896,1.27048e-06
497152,1.27048e-06
497408,1.27048e-06
497664,1.27048e-06
497920,1.27048e-06
498176,1.27048e-06
498432,1.27048e-06
498688,1.27048e-06
498944,1.27048e-06
499200,1.27048e-06
499456,1.27048e-06
499712,1.27048e-06
499968,1.27048e-06
500224,1.27048e-06
500480,1.27048e-06
500736,1.27048e-06
500992,1.27048e-06
501248,1.27048e-06
501504,1.27048e-06
501760,1.27048e-06
502016,1.27048e-06
502272,1.27048e-06
502528,1.27048e-06
502784,1.27048e-06
503040,1.27048e-06
503296,1.27048e-06
503552,1.27048e-06
503808,1.27048e-06
504064,1.27048e-06
504320,1.27048e-06
504576,1.27048e-06
504832,1.27048e-06
505088,1.27048e-06
505344,1.27048e-06
505600,1.27048e-06
505856,1.27048e-06
506112,1.27048e-06
506368,1.27048e-06
506624,1.27048e-06
506880,1.27048e-06
507136,1.27048e-06
507392,1.27048e-06
507648,1.27048e-06
507904,1.27048e-06
508160,1.27048e-06
508416,1.27048e-06
508672,1.27048e-06
508928,1.27048e-06
509184,1.27048e-06
509440,1.27048e-06
509696,1.27048e-06
509952,1.27048e-06
510208,1.27048e-06
510464,1.27048e-06
510720,1.27048e-06
510976,1.27048e-06
511232,1.27048e-06
511488,1.27048e-06
511744,1.27048e-06
512000,1.27048e-06
512256,1.27048e-06
512512,1.27048e-06
512768,1.27048e-06
513024,1.27048e-06
513280,1.27048e-06
513536,1.27048e-06
513792,1.27048e-06
514048,1.27048e-06
514304,1.27048e-06
514560,1.27048e-06
514816,1.27048e-06
515072,1.27048e-06
515328,1.27048e-06
515584,1.27048e-06
515840,1.27048e-06
516096,1.27048e-06
516352,1.27048e-06
516608,1.27048e-06
516864,1.27048e-06
517120,1.27048e-06
517376,1.27048e-06
517632,1.27048e-06
517888,1.27048e-06
518144,1.27048e-06
518400,1.27048e-06
518656,1.27048e-06
518912,1.27048e-06
519168,1.27048e-06
519424,1.27048e-06
519680,1.27048e-06
519936,1.27048e-06
520192,1.27048e-06
520448,1.27048e-06
520704,1.27048e-06
520960,1.27048e-06
521216,1.27048e-06
521472,1.27048e-06
521728,1.27048e-06
521984,1.27048e-06
522240,1.27048e-06
522496,1.27048e-06
522752,1.27048e-06
523008,1.27048e-06
523264,1.27048e-06
523520,1.27048e-06
523776,1.27048e-06
524032,1.27048e-06
524288,1.27048e-06
524544,1.27048e-06
524800,1.27048e-06
525056,1.27048e-06
525312,1.27048e-06
525568,1.27048e-06
525824,1.27048e-06
526080,1.27048e-06
526336,1.27048e-06
526592,1.27048e-06
526848,1.27048e-06
527104,1.27048e-06
527360,1.27048e-06
527616,1.27048e-06
527872,1.27048e-06
528128,1.27048e-06
528384,1.27048e-06
528640,1.27048e-06
528896,1.27048e-06
529152,1.27048e-06
529408,1.27048e-06
529664,1.27048e-06
529920,1.27048e-06
530176,1.27048e-06
530432,1.27048e-06
530688,1.27048e-06
530944,1.27048e-06
531200,1.27048e-06
531456,1.27048e-06
531712,1.27048e-06
531968,1.27048e-06
532224,1.27048e-06
532480,1.27048e-06
532736,1.27048e-06
532992,1.27048e-06
533248,1.27048e-06
533504,1.27048e-06
533760,1.27048e-06
534016,1.27048e-06
534272,1.27048e-06
534528,1.27048e-06
534784,1.27048e-06
535040,1.27048e-06
535296,1.27048e-06
535552,1.27048e-06
535808,1.27048e-06
536064,1.27048e-06
536320,1.27048e-06
536576,1.27048e-06
536832,1.27048e-06
537088,1.27048e-06
537344,1.27048e-06
537600,1.27048e-06
537856,1.27048e-06
538112,1.27048e-06
538368,1.27048e-06
538624,1.27048e-06
538880,1.27048e-06
539136,1.27048e-06
539392,1.27048e-06
539648,1.27048e-06
539904,1.27048e-06
540160,1.27048e-06
540416,1.27048e-06
540672,1.27048e-06
540928,1.27048e-06
541184,1.27048e-06
541440,1.27048e-06
541696,1.27048e-06
541952,1.27048e-06
542208,1.27048e-06
542464,1.27048e-06
542720,1.27048e-06
542976,1.27048e-06
543232,1.27048e-06
543488,1.27048e-06
543744,1.27048e-06
544000,1.27048e-06
544256,1.27048e-06
544512,1.27048e-06
544768,1.27048e-06
545024,1.27048e-06
545280,1.27048e-06
545536,1.27048e-06
545792,1.27048e-06
546048,1.27048e-06
546304,1.27048e-06
546560,1.27048e-06
546816,1.27048e-06
547072,1.27048e-06
547328,1.27048e-06
547584,1.27048e-06
547840,1.27048e-06
548096,1.27048e-06
548352,1.27048e-06
548608,1.27048e-06
548864,1.27048e-06
549120,1.27048e-06
549376,1.27048e-06
549632,1.27048e-06
549888,1.27048e-06
550144,1.27048e-06
550400,1.27048e-06
550656,1.27048e-06
550912,1.27048e-06
551168,1.27048e-06
551424,1.27048e-06
551680,1.27048e-06
551936,1.27048e-06
552192,1.27048e-06
552448,1.27048e-06
552704,1.27048e-06
552960,1.27048e-06
553216,1.27048e-06
553472,1.27048e-06
553728,1.27048e-06
553984,1.27048e-06
554240,1.27048e-06
554496,1.27048e-06
554752,1.27048e-06
555008,1.27048e-06
555264,1.27048e-06
555520,1.27048e-06
555776,1.27048e-06
556032,1.27048e-06
556288,1.27048e-06
556544,1.27048e-06
556800,1.27048e-06
557056,1.27048e-06
557312,1.27048e-06
557568,1.27048e-06
557824,1.27048e-06
558080,1.27048e-06
558336,1.27048e-06
558592,1.27048e-06
558848,1.27048e-06
559104,1.27048e-06
559360,1.27048e-06
559616,1.27048e-06
559872,1.27048e-06
560128,1.27048e-06
560384,1.27048e-06
560640,1.27048e-06
560896,1.27048e-06
561152,1.27048e-06
561408,1.27048e-06
561664,1.27048e-06
561920,1.27048e-06
562176,1.27048e-06
562432,1.27048e-06
562688,1.27048e-06
562944,1.27048e-06
563200,1.27048e-06
563456,1.27048e-06
563712,1.27048e-06
563968,1.27048e-06
564224,1.27048e-06
564480,1.27048e-06
564736,1.27048e-06
564992,1.27048e-06
565248,1.27048e-06
565504,1.27048e-06
565760,1.27048e-06
566016,1.27048e-06
566272,1.27048e-06
566528,1.27048e-06
566784,1.27048e-06
567040,1.27048e-06
567296,1.27048e-06
567552,1.27048e-06
567808,1.27048e-06
568064,1.27048e-06
568320,1.27048e-06
568576,1.27048e-06
568832,1.27048e-06
569088,1.27048e-06
569344,1.27048e-06
569600,1.27048e-06
569856,1.27048e-06
570112,1.27048e-06
570368,1.27048e-06
570624,1.27048e-06
570880,1.27048e-06
571136,1.27048e-06
571392,1.27048e-06
571648,1.27048e-06
571904,1.27048e-06
572160,1.27048e-06
572416,1.27048e-06
572672,1.27048e-06
572928,1.27048e-06
573184,1.27048e-06
573440,1.27048e-06
573696,1.27048e-06
573952,1.27048e-06
574208,1.27048e-06
574464,1.27048e-06
574720,1.27048e-06
574976,1.27048e-06
575232,1.27048e-06
575488,1.27048e-06
575744,1.27048e-06
576000,1.27048e-06
576256,1.27048e-06
576512,1.27048e-06
576768,1.27048e-06
577024,1.27048e-06
577280,1.27048e-06
577536,1.27048e-06
577792,1.27048e-06
578048,1.27048e-06
578304,1.27048e-06
578560,1.27048e-06
578816,1.27048e-06
579072,1.27048e-06
579328,1.27048e-06
579584,1.27048e-06
579840,1.27048e-06
580096,1.27048e-06
580352,1.27048e-06
580608,1.27048e-06
580864,1.27048e-06
581120,1.27048e-06
581376,1.27048e-06
581632,1.27048e-06
581888,1.27048e-06
582144,1.27048e-06
582400,1.27048e-06
582656,1.27048e-06
582912,1.27048e-06
583168,1.27048e-06
583424,1.27048e-06
583680,1.27048e-06
583936,1.27048e-06
584192,1.27048e-06
584448,1.27048e-06
584704,1.27048e-06
584960,1.27048e-06
585216,1.27048e-06
585472,1.27048e-06
585728,1.27048e-06
585984,1.27048e-06
586240,1.27048e-06
586496,1.27048e-06
586752,1.27048e-06
587008,1.27048e-06
587264,1.27048e-06
587520,1.27048e-06
587776,1.27048e-06
588032,1.27048e-06
588288,1.27048e-06
588544,1.27048e-06
588800,1.27048e-06
589056,1.27048e-06
589312,1.27048e-06
589568,1.27048e-06
589824,1.27048e-06
590080,1.27048e-06
590336,1.27048e-06
590592,1.27048e-06
590848,1.27048e-06
591104,1.27048e-06
591360,1.27048e-06
591616,1.27048e-06
591872,1.27048e-06
592128,1.27048e-06
592384,1.27048e-06
592640,1.27048e-06
592896,1.27048e-06
593152,1.27048e-06
593408,1.27048e-06
593664,1.27048e-06
593920,1.27048e-06
594176,1.27048e-06
594432,1.27048e-06
594688,1.27048e-06
594944,1.27048e-06
595200,1.27048e-06
595456,1.27048e-06
595712,1.27048e-06
595968,1.27048e-06
596224,1.27048e-06
596480,1.27048e-06
596736,1.27048e-06
596992,1.27048e-06
597248,1.27048e-06
597504,1.27048e-06
597760,1.27048e-06
598016,1.27048e-06
598272,1.27048e-06
598528,1.27048e-06
598784,1.27048e-06
599040,1.27048e-06
599296,1.27048e-06
599552,1.27048e-06
599808,1.27048e-06
600064,1.27048e-06
600320,1.27048e-06
600576,1.27048e-06
600832,1.27048e-06
601088,1.27048e-06
601344,1.27048e-06
601600,1.27048e-06
601856,1.27048e-06
602112,1.27048e-06
602368,1.27048e-06
602624,1.27048e-06
602880,1.27048e-06
603136,1.27048e-06
603392,1.27048e-06
603648,1.27048e-06
603904,1.27048e-06
604160,1.27048e-06
604416,1.27048e-06
604672,1.27048e-06
604928,1.27048e-06
605184,1.27048e-06
605440,1.27048e-06
605696,1.27048e-06
605952,1.27048e-06
606208,1.27048e-06
606464,1.27048e-06
606720,1.27048e-06
606976,1.27048e-06
607232,1.27048e-06
607488,1.27048e-06
607744,1.27048e-06
608000,1.27048e-06
608256,1.27048e-06
608512,1.27048e-06
608768,1.27048e-06
609024,1.27048e-06
609280,1.27048e-06
609536,1.27048e-06
609792,1.27048e-06
610048,1.27048e-06
610304,1.27048e-06
610560,1.27048e-06
610816,1.27048e-06
611072,1.27048e-06
611328,1.27048e-06
611584,1.27048e-06
611840,1.27048e-06
612096,1.27048e-06
612352,1.27048e-06
612608,1.27048e-06
612864,1.27048e-06
613120,1.27048e-06
613376,1.27048e-06
613632,1.27048e-06
613888,1.27048e-06
614144,1.27048e-06
614400,1.27048e-06
614656,1.27048e-06
614912,1.27048e-06
615168,1.27048e-06
615424,1.27048e-06
615680,1.27048e-06
615936,1.27048e-06
616192,1.27048e-06
616448,1.27048e-06
616704,1.27048e-06
616960,1.27048e-06
617216,1.27048e-06
617472,1.27048e-06
617728,1.27048e-06
617984,1.27048e-06
618240,1.27048e-06
618496,1.27048e-06
618752,1.27048e-06
619008,1.27048e-06
619264,1.27048e-06
619520,1.27048e-06
619776,1.27048e-06
620032,1.27048e-06
620288,1.27048e-06
620544,1.27048e-06
620800,1.27048e-06
621056,1.27048e-06
621312,1.27048e-06
621568,1.27048e-06
621824,1.27048e-06
622080,1.27048e-06
622336,1.27048e-06
622592,1.27048e-06
622848,1.27048e-06
623104,1.27048e-06
623360,1.27048e-06
623616,1.27048e-06
623872,1.27048e-06
624128,1.27048e-06
624384,1.27048e-06
624640,1.27048e-06
624896,1.27048e-06
625152,1.27048e-06
625408,1.27048e-06
625664,1.27048e-06
625920,1.27048e-06
626176,1.27048e-06
626432,1.27048e-06
626688,1.27048e-06
626944,1.27048e-06
627200,1.27048e-06
627456,1.27048e-06
627712,1.27048e-06
627968,1.27048e-06
628224,1.27048e-06
628480,1.27048e-06
628736,1.27048e-06
628992,1.27048e-06
629248,1.27048e-06
629504,1.27048e-06
629760,1.27048e-06
630016,1.27048e-06
630272,1.27048e-06
630528,1.27048e-06
630784,1.27048e-06
631040,1.27048e-06
631296,1.27048e-06
631552,1.27048e-06
631808,1.27048e-06
632064,1.27048e-06
632320,1.27048e-06
632576,1.27048e-06
632832,1.27048e-06
633088,1.27048e-06
633344,1.27048e-06
633600,1.27048e-06
633856,1.27048e-06
634112,1.27048e-06
634368,1.27048e-06
634624,1.27048e-06
634880,1.27048e-06
635136,1.27048e-06
635392,1.27048e-06
635648,1.27048e-06
635904,1.27048e-06
636160,1.27048e-06
636416,1.27048e-06
636672,1.27048e-06
636928,1.27048e-06
637184,1.27048e-06
637440,1.27048e-06
637696,1.27048e-06
637952,1.27048e-06
638208,1.27048e-06
638464,1.27048e-06
638720,1.27048e-06
638976,1.27048e-06
639232,1.27048e-06
639488,1.27048e-06
639744,1.27048e-06
640000,1.27048e-06
640256,1.27048e-06
640512,1.27048e-06
640768,1.27048e-06
641024,1.27048e-06
641280,1.27048e-06
641536,1.27048e-06
641792,1.27048e-06
642048,1.27048e-06
642304,1.27048e-06
642560,1.27048e-06
642816,1.27048e-06
643072,1.27048e-06
643328,1.27048e-06
643584,1.27048e-06
643840,1.27048e-06
644096,1.27048e-06
644352,1.27048e-06
644608,1.27048e-06
644864,1.27048e-06
645120,1.27048e-06
645376,1.27048e-06
645632,1.27048e-06
645888,1.27048e-06
646144,1.27048e-06
646400,1.27048e-06
646656,1.27048e-06
646912,1.27048e-06
647168,1.27048e-06
647424,1.27048e-06
647680,1.27048e-06
647936,1.27048e-06
648192,1.27048e-06
648448,1.27048e-06
648704,1.27048e-06
648960,1.27048e-06
649216,1.27048e-06
649472,1.27048e-06
649728,1.27048e-06
649984,1.27048e-06
650240,1.27048e-06
650496,1.27048e-06
650752,1.27048e-06
651008,1.27048e-06
651264,1.27048e-06
651520,1.27048e-06
651776,1.27048e-06
652032,1.27048e-06
652288,1.27048e-06
652544,1.27048e-06
652800,1.27048e-06
653056,1.27048e-06
653312,1.27048e-06
653568,1.27048e-06
653824,1.27048e-06
654080,1.27048e-06
654336,1.27048e-06
654592,1.27048e-06
654848,1.27048e-06
655104,1.27048e-06
655360,1.27048e-06
655616,1.27048e-06
655872,1.27048e-06
656128,1.27048e-06
656384,1.27048e-06
656640,1.27048e-06
656896,1.27048e-06
657152,1.27048e-06
657408,1.27048e-06
657664,1.27048e-06
657920,1.27048e-06
658176,1.27048e-06
658432,1.27048e-06
658688,1.27048e-06
658944,1.27048e-06
659200,1.27048e-06
659456,1.27048e-06
659712,1.27048e-06
659968,1.27048e-06
660224,1.27048e-06
660480,1.27048e-06
660736,1.27048e-06
660992,1.27048e-06
661248,1.27048e-06
661504,1.27048e-06
661760,1.27048e-06
662016,1.27048e-06
662272,1.27048e-06
662528,1.27048e-06
662784,1.27048e-06
663040,1.27048e-06
663296,1.27048e-06
663552,1.27048e-06
663808,1.27048e-06
664064,1.27048e-06
664320,1.27048e-06
664576,1.27048e-06
664832,1.27048e-06
665088,1.27048e-06
665344,1.27048e-06
665600,1.27048e-06
665856,1.27048e-06
666112,1.27048e-06
666368,1.27048e-06
666624,1.27048e-06
666880,1.27048e-06
667136,1.27048e-06
667392,1.27048e-06
667648,1.27048e-06
667904,1.27048e-06
668160,1.27048e-06
668416,1.27048e-06
668672,1.27048e-06
668928,1.27048e-06
669184,1.27048e-06
669440,1.27048e-06
669696,1.27048e-06
669952,1.27048e-06
670208,1.27048e-06
670464,1.27048e-06
670720,1.27048e-06
670976,1.27048e-06
671232,1.27048e-06
671488,1.27048e-06
671744,1.27048e-06
672000,1.27048e-06
672256,1.27048e-06
672512,1.27048e-06
672768,1.27048e-06
673024,1.27048e-06
673280,1.27048e-06
673536,1.27048e-06
673792,1.27048e-06
674048,1.27048e-06
674304,1.27048e-06
674560,1.27048e-06
674816,1.27048e-06
675072,1.27048e-06
675328,1.27048e-06
675584,1.27048e-06
675840,1.27048e-06
676096,1.27048e-06
676352,1.27048e-06
676608,1.27048e-06
676864,1.27048e-06
677120,1.27048e-06
677376,1.27048e-06
677632,1.27048e-06
677888,1.27048e-06
678144,1.27048e-06
678400,1.27048e-06
678656,1.27048e-06
678912,1.27048e-06
679168,1.27048e-06
679424,1.27048e-06
679680,1.27048e-06
679936,1.27048e-06
680192,1.27048e-06
680448,1.27048e-06
680704,1.27048e-06
680960,1.27048e-06
681216,1.27048e-06
681472,1.27048e-06
681728,1.27048e-06
681984,1.27048e-06
682240,1.27048e-06
682496,1.27048e-06
682752,1.27048e-06
683008,1.27048e-06
683264,1.27048e-06
683520,1.27048e-06
683776,1.27048e-06
684032,1.27048e-06
684288,1.27048e-06
684544,1.27048e-06
684800,1.27048e-06
685056,1.27048e-06
685312,1.27048e-06
685568,1.27048e-06
685824,1.27048e-06
686080,1.27048e-06
686336,1.27048e-06
686592,1.27048e-06
686848,1.27048e-06
687104,1.27048e-06
687360,1.27048e-06
687616,1.27048e-06
687872,1.27048e-06
688128,1.27048e-06
688384,1.27048e-06
688640,1.27048e-06
688896,1.27048e-06
689152,1.27048e-06
689408,1.27048e-06
689664,1.27048e-06
689920,1.27048e-06
690176,1.27048e-06
690432,1.27048e-06
690688,1.27048e-06
690944,1.27048e-06
691200,1.27048e-06
691456,1.27048e-06
691712,1.27048e-06
691968,1.27048e-06
692224,1.27048e-06
692480,1.27048e-06
692736,1.27048e-06
692992,1.27048e-06
693248,1.27048e-06
693504,1.27048e-06
693760,1.27048e-06
694016,1.27048e-06
694272,1.27048e-06
694528,1.27048e-06
694784,1.27048e-06
695040,1.27048e-06
695296,1.27048e-06
695552,1.27048e-06
695808,1.27048e-06
696064,1.27048e-06
696320,1.27048e-06
696576,1.27048e-06
696832,1.27048e-06
697088,1.27048e-06
697344,1.27048e-06
697600,1.27048e-06
697856,1.27048e-06
698112,1.27048e-06
698368,1.27048e-06
698624,1.27048e-06
698880,1.27048e-06
699136,1.27048e-06
699392,1.27048e-06
699648,1.27048e-06
699904,1.27048e-06
700160,1.27048e-06
700416,1.27048e-06
700672,1.27048e-06
700928,1.27048e-06
701184,1.27048e-06
701440,1.27048e-06
701696,1.27048e-06
701952,1.27048e-06
702208,1.27048e-06
702464,1.27048e-06
702720,1.27048e-06
702976,1.27048e-06
703232,1.27048e-06
703488,1.27048e-06
703744,1.27048e-06
704000,1.27048e-06
704256,1.27048e-06
704512,1.27048e-06
704768,1.27048e-06
705024,1.27048e-06
705280,1.27048e-06
705536,1.27048e-06
705792,1.27048e-06
706048,1.27048e-06
706304,1.27048e-06
706560,1.27048e-06
706816,1.27048e-06
707072,1.27048e-06
707328,1.27048e-06
707584,1.27048e-06
707840,1.27048e-06
708096,1.27048e-06
708352,1.27048e-06
708608,1.27048e-06
708864,1.27048e-06
709120,1.27048e-06
709376,1.27048e-06
709632,1.27048e-06
709888,1.27048e-06
710144,1.27048e-06
710400,1.27048e-06
710656,1.27048e-06
710912,1.27048e-06
711168,1.27048e-06
711424,1.27048e-06
711680,1.27048e-06
711936,1.27048e-06
712192,1.27048e-06
712448,1.27048e-06
712704,1.27048e-06
712960,1.27048e-06
713216,1.27048e-06
713472,1.27048e-06
713728,1.27048e-06
713984,1.27048e-06
714240,1.27048e-06
714496,1.27048e-06
714752,1.27048e-06
715008,1.27048e-06
715264,1.27048e-06
715520,1.27048e-06
715776,1.27048e-06
716032,1.27048e-06
716288,1.27048e-06
716544,1.27048e-06
716800,1.27048e-06
717056,1.27048e-06
717312,1.27048e-06
717568,1.27048e-06
717824,1.27048e-06
718080,1.27048e-06
718336,1.27048e-06
718592,1.27048e-06
718848,1.27048e-06
719104,1.27048e-06
719360,1.27048e-06
719616,1.27048e-06
719872,1.27048e-06
720128,1.27048e-06
720384,1.27048e-06
720640,1.27048e-06
720896,1.27048e-06
721152,1.27048e-06
721408,1.27048e-06
721664,1.27048e-06
721920,1.27048e-06
722176,1.27048e-06
722432,1.27048e-06
722688,1.27048e-06
722944,1.27048e-06
723200,1.27048e-06
723456,1.27048e-06
723712,1.27048e-06
723968,1.27048e-06
724224,1.27048e-06
724480,1.27048e-06
724736,1.27048e-06
724992,1.27048e-06
725248,1.27048e-06
725504,1.27048e-06
725760,1.27048e-06
726016,1.27048e-06
726272,1.27048e-06
726528,1.27048e-06
726784,1.27048e-06
727040,1.27048e-06
727296,1.27048e-06
727552,1.27048e-06
727808,1.27048e-06
728064,1.27048e-06
728320,1.27048e-06
728576,1.27048e-06
728832,1.27048e-06
729088,1.27048e-06
729344,1.27048e-06
729600,1.27048e-06
729856,1.27048e-06
730112,1.27048e-06
730368,1.27048e-06
730624,1.27048e-06
730880,1.27048e-06
731136,1.27048e-06
731392,1.27048e-06
731648,1.27048e-06
731904,1.27048e-06
732160,1.27048e-06
732416,1.27048e-06
732672,1.27048e-06
732928,1.27048e-06
733184,1.27048e-06
733440,1.27048e-06
733696,1.27048e-06
733952,1.27048e-06
734208,1.27048e-06
734464,1.27048e-06
734720,1.27048e-06
734976,1.27048e-06
735232,1.27048e-06
735488,1.27048e-06
735744,1.27048e-06
736000,1.27048e-06
736256,1.27048e-06
736512,1.27048e-06
736768,1.27048e-06
737024,1.27048e-06
737280,1.27048e-06
737536,1.27048e-06
737792,1.27048e-06
738048,1.27048e-06
738304,1.27048e-06
738560,1.27048e-06
738816,1.27048e-06
739072,1.27048e-06
739328,1.27048e-06
739584,1.27048e-06
739840,1.27048e-06
740096,1.27048e-06
740352,1.27048e-06
740608,1.27048e-06
740864,1.27048e-06
741120,1.27048e-06
741376,1.27048e-06
741632,1.27048e-06
741888,1.27048e-06
742144,1.27048e-06
742400,1.27048e-06
742656,1.27048e-06
742912,1.27048e-06
743168,1.27048e-06
743424,1.27048e-06
743680,1.27048e-06
743936,1.27048e-06
744192,1.27048e-06
744448,1.27048e-06
744704,1.27048e-06
744960,1.27048e-06
745216,1.27048e-06
745472,1.27048e-06
745728,1.27048e-06
745984,1.27048e-06
746240,1.27048e-06
746496,1.27048e-06
746752,1.27048e-06
747008,1.27048e-06
747264,1.27048e-06
747520,1.27048e-06
747776,1.27048e-06
748032,1.27048e-06
748288,1.27048e-06
748544,1.27048e-06
748800,1.27048e-06
749056,1.27048e-06
749312,1.27048e-06
749568,1.27048e-06
749824,1.27048e-06
750080,1.27048e-06
750336,1.27048e-06
750592,1.27048e-06
750848,1.27048e-06
751104,1.27048e-06
751360,1.27048e-06
751616,1.27048e-06
751872,1.27048e-06
752128,1.27048e-06
752384,1.27048e-06
752640,1.27048e-06
752896,1.27048e-06
753152,1.27048e-06
753408,1.27048e-06
753664,1.27048e-06
753920,1.27048e-06
754176,1.27048e-06
754432,1.27048e-06
754688,1.27048e-06
754944,1.27048e-06
755200,1.27048e-06
755456,1.27048e-06
755712,1.27048e-06
755968,1.27048e-06
756224,1.27048e-06
756480,1.27048e-06
756736,1.27048e-06
756992,1.27048e-06
757248,1.27048e-06
757504,1.27048e-06
757760,1.27048e-06
758016,1.27048e-06
758272,1.27048e-06
758528,1.27048e-06
758784,1.27048e-06
759040,1.27048e-06
759296,1.27048e-06
759552,1.27048e-06
759808,1.27048e-06
760064,1.27048e-06
760320,1.27048e-06
760576,1.27048e-06
760832,1.27048e-06
761088,1.27048e-06
761344,1.27048e-06
761600,1.27048e-06
761856,1.27048e-06
762112,1.27048e-06
762368,1.27048e-06
762624,1.27048e-06
762880,1.27048e-06
763136,1.27048e-06
763392,1.27048e-06
763648,1.27048e-06
763904,1.27048e-06
764160,1.27048e-06
764416,1.27048e-06
764672,1.27048e-06
764928,1.27048e-06
765184,1.27048e-06
765440,1.27048e-06
765696,1.27048e-06
765952,1.27048e-06
766208,1.27048e-06
766464,1.27048e-06
766720,1.27048e-06
766976,1.27048e-06
767232,1.27048e-06
767488,1.27048e-06
767744,1.27048e-06
768000,1.27048e-06
768256,1.27048e-06
768512,1.27048e-06
768768,1.27048e-06
769024,1.27048e-06
769280,1.27048e-06
769536,1.27048e-06
769792,1.27048e-06
