cache_lines,MRC
256,0.0666468
512,0.0644802
768,0.0629036
1024,0.061801
1280,0.060959
1536,0.0602003
1792,0.0594119
2048,0.058979
2304,0.0586371
2560,0.0583414
2816,0.0580879
3072,0.0578635
3328,0.0576709
3584,0.0574984
3840,0.057352
4096,0.0572127
4352,0.0569714
4608,0.0567092
4864,0.0564462
5120,0.0561952
5376,0.0559469
5632,0.0557009
5888,0.055337
6144,0.0550015
6400,0.0547344
6656,0.0544877
6912,0.0542855
7168,0.0542273
7424,0.054185
7680,0.054144
7936,0.0541042
8192,0.0540688
8448,0.0540355
8704,0.0540039
8960,0.053974
9216,0.0539452
9472,0.0539187
9728,0.0538863
9984,0.0538581
10240,0.0538345
10496,0.053813
10752,0.0537893
11008,0.0537676
11264,0.0537009
11520,0.0536164
11776,0.0535675
12032,0.0535314
12288,0.0535005
12544,0.0534729
12800,0.0534461
13056,0.0534028
13312,0.0533363
13568,0.0532386
13824,0.0531444
14080,0.0530761
14336,0.0530237
14592,0.0529751
14848,0.0529292
15104,0.0528863
15360,0.0528467
15616,0.0528117
15872,0.0527782
16128,0.052745
16384,0.0527145
16640,0.0526891
16896,0.0526634
17152,0.052639
17408,0.052614
17664,0.0525904
17920,0.0525681
18176,0.0525457
18432,0.0525243
18688,0.0525021
18944,0.0524787
19200,0.0524546
19456,0.0524328
19712,0.0524008
19968,0.0523798
20224,0.0523589
20480,0.0523388
20736,0.0523189
20992,0.0522999
21248,0.0522825
21504,0.0522661
21760,0.0522505
22016,0.0522354
22272,0.0522191
22528,0.0522003
22784,0.0521845
23040,0.0521699
23296,0.052141
23552,0.0521068
23808,0.0520789
24064,0.0520571
24320,0.0520365
24576,0.0520157
24832,0.0519951
25088,0.0519739
25344,0.0519543
25600,0.0519358
25856,0.0519186
26112,0.0519002
26368,0.0518818
26624,0.0518621
26880,0.0518428
27136,0.0518233
27392,0.051804
27648,0.0517843
27904,0.051764
28160,0.0517448
28416,0.051717
28672,0.0516851
28928,0.0516563
29184,0.0516321
29440,0.0516087
29696,0.0515852
29952,0.0515606
30208,0.0515339
30464,0.0515088
30720,0.0514826
30976,0.0514533
31232,0.051422
31488,0.0513887
31744,0.0513529
32000,0.0513137
32256,0.0512728
32512,0.0512299
32768,0.0511881
33024,0.0511463
33280,0.0511042
33536,0.0510665
33792,0.0510299
34048,0.0509942
34304,0.0509616
34560,0.0509304
34816,0.0509013
35072,0.0508709
35328,0.0508395
35584,0.0508053
35840,0.0507693
36096,0.0507303
36352,0.0506863
36608,0.0505615
36864,0.0501709
37120,0.0498198
37376,0.0494181
37632,0.0490215
37888,0.0486793
38144,0.048374
38400,0.0480852
38656,0.047837
38912,0.04762
39168,0.0474205
39424,0.0472416
39680,0.0470785
39936,0.0469236
40192,0.0467801
40448,0.0466468
40704,0.0464783
40960,0.0460734
41216,0.0452987
41472,0.0444488
41728,0.0434314
41984,0.042324
42240,0.0412921
42496,0.0403405
42752,0.0394777
43008,0.0387237
43264,0.0380667
43520,0.037471
43776,0.0369019
44032,0.0363524
44288,0.0358328
44544,0.0353362
44800,0.0348514
45056,0.0343818
45312,0.0339282
45568,0.033483
45824,0.0330461
46080,0.0326136
46336,0.0321832
46592,0.0317536
46848,0.0313324
47104,0.0309085
47360,0.0304822
47616,0.0300444
47872,0.0295901
48128,0.0291151
48384,0.0285751
48640,0.0279056
48896,0.0270593
49152,0.0263075
49408,0.0257084
49664,0.025067
49920,0.0243978
50176,0.023688
50432,0.0229893
50688,0.0223426
50944,0.0216993
51200,0.0210589
51456,0.020459
51712,0.0198502
51968,0.0192211
52224,0.0185774
52480,0.017964
52736,0.0173971
52992,0.0168544
53248,0.01634
53504,0.0158384
53760,0.0153586
54016,0.0148928
54272,0.0144557
54528,0.0140119
54784,0.0135812
55040,0.0131349
55296,0.0126865
55552,0.0122562
55808,0.011842
56064,0.0114462
56320,0.0110582
56576,0.0106805
56832,0.0103174
57088,0.00997318
57344,0.00963767
57600,0.00929271
57856,0.0089415
58112,0.00860244
58368,0.00826733
58624,0.00792613
58880,0.00761004
59136,0.00729032
59392,0.00696533
59648,0.00662692
59904,0.00629344
60160,0.00596929
60416,0.00563438
60672,0.00529041
60928,0.00494352
61184,0.0046199
61440,0.00429234
61696,0.00397949
61952,0.00367968
62208,0.00339493
62464,0.00311835
62720,0.0028621
62976,0.00264253
63232,0.00243102
63488,0.00225558
63744,0.00211963
64000,0.00201274
64256,0.00193309
64512,0.0018732
64768,0.0018346
65024,0.0018023
65280,0.00177173
65536,0.00174506
65792,0.00171727
66048,0.00169249
66304,0.00166631
66560,0.00164349
66816,0.00162193
67072,0.00160061
67328,0.00157866
67584,0.0015554
67840,0.00153441
68096,0.00151572
68352,0.00149653
68608,0.00147924
68864,0.00146268
69120,0.00144605
69376,0.00143057
69632,0.00141528
69888,0.00140022
70144,0.00138558
70400,0.00137181
70656,0.00135708
70912,0.00134215
71168,0.00132751
71424,0.00131364
71680,0.00129967
71936,0.00128667
72192,0.00127316
72448,0.00126043
72704,0.00124727
72960,0.001234
73216,0.00122051
73472,0.00120653
73728,0.0011919
73984,0.00117684
74240,0.00116148
74496,0.00114664
74752,0.00113184
75008,0.00111769
75264,0.00110397
75520,0.0010923
75776,0.00107966
76032,0.00106744
76288,0.0010557
76544,0.00104451
76800,0.00103424
77056,0.00102359
77312,0.00101339
77568,0.0010033
77824,0.000993078
78080,0.000983729
78336,0.000974272
78592,0.000965138
78848,0.000956396
79104,0.000947732
79360,0.000938879
79616,0.000930706
79872,0.000921943
80128,0.000914404
80384,0.000906197
80640,0.000898575
80896,0.000890892
81152,0.000883308
81408,0.000875967
81664,0.000868479
81920,0.000861547
82176,0.000854257
82432,0.000847032
82688,0.000839589
82944,0.000832644
83200,0.000825763
83456,0.000818522
83712,0.000811329
83968,0.000804956
84224,0.000797949
84480,0.000791265
84736,0.000784905
84992,0.000778295
85248,0.00077201
85504,0.000765567
85760,0.000758854
86016,0.000752757
86272,0.00074662
86528,0.000740331
86784,0.000734464
87040,0.000728397
87296,0.000722038
87552,0.000715765
87808,0.000709925
88064,0.000703462
88320,0.000697402
88576,0.00069098
88832,0.000685231
89088,0.000679814
89344,0.000673995
89600,0.000668408
89856,0.000662948
90112,0.000657573
90368,0.000651909
90624,0.000645847
90880,0.000640406
91136,0.000634809
91392,0.0006292
91648,0.000623416
91904,0.000618165
92160,0.000612908
92416,0.00060782
92672,0.000602927
92928,0.000597716
93184,0.0005926
93440,0.000587969
93696,0.000582791
93952,0.000577968
94208,0.000573553
94464,0.000569022
94720,0.000564376
94976,0.000559918
95232,0.000555667
95488,0.000550632
95744,0.000545918
96000,0.000541458
96256,0.000536632
96512,0.000532068
96768,0.000527322
97024,0.000523099
97280,0.000519213
97536,0.000515043
97792,0.000510954
98048,0.000506871
98304,0.00050305
98560,0.000499395
98816,0.000495438
99072,0.000491377
99328,0.000487151
99584,0.000483383
99840,0.000479184
100096,0.000475193
100352,0.000471095
100608,0.00046736
100864,0.000463337
101120,0.000459986
101376,0.000456069
101632,0.000452169
101888,0.000448572
102144,0.000445105
102400,0.000441437
102656,0.000438235
102912,0.000434873
103168,0.000431621
103424,0.000428066
103680,0.00042505
103936,0.000421728
104192,0.000418742
104448,0.000415776
104704,0.000412402
104960,0.000409174
105216,0.000405916
105472,0.000402687
105728,0.000399436
105984,0.000396544
106240,0.000393658
106496,0.000390295
106752,0.000387277
107008,0.000384677
107264,0.000381698
107520,0.00037868
107776,0.000375623
108032,0.000372967
108288,0.000370239
108544,0.000367271
108800,0.000364324
109056,0.000361573
109312,0.000358631
109568,0.000355892
109824,0.000353152
110080,0.000350537
110336,0.000348202
110592,0.000345991
110848,0.000343136
111104,0.000340383
111360,0.000337656
111616,0.000334847
111872,0.000332134
112128,0.000329551
112384,0.00032727
112640,0.000324666
112896,0.000321848
113152,0.000319448
113408,0.000316825
113664,0.000314256
113920,0.000311692
114176,0.000309372
114432,0.000307036
114688,0.000304659
114944,0.000302218
115200,0.000299781
115456,0.00029759
115712,0.000295679
115968,0.000293159
116224,0.000291005
116480,0.000288437
116736,0.000286522
116992,0.00028412
117248,0.000282026
117504,0.000279865
117760,0.000277664
118016,0.000275501
118272,0.000273613
118528,0.000271711
118784,0.000269558
119040,0.000267485
119296,0.000265368
119552,0.000263457
119808,0.000261468
120064,0.000259632
120320,0.000257583
120576,0.000255704
120832,0.000253875
121088,0.000251918
121344,0.00024976
121600,0.000247682
121856,0.000245762
122112,0.000244074
122368,0.000242003
122624,0.000240347
122880,0.000238559
123136,0.000236754
123392,0.000235106
123648,0.00023322
123904,0.000231647
124160,0.000229964
124416,0.00022822
124672,0.000226351
124928,0.000224932
125184,0.000223119
125440,0.000221433
125696,0.000219582
125952,0.000217696
126208,0.000215975
126464,0.000213867
126720,0.000212022
126976,0.000210343
127232,0.000208922
127488,0.000207277
127744,0.000205552
128000,0.000204003
128256,0.000202538
128512,0.000201081
128768,0.000199539
129024,0.000198141
129280,0.000196529
129536,0.00019503
129792,0.00019345
130048,0.000192019
130304,0.000190405
130560,0.000189035
130816,0.000187425
131072,0.000186087
131328,0.000184741
131584,0.000183366
131840,0.000181875
132096,0.000180334
132352,0.000178835
132608,0.000177311
132864,0.000175968
133120,0.000174587
133376,0.000173337
133632,0.00017211
133888,0.000170816
134144,0.000169393
134400,0.000167799
134656,0.000166489
134912,0.000165019
135168,0.00016336
135424,0.000161906
135680,0.000160315
135936,0.000158961
136192,0.000157737
136448,0.00015635
136704,0.000154738
136960,0.000153374
137216,0.000152079
137472,0.000150784
137728,0.000149291
137984,0.000147762
138240,0.000146394
138496,0.000145008
138752,0.000143506
139008,0.000142138
139264,0.000140753
139520,0.00013956
139776,0.000138437
140032,0.000137238
140288,0.000135919
140544,0.000134814
140800,0.000133659
141056,0.000132424
141312,0.000131394
141568,0.00013021
141824,0.000128986
142080,0.000127515
142336,0.000126454
142592,0.00012533
142848,0.000124046
143104,0.000122812
143360,0.000121725
143616,0.000120649
143872,0.000119162
144128,0.000117939
144384,0.000116799
144640,0.000115604
144896,0.000114305
145152,0.000113184
145408,0.000111862
145664,0.000110558
145920,0.000109524
146176,0.000108413
146432,0.000107279
146688,0.000106191
146944,0.00010512
147200,0.000104135
147456,0.000103109
147712,0.000102044
147968,0.000100922
148224,9.97578e-05
148480,9.87135e-05
148736,9.7677e-05
148992,9.66713e-05
149248,9.54891e-05
149504,9.46813e-05
149760,9.35646e-05
150016,9.26665e-05
150272,9.17362e-05
150528,9.06949e-05
150784,8.96656e-05
151040,8.87493e-05
151296,8.7859e-05
151552,8.70168e-05
151808,8.60344e-05
152064,8.50135e-05
152320,8.40159e-05
152576,8.27421e-05
152832,8.16678e-05
153088,8.04645e-05
153344,7.96257e-05
153600,7.85306e-05
153856,7.76037e-05
154112,7.66788e-05
154368,7.58381e-05
154624,7.48882e-05
154880,7.41872e-05
155136,7.34013e-05
155392,7.26206e-05
155648,7.18432e-05
155904,7.09113e-05
156160,6.99425e-05
156416,6.90655e-05
156672,6.82941e-05
156928,6.74805e-05
157184,6.67743e-05
157440,6.59494e-05
157696,6.52428e-05
157952,6.44642e-05
158208,6.35752e-05
158464,6.27228e-05
158720,6.19188e-05
158976,6.12126e-05
159232,6.03188e-05
159488,5.96776e-05
159744,5.89917e-05
160000,5.82054e-05
160256,5.74301e-05
160512,5.65553e-05
160768,5.58359e-05
161024,5.48291e-05
161280,5.39771e-05
161536,5.34416e-05
161792,5.26552e-05
162048,5.20943e-05
162304,5.14201e-05
162560,5.08735e-05
162816,5.01389e-05
163072,4.94715e-05
163328,4.88926e-05
163584,4.82429e-05
163840,4.74995e-05
164096,4.68935e-05
164352,4.62978e-05
164608,4.56966e-05
164864,4.50943e-05
165120,4.43989e-05
165376,4.37137e-05
165632,4.32351e-05
165888,4.24458e-05
166144,4.1685e-05
166400,4.11667e-05
166656,4.05107e-05
166912,4.0043e-05
167168,3.94901e-05
167424,3.88174e-05
167680,3.82746e-05
167936,3.78857e-05
168192,3.755e-05
168448,3.71098e-05
168704,3.65593e-05
168960,3.61809e-05
169216,3.56742e-05
169472,3.52722e-05
169728,3.48996e-05
169984,3.44317e-05
170240,3.39674e-05
170496,3.3552e-05
170752,3.30337e-05
171008,3.25481e-05
171264,3.21077e-05
171520,3.17811e-05
171776,3.13784e-05
172032,3.09665e-05
172288,3.05124e-05
172544,3.00917e-05
172800,2.98178e-05
173056,2.93361e-05
173312,2.89011e-05
173568,2.85348e-05
173824,2.81192e-05
174080,2.76962e-05
174336,2.72334e-05
174592,2.68885e-05
174848,2.65538e-05
175104,2.61954e-05
175360,2.59043e-05
175616,2.54612e-05
175872,2.51388e-05
176128,2.47024e-05
176384,2.43498e-05
176640,2.40369e-05
176896,2.3475e-05
177152,2.31286e-05
177408,2.27794e-05
177664,2.23228e-05
177920,2.19808e-05
178176,2.17925e-05
178432,2.15162e-05
178688,2.12201e-05
178944,2.08885e-05
179200,2.06919e-05
179456,2.04628e-05
179712,2.02368e-05
179968,1.99778e-05
180224,1.97097e-05
180480,1.94097e-05
180736,1.91624e-05
180992,1.88597e-05
181248,1.86513e-05
181504,1.83847e-05
181760,1.81046e-05
182016,1.7994e-05
182272,1.78696e-05
182528,1.7659e-05
182784,1.74341e-05
183040,1.73081e-05
183296,1.70903e-05
183552,1.68092e-05
183808,1.65812e-05
184064,1.63953e-05
184320,1.62389e-05
184576,1.60432e-05
184832,1.58333e-05
185088,1.56449e-05
185344,1.54708e-05
185600,1.52106e-05
185856,1.5038e-05
186112,1.48896e-05
186368,1.469e-05
186624,1.45084e-05
186880,1.43504e-05
187136,1.41727e-05
187392,1.4005e-05
187648,1.38312e-05
187904,1.37308e-05
188160,1.35795e-05
188416,1.34396e-05
188672,1.33367e-05
188928,1.32007e-05
189184,1.29626e-05
189440,1.28299e-05
189696,1.2747e-05
189952,1.27015e-05
190208,1.26337e-05
190464,1.24073e-05
190720,1.22686e-05
190976,1.21938e-05
191232,1.20879e-05
191488,1.18996e-05
191744,1.1809e-05
192000,1.16784e-05
192256,1.16234e-05
192512,1.15465e-05
192768,1.14572e-05
193024,1.13461e-05
193280,1.12415e-05
193536,1.11164e-05
193792,1.10138e-05
194048,1.08289e-05
194304,1.06556e-05
194560,1.05573e-05
194816,1.04849e-05
195072,1.03493e-05
195328,1.02545e-05
195584,1.01871e-05
195840,1.00639e-05
196096,1.00214e-05
196352,9.95181e-06
196608,9.88647e-06
196864,9.8334e-06
197120,9.66862e-06
197376,9.56064e-06
197632,9.48621e-06
197888,9.37878e-06
198144,9.31649e-06
198400,9.29348e-06
198656,9.23788e-06
198912,9.22776e-06
199168,9.21508e-06
199424,9.16082e-06
199680,9.10139e-06
199936,9.06495e-06
200192,9.02216e-06
200448,8.96157e-06
200704,8.91048e-06
200960,8.84156e-06
201216,8.77228e-06
201472,8.69726e-06
201728,8.60781e-06
201984,8.53681e-06
202240,8.49135e-06
202496,8.4799e-06
202752,8.45072e-06
203008,8.41653e-06
203264,8.39117e-06
203520,8.34047e-06
203776,8.31689e-06
204032,8.25642e-06
204288,8.22639e-06
204544,8.20104e-06
204800,8.17569e-06
205056,8.15034e-06
205312,8.08696e-06
205568,8.06161e-06
205824,8.02358e-06
206080,7.97288e-06
206336,7.97288e-06
206592,7.92218e-06
206848,7.92218e-06
207104,7.92218e-06
207360,7.86326e-06
207616,7.84613e-06
207872,7.82077e-06
208128,7.78275e-06
208384,7.75165e-06
208640,7.74472e-06
208896,7.71937e-06
209152,7.69027e-06
209408,7.65254e-06
209664,7.60529e-06
209920,7.57994e-06
210176,7.55459e-06
210432,7.54191e-06
210688,7.52403e-06
210944,7.50389e-06
211200,7.49705e-06
211456,7.46586e-06
211712,7.44051e-06
211968,7.42783e-06
212224,7.39138e-06
212480,7.31267e-06
212736,7.27573e-06
212992,7.22502e-06
213248,7.20343e-06
213504,7.17501e-06
213760,7.1363e-06
214016,7.08559e-06
214272,7.07292e-06
214528,7.06024e-06
214784,7.06024e-06
215040,7.03781e-06
215296,7.00883e-06
215552,6.99686e-06
215808,6.99158e-06
216064,6.96893e-06
216320,6.94876e-06
216576,6.94616e-06
216832,6.92081e-06
217088,6.91575e-06
217344,6.90043e-06
217600,6.88505e-06
217856,6.87011e-06
218112,6.86346e-06
218368,6.82608e-06
218624,6.79744e-06
218880,6.75645e-06
219136,6.74335e-06
219392,6.73068e-06
219648,6.73068e-06
219904,6.71741e-06
220160,6.68446e-06
220416,6.65955e-06
220672,6.63044e-06
220928,6.62662e-06
221184,6.6166e-06
221440,6.60618e-06
221696,6.59125e-06
221952,6.58556e-06
222208,6.5659e-06
222464,6.55322e-06
222720,6.55322e-06
222976,6.55322e-06
223232,6.52787e-06
223488,6.51715e-06
223744,6.48984e-06
224000,6.48984e-06
224256,6.48984e-06
224512,6.48984e-06
224768,6.47717e-06
225024,6.45182e-06
225280,6.45182e-06
225536,6.45182e-06
225792,6.43914e-06
226048,6.42647e-06
226304,6.40412e-06
226560,6.37576e-06
226816,6.37576e-06
227072,6.35598e-06
227328,6.35041e-06
227584,6.32506e-06
227840,6.32506e-06
228096,6.3226e-06
228352,6.29971e-06
228608,6.29881e-06
228864,6.26168e-06
229120,6.25021e-06
229376,6.22366e-06
229632,6.22366e-06
229888,6.21098e-06
230144,6.21098e-06
230400,6.20664e-06
230656,6.18563e-06
230912,6.17295e-06
231168,6.16562e-06
231424,6.16028e-06
231680,6.15352e-06
231936,6.12177e-06
232192,6.0969e-06
232448,6.0969e-06
232704,6.0969e-06
232960,6.0969e-06
233216,6.0969e-06
233472,6.09606e-06
233728,6.07155e-06
233984,6.07155e-06
234240,6.05887e-06
234496,6.05887e-06
234752,6.05887e-06
235008,6.05887e-06
235264,6.05067e-06
235520,6.0462e-06
235776,6.03739e-06
236032,6.03352e-06
236288,6.03352e-06
236544,6.00817e-06
236800,5.99765e-06
237056,5.9955e-06
237312,5.98282e-06
237568,5.96412e-06
237824,5.93212e-06
238080,5.93212e-06
238336,5.93212e-06
238592,5.93212e-06
238848,5.93212e-06
239104,5.93212e-06
239360,5.93212e-06
239616,5.93212e-06
239872,5.93212e-06
240128,5.93212e-06
240384,5.93212e-06
240640,5.93212e-06
240896,5.92063e-06
241152,5.90677e-06
241408,5.89409e-06
241664,5.89409e-06
241920,5.89409e-06
242176,5.89409e-06
242432,5.87867e-06
242688,5.86874e-06
242944,5.86874e-06
243200,5.86874e-06
243456,5.86874e-06
243712,5.86874e-06
243968,5.86874e-06
244224,5.86874e-06
244480,5.86874e-06
244736,5.86874e-06
244992,5.86874e-06
245248,5.86874e-06
245504,5.86874e-06
245760,5.86727e-06
246016,5.85607e-06
246272,5.85607e-06
246528,5.85607e-06
246784,5.85607e-06
247040,5.85607e-06
247296,5.85607e-06
247552,5.83071e-06
247808,5.82378e-06
248064,5.81804e-06
248320,5.81804e-06
248576,5.81804e-06
248832,5.81804e-06
249088,5.81804e-06
249344,5.81804e-06
249600,5.81804e-06
249856,5.81804e-06
250112,5.81804e-06
250368,5.81804e-06
250624,5.81804e-06
250880,5.81804e-06
251136,5.81804e-06
251392,5.80655e-06
251648,5.80536e-06
251904,5.79858e-06
252160,5.79269e-06
252416,5.79269e-06
252672,5.79269e-06
252928,5.79269e-06
253184,5.79269e-06
253440,5.79269e-06
253696,5.79269e-06
253952,5.79179e-06
254208,5.78001e-06
254464,5.78001e-06
254720,5.77925e-06
254976,5.75466e-06
255232,5.75466e-06
255488,5.75466e-06
255744,5.75466e-06
256000,5.75466e-06
256256,5.75466e-06
256512,5.75466e-06
256768,5.75466e-06
257024,5.75466e-06
257280,5.75466e-06
257536,5.75466e-06
257792,5.75466e-06
258048,5.75466e-06
258304,5.75466e-06
258560,5.75466e-06
258816,5.75466e-06
259072,5.75466e-06
259328,5.75466e-06
259584,5.75466e-06
259840,5.75466e-06
260096,5.75466e-06
260352,5.75466e-06
260608,5.75466e-06
260864,5.75466e-06
261120,5.75466e-06
261376,5.75466e-06
261632,5.75466e-06
261888,5.75466e-06
262144,5.75466e-06
262400,5.75466e-06
262656,5.75466e-06
262912,5.75466e-06
263168,5.75466e-06
263424,5.75466e-06
263680,5.75466e-06
263936,5.74507e-06
264192,5.74199e-06
264448,5.74199e-06
264704,5.74199e-06
264960,5.74199e-06
265216,5.74199e-06
265472,5.74199e-06
265728,5.74199e-06
265984,5.74199e-06
266240,5.74199e-06
266496,5.74199e-06
266752,5.74199e-06
267008,5.73309e-06
267264,5.72931e-06
267520,5.72931e-06
267776,5.72931e-06
268032,5.72895e-06
268288,5.71663e-06
268544,5.71663e-06
268800,5.71663e-06
269056,5.71663e-06
269312,5.71663e-06
269568,5.71619e-06
269824,5.70396e-06
270080,5.70396e-06
270336,5.70396e-06
270592,5.70396e-06
270848,5.70396e-06
271104,5.70396e-06
271360,5.70396e-06
271616,5.70396e-06
271872,5.70396e-06
272128,5.70396e-06
272384,5.70396e-06
272640,5.70396e-06
272896,5.70396e-06
273152,5.70396e-06
273408,5.70396e-06
273664,5.70396e-06
273920,5.70396e-06
274176,5.70396e-06
274432,5.70396e-06
274688,5.70396e-06
274944,5.70396e-06
275200,5.70396e-06
275456,5.70396e-06
275712,5.70224e-06
275968,5.69128e-06
276224,5.69128e-06
276480,5.69128e-06
276736,5.69128e-06
276992,5.69128e-06
277248,5.67861e-06
277504,5.67861e-06
277760,5.67861e-06
278016,5.67861e-06
278272,5.67861e-06
278528,5.67861e-06
278784,5.67861e-06
279040,5.67861e-06
279296,5.67861e-06
279552,5.67861e-06
279808,5.67861e-06
280064,5.67861e-06
280320,5.67861e-06
280576,5.67861e-06
280832,5.67861e-06
281088,5.67861e-06
281344,5.67861e-06
281600,5.67861e-06
281856,5.67861e-06
282112,5.67861e-06
282368,5.67861e-06
282624,5.67861e-06
282880,5.67861e-06
283136,5.67861e-06
283392,5.67323e-06
283648,5.66593e-06
283904,5.66593e-06
284160,5.66593e-06
284416,5.66593e-06
284672,5.66593e-06
284928,5.66593e-06
285184,5.66593e-06
285440,5.66593e-06
285696,5.66593e-06
285952,5.66593e-06
286208,5.66593e-06
286464,5.66593e-06
286720,5.66593e-06
286976,5.66593e-06
287232,5.66593e-06
287488,5.66593e-06
287744,5.66593e-06
288000,5.66593e-06
288256,5.66593e-06
288512,5.66143e-06
288768,5.65326e-06
289024,5.65258e-06
289280,5.64058e-06
289536,5.64058e-06
289792,5.64058e-06
290048,5.64058e-06
290304,5.64058e-06
290560,5.64058e-06
290816,5.64058e-06
291072,5.64058e-06
291328,5.63281e-06
291584,5.62422e-06
291840,5.61561e-06
292096,5.61523e-06
292352,5.61106e-06
292608,5.60255e-06
292864,5.60255e-06
293120,5.60255e-06
293376,5.60255e-06
293632,5.60255e-06
293888,5.60255e-06
294144,5.60255e-06
294400,5.60255e-06
294656,5.60255e-06
294912,5.60255e-06
295168,5.60255e-06
295424,5.60255e-06
295680,5.60255e-06
295936,5.60255e-06
296192,5.60255e-06
296448,5.60255e-06
296704,5.60255e-06
296960,5.60255e-06
297216,5.60255e-06
297472,5.60255e-06
297728,5.60255e-06
297984,5.60255e-06
298240,5.60255e-06
298496,5.60255e-06
298752,5.60255e-06
299008,5.60216e-06
299264,5.59352e-06
299520,5.58988e-06
299776,5.58988e-06
300032,5.58988e-06
300288,5.58988e-06
300544,5.58988e-06
300800,5.58988e-06
301056,5.58988e-06
301312,5.58988e-06
301568,5.58988e-06
301824,5.58988e-06
302080,5.58988e-06
302336,5.58988e-06
302592,5.58988e-06
302848,5.58988e-06
303104,5.58988e-06
303360,5.58988e-06
303616,5.58988e-06
303872,5.58988e-06
304128,5.58988e-06
304384,5.58988e-06
304640,5.58988e-06
304896,5.58988e-06
305152,5.58988e-06
305408,5.58873e-06
305664,5.58007e-06
305920,5.5772e-06
306176,5.5772e-06
306432,5.5772e-06
306688,5.5772e-06
306944,5.5772e-06
307200,5.5772e-06
307456,5.5772e-06
307712,5.5772e-06
307968,5.5772e-06
308224,5.5772e-06
308480,5.5772e-06
308736,5.5772e-06
308992,5.56876e-06
309248,5.56453e-06
309504,5.56453e-06
309760,5.56453e-06
310016,5.56453e-06
310272,5.56453e-06
310528,5.56453e-06
310784,5.56453e-06
311040,5.56453e-06
311296,5.56453e-06
311552,5.56453e-06
311808,5.56453e-06
312064,5.56453e-06
312320,5.56453e-06
312576,5.56453e-06
312832,5.56453e-06
313088,5.56453e-06
313344,5.56453e-06
313600,5.56453e-06
313856,5.56453e-06
314112,5.56453e-06
314368,5.56453e-06
314624,5.56453e-06
314880,5.56453e-06
315136,5.56453e-06
315392,5.56453e-06
315648,5.56453e-06
315904,5.56453e-06
316160,5.56453e-06
316416,5.56453e-06
316672,5.56453e-06
316928,5.56453e-06
317184,5.56453e-06
317440,5.56453e-06
317696,5.56453e-06
317952,5.56453e-06
318208,5.56015e-06
318464,5.55185e-06
318720,5.55185e-06
318976,5.55185e-06
319232,5.55185e-06
319488,5.55185e-06
319744,5.55185e-06
320000,5.55185e-06
320256,5.55185e-06
320512,5.55185e-06
320768,5.55185e-06
321024,5.55185e-06
321280,5.55185e-06
321536,5.55185e-06
321792,5.55185e-06
322048,5.55185e-06
322304,5.54755e-06
322560,5.53918e-06
322816,5.53918e-06
323072,5.53918e-06
323328,5.53918e-06
323584,5.53918e-06
323840,5.53918e-06
324096,5.53918e-06
324352,5.53918e-06
324608,5.53918e-06
324864,5.53918e-06
325120,5.53918e-06
325376,5.53918e-06
325632,5.53918e-06
325888,5.53918e-06
326144,5.53918e-06
326400,5.53918e-06
326656,5.53918e-06
326912,5.53918e-06
327168,5.53918e-06
327424,5.53776e-06
327680,5.52902e-06
327936,5.5265e-06
328192,5.5265e-06
328448,5.5265e-06
328704,5.5265e-06
328960,5.5265e-06
329216,5.5265e-06
329472,5.5265e-06
329728,5.5265e-06
329984,5.5265e-06
330240,5.5265e-06
330496,5.5265e-06
330752,5.5265e-06
331008,5.5265e-06
331264,5.5265e-06
331520,5.5265e-06
331776,5.5265e-06
332032,5.5265e-06
332288,5.5265e-06
332544,5.5265e-06
332800,5.5265e-06
333056,5.5265e-06
333312,5.5265e-06
333568,5.51791e-06
333824,5.51383e-06
334080,5.51383e-06
334336,5.51383e-06
334592,5.51383e-06
334848,5.51383e-06
335104,5.51383e-06
335360,5.50722e-06
335616,5.50115e-06
335872,5.50115e-06
336128,5.50115e-06
336384,5.50115e-06
336640,5.50115e-06
336896,5.50115e-06
337152,5.4964e-06
337408,5.48759e-06
337664,5.47877e-06
337920,5.44056e-06
338176,5.39123e-06
338432,5.35524e-06
338688,5.319e-06
338944,5.29834e-06
339200,5.29794e-06
339456,5.2888e-06
339712,5.26157e-06
339968,5.22469e-06
340224,5.18753e-06
340480,5.16722e-06
340736,5.15369e-06
340992,5.14624e-06
341248,5.14624e-06
341504,5.14624e-06
341760,5.14624e-06
342016,5.14325e-06
342272,5.12442e-06
342528,5.1132e-06
342784,5.09478e-06
343040,5.06491e-06
343296,5.02658e-06
343552,4.99585e-06
343808,4.98145e-06
344064,4.97759e-06
344320,4.95812e-06
344576,4.93858e-06
344832,4.90714e-06
345088,4.85505e-06
345344,4.77618e-06
345600,4.72529e-06
345856,4.69046e-06
346112,4.67131e-06
346368,4.65733e-06
346624,4.63787e-06
346880,4.62743e-06
347136,4.58814e-06
347392,4.56834e-06
347648,4.56316e-06
347904,4.55649e-06
348160,4.53262e-06
348416,4.48975e-06
348672,4.46683e-06
348928,4.43679e-06
349184,4.41715e-06
349440,4.40619e-06
349696,4.39203e-06
349952,4.37303e-06
350208,4.37303e-06
350464,4.36204e-06
350720,4.35094e-06
350976,4.33194e-06
351232,4.29033e-06
351488,4.23868e-06
351744,4.18893e-06
352000,4.13925e-06
352256,4.11767e-06
352512,4.10125e-06
352768,4.03079e-06
353024,4.03079e-06
353280,3.99624e-06
353536,3.9708e-06
353792,3.93581e-06
354048,3.88853e-06
354304,3.86867e-06
354560,3.85615e-06
354816,3.81421e-06
355072,3.80263e-06
355328,3.78287e-06
355584,3.76726e-06
355840,3.74417e-06
356096,3.70771e-06
356352,3.70122e-06
356608,3.70122e-06
356864,3.6778e-06
357120,3.66366e-06
357376,3.59965e-06
357632,3.58428e-06
357888,3.54727e-06
358144,3.53078e-06
358400,3.50719e-06
358656,3.48833e-06
358912,3.4605e-06
359168,3.44008e-06
359424,3.43504e-06
359680,3.41412e-06
359936,3.36149e-06
360192,3.34519e-06
360448,3.3307e-06
360704,3.31615e-06
360960,3.30154e-06
361216,3.27809e-06
361472,3.24846e-06
361728,3.24266e-06
361984,3.17581e-06
362240,3.15618e-06
362496,3.14805e-06
362752,3.12177e-06
363008,3.1161e-06
363264,3.08886e-06
363520,3.07316e-06
363776,3.05739e-06
364032,3.0421e-06
364288,3.03831e-06
364544,3.00817e-06
364800,2.98082e-06
365056,2.93758e-06
365312,2.91534e-06
365568,2.8872e-06
365824,2.87649e-06
366080,2.85461e-06
366336,2.8111e-06
366592,2.78591e-06
366848,2.75711e-06
367104,2.73952e-06
367360,2.71253e-06
367616,2.70393e-06
367872,2.69754e-06
368128,2.6745e-06
368384,2.66256e-06
368640,2.63161e-06
368896,2.58101e-06
369152,2.56043e-06
369408,2.5185e-06
369664,2.48814e-06
369920,2.46035e-06
370176,2.42788e-06
370432,2.40745e-06
370688,2.36694e-06
370944,2.32573e-06
371200,2.29537e-06
371456,2.27421e-06
371712,2.25284e-06
371968,2.23128e-06
372224,2.2095e-06
372480,2.16935e-06
372736,2.13961e-06
372992,2.09154e-06
373248,2.03185e-06
373504,1.98369e-06
373760,1.93432e-06
374016,1.8925e-06
374272,1.8483e-06
374528,1.77874e-06
374784,1.7364e-06
375040,1.72384e-06
375296,1.7056e-06
375552,1.69849e-06
375808,1.64885e-06
376064,1.64779e-06
376320,1.64779e-06
376576,1.6363e-06
376832,1.62243e-06
377088,1.62243e-06
377344,1.62243e-06
377600,1.61464e-06
377856,1.57173e-06
378112,1.57173e-06
378368,1.57173e-06
378624,1.57173e-06
378880,1.5664e-06
379136,1.54638e-06
379392,1.54638e-06
379648,1.52326e-06
379904,1.46553e-06
380160,1.44498e-06
380416,1.44498e-06
380672,1.44498e-06
380928,1.44498e-06
381184,1.44498e-06
381440,1.44498e-06
381696,1.44498e-06
381952,1.44498e-06
382208,1.44498e-06
382464,1.44498e-06
382720,1.44498e-06
382976,1.44498e-06
383232,1.44498e-06
383488,1.44498e-06
383744,1.44498e-06
384000,1.44498e-06
384256,1.44498e-06
384512,1.44498e-06
384768,1.44498e-06
385024,1.44498e-06
385280,1.44498e-06
385536,1.44498e-06
385792,1.44498e-06
386048,1.44498e-06
386304,1.44498e-06
386560,1.44498e-06
386816,1.44498e-06
387072,1.44498e-06
387328,1.44498e-06
387584,1.44498e-06
387840,1.44498e-06
388096,1.44498e-06
388352,1.44498e-06
388608,1.44498e-06
388864,1.44498e-06
389120,1.44498e-06
389376,1.44498e-06
389632,1.44498e-06
389888,1.44498e-06
390144,1.44498e-06
390400,1.44498e-06
390656,1.44498e-06
390912,1.42086e-06
391168,1.41963e-06
391424,1.41963e-06
391680,1.41963e-06
391936,1.41963e-06
392192,1.41963e-06
392448,1.41963e-06
392704,1.41963e-06
392960,1.41963e-06
393216,1.41963e-06
393472,1.41963e-06
393728,1.41963e-06
393984,1.41963e-06
394240,1.41963e-06
394496,1.41963e-06
394752,1.41963e-06
395008,1.41963e-06
395264,1.41963e-06
395520,1.41963e-06
395776,1.41963e-06
396032,1.41963e-06
396288,1.41963e-06
396544,1.41963e-06
396800,1.41963e-06
397056,1.41963e-06
397312,1.41963e-06
397568,1.41963e-06
397824,1.39428e-06
398080,1.39428e-06
398336,1.39428e-06
398592,1.39428e-06
398848,1.39428e-06
399104,1.39428e-06
399360,1.39428e-06
399616,1.39428e-06
399872,1.39428e-06
400128,1.39428e-06
400384,1.39428e-06
400640,1.39428e-06
400896,1.39428e-06
401152,1.39428e-06
401408,1.39428e-06
401664,1.39428e-06
401920,1.39428e-06
402176,1.39428e-06
402432,1.39428e-06
402688,1.39428e-06
402944,1.39428e-06
403200,1.39428e-06
403456,1.39428e-06
403712,1.39428e-06
403968,1.39428e-06
404224,1.39428e-06
404480,1.39428e-06
404736,1.39428e-06
404992,1.39428e-06
405248,1.39428e-06
405504,1.39428e-06
405760,1.39428e-06
406016,1.39428e-06
406272,1.39428e-06
406528,1.39428e-06
406784,1.39428e-06
407040,1.39428e-06
407296,1.39428e-06
407552,1.39428e-06
407808,1.39428e-06
408064,1.39428e-06
408320,1.39428e-06
408576,1.39428e-06
408832,1.39428e-06
409088,1.39428e-06
409344,1.39428e-06
409600,1.39428e-06
409856,1.39428e-06
410112,1.39428e-06
410368,1.39428e-06
410624,1.39428e-06
410880,1.39428e-06
411136,1.39428e-06
411392,1.39428e-06
411648,1.39428e-06
411904,1.39428e-06
412160,1.39428e-06
412416,1.39428e-06
412672,1.39428e-06
412928,1.39428e-06
413184,1.39428e-06
413440,1.39428e-06
413696,1.39428e-06
413952,1.39428e-06
414208,1.39428e-06
414464,1.39428e-06
414720,1.39428e-06
414976,1.39428e-06
415232,1.39428e-06
415488,1.39428e-06
415744,1.39428e-06
416000,1.39428e-06
416256,1.39428e-06
416512,1.39428e-06
416768,1.39428e-06
417024,1.39428e-06
417280,1.39428e-06
417536,1.39428e-06
417792,1.39428e-06
418048,1.39428e-06
418304,1.39428e-06
418560,1.39428e-06
418816,1.39428e-06
419072,1.39428e-06
419328,1.39428e-06
419584,1.39428e-06
419840,1.39428e-06
420096,1.39428e-06
420352,1.39428e-06
420608,1.39428e-06
420864,1.39428e-06
421120,1.39428e-06
421376,1.39428e-06
421632,1.39428e-06
421888,1.39428e-06
422144,1.39428e-06
422400,1.39428e-06
422656,1.39428e-06
422912,1.39428e-06
423168,1.39428e-06
423424,1.39428e-06
423680,1.39428e-06
423936,1.39428e-06
424192,1.39428e-06
424448,1.39428e-06
424704,1.39428e-06
424960,1.39428e-06
425216,1.39428e-06
425472,1.39428e-06
425728,1.39428e-06
425984,1.39428e-06
426240,1.39428e-06
426496,1.39428e-06
426752,1.39428e-06
427008,1.39428e-06
427264,1.39428e-06
427520,1.39428e-06
427776,1.39428e-06
428032,1.39428e-06
428288,1.39428e-06
428544,1.39428e-06
428800,1.39428e-06
429056,1.39428e-06
429312,1.39428e-06
429568,1.39428e-06
429824,1.39428e-06
430080,1.39428e-06
430336,1.39428e-06
430592,1.39428e-06
430848,1.39428e-06
431104,1.39428e-06
431360,1.39428e-06
431616,1.39428e-06
431872,1.39428e-06
432128,1.39428e-06
432384,1.39428e-06
432640,1.39428e-06
432896,1.39428e-06
433152,1.39428e-06
433408,1.39428e-06
433664,1.39428e-06
433920,1.39428e-06
434176,1.39428e-06
434432,1.39428e-06
434688,1.39428e-06
434944,1.39428e-06
435200,1.39428e-06
435456,1.39428e-06
435712,1.39428e-06
435968,1.39428e-06
436224,1.39428e-06
436480,1.39428e-06
436736,1.39428e-06
436992,1.39428e-06
437248,1.39428e-06
437504,1.39428e-06
437760,1.39428e-06
438016,1.39428e-06
438272,1.39428e-06
438528,1.39428e-06
438784,1.39428e-06
439040,1.39428e-06
439296,1.39428e-06
439552,1.39428e-06
439808,1.39428e-06
440064,1.39428e-06
440320,1.39428e-06
440576,1.39428e-06
440832,1.39428e-06
441088,1.39428e-06
441344,1.39428e-06
441600,1.39428e-06
441856,1.39428e-06
442112,1.39428e-06
442368,1.39428e-06
442624,1.39428e-06
442880,1.39428e-06
443136,1.39428e-06
443392,1.39428e-06
443648,1.39428e-06
443904,1.39428e-06
444160,1.39428e-06
444416,1.39428e-06
444672,1.39428e-06
444928,1.39428e-06
445184,1.39428e-06
445440,1.39428e-06
445696,1.39428e-06
445952,1.39428e-06
446208,1.39428e-06
446464,1.39428e-06
446720,1.39428e-06
446976,1.39428e-06
447232,1.39428e-06
447488,1.39428e-06
447744,1.39428e-06
448000,1.39428e-06
448256,1.39428e-06
448512,1.39428e-06
448768,1.39428e-06
449024,1.39428e-06
449280,1.39428e-06
449536,1.39428e-06
449792,1.39428e-06
450048,1.39428e-06
450304,1.39428e-06
450560,1.39428e-06
450816,1.39428e-06
451072,1.39428e-06
451328,1.39428e-06
451584,1.39428e-06
451840,1.39428e-06
452096,1.39428e-06
452352,1.39428e-06
452608,1.39428e-06
452864,1.39428e-06
453120,1.39428e-06
453376,1.39428e-06
453632,1.39428e-06
453888,1.39428e-06
454144,1.39428e-06
454400,1.39428e-06
454656,1.39428e-06
454912,1.39428e-06
455168,1.39428e-06
455424,1.39428e-06
455680,1.39428e-06
455936,1.39428e-06
456192,1.39428e-06
456448,1.39428e-06
456704,1.39428e-06
456960,1.39428e-06
457216,1.39428e-06
457472,1.39428e-06
457728,1.39428e-06
457984,1.39428e-06
458240,1.39428e-06
458496,1.39428e-06
458752,1.39428e-06
459008,1.39428e-06
459264,1.39428e-06
459520,1.39428e-06
459776,1.39428e-06
460032,1.39428e-06
460288,1.39428e-06
460544,1.39428e-06
460800,1.39428e-06
461056,1.39428e-06
461312,1.39428e-06
461568,1.39428e-06
461824,1.39428e-06
462080,1.39428e-06
462336,1.39428e-06
462592,1.39428e-06
462848,1.39428e-06
463104,1.39428e-06
463360,1.39428e-06
463616,1.39428e-06
463872,1.39428e-06
464128,1.39428e-06
464384,1.39428e-06
464640,1.39428e-06
464896,1.39428e-06
465152,1.39428e-06
465408,1.39428e-06
465664,1.39428e-06
465920,1.39428e-06
466176,1.39428e-06
466432,1.39428e-06
466688,1.39428e-06
466944,1.39428e-06
467200,1.39428e-06
467456,1.39428e-06
467712,1.39428e-06
467968,1.39428e-06
468224,1.39428e-06
468480,1.39428e-06
468736,1.39428e-06
468992,1.39428e-06
469248,1.39428e-06
469504,1.39428e-06
469760,1.39428e-06
470016,1.39428e-06
470272,1.39428e-06
470528,1.39428e-06
470784,1.39428e-06
471040,1.39428e-06
471296,1.39428e-06
471552,1.39428e-06
471808,1.39428e-06
472064,1.39428e-06
472320,1.39428e-06
472576,1.39428e-06
472832,1.39428e-06
473088,1.39428e-06
473344,1.39428e-06
473600,1.39428e-06
473856,1.39428e-06
474112,1.39428e-06
474368,1.39428e-06
474624,1.39428e-06
474880,1.39428e-06
475136,1.39428e-06
475392,1.39428e-06
475648,1.39428e-06
475904,1.39428e-06
476160,1.39428e-06
476416,1.39428e-06
476672,1.39428e-06
476928,1.39428e-06
477184,1.39428e-06
477440,1.39428e-06
477696,1.39428e-06
477952,1.39428e-06
478208,1.39428e-06
478464,1.39428e-06
478720,1.39428e-06
478976,1.39428e-06
479232,1.39428e-06
479488,1.39428e-06
479744,1.39428e-06
480000,1.39428e-06
480256,1.39428e-06
480512,1.39428e-06
480768,1.39428e-06
481024,1.39428e-06
481280,1.39428e-06
481536,1.39428e-06
481792,1.39428e-06
482048,1.39428e-06
482304,1.39428e-06
482560,1.39428e-06
482816,1.39428e-06
483072,1.39428e-06
483328,1.39428e-06
483584,1.39428e-06
483840,1.39428e-06
484096,1.39428e-06
484352,1.39428e-06
484608,1.39428e-06
484864,1.39428e-06
485120,1.39428e-06
485376,1.39428e-06
485632,1.39428e-06
485888,1.39428e-06
486144,1.39428e-06
486400,1.39428e-06
486656,1.39428e-06
486912,1.39428e-06
487168,1.39428e-06
487424,1.39428e-06
487680,1.39428e-06
487936,1.39428e-06
488192,1.39428e-06
488448,1.39428e-06
488704,1.39428e-06
488960,1.39428e-06
489216,1.39428e-06
489472,1.39428e-06
489728,1.39428e-06
489984,1.39428e-06
490240,1.39428e-06
490496,1.39428e-06
490752,1.39428e-06
491008,1.39428e-06
491264,1.39428e-06
491520,1.39428e-06
491776,1.39428e-06
492032,1.39428e-06
492288,1.39428e-06
492544,1.39428e-06
492800,1.39428e-06
493056,1.39428e-06
493312,1.39428e-06
493568,1.39428e-06
493824,1.39428e-06
494080,1.39428e-06
494336,1.39428e-06
494592,1.39428e-06
494848,1.39428e-06
495104,1.39428e-06
495360,1.39428e-06
495616,1.39428e-06
495872,1.39428e-06
496128,1.39428e-06
496384,1.39428e-06
496640,1.39428e-06
496896,1.39428e-06
497152,1.39428e-06
497408,1.39428e-06
497664,1.39428e-06
497920,1.39428e-06
498176,1.39428e-06
498432,1.39428e-06
498688,1.39428e-06
498944,1.39428e-06
499200,1.39428e-06
499456,1.39428e-06
499712,1.39428e-06
499968,1.39428e-06
500224,1.39428e-06
500480,1.39428e-06
500736,1.39428e-06
500992,1.39428e-06
501248,1.39428e-06
501504,1.39428e-06
501760,1.39428e-06
502016,1.39428e-06
502272,1.39428e-06
502528,1.39428e-06
502784,1.39428e-06
503040,1.39428e-06
503296,1.39428e-06
503552,1.39428e-06
503808,1.39428e-06
504064,1.39428e-06
504320,1.39428e-06
504576,1.39428e-06
504832,1.39428e-06
505088,1.39428e-06
505344,1.39428e-06
505600,1.39428e-06
505856,1.39428e-06
506112,1.39428e-06
506368,1.39428e-06
506624,1.39428e-06
506880,1.39428e-06
507136,1.39428e-06
507392,1.39428e-06
507648,1.39428e-06
507904,1.39428e-06
508160,1.39428e-06
508416,1.39428e-06
508672,1.39428e-06
508928,1.39428e-06
509184,1.39428e-06
509440,1.39428e-06
509696,1.39428e-06
509952,1.39428e-06
510208,1.39428e-06
510464,1.39428e-06
510720,1.39428e-06
510976,1.39428e-06
511232,1.39428e-06
511488,1.39428e-06
511744,1.39428e-06
512000,1.39428e-06
512256,1.39428e-06
512512,1.39428e-06
512768,1.39428e-06
513024,1.39428e-06
513280,1.39428e-06
513536,1.39428e-06
513792,1.39428e-06
514048,1.39428e-06
514304,1.39428e-06
514560,1.39428e-06
514816,1.39428e-06
515072,1.39428e-06
515328,1.39428e-06
515584,1.39428e-06
515840,1.39428e-06
516096,1.39428e-06
516352,1.39428e-06
516608,1.39428e-06
516864,1.39428e-06
517120,1.39428e-06
517376,1.39428e-06
517632,1.39428e-06
517888,1.39428e-06
518144,1.39428e-06
518400,1.39428e-06
518656,1.39428e-06
518912,1.39428e-06
519168,1.39428e-06
519424,1.39428e-06
519680,1.39428e-06
519936,1.39428e-06
520192,1.39428e-06
520448,1.39428e-06
520704,1.39428e-06
520960,1.39428e-06
521216,1.39428e-06
521472,1.39428e-06
521728,1.39428e-06
521984,1.39428e-06
522240,1.39428e-06
522496,1.39428e-06
522752,1.39428e-06
523008,1.39428e-06
523264,1.39428e-06
523520,1.39428e-06
523776,1.39428e-06
524032,1.39428e-06
524288,1.39428e-06
524544,1.39428e-06
524800,1.39428e-06
525056,1.39428e-06
525312,1.39428e-06
525568,1.39428e-06
525824,1.39428e-06
526080,1.39428e-06
526336,1.39428e-06
526592,1.39428e-06
526848,1.39428e-06
527104,1.39428e-06
527360,1.39428e-06
527616,1.39428e-06
527872,1.39428e-06
528128,1.39428e-06
528384,1.39428e-06
528640,1.39428e-06
528896,1.39428e-06
529152,1.39428e-06
529408,1.39428e-06
529664,1.39428e-06
529920,1.39428e-06
530176,1.39428e-06
530432,1.39428e-06
530688,1.39428e-06
530944,1.39428e-06
531200,1.39428e-06
531456,1.39428e-06
531712,1.39428e-06
531968,1.39428e-06
532224,1.39428e-06
532480,1.39428e-06
532736,1.39428e-06
532992,1.39428e-06
533248,1.39428e-06
533504,1.39428e-06
533760,1.39428e-06
534016,1.39428e-06
534272,1.39428e-06
534528,1.39428e-06
534784,1.39428e-06
535040,1.39428e-06
535296,1.39428e-06
535552,1.39428e-06
535808,1.39428e-06
536064,1.39428e-06
536320,1.39428e-06
536576,1.39428e-06
536832,1.39428e-06
537088,1.39428e-06
537344,1.39428e-06
537600,1.39428e-06
537856,1.39428e-06
538112,1.39428e-06
538368,1.39428e-06
538624,1.39428e-06
538880,1.39428e-06
539136,1.39428e-06
539392,1.39428e-06
539648,1.39428e-06
539904,1.39428e-06
540160,1.39428e-06
540416,1.39428e-06
540672,1.39428e-06
540928,1.39428e-06
541184,1.39428e-06
541440,1.39428e-06
541696,1.39428e-06
541952,1.39428e-06
542208,1.39428e-06
542464,1.39428e-06
542720,1.39428e-06
542976,1.39428e-06
543232,1.39428e-06
543488,1.39428e-06
543744,1.39428e-06
544000,1.39428e-06
544256,1.39428e-06
544512,1.39428e-06
544768,1.39428e-06
545024,1.39428e-06
545280,1.39428e-06
545536,1.39428e-06
545792,1.39428e-06
546048,1.39428e-06
546304,1.39428e-06
546560,1.39428e-06
546816,1.39428e-06
547072,1.39428e-06
547328,1.39428e-06
547584,1.39428e-06
547840,1.39428e-06
548096,1.39428e-06
548352,1.39428e-06
548608,1.39428e-06
548864,1.39428e-06
549120,1.39428e-06
549376,1.39428e-06
549632,1.39428e-06
549888,1.39428e-06
550144,1.39428e-06
550400,1.39428e-06
550656,1.39428e-06
550912,1.39428e-06
551168,1.39428e-06
551424,1.39428e-06
551680,1.39428e-06
551936,1.39428e-06
552192,1.39428e-06
552448,1.39428e-06
552704,1.39428e-06
552960,1.39428e-06
553216,1.39428e-06
553472,1.39428e-06
553728,1.39428e-06
553984,1.39428e-06
554240,1.39428e-06
554496,1.39428e-06
554752,1.39428e-06
555008,1.39428e-06
555264,1.39428e-06
555520,1.39428e-06
555776,1.39428e-06
556032,1.39428e-06
556288,1.39428e-06
556544,1.39428e-06
556800,1.39428e-06
557056,1.39428e-06
557312,1.39428e-06
557568,1.39428e-06
557824,1.39428e-06
558080,1.39428e-06
558336,1.39428e-06
558592,1.39428e-06
558848,1.39428e-06
559104,1.39428e-06
559360,1.39428e-06
559616,1.39428e-06
559872,1.39428e-06
560128,1.39428e-06
560384,1.39428e-06
560640,1.39428e-06
560896,1.39428e-06
561152,1.39428e-06
561408,1.39428e-06
561664,1.39428e-06
561920,1.39428e-06
562176,1.39428e-06
562432,1.39428e-06
562688,1.39428e-06
562944,1.39428e-06
563200,1.39428e-06
563456,1.39428e-06
563712,1.39428e-06
563968,1.39428e-06
564224,1.39428e-06
564480,1.39428e-06
564736,1.39428e-06
564992,1.39428e-06
565248,1.39428e-06
565504,1.39428e-06
565760,1.39428e-06
566016,1.39428e-06
566272,1.39428e-06
566528,1.39428e-06
566784,1.39428e-06
567040,1.39428e-06
567296,1.39428e-06
567552,1.39428e-06
567808,1.39428e-06
568064,1.39428e-06
568320,1.39428e-06
568576,1.39428e-06
568832,1.39428e-06
569088,1.39428e-06
569344,1.39428e-06
569600,1.39428e-06
569856,1.39428e-06
570112,1.39428e-06
570368,1.39428e-06
570624,1.39428e-06
570880,1.39428e-06
571136,1.39428e-06
571392,1.39428e-06
571648,1.39428e-06
571904,1.39428e-06
572160,1.39428e-06
572416,1.39428e-06
572672,1.39428e-06
572928,1.39428e-06
573184,1.39428e-06
573440,1.39428e-06
573696,1.39428e-06
573952,1.39428e-06
574208,1.39428e-06
574464,1.39428e-06
574720,1.39428e-06
574976,1.39428e-06
575232,1.39428e-06
575488,1.39428e-06
575744,1.39428e-06
576000,1.39428e-06
576256,1.39428e-06
576512,1.39428e-06
576768,1.39428e-06
577024,1.39428e-06
577280,1.39428e-06
577536,1.39428e-06
577792,1.39428e-06
578048,1.39428e-06
578304,1.39428e-06
578560,1.39428e-06
578816,1.39428e-06
579072,1.39428e-06
579328,1.39428e-06
579584,1.39428e-06
579840,1.39428e-06
580096,1.39428e-06
580352,1.39428e-06
580608,1.39428e-06
580864,1.39428e-06
581120,1.39428e-06
581376,1.39428e-06
581632,1.39428e-06
581888,1.39428e-06
582144,1.39428e-06
582400,1.39428e-06
582656,1.39428e-06
582912,1.39428e-06
583168,1.39428e-06
583424,1.39428e-06
583680,1.39428e-06
583936,1.39428e-06
584192,1.39428e-06
584448,1.39428e-06
584704,1.39428e-06
584960,1.39428e-06
585216,1.39428e-06
585472,1.39428e-06
585728,1.39428e-06
585984,1.39428e-06
586240,1.39428e-06
586496,1.39428e-06
586752,1.39428e-06
587008,1.39428e-06
587264,1.39428e-06
587520,1.39428e-06
587776,1.39428e-06
588032,1.39428e-06
588288,1.39428e-06
588544,1.39428e-06
588800,1.39428e-06
589056,1.39428e-06
589312,1.39428e-06
589568,1.39428e-06
589824,1.39428e-06
590080,1.39428e-06
590336,1.39428e-06
590592,1.39428e-06
590848,1.39428e-06
591104,1.39428e-06
591360,1.39428e-06
591616,1.39428e-06
591872,1.39428e-06
592128,1.39428e-06
592384,1.39428e-06
592640,1.39428e-06
592896,1.39428e-06
593152,1.39428e-06
593408,1.39428e-06
593664,1.39428e-06
593920,1.39428e-06
594176,1.39428e-06
594432,1.39428e-06
594688,1.39428e-06
594944,1.39428e-06
595200,1.39428e-06
595456,1.39428e-06
595712,1.39428e-06
595968,1.39428e-06
596224,1.39428e-06
596480,1.39428e-06
596736,1.39428e-06
596992,1.39428e-06
597248,1.39428e-06
597504,1.39428e-06
597760,1.39428e-06
598016,1.39428e-06
598272,1.39428e-06
598528,1.39428e-06
598784,1.39428e-06
599040,1.39428e-06
599296,1.39428e-06
599552,1.39428e-06
599808,1.39428e-06
600064,1.39428e-06
600320,1.39428e-06
600576,1.39428e-06
600832,1.39428e-06
601088,1.39428e-06
601344,1.39428e-06
601600,1.39428e-06
601856,1.39428e-06
602112,1.39428e-06
602368,1.39428e-06
602624,1.39428e-06
602880,1.39428e-06
603136,1.39428e-06
603392,1.39428e-06
603648,1.39428e-06
603904,1.39428e-06
604160,1.39428e-06
604416,1.39428e-06
604672,1.39428e-06
604928,1.39428e-06
605184,1.39428e-06
605440,1.39428e-06
605696,1.39428e-06
605952,1.39428e-06
606208,1.39428e-06
606464,1.39428e-06
606720,1.39428e-06
606976,1.39428e-06
607232,1.39428e-06
607488,1.39428e-06
607744,1.39428e-06
608000,1.39428e-06
608256,1.39428e-06
608512,1.39428e-06
608768,1.39428e-06
609024,1.39428e-06
609280,1.39428e-06
609536,1.39428e-06
609792,1.39428e-06
610048,1.39428e-06
610304,1.39428e-06
610560,1.39428e-06
610816,1.39428e-06
611072,1.39428e-06
611328,1.39428e-06
611584,1.39428e-06
611840,1.39428e-06
612096,1.39428e-06
612352,1.39428e-06
612608,1.39428e-06
612864,1.39428e-06
613120,1.39428e-06
613376,1.39428e-06
613632,1.39428e-06
613888,1.39428e-06
614144,1.39428e-06
614400,1.39428e-06
614656,1.39428e-06
614912,1.39428e-06
615168,1.39428e-06
615424,1.39428e-06
615680,1.39428e-06
615936,1.39428e-06
616192,1.39428e-06
616448,1.39428e-06
616704,1.39428e-06
616960,1.39428e-06
617216,1.39428e-06
617472,1.39428e-06
617728,1.39428e-06
617984,1.39428e-06
618240,1.39428e-06
618496,1.39428e-06
618752,1.39428e-06
619008,1.39428e-06
619264,1.39428e-06
619520,1.39428e-06
619776,1.39428e-06
620032,1.39428e-06
620288,1.39428e-06
620544,1.39428e-06
620800,1.39428e-06
621056,1.39428e-06
621312,1.39428e-06
621568,1.39428e-06
621824,1.39428e-06
622080,1.39428e-06
622336,1.39428e-06
622592,1.39428e-06
622848,1.39428e-06
623104,1.39428e-06
623360,1.39428e-06
623616,1.39428e-06
623872,1.39428e-06
624128,1.39428e-06
624384,1.39428e-06
624640,1.39428e-06
624896,1.39428e-06
625152,1.39428e-06
625408,1.39428e-06
625664,1.39428e-06
625920,1.39428e-06
626176,1.39428e-06
626432,1.39428e-06
626688,1.39428e-06
626944,1.39428e-06
627200,1.39428e-06
627456,1.39428e-06
627712,1.39428e-06
627968,1.39428e-06
628224,1.39428e-06
628480,1.39428e-06
628736,1.39428e-06
628992,1.39428e-06
629248,1.39428e-06
629504,1.39428e-06
629760,1.39428e-06
630016,1.39428e-06
630272,1.39428e-06
630528,1.39428e-06
630784,1.39428e-06
631040,1.39428e-06
631296,1.39428e-06
631552,1.39428e-06
631808,1.39428e-06
632064,1.39428e-06
632320,1.39428e-06
632576,1.39428e-06
632832,1.39428e-06
633088,1.39428e-06
633344,1.39428e-06
633600,1.39428e-06
633856,1.39428e-06
634112,1.39428e-06
634368,1.39428e-06
634624,1.39428e-06
634880,1.39428e-06
635136,1.39428e-06
635392,1.39428e-06
635648,1.39428e-06
635904,1.39428e-06
636160,1.39428e-06
636416,1.39428e-06
636672,1.39428e-06
636928,1.39428e-06
637184,1.39428e-06
637440,1.39428e-06
637696,1.39428e-06
637952,1.39428e-06
638208,1.39428e-06
638464,1.39428e-06
638720,1.39428e-06
638976,1.39428e-06
639232,1.39428e-06
639488,1.39428e-06
639744,1.39428e-06
640000,1.39428e-06
640256,1.39428e-06
640512,1.39428e-06
640768,1.39428e-06
641024,1.39428e-06
641280,1.39428e-06
641536,1.39428e-06
641792,1.39428e-06
642048,1.39428e-06
642304,1.39428e-06
642560,1.39428e-06
642816,1.39428e-06
643072,1.39428e-06
643328,1.39428e-06
643584,1.39428e-06
643840,1.39428e-06
644096,1.39428e-06
644352,1.39428e-06
644608,1.39428e-06
644864,1.39428e-06
645120,1.39428e-06
645376,1.39428e-06
645632,1.39428e-06
645888,1.39428e-06
646144,1.39428e-06
646400,1.39428e-06
646656,1.39428e-06
646912,1.39428e-06
647168,1.39428e-06
647424,1.39428e-06
647680,1.39428e-06
647936,1.39428e-06
648192,1.39428e-06
648448,1.39428e-06
648704,1.39428e-06
648960,1.39428e-06
649216,1.39428e-06
649472,1.39428e-06
649728,1.39428e-06
649984,1.39428e-06
650240,1.39428e-06
650496,1.39428e-06
650752,1.39428e-06
651008,1.39428e-06
651264,1.39428e-06
651520,1.39428e-06
651776,1.39428e-06
652032,1.39428e-06
652288,1.39428e-06
652544,1.39428e-06
652800,1.39428e-06
653056,1.39428e-06
653312,1.39428e-06
653568,1.39428e-06
653824,1.39428e-06
654080,1.39428e-06
654336,1.39428e-06
654592,1.39428e-06
654848,1.39428e-06
655104,1.39428e-06
655360,1.39428e-06
655616,1.39428e-06
655872,1.39428e-06
656128,1.39428e-06
656384,1.39428e-06
656640,1.39428e-06
656896,1.39428e-06
657152,1.39428e-06
657408,1.39428e-06
657664,1.39428e-06
657920,1.39428e-06
658176,1.39428e-06
658432,1.39428e-06
658688,1.39428e-06
658944,1.39428e-06
659200,1.39428e-06
659456,1.39428e-06
659712,1.39428e-06
659968,1.39428e-06
660224,1.39428e-06
660480,1.39428e-06
660736,1.39428e-06
660992,1.39428e-06
661248,1.39428e-06
661504,1.39428e-06
661760,1.39428e-06
662016,1.39428e-06
662272,1.39428e-06
662528,1.39428e-06
662784,1.39428e-06
663040,1.39428e-06
663296,1.39428e-06
663552,1.39428e-06
663808,1.39428e-06
664064,1.39428e-06
664320,1.39428e-06
664576,1.39428e-06
664832,1.39428e-06
665088,1.39428e-06
665344,1.39428e-06
665600,1.39428e-06
665856,1.39428e-06
666112,1.39428e-06
666368,1.39428e-06
666624,1.39428e-06
666880,1.39428e-06
667136,1.39428e-06
667392,1.39428e-06
667648,1.39428e-06
667904,1.39428e-06
668160,1.39428e-06
668416,1.39428e-06
668672,1.39428e-06
668928,1.39428e-06
669184,1.39428e-06
669440,1.39428e-06
669696,1.39428e-06
669952,1.39428e-06
670208,1.39428e-06
670464,1.39428e-06
670720,1.39428e-06
670976,1.39428e-06
671232,1.39428e-06
671488,1.39428e-06
671744,1.39428e-06
672000,1.39428e-06
672256,1.39428e-06
672512,1.39428e-06
672768,1.39428e-06
673024,1.39428e-06
673280,1.39428e-06
673536,1.39428e-06
673792,1.39428e-06
674048,1.39428e-06
674304,1.39428e-06
674560,1.39428e-06
674816,1.39428e-06
675072,1.39428e-06
675328,1.39428e-06
675584,1.39428e-06
675840,1.39428e-06
676096,1.39428e-06
676352,1.39428e-06
676608,1.39428e-06
676864,1.39428e-06
677120,1.39428e-06
677376,1.39428e-06
677632,1.39428e-06
677888,1.39428e-06
678144,1.39428e-06
678400,1.39428e-06
678656,1.39428e-06
678912,1.39428e-06
679168,1.39428e-06
679424,1.39428e-06
679680,1.39428e-06
679936,1.39428e-06
680192,1.39428e-06
680448,1.39428e-06
680704,1.39428e-06
680960,1.39428e-06
681216,1.39428e-06
681472,1.39428e-06
681728,1.39428e-06
681984,1.39428e-06
682240,1.39428e-06
682496,1.39428e-06
682752,1.39428e-06
683008,1.39428e-06
683264,1.39428e-06
683520,1.39428e-06
683776,1.39428e-06
684032,1.39428e-06
684288,1.39428e-06
684544,1.39428e-06
684800,1.39428e-06
685056,1.39428e-06
685312,1.39428e-06
685568,1.39428e-06
685824,1.39428e-06
686080,1.39428e-06
686336,1.39428e-06
686592,1.39428e-06
686848,1.39428e-06
687104,1.39428e-06
687360,1.39428e-06
687616,1.39428e-06
687872,1.39428e-06
688128,1.39428e-06
688384,1.39428e-06
688640,1.39428e-06
688896,1.39428e-06
689152,1.39428e-06
689408,1.39428e-06
689664,1.39428e-06
689920,1.39428e-06
690176,1.39428e-06
690432,1.39428e-06
690688,1.39428e-06
690944,1.39428e-06
691200,1.39428e-06
691456,1.39428e-06
691712,1.39428e-06
691968,1.39428e-06
692224,1.39428e-06
692480,1.39428e-06
692736,1.39428e-06
692992,1.39428e-06
693248,1.39428e-06
693504,1.39428e-06
693760,1.39428e-06
694016,1.39428e-06
694272,1.39428e-06
694528,1.39428e-06
694784,1.39428e-06
695040,1.39428e-06
695296,1.39428e-06
695552,1.39428e-06
695808,1.39428e-06
696064,1.39428e-06
696320,1.39428e-06
696576,1.39428e-06
696832,1.39428e-06
697088,1.39428e-06
697344,1.39428e-06
697600,1.39428e-06
697856,1.39428e-06
698112,1.39428e-06
698368,1.39428e-06
698624,1.39428e-06
698880,1.39428e-06
699136,1.39428e-06
699392,1.39428e-06
699648,1.39428e-06
699904,1.39428e-06
700160,1.39428e-06
700416,1.39428e-06
700672,1.39428e-06
700928,1.39428e-06
701184,1.39428e-06
701440,1.39428e-06
701696,1.39428e-06
701952,1.39428e-06
702208,1.39428e-06
702464,1.39428e-06
702720,1.39428e-06
702976,1.39428e-06
703232,1.39428e-06
703488,1.39428e-06
703744,1.39428e-06
704000,1.39428e-06
704256,1.39428e-06
704512,1.39428e-06
704768,1.39428e-06
705024,1.39428e-06
705280,1.39428e-06
705536,1.39428e-06
705792,1.39428e-06
706048,1.39428e-06
706304,1.39428e-06
706560,1.39428e-06
706816,1.39428e-06
707072,1.39428e-06
707328,1.39428e-06
707584,1.39428e-06
707840,1.39428e-06
708096,1.39428e-06
708352,1.39428e-06
708608,1.39428e-06
708864,1.39428e-06
709120,1.39428e-06
709376,1.39428e-06
709632,1.39428e-06
709888,1.39428e-06
710144,1.39428e-06
710400,1.39428e-06
710656,1.39428e-06
710912,1.39428e-06
711168,1.39428e-06
711424,1.39428e-06
711680,1.39428e-06
711936,1.39428e-06
712192,1.39428e-06
712448,1.39428e-06
712704,1.39428e-06
712960,1.39428e-06
713216,1.39428e-06
713472,1.39428e-06
713728,1.39428e-06
713984,1.39428e-06
714240,1.39428e-06
714496,1.39428e-06
714752,1.39428e-06
715008,1.39428e-06
715264,1.39428e-06
715520,1.39428e-06
715776,1.39428e-06
716032,1.39428e-06
716288,1.39428e-06
716544,1.39428e-06
716800,1.39428e-06
717056,1.39428e-06
717312,1.39428e-06
717568,1.39428e-06
717824,1.39428e-06
718080,1.39428e-06
718336,1.39428e-06
718592,1.39428e-06
718848,1.39428e-06
719104,1.39428e-06
719360,1.39428e-06
719616,1.39428e-06
719872,1.39428e-06
720128,1.39428e-06
720384,1.39428e-06
720640,1.39428e-06
720896,1.39428e-06
721152,1.39428e-06
721408,1.39428e-06
721664,1.39428e-06
721920,1.39428e-06
722176,1.39428e-06
722432,1.39428e-06
722688,1.39428e-06
722944,1.39428e-06
723200,1.39428e-06
723456,1.39428e-06
723712,1.39428e-06
723968,1.39428e-06
724224,1.39428e-06
724480,1.39428e-06
724736,1.39428e-06
724992,1.39428e-06
725248,1.39428e-06
725504,1.39428e-06
725760,1.39428e-06
726016,1.39428e-06
726272,1.39428e-06
726528,1.39428e-06
726784,1.39428e-06
727040,1.39428e-06
727296,1.39428e-06
727552,1.39428e-06
727808,1.39428e-06
728064,1.39428e-06
728320,1.39428e-06
728576,1.39428e-06
728832,1.39428e-06
729088,1.39428e-06
729344,1.39428e-06
729600,1.39428e-06
729856,1.39428e-06
730112,1.39428e-06
730368,1.39428e-06
730624,1.39428e-06
730880,1.39428e-06
731136,1.39428e-06
731392,1.39428e-06
731648,1.39428e-06
731904,1.39428e-06
732160,1.39428e-06
732416,1.39428e-06
732672,1.39428e-06
732928,1.39428e-06
733184,1.39428e-06
733440,1.39428e-06
733696,1.39428e-06
733952,1.39428e-06
734208,1.39428e-06
734464,1.39428e-06
734720,1.39428e-06
734976,1.39428e-06
735232,1.39428e-06
735488,1.39428e-06
735744,1.39428e-06
736000,1.39428e-06
736256,1.39428e-06
736512,1.39428e-06
736768,1.39428e-06
737024,1.39428e-06
737280,1.39428e-06
737536,1.39428e-06
737792,1.39428e-06
738048,1.39428e-06
738304,1.39428e-06
738560,1.39428e-06
738816,1.39428e-06
739072,1.39428e-06
739328,1.39428e-06
739584,1.39428e-06
739840,1.39428e-06
740096,1.39428e-06
740352,1.39428e-06
740608,1.39428e-06
740864,1.39428e-06
741120,1.39428e-06
741376,1.39428e-06
741632,1.39428e-06
741888,1.39428e-06
742144,1.39428e-06
742400,1.39428e-06
742656,1.39428e-06
742912,1.39428e-06
743168,1.39428e-06
743424,1.39428e-06
743680,1.39428e-06
743936,1.39428e-06
744192,1.39428e-06
744448,1.39428e-06
744704,1.39428e-06
744960,1.39428e-06
745216,1.39428e-06
745472,1.39428e-06
745728,1.39428e-06
745984,1.39428e-06
746240,1.39428e-06
746496,1.39428e-06
746752,1.39428e-06
747008,1.39428e-06
747264,1.39428e-06
747520,1.39428e-06
747776,1.39428e-06
748032,1.39428e-06
748288,1.39428e-06
748544,1.39428e-06
748800,1.39428e-06
749056,1.39428e-06
749312,1.39428e-06
749568,1.39428e-06
749824,1.39428e-06
750080,1.39428e-06
750336,1.39428e-06
750592,1.39428e-06
750848,1.39428e-06
751104,1.39428e-06
751360,1.39428e-06
751616,1.39428e-06
751872,1.39428e-06
752128,1.39428e-06
752384,1.39428e-06
752640,1.39428e-06
752896,1.39428e-06
753152,1.39428e-06
753408,1.39428e-06
753664,1.39428e-06
753920,1.39428e-06
754176,1.39428e-06
754432,1.39428e-06
754688,1.39428e-06
754944,1.39428e-06
755200,1.39428e-06
755456,1.39428e-06
755712,1.39428e-06
755968,1.39428e-06
756224,1.39428e-06
756480,1.39428e-06
756736,1.39428e-06
756992,1.39428e-06
757248,1.39428e-06
757504,1.39428e-06
757760,1.39428e-06
758016,1.39428e-06
758272,1.39428e-06
758528,1.39428e-06
758784,1.39428e-06
759040,1.39428e-06
759296,1.39428e-06
759552,1.39428e-06
759808,1.39428e-06
760064,1.39428e-06
760320,1.39428e-06
760576,1.39428e-06
760832,1.39428e-06
761088,1.39428e-06
761344,1.39428e-06
761600,1.39428e-06
761856,1.39428e-06
762112,1.39428e-06
762368,1.39428e-06
762624,1.39428e-06
762880,1.39428e-06
763136,1.39428e-06
763392,1.39428e-06
763648,1.39428e-06
763904,1.39428e-06
764160,1.39428e-06
764416,1.39428e-06
764672,1.39428e-06
764928,1.39428e-06
765184,1.39428e-06
765440,1.39428e-06
765696,1.39428e-06
765952,1.39428e-06
766208,1.39428e-06
766464,1.39428e-06
766720,1.39428e-06
766976,1.39428e-06
767232,1.39428e-06
767488,1.39428e-06
767744,1.39428e-06
768000,1.39428e-06
768256,1.39428e-06
768512,1.39428e-06
768768,1.39428e-06
769024,1.39428e-06
769280,1.39428e-06
769536,1.39428e-06
769792,1.39428e-06
770048,1.39428e-06
770304,1.39428e-06
770560,1.39428e-06
770816,1.39428e-06
771072,1.39428e-06
771328,1.39428e-06
771584,1.39428e-06
771840,1.39428e-06
772096,1.39428e-06
772352,1.39428e-06
772608,1.39428e-06
772864,1.39428e-06
773120,1.39428e-06
773376,1.39428e-06
773632,1.39428e-06
773888,1.39428e-06
774144,1.39428e-06
774400,1.39428e-06
774656,1.39428e-06
774912,1.39428e-06
775168,1.39428e-06
775424,1.39428e-06
775680,1.39428e-06
775936,1.39428e-06
776192,1.39428e-06
776448,1.39428e-06
776704,1.39428e-06
776960,1.39428e-06
777216,1.39428e-06
777472,1.39428e-06
777728,1.39428e-06
777984,1.39428e-06
778240,1.39428e-06
778496,1.39428e-06
778752,1.39428e-06
779008,1.39428e-06
779264,1.39428e-06
779520,1.39428e-06
779776,1.39428e-06
