cache_lines,MRC
256,0.0290572
512,0.0191546
768,0.0159666
1024,0.0134032
1280,0.0118282
1536,0.0104117
1792,0.00943916
2048,0.00870887
2304,0.00813966
2560,0.0075913
2816,0.00710065
3072,0.00670264
3328,0.00636154
3584,0.00606659
3840,0.00583726
4096,0.00561969
4352,0.00543016
4608,0.00527905
4864,0.00513391
5120,0.00499023
5376,0.00486862
5632,0.00475158
5888,0.00464158
6144,0.00453934
6400,0.00444249
6656,0.00434773
6912,0.00426911
7168,0.00419056
7424,0.00411304
7680,0.00403962
7936,0.00396725
8192,0.00389453
8448,0.00382952
8704,0.00377122
8960,0.00370679
9216,0.00364526
9472,0.00358766
9728,0.00353679
9984,0.00348046
10240,0.00343125
10496,0.00338264
10752,0.00333659
11008,0.00329407
11264,0.00325619
11520,0.00322283
11776,0.00287263
12032,0.00261975
12288,0.00257584
12544,0.00253615
12800,0.00250209
13056,0.00247509
13312,0.0024454
13568,0.00242095
13824,0.00239242
14080,0.00237071
14336,0.00234414
14592,0.00231996
14848,0.00229481
15104,0.00227378
15360,0.00225505
15616,0.0022347
15872,0.00221771
16128,0.00220302
16384,0.00218507
16640,0.00217249
16896,0.0021569
17152,0.00213966
17408,0.00212592
17664,0.00211597
17920,0.00210214
18176,0.00208656
18432,0.0020747
18688,0.00206588
18944,0.00205726
19200,0.00204894
19456,0.00204001
19712,0.00203137
19968,0.00202121
20224,0.00201476
20480,0.00200448
20736,0.00199687
20992,0.00198945
21248,0.00198172
21504,0.00197455
21760,0.0019657
22016,0.0019595
22272,0.00195327
22528,0.00194716
22784,0.00193947
23040,0.00193396
23296,0.001928
23552,0.00192095
23808,0.00191557
24064,0.00191025
24320,0.00190569
24576,0.00190248
24832,0.00189641
25088,0.00189237
25344,0.00188724
25600,0.00188281
25856,0.00187625
26112,0.00187191
26368,0.00186733
26624,0.00186195
26880,0.00185821
27136,0.00185458
27392,0.00185018
27648,0.00184659
27904,0.00183977
28160,0.00183641
28416,0.00183211
28672,0.00182907
28928,0.00182534
29184,0.00182032
29440,0.00181764
29696,0.0018143
29952,0.0018101
30208,0.00180558
30464,0.00180198
30720,0.00179787
30976,0.00179358
31232,0.00178969
31488,0.00178637
31744,0.00178445
32000,0.00178048
32256,0.0017767
32512,0.00177353
32768,0.00176918
33024,0.00176554
33280,0.00176199
33536,0.00175918
33792,0.00175576
34048,0.00175292
34304,0.00174935
34560,0.00174658
34816,0.00174386
35072,0.00174132
35328,0.00173655
35584,0.0017333
35840,0.00173127
36096,0.00172943
36352,0.00172693
36608,0.00172359
36864,0.00172141
37120,0.00171806
37376,0.00171451
37632,0.00171286
37888,0.00171046
38144,0.00170813
38400,0.00170597
38656,0.00170315
38912,0.00170118
39168,0.00169776
39424,0.00169484
39680,0.00169194
39936,0.00169035
40192,0.00168881
40448,0.00168555
40704,0.00168299
40960,0.0016813
41216,0.00167992
41472,0.00167764
41728,0.00167512
41984,0.00167246
42240,0.0016712
42496,0.00166946
42752,0.00166664
43008,0.00166276
43264,0.00166047
43520,0.00165755
43776,0.001656
44032,0.00165389
44288,0.00165193
44544,0.00165064
44800,0.00164831
45056,0.0016463
45312,0.00164405
45568,0.00164255
45824,0.00164109
46080,0.00163859
46336,0.00163583
46592,0.00163246
46848,0.0016312
47104,0.00163035
47360,0.00162904
47616,0.00162736
47872,0.00162556
48128,0.00162445
48384,0.00162242
48640,0.00162115
48896,0.00161983
49152,0.00161748
49408,0.00161587
49664,0.00161478
49920,0.00161298
50176,0.00161109
50432,0.00160941
50688,0.00160758
50944,0.00160563
51200,0.0016027
51456,0.00160051
51712,0.00159833
51968,0.00159645
52224,0.00159416
52480,0.00159296
52736,0.00159178
52992,0.00159024
53248,0.00158854
53504,0.00158704
53760,0.00158581
54016,0.00158464
54272,0.00158314
54528,0.00158183
54784,0.00157992
55040,0.0015782
55296,0.00157638
55552,0.00157461
55808,0.00157379
56064,0.001572
56320,0.00157079
56576,0.00156895
56832,0.00156698
57088,0.00156388
57344,0.00156164
57600,0.00155981
57856,0.00155914
58112,0.0015571
58368,0.00155621
58624,0.00154967
58880,0.00154728
59136,0.00154492
59392,0.00154385
59648,0.0015418
59904,0.00154006
60160,0.00153863
60416,0.00153512
60672,0.00153378
60928,0.00153269
61184,0.00153173
61440,0.00153033
61696,0.0015285
61952,0.0015274
62208,0.00152627
62464,0.0015245
62720,0.0015229
62976,0.00152205
63232,0.00152102
63488,0.00152015
63744,0.00151923
64000,0.00151747
64256,0.00151494
64512,0.00151232
64768,0.00151005
65024,0.00150905
65280,0.00150824
65536,0.00150686
65792,0.00150417
66048,0.00150282
66304,0.00150122
66560,0.0014995
66816,0.00149791
67072,0.00149644
67328,0.00149502
67584,0.00149279
67840,0.00149097
68096,0.00148964
68352,0.00148814
68608,0.00148651
68864,0.00148473
69120,0.00148328
69376,0.00148281
69632,0.00148202
69888,0.00147995
70144,0.00147831
70400,0.00147642
70656,0.00147482
70912,0.00147247
71168,0.00147151
71424,0.00146962
71680,0.001468
71936,0.00146624
72192,0.00146543
72448,0.00146394
72704,0.00146299
72960,0.00146204
73216,0.00146048
73472,0.00145952
73728,0.0014583
73984,0.00145578
74240,0.00145427
74496,0.00145279
74752,0.00145188
75008,0.0014504
75264,0.00144855
75520,0.00144717
75776,0.00144553
76032,0.00144414
76288,0.00144226
76544,0.00144096
76800,0.00143983
77056,0.00143887
77312,0.00143756
77568,0.00143654
77824,0.00143573
78080,0.00143473
78336,0.00143343
78592,0.00143224
78848,0.0014307
79104,0.00142917
79360,0.00142878
79616,0.00142802
79872,0.00142692
80128,0.00142565
80384,0.00142473
80640,0.00142403
80896,0.00142334
81152,0.00142239
81408,0.00142073
81664,0.00141965
81920,0.00141905
82176,0.00141793
82432,0.00141681
82688,0.00141623
82944,0.00141524
83200,0.00141404
83456,0.00141263
83712,0.0014114
83968,0.00141053
84224,0.00140956
84480,0.00140924
84736,0.00140844
84992,0.00140732
85248,0.00140155
85504,0.00139979
85760,0.00139889
86016,0.00139584
86272,0.00139038
86528,0.00138838
86784,0.00138723
87040,0.00138649
87296,0.00138547
87552,0.00138469
87808,0.00138366
88064,0.00137984
88320,0.00137787
88576,0.00137584
88832,0.00137476
89088,0.0013733
89344,0.00137127
89600,0.00136887
89856,0.00136736
90112,0.00136595
90368,0.00136557
90624,0.00136516
90880,0.00136475
91136,0.00136343
91392,0.0013612
91648,0.0013605
91904,0.00135882
92160,0.00135765
92416,0.00135605
92672,0.001354
92928,0.00135285
93184,0.00135167
93440,0.00135081
93696,0.00134919
93952,0.00134843
94208,0.00134743
94464,0.00134645
94720,0.00134563
94976,0.00134457
95232,0.00134351
95488,0.00134231
95744,0.0013417
96000,0.00134041
96256,0.00133979
96512,0.00133881
96768,0.00133774
97024,0.00133707
97280,0.00133391
97536,0.00133059
97792,0.00132949
98048,0.00132841
98304,0.00132762
98560,0.00132643
98816,0.0013257
99072,0.0013248
99328,0.00132411
99584,0.00132351
99840,0.00132296
100096,0.00132222
100352,0.00131597
100608,0.00131404
100864,0.00131331
101120,0.00131163
101376,0.00131057
101632,0.00130966
101888,0.0013085
102144,0.00130723
102400,0.0013063
102656,0.00130533
102912,0.00130425
103168,0.00130297
103424,0.00130198
103680,0.00129972
103936,0.00129841
104192,0.0012978
104448,0.00129688
104704,0.00129561
104960,0.00129518
105216,0.00129448
105472,0.0012939
105728,0.00129311
105984,0.00129232
106240,0.00129147
106496,0.00129078
106752,0.00128898
107008,0.00128795
107264,0.00128718
107520,0.00128631
107776,0.00128569
108032,0.00128512
108288,0.00128385
108544,0.0012826
108800,0.00128184
109056,0.00128087
109312,0.00127981
109568,0.00127859
109824,0.00127246
110080,0.00127142
110336,0.00127039
110592,0.00126988
110848,0.00126913
111104,0.00126838
111360,0.00126744
111616,0.00126635
111872,0.00126544
112128,0.00126371
112384,0.00126338
112640,0.0012629
112896,0.00126169
113152,0.00126074
113408,0.00125967
113664,0.00125819
113920,0.00125803
114176,0.0012575
114432,0.00125679
114688,0.00125607
114944,0.0012556
115200,0.0012541
115456,0.00125332
115712,0.00125278
115968,0.0012518
116224,0.00125037
116480,0.00124944
116736,0.0012484
116992,0.00124724
117248,0.00124645
117504,0.0012455
117760,0.00124367
118016,0.00124183
118272,0.00124059
118528,0.00123963
118784,0.00123867
119040,0.00123493
119296,0.00123106
119552,0.00123073
119808,0.00123041
120064,0.00122917
120320,0.00122816
120576,0.00122742
120832,0.00122644
121088,0.00122531
121344,0.00122468
121600,0.00122394
121856,0.00122283
122112,0.00122129
122368,0.00121607
122624,0.00121376
122880,0.00121263
123136,0.00121186
123392,0.00121121
123648,0.00121055
123904,0.00120963
124160,0.00120855
124416,0.00120762
124672,0.00120708
124928,0.00120609
125184,0.0012051
125440,0.00120442
125696,0.0012038
125952,0.00120292
126208,0.00120177
126464,0.00120076
126720,0.0012
126976,0.00119926
127232,0.00119851
127488,0.00119801
127744,0.00119685
128000,0.00119542
128256,0.0011943
128512,0.00119347
128768,0.00119268
129024,0.00119218
129280,0.00119168
129536,0.00119061
129792,0.00118966
130048,0.00118904
130304,0.00118792
130560,0.00118205
130816,0.00118027
131072,0.00117963
131328,0.00117899
131584,0.00117818
131840,0.0011775
132096,0.00117534
132352,0.00117406
132608,0.00117324
132864,0.00117225
133120,0.00117075
133376,0.00116939
133632,0.00116886
133888,0.00116809
134144,0.00116684
134400,0.00116564
134656,0.00116493
134912,0.00116407
135168,0.00115997
135424,0.00115892
135680,0.00115815
135936,0.00115704
136192,0.00115588
136448,0.00115483
136704,0.00115345
136960,0.00115192
137216,0.00115049
137472,0.00114681
137728,0.00114251
137984,0.00114094
138240,0.00114009
138496,0.00114009
138752,0.00113949
139008,0.00113903
139264,0.0011385
139520,0.00113768
139776,0.00113654
140032,0.00113496
140288,0.00113303
140544,0.00113231
140800,0.00113179
141056,0.00113126
141312,0.0011306
141568,0.0011298
141824,0.00112925
142080,0.00112837
142336,0.00112749
142592,0.00112594
142848,0.00112471
143104,0.00112221
143360,0.00111778
143616,0.00111395
143872,0.00111313
144128,0.00110831
144384,0.00110681
144640,0.00110627
144896,0.00110502
145152,0.00110375
145408,0.0011029
145664,0.00110054
145920,0.00109438
146176,0.00109274
146432,0.001092
146688,0.00109096
146944,0.00108535
147200,0.00108171
147456,0.00108044
147712,0.00107937
147968,0.0010782
148224,0.0010772
148480,0.00107588
148736,0.00107441
148992,0.00107349
149248,0.00107273
149504,0.00106958
149760,0.00106746
150016,0.00106586
150272,0.00106477
150528,0.00106413
150784,0.00106352
151040,0.001063
151296,0.00106187
151552,0.00105997
151808,0.00105978
152064,0.00105903
152320,0.00105777
152576,0.00105755
152832,0.00105656
153088,0.00105487
153344,0.00105376
153600,0.001053
153856,0.00105222
154112,0.00105159
154368,0.00105089
154624,0.00105032
154880,0.00104973
155136,0.00104895
155392,0.00104782
155648,0.00104742
155904,0.00104721
156160,0.00104686
156416,0.00104663
156672,0.00104618
156928,0.00104538
157184,0.00104463
157440,0.00104379
157696,0.00104265
157952,0.00104157
158208,0.00104067
158464,0.00103971
158720,0.00103813
158976,0.00103733
159232,0.00103618
159488,0.00103483
159744,0.00103294
160000,0.00103205
160256,0.00103145
160512,0.00103041
160768,0.00102926
161024,0.00102483
161280,0.00102222
161536,0.00102152
161792,0.00102074
162048,0.00102006
162304,0.00101948
162560,0.00101866
162816,0.00101763
163072,0.00101678
163328,0.00101565
163584,0.00101417
163840,0.00101311
164096,0.00101253
164352,0.00101199
164608,0.0010117
164864,0.00101056
165120,0.00100997
165376,0.00100958
165632,0.00100918
165888,0.00100823
166144,0.00100761
166400,0.00100667
166656,0.00100197
166912,0.00100038
167168,0.000999742
167424,0.0009993
167680,0.000998903
167936,0.00099836
168192,0.000994098
168448,0.000991739
168704,0.000990938
168960,0.000989872
169216,0.000988668
169472,0.000987843
169728,0.000987365
169984,0.000986718
170240,0.000985913
170496,0.00098487
170752,0.000983777
171008,0.000983229
171264,0.000982113
171520,0.000980859
171776,0.000980274
172032,0.000979869
172288,0.000979352
172544,0.000978412
172800,0.000977746
173056,0.000977322
173312,0.000976273
173568,0.000974958
173824,0.000973847
174080,0.000973383
174336,0.000972375
174592,0.000970875
174848,0.000969762
175104,0.000965951
175360,0.000963184
175616,0.000962772
175872,0.00096236
176128,0.000961819
176384,0.000961331
176640,0.000960247
176896,0.000959074
177152,0.000958463
177408,0.00095703
177664,0.000956061
177920,0.000955746
178176,0.000955221
178432,0.000954924
178688,0.000953708
178944,0.000952423
179200,0.000950993
179456,0.000950634
179712,0.000949288
179968,0.000948605
180224,0.000947977
180480,0.00094692
180736,0.000945307
180992,0.000944851
181248,0.000944035
181504,0.000943467
181760,0.00094314
182016,0.000942252
182272,0.000941198
182528,0.000940265
182784,0.000939493
183040,0.000936341
183296,0.000931883
183552,0.000931107
183808,0.000930574
184064,0.000929583
184320,0.00092881
184576,0.00092852
184832,0.000928455
185088,0.00092766
185344,0.00092659
185600,0.000926151
185856,0.000925829
186112,0.000922456
186368,0.000919072
186624,0.000918532
186880,0.000917896
187136,0.000916814
187392,0.000915795
187648,0.000914928
187904,0.000914197
188160,0.000913654
188416,0.000913051
188672,0.000912398
188928,0.000911597
189184,0.000910725
189440,0.000909586
189696,0.000908384
189952,0.000907703
190208,0.000907057
190464,0.00090651
190720,0.00090591
190976,0.000905143
191232,0.000904501
191488,0.000904062
191744,0.000903447
192000,0.000902678
192256,0.000901757
192512,0.000900766
192768,0.000899682
193024,0.000898578
193280,0.000897802
193536,0.000896959
193792,0.000895741
194048,0.000893669
194304,0.000889773
194560,0.000887354
194816,0.000886458
195072,0.000885638
195328,0.000884853
195584,0.000884358
195840,0.000883897
196096,0.000883223
196352,0.000882466
196608,0.000881453
196864,0.000880587
197120,0.000879911
197376,0.000879377
197632,0.000878926
197888,0.000878285
198144,0.00087759
198400,0.000876459
198656,0.00087538
198912,0.000874472
199168,0.000873768
199424,0.000873313
199680,0.000872333
199936,0.00087108
200192,0.000868028
200448,0.000864905
200704,0.000863641
200960,0.000862414
201216,0.000861262
201472,0.000860109
201728,0.000858954
201984,0.000858168
202240,0.000857443
202496,0.000856053
202752,0.000854728
203008,0.000853566
203264,0.000852591
203520,0.000851776
203776,0.000851052
204032,0.000850358
204288,0.000849775
204544,0.000849117
204800,0.000848299
205056,0.000846671
205312,0.000844441
205568,0.000843295
205824,0.000842339
206080,0.000841278
206336,0.000840308
206592,0.00083948
206848,0.000838335
207104,0.000837031
207360,0.000832431
207616,0.000828631
207872,0.000827792
208128,0.000826621
208384,0.000825178
208640,0.000823941
208896,0.000822819
209152,0.000822095
209408,0.000821015
209664,0.000819563
209920,0.000818501
210176,0.000817594
210432,0.000817109
210688,0.000816399
210944,0.000815426
211200,0.000814644
211456,0.000813941
211712,0.000813453
211968,0.000813076
212224,0.000812831
212480,0.000812491
212736,0.000811957
212992,0.000810244
213248,0.000808982
213504,0.000808246
213760,0.00080731
214016,0.000806402
214272,0.000805909
214528,0.000805044
214784,0.00080381
215040,0.000802786
215296,0.00080177
215552,0.000800655
215808,0.000799609
216064,0.000798615
216320,0.000797388
216576,0.000796254
216832,0.000795381
217088,0.000794842
217344,0.000794446
217600,0.000793571
217856,0.000792799
218112,0.000792173
218368,0.000791347
218624,0.000790533
218880,0.000790031
219136,0.000789459
219392,0.00078883
219648,0.0007882
219904,0.000787529
220160,0.000786773
220416,0.000786015
220672,0.000785283
220928,0.000784777
221184,0.000784021
221440,0.000783007
221696,0.000781992
221952,0.000781159
222208,0.000780778
222464,0.000780046
222720,0.000779155
222976,0.000778262
223232,0.000777623
223488,0.000777239
223744,0.00077651
224000,0.000775381
224256,0.000773458
224512,0.000772466
224768,0.000771823
225024,0.00077118
225280,0.00077039
225536,0.000769488
225792,0.000768967
226048,0.000768664
226304,0.000768664
226560,0.000767905
226816,0.000767034
227072,0.000766257
227328,0.000765751
227584,0.000765295
227840,0.000764387
228096,0.00076355
228352,0.00076277
228608,0.000761598
228864,0.000760539
229120,0.000759624
229376,0.000756167
229632,0.000753402
229888,0.000752743
230144,0.000751874
230400,0.000751082
230656,0.000750685
230912,0.000750006
231168,0.000749188
231424,0.00074826
231680,0.000747331
231936,0.000746385
232192,0.000745321
232448,0.000744176
232704,0.000743
232960,0.000742197
233216,0.000741757
233472,0.000741611
233728,0.000740942
233984,0.000740407
234240,0.000740004
234496,0.000739071
234752,0.000738449
235008,0.00073818
235264,0.000737264
235520,0.00073626
235776,0.00073518
236032,0.000734099
236288,0.000733315
236544,0.000732909
236800,0.000732375
237056,0.000731952
237312,0.000731681
237568,0.000731282
237824,0.000730814
238080,0.000730271
238336,0.000729341
238592,0.000728511
238848,0.000727829
239104,0.000727016
239360,0.000724907
239616,0.000721338
239872,0.000720752
240128,0.00072006
240384,0.000719237
240640,0.000718547
240896,0.000717386
241152,0.000715863
241408,0.000714336
241664,0.000713158
241920,0.000712231
242176,0.000711534
242432,0.000711036
242688,0.000710472
242944,0.000709494
243200,0.000708175
243456,0.000707269
243712,0.000707269
243968,0.000706633
244224,0.000705737
244480,0.000704617
244736,0.000703912
244992,0.000703045
245248,0.000702131
245504,0.000701707
245760,0.000701184
246016,0.000700581
246272,0.000699872
246528,0.000698928
246784,0.000698212
247040,0.000697928
247296,0.000697644
247552,0.000697359
247808,0.000697059
248064,0.000696632
248320,0.000696204
248576,0.00069574
248832,0.000695169
249088,0.000693887
249344,0.000692922
249600,0.000692635
249856,0.00069022
250112,0.000688432
250368,0.000687228
250624,0.000686505
250880,0.000685672
251136,0.000684854
251392,0.000684129
251648,0.000682574
251904,0.000681536
252160,0.000681021
252416,0.000680875
252672,0.000680507
252928,0.000679908
253184,0.000679032
253440,0.000678583
253696,0.0006778
253952,0.000676745
254208,0.000675571
254464,0.000671395
254720,0.000668578
254976,0.000668399
255232,0.000667805
255488,0.000667106
255744,0.000666014
256000,0.000664223
256256,0.000663154
256512,0.000662472
256768,0.000661908
257024,0.000661007
257280,0.000660376
257536,0.000659775
257792,0.000659113
258048,0.000658209
258304,0.000657944
258560,0.000657566
258816,0.000656939
259072,0.000656183
259328,0.000655549
259584,0.000654872
259840,0.000654133
260096,0.000653525
260352,0.000653157
260608,0.000652784
260864,0.000652328
261120,0.000651871
261376,0.000651533
261632,0.00065116
261888,0.00065067
262144,0.000649906
262400,0.000649499
262656,0.000648783
262912,0.000647612
263168,0.000646845
263424,0.000646078
263680,0.000645526
263936,0.000645173
264192,0.000644557
264448,0.000644068
264704,0.000643449
264960,0.000642648
265216,0.00064172
265472,0.000640656
265728,0.000639832
265984,0.000639172
266240,0.000638395
266496,0.00063747
266752,0.000636834
267008,0.000636314
267264,0.000635665
267520,0.000634258
267776,0.000633077
268032,0.000632183
268288,0.000631489
268544,0.000630388
268800,0.000629819
269056,0.000629258
269312,0.000628669
269568,0.000628196
269824,0.000627721
270080,0.000626916
270336,0.000626096
270592,0.00062542
270848,0.000624467
271104,0.000623513
271360,0.000622831
271616,0.000621451
271872,0.000617987
272128,0.000616701
272384,0.000615658
272640,0.000614771
272896,0.000613924
273152,0.000612953
273408,0.00061182
273664,0.000610803
273920,0.00060967
274176,0.000608518
274432,0.000607865
274688,0.000607212
274944,0.000606558
275200,0.000605821
275456,0.000604958
275712,0.000603991
275968,0.000603827
276224,0.000603275
276480,0.000602525
276736,0.000601597
276992,0.000600511
277248,0.00060018
277504,0.000599283
277760,0.000598496
278016,0.000598099
278272,0.000597894
278528,0.000596731
278784,0.000596041
279040,0.000594886
279296,0.000593979
279552,0.000593527
279808,0.000593179
280064,0.000592677
280320,0.000592174
280576,0.000591451
280832,0.000590761
281088,0.000590256
281344,0.00058976
281600,0.000589592
281856,0.000588459
282112,0.000587315
282368,0.000586369
282624,0.000585451
282880,0.00058427
283136,0.00058376
283392,0.000582834
283648,0.000581811
283904,0.000580823
284160,0.000579882
284416,0.000578989
284672,0.000578989
284928,0.000578989
285184,0.00057823
285440,0.000577113
285696,0.000576048
285952,0.0005751
286208,0.00057415
286464,0.000573281
286720,0.000572415
286976,0.000570804
287232,0.000568713
287488,0.000566931
287744,0.000565967
288000,0.000565001
288256,0.000564372
288512,0.000563756
288768,0.000562911
289024,0.00056194
289280,0.000561089
289536,0.00056047
289792,0.000559828
290048,0.000558763
290304,0.000557697
290560,0.000556899
290816,0.000556185
291072,0.000555556
291328,0.00055502
291584,0.000554502
291840,0.000554054
292096,0.000553606
292352,0.000552905
292608,0.000552187
292864,0.000551286
293120,0.000550295
293376,0.000549038
293632,0.000547409
293888,0.000545618
294144,0.000543065
294400,0.0005405
294656,0.000539057
294912,0.000537674
295168,0.000536288
295424,0.000534898
295680,0.000533758
295936,0.000532827
296192,0.000532029
296448,0.000531469
296704,0.000530823
296960,0.000529793
297216,0.000528772
297472,0.00052849
297728,0.000528208
297984,0.000527926
298240,0.000527644
298496,0.000527426
298752,0.000527238
299008,0.000526802
299264,0.000526142
299520,0.000525446
299776,0.00052469
300032,0.00052385
300288,0.000522711
300544,0.000521593
300800,0.000520736
301056,0.000519877
301312,0.000519289
301568,0.000518715
301824,0.000518219
302080,0.00051774
302336,0.000516658
302592,0.000515312
302848,0.000514186
303104,0.00051322
303360,0.000512391
303616,0.000511713
303872,0.000510441
304128,0.0005082
304384,0.0005056
304640,0.000502153
304896,0.000499243
305152,0.000498148
305408,0.000497129
305664,0.000496429
305920,0.000495761
306176,0.00049526
306432,0.000494719
306688,0.000493916
306944,0.000493177
307200,0.000492975
307456,0.000492703
307712,0.000491694
307968,0.000490729
308224,0.000490324
308480,0.000489746
308736,0.000486696
308992,0.000483664
309248,0.000481091
309504,0.000478692
309760,0.000477966
310016,0.000477032
310272,0.000474842
310528,0.000473011
310784,0.000472696
311040,0.000472272
311296,0.000471536
311552,0.000470798
311808,0.00047006
312064,0.000469362
312320,0.000468727
312576,0.000468193
312832,0.000467769
313088,0.000467285
313344,0.000466753
313600,0.00046629
313856,0.000465864
314112,0.000465122
314368,0.000464268
314624,0.00046368
314880,0.000463145
315136,0.000462508
315392,0.000461859
315648,0.000461107
315904,0.000460352
316160,0.000459597
316416,0.000458811
316672,0.000457945
316928,0.000457077
317184,0.000456208
317440,0.000455564
317696,0.000455128
317952,0.000454835
318208,0.000454617
318464,0.000453269
318720,0.000451623
318976,0.0004508
319232,0.000449784
319488,0.00044635
319744,0.000443593
320000,0.000442809
320256,0.00044132
320512,0.000438952
320768,0.000437887
321024,0.000437546
321280,0.000436916
321536,0.000436241
321792,0.000435672
322048,0.000435259
322304,0.000435259
322560,0.000434865
322816,0.000434066
323072,0.000433428
323328,0.000432855
323584,0.00043185
323840,0.000430931
324096,0.000430586
324352,0.000429304
324608,0.000426637
324864,0.000425248
325120,0.000424547
325376,0.000421814
325632,0.000419121
325888,0.000417579
326144,0.000416311
326400,0.000415356
326656,0.000414858
326912,0.000414459
327168,0.0004135
327424,0.000412448
327680,0.000411243
327936,0.000410615
328192,0.000410251
328448,0.000409524
328704,0.000408797
328960,0.000408067
329216,0.000405343
329472,0.000401529
329728,0.000401019
329984,0.000400262
330240,0.00039902
330496,0.000395625
330752,0.00039168
331008,0.000390919
331264,0.000389653
331520,0.000387866
331776,0.000386995
332032,0.000386266
332288,0.000385623
332544,0.0003846
332800,0.000383127
333056,0.000380005
333312,0.000378115
333568,0.000377097
333824,0.000376702
334080,0.000375838
334336,0.000374515
334592,0.00037396
334848,0.000373429
335104,0.000372897
335360,0.000371758
335616,0.000370709
335872,0.000369905
336128,0.000366525
336384,0.000363907
336640,0.000363361
336896,0.000360173
337152,0.000357235
337408,0.000355285
337664,0.000354506
337920,0.000353465
338176,0.000352095
338432,0.000351672
338688,0.000349644
338944,0.000346839
339200,0.000345692
339456,0.000344434
339712,0.000343281
339968,0.000342412
340224,0.000341541
340480,0.000339348
340736,0.000336372
340992,0.000335781
341248,0.000334734
341504,0.0003339
341760,0.000333576
342016,0.000332384
342272,0.000331686
342528,0.000331191
342784,0.000330591
343040,0.000330133
343296,0.000329772
343552,0.000329246
343808,0.000328038
344064,0.000327646
344320,0.000327088
344576,0.000326261
344832,0.000325195
345088,0.000322765
345344,0.000320923
345600,0.000319683
345856,0.000318439
346112,0.000317777
346368,0.000317152
346624,0.000315941
346880,0.000313643
347136,0.000312692
347392,0.000311616
347648,0.000310734
347904,0.000310094
348160,0.000309453
348416,0.000308963
348672,0.000308481
348928,0.000308132
349184,0.000307771
349440,0.000306316
349696,0.00030573
349952,0.000305033
350208,0.000304218
350464,0.000303474
350720,0.000303147
350976,0.000302224
351232,0.000301237
351488,0.000300462
351744,0.000298783
352000,0.000292403
352256,0.000291669
352512,0.000290309
352768,0.000289077
353024,0.000288118
353280,0.000287255
353536,0.000286424
353792,0.000286077
354048,0.00028542
354304,0.000284975
354560,0.000284433
354816,0.000283597
355072,0.000282707
355328,0.000282292
355584,0.000281058
355840,0.000280633
356096,0.00027987
356352,0.000279093
356608,0.00027838
356864,0.000277787
357120,0.000277394
357376,0.000276868
357632,0.000276509
357888,0.000275479
358144,0.000274541
358400,0.000273513
358656,0.000272523
358912,0.000271691
359168,0.00027114
359424,0.000270917
359680,0.00027055
359936,0.000270183
360192,0.000269815
360448,0.000268126
360704,0.000267154
360960,0.00026602
361216,0.000264938
361472,0.000264393
361728,0.00026404
361984,0.000263408
362240,0.000261752
362496,0.000257943
362752,0.000255094
363008,0.000253624
363264,0.00025284
363520,0.000252063
363776,0.000251474
364032,0.000251079
364288,0.000250489
364544,0.000250083
364800,0.000249501
365056,0.000248722
365312,0.0002481
365568,0.000247325
365824,0.000246002
366080,0.000244929
366336,0.000243742
366592,0.000243207
366848,0.000242799
367104,0.000242564
367360,0.000241831
367616,0.000240295
367872,0.000239731
368128,0.000238945
368384,0.000238303
368640,0.000237481
368896,0.000236441
369152,0.000235599
369408,0.000234796
369664,0.000234453
369920,0.00023309
370176,0.000232328
370432,0.000231198
370688,0.00023049
370944,0.000229703
371200,0.000229054
371456,0.000227476
371712,0.000226271
371968,0.000224785
372224,0.000223421
372480,0.000219042
372736,0.000217946
372992,0.000216452
373248,0.00021539
373504,0.000213366
373760,0.000212434
374016,0.000211361
374272,0.000210184
374528,0.000209806
374784,0.000209445
375040,0.000208059
375296,0.000206652
375552,0.000206348
375808,0.000206348
376064,0.000204032
376320,0.000202584
376576,0.000201999
376832,0.000201261
377088,0.000200519
377344,0.000199164
377600,0.000198346
377856,0.000197576
378112,0.000196908
378368,0.000196354
378624,0.000195594
378880,0.000194776
379136,0.000193882
379392,0.000193418
379648,0.000192899
379904,0.000191996
380160,0.000191178
380416,0.000190444
380672,0.000190053
380928,0.000189219
381184,0.000188035
381440,0.000186844
381696,0.000185259
381952,0.000183238
382208,0.000181196
382464,0.000178397
382720,0.000174797
382976,0.000173229
383232,0.000172341
383488,0.000171881
383744,0.000171302
384000,0.00017095
384256,0.000170548
384512,0.000169964
384768,0.000168653
385024,0.000167771
385280,0.000167213
385536,0.000166767
385792,0.000165675
386048,0.000164473
386304,0.000162998
386560,0.000160079
386816,0.00015894
387072,0.000158241
387328,0.000157575
387584,0.000156786
387840,0.000155841
388096,0.000155097
388352,0.000154456
388608,0.000153833
388864,0.000153348
389120,0.000151148
389376,0.000149925
389632,0.000149092
389888,0.00014763
390144,0.000145599
390400,0.000144723
390656,0.000142901
390912,0.000139154
391168,0.000135484
391424,0.000133838
391680,0.000133415
391936,0.000132618
392192,0.000130752
392448,0.00012904
392704,0.000127492
392960,0.000127277
393216,0.000126344
393472,0.000125358
393728,0.00012506
393984,0.000124354
394240,0.000123221
394496,0.000122502
394752,0.000121398
395008,0.000118305
395264,0.000116829
395520,0.000114822
395776,0.000114059
396032,0.000112753
396288,0.000111425
396544,0.000110288
396800,0.000109837
397056,0.000108994
397312,0.000108113
397568,0.000107203
397824,0.000106219
398080,0.000105899
398336,0.000105194
398592,0.00010434
398848,0.000102601
399104,0.000100754
399360,9.985e-05
399616,9.52221e-05
399872,9.4437e-05
400128,9.36454e-05
400384,9.2847e-05
400640,9.20416e-05
400896,9.13827e-05
401152,9.00226e-05
401408,8.95629e-05
401664,8.91176e-05
401920,8.8192e-05
402176,8.69742e-05
402432,8.66033e-05
402688,8.51585e-05
402944,8.42209e-05
403200,8.32271e-05
403456,8.20509e-05
403712,8.07497e-05
403968,7.97299e-05
404224,7.89363e-05
404480,7.8305e-05
404736,7.77668e-05
404992,7.68486e-05
405248,7.65843e-05
405504,7.61376e-05
405760,7.58321e-05
406016,7.50409e-05
406272,7.41606e-05
406528,7.33324e-05
406784,7.24897e-05
407040,7.16583e-05
407296,7.02594e-05
407552,6.92053e-05
407808,6.83101e-05
408064,6.77994e-05
408320,6.48546e-05
408576,6.39019e-05
408832,6.36343e-05
409088,6.2474e-05
409344,6.18047e-05
409600,6.10376e-05
409856,5.93303e-05
410112,5.82257e-05
410368,5.77387e-05
410624,5.63055e-05
410880,5.5817e-05
411136,5.52123e-05
411392,5.4761e-05
411648,5.35795e-05
411904,5.30248e-05
412160,5.20431e-05
412416,5.10805e-05
412672,5.00135e-05
412928,4.95095e-05
413184,4.79301e-05
413440,4.70388e-05
413696,4.65575e-05
413952,4.55266e-05
414208,4.50271e-05
414464,4.34987e-05
414720,4.28253e-05
414976,4.12177e-05
415232,3.99968e-05
415488,3.9439e-05
415744,3.81301e-05
416000,3.70549e-05
416256,3.67687e-05
416512,3.53967e-05
416768,3.43792e-05
417024,3.36397e-05
417280,3.33432e-05
417536,3.21433e-05
417792,3.09037e-05
418048,2.97606e-05
418304,2.92903e-05
418560,2.86375e-05
418816,2.76573e-05
419072,2.74477e-05
419328,2.72444e-05
419584,2.68378e-05
419840,2.61178e-05
420096,2.58213e-05
420352,2.50007e-05
420608,2.43996e-05
420864,2.38856e-05
421120,2.3339e-05
421376,2.26156e-05
421632,2.20602e-05
421888,2.1222e-05
422144,2.03323e-05
422400,2.02282e-05
422656,1.99257e-05
422912,1.95191e-05
423168,1.95191e-05
423424,1.95191e-05
423680,1.95191e-05
423936,1.91263e-05
424192,1.90869e-05
424448,1.87059e-05
424704,1.87059e-05
424960,1.87059e-05
425216,1.87059e-05
425472,1.87059e-05
425728,1.82993e-05
425984,1.8096e-05
426240,1.74862e-05
426496,1.74862e-05
426752,1.72829e-05
427008,1.6673e-05
427264,1.64697e-05
427520,1.64697e-05
427776,1.64697e-05
428032,1.62664e-05
428288,1.62664e-05
428544,1.61034e-05
428800,1.58598e-05
429056,1.58598e-05
429312,1.58598e-05
429568,1.56984e-05
429824,1.56565e-05
430080,1.56565e-05
430336,1.56565e-05
430592,1.56565e-05
430848,1.56565e-05
431104,1.52499e-05
431360,1.52499e-05
431616,1.52499e-05
431872,1.52499e-05
432128,1.52499e-05
432384,1.52499e-05
432640,1.52499e-05
432896,1.52499e-05
433152,1.50466e-05
433408,1.50466e-05
433664,1.50466e-05
433920,1.4954e-05
434176,1.464e-05
434432,1.44367e-05
434688,1.44367e-05
434944,1.44367e-05
435200,1.44367e-05
435456,1.44367e-05
435712,1.44367e-05
435968,1.44367e-05
436224,1.44367e-05
436480,1.44367e-05
436736,1.44367e-05
436992,1.42334e-05
437248,1.42334e-05
437504,1.42334e-05
437760,1.42334e-05
438016,1.42334e-05
438272,1.42334e-05
438528,1.42334e-05
438784,1.42334e-05
439040,1.42334e-05
439296,1.42334e-05
439552,1.42334e-05
439808,1.42065e-05
440064,1.40301e-05
440320,1.40301e-05
440576,1.40301e-05
440832,1.40301e-05
441088,1.40301e-05
441344,1.40301e-05
441600,1.40301e-05
441856,1.40301e-05
442112,1.40301e-05
442368,1.40301e-05
442624,1.40301e-05
442880,1.40301e-05
443136,1.40301e-05
443392,1.39119e-05
443648,1.38268e-05
443904,1.38268e-05
444160,1.38268e-05
444416,1.38268e-05
444672,1.38268e-05
444928,1.38268e-05
445184,1.38268e-05
445440,1.38268e-05
445696,1.38268e-05
445952,1.38268e-05
446208,1.38268e-05
446464,1.38268e-05
446720,1.36235e-05
446976,1.36235e-05
447232,1.36235e-05
447488,1.36235e-05
447744,1.36235e-05
448000,1.36235e-05
448256,1.36235e-05
448512,1.36235e-05
448768,1.34202e-05
449024,1.34202e-05
449280,1.34202e-05
449536,1.34202e-05
449792,1.33567e-05
450048,1.32169e-05
450304,1.32169e-05
450560,1.32169e-05
450816,1.32169e-05
451072,1.32169e-05
451328,1.32169e-05
451584,1.32169e-05
451840,1.32169e-05
452096,1.32169e-05
452352,1.32169e-05
452608,1.32169e-05
452864,1.32169e-05
453120,1.32169e-05
453376,1.32169e-05
453632,1.32169e-05
453888,1.31655e-05
454144,1.30136e-05
454400,1.30136e-05
454656,1.30136e-05
454912,1.30136e-05
455168,1.30136e-05
455424,1.30136e-05
455680,1.30136e-05
455936,1.30136e-05
456192,1.30136e-05
456448,1.30136e-05
456704,1.30136e-05
456960,1.30136e-05
457216,1.30136e-05
457472,1.30136e-05
457728,1.30136e-05
457984,1.28104e-05
458240,1.28104e-05
458496,1.28104e-05
458752,1.28104e-05
459008,1.28104e-05
459264,1.28104e-05
459520,1.27766e-05
459776,1.19972e-05
460032,1.19972e-05
460288,1.19972e-05
460544,1.19972e-05
460800,1.19972e-05
461056,1.19972e-05
461312,1.19972e-05
461568,1.19972e-05
461824,1.19972e-05
462080,1.19972e-05
462336,1.19972e-05
462592,1.19972e-05
462848,1.19972e-05
463104,1.19972e-05
463360,1.19972e-05
463616,1.19972e-05
463872,1.19972e-05
464128,1.19972e-05
464384,1.19972e-05
464640,1.19972e-05
464896,1.19972e-05
465152,1.19972e-05
465408,1.19972e-05
465664,1.19972e-05
465920,1.19972e-05
466176,1.19972e-05
466432,1.19972e-05
466688,1.19972e-05
466944,1.19972e-05
467200,1.19972e-05
467456,1.19972e-05
467712,1.19972e-05
467968,1.19972e-05
468224,1.19972e-05
468480,1.19972e-05
468736,1.19972e-05
468992,1.19972e-05
469248,1.19972e-05
469504,1.19972e-05
469760,1.19972e-05
470016,1.19972e-05
470272,1.19972e-05
470528,1.19972e-05
470784,1.19972e-05
471040,1.19972e-05
471296,1.19938e-05
471552,1.17939e-05
471808,1.17939e-05
472064,1.17939e-05
472320,1.17939e-05
472576,1.17939e-05
472832,1.17939e-05
473088,1.17939e-05
473344,1.17939e-05
473600,1.17939e-05
473856,1.17939e-05
474112,1.17939e-05
474368,1.17939e-05
474624,1.17939e-05
474880,1.17692e-05
475136,1.15906e-05
475392,1.15906e-05
475648,1.15906e-05
475904,1.15906e-05
476160,1.15906e-05
476416,1.15906e-05
476672,1.15906e-05
476928,1.15906e-05
477184,1.15906e-05
477440,1.15906e-05
477696,1.15906e-05
477952,1.15906e-05
478208,1.15906e-05
478464,1.15906e-05
478720,1.15906e-05
478976,1.15906e-05
479232,1.15906e-05
479488,1.15906e-05
479744,1.15906e-05
480000,1.15906e-05
480256,1.15906e-05
480512,1.15906e-05
480768,1.15906e-05
481024,1.15906e-05
481280,1.15906e-05
481536,1.15906e-05
481792,1.15906e-05
482048,1.15906e-05
482304,1.15906e-05
482560,1.15906e-05
482816,1.15906e-05
483072,1.15906e-05
483328,1.15906e-05
483584,1.15906e-05
483840,1.15906e-05
484096,1.15906e-05
484352,1.15906e-05
484608,1.15906e-05
484864,1.15906e-05
485120,1.15906e-05
485376,1.15906e-05
485632,1.15906e-05
485888,1.15906e-05
486144,1.15906e-05
486400,1.15906e-05
486656,1.15906e-05
486912,1.15906e-05
487168,1.15906e-05
487424,1.15906e-05
487680,1.15906e-05
487936,1.15906e-05
488192,1.15906e-05
488448,1.15906e-05
488704,1.15906e-05
488960,1.15906e-05
489216,1.15906e-05
489472,1.15906e-05
489728,1.15906e-05
489984,1.15906e-05
490240,1.15906e-05
490496,1.15906e-05
490752,1.15906e-05
491008,1.15906e-05
491264,1.15906e-05
491520,1.15906e-05
491776,1.15906e-05
492032,1.15906e-05
492288,1.15906e-05
492544,1.15906e-05
492800,1.15906e-05
493056,1.15906e-05
493312,1.15906e-05
493568,1.15906e-05
493824,1.15906e-05
494080,1.15906e-05
494336,1.15906e-05
494592,1.15906e-05
494848,1.15906e-05
495104,1.15906e-05
495360,1.15906e-05
495616,1.15906e-05
495872,1.15906e-05
496128,1.15906e-05
496384,1.15906e-05
496640,1.15906e-05
496896,1.15906e-05
497152,1.15906e-05
497408,1.15906e-05
497664,1.15906e-05
497920,1.15906e-05
498176,1.15906e-05
498432,1.15906e-05
498688,1.15906e-05
498944,1.15906e-05
499200,1.15906e-05
499456,1.15906e-05
499712,1.15906e-05
499968,1.15906e-05
500224,1.15906e-05
500480,1.15906e-05
500736,1.15906e-05
500992,1.15906e-05
501248,1.15906e-05
501504,1.15906e-05
501760,1.15906e-05
502016,1.15906e-05
502272,1.15906e-05
502528,1.15906e-05
502784,1.15906e-05
503040,1.15906e-05
503296,1.15906e-05
503552,1.15906e-05
503808,1.15906e-05
504064,1.15906e-05
504320,1.15906e-05
504576,1.15906e-05
504832,1.15906e-05
505088,1.15906e-05
505344,1.15906e-05
505600,1.15906e-05
505856,1.15906e-05
506112,1.15906e-05
506368,1.15906e-05
506624,1.15906e-05
506880,1.15906e-05
507136,1.15906e-05
507392,1.15906e-05
507648,1.15906e-05
507904,1.15906e-05
508160,1.15906e-05
508416,1.15906e-05
508672,1.15906e-05
508928,1.15906e-05
509184,1.15906e-05
509440,1.15906e-05
509696,1.15906e-05
509952,1.15906e-05
510208,1.15906e-05
510464,1.15906e-05
510720,1.15906e-05
510976,1.15906e-05
511232,1.15906e-05
511488,1.15906e-05
511744,1.15906e-05
512000,1.15906e-05
512256,1.15906e-05
512512,1.15906e-05
512768,1.15906e-05
513024,1.15906e-05
513280,1.15906e-05
513536,1.15906e-05
513792,1.15906e-05
514048,1.15906e-05
514304,1.15906e-05
514560,1.15906e-05
514816,1.15906e-05
515072,1.15906e-05
515328,1.15906e-05
515584,1.15906e-05
515840,1.15906e-05
516096,1.15906e-05
516352,1.15906e-05
516608,1.15906e-05
516864,1.15906e-05
517120,1.15906e-05
517376,1.15906e-05
517632,1.15906e-05
517888,1.15906e-05
518144,1.15906e-05
518400,1.15906e-05
518656,1.15906e-05
518912,1.15906e-05
519168,1.15906e-05
519424,1.15906e-05
519680,1.15906e-05
519936,1.15906e-05
520192,1.15906e-05
520448,1.15906e-05
520704,1.15906e-05
520960,1.15906e-05
521216,1.15906e-05
521472,1.15906e-05
521728,1.15906e-05
521984,1.15906e-05
522240,1.15906e-05
522496,1.15906e-05
522752,1.15906e-05
523008,1.15906e-05
523264,1.15906e-05
523520,1.15906e-05
523776,1.15906e-05
524032,1.15906e-05
524288,1.15906e-05
524544,1.15906e-05
524800,1.15906e-05
525056,1.15906e-05
525312,1.15906e-05
525568,1.15906e-05
525824,1.15906e-05
526080,1.15906e-05
526336,1.15906e-05
526592,1.15906e-05
526848,1.15906e-05
527104,1.15906e-05
527360,1.15906e-05
527616,1.15906e-05
527872,1.15906e-05
528128,1.15906e-05
528384,1.15906e-05
528640,1.15906e-05
528896,1.15906e-05
529152,1.15906e-05
529408,1.15906e-05
529664,1.15906e-05
529920,1.15906e-05
530176,1.15906e-05
530432,1.15906e-05
530688,1.15906e-05
530944,1.15906e-05
531200,1.15906e-05
531456,1.15906e-05
531712,1.15906e-05
531968,1.15906e-05
532224,1.15906e-05
532480,1.15906e-05
532736,1.15906e-05
532992,1.15906e-05
533248,1.15906e-05
533504,1.15906e-05
533760,1.15906e-05
534016,1.15906e-05
534272,1.15906e-05
534528,1.15906e-05
534784,1.15906e-05
535040,1.15906e-05
535296,1.15906e-05
535552,1.15906e-05
535808,1.15906e-05
536064,1.15906e-05
536320,1.15906e-05
536576,1.15906e-05
536832,1.15906e-05
537088,1.15906e-05
537344,1.15906e-05
537600,1.15906e-05
537856,1.15906e-05
538112,1.15906e-05
538368,1.15906e-05
538624,1.15906e-05
538880,1.15906e-05
539136,1.15906e-05
539392,1.15906e-05
539648,1.14694e-05
539904,1.13873e-05
540160,1.13873e-05
540416,1.13873e-05
540672,1.13873e-05
540928,1.13873e-05
541184,1.13873e-05
541440,1.13873e-05
541696,1.13873e-05
541952,1.13873e-05
542208,1.13873e-05
542464,1.13873e-05
542720,1.13873e-05
542976,1.13873e-05
543232,1.13873e-05
543488,1.13873e-05
543744,1.13873e-05
544000,1.13873e-05
544256,1.13873e-05
544512,1.13873e-05
544768,1.13873e-05
545024,1.13873e-05
545280,1.13873e-05
545536,1.13873e-05
545792,1.13873e-05
546048,1.13873e-05
546304,1.13873e-05
546560,1.13873e-05
546816,1.13873e-05
547072,1.13873e-05
547328,1.13873e-05
547584,1.13873e-05
547840,1.13873e-05
548096,1.13873e-05
548352,1.13873e-05
548608,1.13873e-05
548864,1.13873e-05
549120,1.13873e-05
549376,1.13873e-05
549632,1.13873e-05
549888,1.13873e-05
550144,1.13873e-05
550400,1.13873e-05
550656,1.13873e-05
550912,1.13873e-05
551168,1.13873e-05
551424,1.13873e-05
551680,1.13873e-05
551936,1.13873e-05
552192,1.13873e-05
552448,1.13873e-05
552704,1.13873e-05
552960,1.13873e-05
553216,1.13873e-05
553472,1.13873e-05
553728,1.13873e-05
553984,1.13873e-05
554240,1.13873e-05
554496,1.13873e-05
554752,1.13873e-05
555008,1.13873e-05
555264,1.13873e-05
555520,1.13873e-05
555776,1.13873e-05
556032,1.13873e-05
556288,1.13873e-05
556544,1.13873e-05
556800,1.13873e-05
557056,1.13873e-05
557312,1.13873e-05
557568,1.13873e-05
557824,1.13873e-05
558080,1.13873e-05
558336,1.13873e-05
558592,1.13873e-05
558848,1.13873e-05
559104,1.13873e-05
559360,1.13873e-05
559616,1.13873e-05
559872,1.13873e-05
