cache_lines,MRC
256,0.0176883
512,0.011453
768,0.00946433
1024,0.00798112
1280,0.00705111
1536,0.00636096
1792,0.00569666
2048,0.00527816
2304,0.00494712
2560,0.00463609
2816,0.00435363
3072,0.00408968
3328,0.00386303
3584,0.00367271
3840,0.00352263
4096,0.00339363
4352,0.00327363
4608,0.00316957
4864,0.00307746
5120,0.00299525
5376,0.00292167
5632,0.00285449
5888,0.00278962
6144,0.00273005
6400,0.00267558
6656,0.00262644
6912,0.0025807
7168,0.00253111
7424,0.00248839
7680,0.00244298
7936,0.00240177
8192,0.00236444
8448,0.00232713
8704,0.00229143
8960,0.00225696
9216,0.00222327
9472,0.00218956
9728,0.00215908
9984,0.0021315
10240,0.0021024
10496,0.00207028
10752,0.00204388
11008,0.00201622
11264,0.00199067
11520,0.00196749
11776,0.00194508
12032,0.0019247
12288,0.00190487
12544,0.00151206
12800,0.00148588
13056,0.00146373
13312,0.00144227
13568,0.00142371
13824,0.00140765
14080,0.00139158
14336,0.0013776
14592,0.00136348
14848,0.00134988
15104,0.00133726
15360,0.00132339
15616,0.00131261
15872,0.0012998
16128,0.00129051
16384,0.0012792
16640,0.00127217
16896,0.00126365
17152,0.00125528
17408,0.00124865
17664,0.0012411
17920,0.00122961
18176,0.00122074
18432,0.00121354
18688,0.00120724
18944,0.00120118
19200,0.00119614
19456,0.00118995
19712,0.00118448
19968,0.00117853
20224,0.00117312
20480,0.00116691
20736,0.00116076
20992,0.00115705
21248,0.00115223
21504,0.00114791
21760,0.00114451
22016,0.00114019
22272,0.00113671
22528,0.00113304
22784,0.00112971
23040,0.00112629
23296,0.00112314
23552,0.0011205
23808,0.0011178
24064,0.00111485
24320,0.00111181
24576,0.0011086
24832,0.00110482
25088,0.00110113
25344,0.00109792
25600,0.00109383
25856,0.00109117
26112,0.00108844
26368,0.00108575
26624,0.00108237
26880,0.001079
27136,0.00107649
27392,0.0010747
27648,0.00107244
27904,0.00106952
28160,0.00106789
28416,0.00106551
28672,0.00106324
28928,0.00106109
29184,0.00105928
29440,0.00105784
29696,0.00105627
29952,0.00105409
30208,0.00105222
30464,0.00104989
30720,0.00104804
30976,0.00104529
31232,0.00104396
31488,0.00104197
31744,0.00104019
32000,0.00103871
32256,0.00103689
32512,0.00103556
32768,0.00103332
33024,0.00103158
33280,0.00103052
33536,0.00102895
33792,0.00102659
34048,0.00102393
34304,0.00102257
34560,0.00102067
34816,0.00101779
35072,0.00101654
35328,0.00101468
35584,0.0010131
35840,0.00101052
36096,0.00100891
36352,0.00100702
36608,0.00100501
36864,0.0010037
37120,0.00100189
37376,0.00100077
37632,0.00099946
37888,0.00099765
38144,0.00099497
38400,0.000993129
38656,0.000991142
38912,0.000990031
39168,0.000988104
39424,0.000986447
39680,0.000985108
39936,0.000984099
40192,0.000982999
40448,0.000980915
40704,0.000978825
40960,0.000977104
41216,0.000975876
41472,0.000974306
41728,0.00097302
41984,0.000971673
42240,0.000971087
42496,0.000969645
42752,0.000968264
43008,0.000967126
43264,0.000966208
43520,0.000965087
43776,0.000963952
44032,0.000962583
44288,0.000961536
44544,0.000960579
44800,0.000959677
45056,0.000958719
45312,0.000957267
45568,0.000956236
45824,0.00095543
46080,0.000954172
46336,0.000953586
46592,0.00095278
46848,0.000951172
47104,0.00095045
47360,0.00094883
47616,0.000947773
47872,0.000946488
48128,0.000945508
48384,0.000944235
48640,0.00094285
48896,0.000941636
49152,0.000940748
49408,0.000939971
49664,0.000939163
49920,0.000938084
50176,0.000936776
50432,0.000934905
50688,0.000933246
50944,0.000932173
51200,0.000931212
51456,0.000930193
51712,0.000928996
51968,0.000928242
52224,0.000927291
52480,0.000926178
52736,0.000925129
52992,0.000923391
53248,0.00092254
53504,0.000921436
53760,0.000919934
54016,0.000918925
54272,0.000917986
54528,0.000917358
54784,0.00091635
55040,0.000915017
55296,0.00091363
55552,0.000912562
55808,0.000911389
56064,0.000910775
56320,0.000910274
56576,0.000909198
56832,0.000908472
57088,0.000907524
57344,0.000906414
57600,0.000905546
57856,0.000904429
58112,0.000903583
58368,0.00090251
58624,0.000901512
58880,0.000900668
59136,0.000899914
59392,0.000898812
59648,0.000897011
59904,0.000895611
60160,0.000894621
60416,0.000893634
60672,0.000893005
60928,0.000892285
61184,0.000887379
61440,0.000885961
61696,0.000884918
61952,0.000884172
62208,0.000883038
62464,0.00088161
62720,0.000880607
62976,0.000879265
63232,0.000878298
63488,0.000877154
63744,0.000875994
64000,0.00087449
64256,0.000873172
64512,0.000872014
64768,0.00087081
65024,0.000869456
65280,0.000868948
65536,0.000868143
65792,0.000866757
66048,0.000865804
66304,0.000864991
66560,0.000863764
66816,0.000862433
67072,0.000861311
67328,0.00086084
67584,0.000860183
67840,0.000858828
68096,0.000858128
68352,0.000857367
68608,0.000856758
68864,0.000855647
69120,0.000854679
69376,0.000853872
69632,0.000853127
69888,0.000851981
70144,0.000851174
70400,0.000850536
70656,0.00084976
70912,0.000848472
71168,0.000847426
71424,0.000846488
71680,0.000845855
71936,0.000845322
72192,0.000844618
72448,0.000843942
72704,0.000843342
72960,0.000842591
73216,0.000841817
73472,0.000840833
73728,0.000839895
73984,0.00083907
74240,0.000838522
74496,0.000837972
74752,0.000836744
75008,0.000836366
75264,0.000835442
75520,0.000834438
75776,0.000833478
76032,0.000832571
76288,0.0008321
76544,0.000831392
76800,0.000830605
77056,0.000829626
77312,0.000829319
77568,0.000828091
77824,0.000827056
78080,0.000826173
78336,0.000825226
78592,0.000823782
78848,0.000822753
79104,0.000822237
79360,0.000821207
79616,0.000820659
79872,0.00082009
80128,0.000819391
80384,0.000818526
80640,0.000817925
80896,0.000816662
81152,0.000815425
81408,0.000814871
81664,0.0008139
81920,0.000813531
82176,0.000813321
82432,0.000812602
82688,0.000811834
82944,0.000811025
83200,0.000810365
83456,0.000809843
83712,0.000808853
83968,0.000808199
84224,0.000807859
84480,0.000807176
84736,0.000806694
84992,0.000806056
85248,0.000805011
85504,0.000804404
85760,0.000803928
86016,0.000803328
86272,0.00080242
86528,0.000801815
86784,0.000801193
87040,0.000800246
87296,0.000799142
87552,0.000798037
87808,0.000797428
88064,0.000794855
88320,0.000791695
88576,0.00079096
88832,0.000790532
89088,0.00078918
89344,0.000786625
89600,0.000786077
89856,0.000785571
90112,0.000785177
90368,0.000784735
90624,0.000784316
90880,0.000783325
91136,0.000778334
91392,0.000777406
91648,0.000776742
91904,0.000775629
92160,0.000775266
92416,0.000774628
92672,0.000773915
92928,0.000773413
93184,0.000772646
93440,0.000772075
93696,0.000771608
93952,0.000770909
94208,0.000770245
94464,0.000769426
94720,0.000768647
94976,0.000768124
95232,0.00076714
95488,0.000766357
95744,0.000765607
96000,0.000764372
96256,0.000763723
96512,0.000763457
96768,0.000762091
97024,0.000761312
97280,0.000760616
97536,0.000759911
97792,0.000759116
98048,0.000758534
98304,0.000757746
98560,0.000757054
98816,0.000756672
99072,0.000755937
99328,0.000755063
99584,0.000754666
99840,0.000754299
100096,0.00075386
100352,0.00075249
100608,0.000748899
100864,0.000748455
101120,0.000747802
101376,0.000747306
101632,0.000746892
101888,0.000746267
102144,0.000745984
102400,0.000745393
102656,0.000744918
102912,0.000744435
103168,0.000743469
103424,0.000742687
103680,0.000739149
103936,0.000738619
104192,0.000737651
104448,0.000736677
104704,0.000736078
104960,0.00073558
105216,0.000734966
105472,0.000734277
105728,0.000733476
105984,0.000732898
106240,0.000732534
106496,0.000732082
106752,0.000731217
107008,0.000730311
107264,0.000729707
107520,0.000728783
107776,0.00072783
108032,0.000727017
108288,0.000726361
108544,0.000725738
108800,0.000724637
109056,0.000724373
109312,0.000723916
109568,0.000723458
109824,0.000722962
110080,0.000722351
110336,0.000721847
110592,0.000721128
110848,0.00072043
111104,0.000719942
111360,0.000719629
111616,0.000718922
111872,0.000718084
112128,0.000717561
112384,0.000717151
112640,0.000716618
112896,0.000716238
113152,0.000715548
113408,0.000711785
113664,0.000711144
113920,0.000710905
114176,0.000710805
114432,0.000710415
114688,0.000709879
114944,0.000709032
115200,0.000708323
115456,0.000707699
115712,0.000707075
115968,0.00070679
116224,0.000706049
116480,0.000705212
116736,0.000704898
116992,0.000704514
117248,0.000704113
117504,0.000703688
117760,0.000703405
118016,0.000702972
118272,0.000702307
118528,0.000701767
118784,0.00070161
119040,0.000701097
119296,0.000700689
119552,0.000700282
119808,0.000699967
120064,0.00069926
120320,0.000698313
120576,0.000697514
120832,0.000697072
121088,0.000696805
121344,0.000696529
121600,0.000696024
121856,0.000695083
122112,0.000694924
122368,0.000693987
122624,0.00069201
122880,0.000689654
123136,0.00068885
123392,0.000688179
123648,0.000687512
123904,0.000687031
124160,0.000686447
124416,0.000685953
124672,0.000685556
124928,0.000684589
125184,0.000683963
125440,0.000683739
125696,0.000680828
125952,0.000679331
126208,0.000678739
126464,0.000678332
126720,0.000677857
126976,0.000677368
127232,0.000676874
127488,0.000676303
127744,0.0006759
128000,0.0006755
128256,0.000674928
128512,0.00067413
128768,0.000673399
129024,0.000672757
129280,0.000672182
129536,0.000671736
129792,0.000671192
130048,0.000670442
130304,0.000669372
130560,0.000668626
130816,0.000668024
131072,0.000667363
131328,0.000666702
131584,0.000666178
131840,0.000665716
132096,0.000665053
132352,0.000664664
132608,0.000664177
132864,0.000663503
133120,0.000662754
133376,0.000662067
133632,0.000661532
133888,0.00066105
134144,0.000656948
134400,0.000655327
134656,0.000654822
134912,0.000654314
135168,0.000653555
135424,0.000653134
135680,0.000652768
135936,0.000652177
136192,0.000651669
136448,0.000650881
136704,0.000650059
136960,0.000649465
137216,0.000648955
137472,0.000648615
137728,0.000648359
137984,0.0006481
138240,0.000647504
138496,0.000645038
138752,0.000642754
139008,0.000642317
139264,0.000641716
139520,0.000641366
139776,0.000641072
140032,0.000640736
140288,0.000640478
140544,0.000639741
140800,0.000639045
141056,0.000638058
141312,0.000634851
141568,0.000634059
141824,0.000633823
142080,0.000633616
142336,0.000633094
142592,0.000631974
142848,0.000631256
143104,0.000630731
143360,0.000630172
143616,0.000629296
143872,0.000628703
144128,0.000628313
144384,0.000627967
144640,0.000627352
144896,0.00062682
145152,0.000626467
145408,0.000626102
145664,0.000625512
145920,0.000624365
146176,0.00062394
146432,0.000623675
146688,0.000621841
146944,0.0006156
147200,0.000614768
147456,0.000613894
147712,0.000611918
147968,0.000609328
148224,0.000608694
148480,0.000608237
148736,0.000607783
148992,0.000607196
149248,0.000605957
149504,0.000603142
149760,0.000602593
150016,0.000602255
150272,0.00060198
150528,0.000600866
150784,0.000598012
151040,0.000597366
151296,0.000596719
151552,0.000596247
151808,0.000595914
152064,0.000595619
152320,0.000595249
152576,0.000594698
152832,0.000594281
153088,0.000593661
153344,0.000592854
153600,0.000592138
153856,0.000591672
154112,0.00059079
154368,0.000589983
154624,0.000589323
154880,0.000588661
155136,0.000587758
155392,0.000587383
155648,0.000586926
155904,0.000586333
156160,0.000585717
156416,0.000585175
156672,0.000584715
156928,0.000584432
157184,0.000583905
157440,0.000583463
157696,0.00058304
157952,0.000582541
158208,0.000581965
158464,0.000581301
158720,0.000580637
158976,0.000580305
159232,0.000579968
159488,0.000579461
159744,0.000578943
160000,0.000578752
160256,0.000578289
160512,0.000577959
160768,0.000577784
161024,0.000577535
161280,0.000577015
161536,0.000576357
161792,0.000575974
162048,0.000575508
162304,0.000575029
162560,0.000574164
162816,0.000573133
163072,0.000572541
163328,0.000571866
163584,0.000571095
163840,0.000570714
164096,0.000570176
164352,0.000568581
164608,0.000566708
164864,0.00056647
165120,0.000565983
165376,0.000565689
165632,0.000565477
165888,0.000564954
166144,0.000564421
166400,0.00056403
166656,0.000563659
166912,0.000563375
167168,0.000563277
167424,0.000562828
167680,0.000562119
167936,0.000561449
168192,0.000561033
168448,0.000560808
168704,0.000560527
168960,0.00056033
169216,0.000560035
169472,0.000559572
169728,0.000559009
169984,0.00055676
170240,0.000554265
170496,0.000553382
170752,0.000552813
171008,0.000552418
171264,0.000552218
171520,0.000548817
171776,0.000547749
172032,0.000547355
172288,0.000547007
172544,0.000546766
172800,0.000546435
173056,0.000546015
173312,0.000545501
173568,0.000544793
173824,0.000544271
174080,0.000543928
174336,0.000543624
174592,0.000543379
174848,0.000542985
175104,0.000542484
175360,0.000542179
175616,0.000541846
175872,0.000541342
176128,0.000541036
176384,0.000540168
176640,0.000539746
176896,0.000539295
177152,0.000538783
177408,0.000538322
177664,0.00053779
177920,0.000537132
178176,0.000536599
178432,0.000535773
178688,0.00053299
178944,0.000532472
179200,0.000532048
179456,0.000531633
179712,0.000531142
179968,0.000530824
180224,0.000530673
180480,0.000530374
180736,0.000529934
180992,0.000529652
181248,0.000529377
181504,0.00052891
181760,0.000528791
182016,0.000528374
182272,0.000527855
182528,0.00052761
182784,0.000527484
183040,0.000527229
183296,0.000526713
183552,0.000526261
183808,0.000525591
184064,0.000524712
184320,0.000524116
184576,0.000523672
184832,0.000523382
185088,0.000522799
185344,0.000522573
185600,0.000522045
185856,0.000521206
186112,0.00052084
186368,0.000520255
186624,0.000517388
186880,0.000516384
187136,0.000516244
187392,0.000515966
187648,0.000515819
187904,0.000515611
188160,0.000515091
188416,0.000514407
188672,0.00051376
188928,0.000513389
189184,0.000513103
189440,0.000512074
189696,0.000509028
189952,0.000508911
190208,0.00050869
190464,0.000508364
190720,0.000507497
190976,0.000506939
191232,0.000506695
191488,0.000506094
191744,0.000505623
192000,0.000505451
192256,0.000505173
192512,0.000504684
192768,0.000504215
193024,0.000503703
193280,0.000503156
193536,0.000502674
193792,0.000502362
194048,0.0005019
194304,0.00050147
194560,0.000501087
194816,0.000500691
195072,0.000500422
195328,0.000499999
195584,0.000499316
195840,0.000498555
196096,0.000497963
196352,0.000497334
196608,0.000496675
196864,0.000495819
197120,0.000495102
197376,0.000493498
197632,0.000489942
197888,0.000489243
198144,0.000489044
198400,0.000488621
198656,0.000488282
198912,0.000487886
199168,0.00048732
199424,0.00048687
199680,0.000486551
199936,0.000485793
200192,0.000485483
200448,0.000485255
200704,0.000484964
200960,0.000484443
201216,0.000483557
201472,0.000482466
201728,0.000482009
201984,0.000481551
202240,0.000481092
202496,0.000480634
202752,0.000480174
203008,0.000479715
203264,0.000479278
203520,0.000478875
203776,0.00047749
204032,0.000474884
204288,0.000473163
204544,0.000472346
204800,0.000471758
205056,0.000471348
205312,0.000470643
205568,0.000469764
205824,0.000469089
206080,0.0004685
206336,0.000467911
206592,0.000467322
206848,0.000466936
207104,0.000466581
207360,0.000466113
207616,0.00046565
207872,0.000465413
208128,0.000464955
208384,0.000463113
208640,0.000461521
208896,0.000460743
209152,0.000459985
209408,0.000459265
209664,0.000458431
209920,0.000457468
210176,0.000456502
210432,0.000455534
210688,0.00045342
210944,0.000450858
211200,0.000450097
211456,0.000449614
211712,0.00044943
211968,0.000449212
212224,0.000448843
212480,0.000448453
212736,0.000448023
212992,0.000447466
213248,0.000446787
213504,0.000446275
213760,0.000445843
214016,0.000445567
214272,0.000445318
214528,0.000445008
214784,0.000444661
215040,0.000444164
215296,0.000443739
215552,0.000443428
215808,0.000442975
216064,0.000442415
216320,0.000441994
216576,0.00044162
216832,0.000441186
217088,0.00044074
217344,0.000440239
217600,0.0004398
217856,0.000439486
218112,0.000439105
218368,0.000438665
218624,0.000438317
218880,0.000438003
219136,0.000437451
219392,0.00043692
219648,0.000436605
219904,0.000436221
220160,0.000435715
220416,0.000435317
220672,0.000435
220928,0.000434583
221184,0.000434138
221440,0.000433693
221696,0.000433292
221952,0.000433038
222208,0.000432783
222464,0.000432528
222720,0.000432229
222976,0.00043191
223232,0.000431473
223488,0.000431016
223744,0.000430504
224000,0.000430015
224256,0.000429566
224512,0.000428835
224768,0.000427934
225024,0.00042748
225280,0.0004271
225536,0.000426777
225792,0.000426478
226048,0.000426219
226304,0.000426081
226560,0.000426016
226816,0.000425724
227072,0.0004254
227328,0.000425076
227584,0.000424649
227840,0.000424064
228096,0.000423734
228352,0.000423539
228608,0.000423164
228864,0.000422748
229120,0.000422226
229376,0.000421733
229632,0.000421275
229888,0.00042096
230144,0.000420696
230400,0.000420171
230656,0.000419683
230912,0.000419289
231168,0.000418857
231424,0.000418395
231680,0.00041799
231936,0.000417603
232192,0.000417273
232448,0.000416175
232704,0.000414049
232960,0.000413032
233216,0.00041243
233472,0.000411828
233728,0.000411412
233984,0.000411345
234240,0.000411011
234496,0.000410541
234752,0.000409938
235008,0.000409373
235264,0.000408901
235520,0.000408302
235776,0.000407626
236032,0.000407013
236288,0.000406344
236544,0.000405529
236800,0.00040467
237056,0.000403783
237312,0.000403026
237568,0.000402381
237824,0.000401969
238080,0.000401328
238336,0.000400573
238592,0.000399884
238848,0.000399274
239104,0.00039879
239360,0.000398253
239616,0.000397716
239872,0.000397299
240128,0.000396917
240384,0.000396569
240640,0.000395919
240896,0.000395291
241152,0.000394872
241408,0.000394496
241664,0.000394125
241920,0.00039202
242176,0.000390648
242432,0.000390365
242688,0.000390082
242944,0.00038977
243200,0.000389345
243456,0.00038879
243712,0.000388152
243968,0.000387583
244224,0.000386983
244480,0.000386341
244736,0.00038588
244992,0.000385489
245248,0.000385203
245504,0.000384867
245760,0.000384508
246016,0.000384149
246272,0.00038379
246528,0.000383431
246784,0.000382862
247040,0.000382314
247296,0.000381809
247552,0.000381363
247808,0.00038089
248064,0.00038031
248320,0.000379884
248576,0.000379521
248832,0.000379158
249088,0.000378925
249344,0.000378772
249600,0.000378481
249856,0.000378299
250112,0.000378226
250368,0.000377667
250624,0.000377112
250880,0.0003766
251136,0.00037615
251392,0.000375663
251648,0.000375075
251904,0.000374716
252160,0.000373823
252416,0.000371083
252672,0.000370046
252928,0.000369688
253184,0.00036939
253440,0.000368781
253696,0.000368087
253952,0.000367637
254208,0.000367389
254464,0.000367226
254720,0.000367001
254976,0.000366575
255232,0.000366023
255488,0.000365344
255744,0.000364664
256000,0.000364009
256256,0.000363478
256512,0.000361749
256768,0.000359797
257024,0.000359183
257280,0.000358624
257536,0.000358066
257792,0.000357449
258048,0.000357077
258304,0.000356639
258560,0.000355942
258816,0.000355583
259072,0.000355338
259328,0.000355182
259584,0.000354803
259840,0.000354414
260096,0.00035402
260352,0.000353553
260608,0.000353037
260864,0.000352489
261120,0.000351941
261376,0.000351505
261632,0.000351179
261888,0.000351022
262144,0.000350533
262400,0.000350142
262656,0.000349984
262912,0.000349673
263168,0.000349102
263424,0.00034832
263680,0.000347607
263936,0.000347055
264192,0.00034662
264448,0.000346302
264704,0.000345983
264960,0.000345493
265216,0.000344778
265472,0.000344378
265728,0.000344074
265984,0.000343833
266240,0.000343593
266496,0.000343289
266752,0.000342967
267008,0.000342645
267264,0.000342323
267520,0.000341955
267776,0.000341565
268032,0.000341242
268288,0.000340981
268544,0.000340647
268800,0.000340161
269056,0.000339833
269312,0.000339556
269568,0.000339329
269824,0.000339166
270080,0.000338608
270336,0.000338059
270592,0.000337654
270848,0.000337327
271104,0.000336893
271360,0.000336424
271616,0.000336014
271872,0.000335529
272128,0.000335079
272384,0.000334654
272640,0.00033416
272896,0.00033347
273152,0.000331622
273408,0.000328362
273664,0.00032769
273920,0.000327257
274176,0.000326856
274432,0.000326353
274688,0.00032593
274944,0.000325447
275200,0.00032497
275456,0.000324548
275712,0.000324208
275968,0.000323807
276224,0.000323316
276480,0.000322718
276736,0.000322119
276992,0.000321773
277248,0.000321516
277504,0.000321258
277760,0.000321001
278016,0.000320811
278272,0.000320557
278528,0.000320255
278784,0.000320169
279040,0.000319862
279296,0.000319377
279552,0.000318812
279808,0.00031838
280064,0.000318268
280320,0.000317965
280576,0.000317559
280832,0.000317209
281088,0.000316774
281344,0.000316402
281600,0.000315978
281856,0.000315501
282112,0.000315326
282368,0.000315298
282624,0.000314913
282880,0.000314166
283136,0.000313286
283392,0.000312835
283648,0.000312333
283904,0.000311766
284160,0.000311085
284416,0.000310019
284672,0.00030949
284928,0.000308884
285184,0.00030811
285440,0.000307232
285696,0.000306603
285952,0.00030612
286208,0.000305467
286464,0.000304793
286720,0.000304436
286976,0.000304165
287232,0.000303744
287488,0.000302875
287744,0.0003019
288000,0.000301377
288256,0.000301102
288512,0.000298849
288768,0.000297666
289024,0.000297141
289280,0.000296453
289536,0.000295988
289792,0.000295797
290048,0.000295322
290304,0.000294972
290560,0.000294619
290816,0.000294018
291072,0.000293737
291328,0.000293632
291584,0.000293538
291840,0.000293343
292096,0.000293061
292352,0.000292791
292608,0.000292603
292864,0.00029206
293120,0.000291773
293376,0.000291481
293632,0.000290902
293888,0.000289705
294144,0.000287219
294400,0.000286698
294656,0.000284505
294912,0.00028343
295168,0.000283189
295424,0.000282927
295680,0.000282732
295936,0.000282537
296192,0.000282049
296448,0.000281724
296704,0.000281431
296960,0.000281031
297216,0.000280692
297472,0.000280524
297728,0.000280139
297984,0.000279843
298240,0.000279733
298496,0.000279399
298752,0.000279068
299008,0.000278722
299264,0.000278398
299520,0.00027811
299776,0.000277523
300032,0.000277026
300288,0.000276575
300544,0.000276126
300800,0.000275848
301056,0.000275648
301312,0.000275298
301568,0.000274746
301824,0.000274246
302080,0.000273995
302336,0.000273743
302592,0.000273303
302848,0.000272849
303104,0.000272359
303360,0.000271852
303616,0.000271391
303872,0.000270984
304128,0.000270257
304384,0.000268516
304640,0.000266777
304896,0.000265325
305152,0.000263866
305408,0.000263263
305664,0.000262791
305920,0.000262318
306176,0.000261845
306432,0.00026143
306688,0.00026106
306944,0.00026069
307200,0.00026032
307456,0.000259979
307712,0.000259714
307968,0.000259405
308224,0.000258873
308480,0.000258259
308736,0.000255737
308992,0.00025319
309248,0.000252949
309504,0.00025284
309760,0.000252588
310016,0.000252314
310272,0.000252173
310528,0.000252064
310784,0.00025163
311040,0.000251082
311296,0.000250569
311552,0.000250073
311808,0.000249715
312064,0.000249439
312320,0.000249163
312576,0.000248886
312832,0.000248639
313088,0.000248417
313344,0.000247997
313600,0.000247385
313856,0.000246851
314112,0.000246404
314368,0.000245878
314624,0.000245261
314880,0.000244792
315136,0.000244511
315392,0.000244228
315648,0.000243946
315904,0.000243613
316160,0.000243216
316416,0.000242896
316672,0.000242668
316928,0.000242467
317184,0.000242297
317440,0.000241909
317696,0.000241281
317952,0.000240766
318208,0.000240364
318464,0.000239116
318720,0.000237089
318976,0.000235951
319232,0.000235483
319488,0.00023509
319744,0.000234738
320000,0.000234258
320256,0.000233728
320512,0.000233149
320768,0.000232557
321024,0.000232227
321280,0.00023193
321536,0.000231456
321792,0.000230985
322048,0.000230566
322304,0.000230147
322560,0.000229727
322816,0.000229307
323072,0.000228885
323328,0.000228597
323584,0.000228476
323840,0.0002277
324096,0.000226424
324352,0.000225619
324608,0.000225007
324864,0.000223384
325120,0.000221628
325376,0.000221067
325632,0.000220533
325888,0.000220095
326144,0.000219656
326400,0.000219216
326656,0.000218814
326912,0.000218435
327168,0.000218161
327424,0.000217892
327680,0.000217259
327936,0.000216673
328192,0.000216227
328448,0.00021503
328704,0.000213033
328960,0.00021221
329216,0.00021182
329472,0.000208949
329728,0.000206791
329984,0.000206591
330240,0.000206391
330496,0.00020619
330752,0.000205389
331008,0.000204586
331264,0.000204046
331520,0.000203541
331776,0.000203066
332032,0.000201397
332288,0.000199895
332544,0.000199618
332800,0.000199261
333056,0.000198845
333312,0.000198229
333568,0.000197579
333824,0.00019688
334080,0.000196279
334336,0.000195738
334592,0.000195386
334848,0.000194603
335104,0.000193394
335360,0.000192964
335616,0.000192104
335872,0.000190229
336128,0.00018951
336384,0.000189177
336640,0.000188958
336896,0.000188642
337152,0.000188161
337408,0.000186837
337664,0.000186026
337920,0.000185562
338176,0.000184818
338432,0.000184357
338688,0.000184118
338944,0.000183518
339200,0.000182433
339456,0.000180949
339712,0.000180262
339968,0.000179745
340224,0.000179347
340480,0.000178808
340736,0.000178412
340992,0.000178103
341248,0.000177793
341504,0.000177482
341760,0.000177132
342016,0.000176664
342272,0.000176258
342528,0.00017581
342784,0.00017526
343040,0.000174491
343296,0.000173116
343552,0.00017122
343808,0.000170655
344064,0.000170198
344320,0.000169861
344576,0.000169698
344832,0.000169608
345088,0.000168957
345344,0.000167834
345600,0.000167505
345856,0.000167053
346112,0.000166526
346368,0.000165947
346624,0.000165531
346880,0.000165223
347136,0.000164973
347392,0.000164722
347648,0.000164311
347904,0.000163891
348160,0.00016347
348416,0.000163047
348672,0.000162388
348928,0.00016191
349184,0.000161569
349440,0.000161227
349696,0.000160803
349952,0.000158698
350208,0.000156432
350464,0.000155991
350720,0.000155548
350976,0.000155309
351232,0.000154955
351488,0.000154481
351744,0.000154213
352000,0.000153858
352256,0.000153499
352512,0.000152979
352768,0.000152239
353024,0.000151421
353280,0.000151033
353536,0.000150472
353792,0.000149873
354048,0.00014939
354304,0.000149105
354560,0.000148549
354816,0.000148292
355072,0.00014794
355328,0.00014758
355584,0.000147296
355840,0.000146545
356096,0.00014579
356352,0.000145178
356608,0.000144829
356864,0.000144412
357120,0.000143749
357376,0.000143464
357632,0.000143272
357888,0.000142913
358144,0.000141789
358400,0.000140737
358656,0.00014016
358912,0.000139834
359168,0.000139727
359424,0.00013953
359680,0.000139053
359936,0.000136555
360192,0.00013522
360448,0.000134303
360704,0.000133306
360960,0.000132736
361216,0.000132244
361472,0.000131389
361728,0.000130849
361984,0.000130209
362240,0.000129465
362496,0.000128931
362752,0.000128597
363008,0.000128084
363264,0.000127093
363520,0.000126607
363776,0.00012628
364032,0.00012603
364288,0.000125811
364544,0.00012552
364800,0.000125121
365056,0.000124215
365312,0.000123508
365568,0.000123045
365824,0.000122546
366080,0.000122283
366336,0.000121983
366592,0.000121718
366848,0.000121542
367104,0.000121123
367360,0.000120683
367616,0.000120472
367872,0.000120222
368128,0.000119597
368384,0.000119078
368640,0.000116822
368896,0.000115465
369152,0.000114897
369408,0.000112149
369664,0.000111295
369920,0.000110471
370176,0.000109945
370432,0.00010821
370688,0.000107652
370944,0.000107072
371200,0.000106869
371456,0.000106586
371712,0.000106419
371968,0.000106215
372224,0.000105562
372480,0.000105351
372736,0.000104263
372992,0.000103416
373248,0.00010304
373504,0.000102621
373760,0.000102082
374016,0.000100924
374272,9.97729e-05
374528,9.90794e-05
374784,9.89361e-05
375040,9.8641e-05
375296,9.80009e-05
375552,9.75099e-05
375808,9.7152e-05
376064,9.66496e-05
376320,9.63421e-05
376576,9.56855e-05
376832,9.51388e-05
377088,9.48307e-05
377344,9.46852e-05
377600,9.43938e-05
377856,9.36554e-05
378112,9.2662e-05
378368,9.13037e-05
378624,8.94901e-05
378880,8.79998e-05
379136,8.78683e-05
379392,8.75788e-05
379648,8.71052e-05
379904,8.64464e-05
380160,8.60356e-05
380416,8.52397e-05
380672,8.49155e-05
380928,8.43515e-05
381184,8.38596e-05
381440,8.33648e-05
381696,8.29775e-05
381952,8.27025e-05
382208,8.08289e-05
382464,7.86327e-05
382720,7.82077e-05
382976,7.75853e-05
383232,7.73066e-05
383488,7.67275e-05
383744,7.61864e-05
384000,7.59752e-05
384256,7.56896e-05
384512,7.56896e-05
384768,7.43484e-05
385024,7.33808e-05
385280,7.26541e-05
385536,7.16975e-05
385792,7.14879e-05
386048,7.06145e-05
386304,6.87863e-05
386560,6.78661e-05
386816,6.74814e-05
387072,6.70181e-05
387328,6.63979e-05
387584,6.57719e-05
387840,6.49829e-05
388096,6.38393e-05
388352,6.32495e-05
388608,6.24344e-05
388864,6.21126e-05
389120,6.18557e-05
389376,6.11678e-05
389632,6.02842e-05
389888,5.96479e-05
390144,5.84475e-05
390400,5.78546e-05
390656,5.73354e-05
390912,5.70944e-05
391168,5.67256e-05
391424,5.61661e-05
391680,5.57348e-05
391936,5.52893e-05
392192,5.49589e-05
392448,5.42149e-05
392704,5.39996e-05
392960,5.35171e-05
393216,5.27851e-05
393472,5.11942e-05
393728,5.08753e-05
393984,4.79512e-05
394240,4.73154e-05
394496,4.71695e-05
394752,4.69377e-05
395008,4.6863e-05
395264,4.64196e-05
395520,4.62046e-05
395776,4.58634e-05
396032,4.55618e-05
396288,4.518e-05
396544,4.41341e-05
396800,4.33913e-05
397056,4.29744e-05
397312,4.2391e-05
397568,4.14887e-05
397824,4.08687e-05
398080,4.05343e-05
398336,4.0416e-05
398592,3.97308e-05
398848,3.94713e-05
399104,3.90235e-05
399360,3.8587e-05
399616,3.79505e-05
399872,3.74741e-05
400128,3.67637e-05
400384,3.64946e-05
400640,3.58926e-05
400896,3.52729e-05
401152,3.45687e-05
401408,3.3974e-05
401664,3.3439e-05
401920,3.25492e-05
402176,3.09617e-05
402432,3.01933e-05
402688,2.95403e-05
402944,2.91268e-05
403200,2.84556e-05
403456,2.76522e-05
403712,2.70546e-05
403968,2.5957e-05
404224,2.55555e-05
404480,2.49422e-05
404736,2.47021e-05
404992,2.3702e-05
405248,2.30919e-05
405504,2.26008e-05
405760,2.20051e-05
406016,2.15772e-05
406272,2.10433e-05
406528,2.04921e-05
406784,2.02216e-05
407040,1.99397e-05
407296,1.93322e-05
407552,1.91936e-05
407808,1.85295e-05
408064,1.81122e-05
408320,1.72843e-05
408576,1.71714e-05
408832,1.68937e-05
409088,1.64936e-05
409344,1.61245e-05
409600,1.59287e-05
409856,1.56329e-05
410112,1.52509e-05
410368,1.4912e-05
410624,1.47026e-05
410880,1.42342e-05
411136,1.38932e-05
411392,1.36313e-05
411648,1.34434e-05
411904,1.32174e-05
412160,1.29636e-05
412416,1.25382e-05
412672,1.15146e-05
412928,1.12486e-05
413184,1.1184e-05
413440,1.08451e-05
413696,1.00543e-05
413952,9.82834e-06
414208,9.48944e-06
414464,9.00585e-06
414720,8.51351e-06
414976,8.47271e-06
415232,8.35974e-06
415488,8.35974e-06
415744,8.35974e-06
416000,8.24677e-06
416256,8.24677e-06
416512,8.24677e-06
416768,8.24677e-06
417024,8.1338e-06
417280,8.02083e-06
417536,8.02083e-06
417792,7.90786e-06
418048,7.90786e-06
418304,7.90786e-06
418560,7.90786e-06
418816,7.90786e-06
419072,7.90786e-06
419328,7.79489e-06
419584,7.79489e-06
419840,7.56895e-06
420096,7.45598e-06
420352,7.45598e-06
420608,7.4121e-06
420864,7.34301e-06
421120,7.34301e-06
421376,7.24595e-06
421632,7.23004e-06
421888,7.11707e-06
422144,7.11707e-06
422400,7.11707e-06
422656,6.89113e-06
422912,6.89113e-06
423168,6.89113e-06
423424,6.89113e-06
423680,6.89113e-06
423936,6.89113e-06
424192,6.77816e-06
424448,6.77816e-06
424704,6.77816e-06
424960,6.77816e-06
425216,6.77816e-06
425472,6.77816e-06
425728,6.77816e-06
425984,6.77816e-06
426240,6.58086e-06
426496,6.55222e-06
426752,6.55222e-06
427008,6.55222e-06
427264,6.49512e-06
427520,6.43926e-06
427776,6.43926e-06
428032,6.43926e-06
428288,6.43926e-06
428544,6.43926e-06
428800,6.43926e-06
429056,6.43926e-06
429312,6.43926e-06
429568,6.43926e-06
429824,6.43926e-06
430080,6.43926e-06
430336,6.43926e-06
430592,6.43926e-06
430848,6.43926e-06
431104,6.43926e-06
431360,6.43926e-06
431616,6.43926e-06
431872,6.43926e-06
432128,6.43926e-06
432384,6.43926e-06
432640,6.43926e-06
432896,6.43926e-06
433152,6.43926e-06
433408,6.43926e-06
433664,6.43926e-06
433920,6.43926e-06
434176,6.43926e-06
434432,6.43926e-06
434688,6.43926e-06
434944,6.43926e-06
435200,6.43926e-06
435456,6.43926e-06
435712,6.43926e-06
435968,6.43926e-06
436224,6.43926e-06
436480,6.43926e-06
436736,6.43926e-06
436992,6.43926e-06
437248,6.43926e-06
437504,6.43926e-06
437760,6.43926e-06
438016,6.43926e-06
438272,6.43926e-06
438528,6.43926e-06
438784,6.43926e-06
439040,6.43926e-06
439296,6.43926e-06
439552,6.43926e-06
439808,6.43926e-06
440064,6.43926e-06
440320,6.43926e-06
440576,6.21332e-06
440832,6.21332e-06
441088,6.21332e-06
441344,6.21332e-06
441600,6.21332e-06
441856,6.10035e-06
442112,6.10035e-06
442368,5.98738e-06
442624,5.98738e-06
442880,5.98738e-06
443136,5.98738e-06
443392,5.98738e-06
443648,5.98738e-06
443904,5.98738e-06
444160,5.98738e-06
444416,5.98738e-06
444672,5.98738e-06
444928,5.98738e-06
445184,5.98738e-06
445440,5.65161e-06
445696,5.64847e-06
445952,5.64847e-06
446208,5.64847e-06
446464,5.64847e-06
446720,5.64847e-06
446976,5.64847e-06
447232,5.64847e-06
447488,5.64847e-06
447744,5.5355e-06
448000,5.5355e-06
448256,5.5355e-06
448512,5.5355e-06
448768,5.5355e-06
449024,5.5355e-06
449280,5.5355e-06
449536,5.5355e-06
449792,5.5355e-06
450048,5.5355e-06
450304,5.5355e-06
450560,5.5355e-06
450816,5.5355e-06
451072,5.5355e-06
451328,5.5355e-06
451584,5.5355e-06
451840,5.5355e-06
452096,5.5355e-06
452352,5.5355e-06
452608,5.5355e-06
452864,5.5355e-06
453120,5.5355e-06
453376,5.5355e-06
453632,5.5355e-06
453888,5.5355e-06
454144,5.5355e-06
454400,5.5355e-06
454656,5.5355e-06
454912,5.5355e-06
455168,5.5355e-06
455424,5.5355e-06
455680,5.5355e-06
455936,5.5355e-06
456192,5.5355e-06
456448,5.5355e-06
456704,5.4905e-06
456960,5.42253e-06
457216,5.42253e-06
457472,5.42253e-06
457728,5.42253e-06
457984,5.42253e-06
458240,5.42253e-06
458496,5.42253e-06
458752,5.42253e-06
459008,5.42253e-06
459264,5.42253e-06
459520,5.42253e-06
459776,5.42253e-06
460032,5.42253e-06
460288,5.42253e-06
460544,5.42253e-06
460800,5.42253e-06
461056,5.42253e-06
461312,5.42253e-06
461568,5.42253e-06
461824,5.42253e-06
462080,5.42253e-06
462336,5.42253e-06
462592,5.42253e-06
462848,5.42253e-06
463104,5.42253e-06
463360,5.42253e-06
463616,5.42253e-06
463872,5.42253e-06
464128,5.42253e-06
464384,5.42253e-06
464640,5.42253e-06
464896,5.42253e-06
465152,5.42253e-06
465408,5.42253e-06
465664,5.42253e-06
465920,5.42253e-06
466176,5.42253e-06
466432,5.42253e-06
466688,5.42253e-06
466944,5.42253e-06
467200,5.42253e-06
467456,5.42253e-06
467712,5.42253e-06
467968,5.42253e-06
468224,5.42253e-06
468480,5.42253e-06
468736,5.42253e-06
468992,5.42253e-06
469248,5.42253e-06
469504,5.42253e-06
469760,5.42253e-06
