cache_lines,MRC
256,0.01621714018572825
512,0.0017903803714564986
768,-0.003065979442815253
1024,-0.007233339257086999
1280,-0.00965779907135875
1536,-0.011945558885630498
1792,-0.013312518699902251
2048,-0.014310878514174
2304,-0.01512313832844575
2560,-0.015806898142717497
2816,-0.01640925795698925
3072,-0.016875817771261
3328,-0.01723934758553275
3584,-0.017538927399804498
3840,-0.01778343721407625
4096,-0.017945447028348
4352,-0.018108706842619747
4608,-0.018222436656891498
4864,-0.018332486471163246
5120,-0.018416666285434997
5376,-0.018494136099706744
5632,-0.018558765913978495
5888,-0.01858493572825025
6144,-0.018600545542521996
6400,-0.018632945356793745
6656,-0.018657625171065496
6912,-0.018654134985337245
7168,-0.018657154799608992
7424,-0.018656644613880745
7680,-0.018648084428152495
7936,-0.018636144242424244
8192,-0.01861342405669599
8448,-0.018602243870967743
8704,-0.018572023685239494
8960,-0.01854042349951124
9216,-0.018515443313782992
9472,-0.01846529312805474
9728,-0.018416422942326493
9984,-0.01837054275659824
10240,-0.018321222570869992
10496,-0.018260272385141742
10752,-0.018797662199413492
11008,-0.018751752013685237
11264,-0.01870128182795699
11520,-0.018639321642228743
11776,-0.01857099145650049
12032,-0.018490571270772242
12288,-0.01840968108504399
12544,-0.01833223089931574
12800,-0.018251800713587486
13056,-0.018168860527859237
13312,-0.01808458034213099
13568,-0.01799152015640274
13824,-0.017894629970674487
14080,-0.01779766978494624
14336,-0.01769654959921799
14592,-0.017590839413489736
14848,-0.017490379227761487
15104,-0.017385499042033237
15360,-0.017275878856304987
15616,-0.017173858670576733
15872,-0.017066718484848486
16128,-0.016962278299120236
16384,-0.016850398113391986
16640,-0.016743047927663735
16896,-0.016630727741935483
17152,-0.016520497556207235
17408,-0.016409077370478982
17664,-0.01629590718475073
17920,-0.016178566999022488
18176,-0.016065956813294233
18432,-0.01595282662756598
18688,-0.01583272644183773
18944,-0.015718686256109483
19200,-0.015602966070381231
19456,-0.01548244588465298
19712,-0.015362565698924732
19968,-0.015245745513196483
20224,-0.015123685327468231
20480,-0.015004125141739981
20736,-0.014885884956011734
20992,-0.01476626477028348
21248,-0.01464539458455523
21504,-0.014524454398826981
21760,-0.014402244213098731
22016,-0.01428232402737048
22272,-0.014159863841642226
22528,-0.014036753655913978
22784,-0.01391345347018573
23040,-0.013792213284457478
23296,-0.01367350309872923
23552,-0.01355021291300098
23808,-0.013426932727272727
24064,-0.013301952541544476
24320,-0.013177832355816228
24576,-0.01305364217008798
24832,-0.012931391984359726
25088,-0.012807101798631475
25344,-0.012684291612903225
25600,-0.012558711427174976
25856,-0.012431841241446724
26112,-0.012307041055718476
26368,-0.012182650869990225
26624,-0.012056600684261976
26880,-0.011929920498533725
27136,-0.011801760312805474
27392,-0.011677530127077224
27648,-0.011551829941348974
27904,-0.011426459755620722
28160,-0.011302179569892472
28416,-0.011174959384164223
28672,-0.011049179198435972
28928,-0.010923049012707723
29184,-0.010798158826979473
29440,-0.010671348641251223
29696,-0.010545818455522972
29952,-0.010419258269794722
30208,-0.010291998084066471
30464,-0.01016620789833822
30720,-0.010040477712609972
30976,-0.009913197526881721
31232,-0.00978696734115347
31488,-0.009658957155425219
31744,-0.009532046969696971
32000,-0.009403036783968718
32256,-0.00927769659824047
32512,-0.009148396412512217
32768,-0.00902141622678397
33024,-0.008894576041055719
33280,-0.008768665855327467
33536,-0.00864261566959922
33792,-0.008515405483870968
34048,-0.008387585298142718
34304,-0.008260625112414465
34560,-0.008133124926686218
34816,-0.008006284740957966
35072,-0.007878334555229717
35328,-0.007748434369501464
35584,-0.007620494183773216
35840,-0.007493983998044967
36096,-0.007366923812316715
36352,-0.007239583626588466
36608,-0.007110863440860214
36864,-0.006981183255131965
37120,-0.006851973069403713
37376,-0.006723622883675465
37632,-0.006594302697947212
37888,-0.0064664525122189636
38144,-0.006338242326490712
38400,-0.0062092621407624626
38656,-0.006080021955034215
38912,-0.0059519417693059615
39168,-0.005824361583577713
39424,-0.0056941413978494615
39680,-0.005566311212121212
39936,-0.00543816102639296
40192,-0.005311410840664712
40448,-0.005181830654936459
40704,-0.005053700469208211
40960,-0.004924860283479962
41216,-0.00479534009775171
41472,-0.004666839912023461
41728,-0.004537649726295209
41984,-0.00440812954056696
42240,-0.004279989354838708
42496,-0.00415079916911046
42752,-0.004023398983382207
43008,-0.0038934987976539585
43264,-0.0037650386119257064
43520,-0.003635898426197458
43776,-0.003507138240469209
44032,-0.003377178054740957
44288,-0.0032477878690127084
44544,-0.003118847683284456
44800,-0.0029879974975562077
45056,-0.002858857311827955
45312,-0.002729977126099707
45568,-0.0026016469403714543
45824,-0.002474836754643206
46080,-0.0023467565689149535
46336,-0.002219206383186705
46592,-0.0020892861974584564
46848,-0.0019611060117302043
47104,-0.0018319258260019555
47360,-0.0017007456402737034
47616,-0.0015719754545454544
47872,-0.0014452952688172025
48128,-0.0013148250830889536
48384,-0.0011866848973607017
48640,-0.001057714711632453
48896,-9.282845259042005E-4
49152,-7.991043401759522E-4
49408,-6.701341544477035E-4
49664,-5.40043968719451E-4
49920,-4.109337829912023E-4
50176,-2.819635972629501E-4
50432,-1.5273341153470166E-4
50688,-2.3133225806449328E-5
50944,1.0725695992179918E-4
51200,2.3634714565005151E-4
51456,3.653673313782999E-4
51712,4.942375171065523E-4
51968,6.246877028348008E-4
52224,7.556378885630495E-4
52480,8.355333597262955E-4
52736,8.357877194525903E-4
52992,8.362220791788861E-4
53248,8.268364389051809E-4
53504,8.250107986314762E-4
53760,8.235751583577716E-4
54016,8.226195180840669E-4
54272,8.215238778103619E-4
54528,8.19148237536657E-4
54784,8.160125972629521E-4
55040,8.150069569892477E-4
55296,8.150713167155428E-4
55552,8.116756764418379E-4
55808,8.085400361681329E-4
56064,8.079243958944284E-4
56320,8.073087556207236E-4
56576,8.034431153470189E-4
56832,8.008974750733139E-4
57088,7.992518347996094E-4
57344,7.966161945259045E-4
57600,7.948505542521994E-4
57856,7.933449139784947E-4
58112,7.922392737047901E-4
58368,7.896936334310851E-4
58624,7.872379931573806E-4
58880,7.851823528836758E-4
59136,7.83446712609971E-4
59392,7.820810723362659E-4
59648,7.805154320625614E-4
59904,7.781597917888565E-4
60160,7.766741515151515E-4
60416,7.758385112414468E-4
60672,7.75042870967742E-4
60928,7.729772306940372E-4
61184,7.714815904203327E-4
61440,7.707059501466276E-4
61696,7.695503098729228E-4
61952,7.692246695992181E-4
62208,7.686190293255135E-4
62464,7.658733890518084E-4
62720,7.649977487781037E-4
62976,7.633121085043988E-4
63232,7.625764682306941E-4
63488,7.608908279569892E-4
63744,7.598451876832846E-4
64000,7.605095474095796E-4
64256,7.596039071358751E-4
64512,7.582882668621701E-4
64768,7.574426265884657E-4
65024,7.574669863147606E-4
65280,7.56281346041056E-4
65536,7.56075705767351E-4
65792,7.556200654936463E-4
66048,7.560044252199413E-4
66304,7.561487849462366E-4
66560,7.562231446725316E-4
66816,7.549175043988273E-4
67072,7.533018641251224E-4
67328,7.532362238514177E-4
67584,7.529505835777127E-4
67840,7.529549433040079E-4
68096,7.522893030303031E-4
68352,7.517336627565986E-4
68608,7.509380224828936E-4
68864,7.483423822091887E-4
69120,7.472367419354838E-4
69376,7.444811016617794E-4
69632,7.416054613880742E-4
69888,7.421598211143697E-4
70144,7.418641808406648E-4
70400,7.423585405669602E-4
70656,7.422029002932553E-4
70912,7.410972600195506E-4
71168,7.394816197458457E-4
71424,7.385859794721411E-4
71680,7.37380339198436E-4
71936,7.374346989247314E-4
72192,7.374990586510265E-4
72448,7.384234183773219E-4
72704,7.386677781036168E-4
72960,7.385321378299121E-4
73216,7.378064975562071E-4
73472,7.389408572825026E-4
73728,7.393452170087978E-4
73984,7.396695767350929E-4
74240,7.374439364613882E-4
74496,7.358082961876837E-4
74752,7.349226559139783E-4
75008,7.353270156402738E-4
75264,7.348413753665692E-4
75520,7.354057350928641E-4
75776,7.356300948191592E-4
76032,7.365544545454546E-4
76288,7.367688142717497E-4
76544,7.363731739980452E-4
76800,7.361275337243404E-4
77056,7.354718934506357E-4
77312,7.305262531769306E-4
77568,7.306106129032258E-4
77824,7.300149726295209E-4
78080,7.249093323558162E-4
78336,7.245636920821116E-4
78592,7.232480518084069E-4
78848,7.233524115347017E-4
79104,7.231867712609971E-4
79360,7.221711309872922E-4
79616,7.224154907135877E-4
79872,7.172398504398827E-4
80128,7.142742101661778E-4
80384,7.136285698924733E-4
80640,7.131829296187686E-4
80896,7.128072893450637E-4
81152,7.089016490713588E-4
81408,7.08886008797654E-4
81664,7.082203685239493E-4
81920,7.081247282502445E-4
82176,7.074890879765396E-4
82432,7.071634477028349E-4
82688,7.054978074291301E-4
82944,7.030121671554252E-4
83200,7.021465268817204E-4
83456,7.025408866080157E-4
83712,7.018252463343109E-4
83968,7.01609606060606E-4
84224,7.010339657869016E-4
84480,7.002483255131966E-4
84736,7.003126852394919E-4
84992,6.997670449657867E-4
85248,6.994814046920824E-4
85504,6.986757644183775E-4
85760,6.988401241446727E-4
86016,6.986444838709676E-4
86272,6.986088435972631E-4
86528,6.980332033235581E-4
86784,6.978475630498536E-4
87040,6.967619227761486E-4
87296,6.95576282502444E-4
87552,6.955606422287392E-4
87808,6.961850019550342E-4
88064,6.966893616813293E-4
88320,6.90493721407625E-4
88576,6.9129808113392E-4
88832,6.901324408602153E-4
89088,6.886168005865102E-4
89344,6.885211603128057E-4
89600,6.884455200391007E-4
89856,6.88959879765396E-4
90112,6.889542394916911E-4
90368,6.894185992179862E-4
90624,6.895029589442817E-4
90880,6.893073186705768E-4
91136,6.828016783968719E-4
91392,6.805060381231674E-4
91648,6.811703978494624E-4
91904,6.803047575757576E-4
92160,6.795091173020526E-4
92416,6.798034770283479E-4
92672,6.796778367546433E-4
92928,6.794721964809385E-4
93184,6.792665562072335E-4
93440,6.794909159335292E-4
93696,6.801452756598242E-4
93952,6.800596353861192E-4
94208,6.799439951124145E-4
94464,6.804683548387097E-4
94720,6.805927145650049E-4
94976,6.805370742913E-4
95232,6.799814340175954E-4
95488,6.793857937438907E-4
95744,6.785401534701856E-4
96000,6.783245131964809E-4
96256,6.79108872922776E-4
96512,6.786232326490716E-4
96768,6.783575923753665E-4
97024,6.781319521016618E-4
97280,6.784263118279569E-4
97536,6.783906715542524E-4
97792,6.777150312805476E-4
98048,6.765993910068425E-4
98304,6.762837507331377E-4
98560,6.763881104594333E-4
98816,6.760024701857284E-4
99072,6.758168299120235E-4
99328,6.757911896383187E-4
99584,6.732955493646141E-4
99840,6.685899090909089E-4
100096,6.690242688172042E-4
100352,6.695086285434994E-4
100608,6.70122988269795E-4
100864,6.696573479960898E-4
101120,6.707417077223851E-4
101376,6.711760674486802E-4
101632,6.709304271749757E-4
101888,6.719647869012709E-4
102144,6.72459146627566E-4
102400,6.725935063538612E-4
102656,6.701278660801563E-4
102912,6.69552225806452E-4
103168,6.69116585532747E-4
103424,6.692509452590422E-4
103680,6.696753049853371E-4
103936,6.705396647116325E-4
104192,6.710140244379278E-4
104448,6.708883841642227E-4
104704,6.726302551319648E-4
104960,6.724585102639293E-4
105216,6.716267653958943E-4
105472,6.711050205278591E-4
105728,6.711132756598238E-4
105984,6.713115307917887E-4
106240,6.716397859237535E-4
106496,6.715880410557186E-4
106752,6.709562961876832E-4
107008,6.711945513196479E-4
107264,6.708828064516128E-4
107520,6.709110615835778E-4
107776,6.706393167155425E-4
108032,6.709775718475074E-4
108288,6.694458269794722E-4
108544,6.64184082111437E-4
108800,6.651423372434017E-4
109056,6.644005923753665E-4
109312,6.645588475073312E-4
109568,6.644571026392957E-4
109824,6.650453577712611E-4
110080,6.662036129032255E-4
110336,6.660518680351904E-4
110592,6.662201231671554E-4
110848,6.655883782991201E-4
111104,6.56646633431085E-4
111360,6.564648885630496E-4
111616,6.562931436950145E-4
111872,6.557613988269794E-4
112128,6.545396539589441E-4
112384,6.543379090909087E-4
112640,6.544961642228739E-4
112896,6.529444193548383E-4
113152,6.530626744868035E-4
113408,6.539309296187683E-4
113664,6.548091847507331E-4
113920,6.515574398826978E-4
114176,6.516156950146627E-4
114432,6.521239501466275E-4
114688,6.523022052785923E-4
114944,6.52820460410557E-4
115200,6.526487155425217E-4
115456,6.528069706744867E-4
115712,6.511952258064515E-4
115968,6.502834809384162E-4
116224,6.49011736070381E-4
116480,6.481199912023458E-4
116736,6.482682463343108E-4
116992,6.480865014662756E-4
117248,6.482647565982404E-4
117504,6.487330117302052E-4
117760,6.4858126686217E-4
118016,6.489395219941348E-4
118272,6.477977771260997E-4
118528,6.479160322580644E-4
118784,6.469242873900292E-4
119040,6.41632542521994E-4
119296,6.407707976539589E-4
119552,6.417990527859236E-4
119808,6.420273079178883E-4
120064,6.421955630498534E-4
120320,6.417138181818182E-4
120576,6.422820733137829E-4
120832,6.424003284457478E-4
121088,6.425485835777126E-4
121344,6.407168387096774E-4
121600,6.389050938416421E-4
121856,6.386833489736069E-4
122112,6.386216041055718E-4
122368,6.384198592375365E-4
122624,6.374581143695013E-4
122880,6.370863695014661E-4
123136,6.33094624633431E-4
123392,6.298328797653956E-4
123648,6.291311348973606E-4
123904,6.286393900293255E-4
124160,6.283976451612902E-4
124416,6.28425900293255E-4
124672,6.279741554252199E-4
124928,6.270524105571847E-4
125184,6.273406656891495E-4
125440,6.231289208211142E-4
125696,6.187571759530791E-4
125952,6.181354310850439E-4
126208,6.182436862170087E-4
126464,6.183119413489735E-4
126720,6.179801964809383E-4
126976,6.174284516129033E-4
127232,6.172767067448681E-4
127488,6.169949618768328E-4
127744,6.149232170087977E-4
128000,6.129814721407623E-4
128256,6.128997272727271E-4
128512,6.130579824046921E-4
128768,6.114062375366569E-4
129024,6.105544926686215E-4
129280,6.109427478005864E-4
129536,6.114210029325511E-4
129792,6.112492580645161E-4
130048,6.109675131964808E-4
130304,6.107057683284456E-4
130560,6.098140234604107E-4
130816,6.017322785923753E-4
131072,5.962105337243401E-4
131328,5.960287888563049E-4
131584,5.942570439882698E-4
131840,5.913252991202346E-4
132096,5.911835542521994E-4
132352,5.913718093841641E-4
132608,5.910100645161289E-4
132864,5.900183196480937E-4
133120,5.842165747800584E-4
133376,5.807448299120232E-4
133632,5.804230850439884E-4
133888,5.79281340175953E-4
134144,5.74579595307918E-4
134400,5.712178504398827E-4
134656,5.712861055718475E-4
134912,5.709543607038123E-4
135168,5.70092615835777E-4
135424,5.695708709677419E-4
135680,5.682091260997067E-4
135936,5.682073812316715E-4
136192,5.681256363636363E-4
136448,5.66973891495601E-4
136704,5.653721466275657E-4
136960,5.650204017595307E-4
137216,5.644486568914954E-4
137472,5.644969120234605E-4
137728,5.646351671554253E-4
137984,5.6538342228739E-4
138240,5.663916774193548E-4
138496,5.656399325513195E-4
138752,5.666081876832844E-4
139008,5.673464428152491E-4
139264,5.667646979472139E-4
139520,5.663629530791789E-4
139776,5.664012082111437E-4
140032,5.671194633431083E-4
140288,5.672177184750731E-4
140544,5.672259736070383E-4
140800,5.654942287390029E-4
141056,5.646524838709677E-4
141312,5.647007390029326E-4
141568,5.643689941348974E-4
141824,5.647972492668621E-4
142080,5.63895504398827E-4
142336,5.645037595307918E-4
142592,5.636620146627566E-4
142848,5.640902697947212E-4
143104,5.645185249266861E-4
143360,5.65186780058651E-4
143616,5.649050351906157E-4
143872,5.647732903225804E-4
144128,5.644215454545453E-4
144384,5.639098005865103E-4
144640,5.63298055718475E-4
144896,5.643063108504399E-4
145152,5.646645659824047E-4
145408,5.642828211143696E-4
145664,5.635710762463342E-4
145920,5.635193313782991E-4
146176,5.636675865102639E-4
146432,5.646158416422286E-4
146688,5.651740967741934E-4
146944,5.647823519061583E-4
147200,5.652106070381231E-4
147456,5.604688621700881E-4
147712,5.600071173020528E-4
147968,5.594353724340177E-4
148224,5.597136275659823E-4
148480,5.595318826979471E-4
148736,5.59620137829912E-4
148992,5.606383929618768E-4
149248,5.604466480938416E-4
149504,5.596849032258064E-4
149760,5.574831583577712E-4
150016,5.56901413489736E-4
150272,5.565296686217008E-4
150528,5.562379237536656E-4
150784,5.561661788856303E-4
151040,5.558044340175951E-4
151296,5.556826891495602E-4
151552,5.552609442815251E-4
151808,5.548291994134898E-4
152064,5.549874545454545E-4
152320,5.560957096774194E-4
152576,5.545239648093842E-4
152832,5.497922199413489E-4
153088,5.496704750733137E-4
153344,5.494987302052784E-4
153600,5.489469853372432E-4
153856,5.48505240469208E-4
154112,5.471434956011729E-4
154368,5.440017507331379E-4
154624,5.446100058651027E-4
154880,5.437282609970675E-4
155136,5.420065161290323E-4
155392,5.41954771260997E-4
155648,5.421130263929619E-4
155904,5.427212815249268E-4
156160,5.415795366568914E-4
156416,5.394077917888563E-4
156672,5.396860469208211E-4
156928,5.405667849462366E-4
157184,5.406515698924731E-4
157440,5.408663548387097E-4
157696,5.411611397849463E-4
157952,5.406359247311829E-4
158208,5.399507096774195E-4
158464,5.38965494623656E-4
158720,5.383702795698924E-4
158976,5.380150645161292E-4
159232,5.378698494623655E-4
159488,5.374746344086023E-4
159744,5.364694193548388E-4
160000,5.358942043010753E-4
160256,5.355389892473118E-4
160512,5.356037741935484E-4
160768,5.347785591397851E-4
161024,5.322533440860215E-4
161280,5.313981290322582E-4
161536,5.312329139784946E-4
161792,5.308676989247312E-4
162048,5.302324838709677E-4
162304,5.292172688172044E-4
162560,5.285320537634409E-4
162816,5.277868387096776E-4
163072,5.26101623655914E-4
163328,5.254264086021507E-4
163584,5.257011935483871E-4
163840,5.246359784946237E-4
164096,5.238307634408601E-4
164352,5.243255483870968E-4
164608,5.241303333333334E-4
164864,5.235351182795698E-4
165120,5.240399032258067E-4
165376,5.23854688172043E-4
165632,5.225894731182797E-4
165888,5.223342580645161E-4
166144,5.223590430107527E-4
166400,5.221938279569892E-4
166656,5.223786129032258E-4
166912,5.228733978494622E-4
167168,5.22758182795699E-4
167424,5.227229677419354E-4
167680,5.229977526881721E-4
167936,5.229625376344084E-4
168192,5.224873225806452E-4
168448,5.187621075268816E-4
168704,5.169668924731182E-4
168960,5.172316774193549E-4
169216,5.165164623655914E-4
169472,5.15861247311828E-4
169728,5.156860322580645E-4
169984,5.156508172043011E-4
170240,5.156156021505376E-4
170496,5.147603870967743E-4
170752,5.143551720430107E-4
171008,5.143999569892474E-4
171264,5.117847419354837E-4
171520,5.099195268817205E-4
171776,5.101743118279569E-4
172032,5.106090967741935E-4
172288,5.110538817204302E-4
172544,5.113186666666667E-4
172800,5.117034516129034E-4
173056,5.121882365591397E-4
173312,5.108730215053765E-4
173568,5.09647806451613E-4
173824,5.085425913978496E-4
174080,5.083973763440859E-4
174336,5.082421612903226E-4
174592,5.075969462365591E-4
174848,5.066217311827958E-4
175104,5.055765161290321E-4
175360,5.049113010752689E-4
175616,5.043860860215054E-4
175872,5.039608709677419E-4
176128,5.039856559139783E-4
176384,5.03700440860215E-4
176640,5.030352258064516E-4
176896,5.033900107526881E-4
177152,5.037147956989249E-4
177408,5.037295806451611E-4
177664,5.037543655913978E-4
177920,5.037691505376343E-4
178176,5.03783935483871E-4
178432,5.033387204301074E-4
178688,5.022935053763441E-4
178944,4.986282903225805E-4
179200,4.970830752688172E-4
179456,4.970978602150536E-4
179712,4.971126451612904E-4
179968,4.971174301075269E-4
180224,4.971322150537634E-4
180480,4.973570000000001E-4
180736,4.966117849462366E-4
180992,4.945365698924731E-4
181248,4.936913548387095E-4
181504,4.929961397849463E-4
181760,4.923009247311827E-4
182016,4.916057096774195E-4
182272,4.911204946236559E-4
182528,4.911252795698924E-4
182784,4.911200645161288E-4
183040,4.910548494623656E-4
183296,4.90819634408602E-4
183552,4.897144193548386E-4
183808,4.885192043010752E-4
184064,4.8804398924731174E-4
184320,4.8756877419354853E-4
184576,4.868535591397848E-4
184832,4.8519834408602145E-4
185088,4.82393129032258E-4
185344,4.7941791397849466E-4
185600,4.7797269892473114E-4
185856,4.775174838709678E-4
186112,4.7736226881720423E-4
186368,4.7662705376344083E-4
186624,4.760618387096773E-4
186880,4.7507662365591386E-4
187136,4.7219140860215044E-4
187392,4.7134619354838704E-4
187648,4.711609784946234E-4
187904,4.704157634408601E-4
188160,4.694805483870967E-4
188416,4.6862533333333323E-4
188672,4.681101182795697E-4
188928,4.677949032258063E-4
189184,4.675196881720429E-4
189440,4.672444731182795E-4
189696,4.6492925806451615E-4
189952,4.631440430107525E-4
190208,4.6285882795698923E-4
190464,4.6191361290322567E-4
190720,4.6090839784946225E-4
190976,4.598931827956989E-4
191232,4.5983796774193546E-4
191488,4.5850275268817205E-4
191744,4.5577753763440844E-4
192000,4.500823225806451E-4
192256,4.479071075268817E-4
192512,4.477218924731182E-4
192768,4.469266774193548E-4
193024,4.4613146236559124E-4
193280,4.4555624731182786E-4
193536,4.4550103225806455E-4
193792,4.44795817204301E-4
194048,4.4399060215053756E-4
194304,4.431953870967741E-4
194560,4.4338017204301064E-4
194816,4.4299495698924723E-4
195072,4.4221974193548374E-4
195328,4.416545268817203E-4
195584,4.418193118279569E-4
195840,4.4187409677419345E-4
196096,4.4105888172043E-4
196352,4.409036666666665E-4
196608,4.407184516129032E-4
196864,4.4037323655913955E-4
197120,4.3954802150537615E-4
197376,4.392028064516128E-4
197632,4.3907759139784927E-4
197888,4.3875237634408604E-4
198144,4.390271612903225E-4
198400,4.3916194623655914E-4
198656,4.388367311827956E-4
198912,4.392515161290322E-4
199168,4.3910630107526865E-4
199424,4.385610860215053E-4
199680,4.382258709677418E-4
199936,4.384806559139783E-4
200192,4.386354408602149E-4
200448,4.383002258064514E-4
200704,4.38205010752688E-4
200960,4.3826979569892453E-4
201216,4.3835458064516125E-4
201472,4.3801936559139765E-4
201728,4.3845415053763424E-4
201984,4.388589354838708E-4
202240,4.3877372043010744E-4
202496,4.38938505376344E-4
202752,4.3881329032258057E-4
203008,4.382880752688171E-4
203264,4.3692286021505366E-4
203520,4.3695764516129014E-4
203776,4.3697243010752673E-4
204032,4.363672150537633E-4
204288,4.357619999999999E-4
204544,4.3547678494623634E-4
204800,4.34891569892473E-4
205056,4.3272635483870955E-4
205312,4.3212113978494614E-4
205568,4.3176592473118266E-4
205824,4.3140070967741923E-4
206080,4.3104549462365574E-4
206336,4.312502795698923E-4
206592,4.3167506451612884E-4
206848,4.3208984946236544E-4
207104,4.3250463440860205E-4
207360,4.324394193548387E-4
207616,4.32204204301075E-4
207872,4.3235898924731165E-4
208128,4.320537741935482E-4
208384,4.3194855913978485E-4
208640,4.320233440860213E-4
208896,4.31658129032258E-4
209152,4.328372600195503E-4
209408,4.330105200391006E-4
209664,4.33183780058651E-4
209920,4.333470400782012E-4
210176,4.3315030009775165E-4
210432,4.3270356011730214E-4
210688,4.320768201368523E-4
210944,4.296400801564028E-4
211200,4.2834334017595303E-4
211456,4.277866001955035E-4
211712,4.2741986021505366E-4
211968,4.2730312023460404E-4
212224,4.2719638025415436E-4
212480,4.2701964027370477E-4
212736,4.266529002932551E-4
212992,4.265161603128054E-4
213248,4.2521942033235563E-4
213504,4.235726803519061E-4
213760,4.239959403714565E-4
214016,4.2441920039100673E-4
214272,4.24832460410557E-4
214528,4.250757204301075E-4
214784,4.246989804496579E-4
215040,4.2384224046920814E-4
215296,4.2262550048875855E-4
215552,4.21348760508309E-4
215808,4.206920205278591E-4
216064,4.207552805474095E-4
216320,4.205985405669599E-4
216576,4.200618005865103E-4
216832,4.191350606060605E-4
217088,4.1794832062561093E-4
217344,4.1623158064516127E-4
217600,4.142048406647116E-4
217856,4.121681006842619E-4
218112,4.1202136070381224E-4
218368,4.113246207233627E-4
218624,4.105778807429129E-4
218880,4.1018114076246323E-4
219136,4.100444007820135E-4
219392,4.1011766080156396E-4
219648,4.0907092082111444E-4
219904,4.070741808406647E-4
220160,4.066574408602149E-4
220416,4.059907008797654E-4
220672,4.059439608993156E-4
220928,4.06007220918866E-4
221184,4.0531048093841635E-4
221440,4.051637409579668E-4
221696,4.052070009775171E-4
221952,4.055802609970674E-4
222208,4.0608352101661777E-4
222464,4.056467810361682E-4
222720,4.040100410557185E-4
222976,4.008733010752688E-4
223232,3.98016561094819E-4
223488,3.9786982111436945E-4
223744,3.9798308113391976E-4
224000,3.9766634115347E-4
224256,3.973496011730206E-4
224512,3.971228611925708E-4
224768,3.9666612121212123E-4
225024,3.932293812316714E-4
225280,3.918426412512217E-4
225536,3.9138590127077227E-4
225792,3.910791612903225E-4
226048,3.914624213098729E-4
226304,3.913256813294233E-4
226560,3.897989413489736E-4
226816,3.885822013685238E-4
227072,3.887354613880741E-4
227328,3.8911872140762454E-4
227584,3.8976198142717485E-4
227840,3.9004524144672524E-4
228096,3.903885014662755E-4
228352,3.910517614858259E-4
228608,3.9172502150537636E-4
228864,3.905182815249267E-4
229120,3.899715415444768E-4
229376,3.896548015640274E-4
229632,3.8904806158357767E-4
229888,3.87991321603128E-4
230144,3.883245816226783E-4
230400,3.884978416422288E-4
230656,3.8873110166177905E-4
230912,3.8895436168132937E-4
231168,3.8875762170087957E-4
231424,3.888508817204301E-4
231680,3.889341417399804E-4
231936,3.8852740175953076E-4
232192,3.879406617790812E-4
232448,3.8779392179863134E-4
232704,3.8816718181818185E-4
232960,3.8854044183773214E-4
233216,3.8796370185728243E-4
233472,3.860069618768328E-4
233728,3.8343022189638303E-4
233984,3.8292348191593334E-4
234240,3.818267419354838E-4
234496,3.8164000195503416E-4
234752,3.812132619745844E-4
235008,3.797865219941348E-4
235264,3.777097820136851E-4
235520,3.786630420332355E-4
235776,3.7906630205278584E-4
236032,3.794295620723362E-4
236288,3.7948282209188653E-4
236544,3.7944608211143687E-4
236800,3.7965934213098724E-4
237056,3.7884260215053744E-4
237312,3.7910586217008784E-4
237568,3.7903912218963814E-4
237824,3.7618238220918853E-4
238080,3.7280564222873897E-4
238336,3.734589022482892E-4
238592,3.741121622678396E-4
238848,3.744854222873899E-4
239104,3.752886823069402E-4
239360,3.757319423264906E-4
239616,3.743252023460411E-4
239872,3.7104846236559136E-4
240128,3.7018172238514175E-4
240384,3.69024982404692E-4
240640,3.6911824242424223E-4
240896,3.6927150244379274E-4
241152,3.6931476246334304E-4
241408,3.690880224828933E-4
241664,3.6814128250244364E-4
241920,3.6666454252199407E-4
242176,3.672278025415444E-4
242432,3.669110625610947E-4
242688,3.665343225806451E-4
242944,3.6667758260019545E-4
243200,3.668908426197456E-4
243456,3.660441026392961E-4
243712,3.654673626588464E-4
243968,3.651806226783967E-4
244224,3.651538826979471E-4
244480,3.6518714271749743E-4
244736,3.6537040273704777E-4
244992,3.655036627565982E-4
245248,3.653369227761484E-4
245504,3.656601827956989E-4
245760,3.6538344281524914E-4
246016,3.6509670283479956E-4
246272,3.650399628543498E-4
246528,3.650632228739002E-4
246784,3.650864828934504E-4
247040,3.6510974291300083E-4
247296,3.6511300293255125E-4
247552,3.649862629521015E-4
247808,3.64849522971652E-4
248064,3.651027829912022E-4
248320,3.654260430107526E-4
248576,3.6534930303030295E-4
248832,3.6490256304985333E-4
249088,3.642958230694036E-4
249344,3.632190830889539E-4
249600,3.6214234310850437E-4
249856,3.615056031280546E-4
250112,3.60888863147605E-4
250368,3.606021231671553E-4
250624,3.6045538318670565E-4
250880,3.60308643206256E-4
251136,3.6016190322580633E-4
251392,3.598651632453568E-4
251648,3.589184232649069E-4
251904,3.5797168328445723E-4
252160,3.579149433040078E-4
252416,3.5790820332355796E-4
252672,3.574714633431083E-4
252928,3.568347233626587E-4
253184,3.5626798338220895E-4
253440,3.5578124340175947E-4
253696,3.5533450342130964E-4
253952,3.550077634408601E-4
254208,3.546810234604104E-4
254464,3.543542834799607E-4
254720,3.5402754349951105E-4
254976,3.514208035190615E-4
255232,3.481740635386119E-4
255488,3.4632732355816215E-4
255744,3.4549058357771247E-4
256000,3.44783843597263E-4
256256,3.442771036168133E-4
256512,3.4343036363636346E-4
256768,3.412736236559138E-4
257024,3.391668836754641E-4
257280,3.388101436950145E-4
257536,3.3844340371456483E-4
257792,3.380766637341152E-4
258048,3.3770992375366563E-4
258304,3.37233183773216E-4
258560,3.3669644379276625E-4
258816,3.365297038123165E-4
259072,3.3665296383186697E-4
259328,3.363762238514173E-4
259584,3.3549948387096766E-4
259840,3.34662743890518E-4
260096,3.339560039100683E-4
260352,3.333192639296187E-4
260608,3.332725239491689E-4
260864,3.332257839687193E-4
261120,3.335090439882697E-4
