cache_lines,MRC
256,0.0160851
512,0.010411910696086093
768,0.008602518786632742
1024,0.007253019787794171
1280,0.0064068499508123135
1536,0.0057789167963376
1792,0.0051745032709915855
2048,0.004793730938675904
2304,0.004492534109787531
2560,0.00420954338453031
2816,0.003952547081099279
3072,0.003712392105914751
3328,0.003506174545295041
3584,0.0033330118444914077
3840,0.003196461518006493
4096,0.0030790908349271062
4352,0.0029699088041555844
4608,0.002875229786471546
4864,0.002791423479351839
5120,0.002716624689770783
5376,0.002649677907902709
5632,0.0025885541676757863
5888,0.0025295321815412154
6144,0.00247533240176572
6400,0.002425772858298012
6656,0.002381062816697076
6912,0.002339446265967996
7168,0.0022943267917516635
7424,0.0022554579887970033
7680,0.0022141416886525458
7936,0.0021766467595850953
8192,0.002142682049512585
8448,0.0021087355364452064
8704,0.00207625388229068
8960,0.00204489134395156
9216,0.002014238488812454
9472,0.0019835674366682227
9728,0.0019558352008522562
9984,0.0019307415307799336
10240,0.0019042648883178404
10496,0.0018750404980813293
10752,0.001851020451311594
11008,0.0018258539932187578
11264,0.0018026073191669892
11520,0.0017815169902229543
11776,0.0017611272459763724
12032,0.0017425844977503446
12288,0.00172454216716535
12544,0.0013671438879373377
12800,0.0013433240082240186
13056,0.0013231708250441097
13312,0.001303645438541133
13568,0.001286758617781802
13824,0.0012721464226635518
14080,0.001257525129042732
14336,0.001244805422457848
14592,0.0012319583368370652
14848,0.0012195843733496282
15104,0.0012081020631134875
15360,0.0011954824400568134
15616,0.0011856742542925031
15872,0.0011740190725076458
16128,0.0011655665636254153
16384,0.0011552761572252018
16640,0.0011488799099225039
16896,0.0011411279857377245
17152,0.0011335125390914136
17408,0.001127480231891284
17664,0.001120610862455242
17920,0.0011101566830088675
18176,0.0011020863112343442
18432,0.0010955353893880512
18688,0.0010898033327725477
18944,0.0010842896402185852
19200,0.0010797039949261792
19456,0.0010740720218388785
19712,0.0010690951409362114
19968,0.0010636815319104605
20224,0.0010587592420231752
20480,0.0010531090719307495
20736,0.0010475134928537091
20992,0.0010441379484023555
21248,0.001039752470166369
21504,0.0010358219170585898
21760,0.0010327284261867353
22016,0.001028797873078956
22272,0.0010256315941865827
22528,0.0010222924437454858
22784,0.0010192626423915756
23040,0.0010161509545145875
23296,0.001013284926206835
23552,0.0010108829215298622
23808,0.0010084263258375008
24064,0.0010057422675810376
24320,0.001002976322801493
24576,0.0010000557034783551
24832,9.96616469509052E-4
25088,9.932591220628267E-4
25344,9.90338502739687E-4
25600,9.866172151908933E-4
25856,9.841970135087887E-4
26112,9.817131223087364E-4
26368,9.792656251189445E-4
26624,9.761903312522115E-4
26880,9.731241358880462E-4
27136,9.708404117444083E-4
27392,9.692117797854005E-4
27648,9.671555182058714E-4
27904,9.644987554570956E-4
28160,9.630156995391135E-4
28416,9.608502559288121E-4
28672,9.58784895846717E-4
28928,9.568287177953976E-4
29184,9.55181888831258E-4
29440,9.538717044620011E-4
29696,9.524432395594078E-4
29952,9.504597660003906E-4
30208,9.487583460208674E-4
30464,9.46638394923387E-4
30720,9.44955171948994E-4
30976,9.424530837438116E-4
31232,9.41242982902761E-4
31488,9.394323808924673E-4
31744,9.378128474360221E-4
32000,9.364662690565084E-4
32256,9.348103415898062E-4
32512,9.336002407487557E-4
32768,9.31562176174355E-4
33024,9.299790367281666E-4
33280,9.290145954563515E-4
33536,9.275861305537581E-4
33792,9.254388839485851E-4
34048,9.230186822664823E-4
34304,9.217812859177374E-4
34560,9.200525704305233E-4
34816,9.174322016920079E-4
35072,9.162948888714675E-4
35328,9.14602567394512E-4
35584,9.13165003989351E-4
35840,9.108175903277654E-4
36096,9.093527314149117E-4
36352,9.076331144302636E-4
36608,9.05804315414838E-4
36864,9.046124115789159E-4
37120,9.029655826147814E-4
37376,9.019465503275793E-4
37632,9.007546464916555E-4
37888,8.991078175275176E-4
38144,8.966694188402881E-4
38400,8.949943845181982E-4
38656,8.931865120586774E-4
38912,8.921756684237836E-4
39168,8.904223869796446E-4
39424,8.88914765104741E-4
39680,8.876964756113805E-4
39936,8.867784367026423E-4
40192,8.857776014205739E-4
40448,8.838814734861734E-4
40704,8.819798864502359E-4
40960,8.8041403415892E-4
41216,8.792967380440268E-4
41472,8.778682731414335E-4
41728,8.766982057116669E-4
41984,8.754726374162539E-4
42240,8.749394651659838E-4
42496,8.736274610962168E-4
42752,8.723709578920841E-4
43008,8.713355483002689E-4
43264,8.70500305764868E-4
43520,8.6948036362741E-4
43776,8.684476835863607E-4
44032,8.672020985853093E-4
44288,8.662494853668296E-4
44544,8.65378758671426E-4
44800,8.645580737401248E-4
45056,8.636864371944671E-4
45312,8.623653346221342E-4
45568,8.614272790077541E-4
45824,8.606939397010713E-4
46080,8.595493480784821E-4
46336,8.590161758282155E-4
46592,8.582828365215345E-4
46848,8.568197973091943E-4
47104,8.561628854240506E-4
47360,8.546889280086397E-4
47616,8.537272162875906E-4
47872,8.525580587080799E-4
48128,8.516664054567802E-4
48384,8.505081660803455E-4
48640,8.492480234751874E-4
48896,8.481434652638838E-4
49152,8.473355182361773E-4
49408,8.466285645869313E-4
49664,8.458934055797368E-4
49920,8.449116771530474E-4
50176,8.437215930176406E-4
50432,8.420192631878581E-4
50688,8.405098216124392E-4
50944,8.39533552287294E-4
51200,8.386591861908668E-4
51456,8.377320487795627E-4
51712,8.366429580226199E-4
51968,8.3595693092927E-4
52224,8.350916633354036E-4
52480,8.34079E-4
52736,8.331812690005261E-4
52992,8.316938939032088E-4
53248,8.309656106996318E-4
53504,8.300208108679642E-4
53760,8.287354038506049E-4
54016,8.278719047290899E-4
54272,8.270683113940032E-4
54528,8.265308709100473E-4
54784,8.256682275854814E-4
55040,8.245274502524986E-4
55296,8.233404598842715E-4
55552,8.22426468742767E-4
55808,8.214226189216202E-4
56064,8.2089715959495E-4
56320,8.204684053235139E-4
56576,8.195475678064177E-4
56832,8.189262592214624E-4
57088,8.181149637138349E-4
57344,8.171650291004735E-4
57600,8.164221973487639E-4
57856,8.154662721567596E-4
58112,8.147422679379274E-4
58368,8.138239978116781E-4
58624,8.129699124566018E-4
58880,8.122476198316675E-4
59136,8.11602348932141E-4
59392,8.106592606943714E-4
59648,8.091179703892688E-4
59904,8.079198546607049E-4
60160,8.070726156812203E-4
60416,8.062279440925828E-4
60672,8.056896478116781E-4
60928,8.050734740084166E-4
61184,8.008749341767491E-4
61440,7.996614141031036E-4
61696,7.987688178853234E-4
61952,7.981303933613888E-4
62208,7.971599196212521E-4
62464,7.959378415781168E-4
62720,7.950794772382957E-4
62976,7.939309977327721E-4
63232,7.931034420831141E-4
63488,7.921244103734876E-4
63744,7.911316859126775E-4
64000,7.898445673014203E-4
64256,7.887166269226723E-4
64512,7.877256140557601E-4
64768,7.866952345291951E-4
65024,7.85536485460284E-4
65280,7.851017406102052E-4
65536,7.84412824066281E-4
65792,7.832266894950027E-4
66048,7.824111150026301E-4
66304,7.817153520831141E-4
66560,7.806652892267228E-4
66816,7.795262234876381E-4
67072,7.78566019310889E-4
67328,7.781629389479221E-4
67584,7.776006803524461E-4
67840,7.76441075486586E-4
68096,7.75842017622304E-4
68352,7.751907561441348E-4
68608,7.746695758022094E-4
68864,7.737187853918989E-4
69120,7.72890373945292E-4
69376,7.721997458074697E-4
69632,7.715621770804839E-4
69888,7.705814337769596E-4
70144,7.698908056391373E-4
70400,7.693448071856918E-4
70656,7.686807087532877E-4
70912,7.675784422830089E-4
71168,7.666832786743818E-4
71424,7.65880541136244E-4
71680,7.653388216675434E-4
71936,7.648826818937402E-4
72192,7.642802008416623E-4
72448,7.637016821041557E-4
72704,7.631882039347711E-4
72960,7.625455004260915E-4
73216,7.618831135875855E-4
73472,7.610410093897949E-4
73728,7.602382718516571E-4
73984,7.595322393687533E-4
74240,7.590632626407154E-4
74496,7.585925743187796E-4
74752,7.575416556654393E-4
75008,7.572181644187269E-4
75264,7.564274080378748E-4
75520,7.555681879011047E-4
75776,7.547466228300894E-4
76032,7.539704149973699E-4
76288,7.53567334634403E-4
76544,7.529614303945293E-4
76800,7.522879181956865E-4
77056,7.514500929826408E-4
77312,7.511873633193057E-4
77568,7.501364446659653E-4
77824,7.49250694823777E-4
78080,7.484950261178328E-4
78336,7.476845864071542E-4
78592,7.464488156128353E-4
78848,7.455682005523408E-4
79104,7.451266093266701E-4
79360,7.442451384692267E-4
79616,7.437761617411888E-4
79872,7.432892132772225E-4
80128,7.426910112098895E-4
80384,7.419507468490268E-4
80640,7.414364128826934E-4
80896,7.403555413361389E-4
81152,7.392969205102578E-4
81408,7.388228090005261E-4
81664,7.379918301630721E-4
81920,7.376760410889007E-4
82176,7.37496323729616E-4
82432,7.368810057233036E-4
82688,7.362237536664913E-4
82944,7.355314139347712E-4
83200,7.349665879484482E-4
83456,7.345198619410836E-4
83712,7.336726229615992E-4
83968,7.3311293175697E-4
84224,7.328219607943187E-4
84480,7.322374514781695E-4
84736,7.318249573487639E-4
84992,7.312789588953182E-4
85248,7.303846510836402E-4
85504,7.298651823356129E-4
85760,7.294578229879011E-4
86016,7.289443448185165E-4
86272,7.28167281188848E-4
86528,7.276495240347185E-4
86784,7.271172183324566E-4
87040,7.263067786217781E-4
87296,7.253619787901105E-4
87552,7.24416323161494E-4
87808,7.238951428195687E-4
88064,7.21693177269858E-4
88320,7.189888589110994E-4
88576,7.183598481536034E-4
88832,7.179935670594425E-4
89088,7.168365295844293E-4
89344,7.146499683798001E-4
89600,7.141809916517622E-4
89856,7.137479583955812E-4
90112,7.134107743976855E-4
90368,7.130325121462388E-4
90624,7.126739332246186E-4
90880,7.118258384481851E-4
91136,7.075545558758548E-4
91392,7.067603763072068E-4
91648,7.061921271330878E-4
91904,7.052396251288795E-4
92160,7.04928970836402E-4
92416,7.043829723829563E-4
92672,7.037727891583377E-4
92928,7.033431790899527E-4
93184,7.026867828300895E-4
93440,7.021981227722251E-4
93696,7.017984655970542E-4
93952,7.012002635297212E-4
94208,7.006320143556023E-4
94464,6.999311166543925E-4
94720,6.992644508311415E-4
94976,6.98816869026828E-4
95232,6.979747648290374E-4
95488,6.973046758179905E-4
95744,6.966628281062598E-4
96000,6.956059188742768E-4
96256,6.950505066543925E-4
96512,6.948228646659653E-4
96768,6.936538460336665E-4
97024,6.929871802104155E-4
97280,6.923915455339295E-4
97536,6.917882086849027E-4
97792,6.911078501104682E-4
98048,6.906097762861652E-4
98304,6.899354082903735E-4
98560,6.893431968016833E-4
98816,6.890162823671752E-4
99072,6.883872716096791E-4
99328,6.876393050762757E-4
99584,6.872995536875328E-4
99840,6.869854762072594E-4
100096,6.866097813466596E-4
100352,6.85437339526565E-4
100608,6.823641726827986E-4
100864,6.819841988374539E-4
101120,6.814253634297738E-4
101376,6.810008881430826E-4
101632,6.806465882062073E-4
101888,6.801117151130984E-4
102144,6.798695245765387E-4
102400,6.793637485796949E-4
102656,6.789572450289321E-4
102912,6.785438951025775E-4
103168,6.777171952498685E-4
103424,6.770479620357707E-4
103680,6.740201524302999E-4
103936,6.735665800473435E-4
104192,6.727381686007364E-4
104448,6.719046223724356E-4
104704,6.71392E-4
104960,6.709593049074819E-4
105216,6.704258213998391E-4
105472,6.698271729686242E-4
105728,6.691312115848754E-4
105984,6.68629007240547E-4
106240,6.683127401448109E-4
106496,6.679200128720837E-4
106752,6.671684440868866E-4
107008,6.663812518101367E-4
107264,6.658564569589703E-4
107520,6.650536251005632E-4
107776,6.642255961383748E-4
108032,6.635192083668545E-4
108288,6.629492325020113E-4
108544,6.624079292035398E-4
108800,6.614513081255028E-4
109056,6.612219275945294E-4
109312,6.60824855993564E-4
109568,6.604269155269509E-4
109824,6.59995958165728E-4
110080,6.594650812550281E-4
110336,6.590271729686243E-4
110592,6.584024585679807E-4
110848,6.577959903459373E-4
111104,6.573719839098954E-4
111360,6.571000289621882E-4
111616,6.564857409493162E-4
111872,6.55757631536605E-4
112128,6.553032148028963E-4
112384,6.549469798873693E-4
112640,6.544838744971843E-4
112896,6.541537055510861E-4
113152,6.535541882542236E-4
113408,6.502846468222044E-4
113664,6.497277039420756E-4
113920,6.495200450522928E-4
114176,6.494331584875302E-4
114432,6.490943008849557E-4
114688,6.486285888978278E-4
114944,6.47892659694288E-4
115200,6.472766339501206E-4
115456,6.467344617860016E-4
115712,6.461922896218825E-4
115968,6.459446629123089E-4
116224,6.453008334674176E-4
116480,6.445735929203539E-4
116736,6.443007691069992E-4
116992,6.439671246983106E-4
117248,6.436187095736122E-4
117504,6.432494416733709E-4
117760,6.430035526950926E-4
118016,6.426273338696701E-4
118272,6.420495382139984E-4
118528,6.415803507642799E-4
118784,6.414439388576026E-4
119040,6.409982107803701E-4
119296,6.406437135961383E-4
119552,6.402900852775543E-4
119808,6.40016392598552E-4
120064,6.394021045856798E-4
120320,6.385792888173774E-4
120576,6.378850651649235E-4
120832,6.375010265486725E-4
121088,6.372690394207563E-4
121344,6.370292325020112E-4
121600,6.365904553499597E-4
121856,6.35772852775543E-4
122112,6.356347031375704E-4
122368,6.348205760257442E-4
122624,6.331028286403861E-4
122880,6.310557811745777E-4
123136,6.303572131938857E-4
123392,6.297742043443283E-4
123648,6.291946709573613E-4
123904,6.287767465808527E-4
124160,6.282693290426387E-4
124416,6.278401094127112E-4
124672,6.274951697506034E-4
124928,6.266549766693483E-4
125184,6.26111066773934E-4
125440,6.259164408688657E-4
125696,6.233871729686242E-4
125952,6.220864810941272E-4
126208,6.215721126307321E-4
126464,6.212184843121481E-4
126720,6.208057731295253E-4
126976,6.203808978278359E-4
127232,6.199516781979083E-4
127488,6.194555559131134E-4
127744,6.191054030571199E-4
128000,6.187578567980692E-4
128256,6.182608656476267E-4
128512,6.175675108608206E-4
128768,6.169323700724055E-4
129024,6.163745583266291E-4
129280,6.158749605792437E-4
129536,6.154874465004023E-4
129792,6.150147835880934E-4
130048,6.143631343523733E-4
130304,6.134334481094127E-4
130560,6.127852743362832E-4
130816,6.122622172164119E-4
131072,6.116878970233307E-4
131328,6.111135768302494E-4
131584,6.106582912308931E-4
131840,6.102568753016894E-4
132096,6.096808173773129E-4
132352,6.093428286403861E-4
132608,6.089196910699919E-4
132864,6.083340756234915E-4
133120,6.076832952534192E-4
133376,6.070863845534996E-4
133632,6.066215414320193E-4
133888,6.062027481898633E-4
134144,6.026386613032984E-4
134400,6.012302300884956E-4
134656,6.00791452936444E-4
134912,6.003500691874498E-4
135168,5.996906001609011E-4
135424,5.993248077232502E-4
135680,5.990068028962188E-4
135936,5.984933032984715E-4
136192,5.980519195494771E-4
136448,5.973672534191472E-4
136704,5.966530458567981E-4
136960,5.961369396621078E-4
137216,5.956938181818182E-4
137472,5.95398403861625E-4
137728,5.951759742558327E-4
137984,5.949509380530973E-4
138240,5.944330941271118E-4
138496,5.922904714400644E-4
138752,5.90305982300885E-4
139008,5.899262880128721E-4
139264,5.894040997586484E-4
139520,5.89099996781979E-4
139776,5.888445502815769E-4
140032,5.885526114239743E-4
140288,5.883284440868866E-4
140544,5.876880901045856E-4
140800,5.870833596138375E-4
141056,5.8622578921963E-4
141312,5.83439337087691E-4
141568,5.827511954947707E-4
141824,5.825461432019309E-4
142080,5.823662880128721E-4
142336,5.819127401448109E-4
142592,5.80939610619469E-4
142848,5.803157650844731E-4
143104,5.798596106194691E-4
143360,5.793739147224457E-4
143616,5.786127884151247E-4
143872,5.78097551086082E-4
144128,5.777586934835076E-4
144384,5.774580659694288E-4
144640,5.769237135961384E-4
144896,5.76461477071601E-4
145152,5.761547674979887E-4
145408,5.75837631536605E-4
145664,5.753250008045052E-4
145920,5.743284119066774E-4
146176,5.739591440064361E-4
146432,5.73728894609815E-4
146688,5.721353950120676E-4
146944,5.667128045052293E-4
147200,5.659899082864039E-4
147456,5.652305197103781E-4
147712,5.635136411906678E-4
147968,5.612632791633145E-4
148224,5.607124183427193E-4
148480,5.603153467417538E-4
148736,5.599208817377312E-4
148992,5.594108576025743E-4
149248,5.583343330651649E-4
149504,5.558884762670957E-4
149760,5.554114690265487E-4
150016,5.551177924376508E-4
150272,5.548788543845535E-4
150528,5.539109380530973E-4
150784,5.514311954947707E-4
151040,5.508699082864038E-4
151296,5.503077522123894E-4
151552,5.498976476267096E-4
151808,5.496083153660498E-4
152064,5.49352E-4
152320,5.490305197103781E-4
152576,5.485517747385357E-4
152832,5.481894577634755E-4
153088,5.476507610619469E-4
153344,5.469495864843121E-4
153600,5.463274786806114E-4
153856,5.459225872888174E-4
154112,5.451562477876106E-4
154368,5.444550732099758E-4
154624,5.438816218825422E-4
154880,5.433064328238134E-4
155136,5.425218471440064E-4
155392,5.421960225261464E-4
155648,5.41798950925181E-4
155904,5.412837135961384E-4
156160,5.407484923572003E-4
156416,5.402775671761866E-4
156672,5.398778889782784E-4
156928,5.39632E-4
157184,5.391757158308356E-4
157440,5.387930258825042E-4
157696,5.384267864070648E-4
157952,5.379947450400572E-4
158208,5.374960359671185E-4
158464,5.369211352302586E-4
158720,5.363462344933987E-4
158976,5.360587841249689E-4
159232,5.357670046847253E-4
159488,5.353280368028156E-4
159744,5.348795449629159E-4
160000,5.347141744196324E-4
160256,5.343133023696835E-4
160512,5.340275836299789E-4
160768,5.338760661164994E-4
161024,5.33660478340177E-4
161280,5.332102548715517E-4
161536,5.326405490208683E-4
161792,5.323089421199386E-4
162048,5.319054726269014E-4
162304,5.314907475471486E-4
162560,5.307418181233778E-4
162816,5.298491635153921E-4
163072,5.293366014126495E-4
163328,5.287521767177995E-4
163584,5.280846338441263E-4
163840,5.277547585719223E-4
164096,5.272889504447677E-4
164352,5.259079765361961E-4
164608,5.242863062347827E-4
164864,5.240802424164504E-4
165120,5.236585908217957E-4
165376,5.234040413991498E-4
165632,5.232204887542488E-4
165888,5.227676678425353E-4
166144,5.223061887871945E-4
166400,5.219676553713629E-4
166656,5.216464382427861E-4
166912,5.214005469637677E-4
167168,5.213156971562191E-4
167424,5.209269465073485E-4
167680,5.203130841241653E-4
167936,5.19732988501129E-4
168192,5.193728097262288E-4
168448,5.191780014946122E-4
168704,5.189347076586821E-4
168960,5.187641422292221E-4
169216,5.185087269922135E-4
169472,5.181078549422646E-4
169728,5.176204014560415E-4
169984,5.156731849542375E-4
170240,5.135129781191993E-4
170496,5.127484640368992E-4
170752,5.122558156644997E-4
171008,5.119138189912172E-4
171264,5.117406561186691E-4
171520,5.087960214709876E-4
171776,5.078713317315806E-4
172032,5.075302008726607E-4
172288,5.072288974744268E-4
172544,5.070202362130064E-4
172800,5.067336516589391E-4
173056,5.06370009626588E-4
173312,5.059249810441393E-4
173568,5.053119844753188E-4
173824,5.048600293779681E-4
174080,5.04563055051548E-4
174336,5.042998474852749E-4
174592,5.040877229664034E-4
174848,5.037465921074835E-4
175104,5.033128191117503E-4
175360,5.030487457311144E-4
175616,5.027604295483218E-4
175872,5.023240591095005E-4
176128,5.020591199145017E-4
176384,5.013075930476428E-4
176640,5.009422193865662E-4
176896,5.0055173710897E-4
177152,5.001084401552469E-4
177408,4.997092997340234E-4
177664,4.992486864930452E-4
177920,4.986789806423618E-4
178176,4.98217501587021E-4
178432,4.975023389233971E-4
178688,4.950927775518896E-4
178944,4.946442857119898E-4
179200,4.942771804221878E-4
179456,4.939178674616503E-4
179712,4.934927526095446E-4
179968,4.932174236421932E-4
180224,4.930866856734192E-4
180480,4.928278071789597E-4
180736,4.924468488593538E-4
180992,4.922026892090609E-4
181248,4.919645902593073E-4
181504,4.915602549519072E-4
181760,4.914572230427411E-4
182016,4.910961784534781E-4
182272,4.906468207992158E-4
182528,4.904346962803442E-4
182784,4.90325603670639E-4
183040,4.9010482100814E-4
183296,4.896580607969658E-4
183552,4.892667127050069E-4
183808,4.886866170819706E-4
184064,4.879255662571215E-4
184320,4.8740954089692806E-4
184576,4.870251193198711E-4
184832,4.8677403315467625E-4
185088,4.862692633811984E-4
185344,4.8607358933521903E-4
185600,4.856164393516918E-4
185856,4.8489002110135236E-4
186112,4.845731330445892E-4
186368,4.8406663164238587E-4
186624,4.8158434186440816E-4
186880,4.8071506424421644E-4
187136,4.8059385023343273E-4
187392,4.8035315384059075E-4
187648,4.802258791292679E-4
187904,4.800457897418178E-4
188160,4.795955662731926E-4
188416,4.7900334924907794E-4
188672,4.7844316735638466E-4
188928,4.7812195022780776E-4
189184,4.7787432732006394E-4
189440,4.769834043408037E-4
189696,4.7434613379189537E-4
189952,4.742448335114547E-4
190208,4.7405348853728896E-4
190464,4.7377123305503545E-4
190720,4.730205720025392E-4
190976,4.7253744758812984E-4
191232,4.7232618888362116E-4
191488,4.71805834451614E-4
191744,4.71398035886763E-4
192000,4.712491158163716E-4
192256,4.7100841942352973E-4
192512,4.7058503620014947E-4
192768,4.7017896926402405E-4
193024,4.6973567231030073E-4
193280,4.692620718538816E-4
193536,4.688447493310406E-4
193792,4.685746152498654E-4
194048,4.681746090142792E-4
194304,4.678023088383006E-4
194560,4.674707019373709E-4
194816,4.671278394497256E-4
195072,4.6689493538614834E-4
195328,4.6652869591070896E-4
195584,4.65937344700957E-4
195840,4.6527845997091136E-4
196096,4.647658978681688E-4
196352,4.6422130063400485E-4
196608,4.636507289689587E-4
196864,4.6290959187445256E-4
197120,4.622888029763674E-4
197376,4.6090003673853125E-4
197632,4.5782120086462514E-4
197888,4.5721599662506933E-4
198144,4.570436995668839E-4
198400,4.566774600914445E-4
198656,4.5638394902247544E-4
198912,4.560410865348301E-4
199168,4.555510356055188E-4
199424,4.551614191422855E-4
199680,4.5488522436057117E-4
199936,4.542289370736137E-4
200192,4.53960534621164E-4
200448,4.5376312894645913E-4
200704,4.5351117696690156E-4
200960,4.5306008768391365E-4
201216,4.5229297615852535E-4
201472,4.513483726887752E-4
201728,4.509526955250026E-4
201984,4.5055615254686735E-4
202240,4.501587437543694E-4
202496,4.497622007762341E-4
202752,4.4936392616937333E-4
203008,4.489665173768753E-4
203264,4.485881565003576E-4
203520,4.482392333121731E-4
203776,4.470400804197771E-4
204032,4.447837681904747E-4
204288,4.432937016721978E-4
204544,4.425863313378386E-4
204800,4.4207723249254705E-4
205056,4.417222486038233E-4
205312,4.411118494780911E-4
205568,4.4035079865324195E-4
205824,4.3976637395839194E-4
206080,4.392564092987376E-4
206336,4.387464446390833E-4
206592,4.38236479979429E-4
206848,4.379022756354111E-4
207104,4.375949115366381E-4
207360,4.371897104148754E-4
207616,4.3678883836492644E-4
207872,4.365836403609569E-4
208128,4.3618709738282163E-4
208384,4.3459226732665314E-4
208640,4.3321389086116983E-4
208896,4.325402872869575E-4
209152,4.31884E-4
209408,4.312326814159292E-4
209664,4.3047823738938054E-4
209920,4.296070987831858E-4
210176,4.2873324634955755E-4
210432,4.2785758469764015E-4
210688,4.259452409660767E-4
210944,4.236276323377581E-4
211200,4.229392247787611E-4
211456,4.2250229856194687E-4
211712,4.2233585047935104E-4
211968,4.221386456858407E-4
212224,4.2180484491150444E-4
212480,4.2145204734513275E-4
212736,4.2106306541297934E-4
212992,4.20559198119469E-4
213248,4.1994496851032446E-4
213504,4.194818086283186E-4
213760,4.1909101747787615E-4
214016,4.188413453539823E-4
214272,4.1861609767699113E-4
214528,4.183356688421829E-4
214784,4.1802176946902656E-4
215040,4.175721787241888E-4
215296,4.1718771983775816E-4
215552,4.169063863938053E-4
215808,4.164965984513275E-4
216064,4.1599001733038347E-4
216320,4.15609176880531E-4
216576,4.1527085306047195E-4
216832,4.148782526917404E-4
217088,4.1447479701327435E-4
217344,4.1402158783185837E-4
217600,4.1362446441740413E-4
217856,4.133404171460177E-4
218112,4.129957610619469E-4
218368,4.125977330383481E-4
218624,4.1228292905604724E-4
218880,4.1199888178466076E-4
219136,4.1149953753687315E-4
219392,4.110191900811209E-4
219648,4.1073423820059E-4
219904,4.1038686828908554E-4
220160,4.099291360619469E-4
220416,4.095691016224189E-4
220672,4.092823405235988E-4
220928,4.089051185103245E-4
221184,4.085025674410029E-4
221440,4.0810001637168146E-4
221696,4.0773726810471977E-4
221952,4.075074973820059E-4
222208,4.072768220501475E-4
222464,4.070461467182891E-4
222720,4.067756685840708E-4
222976,4.0648709826696165E-4
223232,4.0609178407079643E-4
223488,4.0567837769174043E-4
223744,4.052152178097345E-4
224000,4.047728639380531E-4
224256,4.0436669443215335E-4
224512,4.0370542514749265E-4
224768,4.0289037230825957E-4
225024,4.024796797566372E-4
225280,4.021359282817109E-4
225536,4.018437395280236E-4
225792,4.015732613938053E-4
226048,4.013389676253687E-4
226304,4.0121413156342183E-4
226560,4.0115533196902653E-4
226816,4.0089118609882006E-4
227072,4.0059809273598816E-4
227328,4.003049993731563E-4
227584,3.9991873126843657E-4
227840,3.9938953491887904E-4
228096,3.990910139011799E-4
228352,3.989146151179941E-4
228608,3.9857538668879055E-4
228864,3.981990692846608E-4
229120,3.9772686331120946E-4
229376,3.972808910029498E-4
229632,3.9686658001474923E-4
229888,3.9658162813421827E-4
230144,3.9634281132005904E-4
230400,3.95867891519174E-4
230656,3.954264422566372E-4
230912,3.950700262536873E-4
231168,3.9467923510324486E-4
231424,3.9426130567846607E-4
231680,3.9389493897492623E-4
231936,3.935448552359882E-4
232192,3.932463342182891E-4
232448,3.9225307337758115E-4
232704,3.903298743362832E-4
232960,3.894098868362832E-4
233216,3.8886531213126843E-4
233472,3.883207374262537E-4
233728,3.879444200221239E-4
233984,3.878838112094396E-4
234240,3.8758167175516225E-4
234496,3.871565054572271E-4
234752,3.8661102614306783E-4
235008,3.8609992197640114E-4
235264,3.85672946460177E-4
235520,3.8513108558259584E-4
235776,3.8451956980088496E-4
236032,3.8396504439528026E-4
236288,3.8335986087758114E-4
236544,3.826226044247788E-4
236800,3.818455451696165E-4
237056,3.810431568584071E-4
237312,3.803583677359882E-4
237568,3.797748948377581E-4
237824,3.794021958702065E-4
238080,3.7882234140855454E-4
238336,3.7813936150442475E-4
238592,3.775160858038348E-4
238848,3.7696427422566375E-4
239104,3.76526443399705E-4
239360,3.7604066828908554E-4
239616,3.755548931784661E-4
239872,3.7517767116519176E-4
240128,3.7483211047197637E-4
240384,3.745173064896755E-4
240640,3.739293105457227E-4
240896,3.733612160029498E-4
241152,3.729821847713864E-4
241408,3.7264205173303833E-4
241664,3.7230644174041295E-4
241920,3.704022394911504E-4
242176,3.6916111574483777E-4
242432,3.6890511135693213E-4
242688,3.686491069690265E-4
242944,3.683668689159292E-4
243200,3.679824100294985E-4
243456,3.674803519542773E-4
243712,3.66903211320059E-4
243968,3.6638848871681413E-4
244224,3.6584572323008845E-4
244480,3.6526496415929203E-4
244736,3.6484793934365783E-4
244992,3.6449423716814155E-4
245248,3.6423551895280236E-4
245504,3.6393157028023597E-4
245760,3.6360681559734513E-4
246016,3.632820609144543E-4
246272,3.6295730623156345E-4
246528,3.6263255154867256E-4
246784,3.621178289454277E-4
247040,3.616221031342183E-4
247296,3.611652755162242E-4
247552,3.6076181983775814E-4
247808,3.6033393971238934E-4
248064,3.598092664085546E-4
248320,3.5942390291297935E-4
248576,3.590955297935103E-4
248832,3.5876715667404127E-4
249088,3.5855638274336283E-4
249344,3.584179775442478E-4
249600,3.5815473628318586E-4
249856,3.5799009741887904E-4
250112,3.5792406095132745E-4
250368,3.57418384439528E-4
250624,3.5691632636430676E-4
250880,3.564531664823009E-4
251136,3.5604609236725664E-4
251392,3.556055477138643E-4
251648,3.5507363753687314E-4
251904,3.547488828539823E-4
252160,3.539410668879056E-4
252416,3.514624378318584E-4
252672,3.505243581489676E-4
252928,3.502005080752212E-4
253184,3.499309345501475E-4
253440,3.493800275811209E-4
253696,3.487522288348083E-4
253952,3.48345154719764E-4
254208,3.481208116519174E-4
254464,3.479733603613569E-4
254720,3.4776982330383477E-4
254976,3.4738445980825956E-4
255232,3.4688511556047195E-4
255488,3.4627088595132736E-4
255744,3.4565575173303834E-4
256000,3.4506323274336283E-4
256256,3.445828852876106E-4
256512,3.430188160766962E-4
256768,3.412530190265487E-4
257024,3.406975890117994E-4
257280,3.401919125E-4
257536,3.396871405973451E-4
257792,3.3912899675516225E-4
258048,3.3879248215339233E-4
258304,3.383962633480826E-4
258560,3.377657507743362E-4
258816,3.374409960914454E-4
259072,3.3721936685103245E-4
259328,3.370782478244838E-4
259584,3.36735400958702E-4
259840,3.363835080014749E-4
260096,3.3602709199852504E-4
260352,3.3560463952802356E-4
260608,3.351378612094395E-4
260864,3.346421353982301E-4
261120,3.341464095870206E-4
