cache_lines,MRC
256,0.020579351
512,0.013291051
768,0.010966851000000001
1024,0.009213031
1280,0.008089031
1536,0.007257061
1792,0.006454391
2048,0.005961931
2304,0.0055408309999999995
2560,0.005177231000000001
2816,0.0048361210000000005
3072,0.004536391000000001
3328,0.004277541000000001
3584,0.004058981
3840,0.0038600210000000004
4096,0.0037023909999999998
4352,0.0035623110000000003
4608,0.0034377210000000004
4864,0.003324961
5120,0.003230941
5376,0.003141121
5632,0.003058551
5888,0.0029802210000000003
6144,0.002909921
6400,0.002843491
6656,0.002786531
6912,0.002728771
7168,0.002672681
7424,0.0026212510000000002
7680,0.0025659510000000003
7936,0.0025173110000000004
8192,0.002467041
8448,0.002420971
8704,0.0023805610000000002
8960,0.002334791
9216,0.0022951010000000003
9472,0.0022571310000000003
9728,0.002216701
9984,0.002181001
10240,0.0021450510000000002
10496,0.002110301
10752,0.002076731
11008,0.002045611
11264,0.0020173210000000003
11520,0.001991071
11776,0.0019612410000000003
12032,0.001938491
12288,0.0019056710000000003
12544,0.001480951
12800,0.0014470110000000002
13056,0.0014245810000000003
13312,0.0013994510000000001
13568,0.0013790610000000002
13824,0.0013591610000000002
14080,0.0013403710000000001
14336,0.0013227110000000003
14592,0.0013077810000000003
14848,0.0012937110000000001
15104,0.0012775510000000003
15360,0.0012668710000000001
15616,0.0012535410000000002
15872,0.0012410710000000003
16128,0.0012293010000000001
16384,0.0012184110000000002
16640,0.0012060610000000002
16896,0.0011964310000000002
17152,0.001186371
17408,0.0011771010000000003
17664,0.0011720310000000002
17920,0.0011588710000000001
18176,0.0011523210000000002
18432,0.0011431110000000003
18688,0.0011353910000000001
18944,0.0011290010000000001
19200,0.0011207410000000002
19456,0.001114551
19712,0.001107941
19968,0.0011025810000000003
20224,0.0010951410000000002
20480,0.0010889710000000002
20736,0.001083151
20992,0.0010756810000000002
21248,0.0010699510000000002
21504,0.001063831
21760,0.0010585510000000002
22016,0.001052841
22272,0.0010480210000000001
22528,0.0010440910000000002
22784,0.0010385910000000002
23040,0.001034441
23296,0.0010303210000000003
23552,0.001026771
23808,0.0010220810000000002
24064,0.0010184610000000002
24320,0.0010131210000000003
24576,0.0010087610000000002
24832,0.0010041110000000002
25088,9.987910000000002E-4
25344,9.93071E-4
25600,9.883210000000001E-4
25856,9.843610000000002E-4
26112,9.811410000000003E-4
26368,9.77411E-4
26624,9.725310000000002E-4
26880,9.701010000000001E-4
27136,9.663210000000002E-4
27392,9.635610000000001E-4
27648,9.606610000000002E-4
27904,9.563510000000002E-4
28160,9.526110000000001E-4
28416,9.502110000000003E-4
28672,9.472610000000002E-4
28928,9.435810000000002E-4
29184,9.404510000000001E-4
29440,9.385810000000002E-4
29696,9.355410000000002E-4
29952,9.328110000000002E-4
30208,9.302210000000002E-4
30464,9.280310000000002E-4
30720,9.243510000000001E-4
30976,9.215410000000001E-4
31232,9.198110000000002E-4
31488,9.164810000000002E-4
31744,9.133010000000003E-4
32000,9.106310000000003E-4
32256,9.080610000000002E-4
32512,9.068710000000003E-4
32768,9.048510000000001E-4
33024,9.029010000000002E-4
33280,8.997110000000001E-4
33536,8.976610000000001E-4
33792,8.956510000000001E-4
34048,8.933910000000001E-4
34304,8.910710000000002E-4
34560,8.889810000000003E-4
34816,8.871610000000002E-4
35072,8.854610000000001E-4
35328,8.843210000000002E-4
35584,8.820210000000002E-4
35840,8.802410000000001E-4
36096,8.782510000000002E-4
36352,8.764410000000002E-4
36608,8.746710000000003E-4
36864,8.731010000000003E-4
37120,8.707410000000002E-4
37376,8.690410000000001E-4
37632,8.670610000000001E-4
37888,8.647710000000003E-4
38144,8.627610000000001E-4
38400,8.616210000000001E-4
38656,8.588710000000002E-4
38912,8.568310000000002E-4
39168,8.550910000000001E-4
39424,8.532810000000002E-4
39680,8.516810000000002E-4
39936,8.498110000000002E-4
40192,8.480610000000002E-4
40448,8.467710000000003E-4
40704,8.449810000000003E-4
40960,8.440010000000003E-4
41216,8.420110000000001E-4
41472,8.410010000000003E-4
41728,8.395210000000002E-4
41984,8.384410000000001E-4
42240,8.369310000000002E-4
42496,8.356910000000002E-4
42752,8.342810000000001E-4
43008,8.325810000000002E-4
43264,8.302010000000002E-4
43520,8.285710000000002E-4
43776,8.270310000000002E-4
44032,8.259710000000002E-4
44288,8.250110000000003E-4
44544,8.246310000000001E-4
44800,8.233010000000002E-4
45056,8.219810000000003E-4
45312,8.208110000000003E-4
45568,8.194710000000002E-4
45824,8.175710000000002E-4
46080,8.162710000000001E-4
46336,8.144710000000002E-4
46592,8.135910000000002E-4
46848,8.118110000000002E-4
47104,8.108410000000001E-4
47360,8.097910000000002E-4
47616,8.084710000000003E-4
47872,8.072510000000001E-4
48128,8.057010000000002E-4
48384,8.051610000000002E-4
48640,8.040510000000003E-4
48896,8.029110000000001E-4
49152,8.018310000000002E-4
49408,8.008510000000002E-4
49664,7.998110000000001E-4
49920,7.989910000000002E-4
50176,7.977810000000002E-4
50432,7.970410000000003E-4
50688,7.957210000000001E-4
50944,7.941610000000003E-4
51200,7.932110000000003E-4
51456,7.916610000000001E-4
51712,7.908610000000001E-4
51968,7.902710000000002E-4
52224,7.887610000000002E-4
52480,8.613269999999998E-4
52736,8.605169999999999E-4
52992,8.593169999999999E-4
53248,8.585469999999999E-4
53504,8.57787E-4
53760,8.57437E-4
54016,8.559169999999999E-4
54272,8.545569999999999E-4
54528,8.53347E-4
54784,8.52497E-4
55040,8.51507E-4
55296,8.507969999999999E-4
55552,8.49207E-4
55808,8.479469999999999E-4
56064,8.46177E-4
56320,8.447469999999999E-4
56576,8.435069999999999E-4
56832,8.42417E-4
57088,8.41177E-4
57344,8.40057E-4
57600,8.39327E-4
57856,8.38327E-4
58112,8.371869999999999E-4
58368,8.358269999999999E-4
58624,8.348169999999999E-4
58880,8.34027E-4
59136,8.32747E-4
59392,8.315169999999999E-4
59648,8.30807E-4
59904,8.29357E-4
60160,8.27997E-4
60416,8.26277E-4
60672,8.221069999999999E-4
60928,8.200969999999999E-4
61184,8.192569999999999E-4
61440,8.182769999999998E-4
61696,8.17297E-4
61952,8.15807E-4
62208,8.14167E-4
62464,8.129669999999999E-4
62720,8.113669999999999E-4
62976,8.10287E-4
63232,8.089869999999999E-4
63488,8.080069999999999E-4
63744,8.06977E-4
64000,8.05067E-4
64256,8.02807E-4
64512,8.01097E-4
64768,8.000169999999999E-4
65024,7.99417E-4
65280,7.990269999999999E-4
65536,7.98137E-4
65792,7.96887E-4
66048,7.95437E-4
66304,7.94227E-4
66560,7.933969999999999E-4
66816,7.92357E-4
67072,7.90977E-4
67328,7.90067E-4
67584,7.89297E-4
67840,7.88427E-4
68096,7.872269999999999E-4
68352,7.861669999999999E-4
68608,7.844569999999999E-4
68864,7.828469999999999E-4
69120,7.81337E-4
69376,7.80397E-4
69632,7.790869999999999E-4
69888,7.78267E-4
70144,7.77097E-4
70400,7.763269999999998E-4
70656,7.75857E-4
70912,7.75137E-4
71168,7.744269999999998E-4
71424,7.73967E-4
71680,7.724869999999999E-4
71936,7.713869999999999E-4
72192,7.70427E-4
72448,7.696269999999999E-4
72704,7.690569999999999E-4
72960,7.683569999999999E-4
73216,7.66657E-4
73472,7.65457E-4
73728,7.64657E-4
73984,7.64367E-4
74240,7.633569999999999E-4
74496,7.62317E-4
74752,7.60717E-4
75008,7.595869999999999E-4
75264,7.58187E-4
75520,7.571769999999999E-4
75776,7.56407E-4
76032,7.54897E-4
76288,7.54252E-4
76544,7.532299999999999E-4
76800,7.522779999999999E-4
77056,7.512419999999998E-4
77312,7.501929999999999E-4
77568,7.492289999999999E-4
77824,7.48189E-4
78080,7.47387E-4
78336,7.467139999999999E-4
78592,7.45651E-4
78848,7.451199999999999E-4
79104,7.445589999999999E-4
79360,7.432249999999999E-4
79616,7.41961E-4
79872,7.41203E-4
80128,7.40068E-4
80384,7.38559E-4
80640,7.37784E-4
80896,7.37288E-4
81152,7.36816E-4
81408,7.360449999999998E-4
81664,7.35299E-4
81920,7.346239999999999E-4
82176,7.337159999999999E-4
82432,7.333299999999999E-4
82688,7.326359999999998E-4
82944,7.31241E-4
83200,7.30235E-4
83456,7.293409999999999E-4
83712,7.286799999999999E-4
83968,7.278829999999999E-4
84224,7.263869999999999E-4
84480,7.25532E-4
84736,7.251199999999999E-4
84992,7.23582E-4
85248,7.230149999999999E-4
85504,7.22131E-4
85760,7.21296E-4
86016,7.199729999999999E-4
86272,7.188539999999999E-4
86528,7.18012E-4
86784,7.17578E-4
87040,7.17033E-4
87296,7.159439999999999E-4
87552,7.151149999999999E-4
87808,7.141449999999999E-4
88064,7.077679999999999E-4
88320,7.070539999999999E-4
88576,7.06106E-4
88832,7.049719999999999E-4
89088,7.011649999999999E-4
89344,7.003259999999999E-4
89600,6.994849999999999E-4
89856,6.98781E-4
90112,6.982269999999999E-4
90368,6.97051E-4
90624,6.96116E-4
90880,6.932139999999999E-4
91136,6.8945E-4
91392,6.886939999999999E-4
91648,6.875589999999999E-4
91904,6.8666E-4
92160,6.856929999999999E-4
92416,6.8483E-4
92672,6.843159999999999E-4
92928,6.836769999999999E-4
93184,6.830769999999999E-4
93440,6.825059999999999E-4
93696,6.81681E-4
93952,6.81496E-4
94208,6.802619999999999E-4
94464,6.799069999999999E-4
94720,6.789049999999999E-4
94976,6.779589999999999E-4
95232,6.77205E-4
95488,6.76388E-4
95744,6.757229999999999E-4
96000,6.75148E-4
96256,6.745019999999999E-4
96512,6.73626E-4
96768,6.7253E-4
97024,6.719479999999999E-4
97280,6.71242E-4
97536,6.706009999999999E-4
97792,6.697779999999999E-4
98048,6.6891E-4
98304,6.67498E-4
98560,6.666999999999999E-4
98816,6.665309999999999E-4
99072,6.661719999999999E-4
99328,6.65591E-4
99584,6.647949999999999E-4
99840,6.639479999999999E-4
100096,6.6329E-4
100352,6.59055E-4
100608,6.56205E-4
100864,6.554709999999999E-4
101120,6.544989999999999E-4
101376,6.537279999999999E-4
101632,6.53133E-4
101888,6.525249999999999E-4
102144,6.517579999999999E-4
102400,6.5108E-4
102656,6.508789999999999E-4
102912,6.50385E-4
103168,6.49489E-4
103424,6.460869999999999E-4
103680,6.44093E-4
103936,6.43231E-4
104192,6.42598E-4
104448,6.4173E-4
104704,6.943549999999999E-4
104960,6.936109999999999E-4
105216,6.925659999999999E-4
105472,6.91817E-4
105728,6.909879999999999E-4
105984,6.903689999999999E-4
106240,6.898099999999999E-4
106496,6.890869999999999E-4
106752,6.884739999999999E-4
107008,6.88023E-4
107264,6.87509E-4
107520,6.86942E-4
107776,6.86483E-4
108032,6.855009999999999E-4
108288,6.848129999999999E-4
108544,6.8436E-4
108800,6.835369999999999E-4
109056,6.831719999999999E-4
109312,6.822449999999999E-4
109568,6.811839999999999E-4
109824,6.80224E-4
110080,6.796669999999999E-4
110336,6.79363E-4
110592,6.791589999999999E-4
110848,6.790069999999999E-4
111104,6.77924E-4
111360,6.769769999999999E-4
111616,6.759429999999999E-4
111872,6.753019999999999E-4
112128,6.743179999999999E-4
112384,6.73695E-4
112640,6.728299999999999E-4
112896,6.72146E-4
113152,6.684169999999999E-4
113408,6.68222E-4
113664,6.675779999999999E-4
113920,6.666199999999999E-4
114176,6.65936E-4
114432,6.6501E-4
114688,6.644169999999999E-4
114944,6.64083E-4
115200,6.62904E-4
115456,6.620739999999999E-4
115712,6.61609E-4
115968,6.60999E-4
116224,6.604069999999999E-4
116480,6.60165E-4
116736,6.592179999999999E-4
116992,6.57705E-4
117248,6.566409999999999E-4
117504,6.561729999999999E-4
117760,6.55393E-4
118016,6.54496E-4
118272,6.537139999999999E-4
118528,6.522419999999999E-4
118784,6.512229999999999E-4
119040,6.50785E-4
119296,6.503699999999999E-4
119552,6.49517E-4
119808,6.49181E-4
120064,6.48216E-4
120320,6.47811E-4
120576,6.46951E-4
120832,6.46385E-4
121088,6.457359999999999E-4
121344,6.445029999999999E-4
121600,6.437439999999999E-4
121856,6.42703E-4
122112,6.42199E-4
122368,6.419069999999999E-4
122624,6.389939999999999E-4
122880,6.3729E-4
123136,6.365289999999999E-4
123392,6.35518E-4
123648,6.35038E-4
123904,6.34253E-4
124160,6.33433E-4
124416,6.32791E-4
124672,6.32118E-4
124928,6.31235E-4
125184,6.305909999999999E-4
125440,6.297649999999999E-4
125696,6.25171E-4
125952,6.24018E-4
126208,6.23055E-4
126464,6.22607E-4
126720,6.21691E-4
126976,6.211299999999999E-4
127232,6.2039E-4
127488,6.19901E-4
127744,6.192859999999999E-4
128000,6.187409999999999E-4
128256,6.18414E-4
128512,6.1765E-4
128768,6.16908E-4
129024,6.162839999999999E-4
129280,6.15749E-4
129536,6.152979999999999E-4
129792,6.150449999999999E-4
130048,6.14358E-4
130304,6.14029E-4
130560,6.135989999999999E-4
130816,6.13236E-4
131072,6.126599999999999E-4
131328,6.12231E-4
131584,6.11489E-4
131840,6.111059999999999E-4
132096,6.106299999999999E-4
132352,6.099699999999999E-4
132608,6.09373E-4
132864,6.089709999999999E-4
133120,6.08394E-4
133376,6.08156E-4
133632,6.0766E-4
133888,6.05684E-4
134144,6.040879999999999E-4
134400,6.035919999999999E-4
134656,6.03156E-4
134912,6.023879999999999E-4
135168,6.01915E-4
135424,6.011969999999999E-4
135680,6.00298E-4
135936,5.999079999999999E-4
136192,5.99232E-4
136448,5.98514E-4
136704,5.976629999999999E-4
136960,5.966299999999999E-4
137216,5.957989999999999E-4
137472,5.95352E-4
137728,5.9501E-4
137984,5.94295E-4
138240,5.939579999999999E-4
138496,5.93729E-4
138752,5.90284E-4
139008,5.894769999999999E-4
139264,5.888719999999999E-4
139520,5.88256E-4
139776,5.878589999999999E-4
140032,5.8736E-4
140288,5.864889999999999E-4
140544,5.853719999999999E-4
140800,5.848229999999999E-4
141056,5.822479999999999E-4
141312,5.786049999999999E-4
141568,5.780329999999999E-4
141824,5.775499999999999E-4
142080,5.77272E-4
142336,5.76755E-4
142592,5.76617E-4
142848,5.76101E-4
143104,5.75412E-4
143360,5.748219999999999E-4
143616,5.74304E-4
143872,5.737849999999999E-4
144128,5.73189E-4
144384,5.724969999999999E-4
144640,5.7188E-4
144896,5.71219E-4
145152,5.704369999999999E-4
145408,5.69656E-4
145664,5.6889E-4
145920,5.681929999999999E-4
146176,5.676069999999999E-4
146432,5.670559999999999E-4
146688,5.66184E-4
146944,5.619469999999999E-4
147200,5.54623E-4
147456,5.53728E-4
147712,5.51952E-4
147968,5.4901E-4
148224,5.478159999999999E-4
148480,5.46892E-4
148736,5.46175E-4
148992,5.456199999999999E-4
149248,5.44013E-4
149504,5.40768E-4
149760,5.398499999999999E-4
150016,5.392519999999999E-4
150272,5.387079999999999E-4
150528,5.353189999999999E-4
150784,5.32981E-4
151040,5.32707E-4
151296,5.31761E-4
151552,5.307539999999999E-4
151808,5.29745E-4
152064,5.28208E-4
152320,5.269539999999999E-4
152576,5.260309999999999E-4
152832,5.24924E-4
153088,5.239149999999999E-4
153344,5.23024E-4
153600,5.225609999999999E-4
153856,5.219269999999999E-4
154112,5.21213E-4
154368,5.20656E-4
154624,5.197779999999999E-4
154880,5.18947E-4
155136,5.18761E-4
155392,5.18142E-4
155648,5.17515E-4
155904,5.17142E-4
156160,5.16849E-4
156416,5.16297E-4
156672,5.15362E-4
156928,5.53359E-4
157184,5.530840000000001E-4
157440,5.52964E-4
157696,5.524950000000001E-4
157952,5.522020000000001E-4
158208,5.51981E-4
158464,5.516050000000002E-4
158720,5.511610000000001E-4
158976,5.50636E-4
159232,5.49978E-4
159488,5.49159E-4
159744,5.483880000000001E-4
160000,5.47727E-4
160256,5.46698E-4
160512,5.458100000000001E-4
160768,5.450730000000001E-4
161024,5.445040000000001E-4
161280,5.441910000000001E-4
161536,5.438610000000001E-4
161792,5.43101E-4
162048,5.42652E-4
162304,5.423090000000002E-4
162560,5.42023E-4
162816,5.416450000000001E-4
163072,5.411610000000001E-4
163328,5.40577E-4
163584,5.399090000000001E-4
163840,5.39241E-4
164096,5.385979999999999E-4
164352,5.38024E-4
164608,5.361230000000001E-4
164864,5.34746E-4
165120,5.342650000000001E-4
165376,5.33784E-4
165632,5.33424E-4
165888,5.33047E-4
166144,5.323720000000001E-4
166400,5.31775E-4
166656,5.31236E-4
166912,5.307510000000001E-4
167168,5.3017E-4
167424,5.298270000000001E-4
167680,5.29592E-4
167936,5.292040000000001E-4
168192,5.28499E-4
168448,5.278850000000001E-4
168704,5.274990000000001E-4
168960,5.27207E-4
169216,5.26976E-4
169472,5.267360000000001E-4
169728,5.26346E-4
169984,5.258750000000001E-4
170240,5.243310000000001E-4
170496,5.216560000000001E-4
170752,5.21362E-4
171008,5.210010000000001E-4
171264,5.20579E-4
171520,5.20087E-4
171776,5.192340000000001E-4
172032,5.17226E-4
172288,5.14626E-4
172544,5.13833E-4
172800,5.13278E-4
173056,5.125209999999999E-4
173312,5.1147E-4
173568,5.109719999999999E-4
173824,5.1019E-4
174080,5.09537E-4
174336,5.09338E-4
174592,5.084430000000001E-4
174848,5.077340000000001E-4
175104,5.07218E-4
175360,5.06917E-4
175616,5.0643E-4
175872,5.058700000000001E-4
176128,5.051300000000001E-4
176384,5.039230000000001E-4
176640,5.029800000000001E-4
176896,5.022330000000001E-4
177152,5.016270000000001E-4
177408,5.010210000000001E-4
177664,5.00758E-4
177920,5.00349E-4
178176,4.99724E-4
178432,4.990140000000001E-4
178688,4.98557E-4
178944,4.968349999999999E-4
179200,4.942E-4
179456,4.936890000000001E-4
179712,4.9335E-4
179968,4.92726E-4
180224,4.918420000000001E-4
180480,4.911240000000001E-4
180736,4.90763E-4
180992,4.90398E-4
181248,4.89939E-4
181504,4.89321E-4
181760,4.88703E-4
182016,4.88084E-4
182272,4.8740600000000007E-4
182528,4.8657900000000006E-4
182784,4.8565000000000007E-4
183040,4.8513E-4
183296,4.84745E-4
183552,4.842320000000001E-4
183808,4.8381600000000003E-4
184064,4.83092E-4
184320,4.82396E-4
184576,4.8189000000000006E-4
184832,4.81473E-4
185088,4.80881E-4
185344,4.8036700000000004E-4
185600,4.799490000000001E-4
185856,4.79531E-4
186112,4.79014E-4
186368,4.78355E-4
186624,4.77658E-4
186880,4.7687500000000003E-4
187136,4.7361100000000003E-4
187392,4.72618E-4
187648,4.7224900000000005E-4
187904,4.718030000000001E-4
188160,4.712740000000001E-4
188416,4.7064500000000006E-4
188672,4.70009E-4
188928,4.694900000000001E-4
189184,4.6913000000000006E-4
189440,4.6838600000000005E-4
189696,4.67902E-4
189952,4.674180000000001E-4
190208,4.66118E-4
190464,4.6282100000000003E-4
190720,4.62069E-4
190976,4.613160000000001E-4
191232,4.6066700000000005E-4
191488,4.60202E-4
191744,4.599870000000001E-4
192000,4.59666E-4
192256,4.5941900000000003E-4
192512,4.5915300000000007E-4
192768,4.588510000000001E-4
193024,4.5863500000000004E-4
193280,4.58006E-4
193536,4.575080000000001E-4
193792,4.5697700000000007E-4
194048,4.562830000000001E-4
194304,4.5541400000000007E-4
194560,4.5485400000000003E-4
194816,4.54156E-4
195072,4.5329300000000007E-4
195328,4.523570000000001E-4
195584,4.5159200000000006E-4
195840,4.5104000000000005E-4
196096,4.4992500000000005E-4
196352,4.4899400000000003E-4
196608,4.483850000000001E-4
196864,4.4761900000000007E-4
197120,4.4695700000000005E-4
197376,4.46562E-4
197632,4.459130000000001E-4
197888,4.436410000000001E-4
198144,4.393570000000001E-4
198400,4.3924500000000005E-4
198656,4.3903100000000005E-4
198912,4.387300000000001E-4
199168,4.3834E-4
199424,4.37954E-4
199680,4.3771600000000005E-4
199936,4.37267E-4
200192,4.36053E-4
200448,4.3543000000000005E-4
200704,4.3505700000000003E-4
200960,4.34415E-4
201216,4.3351700000000007E-4
201472,4.32727E-4
201728,4.3212400000000004E-4
201984,4.317000000000001E-4
202240,4.3131200000000005E-4
202496,4.3088500000000005E-4
202752,4.3053400000000005E-4
203008,4.2985300000000006E-4
203264,4.29458E-4
203520,4.28824E-4
203776,4.28079E-4
204032,4.273960000000001E-4
204288,4.2643100000000006E-4
204544,4.218460000000001E-4
204800,4.206200000000001E-4
205056,4.20059E-4
205312,4.19411E-4
205568,4.18728E-4
205824,4.181760000000001E-4
206080,4.172540000000001E-4
206336,4.1655700000000007E-4
206592,4.161580000000001E-4
206848,4.1565E-4
207104,4.15128E-4
207360,4.1457900000000004E-4
207616,4.139480000000001E-4
207872,4.1360100000000004E-4
208128,4.1336800000000006E-4
208384,4.1262500000000007E-4
208640,4.118900000000001E-4
208896,4.1144500000000003E-4
209152,4.3944199999999996E-4
209408,4.36857E-4
209664,4.36492E-4
209920,4.3601999999999996E-4
210176,4.35211E-4
210432,4.34382E-4
210688,4.3370699999999997E-4
210944,4.33235E-4
211200,4.3172999999999996E-4
211456,4.2896699999999993E-4
211712,4.28427E-4
211968,4.27347E-4
212224,4.27083E-4
212480,4.2623499999999996E-4
212736,4.251859999999999E-4
212992,4.24384E-4
213248,4.2389299999999995E-4
213504,4.23572E-4
213760,4.231959999999999E-4
214016,4.223489999999999E-4
214272,4.215E-4
214528,4.2100799999999995E-4
214784,4.20838E-4
215040,4.2044299999999995E-4
215296,4.20034E-4
215552,4.19605E-4
215808,4.1926699999999997E-4
216064,4.1907299999999995E-4
216320,4.1861899999999996E-4
216576,4.1779E-4
216832,4.17301E-4
217088,4.16812E-4
217344,4.1653099999999993E-4
217600,4.1619499999999995E-4
217856,4.15984E-4
218112,4.1566499999999996E-4
218368,4.14965E-4
218624,4.1422E-4
218880,4.13865E-4
219136,4.131559999999999E-4
219392,4.12672E-4
219648,4.12672E-4
219904,4.11991E-4
220160,4.1155399999999996E-4
220416,4.1136199999999997E-4
220672,4.11083E-4
220928,4.107119999999999E-4
221184,4.10179E-4
221440,4.09435E-4
221696,4.08783E-4
221952,4.0846899999999995E-4
222208,4.08452E-4
222464,4.08203E-4
222720,4.0771099999999995E-4
222976,4.073239999999999E-4
223232,4.0684999999999994E-4
223488,4.0644E-4
223744,4.0591E-4
224000,4.05285E-4
224256,4.0488699999999993E-4
224512,4.0466899999999997E-4
224768,4.04149E-4
225024,4.0337399999999996E-4
225280,4.0295E-4
225536,4.0220199999999994E-4
225792,4.01572E-4
226048,4.0094199999999994E-4
226304,4.0053699999999996E-4
226560,4.0005499999999996E-4
226816,3.998319999999999E-4
227072,3.9936599999999996E-4
227328,3.9873299999999997E-4
227584,3.98066E-4
227840,3.9736799999999994E-4
228096,3.9676899999999994E-4
228352,3.96324E-4
228608,3.9589499999999995E-4
228864,3.95513E-4
229120,3.950809999999999E-4
229376,3.94315E-4
229632,3.93551E-4
229888,3.93103E-4
230144,3.92655E-4
230400,3.92263E-4
230656,3.91878E-4
230912,3.91394E-4
231168,3.9088E-4
231424,3.90493E-4
231680,3.901709999999999E-4
231936,3.8967099999999996E-4
232192,3.89026E-4
232448,3.8843899999999997E-4
232704,3.8792199999999996E-4
232960,3.8747299999999994E-4
233216,3.8714999999999995E-4
233472,3.8640599999999995E-4
233728,3.8445699999999994E-4
233984,3.827619999999999E-4
234240,3.82305E-4
234496,3.818669999999999E-4
234752,3.816049999999999E-4
235008,3.81327E-4
235264,3.80475E-4
235520,3.79621E-4
235776,3.792089999999999E-4
236032,3.78814E-4
236288,3.77945E-4
236544,3.7702099999999995E-4
236800,3.7631799999999994E-4
237056,3.7565599999999993E-4
237312,3.74994E-4
237568,3.7433E-4
237824,3.734659999999999E-4
238080,3.72533E-4
238336,3.7188499999999997E-4
238592,3.71351E-4
238848,3.70862E-4
239104,3.70393E-4
239360,3.6996899999999994E-4
239616,3.69566E-4
239872,3.6920599999999996E-4
240128,3.68871E-4
240384,3.6841199999999993E-4
240640,3.67874E-4
240896,3.67335E-4
241152,3.6679599999999996E-4
241408,3.66256E-4
241664,3.65716E-4
241920,3.65214E-4
242176,3.6474E-4
242432,3.6422699999999995E-4
242688,3.6368399999999997E-4
242944,3.6321899999999997E-4
243200,3.62811E-4
243456,3.6169599999999995E-4
243712,3.6005799999999996E-4
243968,3.59102E-4
244224,3.5862199999999996E-4
244480,3.581E-4
244736,3.5755E-4
244992,3.56913E-4
245248,3.56224E-4
245504,3.55949E-4
245760,3.5588E-4
246016,3.5547199999999996E-4
246272,3.5492E-4
246528,3.5462199999999997E-4
246784,3.54414E-4
247040,3.53507E-4
247296,3.5239699999999995E-4
247552,3.52027E-4
247808,3.51818E-4
248064,3.51125E-4
248320,3.50358E-4
248576,3.50106E-4
248832,3.4989699999999995E-4
249088,3.49276E-4
249344,3.4866099999999995E-4
249600,3.48381E-4
249856,3.4809999999999995E-4
250112,3.4782E-4
250368,3.4751499999999996E-4
250624,3.47093E-4
250880,3.4663799999999997E-4
251136,3.46075E-4
251392,3.4555599999999996E-4
251648,3.4513299999999996E-4
251904,3.4465399999999996E-4
252160,3.44088E-4
252416,3.4342099999999995E-4
252672,3.42642E-4
252928,3.4194099999999996E-4
253184,3.4130099999999996E-4
253440,3.40707E-4
253696,3.4013699999999996E-4
253952,3.3806399999999995E-4
254208,3.3547799999999995E-4
254464,3.3443199999999996E-4
254720,3.3363699999999996E-4
254976,3.3333799999999997E-4
255232,3.3301699999999996E-4
255488,3.3243799999999995E-4
255744,3.3190899999999997E-4
256000,3.3154599999999995E-4
256256,3.31183E-4
256512,3.30819E-4
256768,3.30529E-4
257024,3.3030999999999995E-4
257280,3.29951E-4
257536,3.29513E-4
257792,3.2919E-4
258048,3.28897E-4
258304,3.28605E-4
258560,3.2817199999999995E-4
258816,3.25971E-4
259072,3.2413099999999996E-4
259328,3.2354E-4
259584,3.2289E-4
259840,3.22149E-4
260096,3.2153199999999997E-4
260352,3.2101199999999997E-4
260608,3.2043599999999995E-4
260864,3.1983999999999995E-4
261120,3.19106E-4
