cache_lines,MRC
256,0.00924016
512,0.00683691
768,0.00655645
1024,0.00644037
1280,0.00612108
1536,0.00572673
1792,0.00552299
2048,0.00537636
2304,0.00529843
2560,0.00522239
2816,0.00515241
3072,0.00508519
3328,0.00500855
3584,0.00493493
3840,0.00487692
4096,0.0048212
4352,0.00476049
4608,0.00469307
4864,0.00466337
5120,0.00454162
5376,0.00448281
5632,0.00446731
5888,0.00445632
6144,0.0044219
6400,0.00440921
6656,0.00440108
6912,0.00438923
7168,0.00437957
7424,0.00436879
7680,0.00435608
7936,0.00434292
8192,0.00433087
8448,0.00431855
8704,0.00430483
8960,0.0042917
9216,0.00427822
9472,0.0042645
9728,0.00424824
9984,0.00423192
10240,0.00421269
10496,0.00419781
10752,0.00418372
11008,0.00416573
11264,0.00414979
11520,0.00413194
11776,0.00411568
12032,0.00409915
12288,0.00408144
12544,0.00406466
12800,0.00404482
13056,0.00402706
13312,0.00400761
13568,0.00398903
13824,0.00396864
14080,0.00394613
14336,0.00392899
14592,0.00391169
14848,0.0038928
15104,0.0038715
15360,0.00385033
15616,0.00382851
15872,0.00380509
16128,0.00378001
16384,0.00375532
16640,0.00373269
16896,0.00370838
17152,0.00368174
17408,0.00365361
17664,0.0036298
17920,0.00360646
18176,0.00357977
18432,0.00355043
18688,0.0035193
18944,0.00348707
19200,0.00345571
19456,0.0034273
19712,0.00339992
19968,0.0033716
20224,0.00334159
20480,0.00331225
20736,0.00328004
20992,0.00325319
21248,0.00322216
21504,0.00318845
21760,0.00315622
22016,0.00312407
22272,0.00309264
22528,0.00305848
22784,0.00302704
23040,0.00299649
23296,0.00296348
23552,0.00292396
23808,0.0028901
24064,0.00285085
24320,0.00281038
24576,0.0027684
24832,0.00272918
25088,0.00268937
25344,0.00265357
25600,0.00261612
25856,0.00258052
26112,0.00254483
26368,0.002505
26624,0.00245926
26880,0.00241471
27136,0.00236849
27392,0.00231981
27648,0.00227648
27904,0.00223168
28160,0.00218609
28416,0.00213992
28672,0.00208711
28928,0.00203325
29184,0.00197854
29440,0.00192375
29696,0.00187115
29952,0.00181777
30208,0.00176676
30464,0.00170652
30720,0.00164384
30976,0.00157691
31232,0.0015126
31488,0.00145035
31744,0.00138394
32000,0.00130931
32256,0.00123184
32512,0.00115144
32768,0.0010735
33024,0.000989139
33280,0.000900659
33536,0.000820149
33792,0.000733392
34048,0.000657287
34304,0.000586148
34560,0.000522961
34816,0.000465035
35072,0.000390631
35328,0.000281482
35584,0.000219525
35840,0.000198478
36096,0.000196463
36352,0.000196229
36608,0.000196112
36864,0.000195567
37120,0.000194043
37376,0.000192012
37632,0.000188895
37888,0.00018476
38144,0.000180025
38400,0.000175453
38656,0.000172839
38912,0.000170596
39168,0.000168509
39424,0.000167147
39680,0.000166497
39936,0.000166265
40192,0.000166197
40448,0.000165746
40704,0.000165153
40960,0.000164861
41216,0.000164627
41472,0.000164451
41728,0.000164265
41984,0.000163978
42240,0.000163866
42496,0.00016369
42752,0.000163573
43008,0.000163233
43264,0.000162707
43520,0.000162578
43776,0.000162472
44032,0.000162403
44288,0.000162227
44544,0.000162169
44800,0.000161818
45056,0.000161759
45312,0.000161759
45568,0.0001617
45824,0.000161525
46080,0.000161408
46336,0.000161349
46592,0.000161291
46848,0.000161153
47104,0.00016094
47360,0.000160822
47616,0.000160647
47872,0.000160551
48128,0.00016053
48384,0.000160413
48640,0.000160413
48896,0.000160179
49152,0.000160115
49408,0.000159828
49664,0.000159594
49920,0.000159016
50176,0.000157509
50432,0.000154338
50688,0.00015222
50944,0.000151595
51200,0.000151459
51456,0.000151367
51712,0.000151166
51968,0.000151021
52224,0.000150817
52480,0.000150269
52736,0.000149237
52992,0.000148825
53248,0.000148767
53504,0.000148767
53760,0.000148637
54016,0.00014824
54272,0.000147902
54528,0.000147479
54784,0.00014682
55040,0.000145981
55296,0.000145371
55552,0.000144694
55808,0.000143497
56064,0.000142444
56320,0.000141519
56576,0.000140063
56832,0.000137415
57088,0.000134562
57344,0.000132901
57600,0.000131874
57856,0.000130419
58112,0.000128982
58368,0.000127414
58624,0.000125169
58880,0.000121614
59136,0.000120164
59392,0.000119533
59648,0.000119171
59904,0.000118746
60160,0.000118393
60416,0.00011803
60672,0.000117691
60928,0.000117457
61184,0.000117359
61440,0.00011734
61696,0.00011734
61952,0.000117155
62208,0.000117105
62464,0.000117048
62720,0.000116988
62976,0.000116988
63232,0.000116988
63488,0.000116919
63744,0.000116813
64000,0.000116781
64256,0.000116696
64512,0.000116696
64768,0.00011669
65024,0.000116579
65280,0.000116579
65536,0.000116423
65792,0.000116403
66048,0.000116403
66304,0.000116403
66560,0.000116403
66816,0.000116345
67072,0.000116286
67328,0.000116228
67584,0.000116169
67840,0.000116169
68096,0.000116111
68352,0.000116111
68608,0.000116107
68864,0.000115993
69120,0.000115993
69376,0.000115935
69632,0.000115935
69888,0.000115935
70144,0.000115935
70400,0.000115935
70656,0.000115876
70912,0.000115818
71168,0.000115818
71424,0.000115759
71680,0.000115701
71936,0.000115677
72192,0.000115584
72448,0.000115584
72704,0.000115423
72960,0.000115357
73216,0.000115292
73472,0.000115227
73728,0.00011509
73984,0.000114999
74240,0.000114999
74496,0.000114999
74752,0.000114999
75008,0.0001149
75264,0.000114825
75520,0.000114818
75776,0.000114764
76032,0.000114764
76288,0.000114764
76544,0.000114764
76800,0.000114706
77056,0.000114656
77312,0.000114589
77568,0.000114582
77824,0.00011453
78080,0.00011453
78336,0.000114472
78592,0.000114376
78848,0.000114296
79104,0.000114238
79360,0.000114059
79616,0.000113887
79872,0.000113887
80128,0.000113828
80384,0.000113828
80640,0.000113828
80896,0.000113774
81152,0.00011377
81408,0.00011377
81664,0.000113749
81920,0.000113711
82176,0.000113673
82432,0.000113606
82688,0.000113538
82944,0.000113477
83200,0.00011336
83456,0.000113277
83712,0.000113184
83968,0.000113084
84224,0.000113016
84480,0.000113009
84736,0.000113009
84992,0.000112988
85248,0.000112889
85504,0.000112833
85760,0.000112833
86016,0.000112716
86272,0.000112716
86528,0.000112716
86784,0.000112658
87040,0.000112658
87296,0.000112541
87552,0.000112541
87808,0.000112471
88064,0.000112424
88320,0.000112392
88576,0.000112365
88832,0.000112365
89088,0.000112359
89344,0.000112248
89600,0.000112248
89856,0.000112248
90112,0.000112204
90368,0.000112131
90624,0.000112072
90880,0.000112056
91136,0.000112014
91392,0.000112014
91648,0.000111966
91904,0.000111838
92160,0.000111769
92416,0.000111721
92672,0.000111663
92928,0.000111663
93184,0.000111663
93440,0.000111604
93696,0.000111604
93952,0.000111604
94208,0.000111564
94464,0.000111546
94720,0.000111546
94976,0.000111473
95232,0.00011137
95488,0.00011137
95744,0.00011137
96000,0.000111195
96256,0.000111195
96512,0.000111136
96768,0.000111077
97024,0.00011103
97280,0.000110902
97536,0.000110843
97792,0.000110843
98048,0.000110726
98304,0.000110726
98560,0.000110609
98816,0.000110609
99072,0.000110584
99328,0.000110475
99584,0.000110325
99840,0.000110317
100096,0.000110317
100352,0.000110317
100608,0.000110317
100864,0.000110263
101120,0.0001102
101376,0.0001102
101632,0.000110154
101888,0.000110141
102144,0.000110083
102400,0.000110024
102656,0.000110011
102912,0.000109946
103168,0.000109907
103424,0.000109907
103680,0.000109868
103936,0.000109803
104192,0.000109686
104448,0.000109673
104704,0.00010966
104960,0.000109556
105216,0.000109556
105472,0.000109556
105728,0.000109489
105984,0.000109439
106240,0.000109392
106496,0.000109327
106752,0.000109322
107008,0.000109322
107264,0.000109306
107520,0.000109219
107776,0.000109117
108032,0.000109088
108288,0.000109088
108544,0.000109037
108800,0.000108972
109056,0.000108912
109312,0.000108887
109568,0.000108775
109824,0.000108709
110080,0.000108678
110336,0.000108678
110592,0.000108678
110848,0.000108678
111104,0.000108678
111360,0.000108666
111616,0.0001086
111872,0.000108561
112128,0.000108527
112384,0.00010842
112640,0.000108385
112896,0.00010833
113152,0.000108268
113408,0.000108256
113664,0.00010821
113920,0.00010821
114176,0.000108175
114432,0.000108109
114688,0.000108093
114944,0.000108035
115200,0.000108021
115456,0.000107903
115712,0.000107837
115968,0.0001078
116224,0.0001078
116480,0.0001078
116736,0.000107747
116992,0.000107679
117248,0.000107546
117504,0.000107449
117760,0.000107449
118016,0.000107381
118272,0.000107332
118528,0.000107232
118784,0.000107215
119040,0.000107215
119296,0.000107184
119552,0.000107074
119808,0.000107039
120064,0.000107039
120320,0.000106942
120576,0.000106922
120832,0.000106916
121088,0.000106864
121344,0.000106841
121600,0.000106805
121856,0.000106725
122112,0.00010664
122368,0.00010663
122624,0.000106513
122880,0.000106513
123136,0.000106513
123392,0.000106513
123648,0.000106431
123904,0.000106346
124160,0.000106337
124416,0.00010632
124672,0.00010622
124928,0.00010622
125184,0.000106185
125440,0.000106162
125696,0.000106162
125952,0.000106103
126208,0.000106103
126464,0.000106103
126720,0.000106045
126976,0.00010591
127232,0.000105775
127488,0.000105696
127744,0.000105693
128000,0.000105678
128256,0.000105635
128512,0.000105635
128768,0.000105635
129024,0.000105583
129280,0.000105459
129536,0.000105459
129792,0.000105459
130048,0.000105459
130304,0.000105459
130560,0.000105459
130816,0.000105459
131072,0.000105442
131328,0.000105324
131584,0.000105229
131840,0.000104984
132096,0.000104828
132352,0.000104815
132608,0.000104685
132864,0.000104581
133120,0.000104555
133376,0.00010445
133632,0.00010436
133888,0.000104347
134144,0.000104281
134400,0.000104213
134656,0.000104172
134912,0.000104134
135168,0.000104113
135424,0.000103997
135680,0.000103996
135936,0.000103976
136192,0.000103908
136448,0.000103879
136704,0.000103879
136960,0.000103875
137216,0.000103737
137472,0.000103645
137728,0.000103578
137984,0.000103353
138240,0.000103294
138496,0.000103294
138752,0.000103294
139008,0.000103294
139264,0.000103294
139520,0.000103294
139776,0.000103235
140032,0.000103212
140288,0.000103096
140544,0.00010306
140800,0.000103016
141056,0.000103001
141312,0.000102994
141568,0.000102924
141824,0.000102884
142080,0.000102884
142336,0.000102884
142592,0.000102884
142848,0.00010287
143104,0.000102826
143360,0.00010279
143616,0.00010272
143872,0.00010265
144128,0.00010257
144384,0.000102475
144640,0.000102475
144896,0.00010243
145152,0.00010236
145408,0.000102299
145664,0.000102299
145920,0.000102268
146176,0.00010224
146432,0.000102187
146688,0.000102182
146944,0.000102164
147200,0.000102094
147456,0.000102024
147712,0.000101954
147968,0.000101889
148224,0.000101889
148480,0.000101889
148736,0.000101849
148992,0.000101831
149248,0.000101762
149504,0.000101639
149760,0.000101597
150016,0.000101556
150272,0.000101382
150528,0.000101357
150784,0.000101286
151040,0.000101246
151296,0.000101079
151552,0.000101011
151808,0.000100828
152064,0.000100757
152320,0.000100686
152576,0.00010066
152832,0.00010066
153088,0.000100485
153344,0.000100437
153600,0.000100258
153856,0.000100192
154112,0.000100134
154368,0.000100134
154624,0.000100104
154880,9.99909e-05
155136,9.9903e-05
155392,9.98805e-05
155648,9.97599e-05
155904,9.95812e-05
156160,9.94409e-05
156416,9.94313e-05
156672,9.94313e-05
156928,9.94313e-05
157184,9.94313e-05
157440,9.93742e-05
157696,9.93728e-05
157952,9.93096e-05
158208,9.91295e-05
158464,9.9054e-05
158720,9.9003e-05
158976,9.88225e-05
159232,9.86766e-05
159488,9.85679e-05
159744,9.83962e-05
160000,9.81311e-05
160256,9.76202e-05
160512,9.70826e-05
160768,9.65429e-05
161024,9.62094e-05
161280,9.59648e-05
161536,9.58158e-05
161792,9.56325e-05
162048,9.54326e-05
162304,9.52078e-05
162560,9.51297e-05
162816,9.50752e-05
163072,9.49624e-05
163328,9.48495e-05
163584,9.47365e-05
163840,9.46233e-05
164096,9.44674e-05
164352,9.428e-05
164608,9.42042e-05
164864,9.40745e-05
165120,9.38844e-05
165376,9.37295e-05
165632,9.35316e-05
165888,9.32639e-05
166144,9.29621e-05
166400,9.26938e-05
166656,9.25009e-05
166912,9.22757e-05
167168,9.20916e-05
167424,9.2014e-05
167680,9.19676e-05
167936,9.19056e-05
168192,9.1789e-05
168448,9.17647e-05
168704,9.1731e-05
168960,9.16141e-05
169216,9.15277e-05
169472,9.14609e-05
169728,9.14218e-05
169984,9.13827e-05
170240,9.13551e-05
170496,9.13551e-05
170752,9.12929e-05
171008,9.12029e-05
171264,9.10853e-05
171520,9.09992e-05
171776,9.0933e-05
172032,9.08937e-05
172288,9.08544e-05
172544,9.08019e-05
172800,9.07231e-05
173056,9.07113e-05
173312,9.0697e-05
173568,9.06576e-05
173824,9.06528e-05
174080,9.06528e-05
174336,9.06528e-05
174592,9.05813e-05
174848,9.04857e-05
175104,9.03672e-05
175360,9.02485e-05
175616,9.00931e-05
175872,8.98946e-05
176128,8.95778e-05
176384,8.94238e-05
176640,8.94196e-05
176896,8.93396e-05
177152,8.92596e-05
177408,8.91796e-05
177664,8.90994e-05
177920,8.88588e-05
178176,8.84772e-05
178432,8.78695e-05
178688,8.70693e-05
178944,8.59225e-05
179200,8.42008e-05
179456,8.21981e-05
179712,8.0208e-05
179968,7.83364e-05
180224,7.67239e-05
180480,7.49339e-05
180736,7.29138e-05
180992,7.14245e-05
181248,7.06353e-05
181504,7.01667e-05
181760,6.96695e-05
182016,6.93096e-05
182272,6.89971e-05
182528,6.88133e-05
182784,6.86574e-05
183040,6.856e-05
183296,6.84849e-05
183552,6.84138e-05
183808,6.84138e-05
184064,6.84138e-05
184320,6.84138e-05
184576,6.84138e-05
184832,6.83265e-05
185088,6.82968e-05
185344,6.82343e-05
185600,6.81546e-05
185856,6.80832e-05
186112,6.80042e-05
186368,6.80042e-05
186624,6.80042e-05
186880,6.80042e-05
187136,6.79566e-05
187392,6.78624e-05
187648,6.77928e-05
187904,6.77102e-05
188160,6.7653e-05
188416,6.7616e-05
188672,6.75231e-05
188928,6.74702e-05
189184,6.73989e-05
189440,6.67599e-05
189696,6.46885e-05
189952,6.08483e-05
190208,5.48493e-05
190464,4.40825e-05
190720,3.07868e-05
190976,9.42208e-06
191232,7.60786e-06
191488,7.60786e-06
191744,7.60786e-06
192000,7.55498e-06
192256,7.49127e-06
192512,7.43229e-06
192768,7.43229e-06
193024,7.43229e-06
193280,7.43229e-06
193536,7.37377e-06
193792,7.37377e-06
194048,7.37377e-06
194304,7.37377e-06
194560,7.37377e-06
194816,7.37377e-06
195072,7.37377e-06
195328,7.37377e-06
195584,7.37377e-06
195840,7.37377e-06
196096,7.37377e-06
196352,7.37377e-06
196608,7.37377e-06
196864,7.37377e-06
197120,7.37377e-06
197376,7.37377e-06
197632,7.37377e-06
197888,7.37377e-06
198144,7.37377e-06
198400,7.37377e-06
198656,7.37377e-06
198912,7.37377e-06
199168,7.37377e-06
199424,7.37377e-06
199680,7.37377e-06
199936,7.37377e-06
200192,7.37377e-06
200448,7.37377e-06
200704,7.31525e-06
200960,7.31525e-06
201216,7.31525e-06
201472,7.31525e-06
201728,7.31525e-06
201984,7.10293e-06
202240,7.08115e-06
202496,7.02263e-06
202752,7.02263e-06
203008,7.02263e-06
203264,7.02263e-06
203520,7.02263e-06
203776,7.02263e-06
204032,7.02263e-06
204288,7.02263e-06
204544,7.02263e-06
204800,7.02263e-06
205056,7.02263e-06
205312,7.02263e-06
205568,7.02263e-06
205824,7.02263e-06
206080,7.02263e-06
206336,7.02263e-06
206592,7.02263e-06
206848,7.02263e-06
207104,7.02263e-06
207360,6.9641e-06
207616,6.9641e-06
207872,6.9641e-06
208128,6.9641e-06
208384,6.9641e-06
208640,6.9641e-06
208896,6.9641e-06
209152,6.9641e-06
209408,6.9641e-06
209664,6.9641e-06
209920,6.9641e-06
210176,6.9641e-06
210432,6.9641e-06
210688,6.9641e-06
210944,6.9641e-06
211200,6.9641e-06
211456,6.9641e-06
211712,6.9641e-06
211968,6.9641e-06
212224,6.9641e-06
212480,6.84706e-06
212736,6.84706e-06
212992,6.84706e-06
213248,6.84706e-06
213504,6.84706e-06
213760,6.78853e-06
214016,6.78853e-06
214272,6.78853e-06
214528,6.78853e-06
214784,6.78853e-06
215040,6.78853e-06
215296,6.78853e-06
215552,6.78853e-06
215808,6.78853e-06
216064,6.78853e-06
216320,6.78853e-06
216576,6.78853e-06
216832,6.78853e-06
217088,6.78853e-06
217344,6.78853e-06
217600,6.78853e-06
217856,6.78853e-06
218112,6.78853e-06
218368,6.78853e-06
218624,6.78853e-06
218880,6.78853e-06
219136,6.78853e-06
219392,6.78853e-06
219648,6.78853e-06
219904,6.78853e-06
220160,6.78853e-06
220416,6.78853e-06
220672,6.78853e-06
220928,6.78853e-06
221184,6.78853e-06
221440,6.7624e-06
221696,6.73001e-06
221952,6.73001e-06
222208,6.73001e-06
222464,6.73001e-06
222720,6.73001e-06
222976,6.73001e-06
223232,6.73001e-06
223488,6.73001e-06
223744,6.73001e-06
224000,6.73001e-06
224256,6.73001e-06
224512,6.73001e-06
224768,6.73001e-06
225024,6.73001e-06
225280,6.73001e-06
225536,6.73001e-06
225792,6.73001e-06
226048,6.73001e-06
226304,6.73001e-06
226560,6.73001e-06
226816,6.73001e-06
227072,6.73001e-06
227328,6.73001e-06
227584,6.73001e-06
227840,6.73001e-06
228096,6.73001e-06
228352,6.73001e-06
228608,6.73001e-06
228864,6.73001e-06
229120,6.73001e-06
229376,6.73001e-06
229632,6.73001e-06
229888,6.73001e-06
230144,6.73001e-06
230400,6.73001e-06
230656,6.73001e-06
230912,6.73001e-06
231168,6.73001e-06
231424,6.67149e-06
231680,6.67149e-06
231936,6.67149e-06
232192,6.67149e-06
232448,6.66974e-06
232704,6.59345e-06
232960,6.55444e-06
233216,6.55444e-06
233472,6.55444e-06
233728,6.55444e-06
233984,6.55444e-06
234240,6.55444e-06
234496,6.55444e-06
234752,6.55444e-06
235008,6.55444e-06
235264,6.55444e-06
235520,6.55444e-06
235776,6.55444e-06
236032,6.55444e-06
236288,6.55444e-06
236544,6.55444e-06
236800,6.55444e-06
237056,6.55444e-06
237312,6.55444e-06
237568,6.55444e-06
237824,6.55444e-06
238080,6.55444e-06
238336,6.55444e-06
238592,6.55444e-06
238848,6.55444e-06
239104,6.55444e-06
239360,6.55444e-06
239616,6.55444e-06
239872,6.55444e-06
240128,6.55444e-06
240384,6.55444e-06
240640,6.55444e-06
240896,6.55444e-06
241152,6.55444e-06
241408,6.55444e-06
241664,6.53064e-06
241920,6.49592e-06
242176,6.49592e-06
242432,6.44135e-06
242688,6.43739e-06
242944,6.43739e-06
243200,6.43739e-06
243456,6.43739e-06
243712,6.43739e-06
243968,6.43739e-06
244224,6.424e-06
244480,6.37887e-06
244736,6.37887e-06
244992,6.37887e-06
245248,6.37887e-06
245504,6.37887e-06
245760,6.37887e-06
246016,6.37887e-06
246272,6.3322e-06
246528,6.32035e-06
246784,6.32035e-06
247040,6.32035e-06
247296,6.28362e-06
247552,6.21216e-06
247808,6.2033e-06
248064,6.16711e-06
248320,6.08625e-06
248576,6.08625e-06
248832,5.96474e-06
249088,5.91068e-06
249344,5.8723e-06
249600,5.85216e-06
249856,5.85216e-06
250112,5.81892e-06
250368,5.79363e-06
250624,5.79363e-06
250880,5.79363e-06
251136,5.79363e-06
251392,5.79363e-06
251648,5.79363e-06
251904,5.79363e-06
252160,5.79363e-06
252416,5.79363e-06
252672,5.79363e-06
252928,5.79363e-06
253184,5.79363e-06
253440,5.79363e-06
253696,5.79363e-06
253952,5.79363e-06
254208,5.79363e-06
254464,5.79363e-06
254720,5.79363e-06
254976,5.79363e-06
255232,5.79363e-06
255488,5.79363e-06
255744,5.79363e-06
256000,5.79363e-06
256256,5.79363e-06
256512,5.79363e-06
256768,5.79363e-06
257024,5.79363e-06
257280,5.79363e-06
257536,5.79363e-06
257792,5.79363e-06
258048,5.79363e-06
258304,5.79363e-06
258560,5.79363e-06
258816,5.79363e-06
259072,5.79363e-06
259328,5.79363e-06
259584,5.79363e-06
259840,5.79363e-06
260096,5.79363e-06
260352,5.79363e-06
260608,5.79363e-06
260864,5.79363e-06
261120,5.79363e-06
261376,5.79363e-06
261632,5.79363e-06
261888,5.79363e-06
262144,5.79363e-06
262400,5.79363e-06
262656,5.79363e-06
262912,5.79363e-06
263168,5.79363e-06
263424,5.79363e-06
263680,5.79363e-06
263936,5.79363e-06
264192,5.79363e-06
264448,5.79363e-06
264704,5.79363e-06
264960,5.79363e-06
265216,5.79363e-06
265472,5.79363e-06
265728,5.79363e-06
265984,5.79363e-06
266240,5.79363e-06
266496,5.79363e-06
266752,5.79363e-06
267008,5.79363e-06
267264,5.79363e-06
267520,5.79363e-06
267776,5.79363e-06
268032,5.79363e-06
268288,5.79363e-06
268544,5.79363e-06
268800,5.79363e-06
269056,5.79363e-06
269312,5.79363e-06
269568,5.79363e-06
269824,5.79363e-06
270080,5.79363e-06
270336,5.79363e-06
270592,5.79363e-06
270848,5.79363e-06
271104,5.79363e-06
271360,5.79363e-06
271616,5.79363e-06
271872,5.79363e-06
272128,5.79363e-06
272384,5.79363e-06
272640,5.79363e-06
272896,5.79363e-06
273152,5.79363e-06
273408,5.79363e-06
273664,5.79363e-06
273920,5.79363e-06
274176,5.79363e-06
274432,5.79363e-06
274688,5.79363e-06
274944,5.79363e-06
275200,5.79363e-06
275456,5.79363e-06
275712,5.79363e-06
275968,5.79363e-06
276224,5.79363e-06
276480,5.78174e-06
276736,5.73511e-06
276992,5.73511e-06
277248,5.66499e-06
277504,5.61806e-06
277760,5.61806e-06
278016,5.61806e-06
278272,5.58126e-06
278528,5.55954e-06
278784,5.55954e-06
279040,5.55954e-06
279296,5.55954e-06
279552,5.55954e-06
279808,5.55954e-06
280064,5.55954e-06
280320,5.55954e-06
280576,5.55954e-06
280832,5.55954e-06
281088,5.55954e-06
281344,5.55954e-06
281600,5.55954e-06
281856,5.55954e-06
282112,5.55954e-06
282368,5.55954e-06
282624,5.55954e-06
282880,5.55954e-06
283136,5.55954e-06
283392,5.55954e-06
283648,5.55954e-06
283904,5.55954e-06
284160,5.55954e-06
284416,5.55954e-06
284672,5.55954e-06
284928,5.55954e-06
285184,5.55954e-06
285440,5.55954e-06
285696,5.55954e-06
285952,5.55954e-06
286208,5.55954e-06
286464,5.55954e-06
286720,5.55954e-06
286976,5.55954e-06
287232,5.55954e-06
287488,5.55954e-06
287744,5.55954e-06
288000,5.55954e-06
288256,5.55954e-06
288512,5.55954e-06
288768,5.55954e-06
289024,5.55954e-06
289280,5.55954e-06
289536,5.55954e-06
289792,5.55954e-06
290048,5.55954e-06
290304,5.55954e-06
290560,5.55954e-06
290816,5.55954e-06
291072,5.55954e-06
291328,5.55954e-06
291584,5.55954e-06
291840,5.55954e-06
292096,5.55954e-06
292352,5.55954e-06
292608,5.55954e-06
292864,5.55954e-06
293120,5.55954e-06
293376,5.55954e-06
293632,5.55954e-06
293888,5.55954e-06
294144,5.55954e-06
294400,5.55954e-06
294656,5.55954e-06
294912,5.55954e-06
295168,5.55954e-06
295424,5.55954e-06
295680,5.55954e-06
295936,5.55954e-06
296192,5.55954e-06
296448,5.55954e-06
296704,5.55954e-06
296960,5.55954e-06
297216,5.55954e-06
297472,5.55954e-06
297728,5.55954e-06
297984,5.55954e-06
298240,5.55954e-06
298496,5.55954e-06
298752,5.55954e-06
299008,5.55954e-06
299264,5.55954e-06
299520,5.55954e-06
299776,5.55954e-06
300032,5.55954e-06
300288,5.55954e-06
300544,5.55954e-06
300800,5.55954e-06
301056,5.55954e-06
301312,5.55558e-06
301568,5.51525e-06
301824,5.50102e-06
302080,5.50102e-06
302336,5.50102e-06
302592,5.50102e-06
302848,5.50102e-06
303104,5.50102e-06
303360,5.50102e-06
303616,5.50102e-06
303872,5.50102e-06
304128,5.50102e-06
304384,5.50102e-06
304640,5.50102e-06
304896,5.50102e-06
305152,5.50102e-06
305408,5.50102e-06
305664,5.50102e-06
305920,5.50102e-06
306176,5.50102e-06
306432,5.50102e-06
306688,5.50102e-06
306944,5.48232e-06
307200,5.44249e-06
307456,5.44249e-06
307712,5.44249e-06
307968,5.42836e-06
308224,5.34547e-06
308480,5.32545e-06
308736,5.32545e-06
308992,5.32545e-06
309248,5.32545e-06
309504,5.32545e-06
309760,5.32545e-06
310016,5.32545e-06
310272,5.32545e-06
310528,5.32545e-06
310784,5.32545e-06
311040,5.32545e-06
311296,5.32545e-06
311552,5.32545e-06
311808,5.32545e-06
312064,5.32545e-06
312320,5.32545e-06
312576,5.32545e-06
312832,5.32545e-06
313088,5.32545e-06
313344,5.32545e-06
313600,5.32545e-06
313856,5.32545e-06
314112,5.32545e-06
314368,5.32545e-06
314624,5.32545e-06
314880,5.32545e-06
315136,5.32545e-06
315392,5.32545e-06
315648,5.32545e-06
315904,5.32545e-06
316160,5.32545e-06
316416,5.32545e-06
316672,5.29805e-06
316928,5.26692e-06
317184,5.26692e-06
317440,5.22937e-06
317696,5.2084e-06
317952,5.2084e-06
318208,5.2084e-06
318464,5.2084e-06
318720,5.2084e-06
318976,5.2084e-06
319232,5.2084e-06
319488,5.2084e-06
319744,5.2084e-06
320000,5.2084e-06
320256,5.2084e-06
320512,5.2084e-06
320768,5.2084e-06
321024,5.2084e-06
321280,5.2084e-06
321536,5.18732e-06
321792,5.14988e-06
322048,5.14988e-06
322304,5.14988e-06
322560,5.14988e-06
322816,5.14988e-06
323072,5.14988e-06
323328,5.14988e-06
323584,5.14988e-06
323840,5.14988e-06
324096,5.14988e-06
324352,5.14988e-06
324608,5.14988e-06
324864,5.14988e-06
325120,5.02042e-06
325376,4.82487e-06
325632,4.43314e-06
325888,3.86058e-06
326144,3.67067e-06
326400,3.59031e-06
326656,3.51122e-06
326912,3.51122e-06
327168,3.51122e-06
327424,3.51122e-06
327680,3.51122e-06
327936,3.51122e-06
328192,3.45686e-06
328448,3.45269e-06
328704,3.44458e-06
328960,3.39417e-06
329216,3.39417e-06
329472,3.39417e-06
329728,3.39417e-06
329984,3.39417e-06
330240,3.39417e-06
330496,3.33276e-06
330752,2.87552e-06
331008,2.43373e-06
331264,2.39927e-06
331520,2.39927e-06
331776,2.39927e-06
332032,2.39927e-06
332288,2.39927e-06
332544,2.39927e-06
332800,2.39927e-06
333056,2.39927e-06
333312,2.39927e-06
333568,2.39927e-06
333824,2.39927e-06
334080,2.39927e-06
334336,2.39927e-06
334592,2.39927e-06
334848,2.39927e-06
335104,2.39927e-06
335360,2.39927e-06
335616,2.39927e-06
335872,2.39927e-06
336128,2.39927e-06
336384,2.39927e-06
336640,2.39927e-06
336896,2.39927e-06
337152,2.39927e-06
337408,2.39927e-06
337664,2.39927e-06
337920,2.39927e-06
338176,2.39927e-06
338432,2.39927e-06
338688,2.39927e-06
338944,2.39927e-06
339200,2.39927e-06
339456,2.39927e-06
339712,2.39927e-06
339968,2.39927e-06
340224,2.39927e-06
340480,2.39927e-06
340736,2.39927e-06
340992,2.39927e-06
341248,2.39927e-06
341504,2.39927e-06
341760,2.39927e-06
342016,2.39927e-06
342272,2.39927e-06
342528,2.39927e-06
342784,2.39927e-06
343040,2.39927e-06
343296,2.39927e-06
343552,2.39927e-06
343808,2.39927e-06
344064,2.39927e-06
344320,2.39927e-06
344576,2.39927e-06
344832,2.39927e-06
345088,2.39927e-06
345344,2.39927e-06
345600,2.39927e-06
345856,2.39927e-06
346112,2.39927e-06
346368,2.39927e-06
346624,2.39927e-06
346880,2.39927e-06
347136,2.39927e-06
347392,2.39927e-06
347648,2.39927e-06
347904,2.39927e-06
348160,2.39927e-06
348416,2.39927e-06
348672,2.39927e-06
348928,2.39927e-06
349184,2.39927e-06
349440,2.39927e-06
349696,2.39927e-06
349952,2.39927e-06
350208,2.39927e-06
350464,2.39927e-06
350720,2.39927e-06
350976,2.39927e-06
351232,2.39927e-06
351488,2.39927e-06
351744,2.39927e-06
352000,2.39927e-06
352256,2.39927e-06
352512,2.39927e-06
352768,2.39927e-06
353024,2.39927e-06
353280,2.39927e-06
353536,2.39927e-06
353792,2.39927e-06
354048,2.39927e-06
354304,2.39927e-06
354560,2.39927e-06
354816,2.39927e-06
355072,2.39927e-06
355328,2.39927e-06
355584,2.39927e-06
355840,2.39927e-06
356096,2.39927e-06
356352,2.39927e-06
356608,2.39927e-06
356864,2.39927e-06
357120,2.39927e-06
357376,2.39927e-06
357632,2.39927e-06
357888,2.39927e-06
358144,2.39927e-06
358400,2.39927e-06
358656,2.39927e-06
358912,2.39927e-06
359168,2.39927e-06
359424,2.39927e-06
359680,2.39927e-06
359936,2.39927e-06
360192,2.39927e-06
360448,2.39927e-06
360704,2.39927e-06
360960,2.39927e-06
361216,2.39927e-06
361472,2.39927e-06
361728,2.39927e-06
361984,2.39927e-06
362240,2.39927e-06
362496,2.39927e-06
362752,2.39927e-06
363008,2.39927e-06
363264,2.39927e-06
363520,2.39927e-06
363776,2.39927e-06
364032,2.39927e-06
364288,2.39927e-06
364544,2.39927e-06
364800,2.39927e-06
365056,2.39927e-06
365312,2.39927e-06
365568,2.39927e-06
365824,2.39927e-06
366080,2.39927e-06
366336,2.39927e-06
366592,2.39927e-06
366848,2.39927e-06
367104,2.39927e-06
367360,2.39927e-06
367616,2.39927e-06
367872,2.39927e-06
368128,2.39927e-06
368384,2.39927e-06
368640,2.39927e-06
368896,2.39927e-06
369152,2.39927e-06
369408,2.39927e-06
369664,2.39927e-06
369920,2.39927e-06
370176,2.39927e-06
370432,2.39927e-06
370688,2.39927e-06
370944,2.39927e-06
371200,2.39927e-06
371456,2.39927e-06
371712,2.39927e-06
371968,2.39927e-06
372224,2.39927e-06
372480,2.39927e-06
372736,2.39927e-06
372992,2.39927e-06
373248,2.39927e-06
373504,2.39927e-06
373760,2.39927e-06
374016,2.39927e-06
374272,2.39927e-06
374528,2.39927e-06
374784,2.39927e-06
375040,2.39927e-06
375296,2.39927e-06
375552,2.39927e-06
375808,2.39927e-06
376064,2.39927e-06
376320,2.39927e-06
376576,2.39927e-06
376832,2.39927e-06
377088,2.39927e-06
377344,2.39927e-06
377600,2.39927e-06
377856,2.39927e-06
378112,2.39927e-06
378368,2.39927e-06
378624,2.39927e-06
378880,2.39927e-06
379136,2.39927e-06
379392,2.39927e-06
379648,2.39927e-06
379904,2.39927e-06
380160,2.39927e-06
380416,2.39927e-06
380672,2.39927e-06
380928,2.39927e-06
381184,2.39927e-06
381440,2.39927e-06
381696,2.39927e-06
381952,2.39927e-06
382208,2.39927e-06
382464,2.39927e-06
382720,2.39927e-06
382976,2.39927e-06
383232,2.39927e-06
383488,2.39927e-06
383744,2.39927e-06
384000,2.39927e-06
384256,2.39927e-06
384512,2.39927e-06
384768,2.39927e-06
385024,2.39927e-06
385280,2.39927e-06
385536,2.39927e-06
385792,2.39927e-06
386048,2.39927e-06
386304,2.39927e-06
386560,2.39927e-06
386816,2.39927e-06
387072,2.39927e-06
387328,2.39927e-06
387584,2.39927e-06
387840,2.39927e-06
388096,2.39927e-06
388352,2.39927e-06
388608,2.39927e-06
388864,2.39927e-06
389120,2.39927e-06
389376,2.39927e-06
389632,2.39927e-06
389888,2.39927e-06
390144,2.39927e-06
390400,2.39927e-06
390656,2.39927e-06
390912,2.39927e-06
391168,2.39927e-06
391424,2.39927e-06
391680,2.39927e-06
391936,2.39927e-06
392192,2.39927e-06
392448,2.39927e-06
392704,2.39927e-06
392960,2.39927e-06
393216,2.39927e-06
393472,2.39927e-06
393728,2.39927e-06
393984,2.39927e-06
394240,2.39927e-06
394496,2.39927e-06
394752,2.39927e-06
395008,2.39927e-06
395264,2.39927e-06
395520,2.39927e-06
395776,2.39927e-06
396032,2.39927e-06
396288,2.39927e-06
396544,2.39927e-06
396800,2.39927e-06
397056,2.39927e-06
397312,2.39927e-06
397568,2.39927e-06
397824,2.39927e-06
398080,2.39927e-06
398336,2.39927e-06
398592,2.39927e-06
398848,2.39927e-06
399104,2.39927e-06
399360,2.39927e-06
399616,2.39927e-06
399872,2.39927e-06
400128,2.39927e-06
400384,2.39927e-06
400640,2.39927e-06
400896,2.39927e-06
401152,2.39927e-06
401408,2.39927e-06
401664,2.39927e-06
401920,2.39927e-06
402176,2.39927e-06
402432,2.39927e-06
402688,2.39927e-06
402944,2.39927e-06
403200,2.39927e-06
403456,2.39927e-06
403712,2.39927e-06
403968,2.39927e-06
404224,2.39927e-06
404480,2.39927e-06
404736,2.39927e-06
404992,2.39927e-06
405248,2.39927e-06
405504,2.39927e-06
405760,2.39927e-06
406016,2.39927e-06
406272,2.39927e-06
406528,2.39927e-06
406784,2.39927e-06
407040,2.39927e-06
407296,2.39927e-06
407552,2.39927e-06
407808,2.39927e-06
408064,2.39927e-06
408320,2.39927e-06
408576,2.39927e-06
408832,2.39927e-06
409088,2.39927e-06
409344,2.39927e-06
409600,2.39927e-06
409856,2.39927e-06
