cache_lines,MRC
256,0.00699593
512,0.00517395
768,0.0049697
1024,0.00488041
1280,0.00464914
1536,0.00432834
1792,0.00416797
2048,0.00405273
2304,0.00399432
2560,0.00393531
2816,0.00388017
3072,0.00382862
3328,0.00376726
3584,0.00371116
3840,0.00366717
4096,0.00362263
4352,0.00357515
4608,0.00352152
4864,0.00349542
5120,0.00342328
5376,0.00336534
5632,0.00335336
5888,0.00334254
6144,0.00331602
6400,0.00330659
6656,0.00329992
6912,0.00329395
7168,0.00328603
7424,0.00327858
7680,0.00326892
7936,0.00325953
8192,0.00325026
8448,0.00324132
8704,0.00323101
8960,0.00321982
9216,0.00321029
9472,0.00319965
9728,0.00318942
9984,0.00317717
10240,0.00316493
10496,0.00315303
10752,0.00314336
11008,0.00313106
11264,0.00311806
11520,0.00310443
11776,0.00308979
12032,0.00307739
12288,0.00306492
12544,0.00305188
12800,0.00303762
13056,0.00302332
13312,0.00301005
13568,0.00299729
13824,0.00298319
14080,0.00296734
14336,0.0029543
14592,0.0029418
14848,0.00292898
15104,0.00291309
15360,0.00289804
15616,0.00288093
15872,0.00286238
16128,0.0028427
16384,0.00282296
16640,0.00280468
16896,0.00278668
17152,0.0027666
17408,0.002747
17664,0.00272738
17920,0.00270989
18176,0.00269059
18432,0.00267041
18688,0.00264982
18944,0.00262781
19200,0.00260672
19456,0.00258538
19712,0.0025632
19968,0.00254258
20224,0.00251994
20480,0.00249882
20736,0.00247572
20992,0.00245392
21248,0.00243189
21504,0.00240677
21760,0.00238285
22016,0.00235734
22272,0.00233167
22528,0.00230696
22784,0.00228198
23040,0.00225625
23296,0.00222929
23552,0.00220016
23808,0.00217738
24064,0.00215122
24320,0.00212025
24576,0.00209073
24832,0.00206103
25088,0.00203087
25344,0.00200141
25600,0.00197427
25856,0.00194307
26112,0.0019144
26368,0.00188539
26624,0.00185173
26880,0.00181845
27136,0.00178446
27392,0.00175002
27648,0.00171855
27904,0.00168527
28160,0.0016489
28416,0.00161857
28672,0.00158386
28928,0.00154377
29184,0.00150386
29440,0.00146282
29696,0.00142431
29952,0.00138214
30208,0.00134253
30464,0.00129739
30720,0.00125095
30976,0.00120033
31232,0.00115457
31488,0.00110548
31744,0.00106014
32000,0.00100729
32256,0.000948964
32512,0.000890632
32768,0.000833708
33024,0.000770391
33280,0.00070616
33536,0.000648429
33792,0.000590211
34048,0.000521516
34304,0.000467019
34560,0.000412672
34816,0.000371803
35072,0.000318226
35328,0.000248291
35584,0.00016741
35840,0.000147794
36096,0.00014463
36352,0.000144421
36608,0.000144158
36864,0.000143918
37120,0.000143368
37376,0.000142534
37632,0.000140694
37888,0.000137635
38144,0.000135298
38400,0.000131859
38656,0.000129481
38912,0.000127622
39168,0.000125978
39424,0.000124697
39680,0.00012362
39936,0.00012362
40192,0.000123586
40448,0.000123269
40704,0.000122699
40960,0.000122216
41216,0.000122216
41472,0.000122216
41728,0.000122216
41984,0.000122216
42240,0.00012204
42496,0.000121952
42752,0.000121952
43008,0.000121804
43264,0.000121601
43520,0.000121514
43776,0.000121514
44032,0.000121426
44288,0.000121338
44544,0.000121206
44800,0.000121206
45056,0.000121206
45312,0.000121163
45568,0.000121075
45824,0.000121043
46080,0.000120943
46336,0.000120899
46592,0.000120899
46848,0.000120899
47104,0.000120894
47360,0.000120847
47616,0.000120768
47872,0.00012068
48128,0.000120548
48384,0.000120548
48640,0.00012046
48896,0.000120373
49152,0.000120285
49408,0.000120109
49664,0.000119971
49920,0.0001196
50176,0.000118651
50432,0.000116545
50688,0.000115252
50944,0.000114668
51200,0.000114668
51456,0.000114629
51712,0.00011458
51968,0.000114387
52224,0.000114141
52480,0.000113927
52736,0.000113372
52992,0.000112774
53248,0.000112649
53504,0.000112561
53760,0.000112272
54016,0.000112254
54272,0.000112022
54528,0.000111817
54784,0.00011155
55040,0.000111183
55296,0.000110831
55552,0.000110621
55808,0.000110138
56064,0.000109601
56320,0.000108531
56576,0.000107258
56832,0.000105784
57088,0.000103666
57344,0.000101788
57600,0.000101035
57856,0.000100304
58112,9.91768e-05
58368,9.78276e-05
58624,9.62901e-05
58880,9.44e-05
59136,9.29078e-05
59392,9.23311e-05
59648,9.21953e-05
59904,9.20745e-05
60160,9.19666e-05
60416,9.16961e-05
60672,9.155e-05
60928,9.11333e-05
61184,9.0883e-05
61440,9.0883e-05
61696,9.08716e-05
61952,9.07075e-05
62208,9.06636e-05
62464,9.06017e-05
62720,9.04527e-05
62976,9.04442e-05
63232,9.04442e-05
63488,9.04442e-05
63744,9.04003e-05
64000,9.03564e-05
64256,9.03125e-05
64512,9.03125e-05
64768,9.03125e-05
65024,9.03125e-05
65280,9.02247e-05
65536,9.02247e-05
65792,9.02247e-05
66048,9.02247e-05
66304,9.02247e-05
66560,9.02247e-05
66816,9.0196e-05
67072,9.00931e-05
67328,9.00899e-05
67584,8.99709e-05
67840,8.99176e-05
68096,8.99176e-05
68352,8.99176e-05
68608,8.9817e-05
68864,8.9742e-05
69120,8.9742e-05
69376,8.9742e-05
69632,8.9742e-05
69888,8.97312e-05
70144,8.96981e-05
70400,8.96678e-05
70656,8.96104e-05
70912,8.94348e-05
71168,8.94348e-05
71424,8.93909e-05
71680,8.93324e-05
71936,8.92593e-05
72192,8.91888e-05
72448,8.90838e-05
72704,8.90399e-05
72960,8.8996e-05
73216,8.89521e-05
73472,8.89521e-05
73728,8.89082e-05
73984,8.89082e-05
74240,8.88752e-05
74496,8.88643e-05
74752,8.88205e-05
75008,8.88205e-05
75264,8.87766e-05
75520,8.87327e-05
75776,8.86888e-05
76032,8.86888e-05
76288,8.86118e-05
76544,8.8601e-05
76800,8.8601e-05
77056,8.8601e-05
77312,8.85572e-05
77568,8.85337e-05
77824,8.84126e-05
78080,8.83792e-05
78336,8.83377e-05
78592,8.82939e-05
78848,8.82939e-05
79104,8.82939e-05
79360,8.82553e-05
79616,8.81622e-05
79872,8.81622e-05
80128,8.81622e-05
80384,8.80783e-05
80640,8.80744e-05
80896,8.80744e-05
81152,8.80744e-05
81408,8.80744e-05
81664,8.80386e-05
81920,8.80306e-05
82176,8.80306e-05
82432,8.80306e-05
82688,8.80306e-05
82944,8.80006e-05
83200,8.79428e-05
83456,8.79325e-05
83712,8.7855e-05
83968,8.7855e-05
84224,8.7855e-05
84480,8.7855e-05
84736,8.78494e-05
84992,8.78111e-05
85248,8.77673e-05
85504,8.77234e-05
85760,8.77234e-05
86016,8.77234e-05
86272,8.77234e-05
86528,8.76795e-05
86784,8.75917e-05
87040,8.7504e-05
87296,8.74614e-05
87552,8.74162e-05
87808,8.73821e-05
88064,8.73723e-05
88320,8.73723e-05
88576,8.73298e-05
88832,8.73284e-05
89088,8.73284e-05
89344,8.73284e-05
89600,8.72792e-05
89856,8.72407e-05
90112,8.72249e-05
90368,8.71635e-05
90624,8.7109e-05
90880,8.7109e-05
91136,8.7109e-05
91392,8.70052e-05
91648,8.69436e-05
91904,8.68896e-05
92160,8.68896e-05
92416,8.68465e-05
92672,8.68287e-05
92928,8.68018e-05
93184,8.68018e-05
93440,8.68018e-05
93696,8.68018e-05
93952,8.68018e-05
94208,8.68018e-05
94464,8.68018e-05
94720,8.67457e-05
94976,8.67141e-05
95232,8.67141e-05
95488,8.67141e-05
95744,8.67022e-05
96000,8.66702e-05
96256,8.66263e-05
96512,8.66045e-05
96768,8.65824e-05
97024,8.65685e-05
97280,8.65066e-05
97536,8.64008e-05
97792,8.6363e-05
98048,8.6363e-05
98304,8.63131e-05
98560,8.62313e-05
98816,8.62313e-05
99072,8.62039e-05
99328,8.61399e-05
99584,8.60558e-05
99840,8.60558e-05
100096,8.60428e-05
100352,8.60119e-05
100608,8.59621e-05
100864,8.58997e-05
101120,8.58803e-05
101376,8.57047e-05
101632,8.57047e-05
101888,8.57047e-05
102144,8.56752e-05
102400,8.55644e-05
102656,8.54391e-05
102912,8.53976e-05
103168,8.53976e-05
103424,8.5326e-05
103680,8.5299e-05
103936,8.52361e-05
104192,8.51781e-05
104448,8.51543e-05
104704,8.51343e-05
104960,8.50981e-05
105216,8.50465e-05
105472,8.50465e-05
105728,8.50465e-05
105984,8.49148e-05
106240,8.49148e-05
106496,8.49136e-05
106752,8.48709e-05
107008,8.48709e-05
107264,8.48709e-05
107520,8.48366e-05
107776,8.47735e-05
108032,8.47102e-05
108288,8.46909e-05
108544,8.45558e-05
108800,8.4476e-05
109056,8.4476e-05
109312,8.44374e-05
109568,8.44321e-05
109824,8.44321e-05
110080,8.43786e-05
110336,8.43151e-05
110592,8.43005e-05
110848,8.42512e-05
111104,8.42127e-05
111360,8.42127e-05
111616,8.42127e-05
111872,8.41969e-05
112128,8.41688e-05
112384,8.41688e-05
112640,8.41688e-05
112896,8.41249e-05
113152,8.41249e-05
113408,8.41221e-05
113664,8.4081e-05
113920,8.4081e-05
114176,8.39494e-05
114432,8.39494e-05
114688,8.39055e-05
114944,8.39055e-05
115200,8.39055e-05
115456,8.38751e-05
115712,8.38177e-05
115968,8.38177e-05
116224,8.37739e-05
116480,8.37739e-05
116736,8.3731e-05
116992,8.373e-05
117248,8.373e-05
117504,8.36838e-05
117760,8.35271e-05
118016,8.35106e-05
118272,8.35106e-05
118528,8.34581e-05
118784,8.34228e-05
119040,8.33789e-05
119296,8.33273e-05
119552,8.3201e-05
119808,8.31595e-05
120064,8.31595e-05
120320,8.31595e-05
120576,8.31595e-05
120832,8.30983e-05
121088,8.30717e-05
121344,8.2984e-05
121600,8.2984e-05
121856,8.29401e-05
122112,8.29401e-05
122368,8.28866e-05
122624,8.28219e-05
122880,8.28011e-05
123136,8.27645e-05
123392,8.27207e-05
123648,8.26947e-05
123904,8.26768e-05
124160,8.26768e-05
124416,8.26329e-05
124672,8.26329e-05
124928,8.25471e-05
125184,8.24611e-05
125440,8.23723e-05
125696,8.23257e-05
125952,8.23257e-05
126208,8.2221e-05
126464,8.21558e-05
126720,8.21502e-05
126976,8.21502e-05
127232,8.21502e-05
127488,8.20427e-05
127744,8.19746e-05
128000,8.19746e-05
128256,8.19622e-05
128512,8.19308e-05
128768,8.19076e-05
129024,8.1843e-05
129280,8.1843e-05
129536,8.18106e-05
129792,8.17451e-05
130048,8.17113e-05
130304,8.17113e-05
130560,8.16801e-05
130816,8.16493e-05
131072,8.15797e-05
131328,8.1527e-05
131584,8.14307e-05
131840,8.13603e-05
132096,8.13296e-05
132352,8.13164e-05
132608,8.13164e-05
132864,8.12636e-05
133120,8.11977e-05
133376,8.11317e-05
133632,8.10656e-05
133888,8.10044e-05
134144,8.09713e-05
134400,8.09653e-05
134656,8.0949e-05
134912,8.08994e-05
135168,8.07668e-05
135424,8.0718e-05
135680,8.0702e-05
135936,8.0702e-05
136192,8.0702e-05
136448,8.0702e-05
136704,8.06469e-05
136960,8.0555e-05
137216,8.04884e-05
137472,8.03914e-05
137728,8.03311e-05
137984,8.02978e-05
138240,8.02644e-05
138496,8.01989e-05
138752,8.01537e-05
139008,8.01203e-05
139264,8.00869e-05
139520,8.00534e-05
139776,8.00438e-05
140032,8.00036e-05
140288,7.99091e-05
140544,7.98756e-05
140800,7.9842e-05
141056,7.98243e-05
141312,7.98078e-05
141568,7.9707e-05
141824,7.9635e-05
142080,7.95677e-05
142336,7.95172e-05
142592,7.95172e-05
142848,7.95172e-05
143104,7.94955e-05
143360,7.94503e-05
143616,7.93828e-05
143872,7.93153e-05
144128,7.92977e-05
144384,7.92828e-05
144640,7.92443e-05
144896,7.91766e-05
145152,7.91375e-05
145408,7.90851e-05
145664,7.90088e-05
145920,7.8907e-05
146176,7.88377e-05
146432,7.87924e-05
146688,7.87584e-05
146944,7.87244e-05
147200,7.86903e-05
147456,7.86563e-05
147712,7.86395e-05
147968,7.86246e-05
148224,7.85565e-05
148480,7.85517e-05
148736,7.85078e-05
148992,7.84396e-05
149248,7.83762e-05
149504,7.83762e-05
149760,7.83762e-05
150016,7.8359e-05
150272,7.83248e-05
150528,7.82906e-05
150784,7.82563e-05
151040,7.81997e-05
151296,7.81311e-05
151552,7.8069e-05
151808,7.8069e-05
152064,7.79851e-05
152320,7.7882e-05
152576,7.77967e-05
152832,7.77623e-05
153088,7.77618e-05
153344,7.77618e-05
153600,7.77316e-05
153856,7.76455e-05
154112,7.74729e-05
154368,7.72688e-05
154624,7.71478e-05
154880,7.70404e-05
155136,7.6877e-05
155392,7.68073e-05
155648,7.66787e-05
155904,7.65798e-05
156160,7.65099e-05
156416,7.64343e-05
156672,7.6294e-05
156928,7.62407e-05
157184,7.62056e-05
157440,7.61588e-05
157696,7.60914e-05
157952,7.60561e-05
158208,7.60209e-05
158464,7.59232e-05
158720,7.5831e-05
158976,7.58236e-05
159232,7.57529e-05
159488,7.57127e-05
159744,7.55892e-05
160000,7.54663e-05
160256,7.5436e-05
160512,7.5436e-05
160768,7.54036e-05
161024,7.53681e-05
161280,7.53326e-05
161536,7.53043e-05
161792,7.53043e-05
162048,7.53043e-05
162304,7.52255e-05
162560,7.51366e-05
162816,7.50849e-05
163072,7.50801e-05
163328,7.4973e-05
163584,7.47196e-05
163840,7.44111e-05
164096,7.41401e-05
164352,7.39536e-05
164608,7.37359e-05
164864,7.34831e-05
165120,7.3146e-05
165376,7.28189e-05
165632,7.25887e-05
165888,7.24839e-05
166144,7.24099e-05
166400,7.22998e-05
166656,7.22179e-05
166912,7.20537e-05
167168,7.19253e-05
167424,7.18978e-05
167680,7.17859e-05
167936,7.16739e-05
168192,7.15952e-05
168448,7.14123e-05
168704,7.12282e-05
168960,7.1121e-05
169216,7.10669e-05
169472,7.09578e-05
169728,7.09201e-05
169984,7.07811e-05
170240,7.06573e-05
170496,7.05435e-05
170752,7.04454e-05
171008,7.03794e-05
171264,7.03413e-05
171520,7.03032e-05
171776,7.01553e-05
172032,7.00643e-05
172288,7.00131e-05
172544,6.99748e-05
172800,6.99225e-05
173056,6.98628e-05
173312,6.98628e-05
173568,6.98628e-05
173824,6.98628e-05
174080,6.98628e-05
174336,6.98381e-05
174592,6.97998e-05
174848,6.97205e-05
175104,6.95913e-05
175360,6.95556e-05
175616,6.95556e-05
175872,6.94477e-05
176128,6.93626e-05
176384,6.93362e-05
176640,6.93362e-05
176896,6.93063e-05
177152,6.9229e-05
177408,6.91607e-05
177664,6.91607e-05
177920,6.91607e-05
178176,6.91607e-05
178432,6.91328e-05
178688,6.90714e-05
178944,6.89762e-05
179200,6.88722e-05
179456,6.87944e-05
179712,6.87138e-05
179968,6.85967e-05
180224,6.85164e-05
180480,6.8406e-05
180736,6.83433e-05
180992,6.82814e-05
181248,6.81667e-05
181504,6.79822e-05
181760,6.76996e-05
182016,6.71984e-05
182272,6.62349e-05
182528,6.52572e-05
182784,6.35855e-05
183040,6.18733e-05
183296,6.0776e-05
183552,5.91638e-05
183808,5.76256e-05
184064,5.61608e-05
184320,5.47065e-05
184576,5.33573e-05
184832,5.27179e-05
185088,5.22267e-05
185344,5.20262e-05
185600,5.17647e-05
185856,5.16878e-05
186112,5.15957e-05
186368,5.15044e-05
186624,5.1376e-05
186880,5.11992e-05
187136,5.11669e-05
187392,5.10714e-05
187648,5.10368e-05
187904,5.10368e-05
188160,5.10017e-05
188416,5.09929e-05
188672,5.0949e-05
188928,5.0949e-05
189184,5.09231e-05
189440,5.08705e-05
189696,5.08612e-05
189952,5.08612e-05
190208,5.08271e-05
190464,5.07735e-05
190720,5.07735e-05
190976,5.07735e-05
191232,5.07122e-05
191488,5.06242e-05
191744,5.05979e-05
192000,5.05622e-05
192256,5.05531e-05
192512,5.04798e-05
192768,5.02816e-05
193024,4.95492e-05
193280,4.77939e-05
193536,4.42176e-05
193792,3.83885e-05
194048,3.02867e-05
194304,1.90227e-05
194560,5.82989e-06
194816,5.79291e-06
195072,5.74902e-06
195328,5.74902e-06
195584,5.70514e-06
195840,5.67718e-06
196096,5.66126e-06
196352,5.66126e-06
196608,5.66126e-06
196864,5.66126e-06
197120,5.66126e-06
197376,5.66126e-06
197632,5.66126e-06
197888,5.66126e-06
198144,5.66126e-06
198400,5.66126e-06
198656,5.66126e-06
198912,5.66126e-06
199168,5.66126e-06
199424,5.66126e-06
199680,5.66126e-06
199936,5.66126e-06
200192,5.66126e-06
200448,5.66126e-06
200704,5.66126e-06
200960,5.66126e-06
201216,5.66126e-06
201472,5.66126e-06
201728,5.66126e-06
201984,5.66126e-06
202240,5.66126e-06
202496,5.66126e-06
202752,5.65324e-06
203008,5.61737e-06
203264,5.61737e-06
203520,5.61737e-06
203776,5.61737e-06
204032,5.60227e-06
204288,5.57349e-06
204544,5.57349e-06
204800,5.57349e-06
205056,5.57349e-06
205312,5.54181e-06
205568,5.49786e-06
205824,5.39796e-06
206080,5.35407e-06
206336,5.35407e-06
206592,5.35407e-06
206848,5.35407e-06
207104,5.35407e-06
207360,5.35407e-06
207616,5.35407e-06
207872,5.35407e-06
208128,5.35407e-06
208384,5.35407e-06
208640,5.35407e-06
208896,5.35407e-06
209152,5.35407e-06
209408,5.35407e-06
209664,5.35407e-06
209920,5.35407e-06
210176,5.35407e-06
210432,5.35407e-06
210688,5.35407e-06
210944,5.35407e-06
211200,5.35407e-06
211456,5.35407e-06
211712,5.35407e-06
211968,5.35407e-06
212224,5.35407e-06
212480,5.35407e-06
212736,5.35407e-06
212992,5.35407e-06
213248,5.35407e-06
213504,5.35407e-06
213760,5.35407e-06
214016,5.35407e-06
214272,5.35407e-06
214528,5.35407e-06
214784,5.35407e-06
215040,5.35407e-06
215296,5.35407e-06
215552,5.35407e-06
215808,5.35407e-06
216064,5.35407e-06
216320,5.2663e-06
216576,5.22242e-06
216832,5.22242e-06
217088,5.22242e-06
217344,5.22242e-06
217600,5.22242e-06
217856,5.22242e-06
218112,5.22242e-06
218368,5.22242e-06
218624,5.22242e-06
218880,5.22242e-06
219136,5.22242e-06
219392,5.22242e-06
219648,5.22242e-06
219904,5.22242e-06
220160,5.22242e-06
220416,5.22242e-06
220672,5.22242e-06
220928,5.22242e-06
221184,5.22242e-06
221440,5.22242e-06
221696,5.22242e-06
221952,5.22242e-06
222208,5.22242e-06
222464,5.22242e-06
222720,5.22242e-06
222976,5.22242e-06
223232,5.22242e-06
223488,5.22242e-06
223744,5.22242e-06
224000,5.22242e-06
224256,5.22242e-06
224512,5.22242e-06
224768,5.22242e-06
225024,5.22242e-06
225280,5.22242e-06
225536,5.22242e-06
225792,5.18326e-06
226048,5.17854e-06
226304,5.17854e-06
226560,5.17854e-06
226816,5.17854e-06
227072,5.17854e-06
227328,5.17854e-06
227584,5.17854e-06
227840,5.17854e-06
228096,5.17854e-06
228352,5.17854e-06
228608,5.17854e-06
228864,5.17854e-06
229120,5.17854e-06
229376,5.17854e-06
229632,5.17854e-06
229888,5.17854e-06
230144,5.17854e-06
230400,5.17854e-06
230656,5.17854e-06
230912,5.17854e-06
231168,5.17854e-06
231424,5.17854e-06
231680,5.17854e-06
231936,5.17854e-06
232192,5.17854e-06
232448,5.17854e-06
232704,5.17854e-06
232960,5.17854e-06
233216,5.17854e-06
233472,5.17854e-06
233728,5.17854e-06
233984,5.17854e-06
234240,5.17854e-06
234496,5.17854e-06
234752,5.17854e-06
235008,5.17854e-06
235264,5.17854e-06
235520,5.17854e-06
235776,5.17854e-06
236032,5.17854e-06
236288,5.17854e-06
236544,5.17854e-06
236800,5.17854e-06
237056,5.17854e-06
237312,5.17854e-06
237568,5.17854e-06
237824,5.14818e-06
238080,5.13465e-06
238336,5.13465e-06
238592,5.13465e-06
238848,5.13465e-06
239104,5.13465e-06
239360,5.13465e-06
239616,5.13465e-06
239872,5.13465e-06
240128,5.13465e-06
240384,5.13465e-06
240640,5.13465e-06
240896,5.13465e-06
241152,5.13465e-06
241408,5.13465e-06
241664,5.13465e-06
241920,5.13465e-06
242176,5.13465e-06
242432,5.13465e-06
242688,5.13465e-06
242944,5.13465e-06
243200,5.13465e-06
243456,5.13465e-06
243712,5.13465e-06
243968,5.13465e-06
244224,5.13465e-06
244480,5.13465e-06
244736,5.13465e-06
244992,5.13465e-06
245248,5.13465e-06
245504,5.13465e-06
245760,5.13465e-06
246016,5.13465e-06
246272,5.13465e-06
246528,5.13465e-06
246784,5.13465e-06
247040,5.13465e-06
247296,5.10525e-06
247552,5.04689e-06
247808,5.04689e-06
248064,5.04689e-06
248320,5.04689e-06
248576,5.03718e-06
248832,5.003e-06
249088,5.003e-06
249344,5.003e-06
249600,5.003e-06
249856,4.96586e-06
250112,4.88065e-06
250368,4.78466e-06
250624,4.7397e-06
250880,4.7397e-06
251136,4.70448e-06
251392,4.65194e-06
251648,4.6486e-06
251904,4.60805e-06
252160,4.60805e-06
252416,4.60805e-06
252672,4.60805e-06
252928,4.60805e-06
253184,4.60805e-06
253440,4.60805e-06
253696,4.60805e-06
253952,4.60805e-06
254208,4.60805e-06
254464,4.60805e-06
254720,4.60805e-06
254976,4.60805e-06
255232,4.60805e-06
255488,4.60805e-06
255744,4.60805e-06
256000,4.60805e-06
256256,4.60805e-06
256512,4.60805e-06
256768,4.60805e-06
257024,4.60805e-06
257280,4.60805e-06
257536,4.60805e-06
257792,4.60805e-06
258048,4.60805e-06
258304,4.60805e-06
258560,4.60805e-06
258816,4.60805e-06
259072,4.60805e-06
259328,4.60805e-06
259584,4.60805e-06
259840,4.60805e-06
260096,4.60805e-06
260352,4.60805e-06
260608,4.60805e-06
260864,4.60805e-06
261120,4.60805e-06
261376,4.60805e-06
261632,4.60805e-06
261888,4.60805e-06
262144,4.60805e-06
262400,4.60805e-06
262656,4.60805e-06
262912,4.60805e-06
263168,4.60805e-06
263424,4.60805e-06
263680,4.60805e-06
263936,4.60805e-06
264192,4.60805e-06
264448,4.60805e-06
264704,4.60805e-06
264960,4.60075e-06
265216,4.56417e-06
265472,4.56417e-06
265728,4.56417e-06
265984,4.56417e-06
266240,4.56417e-06
266496,4.56417e-06
266752,4.56417e-06
267008,4.56417e-06
267264,4.56417e-06
267520,4.56417e-06
267776,4.56417e-06
268032,4.56417e-06
268288,4.56417e-06
268544,4.56417e-06
268800,4.56417e-06
269056,4.56417e-06
269312,4.56417e-06
269568,4.56417e-06
269824,4.56417e-06
270080,4.56417e-06
270336,4.56417e-06
270592,4.56417e-06
270848,4.56417e-06
271104,4.56417e-06
271360,4.56417e-06
271616,4.56417e-06
271872,4.56417e-06
272128,4.56417e-06
272384,4.56417e-06
272640,4.56417e-06
272896,4.56417e-06
273152,4.56417e-06
273408,4.56417e-06
273664,4.54225e-06
273920,4.52029e-06
274176,4.52029e-06
274432,4.52029e-06
274688,4.52029e-06
274944,4.52029e-06
275200,4.52029e-06
275456,4.52029e-06
275712,4.52029e-06
275968,4.52029e-06
276224,4.52029e-06
276480,4.52029e-06
276736,4.52029e-06
276992,4.52029e-06
277248,4.52029e-06
277504,4.52029e-06
277760,4.52029e-06
278016,4.52029e-06
278272,4.52029e-06
278528,4.52029e-06
278784,4.52029e-06
279040,4.52029e-06
279296,4.52029e-06
279552,4.52029e-06
279808,4.52029e-06
280064,4.52029e-06
280320,4.52029e-06
280576,4.52029e-06
280832,4.52029e-06
281088,4.52029e-06
281344,4.52029e-06
281600,4.52029e-06
281856,4.52029e-06
282112,4.52029e-06
282368,4.52029e-06
282624,4.52029e-06
282880,4.52029e-06
283136,4.48845e-06
283392,4.451e-06
283648,4.43252e-06
283904,4.43252e-06
284160,4.43252e-06
284416,4.43252e-06
284672,4.43252e-06
284928,4.43252e-06
285184,4.43252e-06
285440,4.43252e-06
285696,4.43252e-06
285952,4.43252e-06
286208,4.43252e-06
286464,4.43252e-06
286720,4.43252e-06
286976,4.43252e-06
287232,4.43252e-06
287488,4.43252e-06
287744,4.43252e-06
288000,4.43252e-06
288256,4.43252e-06
288512,4.43252e-06
288768,4.43252e-06
289024,4.43252e-06
289280,4.43252e-06
289536,4.43252e-06
289792,4.43252e-06
290048,4.43252e-06
290304,4.43252e-06
290560,4.43252e-06
290816,4.43252e-06
291072,4.43252e-06
291328,4.43252e-06
291584,4.43252e-06
291840,4.43252e-06
292096,4.43252e-06
292352,4.43252e-06
292608,4.43252e-06
292864,4.43252e-06
293120,4.43252e-06
293376,4.43252e-06
293632,4.43252e-06
293888,4.43252e-06
294144,4.43252e-06
294400,4.43252e-06
294656,4.43252e-06
294912,4.43252e-06
295168,4.43252e-06
295424,4.43252e-06
295680,4.43252e-06
295936,4.43252e-06
296192,4.43252e-06
296448,4.43252e-06
296704,4.43252e-06
296960,4.43252e-06
297216,4.43252e-06
297472,4.43252e-06
297728,4.43252e-06
297984,4.43252e-06
298240,4.43252e-06
298496,4.43252e-06
298752,4.43252e-06
299008,4.43252e-06
299264,4.43252e-06
299520,4.43252e-06
299776,4.43252e-06
300032,4.43252e-06
300288,4.43252e-06
300544,4.43252e-06
300800,4.43252e-06
301056,4.43252e-06
301312,4.43252e-06
301568,4.43252e-06
301824,4.43252e-06
302080,4.43252e-06
302336,4.43252e-06
302592,4.43252e-06
302848,4.43252e-06
303104,4.43252e-06
303360,4.43252e-06
303616,4.43252e-06
303872,4.43252e-06
304128,4.43252e-06
304384,4.43252e-06
304640,4.43252e-06
304896,4.43252e-06
305152,4.43252e-06
305408,4.43252e-06
305664,4.43252e-06
305920,4.43252e-06
306176,4.43252e-06
306432,4.43252e-06
306688,4.43252e-06
306944,4.43252e-06
307200,4.43252e-06
307456,4.43252e-06
307712,4.41774e-06
307968,4.38863e-06
308224,4.38863e-06
308480,4.38863e-06
308736,4.38863e-06
308992,4.38863e-06
309248,4.38863e-06
309504,4.38863e-06
309760,4.38863e-06
310016,4.38863e-06
310272,4.38863e-06
310528,4.38863e-06
310784,4.38863e-06
311040,4.38863e-06
311296,4.38863e-06
311552,4.38863e-06
311808,4.38863e-06
312064,4.38863e-06
312320,4.38863e-06
312576,4.38863e-06
312832,4.38863e-06
313088,4.38863e-06
313344,4.38863e-06
313600,4.38863e-06
313856,4.38863e-06
314112,4.38863e-06
314368,4.38863e-06
314624,4.38863e-06
314880,4.38863e-06
315136,4.38863e-06
315392,4.38863e-06
315648,4.38863e-06
315904,4.38863e-06
316160,4.38863e-06
316416,4.38863e-06
316672,4.38863e-06
316928,4.38863e-06
317184,4.38863e-06
317440,4.38863e-06
317696,4.38863e-06
317952,4.3841e-06
318208,4.34575e-06
318464,4.34475e-06
318720,4.34475e-06
318976,4.34475e-06
319232,4.34475e-06
319488,4.34475e-06
319744,4.34475e-06
320000,4.34475e-06
320256,4.34475e-06
320512,4.34475e-06
320768,4.34475e-06
321024,4.34475e-06
321280,4.34475e-06
321536,4.34475e-06
321792,4.34475e-06
322048,4.34475e-06
322304,4.34475e-06
322560,4.34475e-06
322816,4.34475e-06
323072,4.34475e-06
323328,4.34475e-06
323584,4.34475e-06
323840,4.34475e-06
324096,4.34475e-06
324352,4.34475e-06
324608,4.34475e-06
324864,4.34475e-06
325120,4.34475e-06
325376,4.34475e-06
325632,4.34475e-06
325888,4.34475e-06
326144,4.34475e-06
326400,4.34475e-06
326656,4.34475e-06
326912,4.34475e-06
327168,4.34475e-06
327424,4.34475e-06
327680,4.34475e-06
327936,4.34475e-06
328192,4.34475e-06
328448,4.34475e-06
328704,4.34475e-06
328960,4.34475e-06
329216,4.34475e-06
329472,4.34475e-06
329728,4.34475e-06
329984,4.34475e-06
330240,4.34475e-06
330496,4.34475e-06
330752,4.34475e-06
331008,4.34475e-06
331264,4.34475e-06
331520,4.34475e-06
331776,4.34475e-06
332032,4.34475e-06
332288,4.34475e-06
332544,4.34475e-06
332800,4.34475e-06
333056,4.34475e-06
333312,4.34475e-06
333568,4.34475e-06
333824,4.3212e-06
334080,4.30087e-06
334336,4.30087e-06
334592,4.30087e-06
334848,4.30087e-06
335104,4.30087e-06
335360,4.30087e-06
335616,4.0658e-06
335872,3.48898e-06
336128,3.29548e-06
336384,3.11601e-06
336640,3.11601e-06
336896,3.11601e-06
337152,3.11601e-06
337408,3.11601e-06
337664,3.11601e-06
337920,3.11601e-06
338176,3.11601e-06
338432,3.11601e-06
338688,3.11601e-06
338944,3.11601e-06
339200,3.11601e-06
339456,3.11601e-06
339712,3.07213e-06
339968,3.07213e-06
340224,3.07213e-06
340480,3.07213e-06
340736,3.07213e-06
340992,3.07213e-06
341248,3.07213e-06
341504,3.07213e-06
341760,2.89922e-06
342016,2.49062e-06
342272,2.19446e-06
342528,2.19446e-06
342784,2.19446e-06
343040,2.19446e-06
343296,2.19446e-06
343552,2.19446e-06
343808,2.19446e-06
344064,2.19446e-06
344320,2.19446e-06
344576,2.19446e-06
344832,2.19446e-06
345088,2.19446e-06
345344,2.19446e-06
345600,2.19446e-06
345856,2.19446e-06
346112,2.19446e-06
346368,2.19446e-06
346624,2.19446e-06
346880,2.19446e-06
347136,2.19446e-06
347392,2.19446e-06
347648,2.19446e-06
347904,2.19446e-06
348160,2.19446e-06
348416,2.19446e-06
348672,2.19446e-06
348928,2.19446e-06
349184,2.19446e-06
349440,2.19446e-06
349696,2.19446e-06
349952,2.19446e-06
350208,2.19446e-06
350464,2.19446e-06
350720,2.19446e-06
350976,2.19446e-06
351232,2.19446e-06
351488,2.19446e-06
351744,2.19446e-06
352000,2.19446e-06
352256,2.19446e-06
352512,2.19446e-06
352768,2.19446e-06
353024,2.19446e-06
353280,2.19446e-06
353536,2.19446e-06
353792,2.19446e-06
354048,2.19446e-06
354304,2.19446e-06
354560,2.19446e-06
354816,2.19446e-06
355072,2.19446e-06
355328,2.19446e-06
355584,2.19446e-06
355840,2.19446e-06
356096,2.19446e-06
356352,2.19446e-06
356608,2.19446e-06
356864,2.19446e-06
357120,2.19446e-06
357376,2.19446e-06
357632,2.19446e-06
357888,2.19446e-06
358144,2.19446e-06
358400,2.19446e-06
358656,2.19446e-06
358912,2.19446e-06
359168,2.19446e-06
359424,2.19446e-06
359680,2.19446e-06
359936,2.19446e-06
360192,2.19446e-06
360448,2.19446e-06
360704,2.19446e-06
360960,2.19446e-06
361216,2.19446e-06
361472,2.19446e-06
361728,2.19446e-06
361984,2.19446e-06
362240,2.19446e-06
362496,2.19446e-06
362752,2.19446e-06
363008,2.19446e-06
363264,2.19446e-06
363520,2.19446e-06
363776,2.19446e-06
364032,2.19446e-06
364288,2.19446e-06
364544,2.19446e-06
364800,2.19446e-06
365056,2.19446e-06
365312,2.19446e-06
365568,2.19446e-06
365824,2.19446e-06
366080,2.19446e-06
366336,2.19446e-06
366592,2.19446e-06
366848,2.19446e-06
367104,2.19446e-06
367360,2.19446e-06
367616,2.19446e-06
367872,2.19446e-06
368128,2.19446e-06
368384,2.19446e-06
368640,2.19446e-06
368896,2.19446e-06
369152,2.19446e-06
369408,2.19446e-06
369664,2.19446e-06
369920,2.19446e-06
370176,2.19446e-06
370432,2.19446e-06
370688,2.19446e-06
370944,2.19446e-06
371200,2.19446e-06
371456,2.19446e-06
371712,2.19446e-06
371968,2.19446e-06
372224,2.19446e-06
372480,2.19446e-06
372736,2.19446e-06
372992,2.19446e-06
373248,2.19446e-06
373504,2.19446e-06
373760,2.19446e-06
374016,2.19446e-06
374272,2.19446e-06
374528,2.19446e-06
374784,2.19446e-06
375040,2.19446e-06
375296,2.19446e-06
375552,2.19446e-06
375808,2.19446e-06
376064,2.19446e-06
376320,2.19446e-06
376576,2.19446e-06
376832,2.19446e-06
377088,2.19446e-06
377344,2.19446e-06
377600,2.19446e-06
377856,2.19446e-06
378112,2.19446e-06
378368,2.19446e-06
378624,2.19446e-06
378880,2.19446e-06
379136,2.19446e-06
379392,2.19446e-06
379648,2.19446e-06
379904,2.19446e-06
380160,2.19446e-06
380416,2.19446e-06
380672,2.19446e-06
380928,2.19446e-06
381184,2.19446e-06
381440,2.19446e-06
381696,2.19446e-06
381952,2.19446e-06
382208,2.19446e-06
382464,2.19446e-06
382720,2.19446e-06
382976,2.19446e-06
383232,2.19446e-06
383488,2.19446e-06
383744,2.19446e-06
384000,2.19446e-06
384256,2.19446e-06
384512,2.19446e-06
384768,2.19446e-06
385024,2.19446e-06
385280,2.19446e-06
385536,2.19446e-06
385792,2.19446e-06
386048,2.19446e-06
386304,2.19446e-06
386560,2.19446e-06
386816,2.19446e-06
387072,2.19446e-06
387328,2.19446e-06
387584,2.19446e-06
387840,2.19446e-06
388096,2.19446e-06
388352,2.19446e-06
388608,2.19446e-06
388864,2.19446e-06
389120,2.19446e-06
389376,2.19446e-06
389632,2.19446e-06
389888,2.19446e-06
390144,2.19446e-06
390400,2.19446e-06
390656,2.19446e-06
390912,2.19446e-06
391168,2.19446e-06
391424,2.19446e-06
391680,2.19446e-06
391936,2.19446e-06
392192,2.19446e-06
392448,2.19446e-06
392704,2.19446e-06
392960,2.19446e-06
393216,2.19446e-06
393472,2.19446e-06
393728,2.19446e-06
393984,2.19446e-06
394240,2.19446e-06
394496,2.19446e-06
394752,2.19446e-06
395008,2.19446e-06
395264,2.19446e-06
395520,2.19446e-06
395776,2.19446e-06
396032,2.19446e-06
396288,2.19446e-06
396544,2.19446e-06
396800,2.19446e-06
397056,2.19446e-06
397312,2.19446e-06
397568,2.19446e-06
397824,2.19446e-06
398080,2.19446e-06
398336,2.19446e-06
398592,2.19446e-06
398848,2.19446e-06
399104,2.19446e-06
399360,2.19446e-06
399616,2.19446e-06
399872,2.19446e-06
400128,2.19446e-06
400384,2.19446e-06
400640,2.19446e-06
400896,2.19446e-06
401152,2.19446e-06
401408,2.19446e-06
401664,2.19446e-06
401920,2.19446e-06
402176,2.19446e-06
402432,2.19446e-06
402688,2.19446e-06
402944,2.19446e-06
403200,2.19446e-06
403456,2.19446e-06
403712,2.19446e-06
403968,2.19446e-06
404224,2.19446e-06
404480,2.19446e-06
404736,2.19446e-06
404992,2.19446e-06
405248,2.19446e-06
405504,2.19446e-06
405760,2.19446e-06
406016,2.19446e-06
406272,2.19446e-06
406528,2.19446e-06
406784,2.19446e-06
407040,2.19446e-06
407296,2.19446e-06
407552,2.19446e-06
407808,2.19446e-06
408064,2.19446e-06
408320,2.19446e-06
408576,2.19446e-06
408832,2.19446e-06
409088,2.19446e-06
409344,2.19446e-06
409600,2.19446e-06
409856,2.19446e-06
410112,2.19446e-06
410368,2.19446e-06
410624,2.19446e-06
410880,2.19446e-06
411136,2.19446e-06
411392,2.19446e-06
411648,2.19446e-06
411904,2.19446e-06
412160,2.19446e-06
412416,2.19446e-06
412672,2.19446e-06
412928,2.19446e-06
413184,2.19446e-06
413440,2.19446e-06
413696,2.19446e-06
413952,2.19446e-06
414208,2.19446e-06
414464,2.19446e-06
414720,2.19446e-06
414976,2.19446e-06
415232,2.19446e-06
415488,2.19446e-06
415744,2.19446e-06
416000,2.19446e-06
416256,2.19446e-06
416512,2.19446e-06
416768,2.19446e-06
417024,2.19446e-06
417280,2.19446e-06
417536,2.19446e-06
417792,2.19446e-06
418048,2.19446e-06
418304,2.19446e-06
418560,2.19446e-06
418816,2.19446e-06
419072,2.19446e-06
419328,2.19446e-06
419584,2.19446e-06
419840,2.19446e-06
420096,2.19446e-06
420352,2.19446e-06
420608,2.19446e-06
420864,2.19446e-06
421120,2.19446e-06
421376,2.19446e-06
421632,2.19446e-06
421888,2.19446e-06
422144,2.19446e-06
422400,2.19446e-06
422656,2.19446e-06
422912,2.19446e-06
423168,2.19446e-06
423424,2.19446e-06
423680,2.19446e-06
423936,2.19446e-06
424192,2.19446e-06
424448,2.19446e-06
424704,2.19446e-06
424960,2.19446e-06
425216,2.19446e-06
425472,2.19446e-06
425728,2.19446e-06
425984,2.19446e-06
426240,2.19446e-06
426496,2.19446e-06
426752,2.19446e-06
427008,2.19446e-06
427264,2.19446e-06
427520,2.19446e-06
427776,2.19446e-06
428032,2.19446e-06
428288,2.19446e-06
428544,2.19446e-06
428800,2.19446e-06
429056,2.19446e-06
429312,2.19446e-06
429568,2.19446e-06
429824,2.19446e-06
430080,2.19446e-06
430336,2.19446e-06
430592,2.19446e-06
430848,2.19446e-06
431104,2.19446e-06
431360,2.19446e-06
431616,2.19446e-06
431872,2.19446e-06
432128,2.19446e-06
432384,2.19446e-06
432640,2.19446e-06
432896,2.19446e-06
433152,2.19446e-06
433408,2.19446e-06
433664,2.19446e-06
433920,2.19446e-06
434176,2.19446e-06
434432,2.19446e-06
434688,2.19446e-06
434944,2.19446e-06
435200,2.19446e-06
435456,2.19446e-06
435712,2.19446e-06
435968,2.19446e-06
436224,2.19446e-06
436480,2.19446e-06
436736,2.19446e-06
436992,2.19446e-06
437248,2.19446e-06
437504,2.19446e-06
437760,2.19446e-06
438016,2.19446e-06
438272,2.19446e-06
438528,2.19446e-06
438784,2.19446e-06
439040,2.19446e-06
439296,2.19446e-06
439552,2.19446e-06
439808,2.19446e-06
440064,2.19446e-06
440320,2.19446e-06
440576,2.19446e-06
440832,2.19446e-06
441088,2.19446e-06
441344,2.19446e-06
441600,2.19446e-06
441856,2.19446e-06
442112,2.19446e-06
442368,2.19446e-06
442624,2.19446e-06
442880,2.19446e-06
443136,2.19446e-06
443392,2.19446e-06
443648,2.19446e-06
443904,2.19446e-06
444160,2.19446e-06
444416,2.19446e-06
444672,2.19446e-06
444928,2.19446e-06
445184,2.19446e-06
445440,2.19446e-06
445696,2.19446e-06
445952,2.19446e-06
446208,2.19446e-06
446464,2.19446e-06
446720,2.19446e-06
446976,2.19446e-06
447232,2.19446e-06
447488,2.19446e-06
447744,2.19446e-06
448000,2.19446e-06
448256,2.19446e-06
448512,2.19446e-06
448768,2.19446e-06
449024,2.19446e-06
449280,2.19446e-06
449536,2.19446e-06
449792,2.19446e-06
450048,2.19446e-06
450304,2.19446e-06
450560,2.19446e-06
450816,2.19446e-06
451072,2.19446e-06
451328,2.19446e-06
451584,2.19446e-06
451840,2.19446e-06
452096,2.19446e-06
452352,2.19446e-06
452608,2.19446e-06
452864,2.19446e-06
453120,2.19446e-06
453376,2.19446e-06
453632,2.19446e-06
453888,2.19446e-06
454144,2.19446e-06
454400,2.19446e-06
454656,2.19446e-06
454912,2.19446e-06
455168,2.19446e-06
455424,2.19446e-06
455680,2.19446e-06
455936,2.19446e-06
456192,2.19446e-06
456448,2.19446e-06
456704,2.19446e-06
456960,2.19446e-06
457216,2.19446e-06
457472,2.19446e-06
457728,2.19446e-06
457984,2.19446e-06
458240,2.19446e-06
458496,2.19446e-06
458752,2.19446e-06
459008,2.19446e-06
459264,2.19446e-06
459520,2.19446e-06
459776,2.19446e-06
460032,2.19446e-06
460288,2.19446e-06
460544,2.19446e-06
460800,2.19446e-06
461056,2.19446e-06
461312,2.19446e-06
461568,2.19446e-06
461824,2.19446e-06
462080,2.19446e-06
462336,2.19446e-06
462592,2.19446e-06
462848,2.19446e-06
463104,2.19446e-06
463360,2.19446e-06
463616,2.19446e-06
463872,2.19446e-06
464128,2.19446e-06
464384,2.19446e-06
464640,2.19446e-06
464896,2.19446e-06
465152,2.19446e-06
465408,2.19446e-06
465664,2.19446e-06
465920,2.19446e-06
466176,2.19446e-06
466432,2.19446e-06
466688,2.19446e-06
466944,2.19446e-06
467200,2.19446e-06
467456,2.19446e-06
467712,2.19446e-06
467968,2.19446e-06
468224,2.19446e-06
468480,2.19446e-06
468736,2.19446e-06
468992,2.19446e-06
469248,2.19446e-06
469504,2.19446e-06
469760,2.19446e-06
470016,2.19446e-06
470272,2.19446e-06
470528,2.19446e-06
470784,2.19446e-06
471040,2.19446e-06
471296,2.19446e-06
471552,2.19446e-06
471808,2.19446e-06
472064,2.19446e-06
472320,2.19446e-06
472576,2.19446e-06
472832,2.19446e-06
473088,2.19446e-06
473344,2.19446e-06
473600,2.19446e-06
473856,2.19446e-06
474112,2.19446e-06
474368,2.19446e-06
474624,2.19446e-06
474880,2.19446e-06
475136,2.19446e-06
475392,2.19446e-06
475648,2.19446e-06
475904,2.19446e-06
476160,2.19446e-06
476416,2.19446e-06
476672,2.19446e-06
476928,2.19446e-06
477184,2.19446e-06
477440,2.19446e-06
477696,2.19446e-06
477952,2.19446e-06
478208,2.19446e-06
478464,2.19446e-06
478720,2.19446e-06
478976,2.19446e-06
479232,2.19446e-06
479488,2.19446e-06
479744,2.19446e-06
480000,2.19446e-06
480256,2.19446e-06
480512,2.19446e-06
480768,2.19446e-06
481024,2.19446e-06
481280,2.19446e-06
481536,2.19446e-06
481792,2.19446e-06
482048,2.19446e-06
482304,2.19446e-06
482560,2.19446e-06
482816,2.19446e-06
483072,2.19446e-06
483328,2.19446e-06
483584,2.19446e-06
483840,2.19446e-06
484096,2.19446e-06
484352,2.19446e-06
484608,2.19446e-06
484864,2.19446e-06
485120,2.19446e-06
485376,2.19446e-06
485632,2.19446e-06
485888,2.19446e-06
486144,2.19446e-06
486400,2.19446e-06
486656,2.19446e-06
486912,2.19446e-06
487168,2.19446e-06
487424,2.19446e-06
487680,2.19446e-06
487936,2.19446e-06
488192,2.19446e-06
488448,2.19446e-06
488704,2.19446e-06
488960,2.19446e-06
489216,2.19446e-06
489472,2.19446e-06
489728,2.19446e-06
489984,2.19446e-06
490240,2.19446e-06
490496,2.19446e-06
490752,2.19446e-06
491008,2.19446e-06
491264,2.19446e-06
491520,2.19446e-06
491776,2.19446e-06
492032,2.19446e-06
492288,2.19446e-06
492544,2.19446e-06
492800,2.19446e-06
493056,2.19446e-06
493312,2.19446e-06
493568,2.19446e-06
493824,2.19446e-06
494080,2.19446e-06
494336,2.19446e-06
494592,2.19446e-06
494848,2.19446e-06
495104,2.19446e-06
495360,2.19446e-06
495616,2.19446e-06
495872,2.19446e-06
496128,2.19446e-06
496384,2.19446e-06
496640,2.19446e-06
496896,2.19446e-06
497152,2.19446e-06
497408,2.19446e-06
497664,2.19446e-06
497920,2.19446e-06
498176,2.19446e-06
498432,2.19446e-06
498688,2.19446e-06
498944,2.19446e-06
499200,2.19446e-06
499456,2.19446e-06
499712,2.19446e-06
499968,2.19446e-06
