cache_lines,MRC
256,0.00790836
512,0.00561237
768,0.00539203
1024,0.00530238
1280,0.00507745
1536,0.00472134
1792,0.00454983
2048,0.00441479
2304,0.00435061
2560,0.00428578
2816,0.00422725
3072,0.00417307
3328,0.00411351
3584,0.00404496
3840,0.00399634
4096,0.00394798
4352,0.00389589
4608,0.00384125
4864,0.00381354
5120,0.00370418
5376,0.00367511
5632,0.0036622
5888,0.00364715
6144,0.00362082
6400,0.00361085
6656,0.00360351
6912,0.00359718
7168,0.00358858
7424,0.00358112
7680,0.00357076
7936,0.00356019
8192,0.00355067
8448,0.00354171
8704,0.00353218
8960,0.00351886
9216,0.00350792
9472,0.00349797
9728,0.00348798
9984,0.00347457
10240,0.00345665
10496,0.00344352
10752,0.00343236
11008,0.00342033
11264,0.003409
11520,0.0033939
11776,0.00338019
12032,0.00336672
12288,0.00335285
12544,0.00333888
12800,0.00332447
13056,0.00331058
13312,0.00329696
13568,0.003282
13824,0.00326579
14080,0.00325011
14336,0.00323743
14592,0.00322264
14848,0.00320706
15104,0.00319101
15360,0.00317479
15616,0.00315922
15872,0.00314173
16128,0.00312129
16384,0.0031005
16640,0.00308044
16896,0.00306002
17152,0.00303816
17408,0.00301591
17664,0.00299841
17920,0.00297942
18176,0.00296074
18432,0.00293861
18688,0.00291612
18944,0.00289218
19200,0.00286661
19456,0.00284145
19712,0.00281703
19968,0.00279219
20224,0.00276681
20480,0.00273965
20736,0.00271608
20992,0.00269351
21248,0.00266884
21504,0.00264102
21760,0.00261412
22016,0.002585
22272,0.0025574
22528,0.00252876
22784,0.00250024
23040,0.00247526
23296,0.00244231
23552,0.00241492
23808,0.00239005
24064,0.00236174
24320,0.00232923
24576,0.00229677
24832,0.00226202
25088,0.00223058
25344,0.00219852
25600,0.00216538
25856,0.00213023
26112,0.00210146
26368,0.00206983
26624,0.00203596
26880,0.00199965
27136,0.00196144
27392,0.00192045
27648,0.00188217
27904,0.00184481
28160,0.00180871
28416,0.00177554
28672,0.00173712
28928,0.00169457
29184,0.00164736
29440,0.00160209
29696,0.00155668
29952,0.00150932
30208,0.00146772
30464,0.00142175
30720,0.00137154
30976,0.00131297
31232,0.00125872
31488,0.00120781
31744,0.00115452
32000,0.00109519
32256,0.00103193
32512,0.000964671
32768,0.000906638
33024,0.000835807
33280,0.00076211
33536,0.000700363
33792,0.00063447
34048,0.000563727
34304,0.000505917
34560,0.00044583
34816,0.000401428
35072,0.000345699
35328,0.000272096
35584,0.000180442
35840,0.000157083
36096,0.00015354
36352,0.00015278
36608,0.000152451
36864,0.000152165
37120,0.000152046
37376,0.000151592
37632,0.000149668
37888,0.000146561
38144,0.000143299
38400,0.000139788
38656,0.000137691
38912,0.000135225
39168,0.000132904
39424,0.000131485
39680,0.000130006
39936,0.000129636
40192,0.000129493
40448,0.000129327
40704,0.00012892
40960,0.000128872
41216,0.000128729
41472,0.000128586
41728,0.000128538
41984,0.000128538
42240,0.000128443
42496,0.000128443
42752,0.000128252
43008,0.000128061
43264,0.000127975
43520,0.000127965
43776,0.000127918
44032,0.000127918
44288,0.000127774
44544,0.000127727
44800,0.000127631
45056,0.000127536
45312,0.000127491
45568,0.000127393
45824,0.000127345
46080,0.000127345
46336,0.000127249
46592,0.000127106
46848,0.000127058
47104,0.000126931
47360,0.00012682
47616,0.000126772
47872,0.000126486
48128,0.000126486
48384,0.000126438
48640,0.000126154
48896,0.000125975
49152,0.000125822
49408,0.000125462
49664,0.000124809
49920,0.000122261
50176,0.000120476
50432,0.000119517
50688,0.000119517
50944,0.000119326
51200,0.000119231
51456,0.000119231
51712,0.000119038
51968,0.000118842
52224,0.000118109
52480,0.00011778
52736,0.000117604
52992,0.000117512
53248,0.000117287
53504,0.000117079
53760,0.000116825
54016,0.000116388
54272,0.000115642
54528,0.000114959
54784,0.000114501
55040,0.000113929
55296,0.000113361
55552,0.000112313
55808,0.000111398
56064,0.000109715
56320,0.000107738
56576,0.000106279
56832,0.000105108
57088,0.000104392
57344,0.000103114
57600,0.000101624
57856,9.97863e-05
58112,9.77304e-05
58368,9.59943e-05
58624,9.54116e-05
58880,9.51133e-05
59136,9.47927e-05
59392,9.45148e-05
59648,9.44056e-05
59904,9.41722e-05
60160,9.41495e-05
60416,9.41245e-05
60672,9.40432e-05
60928,9.4029e-05
61184,9.39699e-05
61440,9.38858e-05
61696,9.38075e-05
61952,9.36949e-05
62208,9.36441e-05
62464,9.35995e-05
62720,9.35995e-05
62976,9.35995e-05
63232,9.35995e-05
63488,9.35446e-05
63744,9.3504e-05
64000,9.34563e-05
64256,9.34563e-05
64512,9.34563e-05
64768,9.34563e-05
65024,9.34563e-05
65280,9.34563e-05
65536,9.34563e-05
65792,9.33131e-05
66048,9.33131e-05
66304,9.31069e-05
66560,9.30267e-05
66816,9.29247e-05
67072,9.28835e-05
67328,9.28441e-05
67584,9.2788e-05
67840,9.27797e-05
68096,9.26449e-05
68352,9.26449e-05
68608,9.26449e-05
68864,9.26449e-05
69120,9.26449e-05
69376,9.25113e-05
69632,9.25017e-05
69888,9.25017e-05
70144,9.25017e-05
70400,9.25017e-05
70656,9.24539e-05
70912,9.24539e-05
71168,9.23585e-05
71424,9.23107e-05
71680,9.2263e-05
71936,9.22153e-05
72192,9.22153e-05
72448,9.21862e-05
72704,9.21552e-05
72960,9.21198e-05
73216,9.21198e-05
73472,9.21198e-05
73728,9.21198e-05
73984,9.21198e-05
74240,9.20721e-05
74496,9.20721e-05
74752,9.20244e-05
75008,9.20244e-05
75264,9.20244e-05
75520,9.19766e-05
75776,9.19289e-05
76032,9.18812e-05
76288,9.18812e-05
76544,9.18812e-05
76800,9.18334e-05
77056,9.1738e-05
77312,9.1738e-05
77568,9.16902e-05
77824,9.16902e-05
78080,9.16425e-05
78336,9.16425e-05
78592,9.15948e-05
78848,9.15948e-05
79104,9.15948e-05
79360,9.15786e-05
79616,9.14516e-05
79872,9.14516e-05
80128,9.12917e-05
80384,9.12607e-05
80640,9.12273e-05
80896,9.10814e-05
81152,9.1022e-05
81408,9.1022e-05
81664,9.1022e-05
81920,9.09266e-05
82176,9.09266e-05
82432,9.09266e-05
82688,9.08788e-05
82944,9.08788e-05
83200,9.08788e-05
83456,9.08205e-05
83712,9.07834e-05
83968,9.07356e-05
84224,9.06402e-05
84480,9.06402e-05
84736,9.05924e-05
84992,9.05744e-05
85248,9.05447e-05
85504,9.05447e-05
85760,9.05447e-05
86016,9.05447e-05
86272,9.05037e-05
86528,9.0497e-05
86784,9.0497e-05
87040,9.0497e-05
87296,9.0466e-05
87552,9.04159e-05
87808,9.03538e-05
88064,9.03538e-05
88320,9.02583e-05
88576,9.01629e-05
88832,9.01629e-05
89088,9.01629e-05
89344,9.01629e-05
89600,9.00676e-05
89856,9.00028e-05
90112,8.99381e-05
90368,8.98765e-05
90624,8.98765e-05
90880,8.9839e-05
91136,8.98219e-05
91392,8.9757e-05
91648,8.97333e-05
91904,8.97226e-05
92160,8.96856e-05
92416,8.96856e-05
92672,8.96856e-05
92928,8.96856e-05
93184,8.96378e-05
93440,8.96378e-05
93696,8.96378e-05
93952,8.95901e-05
94208,8.95901e-05
94464,8.95901e-05
94720,8.95424e-05
94976,8.94883e-05
95232,8.9358e-05
95488,8.9256e-05
95744,8.9256e-05
96000,8.91605e-05
96256,8.91413e-05
96512,8.91128e-05
96768,8.91128e-05
97024,8.91128e-05
97280,8.90285e-05
97536,8.89696e-05
97792,8.89696e-05
98048,8.89219e-05
98304,8.88742e-05
98560,8.88385e-05
98816,8.87787e-05
99072,8.87787e-05
99328,8.87371e-05
99584,8.86237e-05
99840,8.85579e-05
100096,8.854e-05
100352,8.85218e-05
100608,8.84923e-05
100864,8.84923e-05
101120,8.84674e-05
101376,8.84446e-05
101632,8.83834e-05
101888,8.83491e-05
102144,8.83491e-05
102400,8.83491e-05
102656,8.83105e-05
102912,8.81582e-05
103168,8.81307e-05
103424,8.81105e-05
103680,8.81105e-05
103936,8.81105e-05
104192,8.81048e-05
104448,8.80627e-05
104704,8.80627e-05
104960,8.8015e-05
105216,8.8015e-05
105472,8.79673e-05
105728,8.79673e-05
105984,8.79673e-05
106240,8.79673e-05
106496,8.79673e-05
106752,8.792e-05
107008,8.79195e-05
107264,8.79195e-05
107520,8.78644e-05
107776,8.78241e-05
108032,8.78241e-05
108288,8.77764e-05
108544,8.77764e-05
108800,8.77764e-05
109056,8.77526e-05
109312,8.76437e-05
109568,8.75377e-05
109824,8.75053e-05
110080,8.749e-05
110336,8.749e-05
110592,8.74074e-05
110848,8.73343e-05
111104,8.72675e-05
111360,8.72036e-05
111616,8.72036e-05
111872,8.72036e-05
112128,8.71912e-05
112384,8.70299e-05
112640,8.69142e-05
112896,8.68695e-05
113152,8.68695e-05
113408,8.67607e-05
113664,8.66935e-05
113920,8.66262e-05
114176,8.65831e-05
114432,8.65831e-05
114688,8.65354e-05
114944,8.65354e-05
115200,8.64736e-05
115456,8.63922e-05
115712,8.63457e-05
115968,8.63075e-05
116224,8.62107e-05
116480,8.61908e-05
116736,8.61232e-05
116992,8.61058e-05
117248,8.60608e-05
117504,8.59678e-05
117760,8.59478e-05
118016,8.59149e-05
118272,8.58671e-05
118528,8.58397e-05
118784,8.57718e-05
119040,8.56561e-05
119296,8.55881e-05
119552,8.5533e-05
119808,8.5533e-05
120064,8.55269e-05
120320,8.54323e-05
120576,8.52958e-05
120832,8.52944e-05
121088,8.52539e-05
121344,8.52333e-05
121600,8.51309e-05
121856,8.50894e-05
122112,8.49523e-05
122368,8.48171e-05
122624,8.48171e-05
122880,8.47312e-05
123136,8.47053e-05
123392,8.46365e-05
123648,8.45199e-05
123904,8.4483e-05
124160,8.44352e-05
124416,8.44352e-05
124672,8.43868e-05
124928,8.4292e-05
125184,8.42489e-05
125440,8.41966e-05
125696,8.41582e-05
125952,8.41488e-05
126208,8.41152e-05
126464,8.40534e-05
126720,8.40534e-05
126976,8.3955e-05
127232,8.39102e-05
127488,8.39102e-05
127744,8.39102e-05
128000,8.39102e-05
128256,8.38942e-05
128512,8.37869e-05
128768,8.37074e-05
129024,8.36715e-05
129280,8.35761e-05
129536,8.35461e-05
129792,8.35156e-05
130048,8.33852e-05
130304,8.33852e-05
130560,8.33622e-05
130816,8.31116e-05
131072,8.29915e-05
131328,8.28654e-05
131584,8.27647e-05
131840,8.26847e-05
132096,8.26542e-05
132352,8.25458e-05
132608,8.24783e-05
132864,8.24065e-05
133120,8.22762e-05
133376,8.22396e-05
133632,8.21822e-05
133888,8.20783e-05
134144,8.1984e-05
134400,8.18098e-05
134656,8.17623e-05
134912,8.17623e-05
135168,8.17075e-05
135424,8.16362e-05
135680,8.16191e-05
135936,8.16191e-05
136192,8.15383e-05
136448,8.14759e-05
136704,8.14729e-05
136960,8.14372e-05
137216,8.14282e-05
137472,8.14282e-05
137728,8.14282e-05
137984,8.14282e-05
138240,8.14282e-05
138496,8.14134e-05
138752,8.13748e-05
139008,8.13032e-05
139264,8.12315e-05
139520,8.11896e-05
139776,8.11896e-05
140032,8.11896e-05
140288,8.11082e-05
140544,8.09851e-05
140800,8.08554e-05
141056,8.08554e-05
141312,8.08554e-05
141568,8.08067e-05
141824,8.07077e-05
142080,8.06716e-05
142336,8.06645e-05
142592,8.06122e-05
142848,8.05213e-05
143104,8.05213e-05
143360,8.04908e-05
143616,8.04736e-05
143872,8.04736e-05
144128,8.04736e-05
144384,8.04736e-05
144640,8.04324e-05
144896,8.03417e-05
145152,8.01965e-05
145408,8.01872e-05
145664,8.01646e-05
145920,8.01058e-05
146176,7.99966e-05
146432,7.98873e-05
146688,7.9828e-05
146944,7.97776e-05
147200,7.96992e-05
147456,7.95529e-05
147712,7.94908e-05
147968,7.94371e-05
148224,7.93576e-05
148480,7.92474e-05
148736,7.91052e-05
148992,7.90417e-05
149248,7.90215e-05
149504,7.89477e-05
149760,7.89101e-05
150016,7.88731e-05
150272,7.88508e-05
150528,7.88432e-05
150784,7.87693e-05
151040,7.87553e-05
151296,7.87553e-05
151552,7.87468e-05
151808,7.87098e-05
152064,7.87076e-05
152320,7.86835e-05
152576,7.86464e-05
152832,7.86067e-05
153088,7.85325e-05
153344,7.85167e-05
153600,7.84795e-05
153856,7.84053e-05
154112,7.83309e-05
154368,7.82911e-05
154624,7.8278e-05
154880,7.8278e-05
155136,7.82749e-05
155392,7.82377e-05
155648,7.81706e-05
155904,7.80961e-05
156160,7.80304e-05
156416,7.7993e-05
156672,7.78478e-05
156928,7.77236e-05
157184,7.75337e-05
157440,7.7238e-05
157696,7.69735e-05
157952,7.66413e-05
158208,7.63934e-05
158464,7.62167e-05
158720,7.60589e-05
158976,7.58672e-05
159232,7.57763e-05
159488,7.56503e-05
159744,7.54962e-05
160000,7.53664e-05
160256,7.53664e-05
160512,7.52949e-05
160768,7.50834e-05
161024,7.49369e-05
161280,7.49097e-05
161536,7.47929e-05
161792,7.4676e-05
162048,7.44671e-05
162304,7.41879e-05
162560,7.3914e-05
162816,7.37328e-05
163072,7.36538e-05
163328,7.35746e-05
163584,7.34667e-05
163840,7.33683e-05
164096,7.32762e-05
164352,7.31662e-05
164608,7.31264e-05
164864,7.30499e-05
165120,7.30277e-05
165376,7.30067e-05
165632,7.29537e-05
165888,7.28738e-05
166144,7.27938e-05
166400,7.2789e-05
166656,7.27291e-05
166912,7.26712e-05
167168,7.26311e-05
167424,7.25981e-05
167680,7.25981e-05
167936,7.25189e-05
168192,7.24385e-05
168448,7.23088e-05
168704,7.22162e-05
168960,7.22162e-05
169216,7.22162e-05
169472,7.22162e-05
169728,7.21809e-05
169984,7.21685e-05
170240,7.21066e-05
170496,7.19986e-05
170752,7.19238e-05
171008,7.18832e-05
171264,7.18427e-05
171520,7.18021e-05
171776,7.17364e-05
172032,7.16372e-05
172288,7.14711e-05
172544,7.11975e-05
172800,7.10336e-05
173056,7.08694e-05
173312,7.06729e-05
173568,7.05427e-05
173824,7.04411e-05
174080,7.03043e-05
174336,7.01447e-05
174592,7.00185e-05
174848,6.96012e-05
175104,6.89268e-05
175360,6.82357e-05
175616,6.73649e-05
175872,6.58737e-05
176128,6.39304e-05
176384,6.2249e-05
176640,6.07542e-05
176896,5.87994e-05
177152,5.66364e-05
177408,5.52176e-05
177664,5.43446e-05
177920,5.3855e-05
178176,5.35733e-05
178432,5.33936e-05
178688,5.31045e-05
178944,5.29606e-05
179200,5.28377e-05
179456,5.28059e-05
179712,5.27507e-05
179968,5.26955e-05
180224,5.26879e-05
180480,5.26468e-05
180736,5.26468e-05
180992,5.26174e-05
181248,5.2599e-05
181504,5.25095e-05
181760,5.25036e-05
182016,5.24785e-05
182272,5.23877e-05
182528,5.23038e-05
182784,5.22649e-05
183040,5.21319e-05
183296,5.2117e-05
183552,5.2061e-05
183808,5.20263e-05
184064,5.20263e-05
184320,5.19885e-05
184576,5.19324e-05
184832,5.19038e-05
185088,5.17094e-05
185344,5.13806e-05
185600,5.03504e-05
185856,4.80969e-05
186112,4.42593e-05
186368,3.55514e-05
186624,2.52131e-05
186880,7.33755e-06
187136,5.15501e-06
187392,5.15501e-06
187648,5.15501e-06
187904,5.15501e-06
188160,5.10728e-06
188416,5.10728e-06
188672,5.10728e-06
188928,5.10728e-06
189184,5.10728e-06
189440,5.10728e-06
189696,5.10728e-06
189952,5.10728e-06
190208,5.10728e-06
190464,5.10728e-06
190720,5.10728e-06
190976,5.10728e-06
191232,5.10728e-06
191488,5.10728e-06
191744,5.10728e-06
192000,5.10728e-06
192256,5.10728e-06
192512,5.10728e-06
192768,5.10728e-06
193024,5.10728e-06
193280,5.10728e-06
193536,5.05955e-06
193792,5.05955e-06
194048,5.05955e-06
194304,5.05955e-06
194560,5.05955e-06
194816,5.05955e-06
195072,5.05955e-06
195328,5.01182e-06
195584,4.97789e-06
195840,4.91636e-06
196096,4.77317e-06
196352,4.67771e-06
196608,4.62997e-06
196864,4.62997e-06
197120,4.62997e-06
197376,4.62997e-06
197632,4.62997e-06
197888,4.62997e-06
198144,4.62997e-06
198400,4.62997e-06
198656,4.62997e-06
198912,4.62997e-06
199168,4.62997e-06
199424,4.62997e-06
199680,4.62997e-06
199936,4.62997e-06
200192,4.62997e-06
200448,4.58224e-06
200704,4.58224e-06
200960,4.58224e-06
201216,4.58224e-06
201472,4.58224e-06
201728,4.58224e-06
201984,4.58224e-06
202240,4.58224e-06
202496,4.58224e-06
202752,4.58224e-06
203008,4.58224e-06
203264,4.58224e-06
203520,4.58224e-06
203776,4.58224e-06
204032,4.53451e-06
204288,4.53451e-06
204544,4.48678e-06
204800,4.48678e-06
205056,4.48678e-06
205312,4.48678e-06
205568,4.48678e-06
205824,4.48678e-06
206080,4.48678e-06
206336,4.48678e-06
206592,4.48678e-06
206848,4.48678e-06
207104,4.48678e-06
207360,4.48678e-06
207616,4.48678e-06
207872,4.48678e-06
208128,4.48678e-06
208384,4.48678e-06
208640,4.48678e-06
208896,4.48678e-06
209152,4.48678e-06
209408,4.48678e-06
209664,4.48678e-06
209920,4.48678e-06
210176,4.48678e-06
210432,4.48678e-06
210688,4.48678e-06
210944,4.48678e-06
211200,4.43905e-06
211456,4.43905e-06
211712,4.43905e-06
211968,4.43905e-06
212224,4.43905e-06
212480,4.39132e-06
212736,4.39132e-06
212992,4.34359e-06
213248,4.34359e-06
213504,4.34359e-06
213760,4.34359e-06
214016,4.34359e-06
214272,4.34359e-06
214528,4.34359e-06
214784,4.34359e-06
215040,4.34359e-06
215296,4.34359e-06
215552,4.34359e-06
215808,4.34359e-06
216064,4.34359e-06
216320,4.34359e-06
216576,4.34359e-06
216832,4.34359e-06
217088,4.34359e-06
217344,4.34359e-06
217600,4.34359e-06
217856,4.34359e-06
218112,4.34359e-06
218368,4.34359e-06
218624,4.34359e-06
218880,4.34359e-06
219136,4.34359e-06
219392,4.34359e-06
219648,4.34359e-06
219904,4.34359e-06
220160,4.34359e-06
220416,4.29586e-06
220672,4.29586e-06
220928,4.29586e-06
221184,4.29586e-06
221440,4.29586e-06
221696,4.29586e-06
221952,4.29586e-06
222208,4.29586e-06
222464,4.29586e-06
222720,4.29586e-06
222976,4.29586e-06
223232,4.29586e-06
223488,4.29586e-06
223744,4.29586e-06
224000,4.29586e-06
224256,4.29586e-06
224512,4.29586e-06
224768,4.29586e-06
225024,4.29586e-06
225280,4.29586e-06
225536,4.29586e-06
225792,4.29586e-06
226048,4.29586e-06
226304,4.29586e-06
226560,4.29586e-06
226816,4.29586e-06
227072,4.29586e-06
227328,4.29586e-06
227584,4.29586e-06
227840,4.29586e-06
228096,4.29586e-06
228352,4.29586e-06
228608,4.29345e-06
228864,4.20778e-06
229120,4.2004e-06
229376,4.17752e-06
229632,4.15267e-06
229888,4.15267e-06
230144,4.15267e-06
230400,4.15267e-06
230656,4.15267e-06
230912,4.15267e-06
231168,4.10494e-06
231424,4.10494e-06
231680,4.10494e-06
231936,4.10494e-06
232192,4.10494e-06
232448,4.10494e-06
232704,4.10494e-06
232960,4.10494e-06
233216,4.10494e-06
233472,4.10494e-06
233728,4.10494e-06
233984,4.10494e-06
234240,4.07375e-06
234496,4.05721e-06
234752,4.03742e-06
235008,4.00948e-06
235264,4.00948e-06
235520,4.00948e-06
235776,4.00948e-06
236032,4.00948e-06
236288,4.00948e-06
236544,4.00948e-06
236800,4.00948e-06
237056,4.00948e-06
237312,4.00948e-06
237568,4.00948e-06
237824,4.00948e-06
238080,4.00948e-06
238336,4.00948e-06
238592,4.00948e-06
238848,4.00948e-06
239104,4.00948e-06
239360,4.00948e-06
239616,4.00948e-06
239872,4.00948e-06
240128,4.00948e-06
240384,4.00948e-06
240640,4.00948e-06
240896,4.00948e-06
241152,4.00948e-06
241408,4.00948e-06
241664,4.00948e-06
241920,4.00948e-06
242176,4.00948e-06
242432,4.00948e-06
242688,4.00948e-06
242944,4.00948e-06
243200,4.00948e-06
243456,4.00948e-06
243712,4.00948e-06
243968,3.96558e-06
244224,3.96175e-06
244480,3.96175e-06
244736,3.96175e-06
244992,3.96175e-06
245248,3.96175e-06
245504,3.96175e-06
245760,3.96175e-06
246016,3.96175e-06
246272,3.96175e-06
246528,3.96175e-06
246784,3.96175e-06
247040,3.96175e-06
247296,3.96175e-06
247552,3.96175e-06
247808,3.96175e-06
248064,3.96175e-06
248320,3.96175e-06
248576,3.96175e-06
248832,3.96175e-06
249088,3.96175e-06
249344,3.96175e-06
249600,3.96175e-06
249856,3.96175e-06
250112,3.96175e-06
250368,3.96175e-06
250624,3.96175e-06
250880,3.91402e-06
251136,3.91402e-06
251392,3.91402e-06
251648,3.91402e-06
251904,3.91402e-06
252160,3.91402e-06
252416,3.91402e-06
252672,3.91402e-06
252928,3.91402e-06
253184,3.91402e-06
253440,3.91402e-06
253696,3.91402e-06
253952,3.91402e-06
254208,3.91402e-06
254464,3.91402e-06
254720,3.91402e-06
254976,3.91402e-06
255232,3.91402e-06
255488,3.91402e-06
255744,3.91402e-06
256000,3.91402e-06
256256,3.91402e-06
256512,3.91402e-06
256768,3.91402e-06
257024,3.89694e-06
257280,3.86629e-06
257536,3.83479e-06
257792,3.73863e-06
258048,3.67537e-06
258304,3.67537e-06
258560,3.67537e-06
258816,3.67537e-06
259072,3.67537e-06
259328,3.67537e-06
259584,3.67537e-06
259840,3.67537e-06
260096,3.67537e-06
260352,3.67537e-06
260608,3.67537e-06
260864,3.67537e-06
261120,3.67537e-06
261376,3.67537e-06
261632,3.67537e-06
261888,3.67537e-06
262144,3.67537e-06
262400,3.67537e-06
262656,3.67537e-06
262912,3.67537e-06
263168,3.67537e-06
263424,3.67537e-06
263680,3.67537e-06
263936,3.67537e-06
264192,3.67537e-06
264448,3.67537e-06
264704,3.67537e-06
264960,3.67537e-06
265216,3.67537e-06
265472,3.67537e-06
265728,3.67537e-06
265984,3.67537e-06
266240,3.67537e-06
266496,3.67537e-06
266752,3.67537e-06
267008,3.67537e-06
267264,3.67537e-06
267520,3.67537e-06
267776,3.67537e-06
268032,3.67537e-06
268288,3.67537e-06
268544,3.67537e-06
268800,3.67537e-06
269056,3.67537e-06
269312,3.62764e-06
269568,3.62764e-06
269824,3.62764e-06
270080,3.62764e-06
270336,3.62764e-06
270592,3.62764e-06
270848,3.62764e-06
271104,3.62764e-06
271360,3.62764e-06
271616,3.62764e-06
271872,3.62764e-06
272128,3.62764e-06
272384,3.62764e-06
272640,3.62764e-06
272896,3.62764e-06
273152,3.62764e-06
273408,3.62764e-06
273664,3.62764e-06
273920,3.62764e-06
274176,3.62764e-06
274432,3.62764e-06
274688,3.62764e-06
274944,3.62764e-06
275200,3.62764e-06
275456,3.62764e-06
275712,3.62764e-06
275968,3.62764e-06
276224,3.62764e-06
276480,3.62764e-06
276736,3.62764e-06
276992,3.62764e-06
277248,3.62764e-06
277504,3.62764e-06
277760,3.62764e-06
278016,3.62764e-06
278272,3.62764e-06
278528,3.58439e-06
278784,3.57991e-06
279040,3.57991e-06
279296,3.57991e-06
279552,3.57991e-06
279808,3.57991e-06
280064,3.57991e-06
280320,3.57991e-06
280576,3.57991e-06
280832,3.57991e-06
281088,3.57991e-06
281344,3.57991e-06
281600,3.57991e-06
281856,3.57991e-06
282112,3.57991e-06
282368,3.57991e-06
282624,3.57991e-06
282880,3.57991e-06
283136,3.57578e-06
283392,3.53218e-06
283648,3.53218e-06
283904,3.53218e-06
284160,3.53218e-06
284416,3.53218e-06
284672,3.53218e-06
284928,3.53218e-06
285184,3.53218e-06
285440,3.53218e-06
285696,3.53218e-06
285952,3.48602e-06
286208,3.48444e-06
286464,3.48444e-06
286720,3.48444e-06
286976,3.48444e-06
287232,3.48444e-06
287488,3.48444e-06
287744,3.48444e-06
288000,3.48444e-06
288256,3.48444e-06
288512,3.48444e-06
288768,3.48444e-06
289024,3.48444e-06
289280,3.48444e-06
289536,3.48444e-06
289792,3.48444e-06
290048,3.48444e-06
290304,3.48444e-06
290560,3.48444e-06
290816,3.48444e-06
291072,3.48444e-06
291328,3.48444e-06
291584,3.48444e-06
291840,3.48444e-06
292096,3.48444e-06
292352,3.48444e-06
292608,3.48444e-06
292864,3.48444e-06
293120,3.48444e-06
293376,3.48444e-06
293632,3.48444e-06
293888,3.48444e-06
294144,3.48444e-06
294400,3.48444e-06
294656,3.48444e-06
294912,3.48444e-06
295168,3.46632e-06
295424,3.43671e-06
295680,3.43671e-06
295936,3.43671e-06
296192,3.43671e-06
296448,3.43671e-06
296704,3.3237e-06
296960,2.98114e-06
297216,2.88416e-06
297472,2.86395e-06
297728,2.86395e-06
297984,2.86395e-06
298240,2.82052e-06
298496,2.81622e-06
298752,2.81622e-06
299008,2.81622e-06
299264,2.81622e-06
299520,2.78345e-06
299776,2.72076e-06
300032,2.72076e-06
300288,2.67855e-06
300544,2.67303e-06
300800,2.67303e-06
301056,2.67303e-06
301312,2.67303e-06
301568,2.61692e-06
301824,2.19041e-06
302080,1.75302e-06
302336,1.62296e-06
302592,1.62296e-06
302848,1.62296e-06
303104,1.62296e-06
303360,1.62296e-06
303616,1.62296e-06
303872,1.62296e-06
304128,1.62296e-06
304384,1.62296e-06
304640,1.62296e-06
304896,1.62296e-06
305152,1.62296e-06
305408,1.62296e-06
305664,1.62296e-06
305920,1.62296e-06
306176,1.62296e-06
306432,1.62296e-06
306688,1.62296e-06
306944,1.62296e-06
307200,1.62296e-06
307456,1.62296e-06
307712,1.62296e-06
307968,1.62296e-06
308224,1.62296e-06
308480,1.62296e-06
308736,1.62296e-06
308992,1.62296e-06
309248,1.62296e-06
309504,1.62296e-06
309760,1.62296e-06
310016,1.62296e-06
310272,1.62296e-06
310528,1.62296e-06
310784,1.62296e-06
311040,1.62296e-06
311296,1.62296e-06
311552,1.62296e-06
311808,1.62296e-06
312064,1.62296e-06
312320,1.62296e-06
312576,1.62296e-06
312832,1.62296e-06
313088,1.62296e-06
313344,1.62296e-06
313600,1.62296e-06
313856,1.62296e-06
314112,1.62296e-06
314368,1.62296e-06
314624,1.62296e-06
314880,1.62296e-06
315136,1.62296e-06
315392,1.62296e-06
315648,1.62296e-06
315904,1.62296e-06
316160,1.62296e-06
316416,1.62296e-06
316672,1.62296e-06
316928,1.62296e-06
317184,1.62296e-06
317440,1.62296e-06
317696,1.62296e-06
317952,1.62296e-06
318208,1.62296e-06
318464,1.62296e-06
318720,1.62296e-06
318976,1.62296e-06
319232,1.62296e-06
319488,1.62296e-06
319744,1.62296e-06
320000,1.62296e-06
320256,1.62296e-06
320512,1.62296e-06
320768,1.62296e-06
321024,1.62296e-06
321280,1.62296e-06
321536,1.62296e-06
321792,1.62296e-06
322048,1.62296e-06
322304,1.62296e-06
322560,1.62296e-06
322816,1.62296e-06
323072,1.62296e-06
323328,1.62296e-06
323584,1.62296e-06
323840,1.62296e-06
324096,1.62296e-06
324352,1.62296e-06
324608,1.62296e-06
324864,1.62296e-06
325120,1.62296e-06
325376,1.62296e-06
325632,1.62296e-06
325888,1.62296e-06
326144,1.62296e-06
326400,1.62296e-06
326656,1.62296e-06
326912,1.62296e-06
327168,1.62296e-06
327424,1.62296e-06
327680,1.62296e-06
327936,1.62296e-06
328192,1.62296e-06
328448,1.62296e-06
328704,1.62296e-06
328960,1.62296e-06
329216,1.62296e-06
329472,1.62296e-06
329728,1.62296e-06
329984,1.62296e-06
