cache_lines,MRC
256,0.0162137
512,0.012387
768,0.0118382
1024,0.0116185
1280,0.0111064
1536,0.0104215
1792,0.0100724
2048,0.00980522
2304,0.00965995
2560,0.00950867
2816,0.00937647
3072,0.00925807
3328,0.00911281
3584,0.0089756
3840,0.00886507
4096,0.00875599
4352,0.00864327
4608,0.00854598
4864,0.00846919
5120,0.00822671
5376,0.00819318
5632,0.00817226
5888,0.00811699
6144,0.00808769
6400,0.00806408
6656,0.00805009
6912,0.00803273
7168,0.00801389
7424,0.00799612
7680,0.00797232
7936,0.00794955
8192,0.00792427
8448,0.00790495
8704,0.00788299
8960,0.00785478
9216,0.00782732
9472,0.00780443
9728,0.00777671
9984,0.00774233
10240,0.00770446
10496,0.00768266
10752,0.0076565
11008,0.00762845
11264,0.00759819
11520,0.00756448
11776,0.0075324
12032,0.00750322
12288,0.00747244
12544,0.00743869
12800,0.00740649
13056,0.00737142
13312,0.00733799
13568,0.00729735
13824,0.00725614
14080,0.00722463
14336,0.00718702
14592,0.00715602
14848,0.00712171
15104,0.00708621
15360,0.00705129
15616,0.00701302
15872,0.00697155
16128,0.00692567
16384,0.00688134
16640,0.0068399
16896,0.0067893
17152,0.00673584
17408,0.00668945
17664,0.00664616
17920,0.00660637
18176,0.00655835
18432,0.00650585
18688,0.00645331
18944,0.00639938
19200,0.00634087
19456,0.00628184
19712,0.00622445
19968,0.00616788
20224,0.00610605
20480,0.00605116
20736,0.00599917
20992,0.00594602
21248,0.0058816
21504,0.00581932
21760,0.00575668
22016,0.0056931
22272,0.00563336
22528,0.00557132
22784,0.00551198
23040,0.00544574
23296,0.00538447
23552,0.00532956
23808,0.00526552
24064,0.00519244
24320,0.00512087
24576,0.00504655
24832,0.00497089
25088,0.0048959
25344,0.00482334
25600,0.00474621
25856,0.00468285
26112,0.00461392
26368,0.00452727
26624,0.00444682
26880,0.00436063
27136,0.00427871
27392,0.00419039
27648,0.00410487
27904,0.00402722
28160,0.00395128
28416,0.00385775
28672,0.00376613
28928,0.00366136
29184,0.00356298
29440,0.00346259
29696,0.00335546
29952,0.00326236
30208,0.00315019
30464,0.00303825
30720,0.00290475
30976,0.00278269
31232,0.0026751
31488,0.00256381
31744,0.00242932
32000,0.00228115
32256,0.00213746
32512,0.00200497
32768,0.0018565
33024,0.00169339
33280,0.00154444
33536,0.00139342
33792,0.00123537
34048,0.0011119
34304,0.000990987
34560,0.000891544
34816,0.000766096
35072,0.00060884
35328,0.00042918
35584,0.000381855
35840,0.000373267
36096,0.000372117
36352,0.00036942
36608,0.00036865
36864,0.000367683
37120,0.000366662
37376,0.000364061
37632,0.00035958
37888,0.000352093
38144,0.000341552
38400,0.000331261
38656,0.000325053
38912,0.000319885
39168,0.000316246
39424,0.000313002
39680,0.000310811
39936,0.000309481
40192,0.000309206
40448,0.000308193
40704,0.000306698
40960,0.00030583
41216,0.000305351
41472,0.000304971
41728,0.000304756
41984,0.000304112
42240,0.00030379
42496,0.000303683
42752,0.000303146
43008,0.000302716
43264,0.00030132
43520,0.000300998
43776,0.000300891
44032,0.000300354
44288,0.000300124
44544,0.000299709
44800,0.000299495
45056,0.00029928
45312,0.000299065
45568,0.000298958
45824,0.00029885
46080,0.000298635
46336,0.000298635
46592,0.000298431
46848,0.000298265
47104,0.000298206
47360,0.000297979
47616,0.000297549
47872,0.000297025
48128,0.000296595
48384,0.00029638
48640,0.00029607
48896,0.000295843
49152,0.000295774
49408,0.000295629
49664,0.000295107
49920,0.000294183
50176,0.000291898
50432,0.000285852
50688,0.000281411
50944,0.000279976
51200,0.000279629
51456,0.000279629
51712,0.000279306
51968,0.000279015
52224,0.0002788
52480,0.000277646
52736,0.000276347
52992,0.000274259
53248,0.000273615
53504,0.000273492
53760,0.000273009
54016,0.000272409
54272,0.000271956
54528,0.000271487
54784,0.000270716
55040,0.000269938
55296,0.000268891
55552,0.000267973
55808,0.000266834
56064,0.000265213
56320,0.000263563
56576,0.000262116
56832,0.000258333
57088,0.00025431
57344,0.000250589
57600,0.000248383
57856,0.000246905
58112,0.000244468
58368,0.000240724
58624,0.000236565
58880,0.000230159
59136,0.000225857
59392,0.000223954
59648,0.000223104
59904,0.000222593
60160,0.000221649
60416,0.000221454
60672,0.000221104
60928,0.000220308
61184,0.000219923
61440,0.000219923
61696,0.000219816
61952,0.000219708
62208,0.000219708
62464,0.000219708
62720,0.000219601
62976,0.000219601
63232,0.000219494
63488,0.000219386
63744,0.000219171
64000,0.000219064
64256,0.000219064
64512,0.000219064
64768,0.000219064
65024,0.000219064
65280,0.000219064
65536,0.000219064
65792,0.000219064
66048,0.000218957
66304,0.000218849
66560,0.000218849
66816,0.000218849
67072,0.000218742
67328,0.000218742
67584,0.000218527
67840,0.000218527
68096,0.000218527
68352,0.00021842
68608,0.000218205
68864,0.000218205
69120,0.000218098
69376,0.00021799
69632,0.000217894
69888,0.000217883
70144,0.000217883
70400,0.000217709
70656,0.000217561
70912,0.000217453
71168,0.000217453
71424,0.000217389
71680,0.000217346
71936,0.000217346
72192,0.000217131
72448,0.000217024
72704,0.000216933
72960,0.000216799
73216,0.000216702
73472,0.000216466
73728,0.000216272
73984,0.00021626
74240,0.000216165
74496,0.000216165
74752,0.000216069
75008,0.00021595
75264,0.00021595
75520,0.00021577
75776,0.000215628
76032,0.000215628
76288,0.000215628
76544,0.000215628
76800,0.000215628
77056,0.000215572
77312,0.000215306
77568,0.00021522
77824,0.000215091
78080,0.000215055
78336,0.000214876
78592,0.000214876
78848,0.000214769
79104,0.000214769
79360,0.000214661
79616,0.000214554
79872,0.000214339
80128,0.000214339
80384,0.000214339
80640,0.000214232
80896,0.000214124
81152,0.000213947
81408,0.00021391
81664,0.000213695
81920,0.00021348
82176,0.000213396
82432,0.000213365
82688,0.000213158
82944,0.000213158
83200,0.000213056
83456,0.000213051
83712,0.000212936
83968,0.000212836
84224,0.000212836
84480,0.000212836
84736,0.000212728
84992,0.000212728
85248,0.000212728
85504,0.000212621
85760,0.000212621
86016,0.000212493
86272,0.000212354
86528,0.000212299
86784,0.000212289
87040,0.000212084
87296,0.000212084
87552,0.000212084
87808,0.000212052
88064,0.000211977
88320,0.00021188
88576,0.000211762
88832,0.000211707
89088,0.000211547
89344,0.000211547
89600,0.00021144
89856,0.00021144
90112,0.00021144
90368,0.000211254
90624,0.000211118
90880,0.000211118
91136,0.000211118
91392,0.000211051
91648,0.00021101
91904,0.000210903
92160,0.000210903
92416,0.000210795
92672,0.000210581
92928,0.000210581
93184,0.000210581
93440,0.000210581
93696,0.000210581
93952,0.000210496
94208,0.000210366
94464,0.000210366
94720,0.000210366
94976,0.000210366
95232,0.000210282
95488,0.000210151
95744,0.000210147
96000,0.000210044
96256,0.000210044
96512,0.000209936
96768,0.000209936
97024,0.000209829
97280,0.000209829
97536,0.000209722
97792,0.000209633
98048,0.000209614
98304,0.000209581
98560,0.000209365
98816,0.000209292
99072,0.000209292
99328,0.000209204
99584,0.000209185
99840,0.000209185
100096,0.000209081
100352,0.000208705
100608,0.00020847
100864,0.000208165
101120,0.000208111
101376,0.000208111
101632,0.000208111
101888,0.000208111
102144,0.000207961
102400,0.000207802
102656,0.000207789
102912,0.000207789
103168,0.000207789
103424,0.000207789
103680,0.000207789
103936,0.00020769
104192,0.000207467
104448,0.000207467
104704,0.000207467
104960,0.000207399
105216,0.000207273
105472,0.000207252
105728,0.000207037
105984,0.000207
106240,0.00020693
106496,0.00020693
106752,0.00020693
107008,0.00020693
107264,0.00020693
107520,0.00020693
107776,0.000206801
108032,0.000206715
108288,0.000206715
108544,0.000206715
108800,0.000206715
109056,0.000206606
109312,0.0002065
109568,0.0002065
109824,0.0002065
110080,0.000206475
110336,0.000206393
110592,0.000206393
110848,0.000206309
111104,0.000206181
111360,0.000206071
111616,0.000206071
111872,0.000206015
112128,0.000205963
112384,0.000205963
112640,0.000205856
112896,0.000205856
113152,0.000205856
113408,0.000205856
113664,0.000205856
113920,0.000205855
114176,0.000205728
114432,0.000205559
114688,0.000205304
114944,0.00020513
115200,0.000205002
115456,0.000204982
115712,0.000204854
115968,0.000204613
116224,0.00020446
116480,0.00020446
116736,0.000204352
116992,0.000204288
117248,0.000204031
117504,0.000203848
117760,0.000203816
118016,0.000203816
118272,0.000203785
118528,0.000203604
118784,0.00020342
119040,0.000203291
119296,0.000203269
119552,0.00020314
119808,0.000203064
120064,0.000203064
120320,0.000203064
120576,0.000202838
120832,0.000202742
121088,0.000202687
121344,0.000202481
121600,0.000202321
121856,0.000202312
122112,0.000202312
122368,0.000202312
122624,0.000202312
122880,0.000202312
123136,0.000202312
123392,0.000202273
123648,0.000202205
123904,0.000202121
124160,0.000201991
124416,0.000201883
124672,0.000201883
124928,0.000201883
125184,0.000201705
125440,0.000201556
125696,0.000201426
125952,0.000201346
126208,0.000201346
126464,0.00020125
126720,0.000201238
126976,0.000201238
127232,0.000201182
127488,0.000201131
127744,0.000201131
128000,0.000201024
128256,0.000201024
128512,0.000201024
128768,0.000200936
129024,0.000200806
129280,0.000200701
129536,0.000200701
129792,0.000200701
130048,0.000200701
130304,0.00020069
130560,0.000200594
130816,0.000200594
131072,0.000200594
131328,0.000200594
131584,0.000200573
131840,0.000200442
132096,0.000200312
132352,0.000200272
132608,0.000200164
132864,0.000200133
133120,0.000200002
133376,0.00019995
133632,0.000199848
133888,0.000199628
134144,0.000199585
134400,0.000199454
134656,0.000199322
134912,0.000199305
135168,0.000199274
135424,0.000199198
135680,0.000199198
135936,0.000199094
136192,0.000198983
136448,0.000198983
136704,0.000198983
136960,0.000198889
137216,0.000198876
137472,0.00019884
137728,0.000198708
137984,0.000198576
138240,0.000198334
138496,0.000198097
138752,0.000197965
139008,0.000197832
139264,0.0001977
139520,0.000197695
139776,0.000197603
140032,0.00019748
140288,0.00019748
140544,0.000197358
140800,0.000197265
141056,0.000197265
141312,0.000197265
141568,0.000197256
141824,0.000197158
142080,0.000197158
142336,0.000197072
142592,0.000197046
142848,0.000196883
143104,0.000196728
143360,0.000196728
143616,0.000196728
143872,0.000196728
144128,0.000196676
144384,0.000196621
144640,0.000196621
144896,0.000196406
145152,0.000196358
145408,0.000196299
145664,0.000196299
145920,0.00019626
146176,0.000196084
146432,0.000196084
146688,0.000195985
146944,0.000195976
147200,0.000195976
147456,0.000195976
147712,0.00019588
147968,0.000195714
148224,0.00019544
148480,0.00019544
148736,0.000195344
148992,0.000195317
149248,0.000195182
149504,0.000195048
149760,0.00019501
150016,0.000194903
150272,0.000194903
150528,0.000194903
150784,0.000194903
151040,0.000194868
151296,0.000194643
151552,0.000194581
151808,0.000194481
152064,0.000194346
152320,0.000194188
152576,0.000193985
152832,0.000193885
153088,0.000193795
153344,0.000193592
153600,0.000193428
153856,0.000193292
154112,0.000193224
154368,0.000193044
154624,0.000192704
154880,0.000192534
155136,0.000192398
155392,0.000192261
155648,0.000192032
155904,0.000191781
156160,0.000191713
156416,0.000191681
156672,0.000191681
156928,0.000191549
157184,0.000191385
157440,0.000191179
157696,0.000191087
157952,0.000191
158208,0.000190863
158464,0.000190774
158720,0.000190705
158976,0.000190636
159232,0.000190568
159488,0.000190499
159744,0.00019043
160000,0.000190361
160256,0.000190292
160512,0.000190223
160768,0.000190154
161024,0.000190085
161280,0.000189963
161536,0.00018984
161792,0.000189771
162048,0.000189656
162304,0.000189533
162560,0.000189533
162816,0.000189377
163072,0.000189098
163328,0.000188612
163584,0.000188222
163840,0.000187943
164096,0.000187341
164352,0.000186847
164608,0.000186566
164864,0.000186103
165120,0.000185633
165376,0.000185209
165632,0.000184842
165888,0.000184465
166144,0.000184038
166400,0.00018378
166656,0.000183566
166912,0.000183352
167168,0.000183137
167424,0.000182983
167680,0.000182983
167936,0.000182758
168192,0.00018243
168448,0.000181998
168704,0.000181623
168960,0.000181239
169216,0.000180805
169472,0.000180429
169728,0.000180091
169984,0.000179799
170240,0.000179635
170496,0.000179401
170752,0.000179036
171008,0.000178805
171264,0.000178654
171520,0.00017858
171776,0.00017858
172032,0.000178541
172288,0.000178445
172544,0.000178077
172800,0.000177891
173056,0.000177817
173312,0.000177743
173568,0.000177618
173824,0.000177506
174080,0.000177506
174336,0.000177331
174592,0.000177184
174848,0.000177184
175104,0.000177053
175360,0.000176872
175616,0.00017665
175872,0.0001765
176128,0.000176352
176384,0.000176218
176640,0.000176218
176896,0.00017612
177152,0.000175987
177408,0.000175913
177664,0.000175838
177920,0.000175764
178176,0.000175689
178432,0.000175681
178688,0.000175546
178944,0.000175248
179200,0.000175023
179456,0.000174668
179712,0.000174285
179968,0.000174285
180224,0.000174176
180480,0.000174048
180736,0.000173973
180992,0.0001737
181248,0.000173432
181504,0.000173205
181760,0.000172978
182016,0.000172612
182272,0.000172051
182528,0.000171058
182784,0.000169815
183040,0.000168529
183296,0.000167256
183552,0.000164808
183808,0.000161734
184064,0.00015804
184320,0.000153808
184576,0.000150447
184832,0.000146068
185088,0.000141941
185344,0.000138815
185600,0.000136884
185856,0.00013584
186112,0.000135274
186368,0.000134886
186624,0.000134592
186880,0.000134384
187136,0.000134189
187392,0.000134058
187648,0.00013396
187904,0.00013377
188160,0.000133439
188416,0.000133129
188672,0.000133012
188928,0.000132814
189184,0.000132615
189440,0.000132318
189696,0.000132206
189952,0.000132022
190208,0.000131824
190464,0.000131761
190720,0.000131761
190976,0.000131656
191232,0.000131502
191488,0.000131439
191744,0.000131409
192000,0.00013131
192256,0.00013121
192512,0.00013111
192768,0.00013101
193024,0.00013091
193280,0.00013081
193536,0.000130794
193792,0.000130794
194048,0.000130653
194304,0.00013026
194560,0.000128371
194816,0.000124074
195072,0.000117343
195328,0.00010618
195584,8.57552e-05
195840,5.77525e-05
196096,1.55964e-05
196352,1.29944e-05
196608,1.29944e-05
196864,1.29944e-05
197120,1.29944e-05
197376,1.29944e-05
197632,1.29944e-05
197888,1.29944e-05
198144,1.29944e-05
198400,1.29944e-05
198656,1.29944e-05
198912,1.29944e-05
199168,1.29944e-05
199424,1.29944e-05
199680,1.29944e-05
199936,1.29944e-05
200192,1.29944e-05
200448,1.29944e-05
200704,1.29944e-05
200960,1.29944e-05
201216,1.29944e-05
201472,1.29944e-05
201728,1.29944e-05
201984,1.29944e-05
202240,1.29944e-05
202496,1.29944e-05
202752,1.29944e-05
203008,1.29944e-05
203264,1.29944e-05
203520,1.2887e-05
203776,1.2887e-05
204032,1.2887e-05
204288,1.2877e-05
204544,1.27796e-05
204800,1.27796e-05
205056,1.27796e-05
205312,1.27796e-05
205568,1.27796e-05
205824,1.27796e-05
206080,1.26722e-05
206336,1.26722e-05
206592,1.12325e-05
206848,1.1075e-05
207104,1.10615e-05
207360,1.10615e-05
207616,1.10615e-05
207872,1.10615e-05
208128,1.10615e-05
208384,1.10615e-05
208640,1.10615e-05
208896,1.10615e-05
209152,1.10615e-05
209408,1.10615e-05
209664,1.10615e-05
209920,1.10615e-05
210176,1.10615e-05
210432,1.10615e-05
210688,1.10615e-05
210944,1.10615e-05
211200,1.10615e-05
211456,1.10615e-05
211712,1.10615e-05
211968,1.10615e-05
212224,1.10615e-05
212480,1.10615e-05
212736,1.10615e-05
212992,1.10615e-05
213248,1.10615e-05
213504,1.10615e-05
213760,1.10615e-05
214016,1.10615e-05
214272,1.10615e-05
214528,1.10615e-05
214784,1.10615e-05
215040,1.10615e-05
215296,1.10615e-05
215552,1.10615e-05
215808,1.10615e-05
216064,1.10615e-05
216320,1.10615e-05
216576,1.10615e-05
216832,1.10615e-05
217088,1.10615e-05
217344,1.10615e-05
217600,1.10615e-05
217856,1.10615e-05
218112,1.10615e-05
218368,1.10615e-05
218624,1.10615e-05
218880,1.10615e-05
219136,1.10615e-05
219392,1.10615e-05
219648,1.10615e-05
219904,1.10615e-05
220160,1.10615e-05
220416,1.10615e-05
220672,1.10615e-05
220928,1.10615e-05
221184,1.10615e-05
221440,1.10615e-05
221696,1.10615e-05
221952,1.10615e-05
222208,1.10615e-05
222464,1.10615e-05
222720,1.10615e-05
222976,1.10615e-05
223232,1.10615e-05
223488,1.10615e-05
223744,1.10615e-05
224000,1.10615e-05
224256,1.10615e-05
224512,1.10615e-05
224768,1.10615e-05
225024,1.10615e-05
225280,1.10615e-05
225536,1.10615e-05
225792,1.10615e-05
226048,1.10615e-05
226304,1.10615e-05
226560,1.10615e-05
226816,1.10615e-05
227072,1.10615e-05
227328,1.10615e-05
227584,1.10615e-05
227840,1.10615e-05
228096,1.10615e-05
228352,1.10615e-05
228608,1.10615e-05
228864,1.10615e-05
229120,1.10615e-05
229376,1.10615e-05
229632,1.10615e-05
229888,1.10615e-05
230144,1.10615e-05
230400,1.10615e-05
230656,1.10615e-05
230912,1.10615e-05
231168,1.10615e-05
231424,1.10615e-05
231680,1.10615e-05
231936,1.10615e-05
232192,1.10615e-05
232448,1.10615e-05
232704,1.10615e-05
232960,1.10615e-05
233216,1.10615e-05
233472,1.10615e-05
233728,1.10615e-05
233984,1.10615e-05
234240,1.10615e-05
234496,1.10615e-05
234752,1.10615e-05
235008,1.10615e-05
235264,1.10615e-05
235520,1.10615e-05
235776,1.10615e-05
236032,1.10615e-05
236288,1.10615e-05
236544,1.10615e-05
236800,1.10615e-05
237056,1.10615e-05
237312,1.10615e-05
237568,1.10615e-05
237824,1.10615e-05
238080,1.10615e-05
238336,1.10615e-05
238592,1.10615e-05
238848,1.10615e-05
239104,1.10615e-05
239360,1.10615e-05
239616,1.10615e-05
239872,1.10615e-05
240128,1.10615e-05
240384,1.10615e-05
240640,1.10615e-05
240896,1.10615e-05
241152,1.10615e-05
241408,1.10615e-05
241664,1.10615e-05
241920,1.10615e-05
242176,1.10615e-05
242432,1.09576e-05
242688,1.07393e-05
242944,1.07393e-05
243200,1.07393e-05
243456,1.07393e-05
243712,1.07393e-05
243968,1.07393e-05
244224,1.07393e-05
244480,1.07046e-05
244736,1.06319e-05
244992,1.06319e-05
245248,1.06319e-05
245504,1.06319e-05
245760,1.06319e-05
246016,1.06319e-05
246272,1.06319e-05
246528,1.06319e-05
246784,1.06319e-05
247040,1.06319e-05
247296,1.06319e-05
247552,1.06319e-05
247808,1.06319e-05
248064,1.06319e-05
248320,1.06319e-05
248576,1.06319e-05
248832,1.06319e-05
249088,1.06319e-05
249344,1.05684e-05
249600,1.05246e-05
249856,1.05246e-05
250112,1.05246e-05
250368,1.05246e-05
250624,1.05246e-05
250880,1.05246e-05
251136,1.05246e-05
251392,1.05246e-05
251648,1.05246e-05
251904,1.05246e-05
252160,1.05246e-05
252416,1.05246e-05
252672,1.05246e-05
252928,1.05246e-05
253184,1.05246e-05
253440,1.05246e-05
253696,1.05246e-05
253952,1.05246e-05
254208,1.05246e-05
254464,1.05246e-05
254720,1.05246e-05
254976,1.05246e-05
255232,1.05246e-05
255488,1.05246e-05
255744,1.05246e-05
256000,1.05246e-05
256256,1.05246e-05
256512,1.05246e-05
256768,1.05246e-05
257024,1.05246e-05
257280,1.05246e-05
257536,1.05246e-05
257792,1.05246e-05
258048,1.05246e-05
258304,1.05246e-05
258560,1.05246e-05
258816,1.05246e-05
259072,1.05246e-05
259328,1.05246e-05
259584,1.05246e-05
259840,1.05246e-05
260096,1.05246e-05
260352,1.05246e-05
260608,1.05246e-05
260864,1.05246e-05
261120,1.05246e-05
261376,1.05246e-05
261632,1.05246e-05
261888,1.05246e-05
262144,1.05246e-05
262400,1.05246e-05
262656,1.05246e-05
262912,1.05246e-05
263168,1.05246e-05
263424,1.05246e-05
263680,1.05246e-05
263936,1.05246e-05
264192,1.05246e-05
264448,1.05246e-05
264704,1.05246e-05
264960,1.05246e-05
265216,1.05246e-05
265472,1.05246e-05
265728,1.05246e-05
265984,1.05246e-05
266240,1.05246e-05
266496,1.05246e-05
266752,1.05246e-05
267008,1.05246e-05
267264,1.05246e-05
267520,1.05246e-05
267776,1.05246e-05
268032,1.05246e-05
268288,1.05246e-05
268544,1.05246e-05
268800,1.05246e-05
269056,1.05246e-05
269312,1.05246e-05
269568,1.05246e-05
269824,1.05246e-05
270080,1.05246e-05
270336,1.05246e-05
270592,1.05246e-05
270848,1.05246e-05
271104,1.05246e-05
271360,1.05246e-05
271616,1.05246e-05
271872,1.05246e-05
272128,1.05246e-05
272384,1.05246e-05
272640,1.05246e-05
272896,1.05246e-05
273152,1.05246e-05
273408,1.05246e-05
273664,1.05246e-05
273920,1.05246e-05
274176,1.05246e-05
274432,1.05246e-05
274688,1.05246e-05
274944,1.05246e-05
275200,1.05246e-05
275456,1.05246e-05
275712,1.05246e-05
275968,1.04845e-05
276224,1.02361e-05
276480,1.02024e-05
276736,1.01124e-05
276992,9.98764e-06
277248,9.98764e-06
277504,9.98764e-06
277760,9.886e-06
278016,9.88026e-06
278272,9.88026e-06
278528,9.88026e-06
278784,9.88026e-06
279040,9.88026e-06
279296,9.88026e-06
279552,9.88026e-06
279808,9.88026e-06
280064,9.88026e-06
280320,9.88026e-06
280576,9.88026e-06
280832,9.88026e-06
281088,9.88026e-06
281344,9.88026e-06
281600,9.88026e-06
281856,9.88026e-06
282112,9.88026e-06
282368,9.88026e-06
282624,9.88026e-06
282880,9.88026e-06
283136,9.88026e-06
283392,9.88026e-06
283648,9.88026e-06
283904,9.88026e-06
284160,9.88026e-06
284416,9.88026e-06
284672,9.88026e-06
284928,9.81621e-06
285184,9.77288e-06
285440,9.77288e-06
285696,9.77288e-06
285952,9.77288e-06
286208,9.77288e-06
286464,9.77288e-06
286720,9.77288e-06
286976,9.77288e-06
287232,9.77288e-06
287488,9.77288e-06
287744,9.77288e-06
288000,9.77288e-06
288256,9.77288e-06
288512,9.77288e-06
288768,9.77288e-06
289024,9.77288e-06
289280,9.77288e-06
289536,9.77288e-06
289792,9.77288e-06
290048,9.77288e-06
290304,9.77288e-06
290560,9.77288e-06
290816,9.77288e-06
291072,9.77288e-06
291328,9.77288e-06
291584,9.77288e-06
291840,9.77288e-06
292096,9.77288e-06
292352,9.77288e-06
292608,9.77288e-06
292864,9.77288e-06
293120,9.77288e-06
293376,9.77288e-06
293632,9.77288e-06
293888,9.77288e-06
294144,9.77288e-06
294400,9.77288e-06
294656,9.77288e-06
294912,9.77288e-06
295168,9.77288e-06
295424,9.77288e-06
295680,9.77288e-06
295936,9.77288e-06
296192,9.77288e-06
296448,9.77288e-06
296704,9.77288e-06
296960,9.77288e-06
297216,9.77288e-06
297472,9.77288e-06
297728,9.77288e-06
297984,9.77288e-06
298240,9.77288e-06
298496,9.77288e-06
298752,9.77288e-06
299008,9.77288e-06
299264,9.77288e-06
299520,9.77288e-06
299776,9.77288e-06
300032,9.77288e-06
300288,9.77288e-06
300544,9.77288e-06
300800,9.77288e-06
301056,9.77288e-06
301312,9.77288e-06
301568,9.77288e-06
301824,9.77288e-06
302080,9.77288e-06
302336,9.77288e-06
302592,9.77288e-06
302848,9.77288e-06
303104,9.77288e-06
303360,9.77288e-06
303616,9.77288e-06
303872,9.77288e-06
304128,9.77288e-06
304384,9.77288e-06
304640,9.77288e-06
304896,9.77288e-06
305152,9.77288e-06
305408,9.77288e-06
305664,9.77288e-06
305920,9.77288e-06
306176,9.77288e-06
306432,9.77288e-06
306688,9.77288e-06
306944,9.77288e-06
307200,9.77288e-06
307456,9.77288e-06
307712,9.77288e-06
307968,9.77288e-06
308224,9.77288e-06
308480,9.77288e-06
308736,9.77288e-06
308992,9.77288e-06
309248,9.77288e-06
309504,9.77288e-06
309760,9.77288e-06
310016,9.77288e-06
310272,9.77288e-06
310528,9.77288e-06
310784,9.77288e-06
311040,9.77288e-06
311296,9.77288e-06
311552,9.77288e-06
311808,9.77288e-06
312064,9.77288e-06
312320,9.77288e-06
312576,9.77288e-06
312832,9.77288e-06
313088,9.77288e-06
313344,9.746e-06
313600,9.66549e-06
313856,9.66549e-06
314112,9.66549e-06
314368,9.66549e-06
314624,9.66549e-06
314880,9.66549e-06
315136,9.66549e-06
315392,9.66549e-06
315648,9.66549e-06
315904,9.66549e-06
316160,9.66549e-06
316416,9.66549e-06
316672,9.66549e-06
316928,9.66549e-06
317184,9.63732e-06
317440,9.37883e-06
317696,9.34334e-06
317952,9.34334e-06
318208,9.34334e-06
318464,9.34334e-06
318720,9.34334e-06
318976,9.34334e-06
319232,9.34334e-06
319488,9.34334e-06
319744,9.34334e-06
320000,9.34334e-06
320256,9.34334e-06
320512,9.34334e-06
320768,9.34334e-06
321024,9.34334e-06
321280,9.34334e-06
321536,9.34334e-06
321792,9.34334e-06
322048,9.34334e-06
322304,9.34334e-06
322560,9.34334e-06
322816,9.33932e-06
323072,9.25119e-06
323328,9.1622e-06
323584,8.72733e-06
323840,8.14008e-06
324096,7.79652e-06
324352,7.73258e-06
324608,7.73258e-06
324864,7.73258e-06
325120,7.73258e-06
325376,7.73258e-06
325632,7.69792e-06
325888,7.6252e-06
326144,7.6252e-06
326400,7.59063e-06
326656,7.51781e-06
326912,7.51781e-06
327168,7.51781e-06
327424,7.51781e-06
327680,7.51781e-06
327936,7.51781e-06
328192,7.51781e-06
328448,7.4707e-06
328704,7.41043e-06
328960,7.41043e-06
329216,7.35382e-06
329472,7.11699e-06
329728,6.83629e-06
329984,6.41366e-06
330240,5.90706e-06
330496,5.90706e-06
330752,5.90706e-06
331008,5.90706e-06
331264,5.90706e-06
331520,5.90706e-06
331776,5.90706e-06
332032,5.90706e-06
332288,5.90706e-06
332544,5.90706e-06
332800,5.90706e-06
333056,5.90706e-06
333312,5.90706e-06
333568,5.90706e-06
333824,5.90706e-06
334080,5.90706e-06
334336,5.90706e-06
334592,5.90706e-06
334848,5.90706e-06
335104,5.90706e-06
335360,5.90706e-06
335616,5.90706e-06
335872,5.90706e-06
336128,5.90706e-06
336384,5.90706e-06
336640,5.90706e-06
336896,5.90706e-06
337152,5.90706e-06
337408,5.90706e-06
337664,5.90706e-06
337920,5.90706e-06
338176,5.90706e-06
338432,5.90706e-06
338688,5.90706e-06
338944,5.90706e-06
339200,5.90706e-06
339456,5.90706e-06
339712,5.90706e-06
339968,5.90706e-06
340224,5.90706e-06
340480,5.90706e-06
340736,5.90706e-06
340992,5.90706e-06
341248,5.90706e-06
341504,5.90706e-06
341760,5.90706e-06
342016,5.90706e-06
342272,5.90706e-06
342528,5.90706e-06
342784,5.90706e-06
343040,5.90706e-06
343296,5.90706e-06
343552,5.90706e-06
343808,5.90706e-06
344064,5.90706e-06
344320,5.90706e-06
344576,5.90706e-06
344832,5.90706e-06
345088,5.90706e-06
345344,5.90706e-06
345600,5.90706e-06
345856,5.90706e-06
346112,5.90706e-06
346368,5.90706e-06
346624,5.90706e-06
346880,5.90706e-06
347136,5.90706e-06
347392,5.90706e-06
347648,5.90706e-06
347904,5.90706e-06
348160,5.90706e-06
348416,5.90706e-06
348672,5.90706e-06
348928,5.90706e-06
349184,5.90706e-06
349440,5.90706e-06
349696,5.90706e-06
349952,5.90706e-06
350208,5.90706e-06
350464,5.90706e-06
350720,5.90706e-06
350976,5.90706e-06
351232,5.90706e-06
351488,5.90706e-06
351744,5.90706e-06
352000,5.90706e-06
352256,5.90706e-06
352512,5.90706e-06
352768,5.90706e-06
353024,5.90706e-06
353280,5.90706e-06
353536,5.90706e-06
353792,5.90706e-06
354048,5.90706e-06
354304,5.90706e-06
354560,5.90706e-06
354816,5.90706e-06
355072,5.90706e-06
355328,5.90706e-06
355584,5.90706e-06
355840,5.90706e-06
356096,5.90706e-06
356352,5.90706e-06
356608,5.90706e-06
356864,5.90706e-06
357120,5.90706e-06
357376,5.90706e-06
357632,5.90706e-06
357888,5.90706e-06
358144,5.90706e-06
358400,5.90706e-06
358656,5.90706e-06
358912,5.90706e-06
359168,5.90706e-06
359424,5.90706e-06
359680,5.90706e-06
359936,5.90706e-06
360192,5.90706e-06
360448,5.90706e-06
360704,5.90706e-06
360960,5.90706e-06
361216,5.90706e-06
361472,5.90706e-06
361728,5.90706e-06
361984,5.90706e-06
362240,5.90706e-06
362496,5.90706e-06
362752,5.90706e-06
363008,5.90706e-06
363264,5.90706e-06
363520,5.90706e-06
363776,5.90706e-06
364032,5.90706e-06
364288,5.90706e-06
364544,5.90706e-06
364800,5.90706e-06
365056,5.90706e-06
365312,5.90706e-06
365568,5.90706e-06
365824,5.90706e-06
366080,5.90706e-06
366336,5.90706e-06
366592,5.90706e-06
366848,5.90706e-06
367104,5.90706e-06
367360,5.90706e-06
367616,5.90706e-06
367872,5.90706e-06
368128,5.90706e-06
368384,5.90706e-06
368640,5.90706e-06
368896,5.90706e-06
369152,5.90706e-06
369408,5.90706e-06
369664,5.90706e-06
369920,5.90706e-06
370176,5.90706e-06
370432,5.90706e-06
370688,5.90706e-06
370944,5.90706e-06
371200,5.90706e-06
371456,5.90706e-06
371712,5.90706e-06
371968,5.90706e-06
372224,5.90706e-06
372480,5.90706e-06
372736,5.90706e-06
372992,5.90706e-06
373248,5.90706e-06
373504,5.90706e-06
373760,5.90706e-06
374016,5.90706e-06
374272,5.90706e-06
374528,5.90706e-06
374784,5.90706e-06
375040,5.90706e-06
375296,5.90706e-06
375552,5.90706e-06
375808,5.90706e-06
376064,5.90706e-06
376320,5.90706e-06
376576,5.90706e-06
376832,5.90706e-06
377088,5.90706e-06
377344,5.90706e-06
377600,5.90706e-06
377856,5.90706e-06
378112,5.90706e-06
378368,5.90706e-06
378624,5.90706e-06
378880,5.90706e-06
379136,5.90706e-06
379392,5.90706e-06
379648,5.90706e-06
379904,5.90706e-06
380160,5.90706e-06
380416,5.90706e-06
380672,5.90706e-06
380928,5.90706e-06
381184,5.90706e-06
381440,5.90706e-06
381696,5.90706e-06
381952,5.90706e-06
382208,5.90706e-06
382464,5.90706e-06
382720,5.90706e-06
382976,5.90706e-06
383232,5.90706e-06
383488,5.90706e-06
383744,5.90706e-06
384000,5.90706e-06
384256,5.90706e-06
384512,5.90706e-06
384768,5.90706e-06
385024,5.90706e-06
385280,5.90706e-06
385536,5.90706e-06
385792,5.90706e-06
386048,5.90706e-06
386304,5.90706e-06
386560,5.90706e-06
386816,5.90706e-06
387072,5.90706e-06
387328,5.90706e-06
387584,5.90706e-06
387840,5.90706e-06
388096,5.90706e-06
388352,5.90706e-06
388608,5.90706e-06
388864,5.90706e-06
389120,5.90706e-06
389376,5.90706e-06
389632,5.90706e-06
389888,5.90706e-06
390144,5.90706e-06
390400,5.90706e-06
390656,5.90706e-06
390912,5.90706e-06
391168,5.90706e-06
391424,5.90706e-06
391680,5.90706e-06
391936,5.90706e-06
392192,5.90706e-06
392448,5.90706e-06
392704,5.90706e-06
392960,5.90706e-06
393216,5.90706e-06
393472,5.90706e-06
393728,5.90706e-06
393984,5.90706e-06
394240,5.90706e-06
394496,5.90706e-06
394752,5.90706e-06
395008,5.90706e-06
395264,5.90706e-06
395520,5.90706e-06
395776,5.90706e-06
396032,5.90706e-06
396288,5.90706e-06
396544,5.90706e-06
396800,5.90706e-06
397056,5.90706e-06
397312,5.90706e-06
397568,5.90706e-06
397824,5.90706e-06
398080,5.90706e-06
398336,5.90706e-06
398592,5.90706e-06
398848,5.90706e-06
399104,5.90706e-06
399360,5.90706e-06
399616,5.90706e-06
399872,5.90706e-06
400128,5.90706e-06
400384,5.90706e-06
400640,5.90706e-06
400896,5.90706e-06
401152,5.90706e-06
401408,5.90706e-06
401664,5.90706e-06
401920,5.90706e-06
402176,5.90706e-06
402432,5.90706e-06
402688,5.90706e-06
402944,5.90706e-06
403200,5.90706e-06
403456,5.90706e-06
403712,5.90706e-06
403968,5.90706e-06
404224,5.90706e-06
404480,5.90706e-06
404736,5.90706e-06
404992,5.90706e-06
405248,5.90706e-06
405504,5.90706e-06
405760,5.90706e-06
406016,5.90706e-06
406272,5.90706e-06
406528,5.90706e-06
406784,5.90706e-06
407040,5.90706e-06
407296,5.90706e-06
407552,5.90706e-06
407808,5.90706e-06
408064,5.90706e-06
408320,5.90706e-06
408576,5.90706e-06
408832,5.90706e-06
409088,5.90706e-06
409344,5.90706e-06
409600,5.90706e-06
409856,5.90706e-06
410112,5.90706e-06
410368,5.90706e-06
410624,5.90706e-06
410880,5.90706e-06
411136,5.90706e-06
411392,5.90706e-06
411648,5.86493e-06
411904,5.79967e-06
412160,5.79967e-06
412416,5.79967e-06
412672,5.79967e-06
412928,5.79967e-06
413184,5.79967e-06
413440,5.79967e-06
413696,5.79967e-06
413952,5.79967e-06
414208,5.79967e-06
414464,5.79967e-06
414720,5.79967e-06
414976,5.79967e-06
415232,5.79967e-06
415488,5.79967e-06
415744,5.79967e-06
416000,5.79967e-06
416256,5.79967e-06
416512,5.79967e-06
416768,5.79967e-06
417024,5.79967e-06
417280,5.79967e-06
417536,5.79967e-06
417792,5.79967e-06
418048,5.79967e-06
418304,5.79967e-06
418560,5.79967e-06
418816,5.79967e-06
419072,5.79967e-06
419328,5.79967e-06
419584,5.79967e-06
419840,5.79967e-06
420096,5.79967e-06
420352,5.79967e-06
420608,5.79967e-06
420864,5.79967e-06
421120,5.79967e-06
421376,5.79967e-06
421632,5.79967e-06
421888,5.79967e-06
422144,5.79967e-06
422400,5.79967e-06
422656,5.79967e-06
422912,5.79967e-06
423168,5.79967e-06
423424,5.79967e-06
423680,5.79967e-06
423936,5.79967e-06
424192,5.79967e-06
424448,5.79967e-06
424704,5.79967e-06
424960,5.79967e-06
425216,5.79967e-06
425472,5.79967e-06
425728,5.79967e-06
425984,5.79967e-06
426240,5.79967e-06
426496,5.79967e-06
426752,5.79967e-06
427008,5.79967e-06
427264,5.79967e-06
427520,5.79967e-06
427776,5.79967e-06
428032,5.79967e-06
428288,5.79967e-06
428544,5.79967e-06
428800,5.79967e-06
429056,5.79967e-06
429312,5.79967e-06
429568,5.79967e-06
429824,5.79967e-06
430080,5.79967e-06
430336,5.79967e-06
430592,5.79967e-06
430848,5.79967e-06
431104,5.79967e-06
431360,5.79967e-06
431616,5.79967e-06
431872,5.79967e-06
432128,5.79967e-06
432384,5.79967e-06
432640,5.79967e-06
432896,5.79967e-06
433152,5.79967e-06
433408,5.79967e-06
433664,5.79967e-06
433920,5.79967e-06
434176,5.79967e-06
434432,5.79967e-06
434688,5.79967e-06
434944,5.79967e-06
435200,5.79967e-06
435456,5.79967e-06
435712,5.79967e-06
435968,5.79967e-06
436224,5.79967e-06
436480,5.79967e-06
436736,5.79967e-06
436992,5.79967e-06
437248,5.79967e-06
437504,5.79967e-06
437760,5.79967e-06
438016,5.79967e-06
438272,5.79967e-06
438528,5.79967e-06
438784,5.79967e-06
439040,5.79967e-06
439296,5.79967e-06
439552,5.79967e-06
439808,5.79967e-06
440064,5.79967e-06
440320,5.79967e-06
440576,5.79967e-06
440832,5.79967e-06
441088,5.79967e-06
441344,5.79967e-06
441600,5.79967e-06
441856,5.79967e-06
442112,5.79967e-06
442368,5.79967e-06
442624,5.79967e-06
442880,5.79967e-06
443136,5.79967e-06
443392,5.79967e-06
443648,5.79967e-06
443904,5.79967e-06
444160,5.79967e-06
444416,5.79967e-06
444672,5.79967e-06
444928,5.79967e-06
445184,5.79967e-06
445440,5.79967e-06
445696,5.79967e-06
445952,5.79967e-06
446208,5.79967e-06
446464,5.79967e-06
446720,5.79967e-06
446976,5.79967e-06
447232,5.79967e-06
447488,5.79967e-06
447744,5.79967e-06
448000,5.79967e-06
448256,5.79967e-06
448512,5.79967e-06
448768,5.79967e-06
449024,5.79967e-06
449280,5.79967e-06
449536,5.79967e-06
449792,5.79967e-06
450048,5.79967e-06
450304,5.79967e-06
450560,5.79967e-06
450816,5.79967e-06
451072,5.79967e-06
451328,5.79967e-06
451584,5.79967e-06
451840,5.79967e-06
452096,5.79967e-06
452352,5.79967e-06
452608,5.79967e-06
452864,5.79967e-06
453120,5.79967e-06
453376,5.79967e-06
453632,5.79967e-06
453888,5.79967e-06
454144,5.79967e-06
454400,5.79967e-06
454656,5.79967e-06
454912,5.79967e-06
455168,5.79967e-06
455424,5.79967e-06
455680,5.79967e-06
455936,5.79967e-06
456192,5.79967e-06
456448,5.79967e-06
456704,5.79967e-06
456960,5.79967e-06
457216,5.79967e-06
457472,5.79967e-06
457728,5.79967e-06
457984,5.79967e-06
458240,5.79967e-06
458496,5.79967e-06
458752,5.79967e-06
459008,5.79967e-06
459264,5.79967e-06
459520,5.79967e-06
459776,5.79967e-06
460032,5.79967e-06
460288,5.79967e-06
460544,5.79967e-06
460800,5.79967e-06
461056,5.79967e-06
461312,5.79967e-06
461568,5.79967e-06
461824,5.79967e-06
462080,5.79967e-06
462336,5.79967e-06
462592,5.79967e-06
462848,5.79967e-06
463104,5.79967e-06
463360,5.79967e-06
463616,5.79967e-06
463872,5.79967e-06
464128,5.79967e-06
464384,5.79967e-06
464640,5.79967e-06
464896,5.79967e-06
465152,5.79967e-06
465408,5.79967e-06
465664,5.79967e-06
465920,5.79967e-06
466176,5.79967e-06
466432,5.79967e-06
466688,5.79967e-06
466944,5.79967e-06
467200,5.79967e-06
467456,5.79967e-06
467712,5.79967e-06
467968,5.79967e-06
468224,5.79967e-06
468480,5.79967e-06
468736,5.79967e-06
468992,5.79967e-06
469248,5.79967e-06
469504,5.79967e-06
469760,5.79967e-06
470016,5.79967e-06
470272,5.79967e-06
470528,5.79967e-06
470784,5.79967e-06
471040,5.79967e-06
471296,5.79967e-06
471552,5.79967e-06
471808,5.79967e-06
472064,5.79967e-06
472320,5.79967e-06
472576,5.79967e-06
472832,5.79967e-06
473088,5.79967e-06
473344,5.79967e-06
473600,5.79967e-06
473856,5.79967e-06
474112,5.79967e-06
474368,5.79967e-06
474624,5.79967e-06
474880,5.79967e-06
475136,5.79967e-06
475392,5.79967e-06
475648,5.79967e-06
475904,5.79967e-06
476160,5.79967e-06
476416,5.79967e-06
476672,5.79967e-06
476928,5.79967e-06
477184,5.79967e-06
477440,5.79967e-06
477696,5.79967e-06
477952,5.79967e-06
478208,5.79967e-06
478464,5.79967e-06
478720,5.79967e-06
478976,5.79967e-06
479232,5.79967e-06
479488,5.79967e-06
479744,5.79967e-06
480000,5.79967e-06
480256,5.79967e-06
480512,5.79967e-06
480768,5.79967e-06
481024,5.79967e-06
481280,5.79967e-06
481536,5.79967e-06
481792,5.79967e-06
482048,5.79967e-06
482304,5.79967e-06
482560,5.79967e-06
482816,5.79967e-06
483072,5.79967e-06
483328,5.79967e-06
483584,5.79967e-06
483840,5.79967e-06
484096,5.79967e-06
484352,5.79967e-06
484608,5.79967e-06
484864,5.79967e-06
485120,5.79967e-06
485376,5.79967e-06
485632,5.79967e-06
485888,5.79967e-06
486144,5.79967e-06
486400,5.79967e-06
486656,5.79967e-06
486912,5.79967e-06
487168,5.79967e-06
487424,5.79967e-06
487680,5.79967e-06
487936,5.79967e-06
488192,5.79967e-06
488448,5.79967e-06
488704,5.79967e-06
488960,5.79967e-06
489216,5.79967e-06
489472,5.79967e-06
489728,5.79967e-06
489984,5.79967e-06
490240,5.79967e-06
490496,5.79967e-06
490752,5.79967e-06
491008,5.79967e-06
491264,5.79967e-06
491520,5.79967e-06
491776,5.79967e-06
492032,5.79967e-06
492288,5.79967e-06
492544,5.79967e-06
492800,5.79967e-06
493056,5.79967e-06
493312,5.79967e-06
493568,5.79967e-06
493824,5.79967e-06
494080,5.79967e-06
494336,5.79967e-06
494592,5.79967e-06
494848,5.79967e-06
495104,5.79967e-06
495360,5.79967e-06
495616,5.79967e-06
495872,5.79967e-06
496128,5.79967e-06
496384,5.79967e-06
496640,5.79967e-06
496896,5.79967e-06
497152,5.79967e-06
497408,5.79967e-06
497664,5.79967e-06
497920,5.79967e-06
498176,5.79967e-06
498432,5.79967e-06
498688,5.79967e-06
498944,5.79967e-06
499200,5.79967e-06
499456,5.79967e-06
499712,5.79967e-06
499968,5.79967e-06
500224,5.79967e-06
500480,5.79967e-06
500736,5.79967e-06
500992,5.79967e-06
501248,5.79967e-06
501504,5.79967e-06
501760,5.79967e-06
502016,5.79967e-06
502272,5.79967e-06
502528,5.79967e-06
502784,5.79967e-06
503040,5.79967e-06
503296,5.79967e-06
503552,5.79967e-06
503808,5.79967e-06
504064,5.79967e-06
504320,5.79967e-06
504576,5.79967e-06
504832,5.79967e-06
505088,5.79967e-06
505344,5.79967e-06
505600,5.79967e-06
505856,5.79967e-06
506112,5.79967e-06
506368,5.79967e-06
506624,5.79967e-06
506880,5.79967e-06
507136,5.79967e-06
507392,5.79967e-06
507648,5.79967e-06
507904,5.79967e-06
508160,5.79967e-06
508416,5.79967e-06
508672,5.79967e-06
508928,5.79967e-06
509184,5.79967e-06
509440,5.79967e-06
509696,5.79967e-06
509952,5.79967e-06
510208,5.79967e-06
510464,5.79967e-06
510720,5.79967e-06
510976,5.79967e-06
511232,5.79967e-06
511488,5.79967e-06
511744,5.79967e-06
512000,5.79967e-06
512256,5.79967e-06
512512,5.79967e-06
512768,5.79967e-06
513024,5.79967e-06
513280,5.79967e-06
513536,5.79967e-06
513792,5.79967e-06
514048,5.79967e-06
514304,5.79967e-06
514560,5.79967e-06
514816,5.79967e-06
515072,5.79967e-06
515328,5.79967e-06
515584,5.79967e-06
515840,5.79967e-06
516096,5.79967e-06
516352,5.79967e-06
516608,5.79967e-06
516864,5.79967e-06
517120,5.79967e-06
517376,5.79967e-06
517632,5.79967e-06
517888,5.79967e-06
518144,5.79967e-06
518400,5.79967e-06
518656,5.79967e-06
518912,5.79967e-06
519168,5.79967e-06
519424,5.79967e-06
519680,5.79967e-06
519936,5.79967e-06
